[0.311s] Invoking command in '/home/victor/USV-DOCK/ws/build/mbzirc_interfaces': /home/victor/.local/bin/cmake /home/victor/USV-DOCK/ws/src/mbzirc_interfaces -DCMAKE_INSTALL_PREFIX=/home/victor/USV-DOCK/ws/install
[0.540s] -- Found ament_cmake: 0.9.11 (/opt/ros/foxy/share/ament_cmake/cmake)
[0.540s] -- Found PythonInterp: /usr/bin/python3 (found suitable version "3.8.10", minimum required is "3") 
[0.541s] -- Using PYTHON_EXECUTABLE: /usr/bin/python3
[0.541s] -- Configuring incomplete, errors occurred!
[0.541s] Traceback (most recent call last):
[0.541s]   File "/opt/ros/foxy/share/ament_cmake_core/cmake/package_templates/templates_2_cmake.py", line 21, in <module>
[0.541s]     from ament_package.templates import get_environment_hook_template_path
[0.542s] ModuleNotFoundError: No module named 'ament_package'
[0.542s] [31mCMake Error at /opt/ros/foxy/share/ament_cmake_core/cmake/ament_cmake_package_templates-extras.cmake:41 (message):
[0.542s]   execute_process(/usr/bin/python3
[0.542s]   /opt/ros/foxy/share/ament_cmake_core/cmake/package_templates/templates_2_cmake.py
[0.542s]   /home/victor/USV-DOCK/ws/build/mbzirc_interfaces/ament_cmake_package_templates/templates.cmake)
[0.543s]   returned error code 1
[0.543s] Call Stack (most recent call first):
[0.543s]   /opt/ros/foxy/share/ament_cmake_core/cmake/ament_cmake_coreConfig.cmake:41 (include)
[0.543s]   /opt/ros/foxy/share/ament_cmake/cmake/ament_cmake_export_dependencies-extras.cmake:15 (find_package)
[0.543s]   /opt/ros/foxy/share/ament_cmake/cmake/ament_cmakeConfig.cmake:41 (include)
[0.543s]   CMakeLists.txt:9 (find_package)
[0.544s] 
[0.544s] [0m
[0.546s] Invoked command in '/home/victor/USV-DOCK/ws/build/mbzirc_interfaces' returned '1': /home/victor/.local/bin/cmake /home/victor/USV-DOCK/ws/src/mbzirc_interfaces -DCMAKE_INSTALL_PREFIX=/home/victor/USV-DOCK/ws/install
