(2023-05-19T00:52:18.336309246) (2023-05-19T00:52:18.336325696) [Msg] Ignition Gazebo Server v6.11.0
(2023-05-19T00:52:18.340069428) (2023-05-19T00:52:18.340089378) [Msg] Loading SDF world file[/home/developer/mbzirc_ws/install/share/mbzirc_ign/worlds/simple_demo.sdf].
(2023-05-19T00:52:18.657957811) (2023-05-19T00:52:18.657971581) [Msg] Serving entity system service on [/entity/system/add]
(2023-05-19T00:52:18.692106708) (2023-05-19T00:52:18.692121938) [Dbg] [Physics.cc:803] Loaded [ignition::physics::dartsim::Plugin] from library [/usr/lib/x86_64-linux-gnu/ign-physics-5/engine-plugins/libignition-physics-dartsim-plugin.so]
(2023-05-19T00:52:18.692182378) (2023-05-19T00:52:18.692191068) [Dbg] [SystemManager.cc:58] Loaded system [ignition::gazebo::systems::Physics] for entity [1]
(2023-05-19T00:52:18.693749349) (2023-05-19T00:52:18.693760979) [Msg] Create service on [/world/simple_demo/create]
(2023-05-19T00:52:18.693863539) (2023-05-19T00:52:18.693874039) [Msg] Remove service on [/world/simple_demo/remove]
(2023-05-19T00:52:18.693966899) (2023-05-19T00:52:18.693978049) [Msg] Pose service on [/world/simple_demo/set_pose]
(2023-05-19T00:52:18.694088959) (2023-05-19T00:52:18.694099329) [Msg] Pose service on [/world/simple_demo/set_pose_vector]
(2023-05-19T00:52:18.694217619) (2023-05-19T00:52:18.694228139) [Msg] Light configuration service on [/world/simple_demo/light_config]
(2023-05-19T00:52:18.694381279) (2023-05-19T00:52:18.694391869) [Msg] Physics service on [/world/simple_demo/set_physics]
(2023-05-19T00:52:18.694485989) (2023-05-19T00:52:18.694499149) [Msg] SphericalCoordinates service on [/world/simple_demo/set_spherical_coordinates]
(2023-05-19T00:52:18.694563039) (2023-05-19T00:52:18.694572639) [Msg] Enable collision service on [/world/simple_demo/enable_collision]
(2023-05-19T00:52:18.694633639) (2023-05-19T00:52:18.694644179) [Msg] Disable collision service on [/world/simple_demo/disable_collision]
(2023-05-19T00:52:18.694764499) (2023-05-19T00:52:18.694775239) [Msg] Material service on [/world/simple_demo/visual_config]
(2023-05-19T00:52:18.694862279) (2023-05-19T00:52:18.694873829) [Msg] Material service on [/world/simple_demo/wheel_slip]
(2023-05-19T00:52:18.694909329) (2023-05-19T00:52:18.694947749) [Dbg] [SystemManager.cc:58] Loaded system [ignition::gazebo::systems::UserCommands] for entity [1]
(2023-05-19T00:52:18.716082250) (2023-05-19T00:52:18.716093020) [Dbg] [Sensors.cc:479] Configuring Sensors system
(2023-05-19T00:52:18.716154320) (2023-05-19T00:52:18.716162700) [Dbg] [Sensors.cc:398] SensorsPrivate::Run
(2023-05-19T00:52:18.716224960) (2023-05-19T00:52:18.716235531) [Dbg] [SystemManager.cc:58] Loaded system [(ignition::gazebo::systems::Sensors] for entity [1]
2023-05-19T00:52:18.716281051) (2023-05-19T00:52:18.716314821) [Dbg] [Sensors.cc:378] SensorsPrivate::RenderThread started
(2023-05-19T00:52:18.716351681) (2023-05-19T00:52:18.716363551) [Dbg] [Sensors.cc:228] Waiting for init
(2023-05-19T00:52:18.717675301) (2023-05-19T00:52:18.717687561) [Dbg] [SystemManager.cc:58] Loaded system [ignition::gazebo::systems::AirPressure] for entity [1]
(2023-05-19T00:52:18.719102622) (2023-05-19T00:52:18.719114492) [Dbg] [SystemManager.cc:58] Loaded system [ignition::gazebo::systems::Altimeter] for entity [1]
(2023-05-19T00:52:18.720562573) (2023-05-19T00:52:18.720573663) [Dbg] [SystemManager.cc:58] Loaded system [ignition::gazebo::systems::Imu] for entity [1]
(2023-05-19T00:52:18.721997294) (2023-05-19T00:52:18.722009354) [Dbg] [SystemManager.cc:58] Loaded system [ignition::gazebo::systems::Magnetometer] for entity [1]
(2023-05-19T00:52:18.723433034) (2023-05-19T00:52:18.723443154) [Dbg] [SystemManager.cc:58] Loaded system [ignition::gazebo::systems::ForceTorque] for entity [1]
(2023-05-19T00:52:18.724497104) (2023-05-19T00:52:18.724508854) [Msg] Serving particle emitter information on [/world/simple_demo/particle_emitters]
(2023-05-19T00:52:18.724556524) (2023-05-19T00:52:18.724564344) [Dbg] [SystemManager.cc:58] Loaded system [ignition::gazebo::systems::ParticleEmitter2] for entity [1]
(2023-05-19T00:52:18.725778475) (2023-05-19T00:52:18.725799015) [Dbg] [SystemManager.cc:58] Loaded system [ignition::gazebo::systems::SceneBroadcaster] for entity [1]
(2023-05-19T00:52:18.726720396) (2023-05-19T00:52:18.726730376) [Dbg] [SystemManager.cc:58] Loaded system [ignition::gazebo::systems::Contact] for entity [1]
(2023-05-19T00:52:18.727779526) (2023-05-19T00:52:18.727790986) [Dbg] [RFComms.cc:385] Range configuration:
RF Configuration (range-based)
-- max_range: 500000
-- fading_exponent: 2.6
-- l0: 40
-- sigma: 10

(2023-05-19T00:52:18.727882636) (2023-05-19T00:52:18.727891576) [Dbg] [RFComms.cc:388] Radio configuration:
Radio Configuration
-- capacity: 1e+06
-- tx_power: 25
-- noise_floor: -90
-- modulation: QPSK

(2023-05-19T00:52:18.728149197) (2023-05-19T00:52:18.728162117) [Dbg] [Broker.cc:113] Broker services:
(2023-05-19T00:52:18.728188567) (2023-05-19T00:52:18.728198217) [Dbg] [Broker.cc:114]   Bind: [/broker/bind]
(2023-05-19T00:52:18.728228227) (2023-05-19T00:52:18.728237967) [Dbg] [Broker.cc:115]   Unbind: [/broker/unbind]
(2023-05-19T00:52:18.728266927) (2023-05-19T00:52:18.728275917) [Dbg] [Broker.cc:116] Broker topics:
(2023-05-19T00:52:18.728298727) (2023-05-19T00:52:18.728308187) [Dbg] [Broker.cc:117]   Incoming messages: [/broker/msgs]
(2023-05-19T00:52:18.728341047) (2023-05-19T00:52:18.728349897) [Dbg] [SystemManager.cc:58] Loaded system [ignition::gazebo::systems::RFComms] for entity [1]
(2023-05-19T00:52:18.730603798) (2023-05-19T00:52:18.730614408) [Dbg] [RFRange.cc:339] RFRange sensor range configuration:
RF Configuration (range-based)
-- max_range: 500000
-- fading_exponent: 2.6
-- l0: 40
-- sigma: 0.005
-- rssi_1: -15

(2023-05-19T00:52:18.730719338) (2023-05-19T00:52:18.730728478) [Dbg] [RFRange.cc:342] RFRange sensor radio configuration:
Radio Configuration
-- tx_power: 25
-- noise_floor: -90

(2023-05-19T00:52:18.730805578) (2023-05-19T00:52:18.730815118) [Dbg] [SystemManager.cc:58] Loaded system [ignition::gazebo::systems::RFRange] for entity [1]
(2023-05-19T00:52:18.734405549) (2023-05-19T00:52:18.734421669) [Msg] Overwriting existing file [/tmp/ign/mbzirc/playback/state.tlog]
(2023-05-19T00:52:18.739476042) (2023-05-19T00:52:18.739490712) [Msg] Recording to log file [/tmp/ign/mbzirc/playback/state.tlog]
(2023-05-19T00:52:18.739533532) (2023-05-19T00:52:18.739543002) [Dbg] [LogRecord.cc:334] Recording default topic[/playback/sdf].
(2023-05-19T00:52:18.739569332) (2023-05-19T00:52:18.739578342) [Dbg] [LogRecord.cc:335] Recording default topic[/world/simple_demo/changed_state].
(2023-05-19T00:52:18.779608403) (2023-05-19T00:52:18.779631023) [Dbg] [SystemManager.cc:58] Loaded system [ignition::gazebo::systems::LogRecord] for entity [1]
(2023-05-19T00:52:18.782294474) (2023-05-19T00:52:18.782316394) [Dbg] [SystemManager.cc:58] Loaded system [ignition::gazebo::systems::WindEffects] for entity [1]
(2023-05-19T00:52:18.786220197) (2023-05-19T00:52:18.786238707) [Msg] MBZIRC log path: /tmp/ign/mbzirc/logs
(2023-05-19T00:52:18.786627547) (2023-05-19T00:52:18.786643007) [Msg] Run duration set to 3600 seconds.
(2023-05-19T00:52:18.786726827) (2023-05-19T00:52:18.786740497) [Msg] Geofence boundary min: -70 -70 -25, max: 70 70 121.92
(2023-05-19T00:52:18.786864907) (2023-05-19T00:52:18.786879957) [Msg] Start area boundary min: -15 -15 -5, max: 15 15 5
(2023-05-19T00:52:18.786989567) (2023-05-19T00:52:18.787005107) [Msg] Setup duration set to 600 seconds.
(2023-05-19T00:52:18.787050207) (2023-05-19T00:52:18.787064137) [Msg] Target vessel: Vessel A
(2023-05-19T00:52:18.787136627) (2023-05-19T00:52:18.787150617) [Msg]   Small object: small_blue_box_a
(2023-05-19T00:52:18.787190677) (2023-05-19T00:52:18.787204877) [Msg]   Small object: small_blue_box_a_duplicate
(2023-05-19T00:52:18.787246197) (2023-05-19T00:52:18.787259517) [Msg]   Large object: large_dry_box_a
(2023-05-19T00:52:18.787299837) (2023-05-19T00:52:18.787313077) [Msg]   Large object: large_dry_box_a_duplicate
(2023-05-19T00:52:18.789130688) (2023-05-19T00:52:18.789158248) [Msg] Starting MBZIRC
(2023-05-19T00:52:18.789381118) (2023-05-19T00:52:18.789404408) [Dbg] [SystemManager.cc:58] Loaded system [mbzirc::GameLogicPlugin] for entity [1]
(2023-05-19T00:52:18.797028752) (2023-05-19T00:52:18.797038832) [Msg] Using Pierson-Moskowitz spectrum sampling wavefield model 
(2023-05-19T00:52:18.797300012) (2023-05-19T00:52:18.797310212) [Msg] Using Pierson-Moskowitz spectrum sampling wavefield model 
(2023-05-19T00:52:19.235253957) (2023-05-19T00:52:19.235284457) [Msg] Input Parameters:
(2023-05-19T00:52:19.235350087) (2023-05-19T00:52:19.235373617) [Msg] model:     PMS
(2023-05-19T00:52:19.235458227) (2023-05-19T00:52:19.235488927) [Msg] number:     3
(2023-05-19T00:52:19.235553488) (2023-05-19T00:52:19.235573798) [Msg] scale:      1.1
(2023-05-19T00:52:19.235636978) (2023-05-19T00:52:19.235656748) [Msg] angle:      0.4
(2023-05-19T00:52:19.235714818) (2023-05-19T00:52:19.235735228) [Msg] steepness:  0
(2023-05-19T00:52:19.235793298) (2023-05-19T00:52:19.235813638) [Msg] amplitude:  0
(2023-05-19T00:52:19.235870808) (2023-05-19T00:52:19.235890828) [Msg] period:     5
(2023-05-19T00:52:19.235947488) (2023-05-19T00:52:19.235968478) [Msg] direction:  1 0
(2023-05-19T00:52:19.236054498) (2023-05-19T00:52:19.236075138) [Msg] tau:  2
(2023-05-19T00:52:19.236131158) (2023-05-19T00:52:19.236151758) [Msg] gain:  0.3
(2023-05-19T00:52:19.236208788) (2023-05-19T00:52:19.236228608) [Msg] Derived Parameters:
(2023-05-19T00:52:19.236275528) (2023-05-19T00:52:19.236295288) [Msg] amplitudes:  0.0363502, 0.0392277, 0.0385703, 
(2023-05-19T00:52:19.236424498) (2023-05-19T00:52:19.236438208) [Msg] wavenumbers: 0.133171, 0.161136, 0.194975, 
(2023-05-19T00:52:19.236505978) (2023-05-19T00:52:19.236520638) [Msg] omegas:      1.1424, 1.25664, 1.3823, 
(2023-05-19T00:52:19.236591688) (2023-05-19T00:52:19.236604858) [Msg] periods:     (2023-05-19T00:52:19.236641178) (2023-05-19T00:52:19.236655488) [Msg] 5.5, (2023-05-19T00:52:19.236689168) (2023-05-19T00:52:19.236703368) [Msg] 5, (2023-05-19T00:52:19.236736518) (2023-05-19T00:52:19.236750878) [Msg] 4.54545, (2023-05-19T00:52:19.236784118) (2023-05-19T00:52:19.236797538) [Msg] 
(2023-05-19T00:52:19.236824068) (2023-05-19T00:52:19.236837508) [Msg] phases:      0, 0, 0, 
(2023-05-19T00:52:19.236906238) (2023-05-19T00:52:19.236920148) [Msg] steepnesses: 0, 0, 0, 
(2023-05-19T00:52:19.236986099) (2023-05-19T00:52:19.237000179) [Msg] directions:  (2023-05-19T00:52:19.237033329) (2023-05-19T00:52:19.237046939) [Msg] 0.921061 -0.389418; (2023-05-19T00:52:19.237095099) (2023-05-19T00:52:19.237109079) [Msg] 1 0; (2023-05-19T00:52:19.237152879) (2023-05-19T00:52:19.237165839) [Msg] 0.921061 0.389418; (2023-05-19T00:52:19.237209689) (2023-05-19T00:52:19.237223449) [Msg] 
(2023-05-19T00:52:19.237843039) (2023-05-19T00:52:19.237859739) [Dbg] [SystemManager.cc:58] Loaded system [ignition::gazebo::systems::WaveVisual] for entity [23]
(2023-05-19T00:52:19.241457920) (2023-05-19T00:52:19.241474590) [Msg] Using Pierson-Moskowitz spectrum sampling wavefield model 
(2023-05-19T00:52:19.241767830) (2023-05-19T00:52:19.241784410) [Msg] Using Pierson-Moskowitz spectrum sampling wavefield model 
(2023-05-19T00:52:19.241849490) (2023-05-19T00:52:19.241863710) [Msg] Input Parameters:
(2023-05-19T00:52:19.241895310) (2023-05-19T00:52:19.241908150) [Msg] model:     PMS
(2023-05-19T00:52:19.241947000) (2023-05-19T00:52:19.241961050) [Msg] number:     3
(2023-05-19T00:52:19.241998750) (2023-05-19T00:52:19.242012290) [Msg] scale:      1.1
(2023-05-19T00:52:19.242053670) (2023-05-19T00:52:19.242067580) [Msg] angle:      0.4
(2023-05-19T00:52:19.242107110) (2023-05-19T00:52:19.242120550) [Msg] steepness:  0
(2023-05-19T00:52:19.242159450) (2023-05-19T00:52:19.242173120) [Msg] amplitude:  0
(2023-05-19T00:52:19.242211540) (2023-05-19T00:52:19.242224900) [Msg] period:     5
(2023-05-19T00:52:19.242263240) (2023-05-19T00:52:19.242276840) [Msg] direction:  1 0
(2023-05-19T00:52:19.242326891) (2023-05-19T00:52:19.242339601) [Msg] tau:  2
(2023-05-19T00:52:19.242377011) (2023-05-19T00:52:19.242392541) [Msg] gain:  0.3
(2023-05-19T00:52:19.242430261) (2023-05-19T00:52:19.242444721) [Msg] Derived Parameters:
(2023-05-19T00:52:19.242490191) (2023-05-19T00:52:19.242504621) [Msg] amplitudes:  0.0363502, 0.0392277, 0.0385703, 
(2023-05-19T00:52:19.242574201) (2023-05-19T00:52:19.242587931) [Msg] wavenumbers: 0.133171, 0.161136, 0.194975, 
(2023-05-19T00:52:19.242659111) (2023-05-19T00:52:19.242673421) [Msg] omegas:      1.1424, 1.25664, 1.3823, 
(2023-05-19T00:52:19.242741911) (2023-05-19T00:52:19.242755791) [Msg] periods:     (2023-05-19T00:52:19.242782711) (2023-05-19T00:52:19.242795761) [Msg] 5.5, (2023-05-19T00:52:19.242827361) (2023-05-19T00:52:19.242840471) [Msg] 5, (2023-05-19T00:52:19.242873151) (2023-05-19T00:52:19.242887201) [Msg] 4.54545, (2023-05-19T00:52:19.242920021) (2023-05-19T00:52:19.242933481) [Msg] 
(2023-05-19T00:52:19.242958731) (2023-05-19T00:52:19.242971161) [Msg] phases:      0, 0, 0, 
(2023-05-19T00:52:19.243051621) (2023-05-19T00:52:19.243070381) [Msg] steepnesses: 0, 0, 0, 
(2023-05-19T00:52:19.243150201) (2023-05-19T00:52:19.243169961) [Msg] directions:  (2023-05-19T00:52:19.243201501) (2023-05-19T00:52:19.243215911) [Msg] 0.921061 -0.389418; (2023-05-19T00:52:19.243268451) (2023-05-19T00:52:19.243285911) [Msg] 1 0; (2023-05-19T00:52:19.243351461) (2023-05-19T00:52:19.243367621) [Msg] 0.921061 0.389418; (2023-05-19T00:52:19.243424351) (2023-05-19T00:52:19.243438471) [Msg] 
(2023-05-19T00:52:19.243507981) (2023-05-19T00:52:19.243526061) [Dbg] [Surface.cc:161] Surface plugin successfully configured with the following parameters:
(2023-05-19T00:52:19.243581031) (2023-05-19T00:52:19.243596391) [Dbg] [Surface.cc:163]   <link_name>: link
(2023-05-19T00:52:19.243650011) (2023-05-19T00:52:19.243668761) [Dbg] [Surface.cc:164]   <vehicle_length>: 6
(2023-05-19T00:52:19.243724532) (2023-05-19T00:52:19.243738282) [Dbg] [Surface.cc:165]   <vehicle_width>: 3.3
(2023-05-19T00:52:19.243790772) (2023-05-19T00:52:19.243808172) [Dbg] [Surface.cc:166]   <hull_radius>: 1.9
(2023-05-19T00:52:19.243859442) (2023-05-19T00:52:19.243878722) [Dbg] [Surface.cc:167]   <num_samples>: 2
(2023-05-19T00:52:19.243928442) (2023-05-19T00:52:19.243946892) [Dbg] [Surface.cc:168]   <fluid_level>: 0.45
(2023-05-19T00:52:19.244000622) (2023-05-19T00:52:19.244019612) [Dbg] [Surface.cc:169]   <fluid_density>: 997.774
(2023-05-19T00:52:19.244103072) (2023-05-19T00:52:19.244122002) [Dbg] [SystemManager.cc:58] Loaded system [ignition::gazebo::systems::Surface] for entity [24]
(2023-05-19T00:52:19.247206514) (2023-05-19T00:52:19.247218454) [Dbg] [SimpleHydrodynamics.cc:167] SimpleHydrodynamics plugin successfully configured with the following parameters:
(2023-05-19T00:52:19.247248264) (2023-05-19T00:52:19.247258344) [Dbg] [SimpleHydrodynamics.cc:169]   <link_name>: link
(2023-05-19T00:52:19.247287044) (2023-05-19T00:52:19.247296044) [Dbg] [SimpleHydrodynamics.cc:170]   <xDotU>: 0
(2023-05-19T00:52:19.247324254) (2023-05-19T00:52:19.247333774) [Dbg] [SimpleHydrodynamics.cc:171]   <yDotV>: 0
(2023-05-19T00:52:19.247361214) (2023-05-19T00:52:19.247370394) [Dbg] [SimpleHydrodynamics.cc:172]   <zDotW>: 0.1
(2023-05-19T00:52:19.247396654) (2023-05-19T00:52:19.247406074) [Dbg] [SimpleHydrodynamics.cc:173]   <kDotP>: 0.1
(2023-05-19T00:52:19.247432324) (2023-05-19T00:52:19.247441234) [Dbg] [SimpleHydrodynamics.cc:174]   <mDotQ>: 0.1
(2023-05-19T00:52:19.247467344) (2023-05-19T00:52:19.247476734) [Dbg] [SimpleHydrodynamics.cc:175]   <nDotR>: 0
(2023-05-19T00:52:19.247503494) (2023-05-19T00:52:19.247512484) [Dbg] [SimpleHydrodynamics.cc:176]   <xU>: 510.3
(2023-05-19T00:52:19.247538094) (2023-05-19T00:52:19.247547134) [Dbg] [SimpleHydrodynamics.cc:177]   <xUU>: 720.4
(2023-05-19T00:52:19.247573444) (2023-05-19T00:52:19.247583414) [Dbg] [SimpleHydrodynamics.cc:178]   <yV>: 400
(2023-05-19T00:52:19.247609444) (2023-05-19T00:52:19.247618264) [Dbg] [SimpleHydrodynamics.cc:179]   <yVV>: 0
(2023-05-19T00:52:19.247643584) (2023-05-19T00:52:19.247652894) [Dbg] [SimpleHydrodynamics.cc:180]   <zW>: 5000
(2023-05-19T00:52:19.247680754) (2023-05-19T00:52:19.247688784) [Dbg] [SimpleHydrodynamics.cc:181]   <zWW>: 0
(2023-05-19T00:52:19.247714124) (2023-05-19T00:52:19.247723914) [Dbg] [SimpleHydrodynamics.cc:182]   <kP>: 500
(2023-05-19T00:52:19.247760124) (2023-05-19T00:52:19.247768844) [Dbg] [SimpleHydrodynamics.cc:183]   <kPP>: 0
(2023-05-19T00:52:19.247795614) (2023-05-19T00:52:19.247804454) [Dbg] [SimpleHydrodynamics.cc:184]   <mQ>: 500
(2023-05-19T00:52:19.247831504) (2023-05-19T00:52:19.247840664) [Dbg] [SimpleHydrodynamics.cc:185]   <mQQ>: 0
(2023-05-19T00:52:19.247866714) (2023-05-19T00:52:19.247874885) [Dbg] [SimpleHydrodynamics.cc:186]   <nR>: 15000
(2023-05-19T00:52:19.247900665) (2023-05-19T00:52:19.247909285) [Dbg] [SimpleHydrodynamics.cc:187]   <nRR>: 0
(2023-05-19T00:52:19.247937585) (2023-05-19T00:52:19.247946105) [Dbg] [SystemManager.cc:58] Loaded system [ignition::gazebo::systems::SimpleHydrodynamics] for entity [24]
(2023-05-19T00:52:19.249308566) (2023-05-19T00:52:19.249320306) [Dbg] [SystemManager.cc:58] Loaded system [ignition::gazebo::systems::DetachableJoint] for entity [28]
(2023-05-19T00:52:19.249830806) (2023-05-19T00:52:19.249842116) [Dbg] [SystemManager.cc:58] Loaded system [ignition::gazebo::systems::DetachableJoint] for entity [44]
(2023-05-19T00:52:19.250651176) (2023-05-19T00:52:19.250661966) [Dbg] [SystemManager.cc:58] Loaded system [ignition::gazebo::systems::DetachableJoint] for entity [60]
(2023-05-19T00:52:19.251452746) (2023-05-19T00:52:19.251464416) [Dbg] [SystemManager.cc:58] Loaded system [ignition::gazebo::systems::DetachableJoint] for entity [112]
(2023-05-19T00:52:19.252639747) (2023-05-19T00:52:19.252651357) [Dbg] [SystemManager.cc:58] Loaded system [ignition::gazebo::systems::CommsEndpoint] for entity [164]
(2023-05-19T00:52:19.252831597) (2023-05-19T00:52:19.252842507) [Dbg] [SystemManager.cc:58] Loaded system [ignition::gazebo::systems::CommsEndpoint] for entity [164]
(2023-05-19T00:52:19.254344337) (2023-05-19T00:52:19.254356197) [Dbg] [SystemManager.cc:58] Loaded system [mbzirc::BaseStation] for entity [164]
(2023-05-19T00:52:19.256123919) (2023-05-19T00:52:19.256135789) [Msg] EntityDetector publishing messages on [/mbzirc/target_object_detector/dropped]
(2023-05-19T00:52:19.256285699) (2023-05-19T00:52:19.256296279) [Dbg] [SystemManager.cc:58] Loaded system [mbzirc::EntityDetector] for entity [168]
(2023-05-19T00:52:19.256381999) (2023-05-19T00:52:19.256391889) [Msg] Loaded level [3]
(2023-05-19T00:52:19.256662679) (2023-05-19T00:52:19.256674579) [Msg] Serving world controls on [/world/simple_demo/control], [/world/simple_demo/control/state] and [/world/simple_demo/playback/control]
(2023-05-19T00:52:19.256789829) (2023-05-19T00:52:19.256800289) [Msg] Serving GUI information on [/world/simple_demo/gui/info]
(2023-05-19T00:52:19.256839239) (2023-05-19T00:52:19.256848399) [Msg] World [simple_demo] initialized with [4ms] physics profile.
(2023-05-19T00:52:19.256968849) (2023-05-19T00:52:19.256981129) [Msg] Serving world SDF generation service on [/world/simple_demo/generate_world_sdf]
(2023-05-19T00:52:19.257063079) (2023-05-19T00:52:19.257073969) [Msg] Serving world names on [/gazebo/worlds]
(2023-05-19T00:52:19.257143699) (2023-05-19T00:52:19.257151919) [Msg] Resource path add service on [/gazebo/resource_paths/add].
(2023-05-19T00:52:19.257217519) (2023-05-19T00:52:19.257228019) [Msg] Resource path get service on [/gazebo/resource_paths/get].
(2023-05-19T00:52:19.257300729) (2023-05-19T00:52:19.257309239) [Msg] Resource path resolve service on [/gazebo/resource_paths/resolve].
(2023-05-19T00:52:19.357512479) (2023-05-19T00:52:19.357532869) [Msg] Resource paths published on [/gazebo/resource_paths].
(2023-05-19T00:52:19.357742599) (2023-05-19T00:52:19.357763199) [Msg] Server control service on [/server_control].
(2023-05-19T00:52:19.357971249) (2023-05-19T00:52:19.357995070) [Msg] Found no publishers on /stats, adding root stats topic
(2023-05-19T00:52:19.358142230) (2023-05-19T00:52:19.358161330) [Msg] Found no publishers on /clock, adding root clock topic
(2023-05-19T00:52:19.358475590) (2023-05-19T00:52:19.358502390) [Dbg] [SimulationRunner.cc:491] Creating PostUpdate worker threads: 13
(2023-05-19T00:52:19.358564770) (2023-05-19T00:52:19.358591880) [Dbg] [SimulationRunner.cc:502] Creating postupdate worker thread (0)
(2023-05-19T00:52:19.358699280) (2023-05-19T00:52:19.358717880) [Dbg] [SimulationRunner.cc:502] Creating postupdate worker thread (1)
(2023-05-19T00:52:19.358802300) (2023-05-19T00:52:19.358820590) [Dbg] [SimulationRunner.cc:502] Creating postupdate worker thread (2)
(2023-05-19T00:52:19.358921070) (2023-05-19T00:52:19.358940930) [Dbg] [SimulationRunner.cc:502] Creating postupdate worker thread (3)
(2023-05-19T00:52:19.359032430) (2023-05-19T00:52:19.359051940) [Dbg] [SimulationRunner.cc:502] Creating postupdate worker thread (4)
(2023-05-19T00:52:19.359145020) (2023-05-19T00:52:19.359163950) [Dbg] [SimulationRunner.cc:502] Creating postupdate worker thread (5)
(2023-05-19T00:52:19.359249100) (2023-05-19T00:52:19.359269000) [Dbg] [SimulationRunner.cc:502] Creating postupdate worker thread (6)
(2023-05-19T00:52:19.359355590) (2023-05-19T00:52:19.359373370) [Dbg] [SimulationRunner.cc:502] Creating postupdate worker thread (7)
(2023-05-19T00:52:19.359464511) (2023-05-19T00:52:19.359482631) [Dbg] [SimulationRunner.cc:502] Creating postupdate worker thread (8)
(2023-05-19T00:52:19.359565381) (2023-05-19T00:52:19.359582791) [Dbg] [SimulationRunner.cc:502] Creating postupdate worker thread (9)
(2023-05-19T00:52:19.359664341) (2023-05-19T00:52:19.359681531) [Dbg] [SimulationRunner.cc:502] Creating postupdate worker thread (10)
(2023-05-19T00:52:19.359773701) (2023-05-19T00:52:19.359790181) [Dbg] [SimulationRunner.cc:502] Creating postupdate worker thread (11)
(2023-05-19T00:52:19.458996242) (2023-05-19T00:52:19.459020312) [Msg] Particle emitter[simple_demo::dust_storm::link::dust_storm] subscribed to command messages on topic[/model/dust_storm/link/link/particle_emitter/dust_storm/cmd]
(2023-05-19T00:52:19.459237972) (2023-05-19T00:52:19.459258442) [Msg] Particle emitter[simple_demo::fog::link::fog] subscribed to command messages on topic[/model/fog/link/link/particle_emitter/fog/cmd]
(2023-05-19T00:52:19.461189983) (2023-05-19T00:52:19.461211333) [Msg] DetachableJoint subscribing to messages on [/Vessel_A/detach]
(2023-05-19T00:52:19.461361704) (2023-05-19T00:52:19.461381274) [Msg] DetachableJoint subscribing to messages on [/Vessel_A/detach]
(2023-05-19T00:52:19.461520444) (2023-05-19T00:52:19.461539084) [Msg] DetachableJoint subscribing to messages on [/Vessel_A/detach]
(2023-05-19T00:52:19.461686284) (2023-05-19T00:52:19.461705324) [Msg] DetachableJoint subscribing to messages on [/Vessel_A/detach]
(2023-05-19T00:52:19.461908954) (2023-05-19T00:52:19.461928984) [Msg] Address [base_station/target] bound to model [base_station] on topic [base_station/target]
(2023-05-19T00:52:19.462018784) (2023-05-19T00:52:19.462037404) [Dbg] [CommsEndpoint.cc:89] Succesfuly bound to [base_station/target] on topic [base_station/target]
(2023-05-19T00:52:19.462175324) (2023-05-19T00:52:19.462195344) [Msg] Address [base_station/video] bound to model [base_station] on topic [base_station/video]
(2023-05-19T00:52:19.462281794) (2023-05-19T00:52:19.462299084) [Dbg] [CommsEndpoint.cc:89] Succesfuly bound to [base_station/video] on topic [base_station/video]
(2023-05-19T00:52:19.537244952) (2023-05-19T00:52:19.537259592) [Dbg] [Physics.cc:1593] Creating detachable joint [170]
(2023-05-19T00:52:19.537406502) (2023-05-19T00:52:19.537416842) [Dbg] [Physics.cc:1593] Creating detachable joint [171]
(2023-05-19T00:52:19.537532272) (2023-05-19T00:52:19.537543062) [Dbg] [Physics.cc:1593] Creating detachable joint [172]
(2023-05-19T00:52:19.537834082) (2023-05-19T00:52:19.537844782) [Dbg] [Physics.cc:1593] Creating detachable joint [173]
(2023-05-19T00:52:19.538994523) (2023-05-19T00:52:19.539004763) [Dbg] [SimulationFeatures.cc:63] Simulation timestep set to: 0.004
(2023-05-19T00:52:19.549221448) (2023-05-19T00:52:19.549255488) [Msg] Serving scene information on [/world/simple_demo/scene/info]
(2023-05-19T00:52:19.549492108) (2023-05-19T00:52:19.549525888) [Msg] Serving graph information on [/world/simple_demo/scene/graph]
(2023-05-19T00:52:19.549758449) (2023-05-19T00:52:19.549801709) [Msg] Serving full state on [/world/simple_demo/state]
(2023-05-19T00:52:19.549971469) (2023-05-19T00:52:19.549983619) [Wrn] [Model.hh:69] Skipping serialization / deserialization for models (with //pose/@relative_to attribute.
2023-05-19T00:52:19.550029419) (2023-05-19T00:52:19.550067289) [Msg] Serving full state (async) on [/world/simple_demo/state_async]
(2023-05-19T00:52:19.550345229) (2023-05-19T00:52:19.550368629) [Msg] Publishing scene information on [/world/simple_demo/scene/info]
(2023-05-19T00:52:19.550578679) (2023-05-19T00:52:19.550600639) [Msg] Publishing entity deletions on [/world/simple_demo/scene/deletion]
(2023-05-19T00:52:19.550742119) (2023-05-19T00:52:19.550762919) [Msg] (2023-05-19T00:52:19.550802239) ) Publishing state changes on [/world/simple_demo/state(](]2023-05-19T00:52:19.550845119) [Wrn] [Component.hh:144] Trying to serialize component with data type [N3sdf3v125WorldE], which doesn't have `operator<<`. Component will not be serialized.

(2023-05-19T00:52:19.551031550) (2023-05-19T00:52:19.551055330) [Msg] Publishing pose messages on [/world/simple_demo/pose/info]
(2023-05-19T00:52:19.551238720) (2023-05-19T00:52:19.551261190) [Msg] Publishing dynamic pose messages on [/world/simple_demo/dynamic_pose/info]
(2023-05-19T00:52:19.551723120) (2023-05-19T00:52:19.551748630) [Dbg] [EntityComponentManager.cc:1587] Updated state thread iterators: 24 threads processing around 8 entities each.
(2023-05-19T00:52:19.576116502) (2023-05-19T00:52:19.576139182) [Dbg] [EntityComponentManager.cc:1587] Updated state thread iterators: 24 threads processing around 8 entities each.
(2023-05-19T00:52:30.43954909) (2023-05-19T00:52:30.43971179) [Err] [UserCommands.cc:1138] Error Code 28: Msg: Unable to read SDF string: 

<?xml version="1.0"?>

<sdf version='1.9'>
<model name="usv">
  <static>false</static>
  <self_collide>true</self_collide>

  <!-- Platform base model-->
  <include merge="true">
    <uri>model://mbzirc_usv_base</uri>
  </include>

  

  
  
  
  
  
  
  
  <!-- Payload slot6 -->
  <include>
    <name>sensor_6</name>
    <uri>model://sensors/mbzirc_planar_lidar</uri>
    <placement_frame>mount_point</placement_frame>
    <pose relative_to="slot_6" degrees="true">
      0 0 0 0 0 0
    </pose>
  </include>

  <joint name="slot_6_joint" type="fixed">
    <parent>slot_6</parent>
    <child>sensor_6::mount_point</child>
  </joint>
  
  

  <plugin
    filename="ignition-gazebo-velocity-control-system"
    name="ignition::gazebo::systems::VelocityControl">
    <initial_linear>0 0 0</initial_linear>
    <initial_angular>0 0 0</initial_angular>
  </plugin>

  # <plugin
  #   filename="ignition-gazebo-odometry-publisher-system"
  #   name="ignition::gazebo::systems::OdometryPublisher">
  #   <odom_frame>odom</odom_frame>
  #   <robot_base_frame>usv</robot_base_frame>
  # </plugin>

  <plugin
    filename="ignition-gazebo-thruster-system"
    name="ignition::gazebo::systems::Thruster">
    <joint_name>left_engine_propeller_joint</joint_name>
    <thrust_coefficient>0.004422</thrust_coefficient>
    <fluid_density>1000</fluid_density>
    <propeller_diameter>0.2</propeller_diameter>
    <velocity_control>true</velocity_control>
    <max_thrust_cmd>718.597211648</max_thrust_cmd>
  </plugin>

  <plugin
    filename="ignition-gazebo-joint-position-controller-system"
    name="ignition::gazebo::systems::JointPositionController">
    <joint_name>left_chassis_engine_joint</joint_name>
    <use_velocity_commands>true</use_velocity_commands>
    <topic>usv/left/thruster/joint/cmd_pos</topic>
  </plugin>

  <plugin
    filename="ignition-gazebo-thruster-system"
    name="ignition::gazebo::systems::Thruster">
    <joint_name>right_engine_propeller_joint</joint_name>
    <thrust_coefficient>0.004422</thrust_coefficient>
    <fluid_density>1000</fluid_density>
    <propeller_diameter>0.2</propeller_diameter>
    <velocity_control>true</velocity_control>
    <max_thrust_cmd>718.597211648</max_thrust_cmd>
  </plugin>

  <plugin
    filename="ignition-gazebo-joint-position-controller-system"
    name="ignition::gazebo::systems::JointPositionController">
    <joint_name>right_chassis_engine_joint</joint_name>
    <use_velocity_commands>true</use_velocity_commands>
    <topic>usv/right/thruster/joint/cmd_pos</topic>
  </plugin>

  <plugin
    filename="libSurface.so"
    name="ignition::gazebo::systems::Surface">
    <link_name>base_link</link_name>
    <vehicle_length>6</vehicle_length>
    <vehicle_width>3.3</vehicle_width>
    <hull_radius>0.27</hull_radius>
    <fluid_level>0.45</fluid_level>

    <!-- Waves -->
    <wavefield>
      <size>0.0 0.0</size>
      <cell_count>0.0 0.0</cell_count>
      <wave>
        <model>PMS</model>
        <period>5</period>
        <number>3</number>
        <scale>1.1</scale>
        <gain>0.3</gain>
        <direction>1 0</direction>
        <angle>0.4</angle>
        <tau>2.0</tau>
        <amplitude>0.0</amplitude>
        <steepness>0.0</steepness>
      </wave>
    </wavefield>
  </plugin>

  <plugin
    filename="libSimpleHydrodynamics.so"
    name="ignition::gazebo::systems::SimpleHydrodynamics">
    <link_name>base_link</link_name>
    <!-- Added mass -->
    <xDotU>0.0</xDotU>
    <yDotV>0.0</yDotV>
    <nDotR>0.0</nDotR>
    <!-- Linear and quadratic drag -->
    <xU>51.3</xU>
    <xUU>72.4</xUU>
    <yV>40.0</yV>
    <yVV>0.0</yVV>
    <zW>500.0</zW>
    <kP>100.0</kP>
    <mQ>100.0</mQ>
    <nR>400.0</nR>
    <nRR>0.0</nRR>
  </plugin>

  <!-- Publish robot state information -->
  <plugin filename="libignition-gazebo-pose-publisher-system.so"
    name="ignition::gazebo::systems::PosePublisher">
    <publish_link_pose>true</publish_link_pose>
    <publish_sensor_pose>true</publish_sensor_pose>
    <publish_collision_pose>false</publish_collision_pose>
    <publish_visual_pose>false</publish_visual_pose>
    <publish_nested_model_pose>true</publish_nested_model_pose>
    <publish_model_pose>false</publish_model_pose>
    <use_pose_vector_msg>true</use_pose_vector_msg>
    <static_publisher>true</static_publisher>
    <static_update_frequency>1</static_update_frequency>
  </plugin>

  <!-- These plugins detect when target objects are placed at the
       the defined region. A message is published on the <topic> when these
       events occur -->
  <plugin filename="libEntityDetector.so"
          name="mbzirc::EntityDetector">
    <topic>/mbzirc/target_object_detector/placed</topic>
    <pose>0 0 0.22 0 0 0</pose>
    <geometry>
      <box>
        <size>5 3.3 0.25</size>
      </box>
    </geometry>
  </plugin>
  <plugin filename="libEntityDetector.so"
          name="mbzirc::EntityDetector">
    <topic>/mbzirc/target_object_detector/placed</topic>
    <pose>0 0 0.8 0 0 0</pose>
    <geometry>
      <box>
        <size>1.5 3.5 0.25</size>
      </box>
    </geometry>
  </plugin>
  <plugin filename="libEntityDetector.so"
          name="mbzirc::EntityDetector">
    <topic>/mbzirc/target_object_detector/placed</topic>
    <pose>0 -1.35 0.22 0 0 0</pose>
    <geometry>
      <box>
        <size>6.0 0.58 0.25</size>
      </box>
    </geometry>
  </plugin>
  <plugin filename="libEntityDetector.so"
          name="mbzirc::EntityDetector">
    <topic>/mbzirc/target_object_detector/placed</topic>
    <pose>0 1.35 0.22 0 0 0</pose>
    <geometry>
      <box>
        <size>6.0 0.58 0.25</size>
      </box>
    </geometry>
  </plugin>
  <!-- Comms endpoint-->
  <plugin
    filename="ignition-gazebo-comms-endpoint-system"
    name="ignition::gazebo::systems::CommsEndpoint">
    <address>usv</address>
    <topic>model/usv/rx</topic>
  </plugin>

  <!-- uncomment the following to visualize valid region for placement
      of target objects -->
  <!--
  <link name='target_placement_region'>
    <visual name="bottom_platform">
      <pose>0 0 0.22 0 0 0</pose>
      <transparency>0.5</transparency>
      <geometry>
        <box>
          <size>5 3.3 0.25</size>
        </box>
      </geometry>
      <material>
        <ambient>0.0 1.0 0.0 0.5</ambient>
        <diffuse>0.0 1.0 0.0 0.5</diffuse>
        <specular>0.5 0.5 0.5 0.5</specular>
      </material>
    </visual>
    <visual name="top_platform">
      <pose>0 0 0.8 0 0 0</pose>
      <transparency>0.5</transparency>
      <geometry>
        <box>
          <size>1.5 3.5 0.25</size>
        </box>
      </geometry>
      <material>
        <ambient>0.0 1.0 0.0 0.5</ambient>
        <diffuse>0.0 1.0 0.0 0.5</diffuse>
        <specular>0.5 0.5 0.5 0.5</specular>
      </material>
    </visual>
    <visual name="left_hull">
      <pose>0 -1.35 0.22 0 0 0</pose>
      <transparency>0.5</transparency>
      <geometry>
        <box>
          <size>6.0 0.58 0.25</size>
        </box>
      </geometry>
      <material>
        <ambient>0.0 1.0 0.0 0.5</ambient>
        <diffuse>0.0 1.0 0.0 0.5</diffuse>
        <specular>0.5 0.5 0.5 0.5</specular>
      </material>
    </visual>
    <visual name="right_hull">
      <pose>0 1.35 0.22 0 0 0</pose>
      <transparency>0.5</transparency>
      <geometry>
        <box>
          <size>6.0 0.58 0.25</size>
        </box>
      </geometry>
      <material>
        <ambient>0.0 1.0 0.0 0.5</ambient>
        <diffuse>0.0 1.0 0.0 0.5</diffuse>
        <specular>0.5 0.5 0.5 0.5</specular>
      </material>
    </visual>
    <cast_shadows>false</cast_shadows>
  </link>
  <joint name="target_placement_joint" type="fixed">
    <parent>target_placement_region</parent>
    <child>base_link</child>
  </joint>
  -->

</model>
</sdf>

(2023-05-19T00:53:13.599013327) (2023-05-19T00:53:13.599040767) [Dbg] [SignalHandler.cc:141] Received signal[2].
(2023-05-19T00:53:13.599084037) (2023-05-19T00:53:13.599098897) [Dbg] [ServerPrivate.cc:110] Server received signal[2]
(2023-05-19T00:53:13.599142747) (2023-05-19T00:53:13.599157337) [Dbg] [Sensors.cc:406] SensorsPrivate::Stop
(2023-05-19T00:53:13.599241927) (2023-05-19T00:53:13.599269077) [Dbg] [Sensors.cc:254] Rendering Thread initialized
(2023-05-19T00:53:13.599319967) (2023-05-19T00:53:13.599339777) [Dbg] [Sensors.cc:392] SensorsPrivate::RenderThread stopped
(2023-05-19T00:53:13.602176568) (2023-05-19T00:53:13.602199168) [Dbg] [ign.cc:410] Shutting down ign-gazebo-server
(((((2023-05-19T00:53:13.605294950) (2023-05-19T00:53:13.605317220) [Dbg] [SimulationRunner.cc:518] Exiting postupdate worker thread (0)
(((2023-05-19T00:53:13.6054622602023-05-19T00:53:13.605272510) ((2023-05-19T00:53:13.605545490) (2023-05-19T00:53:13.605576150) (2023-05-19T00:53:13.6056325412023-05-19T00:53:13.6056325412023-05-19T00:53:13.605656271(2023-05-19T00:53:13.6054980802023-05-19T00:53:13.6056896012023-05-19T00:53:13.6054980802023-05-19T00:53:13.605689601) (2023-05-19T00:53:13.605729011) (2023-05-19T00:53:13.605782511[Dbg] [SimulationRunner.cc:518] ) (2023-05-19T00:53:13.605818781) ) (2023-05-19T00:53:13.605861791(2023-05-19T00:53:13.605886161) (2023-05-19T00:53:13.605909231) ) () (2023-05-19T00:53:13.6059336912023-05-19T00:53:13.605981521) [Dbg] [SimulationRunner.cc:518] [Dbg] [SimulationRunner.cc:518] [Dbg] [SimulationRunner.cc:518] [Dbg] [SimulationRunner.cc:518] [Dbg] [SimulationRunner.cc:518] Exiting postupdate worker thread (99) (2023-05-19T00:53:13.6060964612023-05-19T00:53:13.6060964612023-05-19T00:53:13.605962991) ) 2023-05-19T00:53:13.606044121) (2023-05-19T00:53:13.6061941812023-05-19T00:53:13.606194181
) () ) Exiting postupdate worker thread (2023-05-19T00:53:13.606244161) 1)
Exiting postupdate worker thread (3)
[Dbg] [SimulationRunner.cc:518] [Dbg] [SimulationRunner.cc:518] [Dbg] [SimulationRunner.cc:518] [Dbg] [SimulationRunner.cc:518] [Dbg] [SimulationRunner.cc:518] [Dbg] [SimulationRunner.cc:518] Exiting postupdate worker thread ([Dbg] [SimulationRunner.cc:518] Exiting postupdate worker thread (11[Dbg] [SimulationRunner.cc:518] 11[Dbg] [SimulationRunner.cc:518] [Dbg] [SimulationRunner.cc:518] Exiting postupdate worker thread (10)
[Dbg] [SimulationRunner.cc:518] )
Exiting postupdate worker thread (Exiting postupdate worker thread (2)
Exiting postupdate worker thread (6[Dbg] [SimulationRunner.cc:518] 4)
Exiting postupdate worker thread (Exiting postupdate worker thread ()
11[Dbg] [SimulationRunner.cc:518] [Dbg] [SimulationRunner.cc:518] 5)
Exiting postupdate worker thread (7)
8)
(2023-05-19T00:53:13.655662917) (2023-05-19T00:53:13.655677957) [Dbg] [Sensors.cc:406] SensorsPrivate::Stop
(2023-05-19T00:53:13.662859081) (2023-05-19T00:53:13.662869631) [Msg] Stopping recording
