(2023-03-17T20:35:37.157305234) (2023-03-17T20:35:37.157335144) [Msg] Ignition Gazebo Server v6.11.0
(2023-03-17T20:35:37.160665474) (2023-03-17T20:35:37.160686214) [Msg] Loading SDF world file[/home/developer/mbzirc_ws/install/share/mbzirc_ign/worlds/simple_demo.sdf].
(2023-03-17T20:35:37.491002137) (2023-03-17T20:35:37.491016577) [Msg] Serving entity system service on [/entity/system/add]
(2023-03-17T20:35:37.561103083) (2023-03-17T20:35:37.561129553) [Dbg] [Physics.cc:803] Loaded [ignition::physics::dartsim::Plugin] from library [/usr/lib/x86_64-linux-gnu/ign-physics-5/engine-plugins/libignition-physics-dartsim-plugin.so]
(2023-03-17T20:35:37.561234353) (2023-03-17T20:35:37.561252793) [Dbg] [SystemManager.cc:58] Loaded system [ignition::gazebo::systems::Physics] for entity [1]
(2023-03-17T20:35:37.565887854) (2023-03-17T20:35:37.565907334) [Msg] Create service on [/world/simple_demo/create]
(2023-03-17T20:35:37.566072034) (2023-03-17T20:35:37.566088804) [Msg] Remove service on [/world/simple_demo/remove]
(2023-03-17T20:35:37.566243954) (2023-03-17T20:35:37.566260784) [Msg] Pose service on [/world/simple_demo/set_pose]
(2023-03-17T20:35:37.566422964) (2023-03-17T20:35:37.566441284) [Msg] Pose service on [/world/simple_demo/set_pose_vector]
(2023-03-17T20:35:37.566630564) (2023-03-17T20:35:37.566648624) [Msg] Light configuration service on [/world/simple_demo/light_config]
(2023-03-17T20:35:37.566897764) (2023-03-17T20:35:37.566916044) [Msg] Physics service on [/world/simple_demo/set_physics]
(2023-03-17T20:35:37.567064844) (2023-03-17T20:35:37.567081514) [Msg] SphericalCoordinates service on [/world/simple_demo/set_spherical_coordinates]
(2023-03-17T20:35:37.567189704) (2023-03-17T20:35:37.567206275) [Msg] Enable collision service on [/world/simple_demo/enable_collision]
(2023-03-17T20:35:37.567314885) (2023-03-17T20:35:37.567333975) [Msg] Disable collision service on [/world/simple_demo/disable_collision]
(2023-03-17T20:35:37.567528555) (2023-03-17T20:35:37.567546315) [Msg] Material service on [/world/simple_demo/visual_config]
(2023-03-17T20:35:37.567689245) (2023-03-17T20:35:37.567706425) [Msg] Material service on [/world/simple_demo/wheel_slip]
(2023-03-17T20:35:37.567766275) (2023-03-17T20:35:37.567780995) [Dbg] [SystemManager.cc:58] Loaded system [ignition::gazebo::systems::UserCommands] for entity [1]
(2023-03-17T20:35:37.595244125) (2023-03-17T20:35:37.595262205) [Dbg] [Sensors.cc:479] Configuring Sensors system
(2023-03-17T20:35:37.595363366) (2023-03-17T20:35:37.595379946) [Dbg] [Sensors.cc:398] SensorsPrivate::Run
(2023-03-17T20:35:37.595481456) (2023-03-17T20:35:37.595500696) ([Dbg] [SystemManager.cc:58] Loaded system [2023-03-17T20:35:37.595521326) (2023-03-17T20:35:37.595548496) ignition::gazebo::systems::Sensors[Dbg] [Sensors.cc:378] ] for entity [[Dbg] [Sensors.cc:378] ] for entity [SensorsPrivate::RenderThread started
(2023-03-17T20:35:37.595603546) (2023-03-17T20:35:37.595615816) 1][Dbg] [Sensors.cc:228] Waiting for init

(2023-03-17T20:35:37.598820906) (2023-03-17T20:35:37.598839496) [Dbg] [SystemManager.cc:58] Loaded system [ignition::gazebo::systems::AirPressure] for entity [1]
(2023-03-17T20:35:37.601524597) (2023-03-17T20:35:37.601536317) [Dbg] [SystemManager.cc:58] Loaded system [ignition::gazebo::systems::Altimeter] for entity [1]
(2023-03-17T20:35:37.603895048) (2023-03-17T20:35:37.603905818) [Dbg] [SystemManager.cc:58] Loaded system [ignition::gazebo::systems::Imu] for entity [1]
(2023-03-17T20:35:37.606213600) (2023-03-17T20:35:37.606225390) [Dbg] [SystemManager.cc:58] Loaded system [ignition::gazebo::systems::Magnetometer] for entity [1]
(2023-03-17T20:35:37.608702931) (2023-03-17T20:35:37.608715881) [Dbg] [SystemManager.cc:58] Loaded system [ignition::gazebo::systems::ForceTorque] for entity [1]
(2023-03-17T20:35:37.610748981) (2023-03-17T20:35:37.610761751) [Msg] Serving particle emitter information on [/world/simple_demo/particle_emitters]
(2023-03-17T20:35:37.610809901) (2023-03-17T20:35:37.610819001) [Dbg] [SystemManager.cc:58] Loaded system [ignition::gazebo::systems::ParticleEmitter2] for entity [1]
(2023-03-17T20:35:37.613878432) (2023-03-17T20:35:37.613889562) [Dbg] [SystemManager.cc:58] Loaded system [ignition::gazebo::systems::SceneBroadcaster] for entity [1]
(2023-03-17T20:35:37.616076753) (2023-03-17T20:35:37.616087653) [Dbg] [SystemManager.cc:58] Loaded system [ignition::gazebo::systems::Contact] for entity [1]
(2023-03-17T20:35:37.618013793) (2023-03-17T20:35:37.618025733) [Dbg] [RFComms.cc:385] Range configuration:
RF Configuration (range-based)
-- max_range: 500000
-- fading_exponent: 2.6
-- l0: 40
-- sigma: 10

(2023-03-17T20:35:37.618119583) (2023-03-17T20:35:37.618129313) [Dbg] [RFComms.cc:388] Radio configuration:
Radio Configuration
-- capacity: 1e+06
-- tx_power: 25
-- noise_floor: -90
-- modulation: QPSK

(2023-03-17T20:35:37.618603483) (2023-03-17T20:35:37.618614603) [Dbg] [Broker.cc:113] Broker services:
(2023-03-17T20:35:37.618641513) (2023-03-17T20:35:37.618650403) [Dbg] [Broker.cc:114]   Bind: [/broker/bind]
(2023-03-17T20:35:37.618679263) (2023-03-17T20:35:37.618687353) [Dbg] [Broker.cc:115]   Unbind: [/broker/unbind]
(2023-03-17T20:35:37.618715893) (2023-03-17T20:35:37.618724793) [Dbg] [Broker.cc:116] Broker topics:
(2023-03-17T20:35:37.618744973) (2023-03-17T20:35:37.618753483) [Dbg] [Broker.cc:117]   Incoming messages: [/broker/msgs]
(2023-03-17T20:35:37.618787103) (2023-03-17T20:35:37.618795683) [Dbg] [SystemManager.cc:58] Loaded system [ignition::gazebo::systems::RFComms] for entity [1]
(2023-03-17T20:35:37.625443797) (2023-03-17T20:35:37.625455397) [Dbg] [RFRange.cc:339] RFRange sensor range configuration:
RF Configuration (range-based)
-- max_range: 500000
-- fading_exponent: 2.6
-- l0: 40
-- sigma: 0.005
-- rssi_1: -15

(2023-03-17T20:35:37.625558177) (2023-03-17T20:35:37.625567487) [Dbg] [RFRange.cc:342] RFRange sensor radio configuration:
Radio Configuration
-- tx_power: 25
-- noise_floor: -90

(2023-03-17T20:35:37.625641167) (2023-03-17T20:35:37.625649557) [Dbg] [SystemManager.cc:58] Loaded system [ignition::gazebo::systems::RFRange] for entity [1]
(2023-03-17T20:35:37.631151059) (2023-03-17T20:35:37.631161709) [Msg] Recording to log file [/tmp/ign/mbzirc/playback/state.tlog]
(2023-03-17T20:35:37.631195889) (2023-03-17T20:35:37.631204829) [Dbg] [LogRecord.cc:334] Recording default topic[/playback/sdf].
(2023-03-17T20:35:37.631230519) (2023-03-17T20:35:37.631239399) [Dbg] [LogRecord.cc:335] Recording default topic[/world/simple_demo/changed_state].
(2023-03-17T20:35:37.669170752) (2023-03-17T20:35:37.669188222) [Dbg] [SystemManager.cc:58] Loaded system [ignition::gazebo::systems::LogRecord] for entity [1]
(2023-03-17T20:35:37.673058944) (2023-03-17T20:35:37.673080384) [Dbg] [SystemManager.cc:58] Loaded system [ignition::gazebo::systems::WindEffects] for entity [1]
(2023-03-17T20:35:37.684802698) (2023-03-17T20:35:37.684812798) [Msg] MBZIRC log path: /tmp/ign/mbzirc/logs
(2023-03-17T20:35:37.684857968) (2023-03-17T20:35:37.684867998) [Wrn] [Filesystem.cc:140] The path [/tmp/ign/mbzirc/logs] does not refer to a directory nor to a file
(2023-03-17T20:35:37.685004838) (2023-03-17T20:35:37.685014718) [Msg] Run duration set to 3600 seconds.
(2023-03-17T20:35:37.685072398) (2023-03-17T20:35:37.685081578) [Msg] Geofence boundary min: -70 -70 -25, max: 70 70 121.92
(2023-03-17T20:35:37.685162088) (2023-03-17T20:35:37.685171218) [Msg] Start area boundary min: -15 -15 -5, max: 15 15 5
(2023-03-17T20:35:37.685238888) (2023-03-17T20:35:37.685248708) [Msg] Setup duration set to 600 seconds.
(2023-03-17T20:35:37.685280258) (2023-03-17T20:35:37.685288818) [Msg] Target vessel: Vessel A
(2023-03-17T20:35:37.685337058) (2023-03-17T20:35:37.685346498) [Msg]   Small object: small_blue_box_a
(2023-03-17T20:35:37.685374468) (2023-03-17T20:35:37.685382578) [Msg]   Small object: small_blue_box_a_duplicate
(2023-03-17T20:35:37.685408968) (2023-03-17T20:35:37.685418128) [Msg]   Large object: large_dry_box_a
(2023-03-17T20:35:37.685459188) (2023-03-17T20:35:37.685469938) [Msg]   Large object: large_dry_box_a_duplicate
(2023-03-17T20:35:37.686563238) (2023-03-17T20:35:37.686575458) [Msg] Starting MBZIRC
(2023-03-17T20:35:37.686689679) (2023-03-17T20:35:37.686699229) [Dbg] [SystemManager.cc:58] Loaded system [mbzirc::GameLogicPlugin] for entity [1]
(2023-03-17T20:35:37.698796744) (2023-03-17T20:35:37.698809224) [Msg] Using Pierson-Moskowitz spectrum sampling wavefield model 
(2023-03-17T20:35:37.699333124) (2023-03-17T20:35:37.699344604) [Msg] Using Pierson-Moskowitz spectrum sampling wavefield model 
(2023-03-17T20:35:38.57842496) (2023-03-17T20:35:38.57870166) [Msg] Input Parameters:
(2023-03-17T20:35:38.57921556) (2023-03-17T20:35:38.57938776) [Msg] model:     PMS
(2023-03-17T20:35:38.57992076) (2023-03-17T20:35:38.58009236) [Msg] number:     3
(2023-03-17T20:35:38.58057846) (2023-03-17T20:35:38.58073976) [Msg] scale:      1.1
(2023-03-17T20:35:38.58145226) (2023-03-17T20:35:38.58168126) [Msg] angle:      0.4
(2023-03-17T20:35:38.58219606) (2023-03-17T20:35:38.58236536) [Msg] steepness:  0
(2023-03-17T20:35:38.58285096) (2023-03-17T20:35:38.58316416) [Msg] amplitude:  0
(2023-03-17T20:35:38.58367146) (2023-03-17T20:35:38.58384566) [Msg] period:     5
(2023-03-17T20:35:38.58430786) (2023-03-17T20:35:38.58447646) [Msg] direction:  1 0
(2023-03-17T20:35:38.58519686) (2023-03-17T20:35:38.58536316) [Msg] tau:  2
(2023-03-17T20:35:38.58584326) (2023-03-17T20:35:38.58600246) [Msg] gain:  0.3
(2023-03-17T20:35:38.58646986) (2023-03-17T20:35:38.58662706) [Msg] Derived Parameters:
(2023-03-17T20:35:38.58702696) (2023-03-17T20:35:38.58719956) [Msg] amplitudes:  0.0363502, 0.0392277, 0.0385703, 
(2023-03-17T20:35:38.58834676) (2023-03-17T20:35:38.58852686) [Msg] wavenumbers: 0.133171, 0.161136, 0.194975, 
(2023-03-17T20:35:38.58943406) (2023-03-17T20:35:38.58961446) [Msg] omegas:      1.1424, 1.25664, 1.3823, 
(2023-03-17T20:35:38.59047296) (2023-03-17T20:35:38.59064416) [Msg] periods:     (2023-03-17T20:35:38.59111666) (2023-03-17T20:35:38.59128736) [Msg] 5.5, (2023-03-17T20:35:38.59171516) (2023-03-17T20:35:38.59189566) [Msg] 5, (2023-03-17T20:35:38.59230926) (2023-03-17T20:35:38.59247696) [Msg] 4.54545, (2023-03-17T20:35:38.59288206) (2023-03-17T20:35:38.59303806) [Msg] 
(2023-03-17T20:35:38.59337346) (2023-03-17T20:35:38.59355306) [Msg] phases:      0, 0, 0, 
(2023-03-17T20:35:38.59440576) (2023-03-17T20:35:38.59457746) [Msg] steepnesses: 0, 0, 0, 
(2023-03-17T20:35:38.59543616) (2023-03-17T20:35:38.59560816) [Msg] directions:  (2023-03-17T20:35:38.59601546) (2023-03-17T20:35:38.59618976) [Msg] 0.921061 -0.389418; (2023-03-17T20:35:38.59678836) (2023-03-17T20:35:38.59696286) [Msg] 1 0; (2023-03-17T20:35:38.59751906) (2023-03-17T20:35:38.59769436) [Msg] 0.921061 0.389418; (2023-03-17T20:35:38.59825196) (2023-03-17T20:35:38.59842266) [Msg] 
(2023-03-17T20:35:38.60587816) (2023-03-17T20:35:38.60608716) [Dbg] [SystemManager.cc:58] Loaded system [ignition::gazebo::systems::WaveVisual] for entity [23]
(2023-03-17T20:35:38.67763430) (2023-03-17T20:35:38.67773780) [Msg] Using Pierson-Moskowitz spectrum sampling wavefield model 
(2023-03-17T20:35:38.67975700) (2023-03-17T20:35:38.67986640) [Msg] Using Pierson-Moskowitz spectrum sampling wavefield model 
(2023-03-17T20:35:38.68029500) (2023-03-17T20:35:38.68038450) [Msg] Input Parameters:
(2023-03-17T20:35:38.68060130) (2023-03-17T20:35:38.68070240) [Msg] model:     PMS
(2023-03-17T20:35:38.68095040) (2023-03-17T20:35:38.68103570) [Msg] number:     3
(2023-03-17T20:35:38.68126700) (2023-03-17T20:35:38.68135920) [Msg] scale:      1.1
(2023-03-17T20:35:38.68162300) (2023-03-17T20:35:38.68171370) [Msg] angle:      0.4
(2023-03-17T20:35:38.68196540) (2023-03-17T20:35:38.68205370) [Msg] steepness:  0
(2023-03-17T20:35:38.68229330) (2023-03-17T20:35:38.68238510) [Msg] amplitude:  0
(2023-03-17T20:35:38.68263590) (2023-03-17T20:35:38.68271590) [Msg] period:     5
(2023-03-17T20:35:38.68297070) (2023-03-17T20:35:38.68306330) [Msg] direction:  1 0
(2023-03-17T20:35:38.68339930) (2023-03-17T20:35:38.68348770) [Msg] tau:  2
(2023-03-17T20:35:38.68373850) (2023-03-17T20:35:38.68382690) [Msg] gain:  0.3
(2023-03-17T20:35:38.68408660) (2023-03-17T20:35:38.68417730) [Msg] Derived Parameters:
(2023-03-17T20:35:38.68443860) (2023-03-17T20:35:38.68453010) [Msg] amplitudes:  0.0363502, 0.0392277, 0.0385703, 
(2023-03-17T20:35:38.68503300) (2023-03-17T20:35:38.68511960) [Msg] wavenumbers: 0.133171, 0.161136, 0.194975, 
(2023-03-17T20:35:38.68551830) (2023-03-17T20:35:38.68560190) [Msg] omegas:      1.1424, 1.25664, 1.3823, 
(2023-03-17T20:35:38.68606980) (2023-03-17T20:35:38.68615900) [Msg] periods:     (2023-03-17T20:35:38.68633790) (2023-03-17T20:35:38.68641800) [Msg] 5.5, (2023-03-17T20:35:38.68663570) (2023-03-17T20:35:38.68672320) [Msg] 5, (2023-03-17T20:35:38.68692700) (2023-03-17T20:35:38.68701490) [Msg] 4.54545, (2023-03-17T20:35:38.68721850) (2023-03-17T20:35:38.68730670) [Msg] 
(2023-03-17T20:35:38.68747380) (2023-03-17T20:35:38.68755760) [Msg] phases:      0, 0, 0, 
(2023-03-17T20:35:38.68798310) (2023-03-17T20:35:38.68807750) [Msg] steepnesses: 0, 0, 0, 
(2023-03-17T20:35:38.68850070) (2023-03-17T20:35:38.68859410) [Msg] directions:  (2023-03-17T20:35:38.68875810) (2023-03-17T20:35:38.68885000) [Msg] 0.921061 -0.389418; (2023-03-17T20:35:38.68912100) (2023-03-17T20:35:38.68920820) [Msg] 1 0; (2023-03-17T20:35:38.68948130) (2023-03-17T20:35:38.68958100) [Msg] 0.921061 0.389418; (2023-03-17T20:35:38.68986420) (2023-03-17T20:35:38.68994360) [Msg] 
(2023-03-17T20:35:38.69030860) (2023-03-17T20:35:38.69038880) [Dbg] [Surface.cc:161] Surface plugin successfully configured with the following parameters:
(2023-03-17T20:35:38.69067380) (2023-03-17T20:35:38.69076320) [Dbg] [Surface.cc:163]   <link_name>: link
(2023-03-17T20:35:38.69102470) (2023-03-17T20:35:38.69111200) [Dbg] [Surface.cc:164]   <vehicle_length>: 6
(2023-03-17T20:35:38.69136110) (2023-03-17T20:35:38.69144220) [Dbg] [Surface.cc:165]   <vehicle_width>: 3.3
(2023-03-17T20:35:38.69169481) (2023-03-17T20:35:38.69178231) [Dbg] [Surface.cc:166]   <hull_radius>: 1.9
(2023-03-17T20:35:38.69203481) (2023-03-17T20:35:38.69210931) [Dbg] [Surface.cc:167]   <num_samples>: 2
(2023-03-17T20:35:38.69236211) (2023-03-17T20:35:38.69244691) [Dbg] [Surface.cc:168]   <fluid_level>: 0.45
(2023-03-17T20:35:38.69268531) (2023-03-17T20:35:38.69277921) [Dbg] [Surface.cc:169]   <fluid_density>: 997.774
(2023-03-17T20:35:38.69317991) (2023-03-17T20:35:38.69326211) [Dbg] [SystemManager.cc:58] Loaded system [ignition::gazebo::systems::Surface] for entity [24]
(2023-03-17T20:35:38.74333392) (2023-03-17T20:35:38.74345202) [Dbg] [SimpleHydrodynamics.cc:167] SimpleHydrodynamics plugin successfully configured with the following parameters:
(2023-03-17T20:35:38.74374402) (2023-03-17T20:35:38.74383822) [Dbg] [SimpleHydrodynamics.cc:169]   <link_name>: link
(2023-03-17T20:35:38.74410102) (2023-03-17T20:35:38.74418422) [Dbg] [SimpleHydrodynamics.cc:170]   <xDotU>: 0
(2023-03-17T20:35:38.74445882) (2023-03-17T20:35:38.74453892) [Dbg] [SimpleHydrodynamics.cc:171]   <yDotV>: 0
(2023-03-17T20:35:38.74479942) (2023-03-17T20:35:38.74488722) [Dbg] [SimpleHydrodynamics.cc:172]   <zDotW>: 0.1
(2023-03-17T20:35:38.74516872) (2023-03-17T20:35:38.74527062) [Dbg] [SimpleHydrodynamics.cc:173]   <kDotP>: 0.1
(2023-03-17T20:35:38.74553352) (2023-03-17T20:35:38.74562562) [Dbg] [SimpleHydrodynamics.cc:174]   <mDotQ>: 0.1
(2023-03-17T20:35:38.74588822) (2023-03-17T20:35:38.74597722) [Dbg] [SimpleHydrodynamics.cc:175]   <nDotR>: 0
(2023-03-17T20:35:38.74625182) (2023-03-17T20:35:38.74634282) [Dbg] [SimpleHydrodynamics.cc:176]   <xU>: 510.3
(2023-03-17T20:35:38.74661232) (2023-03-17T20:35:38.74670232) [Dbg] [SimpleHydrodynamics.cc:177]   <xUU>: 720.4
(2023-03-17T20:35:38.74697882) (2023-03-17T20:35:38.74707452) [Dbg] [SimpleHydrodynamics.cc:178]   <yV>: 400
(2023-03-17T20:35:38.74733902) (2023-03-17T20:35:38.74743672) [Dbg] [SimpleHydrodynamics.cc:179]   <yVV>: 0
(2023-03-17T20:35:38.74778772) (2023-03-17T20:35:38.74790502) [Dbg] [SimpleHydrodynamics.cc:180]   <zW>: 5000
(2023-03-17T20:35:38.74825512) (2023-03-17T20:35:38.74834122) [Dbg] [SimpleHydrodynamics.cc:181]   <zWW>: 0
(2023-03-17T20:35:38.74859832) (2023-03-17T20:35:38.74868532) [Dbg] [SimpleHydrodynamics.cc:182]   <kP>: 500
(2023-03-17T20:35:38.74894582) (2023-03-17T20:35:38.74907842) [Dbg] [SimpleHydrodynamics.cc:183]   <kPP>: 0
(2023-03-17T20:35:38.74935242) (2023-03-17T20:35:38.74944432) [Dbg] [SimpleHydrodynamics.cc:184]   <mQ>: 500
(2023-03-17T20:35:38.74967942) (2023-03-17T20:35:38.74976072) [Dbg] [SimpleHydrodynamics.cc:185]   <mQQ>: 0
(2023-03-17T20:35:38.75001132) (2023-03-17T20:35:38.75009372) [Dbg] [SimpleHydrodynamics.cc:186]   <nR>: 15000
(2023-03-17T20:35:38.75035592) (2023-03-17T20:35:38.75044222) [Dbg] [SimpleHydrodynamics.cc:187]   <nRR>: 0
(2023-03-17T20:35:38.75070962) (2023-03-17T20:35:38.75078702) [Dbg] [SystemManager.cc:58] Loaded system [ignition::gazebo::systems::SimpleHydrodynamics] for entity [24]
(2023-03-17T20:35:38.77510563) (2023-03-17T20:35:38.77521733) [Dbg] [SystemManager.cc:58] Loaded system [ignition::gazebo::systems::DetachableJoint] for entity [28]
(2023-03-17T20:35:38.78010883) (2023-03-17T20:35:38.78020443) [Dbg] [SystemManager.cc:58] Loaded system [ignition::gazebo::systems::DetachableJoint] for entity [44]
(2023-03-17T20:35:38.78832323) (2023-03-17T20:35:38.78843623) [Dbg] [SystemManager.cc:58] Loaded system [ignition::gazebo::systems::DetachableJoint] for entity [60]
(2023-03-17T20:35:38.79616474) (2023-03-17T20:35:38.79626704) [Dbg] [SystemManager.cc:58] Loaded system [ignition::gazebo::systems::DetachableJoint] for entity [112]
(2023-03-17T20:35:38.81640035) (2023-03-17T20:35:38.81655115) [Dbg] [SystemManager.cc:58] Loaded system [ignition::gazebo::systems::CommsEndpoint] for entity [164]
(2023-03-17T20:35:38.81842985) (2023-03-17T20:35:38.81854025) [Dbg] [SystemManager.cc:58] Loaded system [ignition::gazebo::systems::CommsEndpoint] for entity [164]
(2023-03-17T20:35:38.87053807) (2023-03-17T20:35:38.87066057) [Dbg] [SystemManager.cc:58] Loaded system [mbzirc::BaseStation] for entity [164]
(2023-03-17T20:35:38.93831939) (2023-03-17T20:35:38.93848399) [Msg] EntityDetector publishing messages on [/mbzirc/target_object_detector/dropped]
(2023-03-17T20:35:38.94073509) (2023-03-17T20:35:38.94090059) [Dbg] [SystemManager.cc:58] Loaded system [mbzirc::EntityDetector] for entity [168]
(2023-03-17T20:35:38.94220319) (2023-03-17T20:35:38.94236019) [Msg] Loaded level [3]
(2023-03-17T20:35:38.94636069) (2023-03-17T20:35:38.94651159) [Msg] Serving world controls on [/world/simple_demo/control], [/world/simple_demo/control/state] and [/world/simple_demo/playback/control]
(2023-03-17T20:35:38.94809619) (2023-03-17T20:35:38.94824569) [Msg] Serving GUI information on [/world/simple_demo/gui/info]
(2023-03-17T20:35:38.94877479) (2023-03-17T20:35:38.94889189) [Msg] World [simple_demo] initialized with [4ms] physics profile.
(2023-03-17T20:35:38.95053659) (2023-03-17T20:35:38.95069059) [Msg] Serving world SDF generation service on [/world/simple_demo/generate_world_sdf]
(2023-03-17T20:35:38.95186720) (2023-03-17T20:35:38.95200520) [Msg] Serving world names on [/gazebo/worlds]
(2023-03-17T20:35:38.95295360) (2023-03-17T20:35:38.95309520) [Msg] Resource path add service on [/gazebo/resource_paths/add].
(2023-03-17T20:35:38.95405840) (2023-03-17T20:35:38.95418790) [Msg] Resource path get service on [/gazebo/resource_paths/get].
(2023-03-17T20:35:38.195662126) (2023-03-17T20:35:38.195683896) [Msg] Resource path resolve service on [/gazebo/resource_paths/resolve].
(2023-03-17T20:35:38.195810886) (2023-03-17T20:35:38.195829756) [Msg] Resource paths published on [/gazebo/resource_paths].
(2023-03-17T20:35:38.196016756) (2023-03-17T20:35:38.196037036) [Msg] Server control service on [/server_control].
(2023-03-17T20:35:38.196227577) (2023-03-17T20:35:38.196246207) [Msg] Found no publishers on /stats, adding root stats topic
(2023-03-17T20:35:38.196409487) (2023-03-17T20:35:38.196428697) [Msg] Found no publishers on /clock, adding root clock topic
(2023-03-17T20:35:38.196669877) (2023-03-17T20:35:38.196689157) [Dbg] [SimulationRunner.cc:491] Creating PostUpdate worker threads: 13
(2023-03-17T20:35:38.196752237) (2023-03-17T20:35:38.196770307) [Dbg] [SimulationRunner.cc:502] Creating postupdate worker thread (0)
(2023-03-17T20:35:38.196917097) (2023-03-17T20:35:38.196938637) [Dbg] [SimulationRunner.cc:502] Creating postupdate worker thread (1)
(2023-03-17T20:35:38.197039657) (2023-03-17T20:35:38.197058357) [Dbg] [SimulationRunner.cc:502] Creating postupdate worker thread (2)
(2023-03-17T20:35:38.197147997) (2023-03-17T20:35:38.197166877) [Dbg] [SimulationRunner.cc:502] Creating postupdate worker thread (3)
(2023-03-17T20:35:38.197253377) (2023-03-17T20:35:38.197271237) [Dbg] [SimulationRunner.cc:502] Creating postupdate worker thread (4)
(2023-03-17T20:35:38.197356817) (2023-03-17T20:35:38.197376477) [Dbg] [SimulationRunner.cc:502] Creating postupdate worker thread (5)
(2023-03-17T20:35:38.197482277) (2023-03-17T20:35:38.197502277) [Dbg] [SimulationRunner.cc:502] Creating postupdate worker thread (6)
(2023-03-17T20:35:38.197588707) (2023-03-17T20:35:38.197607517) [Dbg] [SimulationRunner.cc:502] Creating postupdate worker thread (7)
(2023-03-17T20:35:38.197695717) (2023-03-17T20:35:38.197715977) [Dbg] [SimulationRunner.cc:502] Creating postupdate worker thread (8)
(2023-03-17T20:35:38.197805297) (2023-03-17T20:35:38.197823067) [Dbg] [SimulationRunner.cc:502] Creating postupdate worker thread (9)
(2023-03-17T20:35:38.197913007) (2023-03-17T20:35:38.197932377) [Dbg] [SimulationRunner.cc:502] Creating postupdate worker thread (10)
(2023-03-17T20:35:38.198024777) (2023-03-17T20:35:38.198043687) [Dbg] [SimulationRunner.cc:502] Creating postupdate worker thread (11)
(2023-03-17T20:35:38.297063374) (2023-03-17T20:35:38.297087254) [Msg] Particle emitter[simple_demo::dust_storm::link::dust_storm] subscribed to command messages on topic[/model/dust_storm/link/link/particle_emitter/dust_storm/cmd]
(2023-03-17T20:35:38.297338334) (2023-03-17T20:35:38.297358214) [Msg] Particle emitter[simple_demo::fog::link::fog] subscribed to command messages on topic[/model/fog/link/link/particle_emitter/fog/cmd]
(2023-03-17T20:35:38.299436725) (2023-03-17T20:35:38.299453015) [Msg] DetachableJoint subscribing to messages on [/Vessel_A/detach]
(2023-03-17T20:35:38.299587725) (2023-03-17T20:35:38.299603945) [Msg] DetachableJoint subscribing to messages on [/Vessel_A/detach]
(2023-03-17T20:35:38.299729435) (2023-03-17T20:35:38.299745415) [Msg] DetachableJoint subscribing to messages on [/Vessel_A/detach]
(2023-03-17T20:35:38.299873605) (2023-03-17T20:35:38.299889065) [Msg] DetachableJoint subscribing to messages on [/Vessel_A/detach]
(2023-03-17T20:35:38.300087735) (2023-03-17T20:35:38.300103945) [Msg] Address [base_station/target] bound to model [base_station] on topic [base_station/target]
(2023-03-17T20:35:38.300175255) (2023-03-17T20:35:38.300187836) [Dbg] [CommsEndpoint.cc:89] Succesfuly bound to [base_station/target] on topic [base_station/target]
(2023-03-17T20:35:38.300316936) (2023-03-17T20:35:38.300333126) [Msg] Address [base_station/video] bound to model [base_station] on topic [base_station/video]
(2023-03-17T20:35:38.300401916) (2023-03-17T20:35:38.300416146) [Dbg] [CommsEndpoint.cc:89] Succesfuly bound to [base_station/video] on topic [base_station/video]
(2023-03-17T20:35:38.381691205) (2023-03-17T20:35:38.381705565) [Dbg] [Physics.cc:1593] Creating detachable joint [170]
(2023-03-17T20:35:38.381858055) (2023-03-17T20:35:38.381868665) [Dbg] [Physics.cc:1593] Creating detachable joint [171]
(2023-03-17T20:35:38.381987365) (2023-03-17T20:35:38.381997905) [Dbg] [Physics.cc:1593] Creating detachable joint [172]
(2023-03-17T20:35:38.382283185) (2023-03-17T20:35:38.382301415) [Dbg] [Physics.cc:1593] Creating detachable joint [173]
(2023-03-17T20:35:38.383446796) (2023-03-17T20:35:38.383457666) [Dbg] [SimulationFeatures.cc:63] Simulation timestep set to: 0.004
(2023-03-17T20:35:38.394521300) (2023-03-17T20:35:38.394545610) [Msg] Serving scene information on [/world/simple_demo/scene/info]
(2023-03-17T20:35:38.394701960) (2023-03-17T20:35:38.394720740) [Msg] Serving graph information on [/world/simple_demo/scene/graph]
(2023-03-17T20:35:38.394864180) (2023-03-17T20:35:38.394882930) [Msg] Serving full state on [/world/simple_demo/state]
(2023-03-17T20:35:38.395022620) (2023-03-17T20:35:38.395047810) [Msg] Serving full state (async) on [/world/simple_demo/state_async]
(2023-03-17T20:35:38.395235710) (2023-03-17T20:35:38.395254520) [Msg] Publishing scene information on [/world/simple_demo/scene/info]
(2023-03-17T20:35:38.395419490) (2023-03-17T20:35:38.395438180) [Msg] Publishing entity deletions on [/world/simple_demo/scene/deletion]
(2023-03-17T20:35:38.395569091) (2023-03-17T20:35:38.395594811) [Msg] Publishing state changes on [/world/simple_demo/state]
(2023-03-17T20:35:38.395756611) (2023-03-17T20:35:38.395774281) [Msg] Publishing pose messages on [/world/simple_demo/pose/info]
(2023-03-17T20:35:38.395909811) (2023-03-17T20:35:38.395927471) [Msg] Publishing dynamic pose messages on [/world/simple_demo/dynamic_pose/info]
(2023-03-17T20:35:38.396053471) (2023-03-17T20:35:38.396078591) [Wrn] [Model.hh:69] Skipping serialization / deserialization for models with //pose/@relative_to attribute.
(2023-03-17T20:35:38.396293481) (2023-03-17T20:35:38.396319311) [Dbg] [EntityComponentManager.cc:1587] Updated state thread iterators: 24 threads processing around 8 entities each.
(2023-03-17T20:35:38.397043061) (2023-03-17T20:35:38.397056931) [Wrn] [Component.hh:144] Trying to serialize component with data type [N3sdf3v125WorldE], which doesn't have `operator<<`. Component will not be serialized.
(2023-03-17T20:35:38.421039290) (2023-03-17T20:35:38.421061100) [Dbg] [EntityComponentManager.cc:1587] Updated state thread iterators: 24 threads processing around 8 entities each.
(2023-03-17T20:35:45.423559489) (2023-03-17T20:35:45.423572129) [Msg] Linear velocity initialized to [0 0 0]
(2023-03-17T20:35:45.423626389) (2023-03-17T20:35:45.423636399) [Msg] Angular velocity initialized to [0 0 0]
(2023-03-17T20:35:45.423836829) (2023-03-17T20:35:45.423847419) [Msg] VelocityControl subscribing to twist messages on [/model/usv/cmd_vel]
(2023-03-17T20:35:45.423893949) (2023-03-17T20:35:45.423907409) [Dbg] [SystemManager.cc:58] Loaded system [ignition::gazebo::systems::VelocityControl] for entity [174]
(2023-03-17T20:35:45.425833960) (2023-03-17T20:35:45.425846260) [Dbg] [OdometryPublisher.cc:191] OdometryPublisher system plugin missing <dimensions>, defaults to "2"
(2023-03-17T20:35:45.426011040) (2023-03-17T20:35:45.426026270) [Msg] OdometryPublisher publishing odometry on [/model/usv/odometry]
(2023-03-17T20:35:45.426170440) (2023-03-17T20:35:45.426181720) [Msg] OdometryPublisher publishing odometry with covariance on [/model/usv/odometry_with_covariance]
(2023-03-17T20:35:45.426287130) (2023-03-17T20:35:45.426308060) [Msg] OdometryPublisher publishing Pose_V (TF) on [/model/usv/pose]
(2023-03-17T20:35:45.426348560) (2023-03-17T20:35:45.426358190) [Dbg] [SystemManager.cc:58] Loaded system [ignition::gazebo::systems::OdometryPublisher] for entity [174]
(2023-03-17T20:35:45.429025992) (2023-03-17T20:35:45.429039902) [Msg] Thruster listening to commands in [/model/usv/joint/left_engine_propeller_joint/cmd_thrust]
(2023-03-17T20:35:45.429124322) (2023-03-17T20:35:45.429134592) [Dbg] [Thruster.cc:288] Using velocity control for propeller joint.
(2023-03-17T20:35:45.429162142) (2023-03-17T20:35:45.429171722) [Dbg] [SystemManager.cc:58] Loaded system [ignition::gazebo::systems::Thruster] for entity [174]
(2023-03-17T20:35:45.431423603) (2023-03-17T20:35:45.431435973) [Dbg] [JointPositionController.cc:205] [JointPositionController] system parameters:
(2023-03-17T20:35:45.431469753) (2023-03-17T20:35:45.431482123) [Dbg] [JointPositionController.cc:206] p_gain: [1]
(2023-03-17T20:35:45.431514183) (2023-03-17T20:35:45.431525673) [Dbg] [JointPositionController.cc:207] i_gain: [0.1]
(2023-03-17T20:35:45.431564523) (2023-03-17T20:35:45.431576063) [Dbg] [JointPositionController.cc:208] d_gain: [0.01]
(2023-03-17T20:35:45.431617533) (2023-03-17T20:35:45.431629143) [Dbg] [JointPositionController.cc:209] i_max: [1]
(2023-03-17T20:35:45.431667263) (2023-03-17T20:35:45.431678643) [Dbg] [JointPositionController.cc:210] i_min: [-1]
(2023-03-17T20:35:45.431717733) (2023-03-17T20:35:45.431730023) [Dbg] [JointPositionController.cc:211] cmd_max: [1000]
(2023-03-17T20:35:45.431775933) (2023-03-17T20:35:45.431785883) [Dbg] [JointPositionController.cc:212] cmd_min: [-1000]
(2023-03-17T20:35:45.431823743) (2023-03-17T20:35:45.431833423) [Dbg] [JointPositionController.cc:213] cmd_offset: [0]
(2023-03-17T20:35:45.431862223) (2023-03-17T20:35:45.431871943) [Dbg] [JointPositionController.cc:214] Topic: [usv/left/thruster/joint/cmd_pos]
(2023-03-17T20:35:45.431916863) (2023-03-17T20:35:45.431931053) [Dbg] [JointPositionController.cc:215] initial_position: [0]
(2023-03-17T20:35:45.431980993) (2023-03-17T20:35:45.431994913) [Dbg] [SystemManager.cc:58] Loaded system [ignition::gazebo::systems::JointPositionController] for entity [174]
(2023-03-17T20:35:45.432317134) (2023-03-17T20:35:45.432329814) [Msg] Thruster listening to commands in [/model/usv/joint/right_engine_propeller_joint/cmd_thrust]
(2023-03-17T20:35:45.432379664) (2023-03-17T20:35:45.432388734) [Dbg] [Thruster.cc:288] Using velocity control for propeller joint.
(2023-03-17T20:35:45.432422994) (2023-03-17T20:35:45.432432254) [Dbg] [SystemManager.cc:58] Loaded system [ignition::gazebo::systems::Thruster] for entity [174]
(2023-03-17T20:35:45.432699594) (2023-03-17T20:35:45.432714484) [Dbg] [JointPositionController.cc:205] [JointPositionController] system parameters:
(2023-03-17T20:35:45.432749894) (2023-03-17T20:35:45.432764324) [Dbg] [JointPositionController.cc:206] p_gain: [1]
(2023-03-17T20:35:45.432801404) (2023-03-17T20:35:45.432811234) [Dbg] [JointPositionController.cc:207] i_gain: [0.1]
(2023-03-17T20:35:45.432848374) (2023-03-17T20:35:45.432857944) [Dbg] [JointPositionController.cc:208] d_gain: [0.01]
(2023-03-17T20:35:45.432889234) (2023-03-17T20:35:45.432898694) [Dbg] [JointPositionController.cc:209] i_max: [1]
(2023-03-17T20:35:45.432940994) (2023-03-17T20:35:45.432951534) [Dbg] [JointPositionController.cc:210] i_min: [-1]
(2023-03-17T20:35:45.432983844) (2023-03-17T20:35:45.432993574) [Dbg] [JointPositionController.cc:211] cmd_max: [1000]
(2023-03-17T20:35:45.433028674) (2023-03-17T20:35:45.433037624) [Dbg] [JointPositionController.cc:212] cmd_min: [-1000]
(2023-03-17T20:35:45.433074194) (2023-03-17T20:35:45.433086764) [Dbg] [JointPositionController.cc:213] cmd_offset: [0]
(2023-03-17T20:35:45.433123404) (2023-03-17T20:35:45.433133514) [Dbg] [JointPositionController.cc:214] Topic: [usv/right/thruster/joint/cmd_pos]
(2023-03-17T20:35:45.433168014) (2023-03-17T20:35:45.433181534) [Dbg] [JointPositionController.cc:215] initial_position: [0]
(2023-03-17T20:35:45.433224754) (2023-03-17T20:35:45.433234384) [Dbg] [SystemManager.cc:58] Loaded system [ignition::gazebo::systems::JointPositionController] for entity [174]
(2023-03-17T20:35:45.433490244) (2023-03-17T20:35:45.433501304) [Msg] Using Pierson-Moskowitz spectrum sampling wavefield model 
(2023-03-17T20:35:45.433632364) (2023-03-17T20:35:45.433643044) [Msg] Using Pierson-Moskowitz spectrum sampling wavefield model 
(2023-03-17T20:35:45.433717864) (2023-03-17T20:35:45.433731344) [Msg] Input Parameters:
(2023-03-17T20:35:45.433757244) (2023-03-17T20:35:45.433766734) [Msg] model:     PMS
(2023-03-17T20:35:45.433798744) (2023-03-17T20:35:45.433811804) [Msg] number:     3
(2023-03-17T20:35:45.433838624) (2023-03-17T20:35:45.433848064) [Msg] scale:      1.1
(2023-03-17T20:35:45.433880554) (2023-03-17T20:35:45.433890134) [Msg] angle:      0.4
(2023-03-17T20:35:45.433918764) (2023-03-17T20:35:45.433928474) [Msg] steepness:  0
(2023-03-17T20:35:45.433955654) (2023-03-17T20:35:45.433977064) [Msg] amplitude:  0
(2023-03-17T20:35:45.434015624) (2023-03-17T20:35:45.434023544) [Msg] period:     5
(2023-03-17T20:35:45.434050244) (2023-03-17T20:35:45.434060434) [Msg] direction:  1 0
(2023-03-17T20:35:45.434094394) (2023-03-17T20:35:45.434102614) [Msg] tau:  2
(2023-03-17T20:35:45.434127914) (2023-03-17T20:35:45.434135384) [Msg] gain:  0.3
(2023-03-17T20:35:45.434158434) (2023-03-17T20:35:45.434165874) [Msg] Derived Parameters:
(2023-03-17T20:35:45.434186474) (2023-03-17T20:35:45.434194134) [Msg] amplitudes:  0.0363502, 0.0392277, 0.0385703, 
(2023-03-17T20:35:45.434243294) (2023-03-17T20:35:45.434257754) [Msg] wavenumbers: 0.133171, 0.161136, 0.194975, 
(2023-03-17T20:35:45.434314354) (2023-03-17T20:35:45.434325244) [Msg] omegas:      1.1424, 1.25664, 1.3823, 
(2023-03-17T20:35:45.434373534) (2023-03-17T20:35:45.434381734) [Msg] periods:     (2023-03-17T20:35:45.434398394) (2023-03-17T20:35:45.434407594) [Msg] 5.5, (2023-03-17T20:35:45.434433704) (2023-03-17T20:35:45.434443484) [Msg] 5, (2023-03-17T20:35:45.434464984) (2023-03-17T20:35:45.434475264) [Msg] 4.54545, (2023-03-17T20:35:45.434497934) (2023-03-17T20:35:45.434508074) [Msg] 
(2023-03-17T20:35:45.434526764) (2023-03-17T20:35:45.434537204) [Msg] phases:      0, 0, 0, 
(2023-03-17T20:35:45.434582164) (2023-03-17T20:35:45.434592844) [Msg] steepnesses: 0, 0, 0, 
(2023-03-17T20:35:45.434640314) (2023-03-17T20:35:45.434652324) [Msg] directions:  (2023-03-17T20:35:45.434669274) (2023-03-17T20:35:45.434677904) [Msg] 0.921061 -0.389418; (2023-03-17T20:35:45.434706774) (2023-03-17T20:35:45.434715534) [Msg] 1 0; (2023-03-17T20:35:45.434745064) (2023-03-17T20:35:45.434754274) [Msg] 0.921061 0.389418; (2023-03-17T20:35:45.434785234) (2023-03-17T20:35:45.434793014) [Msg] 
(2023-03-17T20:35:45.434819614) (2023-03-17T20:35:45.434828744) [Dbg] [Surface.cc:161] Surface plugin successfully configured with the following parameters:
(2023-03-17T20:35:45.434856404) (2023-03-17T20:35:45.434866224) [Dbg] [Surface.cc:163]   <link_name>: base_link
(2023-03-17T20:35:45.434891404) (2023-03-17T20:35:45.434899464) [Dbg] [Surface.cc:164]   <vehicle_length>: 6
(2023-03-17T20:35:45.434929574) (2023-03-17T20:35:45.434939344) [Dbg] [Surface.cc:165]   <vehicle_width>: 3.3
(2023-03-17T20:35:45.434969404) (2023-03-17T20:35:45.434980994) [Dbg] [Surface.cc:166]   <hull_radius>: 0.27
(2023-03-17T20:35:45.435007454) (2023-03-17T20:35:45.435018924) [Dbg] [Surface.cc:167]   <num_samples>: 2
(2023-03-17T20:35:45.435052234) (2023-03-17T20:35:45.435061984) [Dbg] [Surface.cc:168]   <fluid_level>: 0.45
(2023-03-17T20:35:45.435089244) (2023-03-17T20:35:45.435097874) [Dbg] [Surface.cc:169]   <fluid_density>: 997.774
(2023-03-17T20:35:45.435127854) (2023-03-17T20:35:45.435137064) [Dbg] [SystemManager.cc:58] Loaded system [ignition::gazebo::systems::Surface] for entity [174]
(2023-03-17T20:35:45.435474364) (2023-03-17T20:35:45.435487954) [Dbg] [SimpleHydrodynamics.cc:167] SimpleHydrodynamics plugin successfully configured with the following parameters:
(2023-03-17T20:35:45.435516404) (2023-03-17T20:35:45.435525194) [Dbg] [SimpleHydrodynamics.cc:169]   <link_name>: base_link
(2023-03-17T20:35:45.435550544) (2023-03-17T20:35:45.435558664) [Dbg] [SimpleHydrodynamics.cc:170]   <xDotU>: 0
(2023-03-17T20:35:45.435586244) (2023-03-17T20:35:45.435595044) [Dbg] [SimpleHydrodynamics.cc:171]   <yDotV>: 0
(2023-03-17T20:35:45.435623264) (2023-03-17T20:35:45.435632304) [Dbg] [SimpleHydrodynamics.cc:172]   <zDotW>: 0.1
(2023-03-17T20:35:45.435659094) (2023-03-17T20:35:45.435668514) [Dbg] [SimpleHydrodynamics.cc:173]   <kDotP>: 0.1
(2023-03-17T20:35:45.435696054) (2023-03-17T20:35:45.435708404) [Dbg] [SimpleHydrodynamics.cc:174]   <mDotQ>: 0.1
(2023-03-17T20:35:45.435743104) (2023-03-17T20:35:45.435751634) [Dbg] [SimpleHydrodynamics.cc:175]   <nDotR>: 0
(2023-03-17T20:35:45.435780974) (2023-03-17T20:35:45.435790104) [Dbg] [SimpleHydrodynamics.cc:176]   <xU>: 51.3
(2023-03-17T20:35:45.435817694) (2023-03-17T20:35:45.435827004) [Dbg] [SimpleHydrodynamics.cc:177]   <xUU>: 72.4
(2023-03-17T20:35:45.435853714) (2023-03-17T20:35:45.435863184) [Dbg] [SimpleHydrodynamics.cc:178]   <yV>: 40
(2023-03-17T20:35:45.435890954) (2023-03-17T20:35:45.435900114) [Dbg] [SimpleHydrodynamics.cc:179]   <yVV>: 0
(2023-03-17T20:35:45.435926754) (2023-03-17T20:35:45.435935384) [Dbg] [SimpleHydrodynamics.cc:180]   <zW>: 500
(2023-03-17T20:35:45.435962554) (2023-03-17T20:35:45.435971924) [Dbg] [SimpleHydrodynamics.cc:181]   <zWW>: 0
(2023-03-17T20:35:45.435997674) (2023-03-17T20:35:45.436008674) [Dbg] [SimpleHydrodynamics.cc:182]   <kP>: 100
(2023-03-17T20:35:45.436040574) (2023-03-17T20:35:45.436050384) [Dbg] [SimpleHydrodynamics.cc:183]   <kPP>: 0
(2023-03-17T20:35:45.436081724) (2023-03-17T20:35:45.436091235) [Dbg] [SimpleHydrodynamics.cc:184]   <mQ>: 100
(2023-03-17T20:35:45.436115965) (2023-03-17T20:35:45.436124445) [Dbg] [SimpleHydrodynamics.cc:185]   <mQQ>: 0
(2023-03-17T20:35:45.436148715) (2023-03-17T20:35:45.436157715) [Dbg] [SimpleHydrodynamics.cc:186]   <nR>: 400
(2023-03-17T20:35:45.436182215) (2023-03-17T20:35:45.436195215) [Dbg] [SimpleHydrodynamics.cc:187]   <nRR>: 0
(2023-03-17T20:35:45.436222785) (2023-03-17T20:35:45.436231835) [Dbg] [SystemManager.cc:58] Loaded system [ignition::gazebo::systems::SimpleHydrodynamics] for entity [174]
(2023-03-17T20:35:45.438977915) (2023-03-17T20:35:45.438989515) [Dbg] [SystemManager.cc:58] Loaded system [ignition::gazebo::systems::PosePublisher] for entity [174]
(2023-03-17T20:35:45.439239955) (2023-03-17T20:35:45.439249885) [Msg] EntityDetector publishing messages on [/mbzirc/target_object_detector/placed]
(2023-03-17T20:35:45.439382975) (2023-03-17T20:35:45.439394515) [Dbg] [SystemManager.cc:58] Loaded system [mbzirc::EntityDetector] for entity [174]
(2023-03-17T20:35:45.439618875) (2023-03-17T20:35:45.439629225) [Msg] EntityDetector publishing messages on [/mbzirc/target_object_detector/placed]
(2023-03-17T20:35:45.439757155) (2023-03-17T20:35:45.439767415) [Dbg] [SystemManager.cc:58] Loaded system [mbzirc::EntityDetector] for entity [174]
(2023-03-17T20:35:45.439990956) (2023-03-17T20:35:45.440000906) [Msg] EntityDetector publishing messages on [/mbzirc/target_object_detector/placed]
(2023-03-17T20:35:45.440128966) (2023-03-17T20:35:45.440138386) [Dbg] [SystemManager.cc:58] Loaded system [mbzirc::EntityDetector] for entity [174]
(2023-03-17T20:35:45.440360546) (2023-03-17T20:35:45.440369986) [Msg] EntityDetector publishing messages on [/mbzirc/target_object_detector/placed]
(2023-03-17T20:35:45.440505226) (2023-03-17T20:35:45.440515816) [Dbg] [SystemManager.cc:58] Loaded system [mbzirc::EntityDetector] for entity [174]
(2023-03-17T20:35:45.440711046) (2023-03-17T20:35:45.440721436) [Dbg] [SystemManager.cc:58] Loaded system [ignition::gazebo::systems::CommsEndpoint] for entity [174]
(2023-03-17T20:35:45.441156036) (2023-03-17T20:35:45.441167046) [Dbg] [UserCommands.cc:1303] Created entity [174] named [usv]
(2023-03-17T20:35:45.449801930) (2023-03-17T20:35:45.449833890) [Dbg] [Sensors.cc:584] Initialization needed
(2023-03-17T20:35:45.449927930) (2023-03-17T20:35:45.449948810) [Dbg] [Sensors.cc:240] Initializing render context
(2023-03-17T20:35:45.450085720) (2023-03-17T20:35:45.450103970) [Msg] Loading plugin [ignition-rendering-ogre2]
(2023-03-17T20:35:45.450479190) (2023-03-17T20:35:45.450507700) [Dbg] [ImuSensor.cc:148] IMU data for [usv::base_link::imu_sensor] advertised on [world/simple_demo/model/usv/link/base_link/sensor/imu_sensor/imu]
(2023-03-17T20:35:45.450591480) (2023-03-17T20:35:45.450623920) [Dbg] [GameLogicPlugin.cc:1991] New Competitor Platform: usv with 0sensors
(((((((2023-03-17T20:35:45.452535441) ) (2023-03-17T20:35:45.452571481) ([Dbg] [SimulationRunner.cc:518] Exiting postupdate worker thread (Exiting postupdate worker thread (((2023-03-17T20:35:45.452616791) ) (2023-03-17T20:35:45.452694201) (2023-03-17T20:35:45.452709311) 2023-03-17T20:35:45.452729021) (2023-03-17T20:35:45.452759141) (2023-03-17T20:35:45.452854281) (2023-03-17T20:35:45.452870991) 2023-03-17T20:35:45.452915551) (2023-03-17T20:35:45.452937371) 2023-03-17T20:35:45.452975231) (2023-03-17T20:35:45.452995741) (2023-03-17T20:35:45.453024081) ) (2023-03-17T20:35:45.453063781) (2023-03-17T20:35:45.453093691) (2023-03-17T20:35:45.453112761) 2023-03-17T20:35:45.452676441) (2023-03-17T20:35:45.453172781) [Dbg] [SimulationRunner.cc:518] 9)) 2023-03-17T20:35:45.453206651) (2023-03-17T20:35:45.453270651) 
(2023-03-17T20:35:45.453313201) [Dbg] [SimulationRunner.cc:518] [Dbg] [SimulationRunner.cc:518] 9Exiting postupdate worker thread (10)
Exiting postupdate worker thread (1111[Dbg] [SimulationRunner.cc:518] 11)
[Dbg] [SimulationRunner.cc:518] Exiting postupdate worker thread (6)
Exiting postupdate worker thread (7)
[Dbg] [SimulationRunner.cc:518] Exiting postupdate worker thread (5)
Exiting postupdate worker thread (Exiting postupdate worker thread ([Dbg] [SimulationRunner.cc:518] Exiting postupdate worker thread (3)
[Dbg] [SimulationRunner.cc:518] Exiting postupdate worker thread (2)
0)
Exiting postupdate worker thread ([Dbg] [SimulationRunner.cc:518] Exiting postupdate worker thread (Exiting postupdate worker thread (Exiting postupdate worker thread (1)
Exiting postupdate worker thread (4)
8)
(2023-03-17T20:35:45.454206031) (2023-03-17T20:35:45.454221201) [Dbg] [SimulationRunner.cc:491] Creating PostUpdate worker threads: 22
(2023-03-17T20:35:45.454265171) (2023-03-17T20:35:45.454276601) [Dbg] [SimulationRunner.cc:502] Creating postupdate worker thread (0)
(2023-03-17T20:35:45.454354341) (2023-03-17T20:35:45.454363581) [Dbg] [SimulationRunner.cc:502] Creating postupdate worker thread (1)
(2023-03-17T20:35:45.454417491) (2023-03-17T20:35:45.454430261) [Dbg] [SimulationRunner.cc:502] Creating postupdate worker thread (2)
(2023-03-17T20:35:45.454482521) (2023-03-17T20:35:45.454492261) [Dbg] [SimulationRunner.cc:502] Creating postupdate worker thread (3)
(2023-03-17T20:35:45.454542831) (2023-03-17T20:35:45.454552701) [Dbg] [SimulationRunner.cc:502] Creating postupdate worker thread (4)
(2023-03-17T20:35:45.454610191) (2023-03-17T20:35:45.454621531) [Dbg] [SimulationRunner.cc:502] Creating postupdate worker thread (5)
(2023-03-17T20:35:45.454674151) (2023-03-17T20:35:45.454683831) [Dbg] [SimulationRunner.cc:502] Creating postupdate worker thread (6)
(2023-03-17T20:35:45.454738001) (2023-03-17T20:35:45.454747731) [Dbg] [SimulationRunner.cc:502] Creating postupdate worker thread (7)
(2023-03-17T20:35:45.454790431) (2023-03-17T20:35:45.454800481) [Dbg] [SimulationRunner.cc:502] Creating postupdate worker thread (8)
(2023-03-17T20:35:45.454856311) (2023-03-17T20:35:45.454868541) [Dbg] [SimulationRunner.cc:502] Creating postupdate worker thread (9)
(2023-03-17T20:35:45.454935901) (2023-03-17T20:35:45.454950011) [Dbg] [SimulationRunner.cc:502] Creating postupdate worker thread (10)
(2023-03-17T20:35:45.455023911) (2023-03-17T20:35:45.455035311) [Dbg] [SimulationRunner.cc:502] Creating postupdate worker thread (11)
(2023-03-17T20:35:45.455090421) (2023-03-17T20:35:45.455098721) [Dbg] [SimulationRunner.cc:502] Creating postupdate worker thread (12)
(2023-03-17T20:35:45.455145461) (2023-03-17T20:35:45.455154591) [Dbg] [SimulationRunner.cc:502] Creating postupdate worker thread (13)
(2023-03-17T20:35:45.455205191) (2023-03-17T20:35:45.455217311) [Dbg] [SimulationRunner.cc:502] Creating postupdate worker thread (14)
(2023-03-17T20:35:45.455270311) (2023-03-17T20:35:45.455281481) [Dbg] [SimulationRunner.cc:502] Creating postupdate worker thread (15)
(2023-03-17T20:35:45.455346411) (2023-03-17T20:35:45.455360271) [Dbg] [SimulationRunner.cc:502] Creating postupdate worker thread (16)
(2023-03-17T20:35:45.455417761) (2023-03-17T20:35:45.455428331) [Dbg] [SimulationRunner.cc:502] Creating postupdate worker thread (17)
(2023-03-17T20:35:45.455480371) (2023-03-17T20:35:45.455491021) [Dbg] [SimulationRunner.cc:502] Creating postupdate worker thread (18)
(2023-03-17T20:35:45.455552811) (2023-03-17T20:35:45.455565091) [Dbg] [SimulationRunner.cc:502] Creating postupdate worker thread (19)
(2023-03-17T20:35:45.455626551) (2023-03-17T20:35:45.455638251) [Dbg] [SimulationRunner.cc:502] Creating postupdate worker thread (20)
(2023-03-17T20:35:45.456215392) (2023-03-17T20:35:45.456233042) [Msg] Address [usv] bound to model [usv] on topic [model/usv/rx]
(2023-03-17T20:35:45.456309482) (2023-03-17T20:35:45.456324992) [Dbg] [CommsEndpoint.cc:89] Succesfuly bound to [usv] on topic [model/usv/rx]
(2023-03-17T20:35:45.828123209) (2023-03-17T20:35:45.828135099) [Dbg] [RenderUtil.cc:2529] Create scene [scene]
(2023-03-17T20:35:45.879158908) (2023-03-17T20:35:45.879173788) [Dbg] [Sensors.cc:254] Rendering Thread initialized
(2023-03-17T20:35:45.883453871) (2023-03-17T20:35:45.883466741) [Wrn] [Ogre2Heightmap.cc:125] Heightmap final sampling should be 2^n
 which differs from ogre1's 2^n+1
The last row and column will be cropped
size = (width * sampling) - sampling + 1
[257] = ([257] * [1]) - [1] + 1
(2023-03-17T20:35:45.917835023) (2023-03-17T20:35:45.917852703) [Msg] Loading heightmap: scene::Heightmap(65478)
(2023-03-17T20:35:45.917890113) (2023-03-17T20:35:45.917899663) [Msg] Heightmap loaded. Process took 0 ms.
(2023-03-17T20:35:49.604007879) (2023-03-17T20:35:49.604021869) [Dbg] [Ogre2ParticleEmitter.cc:514] Particle emitter initialized
(2023-03-17T20:35:49.604155469) (2023-03-17T20:35:49.604165339) [Dbg] [Ogre2ParticleEmitter.cc:514] Particle emitter initialized
(2023-03-17T20:35:49.604312829) (2023-03-17T20:35:49.604322149) [Dbg] [Ogre2ParticleEmitter.cc:514] Particle emitter initialized
(2023-03-17T20:35:50.212965176) (2023-03-17T20:35:50.212977956) [Dbg] [Ogre2ParticleEmitter.cc:514] Particle emitter initialized
(2023-03-17T20:35:50.213179596) (2023-03-17T20:35:50.213202676) [Dbg] [Ogre2ParticleEmitter.cc:514] Particle emitter initialized
(2023-03-17T20:35:50.213340656) (2023-03-17T20:35:50.213353196) [Dbg] [Ogre2ParticleEmitter.cc:514] Particle emitter initialized
(2023-03-17T20:35:50.231444452) (2023-03-17T20:35:50.231644643) [Dbg] [Lidar.cc:122] Laser scans for [usv::sensor_6::sensor_link::lidar] advertised on [world/simple_demo/model/usv/model/sensor_6/link/sensor_link/sensor/lidar/scan]
(2023-03-17T20:35:50.232015723) (2023-03-17T20:35:50.232030893) [Dbg] [GpuLidarSensor.cc:164] Lidar points for [usv::sensor_6::sensor_link::lidar] advertised on [world/simple_demo/model/usv/model/sensor_6/link/sensor_link/sensor/lidar/scan/points]
(2023-03-17T20:35:50.232364853) (2023-03-17T20:35:50.232379733) [Msg] Loading plugin [ignition-rendering-ogre2]
(2023-03-17T20:35:50.751789425) (2023-03-17T20:35:50.751809545) [Dbg] [EntityComponentManager.cc:1587] Updated state thread iterators: 24 threads processing around 10 entities each.
(2023-03-17T20:46:20.20536864) (2023-03-17T20:46:20.20558464) [Msg] Scoring has Started
(2023-03-17T20:46:20.20899284) (2023-03-17T20:46:20.20917684) [Err] [GameLogicPlugin.cc:2121] Invalid configuration detected: 
[usv] Initial Position (10 40 0.299843) is not in the starting area -15 -15 -5 15 15 5
(2023-03-17T21:50:43.821849868) (2023-03-17T21:50:43.821869998) [Msg] Time limit[3600s] reached.
(2023-03-17T21:50:43.822327808) (2023-03-17T21:50:43.822352898) [Msg] Scoring has finished. Elapsed real time: 3863 seconds. Elapsed sim time: 3600 seconds. 
(2023-03-17T21:53:02.471910284) (2023-03-17T21:53:02.471934844) [Dbg] [SignalHandler.cc:141] Received signal[2].
(2023-03-17T21:53:02.471992786) (2023-03-17T21:53:02.472009886) [Dbg] [ServerPrivate.cc:110] Server received signal[2]
(2023-03-17T21:53:02.472063857) (2023-03-17T21:53:02.472081567) [Dbg] [Sensors.cc:406] SensorsPrivate::Stop
(2023-03-17T21:53:02.474624609) (2023-03-17T21:53:02.474650719) [Dbg] [Sensors.cc:392] SensorsPrivate::RenderThread stopped
(2023-03-17T21:53:02.479568239) (2023-03-17T21:53:02.479592269) [Dbg] [ign.cc:410] Shutting down ign-gazebo-server
(((((((((((2023-03-17T21:53:02.483066499) (2023-03-17T21:53:02.483098350) [Dbg] [SimulationRunner.cc:518] ) (2023-03-17T21:53:02.483168031) 2023-03-17T21:53:02.483200552) (2023-03-17T21:53:02.483910076) ) (2023-03-17T21:53:02.4839386172023-03-17T21:53:02.483938617((2023-03-17T21:53:02.483985028) (2023-03-17T21:53:02.484025979() 2023-03-17T21:53:02.484056889) () ) 2023-03-17T21:53:02.4839956682023-03-17T21:53:02.484134801((2023-03-17T21:53:02.484180012) (2023-03-17T21:53:02.484220722) 2023-03-17T21:53:02.484062649) (2023-03-17T21:53:02.484276574) ((2023-03-17T21:53:02.484310984) (2023-03-17T21:53:02.484341165) 2023-03-17T21:53:02.483041649) (2023-03-17T21:53:02.484396336) ) () (2023-03-17T21:53:02.484479558) ((2023-03-17T21:53:02.484519448) ) Exiting postupdate worker thread (2023-03-17T21:53:02.484484968112023-03-17T21:53:02.484484968112023-03-17T21:53:02.484484968112023-03-17T21:53:02.484608740) (2023-03-17T21:53:02.484635621) ) (2023-03-17T21:53:02.484684332) ) (2023-03-17T21:53:02.4831971722023-03-17T21:53:02.484729093) 2023-03-17T21:53:02.484613430) (2023-03-17T21:53:02.484800614) 2023-03-17T21:53:02.484819335) (2023-03-17T21:53:02.484846125) 2023-03-17T21:53:02.4844409872023-03-17T21:53:02.4844409872023-03-17T21:53:02.4848645852023-03-17T21:53:02.4844409872023-03-17T21:53:02.484864585) (2023-03-17T21:53:02.484906966) ) () (2023-03-17T21:53:02.4849584972023-03-17T21:53:02.4849863782023-03-17T21:53:02.4849584972023-03-17T21:53:02.4849863782023-03-17T21:53:02.4849584972023-03-17T21:53:02.484986378) (2023-03-17T21:53:02.485024469) ) ) )
[Dbg] [SimulationRunner.cc:518] [Dbg] [SimulationRunner.cc:518] [Dbg] [SimulationRunner.cc:518] Exiting postupdate worker thread (7)
[Dbg] [SimulationRunner.cc:518] )Exiting postupdate worker thread (1)
[Dbg] [SimulationRunner.cc:518] Exiting postupdate worker thread (20)
[Dbg] [SimulationRunner.cc:518] [Dbg] [SimulationRunner.cc:518] [Dbg] [SimulationRunner.cc:518] Exiting postupdate worker thread ([Dbg] [SimulationRunner.cc:518] 0[Dbg] [SimulationRunner.cc:518] Exiting postupdate worker thread (16)
[Dbg] [SimulationRunner.cc:518] [Dbg] [SimulationRunner.cc:518] [Dbg] [SimulationRunner.cc:518] Exiting postupdate worker thread (Exiting postupdate worker thread ([Dbg] [SimulationRunner.cc:518] [Dbg] [SimulationRunner.cc:518] Exiting postupdate worker thread (Exiting postupdate worker thread (14Exiting postupdate worker thread ()
[Dbg] [SimulationRunner.cc:518] Exiting postupdate worker thread (2)[Dbg] [SimulationRunner.cc:518] Exiting postupdate worker thread (18)
[Dbg] [SimulationRunner.cc:518] Exiting postupdate worker thread (17)
8)
Exiting postupdate worker thread (13)
[Dbg] [SimulationRunner.cc:518] )[Dbg] [SimulationRunner.cc:518] 
)Exiting postupdate worker thread (10)
Exiting postupdate worker thread (6)
Exiting postupdate worker thread (2Exiting postupdate worker thread (5)
[Dbg] [SimulationRunner.cc:518] [Dbg] [SimulationRunner.cc:518] 3)
Exiting postupdate worker thread (9)
Exiting postupdate worker thread (14Exiting postupdate worker thread (12)Exiting postupdate worker thread (Exiting postupdate worker thread (4)
Exiting postupdate worker thread (
15
)

(2023-03-17T21:53:02.521574517) (2023-03-17T21:53:02.521589007) [Dbg] [Sensors.cc:406] SensorsPrivate::Stop
(2023-03-17T21:53:02.539611731) (2023-03-17T21:53:02.539626781) [Msg] Stopping recording
