(2023-03-11T18:49:59.151421204) (2023-03-11T18:49:59.151451714) [Msg] Ignition Gazebo Server v6.11.0
(2023-03-11T18:49:59.155050014) (2023-03-11T18:49:59.155071665) [Msg] Loading SDF world file[/home/developer/mbzirc_ws/install/share/mbzirc_ign/worlds/simple_demo.sdf].
(2023-03-11T18:49:59.467991216) (2023-03-11T18:49:59.468005676) [Msg] Serving entity system service on [/entity/system/add]
(2023-03-11T18:49:59.502686340) (2023-03-11T18:49:59.502701000) [Dbg] [Physics.cc:803] Loaded [ignition::physics::dartsim::Plugin] from library [/usr/lib/x86_64-linux-gnu/ign-physics-5/engine-plugins/libignition-physics-dartsim-plugin.so]
(2023-03-11T18:49:59.502758420) (2023-03-11T18:49:59.502768700) [Dbg] [SystemManager.cc:58] Loaded system [ignition::gazebo::systems::Physics] for entity [1]
(2023-03-11T18:49:59.504320875) (2023-03-11T18:49:59.504336555) [Msg] Create service on [/world/simple_demo/create]
(2023-03-11T18:49:59.504464655) (2023-03-11T18:49:59.504476145) [Msg] Remove service on [/world/simple_demo/remove]
(2023-03-11T18:49:59.504569975) (2023-03-11T18:49:59.504578835) [Msg] Pose service on [/world/simple_demo/set_pose]
(2023-03-11T18:49:59.504667896) (2023-03-11T18:49:59.504678226) [Msg] Pose service on [/world/simple_demo/set_pose_vector]
(2023-03-11T18:49:59.504807816) (2023-03-11T18:49:59.504818936) [Msg] Light configuration service on [/world/simple_demo/light_config]
(2023-03-11T18:49:59.504993517) (2023-03-11T18:49:59.505002807) [Msg] Physics service on [/world/simple_demo/set_physics]
(2023-03-11T18:49:59.505114357) (2023-03-11T18:49:59.505124617) [Msg] SphericalCoordinates service on [/world/simple_demo/set_spherical_coordinates]
(2023-03-11T18:49:59.505202087) (2023-03-11T18:49:59.505210987) [Msg] Enable collision service on [/world/simple_demo/enable_collision]
(2023-03-11T18:49:59.505274767) (2023-03-11T18:49:59.505283597) [Msg] Disable collision service on [/world/simple_demo/disable_collision]
(2023-03-11T18:49:59.505405848) (2023-03-11T18:49:59.505417878) [Msg] Material service on [/world/simple_demo/visual_config]
(2023-03-11T18:49:59.505515128) (2023-03-11T18:49:59.505529698) [Msg] Material service on [/world/simple_demo/wheel_slip]
(2023-03-11T18:49:59.505569208) (2023-03-11T18:49:59.505581898) [Dbg] [SystemManager.cc:58] Loaded system [ignition::gazebo::systems::UserCommands] for entity [1]
(2023-03-11T18:49:59.523965041) (2023-03-11T18:49:59.523975681) [Dbg] [Sensors.cc:479] Configuring Sensors system
(2023-03-11T18:49:59.524037851) (2023-03-11T18:49:59.524046071) [Dbg] [Sensors.cc:398] SensorsPrivate::Run
(2023-03-11T18:49:59.524115732) (2023-03-11T18:49:59.524124252) [Dbg] [SystemManager.cc:58] Loaded system [ignition::gazebo::systems::Sensors] for entity [(1]
2023-03-11T18:49:59.524162232) (2023-03-11T18:49:59.524863004) [Dbg] [Sensors.cc:378] SensorsPrivate::RenderThread started
(2023-03-11T18:49:59.524918494) (2023-03-11T18:49:59.524936734) [Dbg] [Sensors.cc:228] Waiting for init
(2023-03-11T18:49:59.526182218) (2023-03-11T18:49:59.526194258) [Dbg] [SystemManager.cc:58] Loaded system [ignition::gazebo::systems::AirPressure] for entity [1]
(2023-03-11T18:49:59.527597672) (2023-03-11T18:49:59.527610792) [Dbg] [SystemManager.cc:58] Loaded system [ignition::gazebo::systems::Altimeter] for entity [1]
(2023-03-11T18:49:59.529063946) (2023-03-11T18:49:59.529075616) [Dbg] [SystemManager.cc:58] Loaded system [ignition::gazebo::systems::Imu] for entity [1]
(2023-03-11T18:49:59.530518411) (2023-03-11T18:49:59.530530191) [Dbg] [SystemManager.cc:58] Loaded system [ignition::gazebo::systems::Magnetometer] for entity [1]
(2023-03-11T18:49:59.531996395) (2023-03-11T18:49:59.532006255) [Dbg] [SystemManager.cc:58] Loaded system [ignition::gazebo::systems::ForceTorque] for entity [1]
(2023-03-11T18:49:59.533100748) (2023-03-11T18:49:59.533111538) [Msg] Serving particle emitter information on [/world/simple_demo/particle_emitters]
(2023-03-11T18:49:59.533168109) (2023-03-11T18:49:59.533176429) [Dbg] [SystemManager.cc:58] Loaded system [ignition::gazebo::systems::ParticleEmitter2] for entity [1]
(2023-03-11T18:49:59.534376852) (2023-03-11T18:49:59.534394902) [Dbg] [SystemManager.cc:58] Loaded system [ignition::gazebo::systems::SceneBroadcaster] for entity [1]
(2023-03-11T18:49:59.535311515) (2023-03-11T18:49:59.535323495) [Dbg] [SystemManager.cc:58] Loaded system [ignition::gazebo::systems::Contact] for entity [1]
(2023-03-11T18:49:59.536367268) (2023-03-11T18:49:59.536381008) [Dbg] [RFComms.cc:385] Range configuration:
RF Configuration (range-based)
-- max_range: 500000
-- fading_exponent: 2.6
-- l0: 40
-- sigma: 10

(2023-03-11T18:49:59.536479029) (2023-03-11T18:49:59.536487249) [Dbg] [RFComms.cc:388] Radio configuration:
Radio Configuration
-- capacity: 1e+06
-- tx_power: 25
-- noise_floor: -90
-- modulation: QPSK

(2023-03-11T18:49:59.536729729) (2023-03-11T18:49:59.536742359) [Dbg] [Broker.cc:113] Broker services:
(2023-03-11T18:49:59.536774309) (2023-03-11T18:49:59.536785529) [Dbg] [Broker.cc:114]   Bind: [/broker/bind]
(2023-03-11T18:49:59.536821450) (2023-03-11T18:49:59.536829200) [Dbg] [Broker.cc:115]   Unbind: [/broker/unbind]
(2023-03-11T18:49:59.536854620) (2023-03-11T18:49:59.536862120) [Dbg] [Broker.cc:116] Broker topics:
(2023-03-11T18:49:59.536883390) (2023-03-11T18:49:59.536891070) [Dbg] [Broker.cc:117]   Incoming messages: [/broker/msgs]
(2023-03-11T18:49:59.536922650) (2023-03-11T18:49:59.536930670) [Dbg] [SystemManager.cc:58] Loaded system [ignition::gazebo::systems::RFComms] for entity [1]
(2023-03-11T18:49:59.539030806) (2023-03-11T18:49:59.539041456) [Dbg] [RFRange.cc:339] RFRange sensor range configuration:
RF Configuration (range-based)
-- max_range: 500000
-- fading_exponent: 2.6
-- l0: 40
-- sigma: 0.005
-- rssi_1: -15

(2023-03-11T18:49:59.539146016) (2023-03-11T18:49:59.539156517) [Dbg] [RFRange.cc:342] RFRange sensor radio configuration:
Radio Configuration
-- tx_power: 25
-- noise_floor: -90

(2023-03-11T18:49:59.539223197) (2023-03-11T18:49:59.539231447) [Dbg] [SystemManager.cc:58] Loaded system [ignition::gazebo::systems::RFRange] for entity [1]
(2023-03-11T18:49:59.542532527) (2023-03-11T18:49:59.542542197) [Msg] Overwriting existing file [/tmp/ign/mbzirc/playback/state.tlog]
(2023-03-11T18:49:59.567018239) (2023-03-11T18:49:59.567033019) [Msg] Recording to log file [/tmp/ign/mbzirc/playback/state.tlog]
(2023-03-11T18:49:59.567085109) (2023-03-11T18:49:59.567092829) [Dbg] [LogRecord.cc:334] Recording default topic[/playback/sdf].
(2023-03-11T18:49:59.567117099) (2023-03-11T18:49:59.567126219) [Dbg] [LogRecord.cc:335] Recording default topic[/world/simple_demo/changed_state].
(2023-03-11T18:49:59.607938670) (2023-03-11T18:49:59.607959040) [Dbg] [SystemManager.cc:58] Loaded system [ignition::gazebo::systems::LogRecord] for entity [1]
(2023-03-11T18:49:59.610628458) (2023-03-11T18:49:59.610653018) [Dbg] [SystemManager.cc:58] Loaded system [ignition::gazebo::systems::WindEffects] for entity [1]
(2023-03-11T18:49:59.615514962) (2023-03-11T18:49:59.615541042) [Msg] MBZIRC log path: /tmp/ign/mbzirc/logs
(2023-03-11T18:49:59.616089244) (2023-03-11T18:49:59.616109124) [Msg] Run duration set to 3600 seconds.
(2023-03-11T18:49:59.616247544) (2023-03-11T18:49:59.616266175) [Msg] Geofence boundary min: -70 -70 -25, max: 70 70 121.92
(2023-03-11T18:49:59.616423485) (2023-03-11T18:49:59.616439535) [Msg] Start area boundary min: -15 -15 -5, max: 15 15 5
(2023-03-11T18:49:59.616578765) (2023-03-11T18:49:59.616597005) [Msg] Setup duration set to 600 seconds.
(2023-03-11T18:49:59.616654906) (2023-03-11T18:49:59.616672326) [Msg] Target vessel: Vessel A
(2023-03-11T18:49:59.616771406) (2023-03-11T18:49:59.616789756) [Msg]   Small object: small_blue_box_a
(2023-03-11T18:49:59.616840246) (2023-03-11T18:49:59.616856486) [Msg]   Small object: small_blue_box_a_duplicate
(2023-03-11T18:49:59.616922436) (2023-03-11T18:49:59.616945957) [Msg]   Large object: large_dry_box_a
(2023-03-11T18:49:59.616998217) (2023-03-11T18:49:59.617015277) [Msg]   Large object: large_dry_box_a_duplicate
(2023-03-11T18:49:59.618257160) (2023-03-11T18:49:59.618271210) [Msg] Starting MBZIRC
(2023-03-11T18:49:59.618377181) (2023-03-11T18:49:59.618390301) [Dbg] [SystemManager.cc:58] Loaded system [mbzirc::GameLogicPlugin] for entity [1]
(2023-03-11T18:49:59.623249235) (2023-03-11T18:49:59.623265085) [Msg] Using Pierson-Moskowitz spectrum sampling wavefield model 
(2023-03-11T18:49:59.623528796) (2023-03-11T18:49:59.623538986) [Msg] Using Pierson-Moskowitz spectrum sampling wavefield model 
(2023-03-11T18:50:00.50982916) (2023-03-11T18:50:00.51007476) [Msg] Input Parameters:
(2023-03-11T18:50:00.51057276) (2023-03-11T18:50:00.51074506) [Msg] model:     PMS
(2023-03-11T18:50:00.51135116) (2023-03-11T18:50:00.51151466) [Msg] number:     3
(2023-03-11T18:50:00.51215336) (2023-03-11T18:50:00.51231096) [Msg] scale:      1.1
(2023-03-11T18:50:00.51292236) (2023-03-11T18:50:00.51308577) [Msg] angle:      0.4
(2023-03-11T18:50:00.51368507) (2023-03-11T18:50:00.51386987) [Msg] steepness:  0
(2023-03-11T18:50:00.51450797) (2023-03-11T18:50:00.51468437) [Msg] amplitude:  0
(2023-03-11T18:50:00.51521717) (2023-03-11T18:50:00.51538657) [Msg] period:     5
(2023-03-11T18:50:00.51597317) (2023-03-11T18:50:00.51621797) [Msg] direction:  1 0
(2023-03-11T18:50:00.51720268) (2023-03-11T18:50:00.51743908) [Msg] tau:  2
(2023-03-11T18:50:00.51810778) (2023-03-11T18:50:00.51833178) [Msg] gain:  0.3
(2023-03-11T18:50:00.51898018) (2023-03-11T18:50:00.51917268) [Msg] Derived Parameters:
(2023-03-11T18:50:00.51967988) (2023-03-11T18:50:00.51983599) [Msg] amplitudes:  0.0363502, 0.0392277, 0.0385703, 
(2023-03-11T18:50:00.52099699) (2023-03-11T18:50:00.52115329) [Msg] wavenumbers: 0.133171, 0.161136, 0.194975, 
(2023-03-11T18:50:00.52216909) (2023-03-11T18:50:00.52239419) [Msg] omegas:      1.1424, 1.25664, 1.3823, 
(2023-03-11T18:50:00.52357600) (2023-03-11T18:50:00.52380030) [Msg] periods:     (2023-03-11T18:50:00.52437880) (2023-03-11T18:50:00.52463080) [Msg] 5.5, (2023-03-11T18:50:00.52524050) (2023-03-11T18:50:00.52541540) [Msg] 5, (2023-03-11T18:50:00.52583800) (2023-03-11T18:50:00.52601030) [Msg] 4.54545, (2023-03-11T18:50:00.52640060) (2023-03-11T18:50:00.52657991) [Msg] 
(2023-03-11T18:50:00.52701461) (2023-03-11T18:50:00.52718581) [Msg] phases:      0, 0, 0, 
(2023-03-11T18:50:00.52805621) (2023-03-11T18:50:00.52822951) [Msg] steepnesses: 0, 0, 0, 
(2023-03-11T18:50:00.52912341) (2023-03-11T18:50:00.52933251) [Msg] directions:  (2023-03-11T18:50:00.52982322) (2023-03-11T18:50:00.52999542) [Msg] 0.921061 -0.389418; (2023-03-11T18:50:00.53069712) (2023-03-11T18:50:00.53087952) [Msg] 1 0; (2023-03-11T18:50:00.53157072) (2023-03-11T18:50:00.53174812) [Msg] 0.921061 0.389418; (2023-03-11T18:50:00.53227672) (2023-03-11T18:50:00.53243012) [Msg] 
(2023-03-11T18:50:00.54056495) (2023-03-11T18:50:00.54077095) [Dbg] [SystemManager.cc:58] Loaded system [ignition::gazebo::systems::WaveVisual] for entity [23]
(2023-03-11T18:50:00.59343150) (2023-03-11T18:50:00.59366451) [Msg] Using Pierson-Moskowitz spectrum sampling wavefield model 
(2023-03-11T18:50:00.59776592) (2023-03-11T18:50:00.59798272) [Msg] Using Pierson-Moskowitz spectrum sampling wavefield model 
(2023-03-11T18:50:00.59887652) (2023-03-11T18:50:00.59906622) [Msg] Input Parameters:
(2023-03-11T18:50:00.59959182) (2023-03-11T18:50:00.59981752) [Msg] model:     PMS
(2023-03-11T18:50:00.60037753) (2023-03-11T18:50:00.60058243) [Msg] number:     3
(2023-03-11T18:50:00.60113193) (2023-03-11T18:50:00.60133183) [Msg] scale:      1.1
(2023-03-11T18:50:00.60191563) (2023-03-11T18:50:00.60212203) [Msg] angle:      0.4
(2023-03-11T18:50:00.60268973) (2023-03-11T18:50:00.60288353) [Msg] steepness:  0
(2023-03-11T18:50:00.60345563) (2023-03-11T18:50:00.60364264) [Msg] amplitude:  0
(2023-03-11T18:50:00.60416444) (2023-03-11T18:50:00.60434504) [Msg] period:     5
(2023-03-11T18:50:00.60480664) (2023-03-11T18:50:00.60492574) [Msg] direction:  1 0
(2023-03-11T18:50:00.60539394) (2023-03-11T18:50:00.60551924) [Msg] tau:  2
(2023-03-11T18:50:00.60587334) (2023-03-11T18:50:00.60600514) [Msg] gain:  0.3
(2023-03-11T18:50:00.60639114) (2023-03-11T18:50:00.60652424) [Msg] Derived Parameters:
(2023-03-11T18:50:00.60688684) (2023-03-11T18:50:00.60702325) [Msg] amplitudes:  0.0363502, 0.0392277, 0.0385703, 
(2023-03-11T18:50:00.60781085) (2023-03-11T18:50:00.60795555) [Msg] wavenumbers: 0.133171, 0.161136, 0.194975, 
(2023-03-11T18:50:00.60860645) (2023-03-11T18:50:00.60874255) [Msg] omegas:      1.1424, 1.25664, 1.3823, 
(2023-03-11T18:50:00.60942635) (2023-03-11T18:50:00.60956615) [Msg] periods:     (2023-03-11T18:50:00.60983245) (2023-03-11T18:50:00.60996545) [Msg] 5.5, (2023-03-11T18:50:00.61028545) (2023-03-11T18:50:00.61041926) [Msg] 5, (2023-03-11T18:50:00.61072576) (2023-03-11T18:50:00.61086026) [Msg] 4.54545, (2023-03-11T18:50:00.61136776) (2023-03-11T18:50:00.61148566) [Msg] 
(2023-03-11T18:50:00.61171576) (2023-03-11T18:50:00.61183706) [Msg] phases:      0, 0, 0, 
(2023-03-11T18:50:00.61247756) (2023-03-11T18:50:00.61262466) [Msg] steepnesses: 0, 0, 0, 
(2023-03-11T18:50:00.61326026) (2023-03-11T18:50:00.61338916) [Msg] directions:  (2023-03-11T18:50:00.61364476) (2023-03-11T18:50:00.61376837) [Msg] 0.921061 -0.389418; (2023-03-11T18:50:00.61421027) (2023-03-11T18:50:00.61433447) [Msg] 1 0; (2023-03-11T18:50:00.61476607) (2023-03-11T18:50:00.61488967) [Msg] 0.921061 0.389418; (2023-03-11T18:50:00.61530157) (2023-03-11T18:50:00.61542497) [Msg] 
(2023-03-11T18:50:00.61596037) (2023-03-11T18:50:00.61608597) [Dbg] [Surface.cc:161] Surface plugin successfully configured with the following parameters:
(2023-03-11T18:50:00.61644547) (2023-03-11T18:50:00.61652137) [Dbg] [Surface.cc:163]   <link_name>: link
(2023-03-11T18:50:00.61677507) (2023-03-11T18:50:00.61686197) [Dbg] [Surface.cc:164]   <vehicle_length>: 6
(2023-03-11T18:50:00.61709268) (2023-03-11T18:50:00.61718558) [Dbg] [Surface.cc:165]   <vehicle_width>: 3.3
(2023-03-11T18:50:00.61743978) (2023-03-11T18:50:00.61751048) [Dbg] [Surface.cc:166]   <hull_radius>: 1.9
(2023-03-11T18:50:00.61772928) (2023-03-11T18:50:00.61780418) [Dbg] [Surface.cc:167]   <num_samples>: 2
(2023-03-11T18:50:00.61802048) (2023-03-11T18:50:00.61811898) [Dbg] [Surface.cc:168]   <fluid_level>: 0.45
(2023-03-11T18:50:00.61838008) (2023-03-11T18:50:00.61847328) [Dbg] [Surface.cc:169]   <fluid_density>: 997.774
(2023-03-11T18:50:00.61895048) (2023-03-11T18:50:00.61904128) [Dbg] [SystemManager.cc:58] Loaded system [ignition::gazebo::systems::Surface] for entity [24]
(2023-03-11T18:50:00.63709053) (2023-03-11T18:50:00.63719254) [Dbg] [SimpleHydrodynamics.cc:167] SimpleHydrodynamics plugin successfully configured with the following parameters:
(2023-03-11T18:50:00.63746974) (2023-03-11T18:50:00.63755734) [Dbg] [SimpleHydrodynamics.cc:169]   <link_name>: link
(2023-03-11T18:50:00.63782344) (2023-03-11T18:50:00.63790894) [Dbg] [SimpleHydrodynamics.cc:170]   <xDotU>: 0
(2023-03-11T18:50:00.63819044) (2023-03-11T18:50:00.63827504) [Dbg] [SimpleHydrodynamics.cc:171]   <yDotV>: 0
(2023-03-11T18:50:00.63852574) (2023-03-11T18:50:00.63861254) [Dbg] [SimpleHydrodynamics.cc:172]   <zDotW>: 0.1
(2023-03-11T18:50:00.63887394) (2023-03-11T18:50:00.63896804) [Dbg] [SimpleHydrodynamics.cc:173]   <kDotP>: 0.1
(2023-03-11T18:50:00.63923104) (2023-03-11T18:50:00.63931884) [Dbg] [SimpleHydrodynamics.cc:174]   <mDotQ>: 0.1
(2023-03-11T18:50:00.63957324) (2023-03-11T18:50:00.63966044) [Dbg] [SimpleHydrodynamics.cc:175]   <nDotR>: 0
(2023-03-11T18:50:00.63992454) (2023-03-11T18:50:00.64001294) [Dbg] [SimpleHydrodynamics.cc:176]   <xU>: 510.3
(2023-03-11T18:50:00.64027004) (2023-03-11T18:50:00.64034754) [Dbg] [SimpleHydrodynamics.cc:177]   <xUU>: 720.4
(2023-03-11T18:50:00.64058525) (2023-03-11T18:50:00.64066265) [Dbg] [SimpleHydrodynamics.cc:178]   <yV>: 400
(2023-03-11T18:50:00.64089105) (2023-03-11T18:50:00.64096275) [Dbg] [SimpleHydrodynamics.cc:179]   <yVV>: 0
(2023-03-11T18:50:00.64117885) (2023-03-11T18:50:00.64124975) [Dbg] [SimpleHydrodynamics.cc:180]   <zW>: 5000
(2023-03-11T18:50:00.64149205) (2023-03-11T18:50:00.64157895) [Dbg] [SimpleHydrodynamics.cc:181]   <zWW>: 0
(2023-03-11T18:50:00.64184355) (2023-03-11T18:50:00.64192675) [Dbg] [SimpleHydrodynamics.cc:182]   <kP>: 500
(2023-03-11T18:50:00.64217725) (2023-03-11T18:50:00.64226205) [Dbg] [SimpleHydrodynamics.cc:183]   <kPP>: 0
(2023-03-11T18:50:00.64256085) (2023-03-11T18:50:00.64265675) [Dbg] [SimpleHydrodynamics.cc:184]   <mQ>: 500
(2023-03-11T18:50:00.64290575) (2023-03-11T18:50:00.64299245) [Dbg] [SimpleHydrodynamics.cc:185]   <mQQ>: 0
(2023-03-11T18:50:00.64323655) (2023-03-11T18:50:00.64332135) [Dbg] [SimpleHydrodynamics.cc:186]   <nR>: 15000
(2023-03-11T18:50:00.64359045) (2023-03-11T18:50:00.64367865) [Dbg] [SimpleHydrodynamics.cc:187]   <nRR>: 0
(2023-03-11T18:50:00.64396546) (2023-03-11T18:50:00.64404846) [Dbg] [SystemManager.cc:58] Loaded system [ignition::gazebo::systems::SimpleHydrodynamics] for entity [24]
(2023-03-11T18:50:00.65830770) (2023-03-11T18:50:00.65843480) [Dbg] [SystemManager.cc:58] Loaded system [ignition::gazebo::systems::DetachableJoint] for entity [28]
(2023-03-11T18:50:00.66333301) (2023-03-11T18:50:00.66343731) [Dbg] [SystemManager.cc:58] Loaded system [ignition::gazebo::systems::DetachableJoint] for entity [44]
(2023-03-11T18:50:00.67131644) (2023-03-11T18:50:00.67141434) [Dbg] [SystemManager.cc:58] Loaded system [ignition::gazebo::systems::DetachableJoint] for entity [60]
(2023-03-11T18:50:00.68052256) (2023-03-11T18:50:00.68065866) [Dbg] [SystemManager.cc:58] Loaded system [ignition::gazebo::systems::DetachableJoint] for entity [112]
(2023-03-11T18:50:00.69260020) (2023-03-11T18:50:00.69270880) [Dbg] [SystemManager.cc:58] Loaded system [ignition::gazebo::systems::CommsEndpoint] for entity [164]
(2023-03-11T18:50:00.69447211) (2023-03-11T18:50:00.69456791) [Dbg] [SystemManager.cc:58] Loaded system [ignition::gazebo::systems::CommsEndpoint] for entity [164]
(2023-03-11T18:50:00.70949575) (2023-03-11T18:50:00.70960025) [Dbg] [SystemManager.cc:58] Loaded system [mbzirc::BaseStation] for entity [164]
(2023-03-11T18:50:00.72729990) (2023-03-11T18:50:00.72741530) [Msg] EntityDetector publishing messages on [/mbzirc/target_object_detector/dropped]
(2023-03-11T18:50:00.72894051) (2023-03-11T18:50:00.72905631) [Dbg] [SystemManager.cc:58] Loaded system [mbzirc::EntityDetector] for entity [168]
(2023-03-11T18:50:00.72993831) (2023-03-11T18:50:00.73003981) [Msg] Loaded level [3]
(2023-03-11T18:50:00.73286612) (2023-03-11T18:50:00.73297582) [Msg] Serving world controls on [/world/simple_demo/control], [/world/simple_demo/control/state] and [/world/simple_demo/playback/control]
(2023-03-11T18:50:00.73409302) (2023-03-11T18:50:00.73419912) [Msg] Serving GUI information on [/world/simple_demo/gui/info]
(2023-03-11T18:50:00.73457473) (2023-03-11T18:50:00.73465883) [Msg] World [simple_demo] initialized with [4ms] physics profile.
(2023-03-11T18:50:00.73582823) (2023-03-11T18:50:00.73593343) [Msg] Serving world SDF generation service on [/world/simple_demo/generate_world_sdf]
(2023-03-11T18:50:00.73671773) (2023-03-11T18:50:00.73681763) [Msg] Serving world names on [/gazebo/worlds]
(2023-03-11T18:50:00.73746163) (2023-03-11T18:50:00.73756113) [Msg] Resource path add service on [/gazebo/resource_paths/add].
(2023-03-11T18:50:00.73834864) (2023-03-11T18:50:00.73844124) [Msg] Resource path get service on [/gazebo/resource_paths/get].
(2023-03-11T18:50:00.174078689) (2023-03-11T18:50:00.174097229) [Msg] Resource path resolve service on [/gazebo/resource_paths/resolve].
(2023-03-11T18:50:00.174245399) (2023-03-11T18:50:00.174273919) [Msg] Resource paths published on [/gazebo/resource_paths].
(2023-03-11T18:50:00.174516500) (2023-03-11T18:50:00.174534910) [Msg] Server control service on [/server_control].
(2023-03-11T18:50:00.174746731) (2023-03-11T18:50:00.174766261) [Msg] Found no publishers on /stats, adding root stats topic
(2023-03-11T18:50:00.174963021) (2023-03-11T18:50:00.174986111) [Msg] Found no publishers on /clock, adding root clock topic
(2023-03-11T18:50:00.175259802) (2023-03-11T18:50:00.175295302) [Dbg] [SimulationRunner.cc:491] Creating PostUpdate worker threads: 13
(2023-03-11T18:50:00.175373973) (2023-03-11T18:50:00.175391893) [Dbg] [SimulationRunner.cc:502] Creating postupdate worker thread (0)
(2023-03-11T18:50:00.175523993) (2023-03-11T18:50:00.175542563) [Dbg] [SimulationRunner.cc:502] Creating postupdate worker thread (1)
(2023-03-11T18:50:00.175648153) (2023-03-11T18:50:00.175665204) [Dbg] [SimulationRunner.cc:502] Creating postupdate worker thread (2)
(2023-03-11T18:50:00.175767454) (2023-03-11T18:50:00.175787154) [Dbg] [SimulationRunner.cc:502] Creating postupdate worker thread (3)
(2023-03-11T18:50:00.175902774) (2023-03-11T18:50:00.175929954) [Dbg] [SimulationRunner.cc:502] Creating postupdate worker thread (4)
(2023-03-11T18:50:00.176066515) (2023-03-11T18:50:00.176090415) [Dbg] [SimulationRunner.cc:502] Creating postupdate worker thread (5)
(2023-03-11T18:50:00.176190565) (2023-03-11T18:50:00.176215685) [Dbg] [SimulationRunner.cc:502] Creating postupdate worker thread (6)
(2023-03-11T18:50:00.176341316) (2023-03-11T18:50:00.176367076) [Dbg] [SimulationRunner.cc:502] Creating postupdate worker thread (7)
(2023-03-11T18:50:00.176487936) (2023-03-11T18:50:00.176506406) [Dbg] [SimulationRunner.cc:502] Creating postupdate worker thread (8)
(2023-03-11T18:50:00.176629136) (2023-03-11T18:50:00.176650076) [Dbg] [SimulationRunner.cc:502] Creating postupdate worker thread (9)
(2023-03-11T18:50:00.176763797) (2023-03-11T18:50:00.176790087) [Dbg] [SimulationRunner.cc:502] Creating postupdate worker thread (10)
(2023-03-11T18:50:00.176908027) (2023-03-11T18:50:00.176926647) [Dbg] [SimulationRunner.cc:502] Creating postupdate worker thread (11)
(2023-03-11T18:50:00.275492637) (2023-03-11T18:50:00.275521547) [Msg] Particle emitter[simple_demo::dust_storm::link::dust_storm] subscribed to command messages on topic[/model/dust_storm/link/link/particle_emitter/dust_storm/cmd]
(2023-03-11T18:50:00.275803308) (2023-03-11T18:50:00.275827488) [Msg] Particle emitter[simple_demo::fog::link::fog] subscribed to command messages on topic[/model/fog/link/link/particle_emitter/fog/cmd]
(2023-03-11T18:50:00.277833544) (2023-03-11T18:50:00.277849124) [Msg] DetachableJoint subscribing to messages on [/Vessel_A/detach]
(2023-03-11T18:50:00.277999635) (2023-03-11T18:50:00.278017775) [Msg] DetachableJoint subscribing to messages on [/Vessel_A/detach]
(2023-03-11T18:50:00.278164945) (2023-03-11T18:50:00.278180165) [Msg] DetachableJoint subscribing to messages on [/Vessel_A/detach]
(2023-03-11T18:50:00.278331486) (2023-03-11T18:50:00.278350956) [Msg] DetachableJoint subscribing to messages on [/Vessel_A/detach]
(2023-03-11T18:50:00.278565487) (2023-03-11T18:50:00.278586307) [Msg] Address [base_station/target] bound to model [base_station] on topic [base_station/target]
(2023-03-11T18:50:00.278672367) (2023-03-11T18:50:00.278690787) [Dbg] [CommsEndpoint.cc:89] Succesfuly bound to [base_station/target] on topic [base_station/target]
(2023-03-11T18:50:00.278824687) (2023-03-11T18:50:00.278842577) [Msg] Address [base_station/video] bound to model [base_station] on topic [base_station/video]
(2023-03-11T18:50:00.278928728) (2023-03-11T18:50:00.278943448) [Dbg] [CommsEndpoint.cc:89] Succesfuly bound to [base_station/video] on topic [base_station/video]
(2023-03-11T18:50:00.351314660) (2023-03-11T18:50:00.351328960) [Dbg] [Physics.cc:1593] Creating detachable joint [170]
(2023-03-11T18:50:00.351473140) (2023-03-11T18:50:00.351482150) [Dbg] [Physics.cc:1593] Creating detachable joint [171]
(2023-03-11T18:50:00.351598211) (2023-03-11T18:50:00.351607491) [Dbg] [Physics.cc:1593] Creating detachable joint [172]
(2023-03-11T18:50:00.351879021) (2023-03-11T18:50:00.351889161) [Dbg] [Physics.cc:1593] Creating detachable joint [173]
(2023-03-11T18:50:00.353005975) (2023-03-11T18:50:00.353016355) [Dbg] [SimulationFeatures.cc:63] Simulation timestep set to: 0.004
(2023-03-11T18:50:00.362783764) (2023-03-11T18:50:00.362812454) [Msg] Serving scene information on [/world/simple_demo/scene/info]
(2023-03-11T18:50:00.363019705) (2023-03-11T18:50:00.363042495) [Msg] Serving graph information on [/world/simple_demo/scene/graph]
(2023-03-11T18:50:00.363225225) (2023-03-11T18:50:00.363247925) [Msg] Serving full state on [/world/simple_demo/state]
(2023-03-11T18:50:00.363458086) (2023-03-11T18:50:00.363487516) [Msg] Serving full state (async) on [/world/simple_demo/state_async]
(2023-03-11T18:50:00.363731707) (2023-03-11T18:50:00.363760877) [Msg] Publishing scene information on [/world/simple_demo/scene/info]
(2023-03-11T18:50:00.363988838) (2023-03-11T18:50:00.364018288) [Msg] Publishing entity deletions on [/world/simple_demo/scene/deletion]
(2023-03-11T18:50:00.364206148) (2023-03-11T18:50:00.364234708) [Msg] Publishing state changes on [/world/simple_demo/state]
(2023-03-11T18:50:00.364468549) (2023-03-11T18:50:00.364496759) [Msg] Publishing pose messages on [/world/simple_demo/pose/info]
(2023-03-11T18:50:00.364711800) (2023-03-11T18:50:00.364755740) [Msg] Publishing dynamic pose messages on [/world/simple_demo(2023-03-11T18:50:00.364835000) (2023-03-11T18:50:00.3648601802023-03-11T18:50:00.364860180/dynamic_pose/info]
) [Wrn] [Model.hh:69] Skipping serialization / deserialization for models with //pose/@relative_to attribute.
(2023-03-11T18:50:00.365358942) (2023-03-11T18:50:00.365384482) [Dbg] [EntityComponentManager.cc:1587] Updated state thread iterators: 24 threads processing around 8 entities each.
((2023-03-11T18:50:00.366196114) (2023-03-11T18:50:00.366214924) [Wrn] [Component.hh:144] 2023-03-11T18:50:00.366228324) (2023-03-11T18:50:00.366283514) Trying to serialize component with data type [N3sdf3v125WorldE], which doesn't have `operator<<`. Component will not be serialized.[Wrn] [Component.hh:144] Trying to serialize component with data type [], which doesn't have `operator<<`. Component will not be serialized.
(2023-03-11T18:50:00.390439366) (2023-03-11T18:50:00.390462736) [Dbg] [EntityComponentManager.cc:1587] Updated state thread iterators: 24 threads processing around 8 entities each.
(2023-03-11T18:50:13.892246862) (2023-03-11T18:50:13.892259722) [Msg] Linear velocity initialized to [0 0 0]
(2023-03-11T18:50:13.892312582) (2023-03-11T18:50:13.892321992) [Msg] Angular velocity initialized to [0 0 0]
(2023-03-11T18:50:13.892537742) (2023-03-11T18:50:13.892549953) [Msg] VelocityControl subscribing to twist messages on [/model/usv/cmd_vel]
(2023-03-11T18:50:13.892587413) (2023-03-11T18:50:13.892596713) [Dbg] [SystemManager.cc:58] Loaded system [ignition::gazebo::systems::VelocityControl] for entity [174]
(2023-03-11T18:50:13.893711746) (2023-03-11T18:50:13.893722756) [Dbg] [OdometryPublisher.cc:191] OdometryPublisher system plugin missing <dimensions>, defaults to "2"
(2023-03-11T18:50:13.893898587) (2023-03-11T18:50:13.893912177) [Msg] OdometryPublisher publishing odometry on [/model/usv/odometry]
(2023-03-11T18:50:13.894037527) (2023-03-11T18:50:13.894046847) [Msg] OdometryPublisher publishing odometry with covariance on [/model/usv/odometry_with_covariance]
(2023-03-11T18:50:13.894146517) (2023-03-11T18:50:13.894158017) [Msg] OdometryPublisher publishing Pose_V (TF) on [/model/usv/pose]
(2023-03-11T18:50:13.894191567) (2023-03-11T18:50:13.894200507) [Dbg] [SystemManager.cc:58] Loaded system [ignition::gazebo::systems::OdometryPublisher] for entity [174]
(2023-03-11T18:50:13.895586302) (2023-03-11T18:50:13.895597732) [Msg] Thruster listening to commands in [/model/usv/joint/left_engine_propeller_joint/cmd_thrust]
(2023-03-11T18:50:13.895666412) (2023-03-11T18:50:13.895676292) [Dbg] [Thruster.cc:288] Using velocity control for propeller joint.
(2023-03-11T18:50:13.895704092) (2023-03-11T18:50:13.895714322) [Dbg] [SystemManager.cc:58] Loaded system [ignition::gazebo::systems::Thruster] for entity [174]
(2023-03-11T18:50:13.896815995) (2023-03-11T18:50:13.896827605) [Dbg] [JointPositionController.cc:205] [JointPositionController] system parameters:
(2023-03-11T18:50:13.896856675) (2023-03-11T18:50:13.896866565) [Dbg] [JointPositionController.cc:206] p_gain: [1]
(2023-03-11T18:50:13.896898955) (2023-03-11T18:50:13.896908606) [Dbg] [JointPositionController.cc:207] i_gain: [0.1]
(2023-03-11T18:50:13.896938956) (2023-03-11T18:50:13.896948566) [Dbg] [JointPositionController.cc:208] d_gain: [0.01]
(2023-03-11T18:50:13.896978826) (2023-03-11T18:50:13.896991606) [Dbg] [JointPositionController.cc:209] i_max: [1]
(2023-03-11T18:50:13.897031106) (2023-03-11T18:50:13.897040286) [Dbg] [JointPositionController.cc:210] i_min: [-1]
(2023-03-11T18:50:13.897081166) (2023-03-11T18:50:13.897100946) [Dbg] [JointPositionController.cc:211] cmd_max: [1000]
(2023-03-11T18:50:13.897148976) (2023-03-11T18:50:13.897162166) [Dbg] [JointPositionController.cc:212] cmd_min: [-1000]
(2023-03-11T18:50:13.897208686) (2023-03-11T18:50:13.897221996) [Dbg] [JointPositionController.cc:213] cmd_offset: [0]
(2023-03-11T18:50:13.897264607) (2023-03-11T18:50:13.897275677) [Dbg] [JointPositionController.cc:214] Topic: [usv/left/thruster/joint/cmd_pos]
(2023-03-11T18:50:13.897317067) (2023-03-11T18:50:13.897329777) [Dbg] [JointPositionController.cc:215] initial_position: [0]
(2023-03-11T18:50:13.897378947) (2023-03-11T18:50:13.897391647) [Dbg] [SystemManager.cc:58] Loaded system [ignition::gazebo::systems::JointPositionController] for entity [174]
(2023-03-11T18:50:13.897759178) (2023-03-11T18:50:13.897772888) [Msg] Thruster listening to commands in [/model/usv/joint/right_engine_propeller_joint/cmd_thrust]
(2023-03-11T18:50:13.897845168) (2023-03-11T18:50:13.897858898) [Dbg] [Thruster.cc:288] Using velocity control for propeller joint.
(2023-03-11T18:50:13.897890248) (2023-03-11T18:50:13.897899148) [Dbg] [SystemManager.cc:58] Loaded system [ignition::gazebo::systems::Thruster] for entity [174]
(2023-03-11T18:50:13.898176909) (2023-03-11T18:50:13.898188099) [Dbg] [JointPositionController.cc:205] [JointPositionController] system parameters:
(2023-03-11T18:50:13.898212779) (2023-03-11T18:50:13.898221799) [Dbg] [JointPositionController.cc:206] p_gain: [1]
(2023-03-11T18:50:13.898253920) (2023-03-11T18:50:13.898262680) [Dbg] [JointPositionController.cc:207] i_gain: [0.1]
(2023-03-11T18:50:13.898292900) (2023-03-11T18:50:13.898301510) [Dbg] [JointPositionController.cc:208] d_gain: [0.01]
(2023-03-11T18:50:13.898327520) (2023-03-11T18:50:13.898337700) [Dbg] [JointPositionController.cc:209] i_max: [1]
(2023-03-11T18:50:13.898377410) (2023-03-11T18:50:13.898385780) [Dbg] [JointPositionController.cc:210] i_min: [-1]
(2023-03-11T18:50:13.898412120) (2023-03-11T18:50:13.898420960) [Dbg] [JointPositionController.cc:211] cmd_max: [1000]
(2023-03-11T18:50:13.898458050) (2023-03-11T18:50:13.898470440) [Dbg] [JointPositionController.cc:212] cmd_min: [-1000]
(2023-03-11T18:50:13.898499740) (2023-03-11T18:50:13.898507420) [Dbg] [JointPositionController.cc:213] cmd_offset: [0]
(2023-03-11T18:50:13.898534720) (2023-03-11T18:50:13.898544650) [Dbg] [JointPositionController.cc:214] Topic: [usv/right/thruster/joint/cmd_pos]
(2023-03-11T18:50:13.898575350) (2023-03-11T18:50:13.898584581) [Dbg] [JointPositionController.cc:215] initial_position: [0]
(2023-03-11T18:50:13.898619181) (2023-03-11T18:50:13.898628061) [Dbg] [SystemManager.cc:58] Loaded system [ignition::gazebo::systems::JointPositionController] for entity [174]
(2023-03-11T18:50:13.898872511) (2023-03-11T18:50:13.898883191) [Msg] Using Pierson-Moskowitz spectrum sampling wavefield model 
(2023-03-11T18:50:13.899016492) (2023-03-11T18:50:13.899027482) [Msg] Using Pierson-Moskowitz spectrum sampling wavefield model 
(2023-03-11T18:50:13.899091132) (2023-03-11T18:50:13.899103202) [Msg] Input Parameters:
(2023-03-11T18:50:13.899133652) (2023-03-11T18:50:13.899146022) [Msg] model:     PMS
(2023-03-11T18:50:13.899183822) (2023-03-11T18:50:13.899196682) [Msg] number:     3
(2023-03-11T18:50:13.899234932) (2023-03-11T18:50:13.899247632) [Msg] scale:      1.1
(2023-03-11T18:50:13.899288933) (2023-03-11T18:50:13.899302023) [Msg] angle:      0.4
(2023-03-11T18:50:13.899340053) (2023-03-11T18:50:13.899350783) [Msg] steepness:  0
(2023-03-11T18:50:13.899380533) (2023-03-11T18:50:13.899390543) [Msg] amplitude:  0
(2023-03-11T18:50:13.899425703) (2023-03-11T18:50:13.899439203) [Msg] period:     5
(2023-03-11T18:50:13.899471673) (2023-03-11T18:50:13.899483433) [Msg] direction:  1 0
(2023-03-11T18:50:13.899527253) (2023-03-11T18:50:13.899538923) [Msg] tau:  2
(2023-03-11T18:50:13.899571853) (2023-03-11T18:50:13.899583263) [Msg] gain:  0.3
(2023-03-11T18:50:13.899615544) (2023-03-11T18:50:13.899626264) [Msg] Derived Parameters:
(2023-03-11T18:50:13.899658754) (2023-03-11T18:50:13.899669824) [Msg] amplitudes:  0.0363502, 0.0392277, 0.0385703, 
(2023-03-11T18:50:13.899718574) (2023-03-11T18:50:13.899727424) [Msg] wavenumbers: 0.133171, 0.161136, 0.194975, 
(2023-03-11T18:50:13.899774904) (2023-03-11T18:50:13.899784014) [Msg] omegas:      1.1424, 1.25664, 1.3823, 
(2023-03-11T18:50:13.899830394) (2023-03-11T18:50:13.899839894) [Msg] periods:     (2023-03-11T18:50:13.899857434) (2023-03-11T18:50:13.899866514) [Msg] 5.5, (2023-03-11T18:50:13.899887034) (2023-03-11T18:50:13.899895894) [Msg] 5, (2023-03-11T18:50:13.899918194) (2023-03-11T18:50:13.899926345) [Msg] 4.54545, (2023-03-11T18:50:13.899947445) (2023-03-11T18:50:13.899955985) [Msg] 
(2023-03-11T18:50:13.899973285) (2023-03-11T18:50:13.899982755) [Msg] phases:      0, 0, 0, 
(2023-03-11T18:50:13.900026965) (2023-03-11T18:50:13.900036525) [Msg] steepnesses: 0, 0, 0, 
(2023-03-11T18:50:13.900081675) (2023-03-11T18:50:13.900089795) [Msg] directions:  (2023-03-11T18:50:13.900109785) (2023-03-11T18:50:13.900119055) [Msg] 0.921061 -0.389418; (2023-03-11T18:50:13.900149805) (2023-03-11T18:50:13.900159655) [Msg] 1 0; (2023-03-11T18:50:13.900188815) (2023-03-11T18:50:13.900197765) [Msg] 0.921061 0.389418; (2023-03-11T18:50:13.900226655) (2023-03-11T18:50:13.900235435) [Msg] 
(2023-03-11T18:50:13.900262446) (2023-03-11T18:50:13.900270916) [Dbg] [Surface.cc:161] Surface plugin successfully configured with the following parameters:
(2023-03-11T18:50:13.900297836) (2023-03-11T18:50:13.900307866) [Dbg] [Surface.cc:163]   <link_name>: base_link
(2023-03-11T18:50:13.900334516) (2023-03-11T18:50:13.900344296) [Dbg] [Surface.cc:164]   <vehicle_length>: 6
(2023-03-11T18:50:13.900370576) (2023-03-11T18:50:13.900378756) [Dbg] [Surface.cc:165]   <vehicle_width>: 3.3
(2023-03-11T18:50:13.900405556) (2023-03-11T18:50:13.900415156) [Dbg] [Surface.cc:166]   <hull_radius>: 0.27
(2023-03-11T18:50:13.900441266) (2023-03-11T18:50:13.900450196) [Dbg] [Surface.cc:167]   <num_samples>: 2
(2023-03-11T18:50:13.900476546) (2023-03-11T18:50:13.900485536) [Dbg] [Surface.cc:168]   <fluid_level>: 0.45
(2023-03-11T18:50:13.900512506) (2023-03-11T18:50:13.900520546) [Dbg] [Surface.cc:169]   <fluid_density>: 997.774
(2023-03-11T18:50:13.900552706) (2023-03-11T18:50:13.900564376) [Dbg] [SystemManager.cc:58] Loaded system [ignition::gazebo::systems::Surface] for entity [174]
(2023-03-11T18:50:13.900874777) (2023-03-11T18:50:13.900885797) [Dbg] [SimpleHydrodynamics.cc:167] SimpleHydrodynamics plugin successfully configured with the following parameters:
(2023-03-11T18:50:13.900913577) (2023-03-11T18:50:13.900922457) [Dbg] [SimpleHydrodynamics.cc:169]   <link_name>: base_link
(2023-03-11T18:50:13.900950388) (2023-03-11T18:50:13.900959378) [Dbg] [SimpleHydrodynamics.cc:170]   <xDotU>: 0
(2023-03-11T18:50:13.900987398) (2023-03-11T18:50:13.900996948) [Dbg] [SimpleHydrodynamics.cc:171]   <yDotV>: 0
(2023-03-11T18:50:13.901027948) (2023-03-11T18:50:13.901039858) [Dbg] [SimpleHydrodynamics.cc:172]   <zDotW>: 0.1
(2023-03-11T18:50:13.901070798) (2023-03-11T18:50:13.901080068) [Dbg] [SimpleHydrodynamics.cc:173]   <kDotP>: 0.1
(2023-03-11T18:50:13.901131658) (2023-03-11T18:50:13.901141218) [Dbg] [SimpleHydrodynamics.cc:174]   <mDotQ>: 0.1
(2023-03-11T18:50:13.901166458) (2023-03-11T18:50:13.901175548) [Dbg] [SimpleHydrodynamics.cc:175]   <nDotR>: 0
(2023-03-11T18:50:13.901202408) (2023-03-11T18:50:13.901211338) [Dbg] [SimpleHydrodynamics.cc:176]   <xU>: 51.3
(2023-03-11T18:50:13.901237278) (2023-03-11T18:50:13.901246828) [Dbg] [SimpleHydrodynamics.cc:177]   <xUU>: 72.4
(2023-03-11T18:50:13.901275289) (2023-03-11T18:50:13.901283969) [Dbg] [SimpleHydrodynamics.cc:178]   <yV>: 40
(2023-03-11T18:50:13.901310439) (2023-03-11T18:50:13.901319389) [Dbg] [SimpleHydrodynamics.cc:179]   <yVV>: 0
(2023-03-11T18:50:13.901344979) (2023-03-11T18:50:13.901355149) [Dbg] [SimpleHydrodynamics.cc:180]   <zW>: 500
(2023-03-11T18:50:13.901383169) (2023-03-11T18:50:13.901395859) [Dbg] [SimpleHydrodynamics.cc:181]   <zWW>: 0
(2023-03-11T18:50:13.901423719) (2023-03-11T18:50:13.901437439) [Dbg] [SimpleHydrodynamics.cc:182]   <kP>: 100
(2023-03-11T18:50:13.901465219) (2023-03-11T18:50:13.901477879) [Dbg] [SimpleHydrodynamics.cc:183]   <kPP>: 0
(2023-03-11T18:50:13.901514989) (2023-03-11T18:50:13.901527589) [Dbg] [SimpleHydrodynamics.cc:184]   <mQ>: 100
(2023-03-11T18:50:13.901565689) (2023-03-11T18:50:13.901577499) [Dbg] [SimpleHydrodynamics.cc:185]   <mQQ>: 0
(2023-03-11T18:50:13.901615440) (2023-03-11T18:50:13.901625400) [Dbg] [SimpleHydrodynamics.cc:186]   <nR>: 400
(2023-03-11T18:50:13.901661540) (2023-03-11T18:50:13.901673610) [Dbg] [SimpleHydrodynamics.cc:187]   <nRR>: 0
(2023-03-11T18:50:13.901718100) (2023-03-11T18:50:13.901735590) [Dbg] [SystemManager.cc:58] Loaded system [ignition::gazebo::systems::SimpleHydrodynamics] for entity [174]
(2023-03-11T18:50:13.903146584) (2023-03-11T18:50:13.903158244) [Dbg] [SystemManager.cc:58] Loaded system [ignition::gazebo::systems::PosePublisher] for entity [174]
(2023-03-11T18:50:13.903395255) (2023-03-11T18:50:13.903405905) [Msg] EntityDetector publishing messages on [/mbzirc/target_object_detector/placed]
(2023-03-11T18:50:13.903564885) (2023-03-11T18:50:13.903575285) [Dbg] [SystemManager.cc:58] Loaded system [mbzirc::EntityDetector] for entity [174]
(2023-03-11T18:50:13.903792596) (2023-03-11T18:50:13.903803096) [Msg] EntityDetector publishing messages on [/mbzirc/target_object_detector/placed]
(2023-03-11T18:50:13.903951307) (2023-03-11T18:50:13.903962247) [Dbg] [SystemManager.cc:58] Loaded system [mbzirc::EntityDetector] for entity [174]
(2023-03-11T18:50:13.904209297) (2023-03-11T18:50:13.904220227) [Msg] EntityDetector publishing messages on [/mbzirc/target_object_detector/placed]
(2023-03-11T18:50:13.904360148) (2023-03-11T18:50:13.904370818) [Dbg] [SystemManager.cc:58] Loaded system [mbzirc::EntityDetector] for entity [174]
(2023-03-11T18:50:13.904601378) (2023-03-11T18:50:13.904612008) [Msg] EntityDetector publishing messages on [/mbzirc/target_object_detector/placed]
(2023-03-11T18:50:13.904755689) (2023-03-11T18:50:13.904765849) [Dbg] [SystemManager.cc:58] Loaded system [mbzirc::EntityDetector] for entity [174]
(2023-03-11T18:50:13.904975120) (2023-03-11T18:50:13.904986130) [Dbg] [SystemManager.cc:58] Loaded system [ignition::gazebo::systems::CommsEndpoint] for entity [174]
(2023-03-11T18:50:13.905460641) (2023-03-11T18:50:13.905474211) [Dbg] [UserCommands.cc:1303] Created entity [174] named [usv]
(2023-03-11T18:50:13.914306357) (2023-03-11T18:50:13.914343647) [Dbg] [Sensors.cc:584] Initialization needed
(2023-03-11T18:50:13.914466057) (2023-03-11T18:50:13.914498367) [Dbg] [Sensors.cc:240] Initializing render context
(2023-03-11T18:50:13.914685618) (2023-03-11T18:50:13.914712258) [Msg] Loading plugin [ignition-rendering-ogre2]
(2023-03-11T18:50:13.914880218) (2023-03-11T18:50:13.914899308) [Dbg] [ImuSensor.cc:148] IMU data for [usv::base_link::imu_sensor] advertised on [world/simple_demo/model/usv/link/base_link/sensor/imu_sensor/imu]
(2023-03-11T18:50:13.915058349) (2023-03-11T18:50:13.915075129) [Dbg] [GameLogicPlugin.cc:1991] New Competitor Platform: usv with 0sensors
(2023-03-11T18:50:13.917889896) (2023-03-11T18:50:13.917905976) ((2023-03-11T18:50:13.917938646(2023-03-11T18:50:13.917938646(2023-03-11T18:50:13.917938646(2023-03-11T18:50:13.917988227) (2023-03-11T18:50:13.918021757) (((2023-03-11T18:50:13.918094687) (2023-03-11T18:50:13.918117037) (2023-03-11T18:50:13.9180724072023-03-11T18:50:13.9181490872023-03-11T18:50:13.9180724072023-03-11T18:50:13.918149087) (2023-03-11T18:50:13.918172587) ) (2023-03-11T18:50:13.9182197572023-03-11T18:50:13.918219757((2023-03-11T18:50:13.918241407) (2023-03-11T18:50:13.918258077) ) ([Dbg] [SimulationRunner.cc:518] [Dbg] [SimulationRunner.cc:518] ) (2023-03-11T18:50:13.918328628) ) 2023-03-11T18:50:13.918297667) (2023-03-11T18:50:13.918376858) (5)
[Dbg] [SimulationRunner.cc:518] 2023-03-11T18:50:13.918412198) ([Dbg] [SimulationRunner.cc:518] [Dbg] [SimulationRunner.cc:518] 2023-03-11T18:50:13.918484998) (2023-03-11T18:50:13.918530518) (2023-03-11T18:50:13.918550098) ) [Dbg] [SimulationRunner.cc:518] 2023-03-11T18:50:13.918568388) (Exiting postupdate worker thread (2023-03-11T18:50:13.9186391082)
) [Dbg] [SimulationRunner.cc:518] Exiting postupdate worker thread (11)
[Dbg] [SimulationRunner.cc:518] [Dbg] [SimulationRunner.cc:518] [Dbg] [SimulationRunner.cc:518] Exiting postupdate worker thread (4))Exiting postupdate worker thread (10)
Exiting postupdate worker thread (0)
Exiting postupdate worker thread (6)
[Dbg] [SimulationRunner.cc:518] Exiting postupdate worker thread (Exiting postupdate worker thread (9)
Exiting postupdate worker thread (8)
3)
[Dbg] [SimulationRunner.cc:518] 1)
17)
(2023-03-11T18:50:13.919353311) (2023-03-11T18:50:13.919364191) [Dbg] [SimulationRunner.cc:491] Creating PostUpdate worker threads: 22
(2023-03-11T18:50:13.919398051) (2023-03-11T18:50:13.919409001) [Dbg] [SimulationRunner.cc:502] Creating postupdate worker thread (0)
(2023-03-11T18:50:13.919465451) (2023-03-11T18:50:13.919474431) [Dbg] [SimulationRunner.cc:502] Creating postupdate worker thread (1)
(2023-03-11T18:50:13.919523151) (2023-03-11T18:50:13.919533131) [Dbg] [SimulationRunner.cc:502] Creating postupdate worker thread (2)
(2023-03-11T18:50:13.919591431) (2023-03-11T18:50:13.919599861) [Dbg] [SimulationRunner.cc:502] Creating postupdate worker thread (3)
(2023-03-11T18:50:13.919648941) (2023-03-11T18:50:13.919660892) [Dbg] [SimulationRunner.cc:502] Creating postupdate worker thread (4)
(2023-03-11T18:50:13.919737322) (2023-03-11T18:50:13.919750772) [Dbg] [SimulationRunner.cc:502] Creating postupdate worker thread (5)
(2023-03-11T18:50:13.919813062) (2023-03-11T18:50:13.919824012) [Dbg] [SimulationRunner.cc:502] Creating postupdate worker thread (6)
(2023-03-11T18:50:13.919882422) (2023-03-11T18:50:13.919894052) [Dbg] [SimulationRunner.cc:502] Creating postupdate worker thread (7)
(2023-03-11T18:50:13.919951432) (2023-03-11T18:50:13.919963922) [Dbg] [SimulationRunner.cc:502] Creating postupdate worker thread (8)
(2023-03-11T18:50:13.920030733) (2023-03-11T18:50:13.920042483) [Dbg] [SimulationRunner.cc:502] Creating postupdate worker thread (9)
(2023-03-11T18:50:13.920111323) (2023-03-11T18:50:13.920123923) [Dbg] [SimulationRunner.cc:502] Creating postupdate worker thread (10)
(2023-03-11T18:50:13.920191033) (2023-03-11T18:50:13.920203893) [Dbg] [SimulationRunner.cc:502] Creating postupdate worker thread (11)
(2023-03-11T18:50:13.920275873) (2023-03-11T18:50:13.920287933) [Dbg] [SimulationRunner.cc:502] Creating postupdate worker thread (12)
(2023-03-11T18:50:13.920349304) (2023-03-11T18:50:13.920361244) [Dbg] [SimulationRunner.cc:502] Creating postupdate worker thread (13)
(2023-03-11T18:50:13.920423044) (2023-03-11T18:50:13.920432724) [Dbg] [SimulationRunner.cc:502] Creating postupdate worker thread (14)
(2023-03-11T18:50:13.920494214) (2023-03-11T18:50:13.920505794) [Dbg] [SimulationRunner.cc:502] Creating postupdate worker thread (15)
(2023-03-11T18:50:13.920565084) (2023-03-11T18:50:13.920576924) [Dbg] [SimulationRunner.cc:502] Creating postupdate worker thread (16)
(2023-03-11T18:50:13.920629294) (2023-03-11T18:50:13.920638374) [Dbg] [SimulationRunner.cc:502] Creating postupdate worker thread (17)
(2023-03-11T18:50:13.920686605) (2023-03-11T18:50:13.920695385) [Dbg] [SimulationRunner.cc:502] Creating postupdate worker thread (18)
(2023-03-11T18:50:13.920748025) (2023-03-11T18:50:13.920757025) [Dbg] [SimulationRunner.cc:502] Creating postupdate worker thread (19)
(2023-03-11T18:50:13.920822365) (2023-03-11T18:50:13.920833325) [Dbg] [SimulationRunner.cc:502] Creating postupdate worker thread (20)
(2023-03-11T18:50:13.921322606) (2023-03-11T18:50:13.921336517) [Msg] Address [usv] bound to model [usv] on topic [model/usv/rx]
(2023-03-11T18:50:13.921390787) (2023-03-11T18:50:13.921402337) [Dbg] [CommsEndpoint.cc:89] Succesfuly bound to [usv] on topic [model/usv/rx]
(2023-03-11T18:50:14.365204750) (2023-03-11T18:50:14.365215980) [Dbg] [RenderUtil.cc:2529] Create scene [scene]
(2023-03-11T18:50:14.403978422) (2023-03-11T18:50:14.403992642) [Dbg] [Sensors.cc:254] Rendering Thread initialized
(2023-03-11T18:50:14.408007714) (2023-03-11T18:50:14.408027494) [Wrn] [Ogre2Heightmap.cc:125] Heightmap final sampling should be 2^n
 which differs from ogre1's 2^n+1
The last row and column will be cropped
size = (width * sampling) - sampling + 1
[257] = ([257] * [1]) - [1] + 1
(2023-03-11T18:50:14.413729971) (2023-03-11T18:50:14.413757731) [Msg] Loading heightmap: scene::Heightmap(65478)
(2023-03-11T18:50:14.413814632) (2023-03-11T18:50:14.413831962) [Msg] Heightmap loaded. Process took 0 ms.
(2023-03-11T18:50:18.45446980) (2023-03-11T18:50:18.45466400) [Dbg] [Ogre2ParticleEmitter.cc:514] Particle emitter initialized
(2023-03-11T18:50:18.45660201) (2023-03-11T18:50:18.45675741) [Dbg] [Ogre2ParticleEmitter.cc:514] Particle emitter initialized
(2023-03-11T18:50:18.45846501) (2023-03-11T18:50:18.45855721) [Dbg] [Ogre2ParticleEmitter.cc:514] Particle emitter initialized
(2023-03-11T18:50:18.700621922) (2023-03-11T18:50:18.700636372) [Dbg] [Ogre2ParticleEmitter.cc:514] Particle emitter initialized
(2023-03-11T18:50:18.700816733) (2023-03-11T18:50:18.700826203) [Dbg] [Ogre2ParticleEmitter.cc:514] Particle emitter initialized
(2023-03-11T18:50:18.700951993) (2023-03-11T18:50:18.700962013) [Dbg] [Ogre2ParticleEmitter.cc:514] Particle emitter initialized
(2023-03-11T18:50:18.715280424) (2023-03-11T18:50:18.715299424) [Dbg] [Lidar.cc:122] Laser scans for [usv::sensor_6::sensor_link::lidar] advertised on [world/simple_demo/model/usv/model/sensor_6/link/sensor_link/sensor/lidar/scan]
(2023-03-11T18:50:18.715546885) (2023-03-11T18:50:18.715562745) [Dbg] [GpuLidarSensor.cc:164] Lidar points for [usv::sensor_6::sensor_link::lidar] advertised on [world/simple_demo/model/usv/model/sensor_6/link/sensor_link/sensor/lidar/scan/points]
(2023-03-11T18:50:18.715848176) (2023-03-11T18:50:18.715862926) [Msg] Loading plugin [ignition-rendering-ogre2]
(2023-03-11T18:50:18.874095504) (2023-03-11T18:50:18.874126315) [Dbg] [EntityComponentManager.cc:1587] Updated state thread iterators: 24 threads processing around 10 entities each.
(2023-03-11T18:50:31.112931850) (2023-03-11T18:50:31.112949310) [Msg] Scoring has Started
(2023-03-11T18:50:31.113255211) (2023-03-11T18:50:31.113268451) [Err] [GameLogicPlugin.cc:2121] Invalid configuration detected: 
[usv] Initial Position (10 40 0.299843) is not in the starting area -15 -15 -5 15 15 5
(2023-03-11T18:50:50.929607314) (2023-03-11T18:50:50.929629574) [Dbg] [EntityComponentManager.cc:1587] Updated state thread iterators: 24 threads processing around 10 entities each.
(2023-03-11T18:50:59.920953182) (2023-03-11T18:50:59.920978842) [Dbg] [SignalHandler.cc:141] Received signal[2].
(2023-03-11T18:50:59.921034252) (2023-03-11T18:50:59.921052242) [Dbg] [ServerPrivate.cc:110] Server received signal[2]
(2023-03-11T18:50:59.921120573) (2023-03-11T18:50:59.921138383) [Dbg] [Sensors.cc:406] SensorsPrivate::Stop
(2023-03-11T18:50:59.923416689) (2023-03-11T18:50:59.923442919) [Dbg] [Sensors.cc:392] SensorsPrivate::RenderThread stopped
(2023-03-11T18:50:59.931219511) (2023-03-11T18:50:59.931239211) [Dbg] [ign.cc:410] Shutting down ign-gazebo-server
(((((((((((((((((2023-03-11T18:50:59.9342686402023-03-11T18:50:59.9342686402023-03-11T18:50:59.934273810) (2023-03-11T18:50:59.934324360) (2023-03-11T18:50:59.934929922) ((((2023-03-11T18:50:59.935006002) (2023-03-11T18:50:59.935032012) ) () (2023-03-11T18:50:59.934956532) ) (2023-03-11T18:50:59.935420213) ((2023-03-11T18:50:59.935498564) (2023-03-11T18:50:59.935533224) [Dbg] [SimulationRunner.cc:518] 2023-03-11T18:50:59.934935552) (2023-03-11T18:50:59.9356108042023-03-11T18:50:59.9356108042023-03-11T18:50:59.935610804(((2023-03-11T18:50:59.935645504) (2023-03-11T18:50:59.935671784) 2023-03-11T18:50:59.935360843) (2023-03-11T18:50:59.9357193342023-03-11T18:50:59.9357193342023-03-11T18:50:59.9354707142023-03-11T18:50:59.935738394) ) (2023-03-11T18:50:59.935776924) (2023-03-11T18:50:59.935805435) ) ) (2023-03-11T18:50:59.935871655) 2023-03-11T18:50:59.935899555) (2023-03-11T18:50:59.935920135) 2023-03-11T18:50:59.9355038442023-03-11T18:50:59.935937165) (2023-03-11T18:50:59.935967155) [Dbg] [SimulationRunner.cc:518] [Dbg] [SimulationRunner.cc:518] Exiting postupdate worker thread ([Dbg] [SimulationRunner.cc:518] ) 1)2023-03-11T18:50:59.935826715) 2023-03-11T18:50:59.936076425) (2023-03-11T18:50:59.936106255) (2023-03-11T18:50:59.936142976) (2023-03-11T18:50:59.936183426) 
[Dbg] [SimulationRunner.cc:518] ) (2023-03-11T18:50:59.936241846) () ) 2023-03-11T18:50:59.936280656) 2023-03-11T18:50:59.936280656) (2023-03-11T18:50:59.936310876) (2023-03-11T18:50:59.936344916) ) 15)
) ) 2023-03-11T18:50:59.9363999662023-03-11T18:50:59.936421336) [Dbg] [SimulationRunner.cc:518] [Dbg] [SimulationRunner.cc:518] [Dbg] [SimulationRunner.cc:518] [Dbg] [SimulationRunner.cc:518] ) (2023-03-11T18:50:59.936472276) [Dbg] [SimulationRunner.cc:518] [Dbg] [SimulationRunner.cc:518] Exiting postupdate worker thread (Exiting postupdate worker thread (7)
[Dbg] [SimulationRunner.cc:518] [Dbg] [SimulationRunner.cc:518] Exiting postupdate worker thread (6)
[Dbg] [SimulationRunner.cc:518] [Dbg] [SimulationRunner.cc:518] Exiting postupdate worker thread ([Dbg] [SimulationRunner.cc:518] [Dbg] [SimulationRunner.cc:518] Exiting postupdate worker thread (5)
Exiting postupdate worker thread ([Dbg] [SimulationRunner.cc:518] Exiting postupdate worker thread ([Dbg] [SimulationRunner.cc:518] 17)
Exiting postupdate worker thread ([Dbg] [SimulationRunner.cc:518] [Dbg] [SimulationRunner.cc:518] Exiting postupdate worker thread (Exiting postupdate worker thread (13)
)
Exiting postupdate worker thread (999[Dbg] [SimulationRunner.cc:518] Exiting postupdate worker thread ([Dbg] [SimulationRunner.cc:518] 11)
Exiting postupdate worker thread (19)
Exiting postupdate worker thread (Exiting postupdate worker thread (2)
Exiting postupdate worker thread (14)
Exiting postupdate worker thread ([Dbg] [SimulationRunner.cc:518] )
)
Exiting postupdate worker thread (Exiting postupdate worker thread (8)
Exiting postupdate worker thread (1210)
103)
Exiting postupdate worker thread (18)18))

16)
(2023-03-11T18:50:59.973288759) (2023-03-11T18:50:59.973307149) [Dbg] [Sensors.cc:406] SensorsPrivate::Stop
(2023-03-11T18:50:59.995531602) (2023-03-11T18:50:59.995548902) [Msg] Stopping recording
(2023-03-11T18:50:59.999439802) (2023-03-11T18:50:59.999460712) [Msg] Scoring has finished. Elapsed real time: 28 seconds. Elapsed sim time: 28 seconds. 
