(2023-05-19T00:53:43.396846527) (2023-05-19T00:53:43.396861037) [Msg] Ignition Gazebo Server v6.11.0
(2023-05-19T00:53:43.400307868) (2023-05-19T00:53:43.400329488) [Msg] Loading SDF world file[/home/developer/mbzirc_ws/install/share/mbzirc_ign/worlds/simple_demo.sdf].
(2023-05-19T00:53:43.701419228) (2023-05-19T00:53:43.701435298) [Msg] Serving entity system service on [/entity/system/add]
(2023-05-19T00:53:43.734636016) (2023-05-19T00:53:43.734654456) [Dbg] [Physics.cc:803] Loaded [ignition::physics::dartsim::Plugin] from library [/usr/lib/x86_64-linux-gnu/ign-physics-5/engine-plugins/libignition-physics-dartsim-plugin.so]
(2023-05-19T00:53:43.734735296) (2023-05-19T00:53:43.734746436) [Dbg] [SystemManager.cc:58] Loaded system [ignition::gazebo::systems::Physics] for entity [1]
(2023-05-19T00:53:43.736421687) (2023-05-19T00:53:43.736431697) [Msg] Create service on [/world/simple_demo/create]
(2023-05-19T00:53:43.736537407) (2023-05-19T00:53:43.736547627) [Msg] Remove service on [/world/simple_demo/remove]
(2023-05-19T00:53:43.736651397) (2023-05-19T00:53:43.736662017) [Msg] Pose service on [/world/simple_demo/set_pose]
(2023-05-19T00:53:43.736758437) (2023-05-19T00:53:43.736768697) [Msg] Pose service on [/world/simple_demo/set_pose_vector]
(2023-05-19T00:53:43.736889137) (2023-05-19T00:53:43.736900267) [Msg] Light configuration service on [/world/simple_demo/light_config]
(2023-05-19T00:53:43.737090887) (2023-05-19T00:53:43.737103537) [Msg] Physics service on [/world/simple_demo/set_physics]
(2023-05-19T00:53:43.737229487) (2023-05-19T00:53:43.737242027) [Msg] SphericalCoordinates service on [/world/simple_demo/set_spherical_coordinates]
(2023-05-19T00:53:43.737324437) (2023-05-19T00:53:43.737335397) [Msg] Enable collision service on [/world/simple_demo/enable_collision]
(2023-05-19T00:53:43.737404907) (2023-05-19T00:53:43.737417317) [Msg] Disable collision service on [/world/simple_demo/disable_collision]
(2023-05-19T00:53:43.737565617) (2023-05-19T00:53:43.737576387) [Msg] Material service on [/world/simple_demo/visual_config]
(2023-05-19T00:53:43.737695667) (2023-05-19T00:53:43.737710067) [Msg] Material service on [/world/simple_demo/wheel_slip]
(2023-05-19T00:53:43.737754457) (2023-05-19T00:53:43.737762697) [Dbg] [SystemManager.cc:58] Loaded system [ignition::gazebo::systems::UserCommands] for entity [1]
(2023-05-19T00:53:43.757849628) (2023-05-19T00:53:43.757860608) [Dbg] [Sensors.cc:479] Configuring Sensors system
(2023-05-19T00:53:43.757924068) (2023-05-19T00:53:43.757933428) [Dbg] [Sensors.cc:398] SensorsPrivate::Run
(2023-05-19T00:53:43.757999558) (2023-05-19T00:53:43.758009378) [Dbg] [SystemManager.cc:58] Loaded system [ignition::gazebo::systems::Sensors] for entity [1]
(2023-05-19T00:53:43.758052168) (2023-05-19T00:53:43.758096548) [Dbg] [Sensors.cc:378] SensorsPrivate::RenderThread started
(2023-05-19T00:53:43.758143068) (2023-05-19T00:53:43.758157988) [Dbg] [Sensors.cc:228] Waiting for init
(2023-05-19T00:53:43.759488309) (2023-05-19T00:53:43.759500369) [Dbg] [SystemManager.cc:58] Loaded system [ignition::gazebo::systems::AirPressure] for entity [1]
(2023-05-19T00:53:43.760946500) (2023-05-19T00:53:43.760957770) [Dbg] [SystemManager.cc:58] Loaded system [ignition::gazebo::systems::Altimeter] for entity [1]
(2023-05-19T00:53:43.762417671) (2023-05-19T00:53:43.762431401) [Dbg] [SystemManager.cc:58] Loaded system [ignition::gazebo::systems::Imu] for entity [1]
(2023-05-19T00:53:43.763880521) (2023-05-19T00:53:43.763893591) [Dbg] [SystemManager.cc:58] Loaded system [ignition::gazebo::systems::Magnetometer] for entity [1]
(2023-05-19T00:53:43.765327582) (2023-05-19T00:53:43.765338692) [Dbg] [SystemManager.cc:58] Loaded system [ignition::gazebo::systems::ForceTorque] for entity [1]
(2023-05-19T00:53:43.766439862) (2023-05-19T00:53:43.766451802) [Msg] Serving particle emitter information on [/world/simple_demo/particle_emitters]
(2023-05-19T00:53:43.766498602) (2023-05-19T00:53:43.766508092) [Dbg] [SystemManager.cc:58] Loaded system [ignition::gazebo::systems::ParticleEmitter2] for entity [1]
(2023-05-19T00:53:43.767747553) (2023-05-19T00:53:43.767766773) [Dbg] [SystemManager.cc:58] Loaded system [ignition::gazebo::systems::SceneBroadcaster] for entity [1]
(2023-05-19T00:53:43.768675634) (2023-05-19T00:53:43.768685344) [Dbg] [SystemManager.cc:58] Loaded system [ignition::gazebo::systems::Contact] for entity [1]
(2023-05-19T00:53:43.769721865) (2023-05-19T00:53:43.769731725) [Dbg] [RFComms.cc:385] Range configuration:
RF Configuration (range-based)
-- max_range: 500000
-- fading_exponent: 2.6
-- l0: 40
-- sigma: 10

(2023-05-19T00:53:43.769843425) (2023-05-19T00:53:43.769853155) [Dbg] [RFComms.cc:388] Radio configuration:
Radio Configuration
-- capacity: 1e+06
-- tx_power: 25
-- noise_floor: -90
-- modulation: QPSK

(2023-05-19T00:53:43.770118665) (2023-05-19T00:53:43.770132825) [Dbg] [Broker.cc:113] Broker services:
(2023-05-19T00:53:43.770163755) (2023-05-19T00:53:43.770172725) [Dbg] [Broker.cc:114]   Bind: [/broker/bind]
(2023-05-19T00:53:43.770206795) (2023-05-19T00:53:43.770220045) [Dbg] [Broker.cc:115]   Unbind: [/broker/unbind]
(2023-05-19T00:53:43.770248165) (2023-05-19T00:53:43.770257015) [Dbg] [Broker.cc:116] Broker topics:
(2023-05-19T00:53:43.770285325) (2023-05-19T00:53:43.770297285) [Dbg] [Broker.cc:117]   Incoming messages: [/broker/msgs]
(2023-05-19T00:53:43.770339735) (2023-05-19T00:53:43.770351665) [Dbg] [SystemManager.cc:58] Loaded system [ignition::gazebo::systems::RFComms] for entity [1]
(2023-05-19T00:53:43.772559037) (2023-05-19T00:53:43.772571867) [Dbg] [RFRange.cc:339] RFRange sensor range configuration:
RF Configuration (range-based)
-- max_range: 500000
-- fading_exponent: 2.6
-- l0: 40
-- sigma: 0.005
-- rssi_1: -15

(2023-05-19T00:53:43.772709997) (2023-05-19T00:53:43.772720887) [Dbg] [RFRange.cc:342] RFRange sensor radio configuration:
Radio Configuration
-- tx_power: 25
-- noise_floor: -90

(2023-05-19T00:53:43.772806207) (2023-05-19T00:53:43.772814677) [Dbg] [SystemManager.cc:58] Loaded system [ignition::gazebo::systems::RFRange] for entity [1]
(2023-05-19T00:53:43.776181168) (2023-05-19T00:53:43.776191128) [Msg] Overwriting existing file [/tmp/ign/mbzirc/playback/state.tlog]
(2023-05-19T00:53:43.779166510) (2023-05-19T00:53:43.779180880) [Msg] Recording to log file [/tmp/ign/mbzirc/playback/state.tlog]
(2023-05-19T00:53:43.779225040) (2023-05-19T00:53:43.779240400) [Dbg] [LogRecord.cc:334] Recording default topic[/playback/sdf].
(2023-05-19T00:53:43.779273380) (2023-05-19T00:53:43.779285110) [Dbg] [LogRecord.cc:335] Recording default topic[/world/simple_demo/changed_state].
(2023-05-19T00:53:43.818229970) (2023-05-19T00:53:43.818251500) [Dbg] [SystemManager.cc:58] Loaded system [ignition::gazebo::systems::LogRecord] for entity [1]
(2023-05-19T00:53:43.820408572) (2023-05-19T00:53:43.820432322) [Dbg] [SystemManager.cc:58] Loaded system [ignition::gazebo::systems::WindEffects] for entity [1]
(2023-05-19T00:53:43.823735593) (2023-05-19T00:53:43.823749493) [Msg] MBZIRC log path: /tmp/ign/mbzirc/logs
(2023-05-19T00:53:43.824056583) (2023-05-19T00:53:43.824068403) [Msg] Run duration set to 3600 seconds.
(2023-05-19T00:53:43.824140863) (2023-05-19T00:53:43.824153113) [Msg] Geofence boundary min: -70 -70 -25, max: 70 70 121.92
(2023-05-19T00:53:43.824263773) (2023-05-19T00:53:43.824274943) [Msg] Start area boundary min: -15 -15 -5, max: 15 15 5
(2023-05-19T00:53:43.824369323) (2023-05-19T00:53:43.824381643) [Msg] Setup duration set to 600 seconds.
(2023-05-19T00:53:43.824422293) (2023-05-19T00:53:43.824435173) [Msg] Target vessel: Vessel A
(2023-05-19T00:53:43.824497673) (2023-05-19T00:53:43.824509353) [Msg]   Small object: small_blue_box_a
(2023-05-19T00:53:43.824543963) (2023-05-19T00:53:43.824554603) [Msg]   Small object: small_blue_box_a_duplicate
(2023-05-19T00:53:43.824589453) (2023-05-19T00:53:43.824601293) [Msg]   Large object: large_dry_box_a
(2023-05-19T00:53:43.824633333) (2023-05-19T00:53:43.824647813) [Msg]   Large object: large_dry_box_a_duplicate
(2023-05-19T00:53:43.825757604) (2023-05-19T00:53:43.825771204) [Msg] Starting MBZIRC
(2023-05-19T00:53:43.825903484) (2023-05-19T00:53:43.825915724) [Dbg] [SystemManager.cc:58] Loaded system [mbzirc::GameLogicPlugin] for entity [1]
(2023-05-19T00:53:43.830921537) (2023-05-19T00:53:43.830936097) [Msg] Using Pierson-Moskowitz spectrum sampling wavefield model 
(2023-05-19T00:53:43.831233827) (2023-05-19T00:53:43.831247737) [Msg] Using Pierson-Moskowitz spectrum sampling wavefield model 
(2023-05-19T00:53:44.296635555) (2023-05-19T00:53:44.296664595) [Msg] Input Parameters:
(2023-05-19T00:53:44.296729685) (2023-05-19T00:53:44.296753655) [Msg] model:     PMS
(2023-05-19T00:53:44.296824455) (2023-05-19T00:53:44.296847455) [Msg] number:     3
(2023-05-19T00:53:44.296919525) (2023-05-19T00:53:44.296944025) [Msg] scale:      1.1
(2023-05-19T00:53:44.297018545) (2023-05-19T00:53:44.297043565) [Msg] angle:      0.4
(2023-05-19T00:53:44.297110405) (2023-05-19T00:53:44.297133345) [Msg] steepness:  0
(2023-05-19T00:53:44.297199505) (2023-05-19T00:53:44.297222695) [Msg] amplitude:  0
(2023-05-19T00:53:44.297286785) (2023-05-19T00:53:44.297310815) [Msg] period:     5
(2023-05-19T00:53:44.297377665) (2023-05-19T00:53:44.297402295) [Msg] direction:  1 0
(2023-05-19T00:53:44.297501365) (2023-05-19T00:53:44.297525825) [Msg] tau:  2
(2023-05-19T00:53:44.297606995) (2023-05-19T00:53:44.297632115) [Msg] gain:  0.3
(2023-05-19T00:53:44.297700215) (2023-05-19T00:53:44.297724665) [Msg] Derived Parameters:
(2023-05-19T00:53:44.297781035) (2023-05-19T00:53:44.297805235) [Msg] amplitudes:  0.0363502, 0.0392277, 0.0385703, 
(2023-05-19T00:53:44.297959326) (2023-05-19T00:53:44.297984826) [Msg] wavenumbers: 0.133171, 0.161136, 0.194975, 
(2023-05-19T00:53:44.298103586) (2023-05-19T00:53:44.298128176) [Msg] omegas:      1.1424, 1.25664, 1.3823, 
(2023-05-19T00:53:44.298246996) (2023-05-19T00:53:44.298271796) [Msg] periods:     (2023-05-19T00:53:44.298333556) (2023-05-19T00:53:44.298357956) [Msg] 5.5, (2023-05-19T00:53:44.298419146) (2023-05-19T00:53:44.298442296) [Msg] 5, (2023-05-19T00:53:44.298498236) (2023-05-19T00:53:44.298520586) [Msg] 4.54545, (2023-05-19T00:53:44.298575306) (2023-05-19T00:53:44.298599246) [Msg] 
(2023-05-19T00:53:44.298645436) (2023-05-19T00:53:44.298670666) [Msg] phases:      0, 0, 0, 
(2023-05-19T00:53:44.298790696) (2023-05-19T00:53:44.298814246) [Msg] steepnesses: 0, 0, 0, 
(2023-05-19T00:53:44.298934006) (2023-05-19T00:53:44.298957646) [Msg] directions:  (2023-05-19T00:53:44.299012296) (2023-05-19T00:53:44.299035576) [Msg] 0.921061 -0.389418; (2023-05-19T00:53:44.299121556) (2023-05-19T00:53:44.299146116) [Msg] 1 0; (2023-05-19T00:53:44.299222276) (2023-05-19T00:53:44.299246516) [Msg] 0.921061 0.389418; (2023-05-19T00:53:44.299325747) (2023-05-19T00:53:44.299350417) [Msg] 
(2023-05-19T00:53:44.300110687) (2023-05-19T00:53:44.300139877) [Dbg] [SystemManager.cc:58] Loaded system [ignition::gazebo::systems::WaveVisual] for entity [23]
(2023-05-19T00:53:44.304641410) (2023-05-19T00:53:44.304669590) [Msg] Using Pierson-Moskowitz spectrum sampling wavefield model 
(2023-05-19T00:53:44.305114121) (2023-05-19T00:53:44.305141171) [Msg] Using Pierson-Moskowitz spectrum sampling wavefield model 
(2023-05-19T00:53:44.305249011) (2023-05-19T00:53:44.305273191) [Msg] Input Parameters:
(2023-05-19T00:53:44.305331031) (2023-05-19T00:53:44.305349841) [Msg] model:     PMS
(2023-05-19T00:53:44.305403791) (2023-05-19T00:53:44.305422201) [Msg] number:     3
(2023-05-19T00:53:44.305476061) (2023-05-19T00:53:44.305495371) [Msg] scale:      1.1
(2023-05-19T00:53:44.305551111) (2023-05-19T00:53:44.305570101) [Msg] angle:      0.4
(2023-05-19T00:53:44.305647661) (2023-05-19T00:53:44.305667521) [Msg] steepness:  0
(2023-05-19T00:53:44.305722871) (2023-05-19T00:53:44.305742571) [Msg] amplitude:  0
(2023-05-19T00:53:44.305796691) (2023-05-19T00:53:44.305814261) [Msg] period:     5
(2023-05-19T00:53:44.305868311) (2023-05-19T00:53:44.305888221) [Msg] direction:  1 0
(2023-05-19T00:53:44.305958601) (2023-05-19T00:53:44.305978101) [Msg] tau:  2
(2023-05-19T00:53:44.306032651) (2023-05-19T00:53:44.306050831) [Msg] gain:  0.3
(2023-05-19T00:53:44.306103851) (2023-05-19T00:53:44.306122211) [Msg] Derived Parameters:
(2023-05-19T00:53:44.306182571) (2023-05-19T00:53:44.306201011) [Msg] amplitudes:  0.0363502, 0.0392277, 0.0385703, 
(2023-05-19T00:53:44.306300381) (2023-05-19T00:53:44.306320491) [Msg] wavenumbers: 0.133171, 0.161136, 0.194975, 
(2023-05-19T00:53:44.306419101) (2023-05-19T00:53:44.306438731) [Msg] omegas:      1.1424, 1.25664, 1.3823, 
(2023-05-19T00:53:44.306515061) (2023-05-19T00:53:44.306526821) [Msg] periods:     (2023-05-19T00:53:44.306550221) (2023-05-19T00:53:44.306561701) [Msg] 5.5, (2023-05-19T00:53:44.306590431) (2023-05-19T00:53:44.306602451) [Msg] 5, (2023-05-19T00:53:44.306629651) (2023-05-19T00:53:44.306641511) [Msg] 4.54545, (2023-05-19T00:53:44.306668891) (2023-05-19T00:53:44.306680261) [Msg] 
(2023-05-19T00:53:44.306702911) (2023-05-19T00:53:44.306715101) [Msg] phases:      0, 0, 0, 
(2023-05-19T00:53:44.306772671) (2023-05-19T00:53:44.306786041) [Msg] steepnesses: 0, 0, 0, 
(2023-05-19T00:53:44.306845101) (2023-05-19T00:53:44.306855951) [Msg] directions:  (2023-05-19T00:53:44.306879151) (2023-05-19T00:53:44.306890141) [Msg] 0.921061 -0.389418; (2023-05-19T00:53:44.306929021) (2023-05-19T00:53:44.306940851) [Msg] 1 0; (2023-05-19T00:53:44.306977841) (2023-05-19T00:53:44.306989161) [Msg] 0.921061 0.389418; (2023-05-19T00:53:44.307026961) (2023-05-19T00:53:44.307038691) [Msg] 
(2023-05-19T00:53:44.307084421) (2023-05-19T00:53:44.307097161) [Dbg] [Surface.cc:161] Surface plugin successfully configured with the following parameters:
(2023-05-19T00:53:44.307133941) (2023-05-19T00:53:44.307145171) [Dbg] [Surface.cc:163]   <link_name>: link
(2023-05-19T00:53:44.307181231) (2023-05-19T00:53:44.307192891) [Dbg] [Surface.cc:164]   <vehicle_length>: 6
(2023-05-19T00:53:44.307229821) (2023-05-19T00:53:44.307242241) [Dbg] [Surface.cc:165]   <vehicle_width>: 3.3
(2023-05-19T00:53:44.307278721) (2023-05-19T00:53:44.307289991) [Dbg] [Surface.cc:166]   <hull_radius>: 1.9
(2023-05-19T00:53:44.307323411) (2023-05-19T00:53:44.307334541) [Dbg] [Surface.cc:167]   <num_samples>: 2
(2023-05-19T00:53:44.307369541) (2023-05-19T00:53:44.307381651) [Dbg] [Surface.cc:168]   <fluid_level>: 0.45
(2023-05-19T00:53:44.307417451) (2023-05-19T00:53:44.307428871) [Dbg] [Surface.cc:169]   <fluid_density>: 997.774
(2023-05-19T00:53:44.307482891) (2023-05-19T00:53:44.307495222) [Dbg] [SystemManager.cc:58] Loaded system [ignition::gazebo::systems::Surface] for entity [24]
(2023-05-19T00:53:44.309246052) (2023-05-19T00:53:44.309260972) [Dbg] [SimpleHydrodynamics.cc:167] SimpleHydrodynamics plugin successfully configured with the following parameters:
(2023-05-19T00:53:44.309300452) (2023-05-19T00:53:44.309312472) [Dbg] [SimpleHydrodynamics.cc:169]   <link_name>: link
(2023-05-19T00:53:44.309347772) (2023-05-19T00:53:44.309360152) [Dbg] [SimpleHydrodynamics.cc:170]   <xDotU>: 0
(2023-05-19T00:53:44.309396562) (2023-05-19T00:53:44.309407102) [Dbg] [SimpleHydrodynamics.cc:171]   <yDotV>: 0
(2023-05-19T00:53:44.309441332) (2023-05-19T00:53:44.309453282) [Dbg] [SimpleHydrodynamics.cc:172]   <zDotW>: 0.1
(2023-05-19T00:53:44.309486802) (2023-05-19T00:53:44.309498122) [Dbg] [SimpleHydrodynamics.cc:173]   <kDotP>: 0.1
(2023-05-19T00:53:44.309531972) (2023-05-19T00:53:44.309543922) [Dbg] [SimpleHydrodynamics.cc:174]   <mDotQ>: 0.1
(2023-05-19T00:53:44.309578582) (2023-05-19T00:53:44.309596542) [Dbg] [SimpleHydrodynamics.cc:175]   <nDotR>: 0
(2023-05-19T00:53:44.309633202) (2023-05-19T00:53:44.309645402) [Dbg] [SimpleHydrodynamics.cc:176]   <xU>: 510.3
(2023-05-19T00:53:44.309681022) (2023-05-19T00:53:44.309693772) [Dbg] [SimpleHydrodynamics.cc:177]   <xUU>: 720.4
(2023-05-19T00:53:44.309728932) (2023-05-19T00:53:44.309740912) [Dbg] [SimpleHydrodynamics.cc:178]   <yV>: 400
(2023-05-19T00:53:44.309771882) (2023-05-19T00:53:44.309783512) [Dbg] [SimpleHydrodynamics.cc:179]   <yVV>: 0
(2023-05-19T00:53:44.309819532) (2023-05-19T00:53:44.309832002) [Dbg] [SimpleHydrodynamics.cc:180]   <zW>: 5000
(2023-05-19T00:53:44.309867472) (2023-05-19T00:53:44.309878882) [Dbg] [SimpleHydrodynamics.cc:181]   <zWW>: 0
(2023-05-19T00:53:44.309914802) (2023-05-19T00:53:44.309925382) [Dbg] [SimpleHydrodynamics.cc:182]   <kP>: 500
(2023-05-19T00:53:44.309966902) (2023-05-19T00:53:44.309978792) [Dbg] [SimpleHydrodynamics.cc:183]   <kPP>: 0
(2023-05-19T00:53:44.310014082) (2023-05-19T00:53:44.310026602) [Dbg] [SimpleHydrodynamics.cc:184]   <mQ>: 500
(2023-05-19T00:53:44.310061382) (2023-05-19T00:53:44.310073292) [Dbg] [SimpleHydrodynamics.cc:185]   <mQQ>: 0
(2023-05-19T00:53:44.310107152) (2023-05-19T00:53:44.310119132) [Dbg] [SimpleHydrodynamics.cc:186]   <nR>: 15000
(2023-05-19T00:53:44.310153212) (2023-05-19T00:53:44.310164742) [Dbg] [SimpleHydrodynamics.cc:187]   <nRR>: 0
(2023-05-19T00:53:44.310203152) (2023-05-19T00:53:44.310214932) [Dbg] [SystemManager.cc:58] Loaded system [ignition::gazebo::systems::SimpleHydrodynamics] for entity [24]
(2023-05-19T00:53:44.311543523) (2023-05-19T00:53:44.311558773) [Dbg] [SystemManager.cc:58] Loaded system [ignition::gazebo::systems::DetachableJoint] for entity [28]
(2023-05-19T00:53:44.312100994) (2023-05-19T00:53:44.312115984) [Dbg] [SystemManager.cc:58] Loaded system [ignition::gazebo::systems::DetachableJoint] for entity [44]
(2023-05-19T00:53:44.312966174) (2023-05-19T00:53:44.312980664) [Dbg] [SystemManager.cc:58] Loaded system [ignition::gazebo::systems::DetachableJoint] for entity [60]
(2023-05-19T00:53:44.313800705) (2023-05-19T00:53:44.313815735) [Dbg] [SystemManager.cc:58] Loaded system [ignition::gazebo::systems::DetachableJoint] for entity [112]
(2023-05-19T00:53:44.314992755) (2023-05-19T00:53:44.315006395) [Dbg] [SystemManager.cc:58] Loaded system [ignition::gazebo::systems::CommsEndpoint] for entity [164]
(2023-05-19T00:53:44.315226455) (2023-05-19T00:53:44.315240575) [Dbg] [SystemManager.cc:58] Loaded system [ignition::gazebo::systems::CommsEndpoint] for entity [164]
(2023-05-19T00:53:44.316669916) (2023-05-19T00:53:44.316684656) [Dbg] [SystemManager.cc:58] Loaded system [mbzirc::BaseStation] for entity [164]
(2023-05-19T00:53:44.318457617) (2023-05-19T00:53:44.318472337) [Msg] EntityDetector publishing messages on [/mbzirc/target_object_detector/dropped]
(2023-05-19T00:53:44.318658427) (2023-05-19T00:53:44.318672897) [Dbg] [SystemManager.cc:58] Loaded system [mbzirc::EntityDetector] for entity [168]
(2023-05-19T00:53:44.318784487) (2023-05-19T00:53:44.318797497) [Msg] Loaded level [3]
(2023-05-19T00:53:44.319092277) (2023-05-19T00:53:44.319106907) [Msg] Serving world controls on [/world/simple_demo/control], [/world/simple_demo/control/state] and [/world/simple_demo/playback/control]
(2023-05-19T00:53:44.319254677) (2023-05-19T00:53:44.319267397) [Msg] Serving GUI information on [/world/simple_demo/gui/info]
(2023-05-19T00:53:44.319317497) (2023-05-19T00:53:44.319329547) [Msg] World [simple_demo] initialized with [4ms] physics profile.
(2023-05-19T00:53:44.319483937) (2023-05-19T00:53:44.319495997) [Msg] Serving world SDF generation service on [/world/simple_demo/generate_world_sdf]
(2023-05-19T00:53:44.319602267) (2023-05-19T00:53:44.319616177) [Msg] Serving world names on [/gazebo/worlds]
(2023-05-19T00:53:44.319701767) (2023-05-19T00:53:44.319715447) [Msg] Resource path add service on [/gazebo/resource_paths/add].
(2023-05-19T00:53:44.319820528) (2023-05-19T00:53:44.319835408) [Msg] Resource path get service on [/gazebo/resource_paths/get].
(2023-05-19T00:53:44.420023701) (2023-05-19T00:53:44.420050821) [Msg] Resource path resolve service on [/gazebo/resource_paths/resolve].
(2023-05-19T00:53:44.420218401) (2023-05-19T00:53:44.420245381) [Msg] Resource paths published on [/gazebo/resource_paths].
(2023-05-19T00:53:44.420507321) (2023-05-19T00:53:44.420536191) [Msg] Server control service on [/server_control].
(2023-05-19T00:53:44.420811531) (2023-05-19T00:53:44.420838801) [Msg] Found no publishers on /stats, adding root stats topic
(2023-05-19T00:53:44.421049961) (2023-05-19T00:53:44.421080251) [Msg] Found no publishers on /clock, adding root clock topic
(2023-05-19T00:53:44.421414672) (2023-05-19T00:53:44.421443392) [Dbg] [SimulationRunner.cc:491] Creating PostUpdate worker threads: 13
(2023-05-19T00:53:44.421520682) (2023-05-19T00:53:44.421554332) [Dbg] [SimulationRunner.cc:502] Creating postupdate worker thread (0)
(2023-05-19T00:53:44.421729192) (2023-05-19T00:53:44.421758482) [Dbg] [SimulationRunner.cc:502] Creating postupdate worker thread (1)
(2023-05-19T00:53:44.421884552) (2023-05-19T00:53:44.421911142) [Dbg] [SimulationRunner.cc:502] Creating postupdate worker thread (2)
(2023-05-19T00:53:44.422032692) (2023-05-19T00:53:44.422059232) [Dbg] [SimulationRunner.cc:502] Creating postupdate worker thread (3)
(2023-05-19T00:53:44.422178732) (2023-05-19T00:53:44.422205672) [Dbg] [SimulationRunner.cc:502] Creating postupdate worker thread (4)
(2023-05-19T00:53:44.422331832) (2023-05-19T00:53:44.422356592) [Dbg] [SimulationRunner.cc:502] Creating postupdate worker thread (5)
(2023-05-19T00:53:44.422476482) (2023-05-19T00:53:44.422504232) [Dbg] [SimulationRunner.cc:502] Creating postupdate worker thread (6)
(2023-05-19T00:53:44.422626552) (2023-05-19T00:53:44.422651962) [Dbg] [SimulationRunner.cc:502] Creating postupdate worker thread (7)
(2023-05-19T00:53:44.422773972) (2023-05-19T00:53:44.422798822) [Dbg] [SimulationRunner.cc:502] Creating postupdate worker thread (8)
(2023-05-19T00:53:44.422925042) (2023-05-19T00:53:44.422951372) [Dbg] [SimulationRunner.cc:502] Creating postupdate worker thread (9)
(2023-05-19T00:53:44.423070122) (2023-05-19T00:53:44.423096142) [Dbg] [SimulationRunner.cc:502] Creating postupdate worker thread (10)
(2023-05-19T00:53:44.423226872) (2023-05-19T00:53:44.423252242) [Dbg] [SimulationRunner.cc:502] Creating postupdate worker thread (11)
(2023-05-19T00:53:44.521612915) (2023-05-19T00:53:44.521636845) [Msg] Particle emitter[simple_demo::dust_storm::link::dust_storm] subscribed to command messages on topic[/model/dust_storm/link/link/particle_emitter/dust_storm/cmd]
(2023-05-19T00:53:44.521852745) (2023-05-19T00:53:44.521874125) [Msg] Particle emitter[simple_demo::fog::link::fog] subscribed to command messages on topic[/model/fog/link/link/particle_emitter/fog/cmd]
(2023-05-19T00:53:44.523471926) (2023-05-19T00:53:44.523494636) [Msg] DetachableJoint subscribing to messages on [/Vessel_A/detach]
(2023-05-19T00:53:44.523656426) (2023-05-19T00:53:44.523676856) [Msg] DetachableJoint subscribing to messages on [/Vessel_A/detach]
(2023-05-19T00:53:44.523825976) (2023-05-19T00:53:44.523847166) [Msg] DetachableJoint subscribing to messages on [/Vessel_A/detach]
(2023-05-19T00:53:44.524000646) (2023-05-19T00:53:44.524021646) [Msg] DetachableJoint subscribing to messages on [/Vessel_A/detach]
(2023-05-19T00:53:44.524228176) (2023-05-19T00:53:44.524249386) [Msg] Address [base_station/target] bound to model [base_station] on topic [base_station/target]
(2023-05-19T00:53:44.524353566) (2023-05-19T00:53:44.524373346) [Dbg] [CommsEndpoint.cc:89] Succesfuly bound to [base_station/target] on topic [base_station/target]
(2023-05-19T00:53:44.524540066) (2023-05-19T00:53:44.524561736) [Msg] Address [base_station/video] bound to model [base_station] on topic [base_station/video]
(2023-05-19T00:53:44.524656166) (2023-05-19T00:53:44.524674116) [Dbg] [CommsEndpoint.cc:89] Succesfuly bound to [base_station/video] on topic [base_station/video]
(2023-05-19T00:53:44.596138544) (2023-05-19T00:53:44.596157154) [Dbg] [Physics.cc:1593] Creating detachable joint [170]
(2023-05-19T00:53:44.596346224) (2023-05-19T00:53:44.596360154) [Dbg] [Physics.cc:1593] Creating detachable joint [171]
(2023-05-19T00:53:44.596515344) (2023-05-19T00:53:44.596529364) [Dbg] [Physics.cc:1593] Creating detachable joint [172]
(2023-05-19T00:53:44.596860615) (2023-05-19T00:53:44.596875215) [Dbg] [Physics.cc:1593] Creating detachable joint [173]
(2023-05-19T00:53:44.598104735) (2023-05-19T00:53:44.598121035) [Dbg] [SimulationFeatures.cc:63] Simulation timestep set to: 0.004
(2023-05-19T00:53:44.607594260) (2023-05-19T00:53:44.607609350) [Msg] Serving scene information on [/world/simple_demo/scene/info]
(2023-05-19T00:53:44.607721011) (2023-05-19T00:53:44.607733811) [Msg] Serving graph information on [/world/simple_demo/scene/graph]
(2023-05-19T00:53:44.607836861) (2023-05-19T00:53:44.607859241) [Msg] Serving full state on [/world/simple_demo/state]
(2023-05-19T00:53:44.607959531) (2023-05-19T00:53:44.607973751) [Msg] Serving full state (async) on [/world/simple_demo/state_async]
(2023-05-19T00:53:44.608096791) (2023-05-19T00:53:44.608110431) [Msg] Publishing scene information on [/world/simple_demo/scene/info]
(2023-05-19T00:53:44.608225551) (2023-05-19T00:53:44.608239401) [Msg] Publishing entity deletions on [/world/simple_demo/scene/deletion]
(2023-05-19T00:53:44.608325171) (2023-05-19T00:53:44.608338421) [Msg] Publishing state changes on [/world/simple_demo/state]
(2023-05-19T00:53:44.608434901) (2023-05-19T00:53:44.608447921) [Msg] Publishing pose messages on [/world/simple_demo/pose/info]
(2023-05-19T00:53:44.608554011) (2023-05-19T00:53:44.608567051) [Msg] Publishing dynamic pose messages on [/world/simple_demo/dynamic_pose/info]
(2023-05-19T00:53:44.608800631) (2023-05-19T00:53:44.608815141) [Dbg] [EntityComponentManager.cc:1587] Updated state thread iterators: 24 threads processing around 8 entities each.
(2023-05-19T00:53:44.609207562) (2023-05-19T00:53:44.609237072) [Wrn] [Model.hh:69] Skipping serialization / deserialization for models with //pose/@relative_to attribute.
(2023-05-19T00:53:44.609611542) (2023-05-19T00:53:44.609634752) [Wrn] [Component.hh:144] Trying to serialize component with data type [N3sdf3v125WorldE], which doesn't have `operator<<`. Component will not be serialized.
(2023-05-19T00:53:44.636230146) (2023-05-19T00:53:44.636255276) [Dbg] [EntityComponentManager.cc:1587] Updated state thread iterators: 24 threads processing around 8 entities each.
(2023-05-19T00:53:55.881841266) (2023-05-19T00:53:55.881854696) [Msg] Linear velocity initialized to [0 0 0]
(2023-05-19T00:53:55.881910826) (2023-05-19T00:53:55.881920346) [Msg] Angular velocity initialized to [0 0 0]
(2023-05-19T00:53:55.882095516) (2023-05-19T00:53:55.882105886) [Msg] VelocityControl subscribing to twist messages on [/model/usv/cmd_vel]
(2023-05-19T00:53:55.882141456) (2023-05-19T00:53:55.882150986) [Dbg] [SystemManager.cc:58] Loaded system [ignition::gazebo::systems::VelocityControl] for entity [174]
(2023-05-19T00:53:55.883398016) (2023-05-19T00:53:55.883408146) [Msg] Thruster listening to commands in [/model/usv/joint/left_engine_propeller_joint/cmd_thrust]
(2023-05-19T00:53:55.883471066) (2023-05-19T00:53:55.883481686) [Dbg] [Thruster.cc:288] Using velocity control for propeller joint.
(2023-05-19T00:53:55.883508256) (2023-05-19T00:53:55.883516686) [Dbg] [SystemManager.cc:58] Loaded system [ignition::gazebo::systems::Thruster] for entity [174]
(2023-05-19T00:53:55.884635267) (2023-05-19T00:53:55.884646577) [Dbg] [JointPositionController.cc:205] [JointPositionController] system parameters:
(2023-05-19T00:53:55.884672427) (2023-05-19T00:53:55.884682657) [Dbg] [JointPositionController.cc:206] p_gain: [1]
(2023-05-19T00:53:55.884716167) (2023-05-19T00:53:55.884725727) [Dbg] [JointPositionController.cc:207] i_gain: [0.1]
(2023-05-19T00:53:55.884757997) (2023-05-19T00:53:55.884767327) [Dbg] [JointPositionController.cc:208] d_gain: [0.01]
(2023-05-19T00:53:55.884798857) (2023-05-19T00:53:55.884808407) [Dbg] [JointPositionController.cc:209] i_max: [1]
(2023-05-19T00:53:55.884841787) (2023-05-19T00:53:55.884852137) [Dbg] [JointPositionController.cc:210] i_min: [-1]
(2023-05-19T00:53:55.884886207) (2023-05-19T00:53:55.884895847) [Dbg] [JointPositionController.cc:211] cmd_max: [1000]
(2023-05-19T00:53:55.884929317) (2023-05-19T00:53:55.884938887) [Dbg] [JointPositionController.cc:212] cmd_min: [-1000]
(2023-05-19T00:53:55.884969017) (2023-05-19T00:53:55.884980557) [Dbg] [JointPositionController.cc:213] cmd_offset: [0]
(2023-05-19T00:53:55.885010397) (2023-05-19T00:53:55.885019667) [Dbg] [JointPositionController.cc:214] Topic: [usv/left/thruster/joint/cmd_pos]
(2023-05-19T00:53:55.885049937) (2023-05-19T00:53:55.885060637) [Dbg] [JointPositionController.cc:215] initial_position: [0]
(2023-05-19T00:53:55.885094907) (2023-05-19T00:53:55.885103517) [Dbg] [SystemManager.cc:58] Loaded system [ignition::gazebo::systems::JointPositionController] for entity [174]
(2023-05-19T00:53:55.885446807) (2023-05-19T00:53:55.885458927) [Msg] Thruster listening to commands in [/model/usv/joint/right_engine_propeller_joint/cmd_thrust]
(2023-05-19T00:53:55.885511397) (2023-05-19T00:53:55.885521367) [Dbg] [Thruster.cc:288] Using velocity control for propeller joint.
(2023-05-19T00:53:55.885547917) (2023-05-19T00:53:55.885556877) [Dbg] [SystemManager.cc:58] Loaded system [ignition::gazebo::systems::Thruster] for entity [174]
(2023-05-19T00:53:55.885835817) (2023-05-19T00:53:55.885847587) [Dbg] [JointPositionController.cc:205] [JointPositionController] system parameters:
(2023-05-19T00:53:55.885871777) (2023-05-19T00:53:55.885880897) [Dbg] [JointPositionController.cc:206] p_gain: [1]
(2023-05-19T00:53:55.885910757) (2023-05-19T00:53:55.885920187) [Dbg] [JointPositionController.cc:207] i_gain: [0.1]
(2023-05-19T00:53:55.885949597) (2023-05-19T00:53:55.885958377) [Dbg] [JointPositionController.cc:208] d_gain: [0.01]
(2023-05-19T00:53:55.885994027) (2023-05-19T00:53:55.886003247) [Dbg] [JointPositionController.cc:209] i_max: [1]
(2023-05-19T00:53:55.886032417) (2023-05-19T00:53:55.886040577) [Dbg] [JointPositionController.cc:210] i_min: [-1]
(2023-05-19T00:53:55.886070157) (2023-05-19T00:53:55.886078717) [Dbg] [JointPositionController.cc:211] cmd_max: [1000]
(2023-05-19T00:53:55.886108327) (2023-05-19T00:53:55.886117057) [Dbg] [JointPositionController.cc:212] cmd_min: [-1000]
(2023-05-19T00:53:55.886146897) (2023-05-19T00:53:55.886156397) [Dbg] [JointPositionController.cc:213] cmd_offset: [0]
(2023-05-19T00:53:55.886186377) (2023-05-19T00:53:55.886195387) [Dbg] [JointPositionController.cc:214] Topic: [usv/right/thruster/joint/cmd_pos]
(2023-05-19T00:53:55.886225297) (2023-05-19T00:53:55.886234327) [Dbg] [JointPositionController.cc:215] initial_position: [0]
(2023-05-19T00:53:55.886271547) (2023-05-19T00:53:55.886280687) [Dbg] [SystemManager.cc:58] Loaded system [ignition::gazebo::systems::JointPositionController] for entity [174]
(2023-05-19T00:53:55.886505128) (2023-05-19T00:53:55.886515808) [Msg] Using Pierson-Moskowitz spectrum sampling wavefield model 
(2023-05-19T00:53:55.886639038) (2023-05-19T00:53:55.886649208) [Msg] Using Pierson-Moskowitz spectrum sampling wavefield model 
(2023-05-19T00:53:55.886712898) (2023-05-19T00:53:55.886722128) [Msg] Input Parameters:
(2023-05-19T00:53:55.886744418) (2023-05-19T00:53:55.886753278) [Msg] model:     PMS
(2023-05-19T00:53:55.886778968) (2023-05-19T00:53:55.886788158) [Msg] number:     3
(2023-05-19T00:53:55.886812438) (2023-05-19T00:53:55.886821598) [Msg] scale:      1.1
(2023-05-19T00:53:55.886848198) (2023-05-19T00:53:55.886857538) [Msg] angle:      0.4
(2023-05-19T00:53:55.886884328) (2023-05-19T00:53:55.886893618) [Msg] steepness:  0
(2023-05-19T00:53:55.886917718) (2023-05-19T00:53:55.886926228) [Msg] amplitude:  0
(2023-05-19T00:53:55.886952688) (2023-05-19T00:53:55.886962308) [Msg] period:     5
(2023-05-19T00:53:55.886987728) (2023-05-19T00:53:55.886998268) [Msg] direction:  1 0
(2023-05-19T00:53:55.887034328) (2023-05-19T00:53:55.887043598) [Msg] tau:  2
(2023-05-19T00:53:55.887068238) (2023-05-19T00:53:55.887077688) [Msg] gain:  0.3
(2023-05-19T00:53:55.887103988) (2023-05-19T00:53:55.887112728) [Msg] Derived Parameters:
(2023-05-19T00:53:55.887134508) (2023-05-19T00:53:55.887144168) [Msg] amplitudes:  0.0363502, 0.0392277, 0.0385703, 
(2023-05-19T00:53:55.887191598) (2023-05-19T00:53:55.887201548) [Msg] wavenumbers: 0.133171, 0.161136, 0.194975, 
(2023-05-19T00:53:55.887248578) (2023-05-19T00:53:55.887258458) [Msg] omegas:      1.1424, 1.25664, 1.3823, 
(2023-05-19T00:53:55.887302398) (2023-05-19T00:53:55.887312548) [Msg] periods:     (2023-05-19T00:53:55.887329758) (2023-05-19T00:53:55.887338438) [Msg] 5.5, (2023-05-19T00:53:55.887360838) (2023-05-19T00:53:55.887369678) [Msg] 5, (2023-05-19T00:53:55.887391418) (2023-05-19T00:53:55.887401118) [Msg] 4.54545, (2023-05-19T00:53:55.887422438) (2023-05-19T00:53:55.887431218) [Msg] 
(2023-05-19T00:53:55.887449738) (2023-05-19T00:53:55.887458728) [Msg] phases:      0, 0, 0, 
(2023-05-19T00:53:55.887505268) (2023-05-19T00:53:55.887514438) [Msg] steepnesses: 0, 0, 0, 
(2023-05-19T00:53:55.887559868) (2023-05-19T00:53:55.887568358) [Msg] directions:  (2023-05-19T00:53:55.887586458) (2023-05-19T00:53:55.887594638) [Msg] 0.921061 -0.389418; (2023-05-19T00:53:55.887623838) (2023-05-19T00:53:55.887632658) [Msg] 1 0; (2023-05-19T00:53:55.887660298) (2023-05-19T00:53:55.887668418) [Msg] 0.921061 0.389418; (2023-05-19T00:53:55.887699278) (2023-05-19T00:53:55.887708298) [Msg] 
(2023-05-19T00:53:55.887736078) (2023-05-19T00:53:55.887746968) [Dbg] [Surface.cc:161] Surface plugin successfully configured with the following parameters:
(2023-05-19T00:53:55.887776088) (2023-05-19T00:53:55.887785048) [Dbg] [Surface.cc:163]   <link_name>: base_link
(2023-05-19T00:53:55.887809959) (2023-05-19T00:53:55.887818869) [Dbg] [Surface.cc:164]   <vehicle_length>: 6
(2023-05-19T00:53:55.887842459) (2023-05-19T00:53:55.887851349) [Dbg] [Surface.cc:165]   <vehicle_width>: 3.3
(2023-05-19T00:53:55.887876309) (2023-05-19T00:53:55.887887819) [Dbg] [Surface.cc:166]   <hull_radius>: 0.27
(2023-05-19T00:53:55.887914129) (2023-05-19T00:53:55.887922769) [Dbg] [Surface.cc:167]   <num_samples>: 2
(2023-05-19T00:53:55.887947559) (2023-05-19T00:53:55.887956439) [Dbg] [Surface.cc:168]   <fluid_level>: 0.45
(2023-05-19T00:53:55.887982429) (2023-05-19T00:53:55.887991739) [Dbg] [Surface.cc:169]   <fluid_density>: 997.774
(2023-05-19T00:53:55.888021729) (2023-05-19T00:53:55.888030069) [Dbg] [SystemManager.cc:58] Loaded system [ignition::gazebo::systems::Surface] for entity [174]
(2023-05-19T00:53:55.888333399) (2023-05-19T00:53:55.888344569) [Dbg] [SimpleHydrodynamics.cc:167] SimpleHydrodynamics plugin successfully configured with the following parameters:
(2023-05-19T00:53:55.888371399) (2023-05-19T00:53:55.888381019) [Dbg] [SimpleHydrodynamics.cc:169]   <link_name>: base_link
(2023-05-19T00:53:55.888406769) (2023-05-19T00:53:55.888416169) [Dbg] [SimpleHydrodynamics.cc:170]   <xDotU>: 0
(2023-05-19T00:53:55.888442959) (2023-05-19T00:53:55.888452059) [Dbg] [SimpleHydrodynamics.cc:171]   <yDotV>: 0
(2023-05-19T00:53:55.888482279) (2023-05-19T00:53:55.888491649) [Dbg] [SimpleHydrodynamics.cc:172]   <zDotW>: 0.1
(2023-05-19T00:53:55.888523029) (2023-05-19T00:53:55.888533489) [Dbg] [SimpleHydrodynamics.cc:173]   <kDotP>: 0.1
(2023-05-19T00:53:55.888560609) (2023-05-19T00:53:55.888569759) [Dbg] [SimpleHydrodynamics.cc:174]   <mDotQ>: 0.1
(2023-05-19T00:53:55.888596559) (2023-05-19T00:53:55.888605989) [Dbg] [SimpleHydrodynamics.cc:175]   <nDotR>: 0
(2023-05-19T00:53:55.888632949) (2023-05-19T00:53:55.888641789) [Dbg] [SimpleHydrodynamics.cc:176]   <xU>: 51.3
(2023-05-19T00:53:55.888669479) (2023-05-19T00:53:55.888679059) [Dbg] [SimpleHydrodynamics.cc:177]   <xUU>: 72.4
(2023-05-19T00:53:55.888705179) (2023-05-19T00:53:55.888714099) [Dbg] [SimpleHydrodynamics.cc:178]   <yV>: 40
(2023-05-19T00:53:55.888740009) (2023-05-19T00:53:55.888749309) [Dbg] [SimpleHydrodynamics.cc:179]   <yVV>: 0
(2023-05-19T00:53:55.888775639) (2023-05-19T00:53:55.888785189) [Dbg] [SimpleHydrodynamics.cc:180]   <zW>: 500
(2023-05-19T00:53:55.888811589) (2023-05-19T00:53:55.888820779) [Dbg] [SimpleHydrodynamics.cc:181]   <zWW>: 0
(2023-05-19T00:53:55.888846819) (2023-05-19T00:53:55.888856519) [Dbg] [SimpleHydrodynamics.cc:182]   <kP>: 100
(2023-05-19T00:53:55.888882739) (2023-05-19T00:53:55.888891539) [Dbg] [SimpleHydrodynamics.cc:183]   <kPP>: 0
(2023-05-19T00:53:55.888917589) (2023-05-19T00:53:55.888926969) [Dbg] [SimpleHydrodynamics.cc:184]   <mQ>: 100
(2023-05-19T00:53:55.888953379) (2023-05-19T00:53:55.888962279) [Dbg] [SimpleHydrodynamics.cc:185]   <mQQ>: 0
(2023-05-19T00:53:55.888988019) (2023-05-19T00:53:55.888997229) [Dbg] [SimpleHydrodynamics.cc:186]   <nR>: 400
(2023-05-19T00:53:55.889024899) (2023-05-19T00:53:55.889034549) [Dbg] [SimpleHydrodynamics.cc:187]   <nRR>: 0
(2023-05-19T00:53:55.889065359) (2023-05-19T00:53:55.889074309) [Dbg] [SystemManager.cc:58] Loaded system [ignition::gazebo::systems::SimpleHydrodynamics] for entity [174]
(2023-05-19T00:53:55.890547290) (2023-05-19T00:53:55.890559020) [Dbg] [SystemManager.cc:58] Loaded system [ignition::gazebo::systems::PosePublisher] for entity [174]
(2023-05-19T00:53:55.890823330) (2023-05-19T00:53:55.890833820) [Msg] EntityDetector publishing messages on [/mbzirc/target_object_detector/placed]
(2023-05-19T00:53:55.890980060) (2023-05-19T00:53:55.890991340) [Dbg] [SystemManager.cc:58] Loaded system [mbzirc::EntityDetector] for entity [174]
(2023-05-19T00:53:55.891223390) (2023-05-19T00:53:55.891234880) [Msg] EntityDetector publishing messages on [/mbzirc/target_object_detector/placed]
(2023-05-19T00:53:55.891390790) (2023-05-19T00:53:55.891405950) [Dbg] [SystemManager.cc:58] Loaded system [mbzirc::EntityDetector] for entity [174]
(2023-05-19T00:53:55.891665940) (2023-05-19T00:53:55.891677750) [Msg] EntityDetector publishing messages on [/mbzirc/target_object_detector/placed]
(2023-05-19T00:53:55.891850270) (2023-05-19T00:53:55.891862390) [Dbg] [SystemManager.cc:58] Loaded system [mbzirc::EntityDetector] for entity [174]
(2023-05-19T00:53:55.892119000) (2023-05-19T00:53:55.892130820) [Msg] EntityDetector publishing messages on [/mbzirc/target_object_detector/placed]
(2023-05-19T00:53:55.892283320) (2023-05-19T00:53:55.892293580) [Dbg] [SystemManager.cc:58] Loaded system [mbzirc::EntityDetector] for entity [174]
(2023-05-19T00:53:55.892498841) (2023-05-19T00:53:55.892510091) [Dbg] [SystemManager.cc:58] Loaded system [ignition::gazebo::systems::CommsEndpoint] for entity [174]
(2023-05-19T00:53:55.892901671) (2023-05-19T00:53:55.892913621) [Dbg] [UserCommands.cc:1303] Created entity [174] named [usv]
(2023-05-19T00:53:55.902182037) (2023-05-19T00:53:55.902214347) [Dbg] [Sensors.cc:584] Initialization needed
(2023-05-19T00:53:55.902287197) (2023-05-19T00:53:55.902303307) [Dbg] [Sensors.cc:240] Initializing render context
(2023-05-19T00:53:55.902431917) (2023-05-19T00:53:55.902451037) [Msg] Loading plugin [ignition-rendering-ogre2]
(2023-05-19T00:53:55.902879397) (2023-05-19T00:53:55.902903387) [Dbg] [ImuSensor.cc:148] IMU data for [usv::base_link::imu_sensor] advertised on [world/simple_demo/model/usv/link/base_link/sensor/imu_sensor/imu]
(2023-05-19T00:53:55.903077377) (2023-05-19T00:53:55.903107687) [Dbg] [GameLogicPlugin.cc:1991] New Competitor Platform: usv with 0sensors
((2023-05-19T00:53:55.904484787) (2023-05-19T00:53:55.904509607) ([Dbg] [SimulationRunner.cc:518] (2023-05-19T00:53:55.904551827) ((2023-05-19T00:53:55.904618637) (2023-05-19T00:53:55.904636297((2023-05-19T00:53:55.904668607) (2023-05-19T00:53:55.904693077) (2023-05-19T00:53:55.904722357) ((2023-05-19T00:53:55.904756757(2023-05-19T00:53:55.904756757) Exiting postupdate worker thread () (2023-05-19T00:53:55.9048110372023-05-19T00:53:55.904831767) () 2023-05-19T00:53:55.904857207) ) ) (2023-05-19T00:53:55.904921037) ) (2023-05-19T00:53:55.904959367) 2023-05-19T00:53:55.904835167) (2023-05-19T00:53:55.904997867) (2023-05-19T00:53:55.905039727) Exiting postupdate worker thread ([Dbg] [SimulationRunner.cc:518] ) (Exiting postupdate worker thread ([Dbg] [SimulationRunner.cc:518] [Dbg] [SimulationRunner.cc:518] 2023-05-19T00:53:55.905106947) ) (2023-05-19T00:53:55.905155707) Exiting postupdate worker thread ([Dbg] [SimulationRunner.cc:518] 9)
[Dbg] [SimulationRunner.cc:518] Exiting postupdate worker thread (28)
Exiting postupdate worker thread (2)
[Dbg] [SimulationRunner.cc:518] Exiting postupdate worker thread (Exiting postupdate worker thread (10)
[Dbg] [SimulationRunner.cc:518] Exiting postupdate worker thread (7)
[Dbg] [SimulationRunner.cc:518] Exiting postupdate worker thread (5)
Exiting postupdate worker thread (6)
Exiting postupdate worker thread (1)
[Dbg] [SimulationRunner.cc:518] Exiting postupdate worker thread (3)
[Dbg] [SimulationRunner.cc:518] [Dbg] [SimulationRunner.cc:518] [Dbg] [SimulationRunner.cc:518] [Dbg] [SimulationRunner.cc:518] Exiting postupdate worker thread (011)
Exiting postupdate worker thread ()
4)
(2023-05-19T00:53:55.905987078) (2023-05-19T00:53:55.905999528) [Dbg] [SimulationRunner.cc:491] Creating PostUpdate worker threads: 21
(2023-05-19T00:53:55.906042638) (2023-05-19T00:53:55.906052568) [Dbg] [SimulationRunner.cc:502] Creating postupdate worker thread (0)
(2023-05-19T00:53:55.906120098) (2023-05-19T00:53:55.906129648) [Dbg] [SimulationRunner.cc:502] Creating postupdate worker thread (1)
(2023-05-19T00:53:55.906179888) (2023-05-19T00:53:55.906192108) [Dbg] [SimulationRunner.cc:502] Creating postupdate worker thread (2)
(2023-05-19T00:53:55.906240238) (2023-05-19T00:53:55.906249698) [Dbg] [SimulationRunner.cc:502] Creating postupdate worker thread (3)
(2023-05-19T00:53:55.906293158) (2023-05-19T00:53:55.906301918) [Dbg] [SimulationRunner.cc:502] Creating postupdate worker thread (4)
(2023-05-19T00:53:55.906356308) (2023-05-19T00:53:55.906365228) [Dbg] [SimulationRunner.cc:502] Creating postupdate worker thread (5)
(2023-05-19T00:53:55.906416138) (2023-05-19T00:53:55.906425258) [Dbg] [SimulationRunner.cc:502] Creating postupdate worker thread (6)
(2023-05-19T00:53:55.906474318) (2023-05-19T00:53:55.906486838) [Dbg] [SimulationRunner.cc:502] Creating postupdate worker thread (7)
(2023-05-19T00:53:55.906554438) (2023-05-19T00:53:55.906566798) [Dbg] [SimulationRunner.cc:502] Creating postupdate worker thread (8)
(2023-05-19T00:53:55.906631988) (2023-05-19T00:53:55.906643958) [Dbg] [SimulationRunner.cc:502] Creating postupdate worker thread (9)
(2023-05-19T00:53:55.906701668) (2023-05-19T00:53:55.906714378) [Dbg] [SimulationRunner.cc:502] Creating postupdate worker thread (10)
(2023-05-19T00:53:55.906775668) (2023-05-19T00:53:55.906788988) [Dbg] [SimulationRunner.cc:502] Creating postupdate worker thread (11)
(2023-05-19T00:53:55.906848829) (2023-05-19T00:53:55.906860789) [Dbg] [SimulationRunner.cc:502] Creating postupdate worker thread (12)
(2023-05-19T00:53:55.906912579) (2023-05-19T00:53:55.906922589) [Dbg] [SimulationRunner.cc:502] Creating postupdate worker thread (13)
(2023-05-19T00:53:55.906976629) (2023-05-19T00:53:55.906985969) [Dbg] [SimulationRunner.cc:502] Creating postupdate worker thread (14)
(2023-05-19T00:53:55.907036909) (2023-05-19T00:53:55.907048679) [Dbg] [SimulationRunner.cc:502] Creating postupdate worker thread (15)
(2023-05-19T00:53:55.907103629) (2023-05-19T00:53:55.907115549) [Dbg] [SimulationRunner.cc:502] Creating postupdate worker thread (16)
(2023-05-19T00:53:55.907171229) (2023-05-19T00:53:55.907182979) [Dbg] [SimulationRunner.cc:502] Creating postupdate worker thread (17)
(2023-05-19T00:53:55.907234239) (2023-05-19T00:53:55.907246229) [Dbg] [SimulationRunner.cc:502] Creating postupdate worker thread (18)
(2023-05-19T00:53:55.907301549) (2023-05-19T00:53:55.907312809) [Dbg] [SimulationRunner.cc:502] Creating postupdate worker thread (19)
(2023-05-19T00:53:55.907747629) (2023-05-19T00:53:55.907757789) [Msg] Address [usv] bound to model [usv] on topic [model/usv/rx]
(2023-05-19T00:53:55.907803879) (2023-05-19T00:53:55.907813739) [Dbg] [CommsEndpoint.cc:89] Succesfuly bound to [usv] on topic [model/usv/rx]
(2023-05-19T00:53:56.266717941) (2023-05-19T00:53:56.266730991) [Dbg] [RenderUtil.cc:2529] Create scene [scene]
(2023-05-19T00:53:56.309874554) (2023-05-19T00:53:56.309889484) [Dbg] [Sensors.cc:254] Rendering Thread initialized
(2023-05-19T00:53:56.313133605) (2023-05-19T00:53:56.313146765) [Wrn] [Ogre2Heightmap.cc:125] Heightmap final sampling should be 2^n
 which differs from ogre1's 2^n+1
The last row and column will be cropped
size = (width * sampling) - sampling + 1
[257] = ([257] * [1]) - [1] + 1
(2023-05-19T00:53:56.375907859) (2023-05-19T00:53:56.375922809) [Msg] Loading heightmap: scene::Heightmap(65478)
(2023-05-19T00:53:56.375956029) (2023-05-19T00:53:56.375965949) [Msg] Heightmap loaded. Process took 0 ms.
(2023-05-19T00:53:59.976229692) (2023-05-19T00:53:59.976257622) [Dbg] [Ogre2ParticleEmitter.cc:514] Particle emitter initialized
(2023-05-19T00:53:59.976499382) (2023-05-19T00:53:59.976524212) [Dbg] [Ogre2ParticleEmitter.cc:514] Particle emitter initialized
(2023-05-19T00:53:59.976784543) (2023-05-19T00:53:59.976805223) [Dbg] [Ogre2ParticleEmitter.cc:514] Particle emitter initialized
(2023-05-19T00:54:00.531097769) (2023-05-19T00:54:00.531110649) [Dbg] [Ogre2ParticleEmitter.cc:514] Particle emitter initialized
(2023-05-19T00:54:00.531290409) (2023-05-19T00:54:00.531299599) [Dbg] [Ogre2ParticleEmitter.cc:514] Particle emitter initialized
(2023-05-19T00:54:00.531417559) (2023-05-19T00:54:00.531427849) [Dbg] [Ogre2ParticleEmitter.cc:514] Particle emitter initialized
(2023-05-19T00:54:00.542403305) (2023-05-19T00:54:00.542422255) [Dbg] [Lidar.cc:122] Laser scans for [usv::sensor_6::sensor_link::lidar] advertised on [world/simple_demo/model/usv/model/sensor_6/link/sensor_link/sensor/lidar/scan]
(2023-05-19T00:54:00.542711635) (2023-05-19T00:54:00.542727166) [Dbg] [GpuLidarSensor.cc:164] Lidar points for [usv::sensor_6::sensor_link::lidar] advertised on [world/simple_demo/model/usv/model/sensor_6/link/sensor_link/sensor/lidar/scan/points]
(2023-05-19T00:54:00.543018536) (2023-05-19T00:54:00.543030596) [Msg] Loading plugin [ignition-rendering-ogre2]
(2023-05-19T00:54:00.691341595) (2023-05-19T00:54:00.691368125) [Dbg] [EntityComponentManager.cc:1587] Updated state thread iterators: 24 threads processing around 10 entities each.
(2023-05-19T00:54:13.707530812) (2023-05-19T00:54:13.707556172) [Msg] Scoring has Started
(2023-05-19T00:54:13.708555792) (2023-05-19T00:54:13.708571852) [Err] [GameLogicPlugin.cc:2121] Invalid configuration detected: 
[usv] Initial Position (10 40 0.299843) is not in the starting area -15 -15 -5 15 15 5
(2023-05-19T00:55:15.988065558) (2023-05-19T00:55:15.988085818) [Dbg] [SignalHandler.cc:141] Received signal[2].
(2023-05-19T00:55:15.988127408) (2023-05-19T00:55:15.988141828) [Dbg] [ServerPrivate.cc:110] Server received signal[2]
(2023-05-19T00:55:15.988183868) (2023-05-19T00:55:15.988197588) [Dbg] [Sensors.cc:406] SensorsPrivate::Stop
(2023-05-19T00:55:15.990970730) (2023-05-19T00:55:15.991009340) [Dbg] [Sensors.cc:392] SensorsPrivate::RenderThread stopped
(2023-05-19T00:55:15.998442843) (2023-05-19T00:55:15.998464963) [Dbg] [ign.cc:410] Shutting down ign-gazebo-server
(((((((2023-05-19T00:55:16.1803526) (2023-05-19T00:55:16.1828986) (2023-05-19T00:55:16.1676686) (2023-05-19T00:55:16.1892556) (2023-05-19T00:55:16.1926536) (2023-05-19T00:55:16.1950096) (((2023-05-19T00:55:16.1991976) (2023-05-19T00:55:16.2022746) 2023-05-19T00:55:16.1730346) (2023-05-19T00:55:16.2071356) ((2023-05-19T00:55:16.2154816) (2023-05-19T00:55:16.2184786) ((2023-05-19T00:55:16.2224606) (2023-05-19T00:55:16.2253386) 2023-05-19T00:55:16.2126766) ((2023-05-19T00:55:16.2301846) ) ((2023-05-19T00:55:16.2160276) (2023-05-19T00:55:16.2423886) 2023-05-19T00:55:16.1787566) ([Dbg] [SimulationRunner.cc:518] 2023-05-19T00:55:16.2470926[Dbg] [SimulationRunner.cc:518] 2023-05-19T00:55:16.24709262023-05-19T00:55:16.23556162023-05-19T00:55:16.2380226[Dbg] [SimulationRunner.cc:518] 2023-05-19T00:55:16.24709262023-05-19T00:55:16.23556162023-05-19T00:55:16.2380226([Dbg] [SimulationRunner.cc:518] 2023-05-19T00:55:16.24709262023-05-19T00:55:16.23556162023-05-19T00:55:16.2380226(2023-05-19T00:55:16.1863866) ) (2023-05-19T00:55:16.2571286) (Exiting postupdate worker thread (2023-05-19T00:55:16.2595276) 2023-05-19T00:55:16.1764236) () (2023-05-19T00:55:16.2661416) (() 2023-05-19T00:55:16.2520866) (2023-05-19T00:55:16.2761476) 15) (2023-05-19T00:55:16.23494062023-05-19T00:55:16.2833446) 2023-05-19T00:55:16.2330506) () ) )
) 2023-05-19T00:55:16.2766816) (2023-05-19T00:55:16.2985087) ) (2023-05-19T00:55:16.3030187) [Dbg] [SimulationRunner.cc:518] [Dbg] [SimulationRunner.cc:518] Exiting postupdate worker thread (9)
[Dbg] [SimulationRunner.cc:518] Exiting postupdate worker thread (1)
[Dbg] [SimulationRunner.cc:518] Exiting postupdate worker thread (11)
[Dbg] [SimulationRunner.cc:518] Exiting postupdate worker thread (14)
[Dbg] [SimulationRunner.cc:518] [Dbg] [SimulationRunner.cc:518] Exiting postupdate worker thread (10)

[Dbg] [SimulationRunner.cc:518] 
[Dbg] [SimulationRunner.cc:518] [Dbg] [SimulationRunner.cc:518] 
[Dbg] [SimulationRunner.cc:518] [Dbg] [SimulationRunner.cc:518] [Dbg] [SimulationRunner.cc:518] Exiting postupdate worker thread (18)
Exiting postupdate worker thread (16)[Dbg] [SimulationRunner.cc:518] 
[Dbg] [SimulationRunner.cc:518] [Dbg] [SimulationRunner.cc:518] [Dbg] [SimulationRunner.cc:518] Exiting postupdate worker thread ([Dbg] [SimulationRunner.cc:518] Exiting postupdate worker thread (4)

Exiting postupdate worker thread ([Dbg] [SimulationRunner.cc:518] 22[Dbg] [SimulationRunner.cc:518] 2[Dbg] [SimulationRunner.cc:518] [Dbg] [SimulationRunner.cc:518] Exiting postupdate worker thread (19)
)2[Dbg] [SimulationRunner.cc:518] Exiting postupdate worker thread (06)

Exiting postupdate worker thread (8)
[Dbg] [SimulationRunner.cc:518] Exiting postupdate worker thread (Exiting postupdate worker thread (17)

3)
Exiting postupdate worker thread (5)
)Exiting postupdate worker thread (7Exiting postupdate worker thread (Exiting postupdate worker thread (
13
1212
)
(2023-05-19T00:55:16.41235527) (2023-05-19T00:55:16.41253357) [Dbg] [Sensors.cc:406] SensorsPrivate::Stop
(2023-05-19T00:55:16.63324729) (2023-05-19T00:55:16.63339179) [Msg] Stopping recording
(2023-05-19T00:55:16.87425982) (2023-05-19T00:55:16.87449482) [Msg] Scoring has finished. Elapsed real time: 62 seconds. Elapsed sim time: 59 seconds. 
