(2023-05-19T11:36:41.824404676) (2023-05-19T11:36:41.824432647) [Msg] Ignition Gazebo Server v6.11.0
(2023-05-19T11:36:41.828027583) (2023-05-19T11:36:41.828046343) [Msg] Loading SDF world file[/home/developer/mbzirc_ws/install/share/mbzirc_ign/worlds/simple_demo.sdf].
(2023-05-19T11:36:42.139291482) (2023-05-19T11:36:42.139314032) [Msg] Serving entity system service on [/entity/system/add]
(2023-05-19T11:36:42.175065616) (2023-05-19T11:36:42.175084666) [Dbg] [Physics.cc:803] Loaded [ignition::physics::dartsim::Plugin] from library [/usr/lib/x86_64-linux-gnu/ign-physics-5/engine-plugins/libignition-physics-dartsim-plugin.so]
(2023-05-19T11:36:42.175165066) (2023-05-19T11:36:42.175176526) [Dbg] [SystemManager.cc:58] Loaded system [ignition::gazebo::systems::Physics] for entity [1]
(2023-05-19T11:36:42.176792099) (2023-05-19T11:36:42.176803349) [Msg] Create service on [/world/simple_demo/create]
(2023-05-19T11:36:42.176925469) (2023-05-19T11:36:42.176941119) [Msg] Remove service on [/world/simple_demo/remove]
(2023-05-19T11:36:42.177060699) (2023-05-19T11:36:42.177074709) [Msg] Pose service on [/world/simple_demo/set_pose]
(2023-05-19T11:36:42.177182639) (2023-05-19T11:36:42.177193539) [Msg] Pose service on [/world/simple_demo/set_pose_vector]
(2023-05-19T11:36:42.177317569) (2023-05-19T11:36:42.177328249) [Msg] Light configuration service on [/world/simple_demo/light_config]
(2023-05-19T11:36:42.177483860) (2023-05-19T11:36:42.177493710) [Msg] Physics service on [/world/simple_demo/set_physics]
(2023-05-19T11:36:42.177588320) (2023-05-19T11:36:42.177597970) [Msg] SphericalCoordinates service on [/world/simple_demo/set_spherical_coordinates]
(2023-05-19T11:36:42.177665160) (2023-05-19T11:36:42.177675570) [Msg] Enable collision service on [/world/simple_demo/enable_collision]
(2023-05-19T11:36:42.177743890) (2023-05-19T11:36:42.177754230) [Msg] Disable collision service on [/world/simple_demo/disable_collision]
(2023-05-19T11:36:42.177881280) (2023-05-19T11:36:42.177892410) [Msg] Material service on [/world/simple_demo/visual_config]
(2023-05-19T11:36:42.177988580) (2023-05-19T11:36:42.178000070) [Msg] Material service on [/world/simple_demo/wheel_slip]
(2023-05-19T11:36:42.178039101) (2023-05-19T11:36:42.178049251) [Dbg] [SystemManager.cc:58] Loaded system [ignition::gazebo::systems::UserCommands] for entity [1]
(2023-05-19T11:36:42.197687215) (2023-05-19T11:36:42.197697595) [Dbg] [Sensors.cc:479] Configuring Sensors system
(2023-05-19T11:36:42.197760865) (2023-05-19T11:36:42.197774045) [Dbg] [Sensors.cc:398] SensorsPrivate::Run
(2023-05-19T11:36:42.197854716) (2023-05-19T11:36:42.197865576) [Dbg] [SystemManager.cc:58] Loaded system [ignition::gazebo::systems::Sensors] for entity [1]
2023-05-19T11:36:42.197912296) (2023-05-19T11:36:42.197958416) [Dbg] [Sensors.cc:378] SensorsPrivate::RenderThread started
(2023-05-19T11:36:42.198013076) (2023-05-19T11:36:42.198029406) [Dbg] [Sensors.cc:228] Waiting for init
(2023-05-19T11:36:42.199343629) (2023-05-19T11:36:42.199356319) [Dbg] [SystemManager.cc:58] Loaded system [ignition::gazebo::systems::AirPressure] for entity [1]
(2023-05-19T11:36:42.200817271) (2023-05-19T11:36:42.200827931) [Dbg] [SystemManager.cc:58] Loaded system [ignition::gazebo::systems::Altimeter] for entity [1]
(2023-05-19T11:36:42.202304613) (2023-05-19T11:36:42.202315894) [Dbg] [SystemManager.cc:58] Loaded system [ignition::gazebo::systems::Imu] for entity [1]
(2023-05-19T11:36:42.203805316) (2023-05-19T11:36:42.203816146) [Dbg] [SystemManager.cc:58] Loaded system [ignition::gazebo::systems::Magnetometer] for entity [1]
(2023-05-19T11:36:42.205293168) (2023-05-19T11:36:42.205303918) [Dbg] [SystemManager.cc:58] Loaded system [ignition::gazebo::systems::ForceTorque] for entity [1]
(2023-05-19T11:36:42.206397100) (2023-05-19T11:36:42.206407810) [Msg] Serving particle emitter information on [/world/simple_demo/particle_emitters]
(2023-05-19T11:36:42.206463240) (2023-05-19T11:36:42.206472820) [Dbg] [SystemManager.cc:58] Loaded system [ignition::gazebo::systems::ParticleEmitter2] for entity [1]
(2023-05-19T11:36:42.207710482) (2023-05-19T11:36:42.207730483) [Dbg] [SystemManager.cc:58] Loaded system [ignition::gazebo::systems::SceneBroadcaster] for entity [1]
(2023-05-19T11:36:42.208660724) (2023-05-19T11:36:42.208671604) [Dbg] [SystemManager.cc:58] Loaded system [ignition::gazebo::systems::Contact] for entity [1]
(2023-05-19T11:36:42.209727447) (2023-05-19T11:36:42.209741037) [Dbg] [RFComms.cc:385] Range configuration:
RF Configuration (range-based)
-- max_range: 500000
-- fading_exponent: 2.6
-- l0: 40
-- sigma: 10

(2023-05-19T11:36:42.209870087) (2023-05-19T11:36:42.209884047) [Dbg] [RFComms.cc:388] Radio configuration:
Radio Configuration
-- capacity: 1e+06
-- tx_power: 25
-- noise_floor: -90
-- modulation: QPSK

(2023-05-19T11:36:42.210157228) (2023-05-19T11:36:42.210168798) [Dbg] [Broker.cc:113] Broker services:
(2023-05-19T11:36:42.210197168) (2023-05-19T11:36:42.210208838) [Dbg] [Broker.cc:114]   Bind: [/broker/bind]
(2023-05-19T11:36:42.210237388) (2023-05-19T11:36:42.210246718) [Dbg] [Broker.cc:115]   Unbind: [/broker/unbind]
(2023-05-19T11:36:42.210279348) (2023-05-19T11:36:42.210289378) [Dbg] [Broker.cc:116] Broker topics:
(2023-05-19T11:36:42.210310488) (2023-05-19T11:36:42.210321528) [Dbg] [Broker.cc:117]   Incoming messages: [/broker/msgs]
(2023-05-19T11:36:42.210355158) (2023-05-19T11:36:42.210363348) [Dbg] [SystemManager.cc:58] Loaded system [ignition::gazebo::systems::RFComms] for entity [1]
(2023-05-19T11:36:42.212553872) (2023-05-19T11:36:42.212564562) [Dbg] [RFRange.cc:339] RFRange sensor range configuration:
RF Configuration (range-based)
-- max_range: 500000
-- fading_exponent: 2.6
-- l0: 40
-- sigma: 0.005
-- rssi_1: -15

(2023-05-19T11:36:42.212679812) (2023-05-19T11:36:42.212689892) [Dbg] [RFRange.cc:342] RFRange sensor radio configuration:
Radio Configuration
-- tx_power: 25
-- noise_floor: -90

(2023-05-19T11:36:42.212772222) (2023-05-19T11:36:42.212781162) [Dbg] [SystemManager.cc:58] Loaded system [ignition::gazebo::systems::RFRange] for entity [1]
(2023-05-19T11:36:42.216224468) (2023-05-19T11:36:42.216234928) [Msg] Overwriting existing file [/tmp/ign/mbzirc/playback/state.tlog]
(2023-05-19T11:36:42.218335701) (2023-05-19T11:36:42.218345141) [Msg] Recording to log file [/tmp/ign/mbzirc/playback/state.tlog]
(2023-05-19T11:36:42.218378471) (2023-05-19T11:36:42.218387301) [Dbg] [LogRecord.cc:334] Recording default topic[/playback/sdf].
(2023-05-19T11:36:42.218413151) (2023-05-19T11:36:42.218422601) [Dbg] [LogRecord.cc:335] Recording default topic[/world/simple_demo/changed_state].
(2023-05-19T11:36:42.254520685) (2023-05-19T11:36:42.254560235) [Dbg] [SystemManager.cc:58] Loaded system [ignition::gazebo::systems::LogRecord] for entity [1]
(2023-05-19T11:36:42.257802451) (2023-05-19T11:36:42.257837431) [Dbg] [SystemManager.cc:58] Loaded system [ignition::gazebo::systems::WindEffects] for entity [1]
(2023-05-19T11:36:42.263594562) (2023-05-19T11:36:42.263643042) [Msg] MBZIRC log path: /tmp/ign/mbzirc/logs
(2023-05-19T11:36:42.264165993) (2023-05-19T11:36:42.264180273) [Msg] Run duration set to 3600 seconds.
(2023-05-19T11:36:42.264256973) (2023-05-19T11:36:42.264269493) [Msg] Geofence boundary min: -70 -70 -25, max: 70 70 121.92
(2023-05-19T11:36:42.264382663) (2023-05-19T11:36:42.264395343) [Msg] Start area boundary min: -15 -15 -5, max: 15 15 5
(2023-05-19T11:36:42.264494703) (2023-05-19T11:36:42.264507943) [Msg] Setup duration set to 600 seconds.
(2023-05-19T11:36:42.264548633) (2023-05-19T11:36:42.264559463) [Msg] Target vessel: Vessel A
(2023-05-19T11:36:42.264629274) (2023-05-19T11:36:42.264640484) [Msg]   Small object: small_blue_box_a
(2023-05-19T11:36:42.264674154) (2023-05-19T11:36:42.264694104) [Msg]   Small object: small_blue_box_a_duplicate
(2023-05-19T11:36:42.264730064) (2023-05-19T11:36:42.264742704) [Msg]   Large object: large_dry_box_a
(2023-05-19T11:36:42.264778034) (2023-05-19T11:36:42.264789084) [Msg]   Large object: large_dry_box_a_duplicate
(2023-05-19T11:36:42.266204116) (2023-05-19T11:36:42.266229776) [Msg] Starting MBZIRC
(2023-05-19T11:36:42.266489737) (2023-05-19T11:36:42.266511937) [Dbg] [SystemManager.cc:58] Loaded system [mbzirc::GameLogicPlugin] for entity [1]
(2023-05-19T11:36:42.276381274) (2023-05-19T11:36:42.276392334) [Msg] Using Pierson-Moskowitz spectrum sampling wavefield model 
(2023-05-19T11:36:42.276677515) (2023-05-19T11:36:42.276688535) [Msg] Using Pierson-Moskowitz spectrum sampling wavefield model 
(2023-05-19T11:36:42.721756719) (2023-05-19T11:36:42.721785959) [Msg] Input Parameters:
(2023-05-19T11:36:42.721834839) (2023-05-19T11:36:42.721854089) [Msg] model:     PMS
(2023-05-19T11:36:42.721902510) (2023-05-19T11:36:42.721918740) [Msg] number:     3
(2023-05-19T11:36:42.721970310) (2023-05-19T11:36:42.721987760) [Msg] scale:      1.1
(2023-05-19T11:36:42.722042410) (2023-05-19T11:36:42.722059380) [Msg] angle:      0.4
(2023-05-19T11:36:42.722110330) (2023-05-19T11:36:42.722126320) [Msg] steepness:  0
(2023-05-19T11:36:42.722176720) (2023-05-19T11:36:42.722193590) [Msg] amplitude:  0
(2023-05-19T11:36:42.722241790) (2023-05-19T11:36:42.722259990) [Msg] period:     5
(2023-05-19T11:36:42.722308520) (2023-05-19T11:36:42.722326540) [Msg] direction:  1 0
(2023-05-19T11:36:42.722401231) (2023-05-19T11:36:42.722419061) [Msg] tau:  2
(2023-05-19T11:36:42.722466781) (2023-05-19T11:36:42.722484901) [Msg] gain:  0.3
(2023-05-19T11:36:42.722534311) (2023-05-19T11:36:42.722550971) [Msg] Derived Parameters:
(2023-05-19T11:36:42.722593561) (2023-05-19T11:36:42.722610181) [Msg] amplitudes:  0.0363502, 0.0392277, 0.0385703, 
(2023-05-19T11:36:42.722725601) (2023-05-19T11:36:42.722742821) [Msg] wavenumbers: 0.133171, 0.161136, 0.194975, 
(2023-05-19T11:36:42.722829332) (2023-05-19T11:36:42.722846352) [Msg] omegas:      1.1424, 1.25664, 1.3823, 
(2023-05-19T11:36:42.722932942) (2023-05-19T11:36:42.722949262) [Msg] periods:     (2023-05-19T11:36:42.722994322) (2023-05-19T11:36:42.723012582) [Msg] 5.5, (2023-05-19T11:36:42.723055602) (2023-05-19T11:36:42.723072382) [Msg] 5, (2023-05-19T11:36:42.723112342) (2023-05-19T11:36:42.723129862) [Msg] 4.54545, (2023-05-19T11:36:42.723170192) (2023-05-19T11:36:42.723186422) [Msg] 
(2023-05-19T11:36:42.723246602) (2023-05-19T11:36:42.723269782) [Msg] phases:      0, 0, 0, 
(2023-05-19T11:36:42.723355443) (2023-05-19T11:36:42.723373383) [Msg] steepnesses: 0, 0, 0, 
(2023-05-19T11:36:42.723459813) (2023-05-19T11:36:42.723478063) [Msg] directions:  (2023-05-19T11:36:42.723522563) (2023-05-19T11:36:42.723539863) [Msg] 0.921061 -0.389418; (2023-05-19T11:36:42.723604313) (2023-05-19T11:36:42.723621503) [Msg] 1 0; (2023-05-19T11:36:42.723678583) (2023-05-19T11:36:42.723697543) [Msg] 0.921061 0.389418; (2023-05-19T11:36:42.723752653) (2023-05-19T11:36:42.723770113) [Msg] 
(2023-05-19T11:36:42.724438264) (2023-05-19T11:36:42.724453944) [Dbg] [SystemManager.cc:58] Loaded system [ignition::gazebo::systems::WaveVisual] for entity [23]
(2023-05-19T11:36:42.728109570) (2023-05-19T11:36:42.728126700) [Msg] Using Pierson-Moskowitz spectrum sampling wavefield model 
(2023-05-19T11:36:42.728407911) (2023-05-19T11:36:42.728423541) [Msg] Using Pierson-Moskowitz spectrum sampling wavefield model 
(2023-05-19T11:36:42.728486141) (2023-05-19T11:36:42.728500211) [Msg] Input Parameters:
(2023-05-19T11:36:42.728530851) (2023-05-19T11:36:42.728543281) [Msg] model:     PMS
(2023-05-19T11:36:42.728580711) (2023-05-19T11:36:42.728594321) [Msg] number:     3
(2023-05-19T11:36:42.728632101) (2023-05-19T11:36:42.728646191) [Msg] scale:      1.1
(2023-05-19T11:36:42.728686641) (2023-05-19T11:36:42.728699571) [Msg] angle:      0.4
(2023-05-19T11:36:42.728737911) (2023-05-19T11:36:42.728752221) [Msg] steepness:  0
(2023-05-19T11:36:42.728790211) (2023-05-19T11:36:42.728804001) [Msg] amplitude:  0
(2023-05-19T11:36:42.728843361) (2023-05-19T11:36:42.728856661) [Msg] period:     5
(2023-05-19T11:36:42.728892942) (2023-05-19T11:36:42.728906212) [Msg] direction:  1 0
(2023-05-19T11:36:42.728957232) (2023-05-19T11:36:42.728970502) [Msg] tau:  2
(2023-05-19T11:36:42.729008852) (2023-05-19T11:36:42.729022792) [Msg] gain:  0.3
(2023-05-19T11:36:42.729061392) (2023-05-19T11:36:42.729076112) [Msg] Derived Parameters:
(2023-05-19T11:36:42.729120472) (2023-05-19T11:36:42.729132962) [Msg] amplitudes:  0.0363502, 0.0392277, 0.0385703, 
(2023-05-19T11:36:42.729197912) (2023-05-19T11:36:42.729210712) [Msg] wavenumbers: 0.133171, 0.161136, 0.194975, 
(2023-05-19T11:36:42.729276342) (2023-05-19T11:36:42.729289722) [Msg] omegas:      1.1424, 1.25664, 1.3823, 
(2023-05-19T11:36:42.729359272) (2023-05-19T11:36:42.729373202) [Msg] periods:     (2023-05-19T11:36:42.729399482) (2023-05-19T11:36:42.729413312) [Msg] 5.5, (2023-05-19T11:36:42.729444972) (2023-05-19T11:36:42.729458802) [Msg] 5, (2023-05-19T11:36:42.729490422) (2023-05-19T11:36:42.729504773) [Msg] 4.54545, (2023-05-19T11:36:42.729536963) (2023-05-19T11:36:42.729550583) [Msg] 
(2023-05-19T11:36:42.729576723) (2023-05-19T11:36:42.729590913) [Msg] phases:      0, 0, 0, 
(2023-05-19T11:36:42.729658163) (2023-05-19T11:36:42.729672663) [Msg] steepnesses: 0, 0, 0, 
(2023-05-19T11:36:42.729739533) (2023-05-19T11:36:42.729753163) [Msg] directions:  (2023-05-19T11:36:42.729779383) (2023-05-19T11:36:42.729792303) [Msg] 0.921061 -0.389418; (2023-05-19T11:36:42.729837023) (2023-05-19T11:36:42.729850733) [Msg] 1 0; (2023-05-19T11:36:42.729893893) (2023-05-19T11:36:42.729907003) [Msg] 0.921061 0.389418; (2023-05-19T11:36:42.729950653) (2023-05-19T11:36:42.729963923) [Msg] 
(2023-05-19T11:36:42.730020723) (2023-05-19T11:36:42.730033593) [Dbg] [Surface.cc:161] Surface plugin successfully configured with the following parameters:
(2023-05-19T11:36:42.730075763) (2023-05-19T11:36:42.730090203) [Dbg] [Surface.cc:163]   <link_name>: link
(2023-05-19T11:36:42.730132094) (2023-05-19T11:36:42.730145444) [Dbg] [Surface.cc:164]   <vehicle_length>: 6
(2023-05-19T11:36:42.730186454) (2023-05-19T11:36:42.730200414) [Dbg] [Surface.cc:165]   <vehicle_width>: 3.3
(2023-05-19T11:36:42.730239504) (2023-05-19T11:36:42.730254834) [Dbg] [Surface.cc:166]   <hull_radius>: 1.9
(2023-05-19T11:36:42.730293974) (2023-05-19T11:36:42.730307834) [Dbg] [Surface.cc:167]   <num_samples>: 2
(2023-05-19T11:36:42.730349224) (2023-05-19T11:36:42.730362934) [Dbg] [Surface.cc:168]   <fluid_level>: 0.45
(2023-05-19T11:36:42.730402864) (2023-05-19T11:36:42.730417644) [Dbg] [Surface.cc:169]   <fluid_density>: 997.774
(2023-05-19T11:36:42.730481004) (2023-05-19T11:36:42.730495474) [Dbg] [SystemManager.cc:58] Loaded system [ignition::gazebo::systems::Surface] for entity [24]
(2023-05-19T11:36:42.733184279) (2023-05-19T11:36:42.733201569) [Dbg] [SimpleHydrodynamics.cc:167] SimpleHydrodynamics plugin successfully configured with the following parameters:
(2023-05-19T11:36:42.733247379) (2023-05-19T11:36:42.733261760) [Dbg] [SimpleHydrodynamics.cc:169]   <link_name>: link
(2023-05-19T11:36:42.733303160) (2023-05-19T11:36:42.733317510) [Dbg] [SimpleHydrodynamics.cc:170]   <xDotU>: 0
(2023-05-19T11:36:42.733359510) (2023-05-19T11:36:42.733373500) [Dbg] [SimpleHydrodynamics.cc:171]   <yDotV>: 0
(2023-05-19T11:36:42.733414390) (2023-05-19T11:36:42.733427990) [Dbg] [SimpleHydrodynamics.cc:172]   <zDotW>: 0.1
(2023-05-19T11:36:42.733469430) (2023-05-19T11:36:42.733483370) [Dbg] [SimpleHydrodynamics.cc:173]   <kDotP>: 0.1
(2023-05-19T11:36:42.733524140) (2023-05-19T11:36:42.733537950) [Dbg] [SimpleHydrodynamics.cc:174]   <mDotQ>: 0.1
(2023-05-19T11:36:42.733578970) (2023-05-19T11:36:42.733593270) [Dbg] [SimpleHydrodynamics.cc:175]   <nDotR>: 0
(2023-05-19T11:36:42.733633790) (2023-05-19T11:36:42.733647880) [Dbg] [SimpleHydrodynamics.cc:176]   <xU>: 510.3
(2023-05-19T11:36:42.733689050) (2023-05-19T11:36:42.733702810) [Dbg] [SimpleHydrodynamics.cc:177]   <xUU>: 720.4
(2023-05-19T11:36:42.733743911) (2023-05-19T11:36:42.733757051) [Dbg] [SimpleHydrodynamics.cc:178]   <yV>: 400
(2023-05-19T11:36:42.733797031) (2023-05-19T11:36:42.733810791) [Dbg] [SimpleHydrodynamics.cc:179]   <yVV>: 0
(2023-05-19T11:36:42.733849511) (2023-05-19T11:36:42.733862021) [Dbg] [SimpleHydrodynamics.cc:180]   <zW>: 5000
(2023-05-19T11:36:42.733898901) (2023-05-19T11:36:42.733912311) [Dbg] [SimpleHydrodynamics.cc:181]   <zWW>: 0
(2023-05-19T11:36:42.733950201) (2023-05-19T11:36:42.733962691) [Dbg] [SimpleHydrodynamics.cc:182]   <kP>: 500
(2023-05-19T11:36:42.734006001) (2023-05-19T11:36:42.734018411) [Dbg] [SimpleHydrodynamics.cc:183]   <kPP>: 0
(2023-05-19T11:36:42.734057551) (2023-05-19T11:36:42.734072051) [Dbg] [SimpleHydrodynamics.cc:184]   <mQ>: 500
(2023-05-19T11:36:42.734112131) (2023-05-19T11:36:42.734126181) [Dbg] [SimpleHydrodynamics.cc:185]   <mQQ>: 0
(2023-05-19T11:36:42.734166321) (2023-05-19T11:36:42.734180551) [Dbg] [SimpleHydrodynamics.cc:186]   <nR>: 15000
(2023-05-19T11:36:42.734220852) (2023-05-19T11:36:42.734234772) [Dbg] [SimpleHydrodynamics.cc:187]   <nRR>: 0
(2023-05-19T11:36:42.734280982) (2023-05-19T11:36:42.734294852) [Dbg] [SystemManager.cc:58] Loaded system [ignition::gazebo::systems::SimpleHydrodynamics] for entity [24]
(2023-05-19T11:36:42.736235155) (2023-05-19T11:36:42.736246075) [Dbg] [SystemManager.cc:58] Loaded system [ignition::gazebo::systems::DetachableJoint] for entity [28]
(2023-05-19T11:36:42.736735276) (2023-05-19T11:36:42.736746856) [Dbg] [SystemManager.cc:58] Loaded system [ignition::gazebo::systems::DetachableJoint] for entity [44]
(2023-05-19T11:36:42.737549967) (2023-05-19T11:36:42.737561887) [Dbg] [SystemManager.cc:58] Loaded system [ignition::gazebo::systems::DetachableJoint] for entity [60]
(2023-05-19T11:36:42.738341439) (2023-05-19T11:36:42.738353159) [Dbg] [SystemManager.cc:58] Loaded system [ignition::gazebo::systems::DetachableJoint] for entity [112]
(2023-05-19T11:36:42.739538871) (2023-05-19T11:36:42.739550211) [Dbg] [SystemManager.cc:58] Loaded system [ignition::gazebo::systems::CommsEndpoint] for entity [164]
(2023-05-19T11:36:42.739728341) (2023-05-19T11:36:42.739739021) [Dbg] [SystemManager.cc:58] Loaded system [ignition::gazebo::systems::CommsEndpoint] for entity [164]
(2023-05-19T11:36:42.741217123) (2023-05-19T11:36:42.741229883) [Dbg] [SystemManager.cc:58] Loaded system [mbzirc::BaseStation] for entity [164]
(2023-05-19T11:36:42.742995076) (2023-05-19T11:36:42.743006596) [Msg] EntityDetector publishing messages on [/mbzirc/target_object_detector/dropped]
(2023-05-19T11:36:42.743153706) (2023-05-19T11:36:42.743164416) [Dbg] [SystemManager.cc:58] Loaded system [mbzirc::EntityDetector] for entity [168]
(2023-05-19T11:36:42.743257027) (2023-05-19T11:36:42.743268407) [Msg] Loaded level [3]
(2023-05-19T11:36:42.743537027) (2023-05-19T11:36:42.743547147) [Msg] Serving world controls on [/world/simple_demo/control], [/world/simple_demo/control/state] and [/world/simple_demo/playback/control]
(2023-05-19T11:36:42.743662917) (2023-05-19T11:36:42.743671677) [Msg] Serving GUI information on [/world/simple_demo/gui/info]
(2023-05-19T11:36:42.743708068) (2023-05-19T11:36:42.743716688) [Msg] World [simple_demo] initialized with [4ms] physics profile.
(2023-05-19T11:36:42.743836338) (2023-05-19T11:36:42.743846728) [Msg] Serving world SDF generation service on [/world/simple_demo/generate_world_sdf]
(2023-05-19T11:36:42.743928888) (2023-05-19T11:36:42.743937808) [Msg] Serving world names on [/gazebo/worlds]
(2023-05-19T11:36:42.744002738) (2023-05-19T11:36:42.744012018) [Msg] Resource path add service on [/gazebo/resource_paths/add].
(2023-05-19T11:36:42.744078228) (2023-05-19T11:36:42.744087688) [Msg] Resource path get service on [/gazebo/resource_paths/get].
(2023-05-19T11:36:42.744156938) (2023-05-19T11:36:42.744167949) [Msg] Resource path resolve service on [/gazebo/resource_paths/resolve].
(2023-05-19T11:36:42.844476246) (2023-05-19T11:36:42.844502436) [Msg] Resource paths published on [/gazebo/resource_paths].
(2023-05-19T11:36:42.844752836) (2023-05-19T11:36:42.844774936) [Msg] Server control service on [/server_control].
(2023-05-19T11:36:42.844983327) (2023-05-19T11:36:42.845005267) [Msg] Found no publishers on /stats, adding root stats topic
(2023-05-19T11:36:42.845171887) (2023-05-19T11:36:42.845190817) [Msg] Found no publishers on /clock, adding root clock topic
(2023-05-19T11:36:42.845448008) (2023-05-19T11:36:42.845466748) [Dbg] [SimulationRunner.cc:491] Creating PostUpdate worker threads: 13
(2023-05-19T11:36:42.845523218) (2023-05-19T11:36:42.845551898) [Dbg] [SimulationRunner.cc:502] Creating postupdate worker thread (0)
(2023-05-19T11:36:42.845668918) (2023-05-19T11:36:42.845687808) [Dbg] [SimulationRunner.cc:502] Creating postupdate worker thread (1)
(2023-05-19T11:36:42.845775358) (2023-05-19T11:36:42.845794108) [Dbg] [SimulationRunner.cc:502] Creating postupdate worker thread (2)
(2023-05-19T11:36:42.845897649) (2023-05-19T11:36:42.845915589) [Dbg] [SimulationRunner.cc:502] Creating postupdate worker thread (3)
(2023-05-19T11:36:42.845996999) (2023-05-19T11:36:42.846015299) [Dbg] [SimulationRunner.cc:502] Creating postupdate worker thread (4)
(2023-05-19T11:36:42.846111079) (2023-05-19T11:36:42.846128539) [Dbg] [SimulationRunner.cc:502] Creating postupdate worker thread (5)
(2023-05-19T11:36:42.846214709) (2023-05-19T11:36:42.846232109) [Dbg] [SimulationRunner.cc:502] Creating postupdate worker thread (6)
(2023-05-19T11:36:42.846315569) (2023-05-19T11:36:42.846333730) [Dbg] [SimulationRunner.cc:502] Creating postupdate worker thread (7)
(2023-05-19T11:36:42.846419660) (2023-05-19T11:36:42.846437360) [Dbg] [SimulationRunner.cc:502] Creating postupdate worker thread (8)
(2023-05-19T11:36:42.846521160) (2023-05-19T11:36:42.846537610) [Dbg] [SimulationRunner.cc:502] Creating postupdate worker thread (9)
(2023-05-19T11:36:42.846627380) (2023-05-19T11:36:42.846644490) [Dbg] [SimulationRunner.cc:502] Creating postupdate worker thread (10)
(2023-05-19T11:36:42.846736380) (2023-05-19T11:36:42.846753480) [Dbg] [SimulationRunner.cc:502] Creating postupdate worker thread (11)
(2023-05-19T11:36:42.946134384) (2023-05-19T11:36:42.946158734) [Msg] Particle emitter[simple_demo::dust_storm::link::dust_storm] subscribed to command messages on topic[/model/dust_storm/link/link/particle_emitter/dust_storm/cmd]
(2023-05-19T11:36:42.946380405) (2023-05-19T11:36:42.946400545) [Msg] Particle emitter[simple_demo::fog::link::fog] subscribed to command messages on topic[/model/fog/link/link/particle_emitter/fog/cmd]
(2023-05-19T11:36:42.948407959) (2023-05-19T11:36:42.948429039) [Msg] DetachableJoint subscribing to messages on [/Vessel_A/detach]
(2023-05-19T11:36:42.948576779) (2023-05-19T11:36:42.948595989) [Msg] DetachableJoint subscribing to messages on [/Vessel_A/detach]
(2023-05-19T11:36:42.948730169) (2023-05-19T11:36:42.948749109) [Msg] DetachableJoint subscribing to messages on [/Vessel_A/detach]
(2023-05-19T11:36:42.948881800) (2023-05-19T11:36:42.948900950) [Msg] DetachableJoint subscribing to messages on [/Vessel_A/detach]
(2023-05-19T11:36:42.949120520) (2023-05-19T11:36:42.949140890) [Msg] Address [base_station/target] bound to model [base_station] on topic [base_station/target]
(2023-05-19T11:36:42.949236880) (2023-05-19T11:36:42.949255470) [Dbg] [CommsEndpoint.cc:89] Succesfuly bound to [base_station/target] on topic [base_station/target]
(2023-05-19T11:36:42.949395051) (2023-05-19T11:36:42.949414731) [Msg] Address [base_station/video] bound to model [base_station] on topic [base_station/video]
(2023-05-19T11:36:42.949500491) (2023-05-19T11:36:42.949517061) [Dbg] [CommsEndpoint.cc:89] Succesfuly bound to [base_station/video] on topic [base_station/video]
(2023-05-19T11:36:43.24067912) (2023-05-19T11:36:43.24086842) [Dbg] [Physics.cc:1593] Creating detachable joint [170]
(2023-05-19T11:36:43.24253542) (2023-05-19T11:36:43.24266692) [Dbg] [Physics.cc:1593] Creating detachable joint [171]
(2023-05-19T11:36:43.24401383) (2023-05-19T11:36:43.24414083) [Dbg] [Physics.cc:1593] Creating detachable joint [172]
(2023-05-19T11:36:43.24733933) (2023-05-19T11:36:43.24746643) [Dbg] [Physics.cc:1593] Creating detachable joint [173]
(2023-05-19T11:36:43.25919996) (2023-05-19T11:36:43.25931396) [Dbg] [SimulationFeatures.cc:63] Simulation timestep set to: 0.004
(2023-05-19T11:36:43.36132833) (2023-05-19T11:36:43.36149853) [Msg] Serving scene information on [/world/simple_demo/scene/info]
(2023-05-19T11:36:43.36282694) (2023-05-19T11:36:43.36300954) [Msg] Serving graph information on [/world/simple_demo/scene/graph]
(2023-05-19T11:36:43.36462774) (2023-05-19T11:36:43.36479724) [Msg] Serving full state on [/world/simple_demo/state]
(2023-05-19T11:36:43.36627444) (2023-05-19T11:36:43.36641714) [Msg] Serving full state (async) on [/world/simple_demo/state_async]
(2023-05-19T11:36:43.36782435) (2023-05-19T11:36:43.36802305) [Msg] Publishing scene information on [/world/simple_demo/scene/info]
(2023-05-19T11:36:43.36985695) (2023-05-19T11:36:43.37001895) [Msg] Publishing entity deletions on [/world/simple_demo/scene/deletion]
(2023-05-19T11:36:43.37115765) (2023-05-19T11:36:43.37135356) [Msg] Publishing state changes on [/world/simple_demo/state]
(2023-05-19T11:36:43.37309066) (2023-05-19T11:36:43.37328206) [Msg] Publishing pose messages on [/world/simple_demo/pose/info]
(2023-05-19T11:36:43.37462076) (2023-05-19T11:36:43.37479746) [Msg] Publishing dynamic pose messages on [/world/simple_demo/dynamic_pose/info]
(2023-05-19T11:36:43.37831287) (2023-05-19T11:36:43.37852687) [Dbg] [EntityComponentManager.cc:1587] Updated state thread iterators: 24 threads processing around 8 entities each.
(2023-05-19T11:36:43.38015677) (2023-05-19T11:36:43.38052277) [Wrn] [Model.hh:69] Skipping serialization / deserialization for models with //pose/@relative_to attribute.
(2023-05-19T11:36:43.38629149) (2023-05-19T11:36:43.38648929) [Wrn] [Component.hh:144] Trying to serialize component with data type [N3sdf3v125WorldE], which doesn't have `operator<<`. Component will not be serialized.
(2023-05-19T11:36:43.64267914) (2023-05-19T11:36:43.64293374) [Dbg] [EntityComponentManager.cc:1587] Updated state thread iterators: 24 threads processing around 8 entities each.
(2023-05-19T11:36:49.108123172) (2023-05-19T11:36:49.108140142) [Msg] Linear velocity initialized to [0 0 0]
(2023-05-19T11:36:49.108206543) (2023-05-19T11:36:49.108215523) [Msg] Angular velocity initialized to [0 0 0]
(2023-05-19T11:36:49.108393133) (2023-05-19T11:36:49.108406513) [Msg] VelocityControl subscribing to twist messages on [/model/usv/cmd_vel]
(2023-05-19T11:36:49.108454703) (2023-05-19T11:36:49.108467303) [Dbg] [SystemManager.cc:58] Loaded system [ignition::gazebo::systems::VelocityControl] for entity [174]
(2023-05-19T11:36:49.109743435) (2023-05-19T11:36:49.109754835) [Msg] Thruster listening to commands in [/model/usv/joint/left_engine_propeller_joint/cmd_thrust]
(2023-05-19T11:36:49.109825745) (2023-05-19T11:36:49.109834935) [Dbg] [Thruster.cc:288] Using velocity control for propeller joint.
(2023-05-19T11:36:49.109868535) (2023-05-19T11:36:49.109881215) [Dbg] [SystemManager.cc:58] Loaded system [ignition::gazebo::systems::Thruster] for entity [174]
(2023-05-19T11:36:49.111064227) (2023-05-19T11:36:49.111078517) [Dbg] [JointPositionController.cc:205] [JointPositionController] system parameters:
(2023-05-19T11:36:49.111121407) (2023-05-19T11:36:49.111130037) [Dbg] [JointPositionController.cc:206] p_gain: [1]
(2023-05-19T11:36:49.111172477) (2023-05-19T11:36:49.111184567) [Dbg] [JointPositionController.cc:207] i_gain: [0.1]
(2023-05-19T11:36:49.111231407) (2023-05-19T11:36:49.111242827) [Dbg] [JointPositionController.cc:208] d_gain: [0.01]
(2023-05-19T11:36:49.111297158) (2023-05-19T11:36:49.111308878) [Dbg] [JointPositionController.cc:209] i_max: [1]
(2023-05-19T11:36:49.111352608) (2023-05-19T11:36:49.111364168) [Dbg] [JointPositionController.cc:210] i_min: [-1]
(2023-05-19T11:36:49.111398188) (2023-05-19T11:36:49.111409588) [Dbg] [JointPositionController.cc:211] cmd_max: [1000]
(2023-05-19T11:36:49.111458278) (2023-05-19T11:36:49.111469308) [Dbg] [JointPositionController.cc:212] cmd_min: [-1000]
(2023-05-19T11:36:49.111510778) (2023-05-19T11:36:49.111522288) [Dbg] [JointPositionController.cc:213] cmd_offset: [0]
(2023-05-19T11:36:49.111562718) (2023-05-19T11:36:49.111573858) [Dbg] [JointPositionController.cc:214] Topic: [usv/left/thruster/joint/cmd_pos]
(2023-05-19T11:36:49.111613378) (2023-05-19T11:36:49.111629458) [Dbg] [JointPositionController.cc:215] initial_position: [0]
(2023-05-19T11:36:49.111678778) (2023-05-19T11:36:49.111690378) [Dbg] [SystemManager.cc:58] Loaded system [ignition::gazebo::systems::JointPositionController] for entity [174]
(2023-05-19T11:36:49.112070559) (2023-05-19T11:36:49.112083729) [Msg] Thruster listening to commands in [/model/usv/joint/right_engine_propeller_joint/cmd_thrust]
(2023-05-19T11:36:49.112147949) (2023-05-19T11:36:49.112160959) [Dbg] [Thruster.cc:288] Using velocity control for propeller joint.
(2023-05-19T11:36:49.112197499) (2023-05-19T11:36:49.112210269) [Dbg] [SystemManager.cc:58] Loaded system [ignition::gazebo::systems::Thruster] for entity [174]
(2023-05-19T11:36:49.112543790) (2023-05-19T11:36:49.112558860) [Dbg] [JointPositionController.cc:205] [JointPositionController] system parameters:
(2023-05-19T11:36:49.112592920) (2023-05-19T11:36:49.112604420) [Dbg] [JointPositionController.cc:206] p_gain: [1]
(2023-05-19T11:36:49.112649380) (2023-05-19T11:36:49.112664220) [Dbg] [JointPositionController.cc:207] i_gain: [0.1]
(2023-05-19T11:36:49.112701450) (2023-05-19T11:36:49.112716221) [Dbg] [JointPositionController.cc:208] d_gain: [0.01]
(2023-05-19T11:36:49.112752511) (2023-05-19T11:36:49.112764801) [Dbg] [JointPositionController.cc:209] i_max: [1]
(2023-05-19T11:36:49.112802861) (2023-05-19T11:36:49.112814371) [Dbg] [JointPositionController.cc:210] i_min: [-1]
(2023-05-19T11:36:49.112854281) (2023-05-19T11:36:49.112866621) [Dbg] [JointPositionController.cc:211] cmd_max: [1000]
(2023-05-19T11:36:49.112912051) (2023-05-19T11:36:49.112925581) [Dbg] [JointPositionController.cc:212] cmd_min: [-1000]
(2023-05-19T11:36:49.112956961) (2023-05-19T11:36:49.112966521) [Dbg] [JointPositionController.cc:213] cmd_offset: [0]
(2023-05-19T11:36:49.113005041) (2023-05-19T11:36:49.113018101) [Dbg] [JointPositionController.cc:214] Topic: [usv/right/thruster/joint/cmd_pos]
(2023-05-19T11:36:49.113056821) (2023-05-19T11:36:49.113068821) [Dbg] [JointPositionController.cc:215] initial_position: [0]
(2023-05-19T11:36:49.113119681) (2023-05-19T11:36:49.113133121) [Dbg] [SystemManager.cc:58] Loaded system [ignition::gazebo::systems::JointPositionController] for entity [174]
(2023-05-19T11:36:49.113418992) (2023-05-19T11:36:49.113430982) [Msg] Using Pierson-Moskowitz spectrum sampling wavefield model 
(2023-05-19T11:36:49.113591742) (2023-05-19T11:36:49.113602252) [Msg] Using Pierson-Moskowitz spectrum sampling wavefield model 
(2023-05-19T11:36:49.113671972) (2023-05-19T11:36:49.113681843) [Msg] Input Parameters:
(2023-05-19T11:36:49.113703413) (2023-05-19T11:36:49.113713083) [Msg] model:     PMS
(2023-05-19T11:36:49.113738153) (2023-05-19T11:36:49.113746653) [Msg] number:     3
(2023-05-19T11:36:49.113771493) (2023-05-19T11:36:49.113780893) [Msg] scale:      1.1
(2023-05-19T11:36:49.113807493) (2023-05-19T11:36:49.113819013) [Msg] angle:      0.4
(2023-05-19T11:36:49.113857093) (2023-05-19T11:36:49.113869983) [Msg] steepness:  0
(2023-05-19T11:36:49.113905433) (2023-05-19T11:36:49.113917183) [Msg] amplitude:  0
(2023-05-19T11:36:49.113952863) (2023-05-19T11:36:49.113965223) [Msg] period:     5
(2023-05-19T11:36:49.114002303) (2023-05-19T11:36:49.114017123) [Msg] direction:  1 0
(2023-05-19T11:36:49.114067893) (2023-05-19T11:36:49.114081383) [Msg] tau:  2
(2023-05-19T11:36:49.114117873) (2023-05-19T11:36:49.114128943) [Msg] gain:  0.3
(2023-05-19T11:36:49.114155983) (2023-05-19T11:36:49.114166194) [Msg] Derived Parameters:
(2023-05-19T11:36:49.114190404) (2023-05-19T11:36:49.114198824) [Msg] amplitudes:  0.0363502, 0.0392277, 0.0385703, 
(2023-05-19T11:36:49.114250184) (2023-05-19T11:36:49.114263954) [Msg] wavenumbers: 0.133171, 0.161136, 0.194975, 
(2023-05-19T11:36:49.114311974) (2023-05-19T11:36:49.114323514) [Msg] omegas:      1.1424, 1.25664, 1.3823, 
(2023-05-19T11:36:49.114388544) (2023-05-19T11:36:49.114399164) [Msg] periods:     (2023-05-19T11:36:49.114418944) (2023-05-19T11:36:49.114432994) [Msg] 5.5, (2023-05-19T11:36:49.114456364) (2023-05-19T11:36:49.114466864) [Msg] 5, (2023-05-19T11:36:49.114493404) (2023-05-19T11:36:49.114502874) [Msg] 4.54545, (2023-05-19T11:36:49.114532094) (2023-05-19T11:36:49.114542824) [Msg] 
(2023-05-19T11:36:49.114559924) (2023-05-19T11:36:49.114568374) [Msg] phases:      0, 0, 0, 
(2023-05-19T11:36:49.114638484) (2023-05-19T11:36:49.114650975) [Msg] steepnesses: 0, 0, 0, 
(2023-05-19T11:36:49.114713565) (2023-05-19T11:36:49.114725825) [Msg] directions:  (2023-05-19T11:36:49.114746965) (2023-05-19T11:36:49.114759085) [Msg] 0.921061 -0.389418; (2023-05-19T11:36:49.114798405) (2023-05-19T11:36:49.114808675) [Msg] 1 0; (2023-05-19T11:36:49.114847115) (2023-05-19T11:36:49.114857685) [Msg] 0.921061 0.389418; (2023-05-19T11:36:49.114894745) (2023-05-19T11:36:49.114906065) [Msg] 
(2023-05-19T11:36:49.114942055) (2023-05-19T11:36:49.114953825) [Dbg] [Surface.cc:161] Surface plugin successfully configured with the following parameters:
(2023-05-19T11:36:49.114985365) (2023-05-19T11:36:49.114996125) [Dbg] [Surface.cc:163]   <link_name>: base_link
(2023-05-19T11:36:49.115033195) (2023-05-19T11:36:49.115044315) [Dbg] [Surface.cc:164]   <vehicle_length>: 6
(2023-05-19T11:36:49.115074365) (2023-05-19T11:36:49.115091925) [Dbg] [Surface.cc:165]   <vehicle_width>: 3.3
(2023-05-19T11:36:49.115134356) (2023-05-19T11:36:49.115147166) [Dbg] [Surface.cc:166]   <hull_radius>: 0.27
(2023-05-19T11:36:49.115185086) (2023-05-19T11:36:49.115196556) [Dbg] [Surface.cc:167]   <num_samples>: 2
(2023-05-19T11:36:49.115261326) (2023-05-19T11:36:49.115274886) [Dbg] [Surface.cc:168]   <fluid_level>: 0.45
(2023-05-19T11:36:49.115314136) (2023-05-19T11:36:49.115326466) [Dbg] [Surface.cc:169]   <fluid_density>: 997.774
(2023-05-19T11:36:49.115368956) (2023-05-19T11:36:49.115381056) [Dbg] [SystemManager.cc:58] Loaded system [ignition::gazebo::systems::Surface] for entity [174]
(2023-05-19T11:36:49.115737937) (2023-05-19T11:36:49.115751437) [Dbg] [SimpleHydrodynamics.cc:167] SimpleHydrodynamics plugin successfully configured with the following parameters:
(2023-05-19T11:36:49.115793147) (2023-05-19T11:36:49.115804177) [Dbg] [SimpleHydrodynamics.cc:169]   <link_name>: base_link
(2023-05-19T11:36:49.115839017) (2023-05-19T11:36:49.115853277) [Dbg] [SimpleHydrodynamics.cc:170]   <xDotU>: 0
(2023-05-19T11:36:49.115888537) (2023-05-19T11:36:49.115900517) [Dbg] [SimpleHydrodynamics.cc:171]   <yDotV>: 0
(2023-05-19T11:36:49.115933417) (2023-05-19T11:36:49.115942797) [Dbg] [SimpleHydrodynamics.cc:172]   <zDotW>: 0.1
(2023-05-19T11:36:49.115980307) (2023-05-19T11:36:49.115991937) [Dbg] [SimpleHydrodynamics.cc:173]   <kDotP>: 0.1
(2023-05-19T11:36:49.116027887) (2023-05-19T11:36:49.116040167) [Dbg] [SimpleHydrodynamics.cc:174]   <mDotQ>: 0.1
(2023-05-19T11:36:49.116073617) (2023-05-19T11:36:49.116084507) [Dbg] [SimpleHydrodynamics.cc:175]   <nDotR>: 0
(2023-05-19T11:36:49.116119287) (2023-05-19T11:36:49.116132397) [Dbg] [SimpleHydrodynamics.cc:176]   <xU>: 51.3
(2023-05-19T11:36:49.116160007) (2023-05-19T11:36:49.116169077) [Dbg] [SimpleHydrodynamics.cc:177]   <xUU>: 72.4
(2023-05-19T11:36:49.116204827) (2023-05-19T11:36:49.116252797) [Dbg] [SimpleHydrodynamics.cc:178]   <yV>: 40
(2023-05-19T11:36:49.116292617) (2023-05-19T11:36:49.116305147) [Dbg] [SimpleHydrodynamics.cc:179]   <yVV>: 0
(2023-05-19T11:36:49.116340868) (2023-05-19T11:36:49.116353318) [Dbg] [SimpleHydrodynamics.cc:180]   <zW>: 500
(2023-05-19T11:36:49.116389378) (2023-05-19T11:36:49.116401328) [Dbg] [SimpleHydrodynamics.cc:181]   <zWW>: 0
(2023-05-19T11:36:49.116436638) (2023-05-19T11:36:49.116449618) [Dbg] [SimpleHydrodynamics.cc:182]   <kP>: 100
(2023-05-19T11:36:49.116485488) (2023-05-19T11:36:49.116498308) [Dbg] [SimpleHydrodynamics.cc:183]   <kPP>: 0
(2023-05-19T11:36:49.116529178) (2023-05-19T11:36:49.116540148) [Dbg] [SimpleHydrodynamics.cc:184]   <mQ>: 100
(2023-05-19T11:36:49.116570908) (2023-05-19T11:36:49.116581528) [Dbg] [SimpleHydrodynamics.cc:185]   <mQQ>: 0
(2023-05-19T11:36:49.116612738) (2023-05-19T11:36:49.116623438) [Dbg] [SimpleHydrodynamics.cc:186]   <nR>: 400
(2023-05-19T11:36:49.116657018) (2023-05-19T11:36:49.116666608) [Dbg] [SimpleHydrodynamics.cc:187]   <nRR>: 0
(2023-05-19T11:36:49.116707148) (2023-05-19T11:36:49.116718898) [Dbg] [SystemManager.cc:58] Loaded system [ignition::gazebo::systems::SimpleHydrodynamics] for entity [174]
(2023-05-19T11:36:49.118181830) (2023-05-19T11:36:49.118199271) [Dbg] [SystemManager.cc:58] Loaded system [ignition::gazebo::systems::PosePublisher] for entity [174]
(2023-05-19T11:36:49.118446211) (2023-05-19T11:36:49.118457361) [Msg] EntityDetector publishing messages on [/mbzirc/target_object_detector/placed]
(2023-05-19T11:36:49.118600861) (2023-05-19T11:36:49.118612321) [Dbg] [SystemManager.cc:58] Loaded system [mbzirc::EntityDetector] for entity [174]
(2023-05-19T11:36:49.118847572) (2023-05-19T11:36:49.118861372) [Msg] EntityDetector publishing messages on [/mbzirc/target_object_detector/placed]
(2023-05-19T11:36:49.119023732) (2023-05-19T11:36:49.119037162) [Dbg] [SystemManager.cc:58] Loaded system [mbzirc::EntityDetector] for entity [174]
(2023-05-19T11:36:49.119285272) (2023-05-19T11:36:49.119298462) [Msg] EntityDetector publishing messages on [/mbzirc/target_object_detector/placed]
(2023-05-19T11:36:49.119446173) (2023-05-19T11:36:49.119459433) [Dbg] [SystemManager.cc:58] Loaded system [mbzirc::EntityDetector] for entity [174]
(2023-05-19T11:36:49.119706023) (2023-05-19T11:36:49.119717233) [Msg] EntityDetector publishing messages on [/mbzirc/target_object_detector/placed]
(2023-05-19T11:36:49.119867653) (2023-05-19T11:36:49.119879183) [Dbg] [SystemManager.cc:58] Loaded system [mbzirc::EntityDetector] for entity [174]
(2023-05-19T11:36:49.120109534) (2023-05-19T11:36:49.120120744) [Dbg] [SystemManager.cc:58] Loaded system [ignition::gazebo::systems::CommsEndpoint] for entity [174]
(2023-05-19T11:36:49.120559024) (2023-05-19T11:36:49.120569284) [Dbg] [UserCommands.cc:1303] Created entity [174] named [usv]
(2023-05-19T11:36:49.129544371) (2023-05-19T11:36:49.129567051) [Dbg] [Sensors.cc:584] Initialization needed
(2023-05-19T11:36:49.129652961) (2023-05-19T11:36:49.129672871) [Dbg] [Sensors.cc:240] Initializing render context
(2023-05-19T11:36:49.129801441) (2023-05-19T11:36:49.129816251) [Msg] Loading plugin [ignition-rendering-ogre2]
(2023-05-19T11:36:49.130234672) (2023-05-19T11:36:49.130262272) [Dbg] [ImuSensor.cc:148] IMU data for [usv::base_link::imu_sensor] advertised on [world/simple_demo/model/usv/link/base_link/sensor/imu_sensor/imu]
(2023-05-19T11:36:49.130694273) (2023-05-19T11:36:49.130724033) [Dbg] [GameLogicPlugin.cc:1991] New Competitor Platform: usv with 0sensors
((((((((((((((((((((2023-05-19T11:36:49.132937636((2023-05-19T11:36:49.132937636) (((((2023-05-19T11:36:49.132967966((2023-05-19T11:36:49.132967966(2023-05-19T11:36:49.1329924162023-05-19T11:36:49.132992416(2023-05-19T11:36:49.133023536) (2023-05-19T11:36:49.133054316) 2023-05-19T11:36:49.133027916) (2023-05-19T11:36:49.133104857) ) ) [Dbg] [SimulationRunner.cc:518] [Dbg] [SimulationRunner.cc:518] 2023-05-19T11:36:49.133189637) (2023-05-19T11:36:49.133218217) 2023-05-19T11:36:49.133149377) (2023-05-19T11:36:49.133280097) ) 2023-05-19T11:36:49.133329177) (2023-05-19T11:36:49.133365107) 2023-05-19T11:36:49.133127357) () 2023-05-19T11:36:49.133409327) 2023-05-19T11:36:49.133312937) (2023-05-19T11:36:49.133461347) 2023-05-19T11:36:49.133167887) (2023-05-19T11:36:49.133513097) (Exiting postupdate worker thread ((Exiting postupdate worker thread ((Exiting postupdate worker thread ((3)2023-05-19T11:36:49.133583717) (2023-05-19T11:36:49.133623457) 
) Exiting postupdate worker thread (2023-05-19T11:36:49.133665097) [Dbg] [SimulationRunner.cc:518] 10[Dbg] [SimulationRunner.cc:518] 10[Dbg] [SimulationRunner.cc:518] Exiting postupdate worker thread (7)
[Dbg] [SimulationRunner.cc:518] Exiting postupdate worker thread (0)
[Dbg] [SimulationRunner.cc:518] Exiting postupdate worker thread (9[Dbg] [SimulationRunner.cc:518] [Dbg] [SimulationRunner.cc:518] [Dbg] [SimulationRunner.cc:518] [Dbg] [SimulationRunner.cc:518] 10[Dbg] [SimulationRunner.cc:518] )Exiting postupdate worker thread (5)
Exiting postupdate worker thread (11Exiting postupdate worker thread (2)
Exiting postupdate worker thread (1)
)
Exiting postupdate worker thread (4)

[Dbg] [SimulationRunner.cc:518] [Dbg] [SimulationRunner.cc:518] 8Exiting postupdate worker thread (6)
)

(2023-05-19T11:36:49.134560509) (2023-05-19T11:36:49.134577859) [Dbg] [SimulationRunner.cc:491] Creating PostUpdate worker threads: 21
(2023-05-19T11:36:49.134633719) (2023-05-19T11:36:49.134652739) [Dbg] [SimulationRunner.cc:502] Creating postupdate worker thread (0)
(2023-05-19T11:36:49.134739629) (2023-05-19T11:36:49.134759149) [Dbg] [SimulationRunner.cc:502] Creating postupdate worker thread (1)
(2023-05-19T11:36:49.134835209) (2023-05-19T11:36:49.134853089) [Dbg] [SimulationRunner.cc:502] Creating postupdate worker thread (2)
(2023-05-19T11:36:49.134943969) (2023-05-19T11:36:49.134961690) [Dbg] [SimulationRunner.cc:502] Creating postupdate worker thread (3)
(2023-05-19T11:36:49.135038440) (2023-05-19T11:36:49.135053670) [Dbg] [SimulationRunner.cc:502] Creating postupdate worker thread (4)
(2023-05-19T11:36:49.135153270) (2023-05-19T11:36:49.135171760) [Dbg] [SimulationRunner.cc:502] Creating postupdate worker thread (5)
(2023-05-19T11:36:49.135275550) (2023-05-19T11:36:49.135289790) [Dbg] [SimulationRunner.cc:502] Creating postupdate worker thread (6)
(2023-05-19T11:36:49.135364480) (2023-05-19T11:36:49.135378300) [Dbg] [SimulationRunner.cc:502] Creating postupdate worker thread (7)
(2023-05-19T11:36:49.135471160) (2023-05-19T11:36:49.135490140) [Dbg] [SimulationRunner.cc:502] Creating postupdate worker thread (8)
(2023-05-19T11:36:49.135595491) (2023-05-19T11:36:49.135615201) [Dbg] [SimulationRunner.cc:502] Creating postupdate worker thread (9)
(2023-05-19T11:36:49.135701211) (2023-05-19T11:36:49.135716351) [Dbg] [SimulationRunner.cc:502] Creating postupdate worker thread (10)
(2023-05-19T11:36:49.135794851) (2023-05-19T11:36:49.135808951) [Dbg] [SimulationRunner.cc:502] Creating postupdate worker thread (11)
(2023-05-19T11:36:49.135879271) (2023-05-19T11:36:49.135893431) [Dbg] [SimulationRunner.cc:502] Creating postupdate worker thread (12)
(2023-05-19T11:36:49.135965521) (2023-05-19T11:36:49.135984062) [Dbg] [SimulationRunner.cc:502] Creating postupdate worker thread (13)
(2023-05-19T11:36:49.136070982) (2023-05-19T11:36:49.136084822) [Dbg] [SimulationRunner.cc:502] Creating postupdate worker thread (14)
(2023-05-19T11:36:49.136166852) (2023-05-19T11:36:49.136186822) [Dbg] [SimulationRunner.cc:502] Creating postupdate worker thread (15)
(2023-05-19T11:36:49.136277712) (2023-05-19T11:36:49.136298462) [Dbg] [SimulationRunner.cc:502] Creating postupdate worker thread (16)
(2023-05-19T11:36:49.136388082) (2023-05-19T11:36:49.136407512) [Dbg] [SimulationRunner.cc:502] Creating postupdate worker thread (17)
(2023-05-19T11:36:49.136498403) (2023-05-19T11:36:49.136518023) [Dbg] [SimulationRunner.cc:502] Creating postupdate worker thread (18)
(2023-05-19T11:36:49.136608243) (2023-05-19T11:36:49.136627993) [Dbg] [SimulationRunner.cc:502] Creating postupdate worker thread (19)
(2023-05-19T11:36:49.137302634) (2023-05-19T11:36:49.137327854) [Msg] Address [usv] bound to model [usv] on topic [model/usv/rx]
(2023-05-19T11:36:49.137407234) (2023-05-19T11:36:49.137421845) [Dbg] [CommsEndpoint.cc:89] Succesfuly bound to [usv] on topic [model/usv/rx]
(2023-05-19T11:36:49.482351053) (2023-05-19T11:36:49.482362053) [Dbg] [RenderUtil.cc:2529] Create scene [scene]
(2023-05-19T11:36:49.524234359) (2023-05-19T11:36:49.524254399) [Dbg] [Sensors.cc:254] Rendering Thread initialized
(2023-05-19T11:36:49.528550116) (2023-05-19T11:36:49.528560426) [Wrn] [Ogre2Heightmap.cc:125] Heightmap final sampling should be 2^n
 which differs from ogre1's 2^n+1
The last row and column will be cropped
size = (width * sampling) - sampling + 1
[257] = ([257] * [1]) - [1] + 1
(2023-05-19T11:36:49.533593675) (2023-05-19T11:36:49.533604645) [Msg] Loading heightmap: scene::Heightmap(65478)
(2023-05-19T11:36:49.533633885) (2023-05-19T11:36:49.533643405) [Msg] Heightmap loaded. Process took 0 ms.
(2023-05-19T11:36:53.248347022) (2023-05-19T11:36:53.248368432) [Dbg] [Ogre2ParticleEmitter.cc:514] Particle emitter initialized
(2023-05-19T11:36:53.248639802) (2023-05-19T11:36:53.248664272) [Dbg] [Ogre2ParticleEmitter.cc:514] Particle emitter initialized
(2023-05-19T11:36:53.248965373) (2023-05-19T11:36:53.248986383) [Dbg] [Ogre2ParticleEmitter.cc:514] Particle emitter initialized
(2023-05-19T11:36:53.798431095) (2023-05-19T11:36:53.798447535) [Dbg] [Ogre2ParticleEmitter.cc:514] Particle emitter initialized
(2023-05-19T11:36:53.798645155) (2023-05-19T11:36:53.798655265) [Dbg] [Ogre2ParticleEmitter.cc:514] Particle emitter initialized
(2023-05-19T11:36:53.798804676) (2023-05-19T11:36:53.798813846) [Dbg] [Ogre2ParticleEmitter.cc:514] Particle emitter initialized
(2023-05-19T11:36:53.810463736) (2023-05-19T11:36:53.810476486) [Dbg] [Lidar.cc:122] Laser scans for [usv::sensor_6::sensor_link::lidar] advertised on [world/simple_demo/model/usv/model/sensor_6/link/sensor_link/sensor/lidar/scan]
(2023-05-19T11:36:53.810762117) (2023-05-19T11:36:53.810776487) [Dbg] [GpuLidarSensor.cc:164] Lidar points for [usv::sensor_6::sensor_link::lidar] advertised on [world/simple_demo/model/usv/model/sensor_6/link/sensor_link/sensor/lidar/scan/points]
(2023-05-19T11:36:53.811089517) (2023-05-19T11:36:53.811100577) [Msg] Loading plugin [ignition-rendering-ogre2]
(2023-05-19T11:36:53.946205126) (2023-05-19T11:36:53.946222386) [Dbg] [EntityComponentManager.cc:1587] Updated state thread iterators: 24 threads processing around 10 entities each.
(2023-05-19T11:36:57.40787324) (2023-05-19T11:36:57.40809954) [Msg] Scoring has Started
(2023-05-19T11:36:57.41153194) (2023-05-19T11:36:57.41177184) [Err] [GameLogicPlugin.cc:2121] Invalid configuration detected: 
[usv] Initial Position (10 40 0.299843) is not in the starting area -15 -15 -5 15 15 5
(2023-05-19T11:37:26.525947680) (2023-05-19T11:37:26.525976410) [Dbg] [SignalHandler.cc:141] Received signal[2].
(2023-05-19T11:37:26.526043640) (2023-05-19T11:37:26.526063970) [Dbg] [ServerPrivate.cc:110] Server received signal[2]
(2023-05-19T11:37:26.526126500) (2023-05-19T11:37:26.526146390) [Dbg] [Sensors.cc:406] SensorsPrivate::Stop
(2023-05-19T11:37:26.528677695) (2023-05-19T11:37:26.528704575) [Dbg] [Sensors.cc:392] SensorsPrivate::RenderThread stopped
(2023-05-19T11:37:26.534850115) (2023-05-19T11:37:26.534870305) [Dbg] [ign.cc:410] Shutting down ign-gazebo-server
(((((((((((((2023-05-19T11:37:26.537768981) (2023-05-19T11:37:26.537801221) [Dbg] [SimulationRunner.cc:518] Exiting postupdate worker thread (((2023-05-19T11:37:26.537885091(2023-05-19T11:37:26.537885091) (2023-05-19T11:37:26.537914431) 2023-05-19T11:37:26.5379334712023-05-19T11:37:26.537866811((2023-05-19T11:37:26.5378621212023-05-19T11:37:26.5379391812023-05-19T11:37:26.5379334712023-05-19T11:37:26.537866811((2023-05-19T11:37:26.5378621212023-05-19T11:37:26.5379391812023-05-19T11:37:26.5379334712023-05-19T11:37:26.537866811((2023-05-19T11:37:26.5378621212023-05-19T11:37:26.537939181(2023-05-19T11:37:26.5379334712023-05-19T11:37:26.537866811((2023-05-19T11:37:26.5378621212023-05-19T11:37:26.537939181(2023-05-19T11:37:26.5379158312023-05-19T11:37:26.5379742712023-05-19T11:37:26.5379716812023-05-19T11:37:26.538003071) ) (2023-05-19T11:37:26.538030101) ) () ) ) (2023-05-19T11:37:26.538126662) ) (2023-05-19T11:37:26.538163472) ) (2023-05-19T11:37:26.538206482) (2023-05-19T11:37:26.538252622) (2023-05-19T11:37:26.538275452) 2023-05-19T11:37:26.538143572) (2023-05-19T11:37:26.538334222) Exiting postupdate worker thread ([Dbg] [SimulationRunner.cc:518] 2023-05-19T11:37:26.538246762) 2023-05-19T11:37:26.538400722) (Exiting postupdate worker thread ([Dbg] [SimulationRunner.cc:518] [Dbg] [SimulationRunner.cc:518] 2023-05-19T11:37:26.538441482) 2023-05-19T11:37:26.538471282(2023-05-19T11:37:26.538492572) ) (2023-05-19T11:37:26.538549772) ) () (2023-05-19T11:37:26.5386420032023-05-19T11:37:26.538639013Exiting postupdate worker thread (2023-05-19T11:37:26.5386420032023-05-19T11:37:26.538639013Exiting postupdate worker thread () (2023-05-19T11:37:26.538674943) ) (2023-05-19T11:37:26.538720933) 2023-05-19T11:37:26.538606363) 2023-05-19T11:37:26.538633533) 2023-05-19T11:37:26.538408942) (2023-05-19T11:37:26.538824803) 14) ()2023-05-19T11:37:26.538882503) 2023-05-19T11:37:26.538614183) (
2023-05-19T11:37:26.538950993) [Dbg] [SimulationRunner.cc:518] [Dbg] [SimulationRunner.cc:518] Exiting postupdate worker thread (0)
[Dbg] [SimulationRunner.cc:518] Exiting postupdate worker thread (19)
Exiting postupdate worker thread (Exiting postupdate worker thread ([Dbg] [SimulationRunner.cc:518] Exiting postupdate worker thread (18)
Exiting postupdate worker thread (336)
[Dbg] [SimulationRunner.cc:518] [Dbg] [SimulationRunner.cc:518] [Dbg] [SimulationRunner.cc:518] Exiting postupdate worker thread (4)
[Dbg] [SimulationRunner.cc:518] Exiting postupdate worker thread (Exiting postupdate worker thread (11)
Exiting postupdate worker thread (Exiting postupdate worker thread (15)

[Dbg] [SimulationRunner.cc:518] 
[Dbg] [SimulationRunner.cc:518] [Dbg] [SimulationRunner.cc:518] )Exiting postupdate worker thread ([Dbg] [SimulationRunner.cc:518] Exiting postupdate worker thread (16)
Exiting postupdate worker thread (771)

)
[Dbg] [SimulationRunner.cc:518] 10)
12)
12)
5)
9)13)
)
(2023-05-19T11:37:26.578111532) (2023-05-19T11:37:26.578134122) [Dbg] [Sensors.cc:406] SensorsPrivate::Stop
(2023-05-19T11:37:26.600739863) (2023-05-19T11:37:26.600770423) [Msg] Stopping recording
(2023-05-19T11:37:26.621178379) (2023-05-19T11:37:26.621204899) [Msg] Scoring has finished. Elapsed real time: 29 seconds. Elapsed sim time: 28 seconds. 
