(2023-03-26T13:32:21.254580681) (2023-03-26T13:32:21.254607531) [Msg] Ignition Gazebo Server v6.11.0
(2023-03-26T13:32:21.258140927) (2023-03-26T13:32:21.258160527) [Msg] Loading SDF world file[/home/developer/mbzirc_ws/install/share/mbzirc_ign/worlds/simple_demo.sdf].
(2023-03-26T13:32:21.573889723) (2023-03-26T13:32:21.573903973) [Msg] Serving entity system service on [/entity/system/add]
(2023-03-26T13:32:21.661056390) (2023-03-26T13:32:21.661071950) [Dbg] [Physics.cc:803] Loaded [ignition::physics::dartsim::Plugin] from library [/usr/lib/x86_64-linux-gnu/ign-physics-5/engine-plugins/libignition-physics-dartsim-plugin.so]
(2023-03-26T13:32:21.661149150) (2023-03-26T13:32:21.661157120) [Dbg] [SystemManager.cc:58] Loaded system [ignition::gazebo::systems::Physics] for entity [1]
(2023-03-26T13:32:21.664457407) (2023-03-26T13:32:21.664468807) [Msg] Create service on [/world/simple_demo/create]
(2023-03-26T13:32:21.664576107) (2023-03-26T13:32:21.664587767) [Msg] Remove service on [/world/simple_demo/remove]
(2023-03-26T13:32:21.664684847) (2023-03-26T13:32:21.664695507) [Msg] Pose service on [/world/simple_demo/set_pose]
(2023-03-26T13:32:21.664783687) (2023-03-26T13:32:21.664794527) [Msg] Pose service on [/world/simple_demo/set_pose_vector]
(2023-03-26T13:32:21.664925878) (2023-03-26T13:32:21.664941718) [Msg] Light configuration service on [/world/simple_demo/light_config]
(2023-03-26T13:32:21.665118058) (2023-03-26T13:32:21.665129718) [Msg] Physics service on [/world/simple_demo/set_physics]
(2023-03-26T13:32:21.665238108) (2023-03-26T13:32:21.665250598) [Msg] SphericalCoordinates service on [/world/simple_demo/set_spherical_coordinates]
(2023-03-26T13:32:21.665323978) (2023-03-26T13:32:21.665334268) [Msg] Enable collision service on [/world/simple_demo/enable_collision]
(2023-03-26T13:32:21.665407878) (2023-03-26T13:32:21.665422758) [Msg] Disable collision service on [/world/simple_demo/disable_collision]
(2023-03-26T13:32:21.665573149) (2023-03-26T13:32:21.665584129) [Msg] Material service on [/world/simple_demo/visual_config]
(2023-03-26T13:32:21.665678799) (2023-03-26T13:32:21.665688539) [Msg] Material service on [/world/simple_demo/wheel_slip]
(2023-03-26T13:32:21.665723459) (2023-03-26T13:32:21.665732229) [Dbg] [SystemManager.cc:58] Loaded system [ignition::gazebo::systems::UserCommands] for entity [1]
(2023-03-26T13:32:21.689816164) (2023-03-26T13:32:21.689826584) [Dbg] [Sensors.cc:479] Configuring Sensors system
(2023-03-26T13:32:21.689887904) (2023-03-26T13:32:21.689897134) [Dbg] [Sensors.cc:398] SensorsPrivate::Run
(2023-03-26T13:32:21.689964694) (2023-03-26T13:32:21.689974114) [Dbg] [SystemManager.cc:58] Loaded system [ignition::gazebo::systems::Sensors] for entity [(1]2023-03-26T13:32:21.690007964) () [Dbg] [Sensors.cc:378] SensorsPrivate::RenderThread started
(2023-03-26T13:32:21.690110284) (2023-03-26T13:32:21.690128255) [Dbg] [Sensors.cc:228] Waiting for init
(2023-03-26T13:32:21.692209229) (2023-03-26T13:32:21.692221679) [Dbg] [SystemManager.cc:58] Loaded system [ignition::gazebo::systems::AirPressure] for entity [1]
(2023-03-26T13:32:21.694648794) (2023-03-26T13:32:21.694659704) [Dbg] [SystemManager.cc:58] Loaded system [ignition::gazebo::systems::Altimeter] for entity [1]
(2023-03-26T13:32:21.697060029) (2023-03-26T13:32:21.697071219) [Dbg] [SystemManager.cc:58] Loaded system [ignition::gazebo::systems::Imu] for entity [1]
(2023-03-26T13:32:21.699486283) (2023-03-26T13:32:21.699496413) [Dbg] [SystemManager.cc:58] Loaded system [ignition::gazebo::systems::Magnetometer] for entity [1]
(2023-03-26T13:32:21.701989347) (2023-03-26T13:32:21.702000127) [Dbg] [SystemManager.cc:58] Loaded system [ignition::gazebo::systems::ForceTorque] for entity [1]
(2023-03-26T13:32:21.704079372) (2023-03-26T13:32:21.704091282) [Msg] Serving particle emitter information on [/world/simple_demo/particle_emitters]
(2023-03-26T13:32:21.704138472) (2023-03-26T13:32:21.704146872) [Dbg] [SystemManager.cc:58] Loaded system [ignition::gazebo::systems::ParticleEmitter2] for entity [1]
(2023-03-26T13:32:21.707310958) (2023-03-26T13:32:21.707321178) [Dbg] [SystemManager.cc:58] Loaded system [ignition::gazebo::systems::SceneBroadcaster] for entity [1]
(2023-03-26T13:32:21.709635473) (2023-03-26T13:32:21.709648073) [Dbg] [SystemManager.cc:58] Loaded system [ignition::gazebo::systems::Contact] for entity [1]
(2023-03-26T13:32:21.711629956) (2023-03-26T13:32:21.711640456) [Dbg] [RFComms.cc:385] Range configuration:
RF Configuration (range-based)
-- max_range: 500000
-- fading_exponent: 2.6
-- l0: 40
-- sigma: 10

(2023-03-26T13:32:21.711746186) (2023-03-26T13:32:21.711756216) [Dbg] [RFComms.cc:388] Radio configuration:
Radio Configuration
-- capacity: 1e+06
-- tx_power: 25
-- noise_floor: -90
-- modulation: QPSK

(2023-03-26T13:32:21.712305317) (2023-03-26T13:32:21.712316677) [Dbg] [Broker.cc:113] Broker services:
(2023-03-26T13:32:21.712341337) (2023-03-26T13:32:21.712350107) [Dbg] [Broker.cc:114]   Bind: [/broker/bind]
(2023-03-26T13:32:21.712379987) (2023-03-26T13:32:21.712388987) [Dbg] [Broker.cc:115]   Unbind: [/broker/unbind]
(2023-03-26T13:32:21.712415197) (2023-03-26T13:32:21.712423457) [Dbg] [Broker.cc:116] Broker topics:
(2023-03-26T13:32:21.712443127) (2023-03-26T13:32:21.712454197) [Dbg] [Broker.cc:117]   Incoming messages: [/broker/msgs]
(2023-03-26T13:32:21.712490927) (2023-03-26T13:32:21.712498747) [Dbg] [SystemManager.cc:58] Loaded system [ignition::gazebo::systems::RFComms] for entity [1]
(2023-03-26T13:32:21.720344584) (2023-03-26T13:32:21.720361404) [Dbg] [RFRange.cc:339] RFRange sensor range configuration:
RF Configuration (range-based)
-- max_range: 500000
-- fading_exponent: 2.6
-- l0: 40
-- sigma: 0.005
-- rssi_1: -15

(2023-03-26T13:32:21.720519244) (2023-03-26T13:32:21.720533274) [Dbg] [RFRange.cc:342] RFRange sensor radio configuration:
Radio Configuration
-- tx_power: 25
-- noise_floor: -90

(2023-03-26T13:32:21.720646214) (2023-03-26T13:32:21.720659814) [Dbg] [SystemManager.cc:58] Loaded system [ignition::gazebo::systems::RFRange] for entity [1]
(2023-03-26T13:32:21.728154238) (2023-03-26T13:32:21.728174788) [Msg] Recording to log file [/tmp/ign/mbzirc/playback/state.tlog]
(2023-03-26T13:32:21.728229508) (2023-03-26T13:32:21.728244118) [Dbg] [LogRecord.cc:334] Recording default topic[/playback/sdf].
(2023-03-26T13:32:21.728282618) (2023-03-26T13:32:21.728296628) [Dbg] [LogRecord.cc:335] Recording default topic[/world/simple_demo/changed_state].
(2023-03-26T13:32:21.768440414) (2023-03-26T13:32:21.768473885) [Dbg] [SystemManager.cc:58] Loaded system [ignition::gazebo::systems::LogRecord] for entity [1]
(2023-03-26T13:32:21.772109572) (2023-03-26T13:32:21.772131672) [Dbg] [SystemManager.cc:58] Loaded system [ignition::gazebo::systems::WindEffects] for entity [1]
(2023-03-26T13:32:21.785349418) (2023-03-26T13:32:21.785369358) [Msg] MBZIRC log path: /tmp/ign/mbzirc/logs
(2023-03-26T13:32:21.785447808) (2023-03-26T13:32:21.785463758) [Wrn] [Filesystem.cc:140] The path [/tmp/ign/mbzirc/logs] does not refer to a directory nor to a file
(2023-03-26T13:32:21.785689688) (2023-03-26T13:32:21.785706228) [Msg] Run duration set to 3600 seconds.
(2023-03-26T13:32:21.785800558) (2023-03-26T13:32:21.785816538) [Msg] Geofence boundary min: -70 -70 -25, max: 70 70 121.92
(2023-03-26T13:32:21.785982199) (2023-03-26T13:32:21.786024409) [Msg] Start area boundary min: -15 -15 -5, max: 15 15 5
(2023-03-26T13:32:21.786176799) (2023-03-26T13:32:21.786195689) [Msg] Setup duration set to 600 seconds.
(2023-03-26T13:32:21.786253329) (2023-03-26T13:32:21.786269419) [Msg] Target vessel: Vessel A
(2023-03-26T13:32:21.786353500) (2023-03-26T13:32:21.786367740) [Msg]   Small object: small_blue_box_a
(2023-03-26T13:32:21.786411980) (2023-03-26T13:32:21.786427830) [Msg]   Small object: small_blue_box_a_duplicate
(2023-03-26T13:32:21.786476270) (2023-03-26T13:32:21.786491340) [Msg]   Large object: large_dry_box_a
(2023-03-26T13:32:21.786537040) (2023-03-26T13:32:21.786552220) [Msg]   Large object: large_dry_box_a_duplicate
(2023-03-26T13:32:21.788062253) (2023-03-26T13:32:21.788078703) [Msg] Starting MBZIRC
(2023-03-26T13:32:21.788251234) (2023-03-26T13:32:21.788270744) [Dbg] [SystemManager.cc:58] Loaded system [mbzirc::GameLogicPlugin] for entity [1]
(2023-03-26T13:32:21.802931091) (2023-03-26T13:32:21.802951821) [Msg] Using Pierson-Moskowitz spectrum sampling wavefield model 
(2023-03-26T13:32:21.803615912) (2023-03-26T13:32:21.803630942) [Msg] Using Pierson-Moskowitz spectrum sampling wavefield model 
(2023-03-26T13:32:22.154699551) (2023-03-26T13:32:22.154734811) [Msg] Input Parameters:
(2023-03-26T13:32:22.154805641) (2023-03-26T13:32:22.154827131) [Msg] model:     PMS
(2023-03-26T13:32:22.154891632) (2023-03-26T13:32:22.154912652) [Msg] number:     3
(2023-03-26T13:32:22.154974032) (2023-03-26T13:32:22.154993752) [Msg] scale:      1.1
(2023-03-26T13:32:22.155049902) (2023-03-26T13:32:22.155063782) [Msg] angle:      0.4
(2023-03-26T13:32:22.155102052) (2023-03-26T13:32:22.155115152) [Msg] steepness:  0
(2023-03-26T13:32:22.155152972) (2023-03-26T13:32:22.155166182) [Msg] amplitude:  0
(2023-03-26T13:32:22.155204162) (2023-03-26T13:32:22.155216682) [Msg] period:     5
(2023-03-26T13:32:22.155255052) (2023-03-26T13:32:22.155267422) [Msg] direction:  1 0
(2023-03-26T13:32:22.155327772) (2023-03-26T13:32:22.155341042) [Msg] tau:  2
(2023-03-26T13:32:22.155379132) (2023-03-26T13:32:22.155392742) [Msg] gain:  0.3
(2023-03-26T13:32:22.155430512) (2023-03-26T13:32:22.155443572) [Msg] Derived Parameters:
(2023-03-26T13:32:22.155474562) (2023-03-26T13:32:22.155487703) [Msg] amplitudes:  0.0363502, 0.0392277, 0.0385703, 
(2023-03-26T13:32:22.155581823) (2023-03-26T13:32:22.155595223) [Msg] wavenumbers: 0.133171, 0.161136, 0.194975, 
(2023-03-26T13:32:22.155663253) (2023-03-26T13:32:22.155676493) [Msg] omegas:      1.1424, 1.25664, 1.3823, 
(2023-03-26T13:32:22.155744163) (2023-03-26T13:32:22.155756733) [Msg] periods:     (2023-03-26T13:32:22.155793693) (2023-03-26T13:32:22.155806133) [Msg] 5.5, (2023-03-26T13:32:22.155840783) (2023-03-26T13:32:22.155855643) [Msg] 5, (2023-03-26T13:32:22.155886663) (2023-03-26T13:32:22.155899823) [Msg] 4.54545, (2023-03-26T13:32:22.155931443) (2023-03-26T13:32:22.155944713) [Msg] 
(2023-03-26T13:32:22.155969353) (2023-03-26T13:32:22.155981093) [Msg] phases:      0, 0, 0, 
(2023-03-26T13:32:22.156041683) (2023-03-26T13:32:22.156053733) [Msg] steepnesses: 0, 0, 0, 
(2023-03-26T13:32:22.156114844) (2023-03-26T13:32:22.156128444) [Msg] directions:  (2023-03-26T13:32:22.156157294) (2023-03-26T13:32:22.156169134) [Msg] 0.921061 -0.389418; (2023-03-26T13:32:22.156217614) (2023-03-26T13:32:22.156230344) [Msg] 1 0; (2023-03-26T13:32:22.156273004) (2023-03-26T13:32:22.156286184) [Msg] 0.921061 0.389418; (2023-03-26T13:32:22.156328624) (2023-03-26T13:32:22.156340684) [Msg] 
(2023-03-26T13:32:22.156988075) (2023-03-26T13:32:22.157003955) [Dbg] [SystemManager.cc:58] Loaded system [ignition::gazebo::systems::WaveVisual] for entity [23]
(2023-03-26T13:32:22.163773718) (2023-03-26T13:32:22.163783378) [Msg] Using Pierson-Moskowitz spectrum sampling wavefield model 
(2023-03-26T13:32:22.163977648) (2023-03-26T13:32:22.163987748) [Msg] Using Pierson-Moskowitz spectrum sampling wavefield model 
(2023-03-26T13:32:22.164029768) (2023-03-26T13:32:22.164038878) [Msg] Input Parameters:
(2023-03-26T13:32:22.164061158) (2023-03-26T13:32:22.164069928) [Msg] model:     PMS
(2023-03-26T13:32:22.164094758) (2023-03-26T13:32:22.164103388) [Msg] number:     3
(2023-03-26T13:32:22.164127668) (2023-03-26T13:32:22.164135658) [Msg] scale:      1.1
(2023-03-26T13:32:22.164161328) (2023-03-26T13:32:22.164169468) [Msg] angle:      0.4
(2023-03-26T13:32:22.164195298) (2023-03-26T13:32:22.164204868) [Msg] steepness:  0
(2023-03-26T13:32:22.164230089) (2023-03-26T13:32:22.164238779) [Msg] amplitude:  0
(2023-03-26T13:32:22.164263949) (2023-03-26T13:32:22.164272409) [Msg] period:     5
(2023-03-26T13:32:22.164296589) (2023-03-26T13:32:22.164305569) [Msg] direction:  1 0
(2023-03-26T13:32:22.164339429) (2023-03-26T13:32:22.164347629) [Msg] tau:  2
(2023-03-26T13:32:22.164372189) (2023-03-26T13:32:22.164380569) [Msg] gain:  0.3
(2023-03-26T13:32:22.164406109) (2023-03-26T13:32:22.164414549) [Msg] Derived Parameters:
(2023-03-26T13:32:22.164443049) (2023-03-26T13:32:22.164451279) [Msg] amplitudes:  0.0363502, 0.0392277, 0.0385703, 
(2023-03-26T13:32:22.164497349) (2023-03-26T13:32:22.164505409) [Msg] wavenumbers: 0.133171, 0.161136, 0.194975, 
(2023-03-26T13:32:22.164549859) (2023-03-26T13:32:22.164558589) [Msg] omegas:      1.1424, 1.25664, 1.3823, 
(2023-03-26T13:32:22.164603189) (2023-03-26T13:32:22.164612019) [Msg] periods:     (2023-03-26T13:32:22.164627709) (2023-03-26T13:32:22.164636319) [Msg] 5.5, (2023-03-26T13:32:22.164656529) (2023-03-26T13:32:22.164664469) [Msg] 5, (2023-03-26T13:32:22.164684079) (2023-03-26T13:32:22.164691929) [Msg] 4.54545, (2023-03-26T13:32:22.164712799) (2023-03-26T13:32:22.164721589) [Msg] 
(2023-03-26T13:32:22.164737939) (2023-03-26T13:32:22.164746369) [Msg] phases:      0, 0, 0, 
(2023-03-26T13:32:22.164788089) (2023-03-26T13:32:22.164796409) [Msg] steepnesses: 0, 0, 0, 
(2023-03-26T13:32:22.164839279) (2023-03-26T13:32:22.164848160) [Msg] directions:  (2023-03-26T13:32:22.164863980) (2023-03-26T13:32:22.164871930) [Msg] 0.921061 -0.389418; (2023-03-26T13:32:22.164899700) (2023-03-26T13:32:22.164907910) [Msg] 1 0; (2023-03-26T13:32:22.164950480) (2023-03-26T13:32:22.164960410) [Msg] 0.921061 0.389418; (2023-03-26T13:32:22.164989260) (2023-03-26T13:32:22.164998010) [Msg] 
(2023-03-26T13:32:22.165034070) (2023-03-26T13:32:22.165043640) [Dbg] [Surface.cc:161] Surface plugin successfully configured with the following parameters:
(2023-03-26T13:32:22.165073020) (2023-03-26T13:32:22.165081460) [Dbg] [Surface.cc:163]   <link_name>: link
(2023-03-26T13:32:22.165107990) (2023-03-26T13:32:22.165116730) [Dbg] [Surface.cc:164]   <vehicle_length>: 6
(2023-03-26T13:32:22.165144000) (2023-03-26T13:32:22.165152610) [Dbg] [Surface.cc:165]   <vehicle_width>: 3.3
(2023-03-26T13:32:22.165175400) (2023-03-26T13:32:22.165183220) [Dbg] [Surface.cc:166]   <hull_radius>: 1.9
(2023-03-26T13:32:22.165208290) (2023-03-26T13:32:22.165216170) [Dbg] [Surface.cc:167]   <num_samples>: 2
(2023-03-26T13:32:22.165240210) (2023-03-26T13:32:22.165249330) [Dbg] [Surface.cc:168]   <fluid_level>: 0.45
(2023-03-26T13:32:22.165274890) (2023-03-26T13:32:22.165283180) [Dbg] [Surface.cc:169]   <fluid_density>: 997.774
(2023-03-26T13:32:22.165324540) (2023-03-26T13:32:22.165332630) [Dbg] [SystemManager.cc:58] Loaded system [ignition::gazebo::systems::Surface] for entity [24]
(2023-03-26T13:32:22.170320651) (2023-03-26T13:32:22.170331901) [Dbg] [SimpleHydrodynamics.cc:167] SimpleHydrodynamics plugin successfully configured with the following parameters:
(2023-03-26T13:32:22.170360741) (2023-03-26T13:32:22.170369431) [Dbg] [SimpleHydrodynamics.cc:169]   <link_name>: link
(2023-03-26T13:32:22.170395841) (2023-03-26T13:32:22.170404371) [Dbg] [SimpleHydrodynamics.cc:170]   <xDotU>: 0
(2023-03-26T13:32:22.170431791) (2023-03-26T13:32:22.170441391) [Dbg] [SimpleHydrodynamics.cc:171]   <yDotV>: 0
(2023-03-26T13:32:22.170467281) (2023-03-26T13:32:22.170476661) [Dbg] [SimpleHydrodynamics.cc:172]   <zDotW>: 0.1
(2023-03-26T13:32:22.170502731) (2023-03-26T13:32:22.170511551) [Dbg] [SimpleHydrodynamics.cc:173]   <kDotP>: 0.1
(2023-03-26T13:32:22.170536981) (2023-03-26T13:32:22.170546191) [Dbg] [SimpleHydrodynamics.cc:174]   <mDotQ>: 0.1
(2023-03-26T13:32:22.170572091) (2023-03-26T13:32:22.170580741) [Dbg] [SimpleHydrodynamics.cc:175]   <nDotR>: 0
(2023-03-26T13:32:22.170607851) (2023-03-26T13:32:22.170617391) [Dbg] [SimpleHydrodynamics.cc:176]   <xU>: 510.3
(2023-03-26T13:32:22.170642881) (2023-03-26T13:32:22.170650982) [Dbg] [SimpleHydrodynamics.cc:177]   <xUU>: 720.4
(2023-03-26T13:32:22.170678302) (2023-03-26T13:32:22.170687552) [Dbg] [SimpleHydrodynamics.cc:178]   <yV>: 400
(2023-03-26T13:32:22.170714252) (2023-03-26T13:32:22.170722782) [Dbg] [SimpleHydrodynamics.cc:179]   <yVV>: 0
(2023-03-26T13:32:22.170749192) (2023-03-26T13:32:22.170757432) [Dbg] [SimpleHydrodynamics.cc:180]   <zW>: 5000
(2023-03-26T13:32:22.170783372) (2023-03-26T13:32:22.170791742) [Dbg] [SimpleHydrodynamics.cc:181]   <zWW>: 0
(2023-03-26T13:32:22.170817092) (2023-03-26T13:32:22.170825072) [Dbg] [SimpleHydrodynamics.cc:182]   <kP>: 500
(2023-03-26T13:32:22.170858742) (2023-03-26T13:32:22.170870912) [Dbg] [SimpleHydrodynamics.cc:183]   <kPP>: 0
(2023-03-26T13:32:22.170895962) (2023-03-26T13:32:22.170904332) [Dbg] [SimpleHydrodynamics.cc:184]   <mQ>: 500
(2023-03-26T13:32:22.170929472) (2023-03-26T13:32:22.170938832) [Dbg] [SimpleHydrodynamics.cc:185]   <mQQ>: 0
(2023-03-26T13:32:22.170964442) (2023-03-26T13:32:22.170972412) [Dbg] [SimpleHydrodynamics.cc:186]   <nR>: 15000
(2023-03-26T13:32:22.170997772) (2023-03-26T13:32:22.171006592) [Dbg] [SimpleHydrodynamics.cc:187]   <nRR>: 0
(2023-03-26T13:32:22.171036452) (2023-03-26T13:32:22.171044722) [Dbg] [SystemManager.cc:58] Loaded system [ignition::gazebo::systems::SimpleHydrodynamics] for entity [24]
(2023-03-26T13:32:22.173492177) (2023-03-26T13:32:22.173502047) [Dbg] [SystemManager.cc:58] Loaded system [ignition::gazebo::systems::DetachableJoint] for entity [28]
(2023-03-26T13:32:22.173986598) (2023-03-26T13:32:22.173997328) [Dbg] [SystemManager.cc:58] Loaded system [ignition::gazebo::systems::DetachableJoint] for entity [44]
(2023-03-26T13:32:22.174791319) (2023-03-26T13:32:22.174802319) [Dbg] [SystemManager.cc:58] Loaded system [ignition::gazebo::systems::DetachableJoint] for entity [60]
(2023-03-26T13:32:22.175573221) (2023-03-26T13:32:22.175585371) [Dbg] [SystemManager.cc:58] Loaded system [ignition::gazebo::systems::DetachableJoint] for entity [112]
(2023-03-26T13:32:22.177540314) (2023-03-26T13:32:22.177551184) [Dbg] [SystemManager.cc:58] Loaded system [ignition::gazebo::systems::CommsEndpoint] for entity [164]
(2023-03-26T13:32:22.177728284) (2023-03-26T13:32:22.177739634) [Dbg] [SystemManager.cc:58] Loaded system [ignition::gazebo::systems::CommsEndpoint] for entity [164]
(2023-03-26T13:32:22.182901634) (2023-03-26T13:32:22.182912044) [Dbg] [SystemManager.cc:58] Loaded system [mbzirc::BaseStation] for entity [164]
(2023-03-26T13:32:22.189601947) (2023-03-26T13:32:22.189618157) [Msg] EntityDetector publishing messages on [/mbzirc/target_object_detector/dropped]
(2023-03-26T13:32:22.189846648) (2023-03-26T13:32:22.189861398) [Dbg] [SystemManager.cc:58] Loaded system [mbzirc::EntityDetector] for entity [168]
(2023-03-26T13:32:22.189987818) (2023-03-26T13:32:22.190000528) [Msg] Loaded level [3]
(2023-03-26T13:32:22.190421079) (2023-03-26T13:32:22.190436459) [Msg] Serving world controls on [/world/simple_demo/control], [/world/simple_demo/control/state] and [/world/simple_demo/playback/control]
(2023-03-26T13:32:22.190611879) (2023-03-26T13:32:22.190627089) [Msg] Serving GUI information on [/world/simple_demo/gui/info]
(2023-03-26T13:32:22.190683869) (2023-03-26T13:32:22.190696509) [Msg] World [simple_demo] initialized with [4ms] physics profile.
(2023-03-26T13:32:22.190882990) (2023-03-26T13:32:22.190898740) [Msg] Serving world SDF generation service on [/world/simple_demo/generate_world_sdf]
(2023-03-26T13:32:22.191037470) (2023-03-26T13:32:22.191052490) [Msg] Serving world names on [/gazebo/worlds]
(2023-03-26T13:32:22.191165780) (2023-03-26T13:32:22.191180800) [Msg] Resource path add service on [/gazebo/resource_paths/add].
(2023-03-26T13:32:22.191298171) (2023-03-26T13:32:22.191313901) [Msg] Resource path get service on [/gazebo/resource_paths/get].
(2023-03-26T13:32:22.291543439) (2023-03-26T13:32:22.291564049) [Msg] Resource path resolve service on [/gazebo/resource_paths/resolve].
(2023-03-26T13:32:22.291707970) (2023-03-26T13:32:22.291732430) [Msg] Resource paths published on [/gazebo/resource_paths].
(2023-03-26T13:32:22.291961900) (2023-03-26T13:32:22.291982200) [Msg] Server control service on [/server_control].
(2023-03-26T13:32:22.292203860) (2023-03-26T13:32:22.292224540) [Msg] Found no publishers on /stats, adding root stats topic
(2023-03-26T13:32:22.292435851) (2023-03-26T13:32:22.292456111) [Msg] Found no publishers on /clock, adding root clock topic
(2023-03-26T13:32:22.292778631) (2023-03-26T13:32:22.292810431) [Dbg] [SimulationRunner.cc:491] Creating PostUpdate worker threads: 13
(2023-03-26T13:32:22.292880462) (2023-03-26T13:32:22.292910892) [Dbg] [SimulationRunner.cc:502] Creating postupdate worker thread (0)
(2023-03-26T13:32:22.293051432) (2023-03-26T13:32:22.293071302) [Dbg] [SimulationRunner.cc:502] Creating postupdate worker thread (1)
(2023-03-26T13:32:22.293161932) (2023-03-26T13:32:22.293179722) [Dbg] [SimulationRunner.cc:502] Creating postupdate worker thread (2)
(2023-03-26T13:32:22.293265882) (2023-03-26T13:32:22.293284512) [Dbg] [SimulationRunner.cc:502] Creating postupdate worker thread (3)
(2023-03-26T13:32:22.293371693) (2023-03-26T13:32:22.293390333) [Dbg] [SimulationRunner.cc:502] Creating postupdate worker thread (4)
(2023-03-26T13:32:22.293474933) (2023-03-26T13:32:22.293492893) [Dbg] [SimulationRunner.cc:502] Creating postupdate worker thread (5)
(2023-03-26T13:32:22.293588823) (2023-03-26T13:32:22.293607283) [Dbg] [SimulationRunner.cc:502] Creating postupdate worker thread (6)
(2023-03-26T13:32:22.293690073) (2023-03-26T13:32:22.293708233) [Dbg] [SimulationRunner.cc:502] Creating postupdate worker thread (7)
(2023-03-26T13:32:22.293795553) (2023-03-26T13:32:22.293813513) [Dbg] [SimulationRunner.cc:502] Creating postupdate worker thread (8)
(2023-03-26T13:32:22.293907574) (2023-03-26T13:32:22.293925144) [Dbg] [SimulationRunner.cc:502] Creating postupdate worker thread (9)
(2023-03-26T13:32:22.294012414) (2023-03-26T13:32:22.294030784) [Dbg] [SimulationRunner.cc:502] Creating postupdate worker thread (10)
(2023-03-26T13:32:22.294123444) (2023-03-26T13:32:22.294141394) [Dbg] [SimulationRunner.cc:502] Creating postupdate worker thread (11)
(2023-03-26T13:32:22.392952911) (2023-03-26T13:32:22.392975641) [Msg] Particle emitter[simple_demo::dust_storm::link::dust_storm] subscribed to command messages on topic[/model/dust_storm/link/link/particle_emitter/dust_storm/cmd]
(2023-03-26T13:32:22.393243492) (2023-03-26T13:32:22.393263932) [Msg] Particle emitter[simple_demo::fog::link::fog] subscribed to command messages on topic[/model/fog/link/link/particle_emitter/fog/cmd]
(2023-03-26T13:32:22.395477366) (2023-03-26T13:32:22.395502306) [Msg] DetachableJoint subscribing to messages on [/Vessel_A/detach]
(2023-03-26T13:32:22.395698987) (2023-03-26T13:32:22.395722897) [Msg] DetachableJoint subscribing to messages on [/Vessel_A/detach]
(2023-03-26T13:32:22.395909107) (2023-03-26T13:32:22.395934037) [Msg] DetachableJoint subscribing to messages on [/Vessel_A/detach]
(2023-03-26T13:32:22.396122958) (2023-03-26T13:32:22.396146028) [Msg] DetachableJoint subscribing to messages on [/Vessel_A/detach]
(2023-03-26T13:32:22.396422308) (2023-03-26T13:32:22.396446288) [Msg] Address [base_station/target] bound to model [base_station] on topic [base_station/target]
(2023-03-26T13:32:22.396550568) (2023-03-26T13:32:22.396571108) [Dbg] [CommsEndpoint.cc:89] Succesfuly bound to [base_station/target] on topic [base_station/target]
(2023-03-26T13:32:22.396767739) (2023-03-26T13:32:22.396791049) [Msg] Address [base_station/video] bound to model [base_station] on topic [base_station/video]
(2023-03-26T13:32:22.396891229) (2023-03-26T13:32:22.396910399) [Dbg] [CommsEndpoint.cc:89] Succesfuly bound to [base_station/video] on topic [base_station/video]
(2023-03-26T13:32:22.480276036) (2023-03-26T13:32:22.480290566) [Dbg] [Physics.cc:1593] Creating detachable joint [170]
(2023-03-26T13:32:22.480438426) (2023-03-26T13:32:22.480448716) [Dbg] [Physics.cc:1593] Creating detachable joint [171]
(2023-03-26T13:32:22.480563127) (2023-03-26T13:32:22.480572797) [Dbg] [Physics.cc:1593] Creating detachable joint [172]
(2023-03-26T13:32:22.480858617) (2023-03-26T13:32:22.480871927) [Dbg] [Physics.cc:1593] Creating detachable joint [173]
(2023-03-26T13:32:22.482062779) (2023-03-26T13:32:22.482074869) [Dbg] [SimulationFeatures.cc:63] Simulation timestep set to: 0.004
(2023-03-26T13:32:22.492499859) (2023-03-26T13:32:22.492514289) [Msg] Serving scene information on [/world/simple_demo/scene/info]
(2023-03-26T13:32:22.492621200) (2023-03-26T13:32:22.492631280) [Msg] Serving graph information on [/world/simple_demo/scene/graph]
(2023-03-26T13:32:22.492712430) (2023-03-26T13:32:22.492730410) [Msg] Serving full state on [/world/simple_demo/state]
(2023-03-26T13:32:22.492808440) (2023-03-26T13:32:22.492819360) [Msg] Serving full state (async) on [/world/simple_demo/state_async]
(2023-03-26T13:32:22.492939630) (2023-03-26T13:32:22.492949300) [Msg] Publishing scene information on [/world/simple_demo/scene/info]
(2023-03-26T13:32:22.493041710) (2023-03-26T13:32:22.493052030) [Msg] Publishing entity deletions on [/world/simple_demo/scene/deletion]
(2023-03-26T13:32:22.493118141) (2023-03-26T13:32:22.493127361) [Msg] Publishing state changes on [/world/simple_demo/state]
(2023-03-26T13:32:22.493216301) (2023-03-26T13:32:22.493226781) [Msg] Publishing pose messages on [/world/simple_demo/pose/info]
(2023-03-26T13:32:22.493304711) (2023-03-26T13:32:22.493314521) [Msg] Publishing dynamic pose messages on [/world/simple_demo/dynamic_pose/info]
(2023-03-26T13:32:22.493511591) (2023-03-26T13:32:22.493521641) [Dbg] [EntityComponentManager.cc:1587] Updated state thread iterators: 24 threads processing around 8 entities each.
(2023-03-26T13:32:22.493799112) (2023-03-26T13:32:22.493820332) [Wrn] [Model.hh:69] Skipping serialization / deserialization for models with //pose/@relative_to attribute.
(2023-03-26T13:32:22.494484623) (2023-03-26T13:32:22.494512573) [Wrn] [Component.hh:144] Trying to serialize component with data type [N3sdf3v125WorldE], which doesn't have `operator<<`. Component will not be serialized.
(2023-03-26T13:32:22.519920441) (2023-03-26T13:32:22.519942741) [Dbg] [EntityComponentManager.cc:1587] Updated state thread iterators: 24 threads processing around 8 entities each.
(2023-03-26T13:32:33.193422523) (2023-03-26T13:32:33.193447233) [Msg] Linear velocity initialized to [0 0 0]
(2023-03-26T13:32:33.193617064) (2023-03-26T13:32:33.193646704) [Msg] Angular velocity initialized to [0 0 0]
(2023-03-26T13:32:33.193971384) (2023-03-26T13:32:33.193995844) [Msg] VelocityControl subscribing to twist messages on [/model/usv/cmd_vel]
(2023-03-26T13:32:33.194077034) (2023-03-26T13:32:33.194096374) [Dbg] [SystemManager.cc:58] Loaded system [ignition::gazebo::systems::VelocityControl] for entity [174]
(2023-03-26T13:32:33.197141739) (2023-03-26T13:32:33.197170369) [Dbg] [OdometryPublisher.cc:191] OdometryPublisher system plugin missing <dimensions>, defaults to "2"
(2023-03-26T13:32:33.197477430) (2023-03-26T13:32:33.197499840) [Msg] OdometryPublisher publishing odometry on [/model/usv/odometry]
(2023-03-26T13:32:33.197720560) (2023-03-26T13:32:33.197746800) [Msg] OdometryPublisher publishing odometry with covariance on [/model/usv/odometry_with_covariance]
(2023-03-26T13:32:33.197929721) (2023-03-26T13:32:33.197957041) [Msg] OdometryPublisher publishing Pose_V (TF) on [/model/usv/pose]
(2023-03-26T13:32:33.198021381) (2023-03-26T13:32:33.198033201) [Dbg] [SystemManager.cc:58] Loaded system [ignition::gazebo::systems::OdometryPublisher] for entity [174]
(2023-03-26T13:32:33.200765035) (2023-03-26T13:32:33.200783325) [Msg] Thruster listening to commands in [/model/usv/joint/left_engine_propeller_joint/cmd_thrust]
(2023-03-26T13:32:33.200875705) (2023-03-26T13:32:33.200889705) [Dbg] [Thruster.cc:288] Using velocity control for propeller joint.
(2023-03-26T13:32:33.200931015) (2023-03-26T13:32:33.200943066) [Dbg] [SystemManager.cc:58] Loaded system [ignition::gazebo::systems::Thruster] for entity [174]
(2023-03-26T13:32:33.203171099) (2023-03-26T13:32:33.203181129) [Dbg] [JointPositionController.cc:205] [JointPositionController] system parameters:
(2023-03-26T13:32:33.203209039) (2023-03-26T13:32:33.203221399) [Dbg] [JointPositionController.cc:206] p_gain: [1]
(2023-03-26T13:32:33.203253759) (2023-03-26T13:32:33.203262039) [Dbg] [JointPositionController.cc:207] i_gain: [0.1]
(2023-03-26T13:32:33.203292339) (2023-03-26T13:32:33.203300269) [Dbg] [JointPositionController.cc:208] d_gain: [0.01]
(2023-03-26T13:32:33.203328279) (2023-03-26T13:32:33.203336909) [Dbg] [JointPositionController.cc:209] i_max: [1]
(2023-03-26T13:32:33.203366249) (2023-03-26T13:32:33.203375839) [Dbg] [JointPositionController.cc:210] i_min: [-1]
(2023-03-26T13:32:33.203410300) (2023-03-26T13:32:33.203418680) [Dbg] [JointPositionController.cc:211] cmd_max: [1000]
(2023-03-26T13:32:33.203448460) (2023-03-26T13:32:33.203456740) [Dbg] [JointPositionController.cc:212] cmd_min: [-1000]
(2023-03-26T13:32:33.203485440) (2023-03-26T13:32:33.203494370) [Dbg] [JointPositionController.cc:213] cmd_offset: [0]
(2023-03-26T13:32:33.203522960) (2023-03-26T13:32:33.203533730) [Dbg] [JointPositionController.cc:214] Topic: [usv/left/thruster/joint/cmd_pos]
(2023-03-26T13:32:33.203562840) (2023-03-26T13:32:33.203571390) [Dbg] [JointPositionController.cc:215] initial_position: [0]
(2023-03-26T13:32:33.203603100) (2023-03-26T13:32:33.203614520) [Dbg] [SystemManager.cc:58] Loaded system [ignition::gazebo::systems::JointPositionController] for entity [174]
(2023-03-26T13:32:33.203946300) (2023-03-26T13:32:33.203956240) [Msg] Thruster listening to commands in [/model/usv/joint/right_engine_propeller_joint/cmd_thrust]
(2023-03-26T13:32:33.204025660) (2023-03-26T13:32:33.204034991) [Dbg] [Thruster.cc:288] Using velocity control for propeller joint.
(2023-03-26T13:32:33.204060191) (2023-03-26T13:32:33.204068831) [Dbg] [SystemManager.cc:58] Loaded system [ignition::gazebo::systems::Thruster] for entity [174]
(2023-03-26T13:32:33.204318901) (2023-03-26T13:32:33.204328871) [Dbg] [JointPositionController.cc:205] [JointPositionController] system parameters:
(2023-03-26T13:32:33.204351261) (2023-03-26T13:32:33.204358551) [Dbg] [JointPositionController.cc:206] p_gain: [1]
(2023-03-26T13:32:33.204392881) (2023-03-26T13:32:33.204405041) [Dbg] [JointPositionController.cc:207] i_gain: [0.1]
(2023-03-26T13:32:33.204434881) (2023-03-26T13:32:33.204443341) [Dbg] [JointPositionController.cc:208] d_gain: [0.01]
(2023-03-26T13:32:33.204473181) (2023-03-26T13:32:33.204482031) [Dbg] [JointPositionController.cc:209] i_max: [1]
(2023-03-26T13:32:33.204510281) (2023-03-26T13:32:33.204519101) [Dbg] [JointPositionController.cc:210] i_min: [-1]
(2023-03-26T13:32:33.204548371) (2023-03-26T13:32:33.204557021) [Dbg] [JointPositionController.cc:211] cmd_max: [1000]
(2023-03-26T13:32:33.204585721) (2023-03-26T13:32:33.204594291) [Dbg] [JointPositionController.cc:212] cmd_min: [-1000]
(2023-03-26T13:32:33.204624121) (2023-03-26T13:32:33.204632711) [Dbg] [JointPositionController.cc:213] cmd_offset: [0]
(2023-03-26T13:32:33.204661202) (2023-03-26T13:32:33.204670872) [Dbg] [JointPositionController.cc:214] Topic: [usv/right/thruster/joint/cmd_pos]
(2023-03-26T13:32:33.204698822) (2023-03-26T13:32:33.204707172) [Dbg] [JointPositionController.cc:215] initial_position: [0]
(2023-03-26T13:32:33.204739452) (2023-03-26T13:32:33.204748062) [Dbg] [SystemManager.cc:58] Loaded system [ignition::gazebo::systems::JointPositionController] for entity [174]
(2023-03-26T13:32:33.204990232) (2023-03-26T13:32:33.204999792) [Msg] Using Pierson-Moskowitz spectrum sampling wavefield model 
(2023-03-26T13:32:33.205138752) (2023-03-26T13:32:33.205149772) [Msg] Using Pierson-Moskowitz spectrum sampling wavefield model 
(2023-03-26T13:32:33.205213542) (2023-03-26T13:32:33.205222462) [Msg] Input Parameters:
(2023-03-26T13:32:33.205242982) (2023-03-26T13:32:33.205250952) [Msg] model:     PMS
(2023-03-26T13:32:33.205274853) (2023-03-26T13:32:33.205283863) [Msg] number:     3
(2023-03-26T13:32:33.205310213) (2023-03-26T13:32:33.205319773) [Msg] scale:      1.1
(2023-03-26T13:32:33.205346903) (2023-03-26T13:32:33.205356023) [Msg] angle:      0.4
(2023-03-26T13:32:33.205383043) (2023-03-26T13:32:33.205394093) [Msg] steepness:  0
(2023-03-26T13:32:33.205423793) (2023-03-26T13:32:33.205434313) [Msg] amplitude:  0
(2023-03-26T13:32:33.205462633) (2023-03-26T13:32:33.205471223) [Msg] period:     5
(2023-03-26T13:32:33.205495773) (2023-03-26T13:32:33.205504413) [Msg] direction:  1 0
(2023-03-26T13:32:33.205543793) (2023-03-26T13:32:33.205552703) [Msg] tau:  2
(2023-03-26T13:32:33.205578553) (2023-03-26T13:32:33.205587773) [Msg] gain:  0.3
(2023-03-26T13:32:33.205625463) (2023-03-26T13:32:33.205638823) [Msg] Derived Parameters:
(2023-03-26T13:32:33.205663223) (2023-03-26T13:32:33.205678043) [Msg] amplitudes:  0.0363502, 0.0392277, 0.0385703, 
(2023-03-26T13:32:33.205733923) (2023-03-26T13:32:33.205742323) [Msg] wavenumbers: 0.133171, 0.161136, 0.194975, 
(2023-03-26T13:32:33.205795513) (2023-03-26T13:32:33.205806733) [Msg] omegas:      1.1424, 1.25664, 1.3823, 
(2023-03-26T13:32:33.205855193) (2023-03-26T13:32:33.205863873) [Msg] periods:     (2023-03-26T13:32:33.205880934) (2023-03-26T13:32:33.205890014) [Msg] 5.5, (2023-03-26T13:32:33.205913724) (2023-03-26T13:32:33.205922334) [Msg] 5, (2023-03-26T13:32:33.205943554) (2023-03-26T13:32:33.205952364) [Msg] 4.54545, (2023-03-26T13:32:33.205973594) (2023-03-26T13:32:33.205981994) [Msg] 
(2023-03-26T13:32:33.206002964) (2023-03-26T13:32:33.206011114) [Msg] phases:      0, 0, 0, 
(2023-03-26T13:32:33.206052764) (2023-03-26T13:32:33.206063744) [Msg] steepnesses: 0, 0, 0, 
(2023-03-26T13:32:33.206106214) (2023-03-26T13:32:33.206114184) [Msg] directions:  (2023-03-26T13:32:33.206130464) (2023-03-26T13:32:33.206141054) [Msg] 0.921061 -0.389418; (2023-03-26T13:32:33.206171224) (2023-03-26T13:32:33.206179814) [Msg] 1 0; (2023-03-26T13:32:33.206209264) (2023-03-26T13:32:33.206218904) [Msg] 0.921061 0.389418; (2023-03-26T13:32:33.206249054) (2023-03-26T13:32:33.206257354) [Msg] 
(2023-03-26T13:32:33.206287834) (2023-03-26T13:32:33.206297004) [Dbg] [Surface.cc:161] Surface plugin successfully configured with the following parameters:
(2023-03-26T13:32:33.206322974) (2023-03-26T13:32:33.206331594) [Dbg] [Surface.cc:163]   <link_name>: base_link
(2023-03-26T13:32:33.206358984) (2023-03-26T13:32:33.206367414) [Dbg] [Surface.cc:164]   <vehicle_length>: 6
(2023-03-26T13:32:33.206393694) (2023-03-26T13:32:33.206402624) [Dbg] [Surface.cc:165]   <vehicle_width>: 3.3
(2023-03-26T13:32:33.206428684) (2023-03-26T13:32:33.206438814) [Dbg] [Surface.cc:166]   <hull_radius>: 0.27
(2023-03-26T13:32:33.206465234) (2023-03-26T13:32:33.206473694) [Dbg] [Surface.cc:167]   <num_samples>: 2
(2023-03-26T13:32:33.206499195) (2023-03-26T13:32:33.206510675) [Dbg] [Surface.cc:168]   <fluid_level>: 0.45
(2023-03-26T13:32:33.206536525) (2023-03-26T13:32:33.206545215) [Dbg] [Surface.cc:169]   <fluid_density>: 997.774
(2023-03-26T13:32:33.206574125) (2023-03-26T13:32:33.206584545) [Dbg] [SystemManager.cc:58] Loaded system [ignition::gazebo::systems::Surface] for entity [174]
(2023-03-26T13:32:33.206892475) (2023-03-26T13:32:33.206903305) [Dbg] [SimpleHydrodynamics.cc:167] SimpleHydrodynamics plugin successfully configured with the following parameters:
(2023-03-26T13:32:33.206929775) (2023-03-26T13:32:33.206938615) [Dbg] [SimpleHydrodynamics.cc:169]   <link_name>: base_link
(2023-03-26T13:32:33.206966625) (2023-03-26T13:32:33.206975595) [Dbg] [SimpleHydrodynamics.cc:170]   <xDotU>: 0
(2023-03-26T13:32:33.207001295) (2023-03-26T13:32:33.207009665) [Dbg] [SimpleHydrodynamics.cc:171]   <yDotV>: 0
(2023-03-26T13:32:33.207038725) (2023-03-26T13:32:33.207047465) [Dbg] [SimpleHydrodynamics.cc:172]   <zDotW>: 0.1
(2023-03-26T13:32:33.207078335) (2023-03-26T13:32:33.207090485) [Dbg] [SimpleHydrodynamics.cc:173]   <kDotP>: 0.1
(2023-03-26T13:32:33.207118326) (2023-03-26T13:32:33.207126716) [Dbg] [SimpleHydrodynamics.cc:174]   <mDotQ>: 0.1
(2023-03-26T13:32:33.207150936) (2023-03-26T13:32:33.207158046) [Dbg] [SimpleHydrodynamics.cc:175]   <nDotR>: 0
(2023-03-26T13:32:33.207184896) (2023-03-26T13:32:33.207193196) [Dbg] [SimpleHydrodynamics.cc:176]   <xU>: 51.3
(2023-03-26T13:32:33.207224746) (2023-03-26T13:32:33.207233086) [Dbg] [SimpleHydrodynamics.cc:177]   <xUU>: 72.4
(2023-03-26T13:32:33.207259286) (2023-03-26T13:32:33.207270226) [Dbg] [SimpleHydrodynamics.cc:178]   <yV>: 40
(2023-03-26T13:32:33.207297966) (2023-03-26T13:32:33.207307746) [Dbg] [SimpleHydrodynamics.cc:179]   <yVV>: 0
(2023-03-26T13:32:33.207337566) (2023-03-26T13:32:33.207346796) [Dbg] [SimpleHydrodynamics.cc:180]   <zW>: 500
(2023-03-26T13:32:33.207374016) (2023-03-26T13:32:33.207384816) [Dbg] [SimpleHydrodynamics.cc:181]   <zWW>: 0
(2023-03-26T13:32:33.207413256) (2023-03-26T13:32:33.207422566) [Dbg] [SimpleHydrodynamics.cc:182]   <kP>: 100
(2023-03-26T13:32:33.207455096) (2023-03-26T13:32:33.207464176) [Dbg] [SimpleHydrodynamics.cc:183]   <kPP>: 0
(2023-03-26T13:32:33.207494686) (2023-03-26T13:32:33.207505876) [Dbg] [SimpleHydrodynamics.cc:184]   <mQ>: 100
(2023-03-26T13:32:33.207531676) (2023-03-26T13:32:33.207540146) [Dbg] [SimpleHydrodynamics.cc:185]   <mQQ>: 0
(2023-03-26T13:32:33.207574016) (2023-03-26T13:32:33.207584026) [Dbg] [SimpleHydrodynamics.cc:186]   <nR>: 400
(2023-03-26T13:32:33.207613396) (2023-03-26T13:32:33.207624166) [Dbg] [SimpleHydrodynamics.cc:187]   <nRR>: 0
(2023-03-26T13:32:33.207659016) (2023-03-26T13:32:33.207668046) [Dbg] [SystemManager.cc:58] Loaded system [ignition::gazebo::systems::SimpleHydrodynamics] for entity [174]
(2023-03-26T13:32:33.211238512) (2023-03-26T13:32:33.211257922) [Dbg] [SystemManager.cc:58] Loaded system [ignition::gazebo::systems::PosePublisher] for entity [174]
(2023-03-26T13:32:33.211646413) (2023-03-26T13:32:33.211664633) [Msg] EntityDetector publishing messages on [/mbzirc/target_object_detector/placed]
(2023-03-26T13:32:33.211873563) (2023-03-26T13:32:33.211890153) [Dbg] [SystemManager.cc:58] Loaded system [mbzirc::EntityDetector] for entity [174]
(2023-03-26T13:32:33.212247404) (2023-03-26T13:32:33.212264734) [Msg] EntityDetector publishing messages on [/mbzirc/target_object_detector/placed]
(2023-03-26T13:32:33.212472534) (2023-03-26T13:32:33.212489994) [Dbg] [SystemManager.cc:58] Loaded system [mbzirc::EntityDetector] for entity [174]
(2023-03-26T13:32:33.212844045) (2023-03-26T13:32:33.212861265) [Msg] EntityDetector publishing messages on [/mbzirc/target_object_detector/placed]
(2023-03-26T13:32:33.213101245) (2023-03-26T13:32:33.213119455) [Dbg] [SystemManager.cc:58] Loaded system [mbzirc::EntityDetector] for entity [174]
(2023-03-26T13:32:33.213476436) (2023-03-26T13:32:33.213494006) [Msg] EntityDetector publishing messages on [/mbzirc/target_object_detector/placed]
(2023-03-26T13:32:33.213703156) (2023-03-26T13:32:33.213720376) [Dbg] [SystemManager.cc:58] Loaded system [mbzirc::EntityDetector] for entity [174]
(2023-03-26T13:32:33.214009657) (2023-03-26T13:32:33.214020397) [Dbg] [SystemManager.cc:58] Loaded system [ignition::gazebo::systems::CommsEndpoint] for entity [174]
(2023-03-26T13:32:33.214470377) (2023-03-26T13:32:33.214480457) [Dbg] [UserCommands.cc:1303] Created entity [174] named [usv]
(2023-03-26T13:32:33.222853331) (2023-03-26T13:32:33.222885001) [Dbg] [Sensors.cc:584] Initialization needed
(2023-03-26T13:32:33.222967711) (2023-03-26T13:32:33.222985071) [Dbg] [Sensors.cc:240] Initializing render context
(2023-03-26T13:32:33.223082221) (2023-03-26T13:32:33.223094421) [Msg] Loading plugin [ignition-rendering-ogre2]
(2023-03-26T13:32:33.223422042) (2023-03-26T13:32:33.223446022) [Dbg] [ImuSensor.cc:148] IMU data for [usv::base_link::imu_sensor] advertised on [world/simple_demo/model/usv/link/base_link/sensor/imu_sensor/imu]
(2023-03-26T13:32:33.223676912) (2023-03-26T13:32:33.223703542) [Dbg] [GameLogicPlugin.cc:1991] New Competitor Platform: usv with 0sensors
(((((((2023-03-26T13:32:33.225849116) (2023-03-26T13:32:33.225880996) (2023-03-26T13:32:33.2258234762023-03-26T13:32:33.225914436) (2023-03-26T13:32:33.225934846) (2023-03-26T13:32:33.225972396) (2023-03-26T13:32:33.225999666Exiting postupdate worker thread ((Exiting postupdate worker thread ((4(4() (2023-03-26T13:32:33.226089286) (((((() (2023-03-26T13:32:33.226183296) 2023-03-26T13:32:33.226140846) ) 2023-03-26T13:32:33.226165526) (2023-03-26T13:32:33.226255717) 2023-03-26T13:32:33.226276817) (2023-03-26T13:32:33.226300837) )
2023-03-26T13:32:33.226342837) (2023-03-26T13:32:33.226381127) 2023-03-26T13:32:33.226351527) (2023-03-26T13:32:33.226423737) (2023-03-26T13:32:33.226453777) 2023-03-26T13:32:33.226474177) (2023-03-26T13:32:33.226496747) ) ) (2023-03-26T13:32:33.226547987) [Dbg] [SimulationRunner.cc:518] Exiting postupdate worker thread (10)
[Dbg] [SimulationRunner.cc:518] Exiting postupdate worker thread (Exiting postupdate worker thread ([Dbg] [SimulationRunner.cc:518] Exiting postupdate worker thread (2)
[Dbg] [SimulationRunner.cc:518] Exiting postupdate worker thread (11)
[Dbg] [SimulationRunner.cc:518] Exiting postupdate worker thread (3)
[Dbg] [SimulationRunner.cc:518] Exiting postupdate worker thread (1)
[Dbg] [SimulationRunner.cc:518] Exiting postupdate worker thread ([Dbg] [SimulationRunner.cc:518] Exiting postupdate worker thread (0)
[Dbg] [SimulationRunner.cc:518] Exiting postupdate worker thread (Exiting postupdate worker thread (5)[Dbg] [SimulationRunner.cc:518] Exiting postupdate worker thread ([Dbg] [SimulationRunner.cc:518] Exiting postupdate worker thread (9)
8)

7
)
(2023-03-26T13:32:33.227577089) (2023-03-26T13:32:33.227592469) [Dbg] [SimulationRunner.cc:491] Creating PostUpdate worker threads: 22
(2023-03-26T13:32:33.227636649) (2023-03-26T13:32:33.227649819) [Dbg] [SimulationRunner.cc:502] Creating postupdate worker thread (0)
(2023-03-26T13:32:33.227720119) (2023-03-26T13:32:33.227732849) [Dbg] [SimulationRunner.cc:502] Creating postupdate worker thread (1)
(2023-03-26T13:32:33.227792259) (2023-03-26T13:32:33.227805949) [Dbg] [SimulationRunner.cc:502] Creating postupdate worker thread (2)
(2023-03-26T13:32:33.227877309) (2023-03-26T13:32:33.227889979) [Dbg] [SimulationRunner.cc:502] Creating postupdate worker thread (3)
(2023-03-26T13:32:33.227951369) (2023-03-26T13:32:33.227963099) [Dbg] [SimulationRunner.cc:502] Creating postupdate worker thread (4)
(2023-03-26T13:32:33.228036599) (2023-03-26T13:32:33.228052379) [Dbg] [SimulationRunner.cc:502] Creating postupdate worker thread (5)
(2023-03-26T13:32:33.228123230) (2023-03-26T13:32:33.228136580) [Dbg] [SimulationRunner.cc:502] Creating postupdate worker thread (6)
(2023-03-26T13:32:33.228201870) (2023-03-26T13:32:33.228213400) [Dbg] [SimulationRunner.cc:502] Creating postupdate worker thread (7)
(2023-03-26T13:32:33.228274830) (2023-03-26T13:32:33.228286070) [Dbg] [SimulationRunner.cc:502] Creating postupdate worker thread (8)
(2023-03-26T13:32:33.228344870) (2023-03-26T13:32:33.228355830) [Dbg] [SimulationRunner.cc:502] Creating postupdate worker thread (9)
(2023-03-26T13:32:33.228419260) (2023-03-26T13:32:33.228430310) [Dbg] [SimulationRunner.cc:502] Creating postupdate worker thread (10)
(2023-03-26T13:32:33.228563230) (2023-03-26T13:32:33.228575130) [Dbg] [SimulationRunner.cc:502] Creating postupdate worker thread (11)
(2023-03-26T13:32:33.228657240) (2023-03-26T13:32:33.228668110) [Dbg] [SimulationRunner.cc:502] Creating postupdate worker thread (12)
(2023-03-26T13:32:33.228737761) (2023-03-26T13:32:33.228751231) [Dbg] [SimulationRunner.cc:502] Creating postupdate worker thread (13)
(2023-03-26T13:32:33.228826931) (2023-03-26T13:32:33.228840731) [Dbg] [SimulationRunner.cc:502] Creating postupdate worker thread (14)
(2023-03-26T13:32:33.228933291) (2023-03-26T13:32:33.228945111) [Dbg] [SimulationRunner.cc:502] Creating postupdate worker thread (15)
(2023-03-26T13:32:33.229021731) (2023-03-26T13:32:33.229034171) [Dbg] [SimulationRunner.cc:502] Creating postupdate worker thread (16)
(2023-03-26T13:32:33.229102421) (2023-03-26T13:32:33.229116231) [Dbg] [SimulationRunner.cc:502] Creating postupdate worker thread (17)
(2023-03-26T13:32:33.229182911) (2023-03-26T13:32:33.229196231) [Dbg] [SimulationRunner.cc:502] Creating postupdate worker thread (18)
(2023-03-26T13:32:33.229264631) (2023-03-26T13:32:33.229279221) [Dbg] [SimulationRunner.cc:502] Creating postupdate worker thread (19)
(2023-03-26T13:32:33.229347112) (2023-03-26T13:32:33.229360472) [Dbg] [SimulationRunner.cc:502] Creating postupdate worker thread (20)
(2023-03-26T13:32:33.229926402) (2023-03-26T13:32:33.229941583) [Msg] Address [usv] bound to model [usv] on topic [model/usv/rx]
(2023-03-26T13:32:33.230008983) (2023-03-26T13:32:33.230021843) [Dbg] [CommsEndpoint.cc:89] Succesfuly bound to [usv] on topic [model/usv/rx]
(2023-03-26T13:32:33.608524586) (2023-03-26T13:32:33.608537016) [Dbg] [RenderUtil.cc:2529] Create scene [scene]
(2023-03-26T13:32:33.659680849) (2023-03-26T13:32:33.659698839) [Dbg] [Sensors.cc:254] Rendering Thread initialized
(2023-03-26T13:32:33.664079256) (2023-03-26T13:32:33.664107036) [Wrn] [Ogre2Heightmap.cc:125] Heightmap final sampling should be 2^n
 which differs from ogre1's 2^n+1
The last row and column will be cropped
size = (width * sampling) - sampling + 1
[257] = ([257] * [1]) - [1] + 1
(2023-03-26T13:32:33.771119780) (2023-03-26T13:32:33.771137970) [Msg] Loading heightmap: scene::Heightmap(65478)
(2023-03-26T13:32:33.771178230) (2023-03-26T13:32:33.771187450) [Msg] Heightmap loaded. Process took 0 ms.
(2023-03-26T13:32:37.568524463) (2023-03-26T13:32:37.568543313) [Dbg] [Ogre2ParticleEmitter.cc:514] Particle emitter initialized
(2023-03-26T13:32:37.568736073) (2023-03-26T13:32:37.568751893) [Dbg] [Ogre2ParticleEmitter.cc:514] Particle emitter initialized
(2023-03-26T13:32:37.568971943) (2023-03-26T13:32:37.568987183) [Dbg] [Ogre2ParticleEmitter.cc:514] Particle emitter initialized
(2023-03-26T13:32:38.130622129) (2023-03-26T13:32:38.130637369) [Dbg] [Ogre2ParticleEmitter.cc:514] Particle emitter initialized
(2023-03-26T13:32:38.130820550) (2023-03-26T13:32:38.130830450) [Dbg] [Ogre2ParticleEmitter.cc:514] Particle emitter initialized
(2023-03-26T13:32:38.130965690) (2023-03-26T13:32:38.130976450) [Dbg] [Ogre2ParticleEmitter.cc:514] Particle emitter initialized
(2023-03-26T13:32:38.142888288) (2023-03-26T13:32:38.142908208) [Dbg] [Lidar.cc:122] Laser scans for [usv::sensor_6::sensor_link::lidar] advertised on [world/simple_demo/model/usv/model/sensor_6/link/sensor_link/sensor/lidar/scan]
(2023-03-26T13:32:38.143286638) (2023-03-26T13:32:38.143301588) [Dbg] [GpuLidarSensor.cc:164] Lidar points for [usv::sensor_6::sensor_link::lidar] advertised on [world/simple_demo/model/usv/model/sensor_6/link/sensor_link/sensor/lidar/scan/points]
(2023-03-26T13:32:38.143575759) (2023-03-26T13:32:38.143586739) [Msg] Loading plugin [ignition-rendering-ogre2]
(2023-03-26T13:32:38.635730290) (2023-03-26T13:32:38.635752510) [Dbg] [EntityComponentManager.cc:1587] Updated state thread iterators: 24 threads processing around 10 entities each.
(2023-03-26T13:42:39.128322497) (2023-03-26T13:42:39.128343837) [Msg] Scoring has Started
(2023-03-26T13:42:39.128620218) (2023-03-26T13:42:39.128636508) [Err] [GameLogicPlugin.cc:2121] Invalid configuration detected: 
[usv] Initial Position (10 40 0.299843) is not in the starting area -15 -15 -5 15 15 5
(2023-03-26T14:15:37.62064877) (2023-03-26T14:15:37.62082657) [Dbg] [EntityComponentManager.cc:1587] Updated state thread iterators: 24 threads processing around 10 entities each.
(2023-03-26T14:46:18.955404467) (2023-03-26T14:46:18.955427997) [Msg] Time limit[3600s] reached.
(2023-03-26T14:46:18.955849659) (2023-03-26T14:46:18.955865459) [Msg] Scoring has finished. Elapsed real time: 3819 seconds. Elapsed sim time: 3600 seconds. 
(2023-03-26T15:09:27.665967003) (2023-03-26T15:09:27.665997533) [Dbg] [SignalHandler.cc:141] Received signal[2].
(2023-03-26T15:09:27.666063283) (2023-03-26T15:09:27.666081543) [Dbg] [ServerPrivate.cc:110] Server received signal[2]
(2023-03-26T15:09:27.666138733) (2023-03-26T15:09:27.666154993) [Dbg] [Sensors.cc:406] SensorsPrivate::Stop
(2023-03-26T15:09:27.668607246) (2023-03-26T15:09:27.668636066) [Dbg] [Sensors.cc:392] SensorsPrivate::RenderThread stopped
(2023-03-26T15:09:27.676864146) (2023-03-26T15:09:27.676882476) [Dbg] [ign.cc:410] Shutting down ign-gazebo-server
(((((((((((((((((((((((((((((((((((2023-03-26T15:09:27.6801847702023-03-26T15:09:27.6801847702023-03-26T15:09:27.680192700) (2023-03-26T15:09:27.680250750) [Dbg] [SimulationRunner.cc:518] (Exiting postupdate worker thread (2023-03-26T15:09:27.680313510) (2023-03-26T15:09:27.680341670) ((2023-03-26T15:09:27.680418830) (2023-03-26T15:09:27.680448620) (2023-03-26T15:09:27.680492140) (2023-03-26T15:09:27.680525410) ) (2023-03-26T15:09:27.680575950) 2023-03-26T15:09:27.680424270) (2023-03-26T15:09:27.680642830) 2023-03-26T15:09:27.680667500) (2023-03-26T15:09:27.680711820) ) (2023-03-26T15:09:27.681326641) ) ) (2023-03-26T15:09:27.681361081) (2023-03-26T15:09:27.681406111) (2023-03-26T15:09:27.681429211) 2023-03-26T15:09:27.681460851) ((2023-03-26T15:09:27.680673890) (2023-03-26T15:09:27.681544372) (2023-03-26T15:09:27.681580102) (2023-03-26T15:09:27.6804994302023-03-26T15:09:27.6815986322023-03-26T15:09:27.681384761) (2023-03-26T15:09:27.6816456322023-03-26T15:09:27.681645632) (2023-03-26T15:09:27.681689032) 2023-03-26T15:09:27.6817210822023-03-26T15:09:27.6817210822023-03-26T15:09:27.681728602162023-03-26T15:09:27.681601982)) ) ) 2023-03-26T15:09:27.6817960322023-03-26T15:09:27.681796032) (2023-03-26T15:09:27.681833782) ) (2023-03-26T15:09:27.681879072) 2023-03-26T15:09:27.681601612) (2023-03-26T15:09:27.681933112) ) (
2023-03-26T15:09:27.681979892) 
[Dbg] [SimulationRunner.cc:518] 
[Dbg] [SimulationRunner.cc:518] ) (2023-03-26T15:09:27.682037082) Exiting postupdate worker thread (2023-03-26T15:09:27.682055672) (2023-03-26T15:09:27.682105462) 10[Dbg] [SimulationRunner.cc:518] [Dbg] [SimulationRunner.cc:518] Exiting postupdate worker thread (17)

[Dbg] [SimulationRunner.cc:518] Exiting postupdate worker thread (2)
[Dbg] [SimulationRunner.cc:518] [Dbg] [SimulationRunner.cc:518] [Dbg] [SimulationRunner.cc:518] Exiting postupdate worker thread (0)
[Dbg] [SimulationRunner.cc:518] Exiting postupdate worker thread (14)
[Dbg] [SimulationRunner.cc:518] [Dbg] [SimulationRunner.cc:518] [Dbg] [SimulationRunner.cc:518] [Dbg] [SimulationRunner.cc:518] [Dbg] [SimulationRunner.cc:518] [Dbg] [SimulationRunner.cc:518] [Dbg] [SimulationRunner.cc:518] Exiting postupdate worker thread (Exiting postupdate worker thread ([Dbg] [SimulationRunner.cc:518] 4Exiting postupdate worker thread (5)
[Dbg] [SimulationRunner.cc:518] Exiting postupdate worker thread (1)
[Dbg] [SimulationRunner.cc:518] Exiting postupdate worker thread (20)
)
Exiting postupdate worker thread (Exiting postupdate worker thread (13[Dbg] [SimulationRunner.cc:518] )
[Dbg] [SimulationRunner.cc:518] 4
[Dbg] [SimulationRunner.cc:518] 
[Dbg] [SimulationRunner.cc:518] Exiting postupdate worker thread (Exiting postupdate worker thread (12)
151533Exiting postupdate worker thread (Exiting postupdate worker thread (19)
)
9)
Exiting postupdate worker thread (6)
Exiting postupdate worker thread (8)
)
)
Exiting postupdate worker thread (18)7)

Exiting postupdate worker thread (11)
(2023-03-26T15:09:27.724099075) (2023-03-26T15:09:27.724115425) [Dbg] [Sensors.cc:406] SensorsPrivate::Stop
(2023-03-26T15:09:27.742092067) (2023-03-26T15:09:27.742112337) [Msg] Stopping recording
