(2023-05-19T13:17:48.923777488) (2023-05-19T13:17:48.923792388) [Msg] Ignition Gazebo Server v6.11.0
(2023-05-19T13:17:48.927404404) (2023-05-19T13:17:48.927419414) [Msg] Loading SDF world file[/home/developer/mbzirc_ws/install/share/mbzirc_ign/worlds/simple_demo.sdf].
(2023-05-19T13:17:49.241820682) (2023-05-19T13:17:49.241833292) [Msg] Serving entity system service on [/entity/system/add]
(2023-05-19T13:17:49.276655230) (2023-05-19T13:17:49.276668040) [Dbg] [Physics.cc:803] Loaded [ignition::physics::dartsim::Plugin] from library [/usr/lib/x86_64-linux-gnu/ign-physics-5/engine-plugins/libignition-physics-dartsim-plugin.so]
(2023-05-19T13:17:49.276717110) (2023-05-19T13:17:49.276723410) [Dbg] [SystemManager.cc:58] Loaded system [ignition::gazebo::systems::Physics] for entity [1]
(2023-05-19T13:17:49.278253792) (2023-05-19T13:17:49.278262222) [Msg] Create service on [/world/simple_demo/create]
(2023-05-19T13:17:49.278356173) (2023-05-19T13:17:49.278363213) [Msg] Remove service on [/world/simple_demo/remove]
(2023-05-19T13:17:49.278446343) (2023-05-19T13:17:49.278453413) [Msg] Pose service on [/world/simple_demo/set_pose]
(2023-05-19T13:17:49.278529523) (2023-05-19T13:17:49.278536523) [Msg] Pose service on [/world/simple_demo/set_pose_vector]
(2023-05-19T13:17:49.278642123) (2023-05-19T13:17:49.278650733) [Msg] Light configuration service on [/world/simple_demo/light_config]
(2023-05-19T13:17:49.278812863) (2023-05-19T13:17:49.278819943) [Msg] Physics service on [/world/simple_demo/set_physics]
(2023-05-19T13:17:49.278911863) (2023-05-19T13:17:49.278919363) [Msg] SphericalCoordinates service on [/world/simple_demo/set_spherical_coordinates]
(2023-05-19T13:17:49.278978624) (2023-05-19T13:17:49.278985204) [Msg] Enable collision service on [/world/simple_demo/enable_collision]
(2023-05-19T13:17:49.279040464) (2023-05-19T13:17:49.279048854) [Msg] Disable collision service on [/world/simple_demo/disable_collision]
(2023-05-19T13:17:49.279164484) (2023-05-19T13:17:49.279171874) [Msg] Material service on [/world/simple_demo/visual_config]
(2023-05-19T13:17:49.279268494) (2023-05-19T13:17:49.279275484) [Msg] Material service on [/world/simple_demo/wheel_slip]
(2023-05-19T13:17:49.279305334) (2023-05-19T13:17:49.279311234) [Dbg] [SystemManager.cc:58] Loaded system [ignition::gazebo::systems::UserCommands] for entity [1]
(2023-05-19T13:17:49.298228367) (2023-05-19T13:17:49.298235967) [Dbg] [Sensors.cc:479] Configuring Sensors system
(2023-05-19T13:17:49.298289897) (2023-05-19T13:17:49.298296257) [Dbg] [Sensors.cc:398] SensorsPrivate::Run
(2023-05-19T13:17:49.298363157) (2023-05-19T13:17:49.298369237) [Dbg] [SystemManager.cc:58] Loaded system [ignition::gazebo::systems::Sensors] for entity [1]
(2023-05-19T13:17:49.298424077) (2023-05-19T13:17:49.298445737) [Dbg] [Sensors.cc:378] SensorsPrivate::RenderThread started
(2023-05-19T13:17:49.298492327) (2023-05-19T13:17:49.298504997) [Dbg] [Sensors.cc:228] Waiting for init
(2023-05-19T13:17:49.299808709) (2023-05-19T13:17:49.299816849) [Dbg] [SystemManager.cc:58] Loaded system [ignition::gazebo::systems::AirPressure] for entity [1]
(2023-05-19T13:17:49.301249651) (2023-05-19T13:17:49.301257732) [Dbg] [SystemManager.cc:58] Loaded system [ignition::gazebo::systems::Altimeter] for entity [1]
(2023-05-19T13:17:49.302741584) (2023-05-19T13:17:49.302749814) [Dbg] [SystemManager.cc:58] Loaded system [ignition::gazebo::systems::Imu] for entity [1]
(2023-05-19T13:17:49.304231406) (2023-05-19T13:17:49.304239756) [Dbg] [SystemManager.cc:58] Loaded system [ignition::gazebo::systems::Magnetometer] for entity [1]
(2023-05-19T13:17:49.305694929) (2023-05-19T13:17:49.305702529) [Dbg] [SystemManager.cc:58] Loaded system [ignition::gazebo::systems::ForceTorque] for entity [1]
(2023-05-19T13:17:49.306743450) (2023-05-19T13:17:49.306751740) [Msg] Serving particle emitter information on [/world/simple_demo/particle_emitters]
(2023-05-19T13:17:49.306791480) (2023-05-19T13:17:49.306797110) [Dbg] [SystemManager.cc:58] Loaded system [ignition::gazebo::systems::ParticleEmitter2] for entity [1]
(2023-05-19T13:17:49.307999472) (2023-05-19T13:17:49.308017732) [Dbg] [SystemManager.cc:58] Loaded system [ignition::gazebo::systems::SceneBroadcaster] for entity [1]
(2023-05-19T13:17:49.308948354) (2023-05-19T13:17:49.308956844) [Dbg] [SystemManager.cc:58] Loaded system [ignition::gazebo::systems::Contact] for entity [1]
(2023-05-19T13:17:49.310008676) (2023-05-19T13:17:49.310016746) [Dbg] [RFComms.cc:385] Range configuration:
RF Configuration (range-based)
-- max_range: 500000
-- fading_exponent: 2.6
-- l0: 40
-- sigma: 10

(2023-05-19T13:17:49.310093096) (2023-05-19T13:17:49.310099716) [Dbg] [RFComms.cc:388] Radio configuration:
Radio Configuration
-- capacity: 1e+06
-- tx_power: 25
-- noise_floor: -90
-- modulation: QPSK

(2023-05-19T13:17:49.310316826) (2023-05-19T13:17:49.310325486) [Dbg] [Broker.cc:113] Broker services:
(2023-05-19T13:17:49.310344786) (2023-05-19T13:17:49.310351026) [Dbg] [Broker.cc:114]   Bind: [/broker/bind]
(2023-05-19T13:17:49.310376266) (2023-05-19T13:17:49.310382206) [Dbg] [Broker.cc:115]   Unbind: [/broker/unbind]
(2023-05-19T13:17:49.310404056) (2023-05-19T13:17:49.310410196) [Dbg] [Broker.cc:116] Broker topics:
(2023-05-19T13:17:49.310425926) (2023-05-19T13:17:49.310433556) [Dbg] [Broker.cc:117]   Incoming messages: [/broker/msgs]
(2023-05-19T13:17:49.310459656) (2023-05-19T13:17:49.310465066) [Dbg] [SystemManager.cc:58] Loaded system [ignition::gazebo::systems::RFComms] for entity [1]
(2023-05-19T13:17:49.312673161) (2023-05-19T13:17:49.312681851) [Dbg] [RFRange.cc:339] RFRange sensor range configuration:
RF Configuration (range-based)
-- max_range: 500000
-- fading_exponent: 2.6
-- l0: 40
-- sigma: 0.005
-- rssi_1: -15

(2023-05-19T13:17:49.312761161) (2023-05-19T13:17:49.312767531) [Dbg] [RFRange.cc:342] RFRange sensor radio configuration:
Radio Configuration
-- tx_power: 25
-- noise_floor: -90

(2023-05-19T13:17:49.312826031) (2023-05-19T13:17:49.312831991) [Dbg] [SystemManager.cc:58] Loaded system [ignition::gazebo::systems::RFRange] for entity [1]
(2023-05-19T13:17:49.316346538) (2023-05-19T13:17:49.316354698) [Msg] Recording to log file [/tmp/ign/mbzirc/playback/state.tlog]
(2023-05-19T13:17:49.316380878) (2023-05-19T13:17:49.316386658) [Dbg] [LogRecord.cc:334] Recording default topic[/playback/sdf].
(2023-05-19T13:17:49.316406068) (2023-05-19T13:17:49.316411458) [Dbg] [LogRecord.cc:335] Recording default topic[/world/simple_demo/changed_state].
(2023-05-19T13:17:49.357917797) (2023-05-19T13:17:49.357933797) [Dbg] [SystemManager.cc:58] Loaded system [ignition::gazebo::systems::LogRecord] for entity [1]
(2023-05-19T13:17:49.360274641) (2023-05-19T13:17:49.360287001) [Dbg] [SystemManager.cc:58] Loaded system [ignition::gazebo::systems::WindEffects] for entity [1]
(2023-05-19T13:17:49.364152877) (2023-05-19T13:17:49.364160327) [Msg] MBZIRC log path: /tmp/ign/mbzirc/logs
(2023-05-19T13:17:49.364203027) (2023-05-19T13:17:49.364209487) [Wrn] [Filesystem.cc:140] The path [/tmp/ign/mbzirc/logs] does not refer to a directory nor to a file
(2023-05-19T13:17:49.364402538) (2023-05-19T13:17:49.364413068) [Msg] Run duration set to 3600 seconds.
(2023-05-19T13:17:49.364489128) (2023-05-19T13:17:49.364507428) [Msg] Geofence boundary min: -70 -70 -25, max: 70 70 121.92
(2023-05-19T13:17:49.364576228) (2023-05-19T13:17:49.364582438) [Msg] Start area boundary min: -15 -15 -5, max: 15 15 5
(2023-05-19T13:17:49.364629868) (2023-05-19T13:17:49.364636758) [Msg] Setup duration set to 600 seconds.
(2023-05-19T13:17:49.364674218) (2023-05-19T13:17:49.364686388) [Msg] Target vessel: Vessel A
(2023-05-19T13:17:49.364756978) (2023-05-19T13:17:49.364767578) [Msg]   Small object: small_blue_box_a
(2023-05-19T13:17:49.364802298) (2023-05-19T13:17:49.364811698) [Msg]   Small object: small_blue_box_a_duplicate
(2023-05-19T13:17:49.364843698) (2023-05-19T13:17:49.364852418) [Msg]   Large object: large_dry_box_a
(2023-05-19T13:17:49.364882918) (2023-05-19T13:17:49.364891958) [Msg]   Large object: large_dry_box_a_duplicate
(2023-05-19T13:17:49.366161060) (2023-05-19T13:17:49.366168500) [Msg] Starting MBZIRC
(2023-05-19T13:17:49.366290721) (2023-05-19T13:17:49.366302811) [Dbg] [SystemManager.cc:58] Loaded system [mbzirc::GameLogicPlugin] for entity [1]
(2023-05-19T13:17:49.371344429) (2023-05-19T13:17:49.371352889) [Msg] Using Pierson-Moskowitz spectrum sampling wavefield model 
(2023-05-19T13:17:49.371614739) (2023-05-19T13:17:49.371621309) [Msg] Using Pierson-Moskowitz spectrum sampling wavefield model 
(2023-05-19T13:17:49.822040257) (2023-05-19T13:17:49.822064687) [Msg] Input Parameters:
(2023-05-19T13:17:49.822120757) (2023-05-19T13:17:49.822140507) [Msg] model:     PMS
(2023-05-19T13:17:49.822197877) (2023-05-19T13:17:49.822215247) [Msg] number:     3
(2023-05-19T13:17:49.822270557) (2023-05-19T13:17:49.822287407) [Msg] scale:      1.1
(2023-05-19T13:17:49.822345447) (2023-05-19T13:17:49.822363997) [Msg] angle:      0.4
(2023-05-19T13:17:49.822420897) (2023-05-19T13:17:49.822438867) [Msg] steepness:  0
(2023-05-19T13:17:49.822495237) (2023-05-19T13:17:49.822516637) [Msg] amplitude:  0
(2023-05-19T13:17:49.822557897) (2023-05-19T13:17:49.822570207) [Msg] period:     5
(2023-05-19T13:17:49.822608088) (2023-05-19T13:17:49.822620158) [Msg] direction:  1 0
(2023-05-19T13:17:49.822676778) (2023-05-19T13:17:49.822695488) [Msg] tau:  2
(2023-05-19T13:17:49.822748968) (2023-05-19T13:17:49.822764388) [Msg] gain:  0.3
(2023-05-19T13:17:49.822815048) (2023-05-19T13:17:49.822827828) [Msg] Derived Parameters:
(2023-05-19T13:17:49.822859528) (2023-05-19T13:17:49.822870958) [Msg] amplitudes:  0.0363502, 0.0392277, 0.0385703, 
(2023-05-19T13:17:49.822963258) (2023-05-19T13:17:49.822975808) [Msg] wavenumbers: 0.133171, 0.161136, 0.194975, 
(2023-05-19T13:17:49.823040928) (2023-05-19T13:17:49.823052968) [Msg] omegas:      1.1424, 1.25664, 1.3823, 
(2023-05-19T13:17:49.823117338) (2023-05-19T13:17:49.823129038) [Msg] periods:     (2023-05-19T13:17:49.823163538) (2023-05-19T13:17:49.823174968) [Msg] 5.5, (2023-05-19T13:17:49.823208239) (2023-05-19T13:17:49.823230809) [Msg] 5, (2023-05-19T13:17:49.823262619) (2023-05-19T13:17:49.823274369) [Msg] 4.54545, (2023-05-19T13:17:49.823303469) (2023-05-19T13:17:49.823315059) [Msg] 
(2023-05-19T13:17:49.823337739) (2023-05-19T13:17:49.823349249) [Msg] phases:      0, 0, 0, 
(2023-05-19T13:17:49.823407949) (2023-05-19T13:17:49.823419549) [Msg] steepnesses: 0, 0, 0, 
(2023-05-19T13:17:49.823478419) (2023-05-19T13:17:49.823489059) [Msg] directions:  (2023-05-19T13:17:49.823521279) (2023-05-19T13:17:49.823532379) [Msg] 0.921061 -0.389418; (2023-05-19T13:17:49.823577329) (2023-05-19T13:17:49.823589479) [Msg] 1 0; (2023-05-19T13:17:49.823629719) (2023-05-19T13:17:49.823640509) [Msg] 0.921061 0.389418; (2023-05-19T13:17:49.823692689) (2023-05-19T13:17:49.823706269) [Msg] 
(2023-05-19T13:17:49.824456541) (2023-05-19T13:17:49.824471551) [Dbg] [SystemManager.cc:58] Loaded system [ignition::gazebo::systems::WaveVisual] for entity [23]
(2023-05-19T13:17:49.829610829) (2023-05-19T13:17:49.829628439) [Msg] Using Pierson-Moskowitz spectrum sampling wavefield model 
(2023-05-19T13:17:49.830015880) (2023-05-19T13:17:49.830032900) [Msg] Using Pierson-Moskowitz spectrum sampling wavefield model 
(2023-05-19T13:17:49.830111810) (2023-05-19T13:17:49.830126270) [Msg] Input Parameters:
(2023-05-19T13:17:49.830162880) (2023-05-19T13:17:49.830176190) [Msg] model:     PMS
(2023-05-19T13:17:49.830218380) (2023-05-19T13:17:49.830231460) [Msg] number:     3
(2023-05-19T13:17:49.830272420) (2023-05-19T13:17:49.830285950) [Msg] scale:      1.1
(2023-05-19T13:17:49.830328030) (2023-05-19T13:17:49.830341720) [Msg] angle:      0.4
(2023-05-19T13:17:49.830382830) (2023-05-19T13:17:49.830396270) [Msg] steepness:  0
(2023-05-19T13:17:49.830437460) (2023-05-19T13:17:49.830452030) [Msg] amplitude:  0
(2023-05-19T13:17:49.830494830) (2023-05-19T13:17:49.830509520) [Msg] period:     5
(2023-05-19T13:17:49.830552040) (2023-05-19T13:17:49.830566550) [Msg] direction:  1 0
(2023-05-19T13:17:49.830623941) (2023-05-19T13:17:49.830639071) [Msg] tau:  2
(2023-05-19T13:17:49.830678931) (2023-05-19T13:17:49.830692161) [Msg] gain:  0.3
(2023-05-19T13:17:49.830733311) (2023-05-19T13:17:49.830746651) [Msg] Derived Parameters:
(2023-05-19T13:17:49.830794511) (2023-05-19T13:17:49.830807121) [Msg] amplitudes:  0.0363502, 0.0392277, 0.0385703, 
(2023-05-19T13:17:49.830890131) (2023-05-19T13:17:49.830904771) [Msg] wavenumbers: 0.133171, 0.161136, 0.194975, 
(2023-05-19T13:17:49.830982431) (2023-05-19T13:17:49.830996981) [Msg] omegas:      1.1424, 1.25664, 1.3823, 
(2023-05-19T13:17:49.831074681) (2023-05-19T13:17:49.831089251) [Msg] periods:     (2023-05-19T13:17:49.831117961) (2023-05-19T13:17:49.831132511) [Msg] 5.5, (2023-05-19T13:17:49.831168331) (2023-05-19T13:17:49.831187251) [Msg] 5, (2023-05-19T13:17:49.831250642) (2023-05-19T13:17:49.831273562) [Msg] 4.54545, (2023-05-19T13:17:49.831324752) (2023-05-19T13:17:49.831338602) [Msg] 
(2023-05-19T13:17:49.831370952) (2023-05-19T13:17:49.831388592) [Msg] phases:      0, 0, 0, 
(2023-05-19T13:17:49.831476052) (2023-05-19T13:17:49.831490062) [Msg] steepnesses: 0, 0, 0, 
(2023-05-19T13:17:49.831575982) (2023-05-19T13:17:49.831594122) [Msg] directions:  (2023-05-19T13:17:49.831626472) (2023-05-19T13:17:49.831643782) [Msg] 0.921061 -0.389418; (2023-05-19T13:17:49.831683152) (2023-05-19T13:17:49.831688702) [Msg] 1 0; (2023-05-19T13:17:49.831712502) (2023-05-19T13:17:49.831717972) [Msg] 0.921061 0.389418; (2023-05-19T13:17:49.831740312) (2023-05-19T13:17:49.831746252) [Msg] 
(2023-05-19T13:17:49.831782562) (2023-05-19T13:17:49.831790532) [Dbg] [Surface.cc:161] Surface plugin successfully configured with the following parameters:
(2023-05-19T13:17:49.831813132) (2023-05-19T13:17:49.831821462) [Dbg] [Surface.cc:163]   <link_name>: link
(2023-05-19T13:17:49.831841743) (2023-05-19T13:17:49.831850043) [Dbg] [Surface.cc:164]   <vehicle_length>: 6
(2023-05-19T13:17:49.831871013) (2023-05-19T13:17:49.831877483) [Dbg] [Surface.cc:165]   <vehicle_width>: 3.3
(2023-05-19T13:17:49.831897153) (2023-05-19T13:17:49.831902883) [Dbg] [Surface.cc:166]   <hull_radius>: 1.9
(2023-05-19T13:17:49.831924853) (2023-05-19T13:17:49.831930933) [Dbg] [Surface.cc:167]   <num_samples>: 2
(2023-05-19T13:17:49.831953023) (2023-05-19T13:17:49.831958953) [Dbg] [Surface.cc:168]   <fluid_level>: 0.45
(2023-05-19T13:17:49.831981773) (2023-05-19T13:17:49.831988583) [Dbg] [Surface.cc:169]   <fluid_density>: 997.774
(2023-05-19T13:17:49.832026043) (2023-05-19T13:17:49.832033533) [Dbg] [SystemManager.cc:58] Loaded system [ignition::gazebo::systems::Surface] for entity [24]
(2023-05-19T13:17:49.833884926) (2023-05-19T13:17:49.833893486) [Dbg] [SimpleHydrodynamics.cc:167] SimpleHydrodynamics plugin successfully configured with the following parameters:
(2023-05-19T13:17:49.833916876) (2023-05-19T13:17:49.833923086) [Dbg] [SimpleHydrodynamics.cc:169]   <link_name>: link
(2023-05-19T13:17:49.833944386) (2023-05-19T13:17:49.833950496) [Dbg] [SimpleHydrodynamics.cc:170]   <xDotU>: 0
(2023-05-19T13:17:49.833970966) (2023-05-19T13:17:49.833977076) [Dbg] [SimpleHydrodynamics.cc:171]   <yDotV>: 0
(2023-05-19T13:17:49.833996086) (2023-05-19T13:17:49.834002576) [Dbg] [SimpleHydrodynamics.cc:172]   <zDotW>: 0.1
(2023-05-19T13:17:49.834022146) (2023-05-19T13:17:49.834027856) [Dbg] [SimpleHydrodynamics.cc:173]   <kDotP>: 0.1
(2023-05-19T13:17:49.834046816) (2023-05-19T13:17:49.834053226) [Dbg] [SimpleHydrodynamics.cc:174]   <mDotQ>: 0.1
(2023-05-19T13:17:49.834072896) (2023-05-19T13:17:49.834078896) [Dbg] [SimpleHydrodynamics.cc:175]   <nDotR>: 0
(2023-05-19T13:17:49.834099366) (2023-05-19T13:17:49.834106196) [Dbg] [SimpleHydrodynamics.cc:176]   <xU>: 510.3
(2023-05-19T13:17:49.834127206) (2023-05-19T13:17:49.834133606) [Dbg] [SimpleHydrodynamics.cc:177]   <xUU>: 720.4
(2023-05-19T13:17:49.834154906) (2023-05-19T13:17:49.834161246) [Dbg] [SimpleHydrodynamics.cc:178]   <yV>: 400
(2023-05-19T13:17:49.834181016) (2023-05-19T13:17:49.834187606) [Dbg] [SimpleHydrodynamics.cc:179]   <yVV>: 0
(2023-05-19T13:17:49.834206576) (2023-05-19T13:17:49.834212796) [Dbg] [SimpleHydrodynamics.cc:180]   <zW>: 5000
(2023-05-19T13:17:49.834231846) (2023-05-19T13:17:49.834237446) [Dbg] [SimpleHydrodynamics.cc:181]   <zWW>: 0
(2023-05-19T13:17:49.834256276) (2023-05-19T13:17:49.834267746) [Dbg] [SimpleHydrodynamics.cc:182]   <kP>: 500
(2023-05-19T13:17:49.834286966) (2023-05-19T13:17:49.834292326) [Dbg] [SimpleHydrodynamics.cc:183]   <kPP>: 0
(2023-05-19T13:17:49.834310387) (2023-05-19T13:17:49.834316127) [Dbg] [SimpleHydrodynamics.cc:184]   <mQ>: 500
(2023-05-19T13:17:49.834333457) (2023-05-19T13:17:49.834338817) [Dbg] [SimpleHydrodynamics.cc:185]   <mQQ>: 0
(2023-05-19T13:17:49.834356267) (2023-05-19T13:17:49.834362767) [Dbg] [SimpleHydrodynamics.cc:186]   <nR>: 15000
(2023-05-19T13:17:49.834384777) (2023-05-19T13:17:49.834390447) [Dbg] [SimpleHydrodynamics.cc:187]   <nRR>: 0
(2023-05-19T13:17:49.834410477) (2023-05-19T13:17:49.834415857) [Dbg] [SystemManager.cc:58] Loaded system [ignition::gazebo::systems::SimpleHydrodynamics] for entity [24]
(2023-05-19T13:17:49.835843859) (2023-05-19T13:17:49.835850879) [Dbg] [SystemManager.cc:58] Loaded system [ignition::gazebo::systems::DetachableJoint] for entity [28]
(2023-05-19T13:17:49.836326650) (2023-05-19T13:17:49.836334100) [Dbg] [SystemManager.cc:58] Loaded system [ignition::gazebo::systems::DetachableJoint] for entity [44]
(2023-05-19T13:17:49.837115762) (2023-05-19T13:17:49.837123262) [Dbg] [SystemManager.cc:58] Loaded system [ignition::gazebo::systems::DetachableJoint] for entity [60]
(2023-05-19T13:17:49.837878194) (2023-05-19T13:17:49.837885604) [Dbg] [SystemManager.cc:58] Loaded system [ignition::gazebo::systems::DetachableJoint] for entity [112]
(2023-05-19T13:17:49.839027856) (2023-05-19T13:17:49.839035986) [Dbg] [SystemManager.cc:58] Loaded system [ignition::gazebo::systems::CommsEndpoint] for entity [164]
(2023-05-19T13:17:49.839201856) (2023-05-19T13:17:49.839208996) [Dbg] [SystemManager.cc:58] Loaded system [ignition::gazebo::systems::CommsEndpoint] for entity [164]
(2023-05-19T13:17:49.840691769) (2023-05-19T13:17:49.840699019) [Dbg] [SystemManager.cc:58] Loaded system [mbzirc::BaseStation] for entity [164]
(2023-05-19T13:17:49.842443252) (2023-05-19T13:17:49.842450372) [Msg] EntityDetector publishing messages on [/mbzirc/target_object_detector/dropped]
(2023-05-19T13:17:49.842598032) (2023-05-19T13:17:49.842605742) [Dbg] [SystemManager.cc:58] Loaded system [mbzirc::EntityDetector] for entity [168]
(2023-05-19T13:17:49.842680442) (2023-05-19T13:17:49.842686212) [Msg] Loaded level [3]
(2023-05-19T13:17:49.842964852) (2023-05-19T13:17:49.842972532) [Msg] Serving world controls on [/world/simple_demo/control], [/world/simple_demo/control/state] and [/world/simple_demo/playback/control]
(2023-05-19T13:17:49.843078433) (2023-05-19T13:17:49.843085753) [Msg] Serving GUI information on [/world/simple_demo/gui/info]
(2023-05-19T13:17:49.843112873) (2023-05-19T13:17:49.843118513) [Msg] World [simple_demo] initialized with [4ms] physics profile.
(2023-05-19T13:17:49.843256603) (2023-05-19T13:17:49.843264303) [Msg] Serving world SDF generation service on [/world/simple_demo/generate_world_sdf]
(2023-05-19T13:17:49.843342873) (2023-05-19T13:17:49.843349323) [Msg] Serving world names on [/gazebo/worlds]
(2023-05-19T13:17:49.843412793) (2023-05-19T13:17:49.843422933) [Msg] Resource path add service on [/gazebo/resource_paths/add].
(2023-05-19T13:17:49.843489443) (2023-05-19T13:17:49.843497573) [Msg] Resource path get service on [/gazebo/resource_paths/get].
(2023-05-19T13:17:49.943839821) (2023-05-19T13:17:49.943857661) [Msg] Resource path resolve service on [/gazebo/resource_paths/resolve].
(2023-05-19T13:17:49.944042422) (2023-05-19T13:17:49.944058462) [Msg] Resource paths published on [/gazebo/resource_paths].
(2023-05-19T13:17:49.944284522) (2023-05-19T13:17:49.944303482) [Msg] Server control service on [/server_control].
(2023-05-19T13:17:49.944557543) (2023-05-19T13:17:49.944573413) [Msg] Found no publishers on /stats, adding root stats topic
(2023-05-19T13:17:49.944762603) (2023-05-19T13:17:49.944776163) [Msg] Found no publishers on /clock, adding root clock topic
(2023-05-19T13:17:49.945113493) (2023-05-19T13:17:49.945129073) [Dbg] [SimulationRunner.cc:491] Creating PostUpdate worker threads: 13
(2023-05-19T13:17:49.945186314) (2023-05-19T13:17:49.945197904) [Dbg] [SimulationRunner.cc:502] Creating postupdate worker thread (0)
(2023-05-19T13:17:49.945310164) (2023-05-19T13:17:49.945322124) [Dbg] [SimulationRunner.cc:502] Creating postupdate worker thread (1)
(2023-05-19T13:17:49.945408984) (2023-05-19T13:17:49.945421624) [Dbg] [SimulationRunner.cc:502] Creating postupdate worker thread (2)
(2023-05-19T13:17:49.945499464) (2023-05-19T13:17:49.945510514) [Dbg] [SimulationRunner.cc:502] Creating postupdate worker thread (3)
(2023-05-19T13:17:49.945579774) (2023-05-19T13:17:49.945590864) [Dbg] [SimulationRunner.cc:502] Creating postupdate worker thread (4)
(2023-05-19T13:17:49.945663554) (2023-05-19T13:17:49.945675334) [Dbg] [SimulationRunner.cc:502] Creating postupdate worker thread (5)
(2023-05-19T13:17:49.945753714) (2023-05-19T13:17:49.945765054) [Dbg] [SimulationRunner.cc:502] Creating postupdate worker thread (6)
(2023-05-19T13:17:49.945841255) (2023-05-19T13:17:49.945853995) [Dbg] [SimulationRunner.cc:502] Creating postupdate worker thread (7)
(2023-05-19T13:17:49.945926355) (2023-05-19T13:17:49.945939595) [Dbg] [SimulationRunner.cc:502] Creating postupdate worker thread (8)
(2023-05-19T13:17:49.946009745) (2023-05-19T13:17:49.946023245) [Dbg] [SimulationRunner.cc:502] Creating postupdate worker thread (9)
(2023-05-19T13:17:49.946091765) (2023-05-19T13:17:49.946104835) [Dbg] [SimulationRunner.cc:502] Creating postupdate worker thread (10)
(2023-05-19T13:17:49.946177115) (2023-05-19T13:17:49.946188675) [Dbg] [SimulationRunner.cc:502] Creating postupdate worker thread (11)
(2023-05-19T13:17:50.45290711) (2023-05-19T13:17:50.45310121) [Msg] Particle emitter[simple_demo::dust_storm::link::dust_storm] subscribed to command messages on topic[/model/dust_storm/link/link/particle_emitter/dust_storm/cmd]
(2023-05-19T13:17:50.45578372) (2023-05-19T13:17:50.45597362) [Msg] Particle emitter[simple_demo::fog::link::fog] subscribed to command messages on topic[/model/fog/link/link/particle_emitter/fog/cmd]
(2023-05-19T13:17:50.48180666) (2023-05-19T13:17:50.48206556) [Msg] DetachableJoint subscribing to messages on [/Vessel_A/detach]
(2023-05-19T13:17:50.48421217) (2023-05-19T13:17:50.48442067) [Msg] DetachableJoint subscribing to messages on [/Vessel_A/detach]
(2023-05-19T13:17:50.48677467) (2023-05-19T13:17:50.48699837) [Msg] DetachableJoint subscribing to messages on [/Vessel_A/detach]
(2023-05-19T13:17:50.48938188) (2023-05-19T13:17:50.48959088) [Msg] DetachableJoint subscribing to messages on [/Vessel_A/detach]
(2023-05-19T13:17:50.49231579) (2023-05-19T13:17:50.49248769) [Msg] Address [base_station/target] bound to model [base_station] on topic [base_station/target]
(2023-05-19T13:17:50.49337309) (2023-05-19T13:17:50.49358669) [Dbg] [CommsEndpoint.cc:89] Succesfuly bound to [base_station/target] on topic [base_station/target]
(2023-05-19T13:17:50.49542929) (2023-05-19T13:17:50.49567629) [Msg] Address [base_station/video] bound to model [base_station] on topic [base_station/video]
(2023-05-19T13:17:50.49652639) (2023-05-19T13:17:50.49667039) [Dbg] [CommsEndpoint.cc:89] Succesfuly bound to [base_station/video] on topic [base_station/video]
(2023-05-19T13:17:50.123617444) (2023-05-19T13:17:50.123628834) [Dbg] [Physics.cc:1593] Creating detachable joint [170]
(2023-05-19T13:17:50.123769804) (2023-05-19T13:17:50.123776684) [Dbg] [Physics.cc:1593] Creating detachable joint [171]
(2023-05-19T13:17:50.123880804) (2023-05-19T13:17:50.123887334) [Dbg] [Physics.cc:1593] Creating detachable joint [172]
(2023-05-19T13:17:50.124153275) (2023-05-19T13:17:50.124162855) [Dbg] [Physics.cc:1593] Creating detachable joint [173]
(2023-05-19T13:17:50.125330376) (2023-05-19T13:17:50.125337586) [Dbg] [SimulationFeatures.cc:63] Simulation timestep set to: 0.004
(2023-05-19T13:17:50.141770914) (2023-05-19T13:17:50.141791234) [Msg] Serving scene information on [/world/simple_demo/scene/info]
(2023-05-19T13:17:50.141946295) (2023-05-19T13:17:50.141962115) [Msg] Serving graph information on [/world/simple_demo/scene/graph]
(2023-05-19T13:17:50.142105335) (2023-05-19T13:17:50.142133025) [Msg] Serving full state on [/world/simple_demo/state]
(2023-05-19T13:17:50.142273095) (2023-05-19T13:17:50.142286885) [Msg] Serving full state (async) on [/world/simple_demo/state_async]
(2023-05-19T13:17:50.142446966) (2023-05-19T13:17:50.142463446) [Msg] Publishing scene information on [/world/simple_demo/scene/info]
(2023-05-19T13:17:50.142623356) (2023-05-19T13:17:50.142637816) [Msg] Publishing entity deletions on [/world/simple_demo/scene/deletion]
(2023-05-19T13:17:50.142751356) (2023-05-19T13:17:50.142767036) [Msg] Publishing state changes on [/world/simple_demo/state]
(2023-05-19T13:17:50.142917237) ((2023-05-19T13:17:50.142931677(2023-05-19T13:17:50.142931677) [Msg] 2023-05-19T13:17:50.142954707) (2023-05-19T13:17:50.142986797) Publishing pose messages on [/world/simple_demo/pose/info][Wrn] [Model.hh:69] ][Wrn] [Model.hh:69] 
Skipping serialization / deserialization for models with //pose/@relative_to attribute.
(2023-05-19T13:17:50.143124887) (2023-05-19T13:17:50.143139617) [Msg] Publishing dynamic pose messages on [/world/simple_demo/dynamic_pose/info]
(2023-05-19T13:17:50.143640158) (2023-05-19T13:17:50.143660558) [Dbg] [EntityComponentManager.cc:1587] Updated state thread iterators: 24 threads processing around 8 entities each.
(2023-05-19T13:17:50.144227969) (2023-05-19T13:17:50.144240699) [Wrn] [Component.hh:144] Trying to serialize component with data type [N3sdf3v125WorldE], which doesn't have `operator<<`. Component will not be serialized.
(2023-05-19T13:17:50.265184961) (2023-05-19T13:17:50.265201911) [Dbg] [EntityComponentManager.cc:1587] Updated state thread iterators: 24 threads processing around 8 entities each.
(2023-05-19T13:17:59.503666566) (2023-05-19T13:17:59.503687706) [Msg] Linear velocity initialized to [0 0 0]
(2023-05-19T13:17:59.503798997) (2023-05-19T13:17:59.503812797) [Msg] Angular velocity initialized to [0 0 0]
(2023-05-19T13:17:59.504034547) (2023-05-19T13:17:59.504042477) [Msg] VelocityControl subscribing to twist messages on [/model/usv/cmd_vel]
(2023-05-19T13:17:59.504074137) (2023-05-19T13:17:59.504080967) [Dbg] [SystemManager.cc:58] Loaded system [ignition::gazebo::systems::VelocityControl] for entity [174]
(2023-05-19T13:17:59.505345029) (2023-05-19T13:17:59.505353499) [Msg] Thruster listening to commands in [/model/usv/joint/left_engine_propeller_joint/cmd_thrust]
(2023-05-19T13:17:59.505416399) (2023-05-19T13:17:59.505423069) [Dbg] [Thruster.cc:288] Using velocity control for propeller joint.
(2023-05-19T13:17:59.505443929) (2023-05-19T13:17:59.505450699) [Dbg] [SystemManager.cc:58] Loaded system [ignition::gazebo::systems::Thruster] for entity [174]
(2023-05-19T13:17:59.506500191) (2023-05-19T13:17:59.506507991) [Dbg] [JointPositionController.cc:205] [JointPositionController] system parameters:
(2023-05-19T13:17:59.506531661) (2023-05-19T13:17:59.506538611) [Dbg] [JointPositionController.cc:206] p_gain: [1]
(2023-05-19T13:17:59.506561831) (2023-05-19T13:17:59.506568291) [Dbg] [JointPositionController.cc:207] i_gain: [0.1]
(2023-05-19T13:17:59.506589361) (2023-05-19T13:17:59.506595421) [Dbg] [JointPositionController.cc:208] d_gain: [0.01]
(2023-05-19T13:17:59.506616631) (2023-05-19T13:17:59.506622261) [Dbg] [JointPositionController.cc:209] i_max: [1]
(2023-05-19T13:17:59.506644791) (2023-05-19T13:17:59.506650421) [Dbg] [JointPositionController.cc:210] i_min: [-1]
(2023-05-19T13:17:59.506672351) (2023-05-19T13:17:59.506678611) [Dbg] [JointPositionController.cc:211] cmd_max: [1000]
(2023-05-19T13:17:59.506700131) (2023-05-19T13:17:59.506705631) [Dbg] [JointPositionController.cc:212] cmd_min: [-1000]
(2023-05-19T13:17:59.506727151) (2023-05-19T13:17:59.506732341) [Dbg] [JointPositionController.cc:213] cmd_offset: [0]
(2023-05-19T13:17:59.506754721) (2023-05-19T13:17:59.506760731) [Dbg] [JointPositionController.cc:214] Topic: [usv/left/thruster/joint/cmd_pos]
(2023-05-19T13:17:59.506783511) (2023-05-19T13:17:59.506790981) [Dbg] [JointPositionController.cc:215] initial_position: [0]
(2023-05-19T13:17:59.506816771) (2023-05-19T13:17:59.506822411) [Dbg] [SystemManager.cc:58] Loaded system [ignition::gazebo::systems::JointPositionController] for entity [174]
(2023-05-19T13:17:59.507184462) (2023-05-19T13:17:59.507192062) [Msg] Thruster listening to commands in [/model/usv/joint/right_engine_propeller_joint/cmd_thrust]
(2023-05-19T13:17:59.507256872) (2023-05-19T13:17:59.507266462) [Dbg] [Thruster.cc:288] Using velocity control for propeller joint.
(2023-05-19T13:17:59.507295082) (2023-05-19T13:17:59.507302652) [Dbg] [SystemManager.cc:58] Loaded system [ignition::gazebo::systems::Thruster] for entity [174]
(2023-05-19T13:17:59.507578773) (2023-05-19T13:17:59.507586113) [Dbg] [JointPositionController.cc:205] [JointPositionController] system parameters:
(2023-05-19T13:17:59.507605323) (2023-05-19T13:17:59.507611943) [Dbg] [JointPositionController.cc:206] p_gain: [1]
(2023-05-19T13:17:59.507636023) (2023-05-19T13:17:59.507642293) [Dbg] [JointPositionController.cc:207] i_gain: [0.1]
(2023-05-19T13:17:59.507662693) (2023-05-19T13:17:59.507669883) [Dbg] [JointPositionController.cc:208] d_gain: [0.01]
(2023-05-19T13:17:59.507692033) (2023-05-19T13:17:59.507699533) [Dbg] [JointPositionController.cc:209] i_max: [1]
(2023-05-19T13:17:59.507725123) (2023-05-19T13:17:59.507734143) [Dbg] [JointPositionController.cc:210] i_min: [-1]
(2023-05-19T13:17:59.507757573) (2023-05-19T13:17:59.507765033) [Dbg] [JointPositionController.cc:211] cmd_max: [1000]
(2023-05-19T13:17:59.507787573) (2023-05-19T13:17:59.507794143) [Dbg] [JointPositionController.cc:212] cmd_min: [-1000]
(2023-05-19T13:17:59.507815143) (2023-05-19T13:17:59.507821303) [Dbg] [JointPositionController.cc:213] cmd_offset: [0]
(2023-05-19T13:17:59.507842563) (2023-05-19T13:17:59.507848093) [Dbg] [JointPositionController.cc:214] Topic: [usv/right/thruster/joint/cmd_pos]
(2023-05-19T13:17:59.507869783) (2023-05-19T13:17:59.507876513) [Dbg] [JointPositionController.cc:215] initial_position: [0]
(2023-05-19T13:17:59.507901393) (2023-05-19T13:17:59.507908433) [Dbg] [SystemManager.cc:58] Loaded system [ignition::gazebo::systems::JointPositionController] for entity [174]
(2023-05-19T13:17:59.508115954) (2023-05-19T13:17:59.508122714) [Msg] Using Pierson-Moskowitz spectrum sampling wavefield model 
(2023-05-19T13:17:59.508239734) (2023-05-19T13:17:59.508246534) [Msg] Using Pierson-Moskowitz spectrum sampling wavefield model 
(2023-05-19T13:17:59.508303904) (2023-05-19T13:17:59.508309614) [Msg] Input Parameters:
(2023-05-19T13:17:59.508325054) (2023-05-19T13:17:59.508330244) [Msg] model:     PMS
(2023-05-19T13:17:59.508347654) (2023-05-19T13:17:59.508353694) [Msg] number:     3
(2023-05-19T13:17:59.508371344) (2023-05-19T13:17:59.508377434) [Msg] scale:      1.1
(2023-05-19T13:17:59.508395734) (2023-05-19T13:17:59.508401494) [Msg] angle:      0.4
(2023-05-19T13:17:59.508419594) (2023-05-19T13:17:59.508425124) [Msg] steepness:  0
(2023-05-19T13:17:59.508443784) (2023-05-19T13:17:59.508449354) [Msg] amplitude:  0
(2023-05-19T13:17:59.508468054) (2023-05-19T13:17:59.508473704) [Msg] period:     5
(2023-05-19T13:17:59.508491954) (2023-05-19T13:17:59.508497884) [Msg] direction:  1 0
(2023-05-19T13:17:59.508521154) (2023-05-19T13:17:59.508526414) [Msg] tau:  2
(2023-05-19T13:17:59.508544364) (2023-05-19T13:17:59.508549864) [Msg] gain:  0.3
(2023-05-19T13:17:59.508571374) (2023-05-19T13:17:59.508577034) [Msg] Derived Parameters:
(2023-05-19T13:17:59.508592574) (2023-05-19T13:17:59.508598984) [Msg] amplitudes:  0.0363502, 0.0392277, 0.0385703, 
(2023-05-19T13:17:59.508633334) (2023-05-19T13:17:59.508639224) [Msg] wavenumbers: 0.133171, 0.161136, 0.194975, 
(2023-05-19T13:17:59.508675084) (2023-05-19T13:17:59.508681734) [Msg] omegas:      1.1424, 1.25664, 1.3823, 
(2023-05-19T13:17:59.508716765) (2023-05-19T13:17:59.508725245) [Msg] periods:     (2023-05-19T13:17:59.508744305) (2023-05-19T13:17:59.508753005) [Msg] 5.5, (2023-05-19T13:17:59.508768445) (2023-05-19T13:17:59.508777355) [Msg] 5, (2023-05-19T13:17:59.508796585) (2023-05-19T13:17:59.508804065) [Msg] 4.54545, (2023-05-19T13:17:59.508819685) (2023-05-19T13:17:59.508825985) [Msg] 
(2023-05-19T13:17:59.508844035) (2023-05-19T13:17:59.508850215) [Msg] phases:      0, 0, 0, 
(2023-05-19T13:17:59.508892995) (2023-05-19T13:17:59.508899265) [Msg] steepnesses: 0, 0, 0, 
(2023-05-19T13:17:59.508933685) (2023-05-19T13:17:59.508940845) [Msg] directions:  (2023-05-19T13:17:59.508954315) (2023-05-19T13:17:59.508960675) [Msg] 0.921061 -0.389418; (2023-05-19T13:17:59.508985305) (2023-05-19T13:17:59.508993135) [Msg] 1 0; (2023-05-19T13:17:59.509013955) (2023-05-19T13:17:59.509019565) [Msg] 0.921061 0.389418; (2023-05-19T13:17:59.509044665) (2023-05-19T13:17:59.509051245) [Msg] 
(2023-05-19T13:17:59.509078345) (2023-05-19T13:17:59.509084605) [Dbg] [Surface.cc:161] Surface plugin successfully configured with the following parameters:
(2023-05-19T13:17:59.509102745) (2023-05-19T13:17:59.509108035) [Dbg] [Surface.cc:163]   <link_name>: base_link
(2023-05-19T13:17:59.509129465) (2023-05-19T13:17:59.509136665) [Dbg] [Surface.cc:164]   <vehicle_length>: 6
(2023-05-19T13:17:59.509159645) (2023-05-19T13:17:59.509167485) [Dbg] [Surface.cc:165]   <vehicle_width>: 3.3
(2023-05-19T13:17:59.509190045) (2023-05-19T13:17:59.509196975) [Dbg] [Surface.cc:166]   <hull_radius>: 0.27
(2023-05-19T13:17:59.509216505) (2023-05-19T13:17:59.509222775) [Dbg] [Surface.cc:167]   <num_samples>: 2
(2023-05-19T13:17:59.509247655) (2023-05-19T13:17:59.509254215) [Dbg] [Surface.cc:168]   <fluid_level>: 0.45
(2023-05-19T13:17:59.509275765) (2023-05-19T13:17:59.509284005) [Dbg] [Surface.cc:169]   <fluid_density>: 997.774
(2023-05-19T13:17:59.509308555) (2023-05-19T13:17:59.509317216) [Dbg] [SystemManager.cc:58] Loaded system [ignition::gazebo::systems::Surface] for entity [174]
(2023-05-19T13:17:59.509619596) (2023-05-19T13:17:59.509628666) [Dbg] [SimpleHydrodynamics.cc:167] SimpleHydrodynamics plugin successfully configured with the following parameters:
(2023-05-19T13:17:59.509650006) (2023-05-19T13:17:59.509657166) [Dbg] [SimpleHydrodynamics.cc:169]   <link_name>: base_link
(2023-05-19T13:17:59.509676776) (2023-05-19T13:17:59.509682096) [Dbg] [SimpleHydrodynamics.cc:170]   <xDotU>: 0
(2023-05-19T13:17:59.509703596) (2023-05-19T13:17:59.509709596) [Dbg] [SimpleHydrodynamics.cc:171]   <yDotV>: 0
(2023-05-19T13:17:59.509729886) (2023-05-19T13:17:59.509735736) [Dbg] [SimpleHydrodynamics.cc:172]   <zDotW>: 0.1
(2023-05-19T13:17:59.509754126) (2023-05-19T13:17:59.509762036) [Dbg] [SimpleHydrodynamics.cc:173]   <kDotP>: 0.1
(2023-05-19T13:17:59.509780576) (2023-05-19T13:17:59.509786746) [Dbg] [SimpleHydrodynamics.cc:174]   <mDotQ>: 0.1
(2023-05-19T13:17:59.509807446) (2023-05-19T13:17:59.509813026) [Dbg] [SimpleHydrodynamics.cc:175]   <nDotR>: 0
(2023-05-19T13:17:59.509835206) (2023-05-19T13:17:59.509842036) [Dbg] [SimpleHydrodynamics.cc:176]   <xU>: 51.3
(2023-05-19T13:17:59.509866966) (2023-05-19T13:17:59.509873856) [Dbg] [SimpleHydrodynamics.cc:177]   <xUU>: 72.4
(2023-05-19T13:17:59.509894296) (2023-05-19T13:17:59.509900026) [Dbg] [SimpleHydrodynamics.cc:178]   <yV>: 40
(2023-05-19T13:17:59.509920066) (2023-05-19T13:17:59.509926516) [Dbg] [SimpleHydrodynamics.cc:179]   <yVV>: 0
(2023-05-19T13:17:59.509947017) (2023-05-19T13:17:59.509953517) [Dbg] [SimpleHydrodynamics.cc:180]   <zW>: 500
(2023-05-19T13:17:59.509971747) (2023-05-19T13:17:59.509977617) [Dbg] [SimpleHydrodynamics.cc:181]   <zWW>: 0
(2023-05-19T13:17:59.509996927) (2023-05-19T13:17:59.510002077) [Dbg] [SimpleHydrodynamics.cc:182]   <kP>: 100
(2023-05-19T13:17:59.510021667) (2023-05-19T13:17:59.510027797) [Dbg] [SimpleHydrodynamics.cc:183]   <kPP>: 0
(2023-05-19T13:17:59.510046477) (2023-05-19T13:17:59.510052527) [Dbg] [SimpleHydrodynamics.cc:184]   <mQ>: 100
(2023-05-19T13:17:59.510071947) (2023-05-19T13:17:59.510078187) [Dbg] [SimpleHydrodynamics.cc:185]   <mQQ>: 0
(2023-05-19T13:17:59.510097477) (2023-05-19T13:17:59.510103017) [Dbg] [SimpleHydrodynamics.cc:186]   <nR>: 400
(2023-05-19T13:17:59.510122377) (2023-05-19T13:17:59.510128207) [Dbg] [SimpleHydrodynamics.cc:187]   <nRR>: 0
(2023-05-19T13:17:59.510152177) (2023-05-19T13:17:59.510158277) [Dbg] [SystemManager.cc:58] Loaded system [ignition::gazebo::systems::SimpleHydrodynamics] for entity [174]
(2023-05-19T13:17:59.511462469) (2023-05-19T13:17:59.511470589) [Dbg] [SystemManager.cc:58] Loaded system [ignition::gazebo::systems::PosePublisher] for entity [174]
(2023-05-19T13:17:59.511704519) (2023-05-19T13:17:59.511712609) [Msg] EntityDetector publishing messages on [/mbzirc/target_object_detector/placed]
(2023-05-19T13:17:59.511838750) (2023-05-19T13:17:59.511846320) [Dbg] [SystemManager.cc:58] Loaded system [mbzirc::EntityDetector] for entity [174]
(2023-05-19T13:17:59.512043100) (2023-05-19T13:17:59.512050010) [Msg] EntityDetector publishing messages on [/mbzirc/target_object_detector/placed]
(2023-05-19T13:17:59.512171770) (2023-05-19T13:17:59.512179440) [Dbg] [SystemManager.cc:58] Loaded system [mbzirc::EntityDetector] for entity [174]
(2023-05-19T13:17:59.512375850) (2023-05-19T13:17:59.512383080) [Msg] EntityDetector publishing messages on [/mbzirc/target_object_detector/placed]
(2023-05-19T13:17:59.512503361) (2023-05-19T13:17:59.512510581) [Dbg] [SystemManager.cc:58] Loaded system [mbzirc::EntityDetector] for entity [174]
(2023-05-19T13:17:59.512709481) (2023-05-19T13:17:59.512716781) [Msg] EntityDetector publishing messages on [/mbzirc/target_object_detector/placed]
(2023-05-19T13:17:59.512836081) (2023-05-19T13:17:59.512843381) [Dbg] [SystemManager.cc:58] Loaded system [mbzirc::EntityDetector] for entity [174]
(2023-05-19T13:17:59.513025972) (2023-05-19T13:17:59.513032922) [Dbg] [SystemManager.cc:58] Loaded system [ignition::gazebo::systems::CommsEndpoint] for entity [174]
(2023-05-19T13:17:59.513414342) (2023-05-19T13:17:59.513421392) [Dbg] [UserCommands.cc:1303] Created entity [174] named [usv]
(2023-05-19T13:17:59.522253326) (2023-05-19T13:17:59.522276317) [Dbg] [Sensors.cc:584] Initialization needed
(2023-05-19T13:17:59.522351737) (2023-05-19T13:17:59.522367327) [Dbg] [Sensors.cc:240] Initializing render context
(2023-05-19T13:17:59.522489427) (2023-05-19T13:17:59.522500807) [Msg] Loading plugin [ignition-rendering-ogre2]
(2023-05-19T13:17:59.522908718) (2023-05-19T13:17:59.522935168) 2023-05-19T13:17:59.522907578[Dbg] [GameLogicPlugin.cc:1991] New Competitor Platform: usv with 0sensors
) (2023-05-19T13:17:59.523000518) [Dbg] [ImuSensor.cc:148] IMU data for [usv::base_link::imu_sensor] advertised on [world/simple_demo/model/usv/link/base_link/sensor/imu_sensor/imu]
((2023-05-19T13:17:59.525010272) (2023-05-19T13:17:59.525027082) ((2023-05-19T13:17:59.525056502() ((2023-05-19T13:17:59.525100342) ) (([Dbg] [SimulationRunner.cc:518] ) 2023-05-19T13:17:59.525134012) (2023-05-19T13:17:59.525166032) 2023-05-19T13:17:59.525104142) (2023-05-19T13:17:59.525203002) 2023-05-19T13:17:59.525138982) (2023-05-19T13:17:59.525241402) 2023-05-19T13:17:59.525181622) (2023-05-19T13:17:59.525297112) 2023-05-19T13:17:59.525320312) (2023-05-19T13:17:59.525339482) 2023-05-19T13:17:59.525357172Exiting postupdate worker thread ([Dbg] [SimulationRunner.cc:518] [Dbg] [SimulationRunner.cc:518] 2023-05-19T13:17:59.525357172Exiting postupdate worker thread ([Dbg] [SimulationRunner.cc:518] [Dbg] [SimulationRunner.cc:518] 2023-05-19T13:17:59.525357172Exiting postupdate worker thread ([Dbg] [SimulationRunner.cc:518] [Dbg] [SimulationRunner.cc:518] ) (((2023-05-19T13:17:59.525395013) () (2023-05-19T13:17:59.525429013) ) (2023-05-19T13:17:59.525464733) ) 8) 8) 2023-05-19T13:17:59.525499033) (2023-05-19T13:17:59.525542183) )[Dbg] [SimulationRunner.cc:518] [Dbg] [SimulationRunner.cc:518] Exiting postupdate worker thread (Exiting postupdate worker thread (Exiting postupdate worker thread ([Dbg] [SimulationRunner.cc:518] [Dbg] [SimulationRunner.cc:518] [Dbg] [SimulationRunner.cc:518] [Dbg] [SimulationRunner.cc:518] Exiting postupdate worker thread (Exiting postupdate worker thread ([Dbg] [SimulationRunner.cc:518] [Dbg] [SimulationRunner.cc:518] [Dbg] [SimulationRunner.cc:518] 11)
Exiting postupdate worker thread (
)
Exiting postupdate worker thread ([Dbg] [SimulationRunner.cc:518] [Dbg] [SimulationRunner.cc:518] Exiting postupdate worker thread (3)
Exiting postupdate worker thread (1)
Exiting postupdate worker thread (Exiting postupdate worker thread (5)
[Dbg] [SimulationRunner.cc:518] Exiting postupdate worker thread (9)
Exiting postupdate worker thread (Exiting postupdate worker thread (4)
Exiting postupdate worker thread (242)
Exiting postupdate worker thread (7)
)))

(2023-05-19T13:17:59.526370415) (2023-05-19T13:17:59.526387225) [Dbg] [SimulationRunner.cc:491] Creating PostUpdate worker threads: 21
(2023-05-19T13:17:59.526436315) (2023-05-19T13:17:59.526450105) [Dbg] [SimulationRunner.cc:502] Creating postupdate worker thread (0)
(2023-05-19T13:17:59.526524665) (2023-05-19T13:17:59.526536905) [Dbg] [SimulationRunner.cc:502] Creating postupdate worker thread (1)
(2023-05-19T13:17:59.526596855) (2023-05-19T13:17:59.526608445) [Dbg] [SimulationRunner.cc:502] Creating postupdate worker thread (2)
(2023-05-19T13:17:59.526677745) (2023-05-19T13:17:59.526689455) [Dbg] [SimulationRunner.cc:502] Creating postupdate worker thread (3)
(2023-05-19T13:17:59.526750825) (2023-05-19T13:17:59.526761405) [Dbg] [SimulationRunner.cc:502] Creating postupdate worker thread (4)
(2023-05-19T13:17:59.526820126) (2023-05-19T13:17:59.526826556) [Dbg] [SimulationRunner.cc:502] Creating postupdate worker thread (5)
(2023-05-19T13:17:59.526871776) (2023-05-19T13:17:59.526878116) [Dbg] [SimulationRunner.cc:502] Creating postupdate worker thread (6)
(2023-05-19T13:17:59.526919776) (2023-05-19T13:17:59.526925786) [Dbg] [SimulationRunner.cc:502] Creating postupdate worker thread (7)
(2023-05-19T13:17:59.526980436) (2023-05-19T13:17:59.526988086) [Dbg] [SimulationRunner.cc:502] Creating postupdate worker thread (8)
(2023-05-19T13:17:59.527030886) (2023-05-19T13:17:59.527039426) [Dbg] [SimulationRunner.cc:502] Creating postupdate worker thread (9)
(2023-05-19T13:17:59.527085276) (2023-05-19T13:17:59.527091736) [Dbg] [SimulationRunner.cc:502] Creating postupdate worker thread (10)
(2023-05-19T13:17:59.527131766) (2023-05-19T13:17:59.527140646) [Dbg] [SimulationRunner.cc:502] Creating postupdate worker thread (11)
(2023-05-19T13:17:59.527184776) (2023-05-19T13:17:59.527191946) [Dbg] [SimulationRunner.cc:502] Creating postupdate worker thread (12)
(2023-05-19T13:17:59.527242816) (2023-05-19T13:17:59.527249316) [Dbg] [SimulationRunner.cc:502] Creating postupdate worker thread (13)
(2023-05-19T13:17:59.527290586) (2023-05-19T13:17:59.527296636) [Dbg] [SimulationRunner.cc:502] Creating postupdate worker thread (14)
(2023-05-19T13:17:59.527335227) (2023-05-19T13:17:59.527341357) [Dbg] [SimulationRunner.cc:502] Creating postupdate worker thread (15)
(2023-05-19T13:17:59.527379737) (2023-05-19T13:17:59.527385917) [Dbg] [SimulationRunner.cc:502] Creating postupdate worker thread (16)
(2023-05-19T13:17:59.527423907) (2023-05-19T13:17:59.527429997) [Dbg] [SimulationRunner.cc:502] Creating postupdate worker thread (17)
(2023-05-19T13:17:59.527467867) (2023-05-19T13:17:59.527473827) [Dbg] [SimulationRunner.cc:502] Creating postupdate worker thread (18)
(2023-05-19T13:17:59.527514167) (2023-05-19T13:17:59.527520327) [Dbg] [SimulationRunner.cc:502] Creating postupdate worker thread (19)
(2023-05-19T13:17:59.527952268) (2023-05-19T13:17:59.527960958) [Msg] Address [usv] bound to model [usv] on topic [model/usv/rx]
(2023-05-19T13:17:59.527998198) (2023-05-19T13:17:59.528004498) [Dbg] [CommsEndpoint.cc:89] Succesfuly bound to [usv] on topic [model/usv/rx]
(2023-05-19T13:17:59.955277486) (2023-05-19T13:17:59.955286126) [Dbg] [RenderUtil.cc:2529] Create scene [scene]
(2023-05-19T13:18:00.6847143) (2023-05-19T13:18:00.6858353) [Dbg] [Sensors.cc:254] Rendering Thread initialized
(2023-05-19T13:18:00.11472540) (2023-05-19T13:18:00.11480450) [Wrn] [Ogre2Heightmap.cc:125] Heightmap final sampling should be 2^n
 which differs from ogre1's 2^n+1
The last row and column will be cropped
size = (width * sampling) - sampling + 1
[257] = ([257] * [1]) - [1] + 1
(2023-05-19T13:18:00.47621031) (2023-05-19T13:18:00.47632121) [Msg] Loading heightmap: scene::Heightmap(65478)
(2023-05-19T13:18:00.47654561) (2023-05-19T13:18:00.47660521) [Msg] Heightmap loaded. Process took 0 ms.
(2023-05-19T13:18:03.670763340) (2023-05-19T13:18:03.670786030) [Dbg] [Ogre2ParticleEmitter.cc:514] Particle emitter initialized
(2023-05-19T13:18:03.671073890) (2023-05-19T13:18:03.671091230) [Dbg] [Ogre2ParticleEmitter.cc:514] Particle emitter initialized
(2023-05-19T13:18:03.671388371) (2023-05-19T13:18:03.671407081) [Dbg] [Ogre2ParticleEmitter.cc:514] Particle emitter initialized
(2023-05-19T13:18:04.226683855) (2023-05-19T13:18:04.226696855) [Dbg] [Ogre2ParticleEmitter.cc:514] Particle emitter initialized
(2023-05-19T13:18:04.226926886) (2023-05-19T13:18:04.226936146) [Dbg] [Ogre2ParticleEmitter.cc:514] Particle emitter initialized
(2023-05-19T13:18:04.227081726) (2023-05-19T13:18:04.227089906) [Dbg] [Ogre2ParticleEmitter.cc:514] Particle emitter initialized
(2023-05-19T13:18:04.239226066) (2023-05-19T13:18:04.239240826) [Dbg] [Lidar.cc:122] Laser scans for [usv::sensor_6::sensor_link::lidar] advertised on [world/simple_demo/model/usv/model/sensor_6/link/sensor_link/sensor/lidar/scan]
(2023-05-19T13:18:04.239502896) (2023-05-19T13:18:04.239514786) [Dbg] [GpuLidarSensor.cc:164] Lidar points for [usv::sensor_6::sensor_link::lidar] advertised on [world/simple_demo/model/usv/model/sensor_6/link/sensor_link/sensor/lidar/scan/points]
(2023-05-19T13:18:04.239777627) (2023-05-19T13:18:04.239784907) [Msg] Loading plugin [ignition-rendering-ogre2]
(2023-05-19T13:18:04.708260447) (2023-05-19T13:18:04.708281517) [Dbg] [EntityComponentManager.cc:1587] Updated state thread iterators: 24 threads processing around 10 entities each.
(2023-05-19T13:18:19.66397644) (2023-05-19T13:18:19.66409814) [Msg] Scoring has Started
(2023-05-19T13:18:19.67055345) (2023-05-19T13:18:19.67064595) [Err] [GameLogicPlugin.cc:2121] Invalid configuration detected: 
[usv] Initial Position (10 40 0.299843) is not in the starting area -15 -15 -5 15 15 5
(2023-05-19T13:18:53.415362059) (2023-05-19T13:18:53.415383839) [Dbg] [SignalHandler.cc:141] Received signal[2].
(2023-05-19T13:18:53.415435419) (2023-05-19T13:18:53.415449699) [Dbg] [ServerPrivate.cc:110] Server received signal[2]
(2023-05-19T13:18:53.415514169) (2023-05-19T13:18:53.415535279) [Dbg] [Sensors.cc:406] SensorsPrivate::Stop
(2023-05-19T13:18:53.419304895) (2023-05-19T13:18:53.419317415) [Dbg] [Sensors.cc:392] SensorsPrivate::RenderThread stopped
(2023-05-19T13:18:53.422820701) (2023-05-19T13:18:53.422829141) [Dbg] [ign.cc:410] Shutting down ign-gazebo-server
(((((((((((((((((((((((((((((((((2023-05-19T13:18:53.425075115(((2023-05-19T13:18:53.425075115(2023-05-19T13:18:53.4250741652023-05-19T13:18:53.4251240962023-05-19T13:18:53.4250741652023-05-19T13:18:53.425124096) (2023-05-19T13:18:53.425146566) [Dbg] [SimulationRunner.cc:518] 2023-05-19T13:18:53.425157956) (2023-05-19T13:18:53.425202026) 2023-05-19T13:18:53.425127536) (2023-05-19T13:18:53.425232886) (() (() (2023-05-19T13:18:53.425802887) 2023-05-19T13:18:53.425822327) (2023-05-19T13:18:53.425832747) ) 2()2023-05-19T13:18:53.425878617) (2023-05-19T13:18:53.4258950672023-05-19T13:18:53.425905927) 2023-05-19T13:18:53.425771827) 2023-05-19T13:18:53.425105305) () 2023-05-19T13:18:53.425249406) (2023-05-19T13:18:53.425994187) 2023-05-19T13:18:53.425852687) (2023-05-19T13:18:53.426016947) ) (2023-05-19T13:18:53.4260373372023-05-19T13:18:53.4260373372023-05-19T13:18:53.4260382372023-05-19T13:18:53.4260373372023-05-19T13:18:53.426038237) (2023-05-19T13:18:53.426060577) 2023-05-19T13:18:53.425791137) (2023-05-19T13:18:53.426095138) 2023-05-19T13:18:53.425910677) (2023-05-19T13:18:53.426124218) 2023-05-19T13:18:53.426139988) (2023-05-19T13:18:53.426157028) ) (2023-05-19T13:18:53.426189968) 
) ) (2023-05-19T13:18:53.426235038) (2023-05-19T13:18:53.426254218) 2023-05-19T13:18:53.426266278) (2023-05-19T13:18:53.426277708) ) 2023-05-19T13:18:53.425906337) ([Dbg] [SimulationRunner.cc:518] 2023-05-19T13:18:53.426317308[Dbg] [SimulationRunner.cc:518] 2023-05-19T13:18:53.426317308) Exiting postupdate worker thread ([Dbg] [SimulationRunner.cc:518] [Dbg] [SimulationRunner.cc:518] Exiting postupdate worker thread (Exiting postupdate worker thread (18)
[Dbg] [SimulationRunner.cc:518] [Dbg] [SimulationRunner.cc:518] Exiting postupdate worker thread (17)Exiting postupdate worker thread (Exiting postupdate worker thread (Exiting postupdate worker thread (Exiting postupdate worker thread ([Dbg] [SimulationRunner.cc:518] [Dbg] [SimulationRunner.cc:518] Exiting postupdate worker thread (9)
Exiting postupdate worker thread (Exiting postupdate worker thread ([Dbg] [SimulationRunner.cc:518] Exiting postupdate worker thread ([Dbg] [SimulationRunner.cc:518] [Dbg] [SimulationRunner.cc:518] Exiting postupdate worker thread (
[Dbg] [SimulationRunner.cc:518] Exiting postupdate worker thread ([Dbg] [SimulationRunner.cc:518] [Dbg] [SimulationRunner.cc:518] Exiting postupdate worker thread ([Dbg] [SimulationRunner.cc:518] 5)
[Dbg] [SimulationRunner.cc:518] Exiting postupdate worker thread (12)
)
Exiting postupdate worker thread (Exiting postupdate worker thread (Exiting postupdate worker thread (7)
[Dbg] [SimulationRunner.cc:518] Exiting postupdate worker thread ([Dbg] [SimulationRunner.cc:518] [Dbg] [SimulationRunner.cc:518] Exiting postupdate worker thread (00Exiting postupdate worker thread (11Exiting postupdate worker thread ())Exiting postupdate worker thread (8))Exiting postupdate worker thread (16)
)

)

10)

Exiting postupdate worker thread (19)
Exiting postupdate worker thread (4)
6)
)
Exiting postupdate worker thread (13)))

(2023-05-19T13:18:53.461725388) (2023-05-19T13:18:53.461738218) [Dbg] [Sensors.cc:406] SensorsPrivate::Stop
(2023-05-19T13:18:53.483480325) (2023-05-19T13:18:53.483496965) [Msg] Stopping recording
(2023-05-19T13:18:53.524535624) (2023-05-19T13:18:53.524550854) [Msg] Scoring has finished. Elapsed real time: 34 seconds. Elapsed sim time: 32 seconds. 
