(2023-04-19T18:55:13.889459197) (2023-04-19T18:55:13.889475937) [Msg] Ignition Gazebo Server v6.11.0
(2023-04-19T18:55:13.897304299) (2023-04-19T18:55:13.897329979) [Msg] Loading SDF world file[/home/developer/mbzirc_ws/install/share/mbzirc_ign/worlds/simple_demo.sdf].
(2023-04-19T18:55:14.211416402) (2023-04-19T18:55:14.211430912) [Msg] Serving entity system service on [/entity/system/add]
(2023-04-19T18:55:14.284543470) (2023-04-19T18:55:14.284558990) [Dbg] [Physics.cc:803] Loaded [ignition::physics::dartsim::Plugin] from library [/usr/lib/x86_64-linux-gnu/ign-physics-5/engine-plugins/libignition-physics-dartsim-plugin.so]
(2023-04-19T18:55:14.284620180) (2023-04-19T18:55:14.284631170) [Dbg] [SystemManager.cc:58] Loaded system [ignition::gazebo::systems::Physics] for entity [1]
(2023-04-19T18:55:14.287956637) (2023-04-19T18:55:14.287966837) [Msg] Create service on [/world/simple_demo/create]
(2023-04-19T18:55:14.288090837) (2023-04-19T18:55:14.288103937) [Msg] Remove service on [/world/simple_demo/remove]
(2023-04-19T18:55:14.288222766) (2023-04-19T18:55:14.288235966) [Msg] Pose service on [/world/simple_demo/set_pose]
(2023-04-19T18:55:14.288339896) (2023-04-19T18:55:14.288354266) [Msg] Pose service on [/world/simple_demo/set_pose_vector]
(2023-04-19T18:55:14.288493446) (2023-04-19T18:55:14.288504006) [Msg] Light configuration service on [/world/simple_demo/light_config]
(2023-04-19T18:55:14.288680466) (2023-04-19T18:55:14.288689876) [Msg] Physics service on [/world/simple_demo/set_physics]
(2023-04-19T18:55:14.288810586) (2023-04-19T18:55:14.288820746) [Msg] SphericalCoordinates service on [/world/simple_demo/set_spherical_coordinates]
(2023-04-19T18:55:14.288897986) (2023-04-19T18:55:14.288910566) [Msg] Enable collision service on [/world/simple_demo/enable_collision]
(2023-04-19T18:55:14.288985506) (2023-04-19T18:55:14.288995466) [Msg] Disable collision service on [/world/simple_demo/disable_collision]
(2023-04-19T18:55:14.289125535) (2023-04-19T18:55:14.289134995) [Msg] Material service on [/world/simple_demo/visual_config]
(2023-04-19T18:55:14.289222575) (2023-04-19T18:55:14.289231735) [Msg] Material service on [/world/simple_demo/wheel_slip]
(2023-04-19T18:55:14.289264425) (2023-04-19T18:55:14.289272475) [Dbg] [SystemManager.cc:58] Loaded system [ignition::gazebo::systems::UserCommands] for entity [1]
(2023-04-19T18:55:14.315493126) (2023-04-19T18:55:14.315511946) [Dbg] [Sensors.cc:479] Configuring Sensors system
(2023-04-19T18:55:14.315607306) (2023-04-19T18:55:14.315618836) [Dbg] [Sensors.cc:398] SensorsPrivate::Run
(2023-04-19T18:55:14.315721076) (2023-04-19T18:55:14.315734156) [Dbg] [SystemManager.cc:58] Loaded system [ignition::gazebo::systems::Sensors] for entity [1]
2023-04-19T18:55:14.315789426) (2023-04-19T18:55:14.315837106) [Dbg] [Sensors.cc:378] SensorsPrivate::RenderThread started
(2023-04-19T18:55:14.315889116) (2023-04-19T18:55:14.315905676) [Dbg] [Sensors.cc:228] Waiting for init
(2023-04-19T18:55:14.318691353) (2023-04-19T18:55:14.318706563) [Dbg] [SystemManager.cc:58] Loaded system [ignition::gazebo::systems::AirPressure] for entity [1]
(2023-04-19T18:55:14.321684500) (2023-04-19T18:55:14.321698640) [Dbg] [SystemManager.cc:58] Loaded system [ignition::gazebo::systems::Altimeter] for entity [1]
(2023-04-19T18:55:14.324642896) (2023-04-19T18:55:14.324656786) [Dbg] [SystemManager.cc:58] Loaded system [ignition::gazebo::systems::Imu] for entity [1]
(2023-04-19T18:55:14.327561863) (2023-04-19T18:55:14.327575423) [Dbg] [SystemManager.cc:58] Loaded system [ignition::gazebo::systems::Magnetometer] for entity [1]
(2023-04-19T18:55:14.331435369) (2023-04-19T18:55:14.331460509) [Dbg] [SystemManager.cc:58] Loaded system [ignition::gazebo::systems::ForceTorque] for entity [1]
(2023-04-19T18:55:14.334142016) (2023-04-19T18:55:14.334157086) [Msg] Serving particle emitter information on [/world/simple_demo/particle_emitters]
(2023-04-19T18:55:14.334222716) (2023-04-19T18:55:14.334236196) [Dbg] [SystemManager.cc:58] Loaded system [ignition::gazebo::systems::ParticleEmitter2] for entity [1]
(2023-04-19T18:55:14.338052272) (2023-04-19T18:55:14.338082162) [Dbg] [SystemManager.cc:58] Loaded system [ignition::gazebo::systems::SceneBroadcaster] for entity [1]
(2023-04-19T18:55:14.340843539) (2023-04-19T18:55:14.340860059) [Dbg] [SystemManager.cc:58] Loaded system [ignition::gazebo::systems::Contact] for entity [1]
(2023-04-19T18:55:14.342939496) (2023-04-19T18:55:14.342950556) [Dbg] [RFComms.cc:385] Range configuration:
RF Configuration (range-based)
-- max_range: 500000
-- fading_exponent: 2.6
-- l0: 40
-- sigma: 10

(2023-04-19T18:55:14.343044456) (2023-04-19T18:55:14.343053486) [Dbg] [RFComms.cc:388] Radio configuration:
Radio Configuration
-- capacity: 1e+06
-- tx_power: 25
-- noise_floor: -90
-- modulation: QPSK

(2023-04-19T18:55:14.343616086) (2023-04-19T18:55:14.343629906) [Dbg] [Broker.cc:113] Broker services:
(2023-04-19T18:55:14.343655936) (2023-04-19T18:55:14.343664476) [Dbg] [Broker.cc:114]   Bind: [/broker/bind]
(2023-04-19T18:55:14.343692706) (2023-04-19T18:55:14.343700986) [Dbg] [Broker.cc:115]   Unbind: [/broker/unbind]
(2023-04-19T18:55:14.343728535) (2023-04-19T18:55:14.343737105) [Dbg] [Broker.cc:116] Broker topics:
(2023-04-19T18:55:14.343756665) (2023-04-19T18:55:14.343764385) [Dbg] [Broker.cc:117]   Incoming messages: [/broker/msgs]
(2023-04-19T18:55:14.343794515) (2023-04-19T18:55:14.343803095) [Dbg] [SystemManager.cc:58] Loaded system [ignition::gazebo::systems::RFComms] for entity [1]
(2023-04-19T18:55:14.350813138) (2023-04-19T18:55:14.350827788) [Dbg] [RFRange.cc:339] RFRange sensor range configuration:
RF Configuration (range-based)
-- max_range: 500000
-- fading_exponent: 2.6
-- l0: 40
-- sigma: 0.005
-- rssi_1: -15

(2023-04-19T18:55:14.350942328) (2023-04-19T18:55:14.350953048) [Dbg] [RFRange.cc:342] RFRange sensor radio configuration:
Radio Configuration
-- tx_power: 25
-- noise_floor: -90

(2023-04-19T18:55:14.351026627) (2023-04-19T18:55:14.351036407) [Dbg] [SystemManager.cc:58] Loaded system [ignition::gazebo::systems::RFRange] for entity [1]
(2023-04-19T18:55:14.356802161) (2023-04-19T18:55:14.356814141) [Msg] Recording to log file [/tmp/ign/mbzirc/playback/state.tlog]
(2023-04-19T18:55:14.356847931) (2023-04-19T18:55:14.356855971) [Dbg] [LogRecord.cc:334] Recording default topic[/playback/sdf].
(2023-04-19T18:55:14.356881311) (2023-04-19T18:55:14.356889881) [Dbg] [LogRecord.cc:335] Recording default topic[/world/simple_demo/changed_state].
(2023-04-19T18:55:14.396789317) (2023-04-19T18:55:14.396808787) [Dbg] [SystemManager.cc:58] Loaded system [ignition::gazebo::systems::LogRecord] for entity [1]
(2023-04-19T18:55:14.401035493) (2023-04-19T18:55:14.401066123) [Dbg] [SystemManager.cc:58] Loaded system [ignition::gazebo::systems::WindEffects] for entity [1]
(2023-04-19T18:55:14.412955990) (2023-04-19T18:55:14.412967350) [Msg] MBZIRC log path: /tmp/ign/mbzirc/logs
(2023-04-19T18:55:14.413022630) (2023-04-19T18:55:14.413034499) [Wrn] [Filesystem.cc:140] The path [/tmp/ign/mbzirc/logs] does not refer to a directory nor to a file
(2023-04-19T18:55:14.413191139) (2023-04-19T18:55:14.413202329) [Msg] Run duration set to 3600 seconds.
(2023-04-19T18:55:14.413270179) (2023-04-19T18:55:14.413283149) [Msg] Geofence boundary min: -70 -70 -25, max: 70 70 121.92
(2023-04-19T18:55:14.413411959) (2023-04-19T18:55:14.413421939) [Msg] Start area boundary min: -15 -15 -5, max: 15 15 5
(2023-04-19T18:55:14.413486949) (2023-04-19T18:55:14.413494829) [Msg] Setup duration set to 600 seconds.
(2023-04-19T18:55:14.413525219) (2023-04-19T18:55:14.413534569) [Msg] Target vessel: Vessel A
(2023-04-19T18:55:14.413581319) (2023-04-19T18:55:14.413589179) [Msg]   Small object: small_blue_box_a
(2023-04-19T18:55:14.413613869) (2023-04-19T18:55:14.413622879) [Msg]   Small object: small_blue_box_a_duplicate
(2023-04-19T18:55:14.413648669) (2023-04-19T18:55:14.413657759) [Msg]   Large object: large_dry_box_a
(2023-04-19T18:55:14.413683139) (2023-04-19T18:55:14.413691969) [Msg]   Large object: large_dry_box_a_duplicate
(2023-04-19T18:55:14.414839868) (2023-04-19T18:55:14.414850857) [Msg] Starting MBZIRC
(2023-04-19T18:55:14.414959657) (2023-04-19T18:55:14.414971487) [Dbg] [SystemManager.cc:58] Loaded system [mbzirc::GameLogicPlugin] for entity [1]
(2023-04-19T18:55:14.427140664) (2023-04-19T18:55:14.427151854) [Msg] Using Pierson-Moskowitz spectrum sampling wavefield model 
(2023-04-19T18:55:14.427668893) (2023-04-19T18:55:14.427679003) [Msg] Using Pierson-Moskowitz spectrum sampling wavefield model 
(2023-04-19T18:55:14.789478623) (2023-04-19T18:55:14.789504013) [Msg] Input Parameters:
(2023-04-19T18:55:14.789552603) (2023-04-19T18:55:14.789569073) [Msg] model:     PMS
(2023-04-19T18:55:14.789622443) (2023-04-19T18:55:14.789637853) [Msg] number:     3
(2023-04-19T18:55:14.789684023) (2023-04-19T18:55:14.789700493) [Msg] scale:      1.1
(2023-04-19T18:55:14.789750053) (2023-04-19T18:55:14.789765483) [Msg] angle:      0.4
(2023-04-19T18:55:14.789810533) (2023-04-19T18:55:14.789825993) [Msg] steepness:  0
(2023-04-19T18:55:14.789871373) (2023-04-19T18:55:14.789886003) [Msg] amplitude:  0
(2023-04-19T18:55:14.789929033) (2023-04-19T18:55:14.789945522) [Msg] period:     5
(2023-04-19T18:55:14.789990112) (2023-04-19T18:55:14.790006012) [Msg] direction:  1 0
(2023-04-19T18:55:14.790076742) (2023-04-19T18:55:14.790093052) [Msg] tau:  2
(2023-04-19T18:55:14.790139192) (2023-04-19T18:55:14.790155582) [Msg] gain:  0.3
(2023-04-19T18:55:14.790203332) (2023-04-19T18:55:14.790219802) [Msg] Derived Parameters:
(2023-04-19T18:55:14.790258792) (2023-04-19T18:55:14.790275482) [Msg] amplitudes:  0.0363502, 0.0392277, 0.0385703, 
(2023-04-19T18:55:14.790387382) (2023-04-19T18:55:14.790403942) [Msg] wavenumbers: 0.133171, 0.161136, 0.194975, 
(2023-04-19T18:55:14.790486582) (2023-04-19T18:55:14.790503782) [Msg] omegas:      1.1424, 1.25664, 1.3823, 
(2023-04-19T18:55:14.790582382) (2023-04-19T18:55:14.790598292) [Msg] periods:     (2023-04-19T18:55:14.790640442) (2023-04-19T18:55:14.790656522) [Msg] 5.5, (2023-04-19T18:55:14.790698002) (2023-04-19T18:55:14.790716242) [Msg] 5, (2023-04-19T18:55:14.790755662) (2023-04-19T18:55:14.790772292) [Msg] 4.54545, (2023-04-19T18:55:14.790812742) (2023-04-19T18:55:14.790830392) [Msg] 
(2023-04-19T18:55:14.790863641) (2023-04-19T18:55:14.790881441) [Msg] phases:      0, 0, 0, 
(2023-04-19T18:55:14.790965101) (2023-04-19T18:55:14.790982721) [Msg] steepnesses: 0, 0, 0, 
(2023-04-19T18:55:14.791066421) (2023-04-19T18:55:14.791083381) [Msg] directions:  (2023-04-19T18:55:14.791122301) (2023-04-19T18:55:14.791139171) [Msg] 0.921061 -0.389418; (2023-04-19T18:55:14.791200641) (2023-04-19T18:55:14.791217501) [Msg] 1 0; (2023-04-19T18:55:14.791272351) (2023-04-19T18:55:14.791289981) [Msg] 0.921061 0.389418; (2023-04-19T18:55:14.791345781) (2023-04-19T18:55:14.791362941) [Msg] 
(2023-04-19T18:55:14.792087940) (2023-04-19T18:55:14.792106770) [Dbg] [SystemManager.cc:58] Loaded system [ignition::gazebo::systems::WaveVisual] for entity [23]
(2023-04-19T18:55:14.798818633) (2023-04-19T18:55:14.798829323) [Msg] Using Pierson-Moskowitz spectrum sampling wavefield model 
(2023-04-19T18:55:14.799030863) (2023-04-19T18:55:14.799040303) [Msg] Using Pierson-Moskowitz spectrum sampling wavefield model 
(2023-04-19T18:55:14.799085022) (2023-04-19T18:55:14.799094902) [Msg] Input Parameters:
(2023-04-19T18:55:14.799115002) (2023-04-19T18:55:14.799123122) [Msg] model:     PMS
(2023-04-19T18:55:14.799145882) (2023-04-19T18:55:14.799153282) [Msg] number:     3
(2023-04-19T18:55:14.799178672) (2023-04-19T18:55:14.799186752) [Msg] scale:      1.1
(2023-04-19T18:55:14.799212612) (2023-04-19T18:55:14.799221732) [Msg] angle:      0.4
(2023-04-19T18:55:14.799246882) (2023-04-19T18:55:14.799255222) [Msg] steepness:  0
(2023-04-19T18:55:14.799280662) (2023-04-19T18:55:14.799289272) [Msg] amplitude:  0
(2023-04-19T18:55:14.799313322) (2023-04-19T18:55:14.799322382) [Msg] period:     5
(2023-04-19T18:55:14.799346972) (2023-04-19T18:55:14.799355822) [Msg] direction:  1 0
(2023-04-19T18:55:14.799388602) (2023-04-19T18:55:14.799397762) [Msg] tau:  2
(2023-04-19T18:55:14.799422032) (2023-04-19T18:55:14.799431112) [Msg] gain:  0.3
(2023-04-19T18:55:14.799455772) (2023-04-19T18:55:14.799464992) [Msg] Derived Parameters:
(2023-04-19T18:55:14.799492732) (2023-04-19T18:55:14.799501362) [Msg] amplitudes:  0.0363502, 0.0392277, 0.0385703, 
(2023-04-19T18:55:14.799549252) (2023-04-19T18:55:14.799557982) [Msg] wavenumbers: 0.133171, 0.161136, 0.194975, 
(2023-04-19T18:55:14.799604052) (2023-04-19T18:55:14.799613482) [Msg] omegas:      1.1424, 1.25664, 1.3823, 
(2023-04-19T18:55:14.799657942) (2023-04-19T18:55:14.799666062) [Msg] periods:     (2023-04-19T18:55:14.799682532) (2023-04-19T18:55:14.799691542) [Msg] 5.5, (2023-04-19T18:55:14.799714092) (2023-04-19T18:55:14.799722902) [Msg] 5, (2023-04-19T18:55:14.799743862) (2023-04-19T18:55:14.799752852) [Msg] 4.54545, (2023-04-19T18:55:14.799773402) (2023-04-19T18:55:14.799782462) [Msg] 
(2023-04-19T18:55:14.799798532) (2023-04-19T18:55:14.799807632) [Msg] phases:      0, 0, 0, 
(2023-04-19T18:55:14.799851972) (2023-04-19T18:55:14.799861252) [Msg] steepnesses: 0, 0, 0, 
(2023-04-19T18:55:14.799904862) (2023-04-19T18:55:14.799914272) [Msg] directions:  (2023-04-19T18:55:14.799931232) (2023-04-19T18:55:14.799939712) [Msg] 0.921061 -0.389418; (2023-04-19T18:55:14.799968572) (2023-04-19T18:55:14.799977221) [Msg] 1 0; (2023-04-19T18:55:14.800006741) (2023-04-19T18:55:14.800015681) [Msg] 0.921061 0.389418; (2023-04-19T18:55:14.800043191) (2023-04-19T18:55:14.800051701) [Msg] 
(2023-04-19T18:55:14.800088121) (2023-04-19T18:55:14.800096751) [Dbg] [Surface.cc:161] Surface plugin successfully configured with the following parameters:
(2023-04-19T18:55:14.800123571) (2023-04-19T18:55:14.800132101) [Dbg] [Surface.cc:163]   <link_name>: link
(2023-04-19T18:55:14.800156581) (2023-04-19T18:55:14.800164541) [Dbg] [Surface.cc:164]   <vehicle_length>: 6
(2023-04-19T18:55:14.800189851) (2023-04-19T18:55:14.800198871) [Dbg] [Surface.cc:165]   <vehicle_width>: 3.3
(2023-04-19T18:55:14.800223551) (2023-04-19T18:55:14.800232111) [Dbg] [Surface.cc:166]   <hull_radius>: 1.9
(2023-04-19T18:55:14.800256551) (2023-04-19T18:55:14.800265511) [Dbg] [Surface.cc:167]   <num_samples>: 2
(2023-04-19T18:55:14.800291801) (2023-04-19T18:55:14.800301951) [Dbg] [Surface.cc:168]   <fluid_level>: 0.45
(2023-04-19T18:55:14.800331721) (2023-04-19T18:55:14.800340721) [Dbg] [Surface.cc:169]   <fluid_density>: 997.774
(2023-04-19T18:55:14.800381891) (2023-04-19T18:55:14.800389571) [Dbg] [SystemManager.cc:58] Loaded system [ignition::gazebo::systems::Surface] for entity [24]
(2023-04-19T18:55:14.805532325) (2023-04-19T18:55:14.805544595) [Dbg] [SimpleHydrodynamics.cc:167] SimpleHydrodynamics plugin successfully configured with the following parameters:
(2023-04-19T18:55:14.805573515) (2023-04-19T18:55:14.805581915) [Dbg] [SimpleHydrodynamics.cc:169]   <link_name>: link
(2023-04-19T18:55:14.805605535) (2023-04-19T18:55:14.805614625) [Dbg] [SimpleHydrodynamics.cc:170]   <xDotU>: 0
(2023-04-19T18:55:14.805640055) (2023-04-19T18:55:14.805649515) [Dbg] [SimpleHydrodynamics.cc:171]   <yDotV>: 0
(2023-04-19T18:55:14.805672495) (2023-04-19T18:55:14.805682445) [Dbg] [SimpleHydrodynamics.cc:172]   <zDotW>: 0.1
(2023-04-19T18:55:14.805706455) (2023-04-19T18:55:14.805716605) [Dbg] [SimpleHydrodynamics.cc:173]   <kDotP>: 0.1
(2023-04-19T18:55:14.805741255) (2023-04-19T18:55:14.805749965) [Dbg] [SimpleHydrodynamics.cc:174]   <mDotQ>: 0.1
(2023-04-19T18:55:14.805778305) (2023-04-19T18:55:14.805786555) [Dbg] [SimpleHydrodynamics.cc:175]   <nDotR>: 0
(2023-04-19T18:55:14.805811935) (2023-04-19T18:55:14.805819885) [Dbg] [SimpleHydrodynamics.cc:176]   <xU>: 510.3
(2023-04-19T18:55:14.805846895) (2023-04-19T18:55:14.805855775) [Dbg] [SimpleHydrodynamics.cc:177]   <xUU>: 720.4
(2023-04-19T18:55:14.805881405) (2023-04-19T18:55:14.805890985) [Dbg] [SimpleHydrodynamics.cc:178]   <yV>: 400
(2023-04-19T18:55:14.805919035) (2023-04-19T18:55:14.805927665) [Dbg] [SimpleHydrodynamics.cc:179]   <yVV>: 0
(2023-04-19T18:55:14.805952455) (2023-04-19T18:55:14.805960455) [Dbg] [SimpleHydrodynamics.cc:180]   <zW>: 5000
(2023-04-19T18:55:14.805989035) (2023-04-19T18:55:14.805998035) [Dbg] [SimpleHydrodynamics.cc:181]   <zWW>: 0
(2023-04-19T18:55:14.806022645) (2023-04-19T18:55:14.806034735) [Dbg] [SimpleHydrodynamics.cc:182]   <kP>: 500
(2023-04-19T18:55:14.806060685) (2023-04-19T18:55:14.806069145) [Dbg] [SimpleHydrodynamics.cc:183]   <kPP>: 0
(2023-04-19T18:55:14.806094795) (2023-04-19T18:55:14.806103895) [Dbg] [SimpleHydrodynamics.cc:184]   <mQ>: 500
(2023-04-19T18:55:14.806131375) (2023-04-19T18:55:14.806140415) [Dbg] [SimpleHydrodynamics.cc:185]   <mQQ>: 0
(2023-04-19T18:55:14.806167825) (2023-04-19T18:55:14.806177165) [Dbg] [SimpleHydrodynamics.cc:186]   <nR>: 15000
(2023-04-19T18:55:14.806205705) (2023-04-19T18:55:14.806214355) [Dbg] [SimpleHydrodynamics.cc:187]   <nRR>: 0
(2023-04-19T18:55:14.806245575) (2023-04-19T18:55:14.806254555) [Dbg] [SystemManager.cc:58] Loaded system [ignition::gazebo::systems::SimpleHydrodynamics] for entity [24]
(2023-04-19T18:55:14.808793242) (2023-04-19T18:55:14.808804842) [Dbg] [SystemManager.cc:58] Loaded system [ignition::gazebo::systems::DetachableJoint] for entity [28]
(2023-04-19T18:55:14.809309261) (2023-04-19T18:55:14.809321181) [Dbg] [SystemManager.cc:58] Loaded system [ignition::gazebo::systems::DetachableJoint] for entity [44]
(2023-04-19T18:55:14.810134790) (2023-04-19T18:55:14.810146400) [Dbg] [SystemManager.cc:58] Loaded system [ignition::gazebo::systems::DetachableJoint] for entity [60]
(2023-04-19T18:55:14.810935729) (2023-04-19T18:55:14.810946989) [Dbg] [SystemManager.cc:58] Loaded system [ignition::gazebo::systems::DetachableJoint] for entity [112]
(2023-04-19T18:55:14.812935897) (2023-04-19T18:55:14.812948627) [Dbg] [SystemManager.cc:58] Loaded system [ignition::gazebo::systems::CommsEndpoint] for entity [164]
(2023-04-19T18:55:14.813123667) (2023-04-19T18:55:14.813132917) [Dbg] [SystemManager.cc:58] Loaded system [ignition::gazebo::systems::CommsEndpoint] for entity [164]
(2023-04-19T18:55:14.818352781) (2023-04-19T18:55:14.818364551) [Dbg] [SystemManager.cc:58] Loaded system [mbzirc::BaseStation] for entity [164]
(2023-04-19T18:55:14.825296194) (2023-04-19T18:55:14.825313714) [Msg] EntityDetector publishing messages on [/mbzirc/target_object_detector/dropped]
(2023-04-19T18:55:14.825532373) (2023-04-19T18:55:14.825548243) [Dbg] [SystemManager.cc:58] Loaded system [mbzirc::EntityDetector] for entity [168]
(2023-04-19T18:55:14.825677253) (2023-04-19T18:55:14.825692533) [Msg] Loaded level [3]
(2023-04-19T18:55:14.826079703) (2023-04-19T18:55:14.826096013) [Msg] Serving world controls on [/world/simple_demo/control], [/world/simple_demo/control/state] and [/world/simple_demo/playback/control]
(2023-04-19T18:55:14.826256853) (2023-04-19T18:55:14.826271243) [Msg] Serving GUI information on [/world/simple_demo/gui/info]
(2023-04-19T18:55:14.826322563) (2023-04-19T18:55:14.826334873) [Msg] World [simple_demo] initialized with [4ms] physics profile.
(2023-04-19T18:55:14.826502412) (2023-04-19T18:55:14.826516722) [Msg] Serving world SDF generation service on [/world/simple_demo/generate_world_sdf]
(2023-04-19T18:55:14.826636142) (2023-04-19T18:55:14.826652052) [Msg] Serving world names on [/gazebo/worlds]
(2023-04-19T18:55:14.826747892) (2023-04-19T18:55:14.826761392) [Msg] Resource path add service on [/gazebo/resource_paths/add].
(2023-04-19T18:55:14.826855382) (2023-04-19T18:55:14.826871882) [Msg] Resource path get service on [/gazebo/resource_paths/get].
(2023-04-19T18:55:14.927092992) (2023-04-19T18:55:14.927112522) [Msg] Resource path resolve service on [/gazebo/resource_paths/resolve].
(2023-04-19T18:55:14.927235002) (2023-04-19T18:55:14.927254812) [Msg] Resource paths published on [/gazebo/resource_paths].
(2023-04-19T18:55:14.927451982) (2023-04-19T18:55:14.927473052) [Msg] Server control service on [/server_control].
(2023-04-19T18:55:14.927656581) (2023-04-19T18:55:14.927676331) [Msg] Found no publishers on /stats, adding root stats topic
(2023-04-19T18:55:14.927879701) (2023-04-19T18:55:14.927902831) [Msg] Found no publishers on /clock, adding root clock topic
(2023-04-19T18:55:14.928192191) (2023-04-19T18:55:14.928214541) [Dbg] [SimulationRunner.cc:491] Creating PostUpdate worker threads: 13
(2023-04-19T18:55:14.928295021) (2023-04-19T18:55:14.928313101) [Dbg] [SimulationRunner.cc:502] Creating postupdate worker thread (0)
(2023-04-19T18:55:14.928451361) (2023-04-19T18:55:14.928472011) [Dbg] [SimulationRunner.cc:502] Creating postupdate worker thread (1)
(2023-04-19T18:55:14.928584850) (2023-04-19T18:55:14.928602110) [Dbg] [SimulationRunner.cc:502] Creating postupdate worker thread (2)
(2023-04-19T18:55:14.928695510) (2023-04-19T18:55:14.928714830) [Dbg] [SimulationRunner.cc:502] Creating postupdate worker thread (3)
(2023-04-19T18:55:14.928820510) (2023-04-19T18:55:14.928838860) [Dbg] [SimulationRunner.cc:502] Creating postupdate worker thread (4)
(2023-04-19T18:55:14.928922300) (2023-04-19T18:55:14.928939910) [Dbg] [SimulationRunner.cc:502] Creating postupdate worker thread (5)
(2023-04-19T18:55:14.929028690) (2023-04-19T18:55:14.929049440) [Dbg] [SimulationRunner.cc:502] Creating postupdate worker thread (6)
(2023-04-19T18:55:14.929158020) (2023-04-19T18:55:14.929177030) [Dbg] [SimulationRunner.cc:502] Creating postupdate worker thread (7)
(2023-04-19T18:55:14.929266780) (2023-04-19T18:55:14.929284650) [Dbg] [SimulationRunner.cc:502] Creating postupdate worker thread (8)
(2023-04-19T18:55:14.929369880) (2023-04-19T18:55:14.929387850) [Dbg] [SimulationRunner.cc:502] Creating postupdate worker thread (9)
(2023-04-19T18:55:14.929477119) (2023-04-19T18:55:14.929495409) [Dbg] [SimulationRunner.cc:502] Creating postupdate worker thread (10)
(2023-04-19T18:55:14.929599669) (2023-04-19T18:55:14.929619749) [Dbg] [SimulationRunner.cc:502] Creating postupdate worker thread (11)
(2023-04-19T18:55:15.28605619) (2023-04-19T18:55:15.28626779) [Msg] Particle emitter[simple_demo::dust_storm::link::dust_storm] subscribed to command messages on topic[/model/dust_storm/link/link/particle_emitter/dust_storm/cmd]
(2023-04-19T18:55:15.28878049) (2023-04-19T18:55:15.28901269) [Msg] Particle emitter[simple_demo::fog::link::fog] subscribed to command messages on topic[/model/fog/link/link/particle_emitter/fog/cmd]
(2023-04-19T18:55:15.30892876) (2023-04-19T18:55:15.30916256) [Msg] DetachableJoint subscribing to messages on [/Vessel_A/detach]
(2023-04-19T18:55:15.31095226) (2023-04-19T18:55:15.31116616) [Msg] DetachableJoint subscribing to messages on [/Vessel_A/detach]
(2023-04-19T18:55:15.31291936) (2023-04-19T18:55:15.31317606) [Msg] DetachableJoint subscribing to messages on [/Vessel_A/detach]
(2023-04-19T18:55:15.31506206) (2023-04-19T18:55:15.31533046) [Msg] DetachableJoint subscribing to messages on [/Vessel_A/detach]
(2023-04-19T18:55:15.31779005) (2023-04-19T18:55:15.31807045) [Msg] Address [base_station/target] bound to model [base_station] on topic [base_station/target]
(2023-04-19T18:55:15.31931415) (2023-04-19T18:55:15.31958415) [Dbg] [CommsEndpoint.cc:89] Succesfuly bound to [base_station/target] on topic [base_station/target]
(2023-04-19T18:55:15.32180815) (2023-04-19T18:55:15.32205445) [Msg] Address [base_station/video] bound to model [base_station] on topic [base_station/video]
(2023-04-19T18:55:15.32322345) (2023-04-19T18:55:15.32343305) [Dbg] [CommsEndpoint.cc:89] Succesfuly bound to [base_station/video] on topic [base_station/video]
(2023-04-19T18:55:15.114082715) (2023-04-19T18:55:15.114103515) [Dbg] [Physics.cc:1593] Creating detachable joint [170]
(2023-04-19T18:55:15.114275365) (2023-04-19T18:55:15.114287525) [Dbg] [Physics.cc:1593] Creating detachable joint [171]
(2023-04-19T18:55:15.114436165) (2023-04-19T18:55:15.114450315) [Dbg] [Physics.cc:1593] Creating detachable joint [172]
(2023-04-19T18:55:15.114752864) (2023-04-19T18:55:15.114766464) [Dbg] [Physics.cc:1593] Creating detachable joint [173]
(2023-04-19T18:55:15.115916453) (2023-04-19T18:55:15.115931013) [Dbg] [SimulationFeatures.cc:63] Simulation timestep set to: 0.004
(2023-04-19T18:55:15.126701931) (2023-04-19T18:55:15.126722631) [Msg] Serving scene information on [/world/simple_demo/scene/info]
(2023-04-19T18:55:15.126873601) (2023-04-19T18:55:15.126890721) [Msg] Serving graph information on [/world/simple_demo/scene/graph]
(2023-04-19T18:55:15.127020491) (2023-04-19T18:55:15.127044551) [Msg] Serving full state on [/world/simple_demo/state]
(2023-04-19T18:55:15.127159371) (2023-04-19T18:55:15.127173341) [Msg] Serving full state (async) on [/world/simple_demo/state_async]
(2023-04-19T18:55:15.127331181) (2023-04-19T18:55:15.127352301) [Msg] Publishing scene information on [/world/simple_demo/scene/info]
(2023-04-19T18:55:15.127521060) (2023-04-19T18:55:15.127536220) [Msg] Publishing entity deletions on [/world/simple_demo/scene/deletion]
(2023-04-19T18:55:15.127641660) (2023-04-19T18:55:15.127658360) [Msg] Publishing state changes on [/world/simple_demo/state]
(2023-04-19T18:55:15.127771900) (2023-04-19T18:55:15.127785900) [Msg] Publishing pose messages on [/world/simple_demo/pose/info]
(2023-04-19T18:55:15.127910650) (2023-04-19T18:55:15.127926110) [Msg] Publishing dynamic pose messages on [/world/simple_demo/dynamic_pose/info]
(2023-04-19T18:55:15.128234830) (2023-04-19T18:55:15.128254470) [Dbg] [EntityComponentManager.cc:1587] Updated state thread iterators: 24 threads processing around 8 entities each.
(2023-04-19T18:55:15.128599459) (2023-04-19T18:55:15.128622559) [Wrn] [Model.hh:69] Skipping serialization / deserialization for models with //pose/@relative_to attribute.
(2023-04-19T18:55:15.129042719) (2023-04-19T18:55:15.129072469) [Wrn] [Component.hh:144] Trying to serialize component with data type [N3sdf3v125WorldE], which doesn't have `operator<<`. Component will not be serialized.
(2023-04-19T18:55:15.154941780) (2023-04-19T18:55:15.154966010) [Dbg] [EntityComponentManager.cc:1587] Updated state thread iterators: 24 threads processing around 8 entities each.
(2023-04-19T18:55:29.65556903) (2023-04-19T18:55:29.65574943) [Msg] Linear velocity initialized to [0 0 0]
(2023-04-19T18:55:29.65653363) (2023-04-19T18:55:29.65666013) [Msg] Angular velocity initialized to [0 0 0]
(2023-04-19T18:55:29.65882333) (2023-04-19T18:55:29.65898413) [Msg] VelocityControl subscribing to twist messages on [/model/usv/cmd_vel]
(2023-04-19T18:55:29.65945753) (2023-04-19T18:55:29.65959073) [Dbg] [SystemManager.cc:58] Loaded system [ignition::gazebo::systems::VelocityControl] for entity [174]
(2023-04-19T18:55:29.67888261) (2023-04-19T18:55:29.67899781) [Dbg] [OdometryPublisher.cc:191] OdometryPublisher system plugin missing <dimensions>, defaults to "2"
(2023-04-19T18:55:29.68053931) (2023-04-19T18:55:29.68067741) [Msg] OdometryPublisher publishing odometry on [/model/usv/odometry]
(2023-04-19T18:55:29.68183211) (2023-04-19T18:55:29.68193531) [Msg] OdometryPublisher publishing odometry with covariance on [/model/usv/odometry_with_covariance]
(2023-04-19T18:55:29.68278250) (2023-04-19T18:55:29.68288380) [Msg] OdometryPublisher publishing Pose_V (TF) on [/model/usv/pose]
(2023-04-19T18:55:29.68325840) (2023-04-19T18:55:29.68334480) [Dbg] [SystemManager.cc:58] Loaded system [ignition::gazebo::systems::OdometryPublisher] for entity [174]
(2023-04-19T18:55:29.71157057) (2023-04-19T18:55:29.71168677) [Msg] Thruster listening to commands in [/model/usv/joint/left_engine_propeller_joint/cmd_thrust]
(2023-04-19T18:55:29.71244957) (2023-04-19T18:55:29.71254657) [Dbg] [Thruster.cc:288] Using velocity control for propeller joint.
(2023-04-19T18:55:29.71286927) (2023-04-19T18:55:29.71298087) [Dbg] [SystemManager.cc:58] Loaded system [ignition::gazebo::systems::Thruster] for entity [174]
(2023-04-19T18:55:29.73597575) (2023-04-19T18:55:29.73610875) [Dbg] [JointPositionController.cc:205] [JointPositionController] system parameters:
(2023-04-19T18:55:29.73636175) (2023-04-19T18:55:29.73644275) [Dbg] [JointPositionController.cc:206] p_gain: [1]
(2023-04-19T18:55:29.73695155) (2023-04-19T18:55:29.73703535) [Dbg] [JointPositionController.cc:207] i_gain: [0.1]
(2023-04-19T18:55:29.73729994) (2023-04-19T18:55:29.73737904) [Dbg] [JointPositionController.cc:208] d_gain: [0.01]
(2023-04-19T18:55:29.73770194) (2023-04-19T18:55:29.73777854) [Dbg] [JointPositionController.cc:209] i_max: [1]
(2023-04-19T18:55:29.73804054) (2023-04-19T18:55:29.73811724) [Dbg] [JointPositionController.cc:210] i_min: [-1]
(2023-04-19T18:55:29.73842644) (2023-04-19T18:55:29.73850654) [Dbg] [JointPositionController.cc:211] cmd_max: [1000]
(2023-04-19T18:55:29.73877124) (2023-04-19T18:55:29.73884864) [Dbg] [JointPositionController.cc:212] cmd_min: [-1000]
(2023-04-19T18:55:29.73913834) (2023-04-19T18:55:29.73922764) [Dbg] [JointPositionController.cc:213] cmd_offset: [0]
(2023-04-19T18:55:29.73955264) (2023-04-19T18:55:29.73963994) [Dbg] [JointPositionController.cc:214] Topic: [usv/left/thruster/joint/cmd_pos]
(2023-04-19T18:55:29.73993114) (2023-04-19T18:55:29.74014384) [Dbg] [JointPositionController.cc:215] initial_position: [0]
(2023-04-19T18:55:29.74048454) (2023-04-19T18:55:29.74057784) [Dbg] [SystemManager.cc:58] Loaded system [ignition::gazebo::systems::JointPositionController] for entity [174]
(2023-04-19T18:55:29.74357454) (2023-04-19T18:55:29.74367994) [Msg] Thruster listening to commands in [/model/usv/joint/right_engine_propeller_joint/cmd_thrust]
(2023-04-19T18:55:29.74418884) (2023-04-19T18:55:29.74428834) [Dbg] [Thruster.cc:288] Using velocity control for propeller joint.
(2023-04-19T18:55:29.74454194) (2023-04-19T18:55:29.74463264) [Dbg] [SystemManager.cc:58] Loaded system [ignition::gazebo::systems::Thruster] for entity [174]
(2023-04-19T18:55:29.74727553) (2023-04-19T18:55:29.74739583) [Dbg] [JointPositionController.cc:205] [JointPositionController] system parameters:
(2023-04-19T18:55:29.74762673) (2023-04-19T18:55:29.74772143) [Dbg] [JointPositionController.cc:206] p_gain: [1]
(2023-04-19T18:55:29.74817543) (2023-04-19T18:55:29.74826833) [Dbg] [JointPositionController.cc:207] i_gain: [0.1]
(2023-04-19T18:55:29.74857613) (2023-04-19T18:55:29.74866283) [Dbg] [JointPositionController.cc:208] d_gain: [0.01]
(2023-04-19T18:55:29.74896373) (2023-04-19T18:55:29.74904943) [Dbg] [JointPositionController.cc:209] i_max: [1]
(2023-04-19T18:55:29.74935383) (2023-04-19T18:55:29.74944323) [Dbg] [JointPositionController.cc:210] i_min: [-1]
(2023-04-19T18:55:29.74974763) (2023-04-19T18:55:29.74983653) [Dbg] [JointPositionController.cc:211] cmd_max: [1000]
(2023-04-19T18:55:29.75013523) (2023-04-19T18:55:29.75022543) [Dbg] [JointPositionController.cc:212] cmd_min: [-1000]
(2023-04-19T18:55:29.75052433) (2023-04-19T18:55:29.75062133) [Dbg] [JointPositionController.cc:213] cmd_offset: [0]
(2023-04-19T18:55:29.75103393) (2023-04-19T18:55:29.75113173) [Dbg] [JointPositionController.cc:214] Topic: [usv/right/thruster/joint/cmd_pos]
(2023-04-19T18:55:29.75142933) (2023-04-19T18:55:29.75151843) [Dbg] [JointPositionController.cc:215] initial_position: [0]
(2023-04-19T18:55:29.75184813) (2023-04-19T18:55:29.75193813) [Dbg] [SystemManager.cc:58] Loaded system [ignition::gazebo::systems::JointPositionController] for entity [174]
(2023-04-19T18:55:29.75435973) (2023-04-19T18:55:29.75447733) [Msg] Using Pierson-Moskowitz spectrum sampling wavefield model 
(2023-04-19T18:55:29.75578292) (2023-04-19T18:55:29.75588562) [Msg] Using Pierson-Moskowitz spectrum sampling wavefield model 
(2023-04-19T18:55:29.75654262) (2023-04-19T18:55:29.75662202) [Msg] Input Parameters:
(2023-04-19T18:55:29.75683252) (2023-04-19T18:55:29.75692592) [Msg] model:     PMS
(2023-04-19T18:55:29.75718072) (2023-04-19T18:55:29.75725572) [Msg] number:     3
(2023-04-19T18:55:29.75746522) (2023-04-19T18:55:29.75753922) [Msg] scale:      1.1
(2023-04-19T18:55:29.75775642) (2023-04-19T18:55:29.75783032) [Msg] angle:      0.4
(2023-04-19T18:55:29.75807102) (2023-04-19T18:55:29.75816122) [Msg] steepness:  0
(2023-04-19T18:55:29.75840902) (2023-04-19T18:55:29.75850032) [Msg] amplitude:  0
(2023-04-19T18:55:29.75876152) (2023-04-19T18:55:29.75884302) [Msg] period:     5
(2023-04-19T18:55:29.75907942) (2023-04-19T18:55:29.75915572) [Msg] direction:  1 0
(2023-04-19T18:55:29.75956142) (2023-04-19T18:55:29.75969472) [Msg] tau:  2
(2023-04-19T18:55:29.76004302) (2023-04-19T18:55:29.76016092) [Msg] gain:  0.3
(2023-04-19T18:55:29.76048072) (2023-04-19T18:55:29.76060382) [Msg] Derived Parameters:
(2023-04-19T18:55:29.76082802) (2023-04-19T18:55:29.76093602) [Msg] amplitudes:  0.0363502, 0.0392277, 0.0385703, 
(2023-04-19T18:55:29.76152062) (2023-04-19T18:55:29.76162022) [Msg] wavenumbers: 0.133171, 0.161136, 0.194975, 
(2023-04-19T18:55:29.76214292) (2023-04-19T18:55:29.76226192) [Msg] omegas:      1.1424, 1.25664, 1.3823, 
(2023-04-19T18:55:29.76280632) (2023-04-19T18:55:29.76290112) [Msg] periods:     (2023-04-19T18:55:29.76313012) (2023-04-19T18:55:29.76324272) [Msg] 5.5, (2023-04-19T18:55:29.76352392) (2023-04-19T18:55:29.76363922) [Msg] 5, (2023-04-19T18:55:29.76390722) (2023-04-19T18:55:29.76401262) [Msg] 4.54545, (2023-04-19T18:55:29.76429292) (2023-04-19T18:55:29.76440692) [Msg] 
(2023-04-19T18:55:29.76464231) (2023-04-19T18:55:29.76475521) [Msg] phases:      0, 0, 0, 
(2023-04-19T18:55:29.76536121) (2023-04-19T18:55:29.76548891) [Msg] steepnesses: 0, 0, 0, 
(2023-04-19T18:55:29.76614871) (2023-04-19T18:55:29.76629611) [Msg] directions:  (2023-04-19T18:55:29.76649801) (2023-04-19T18:55:29.76661191) [Msg] 0.921061 -0.389418; (2023-04-19T18:55:29.76695991) (2023-04-19T18:55:29.76708361) [Msg] 1 0; (2023-04-19T18:55:29.76766511) (2023-04-19T18:55:29.76780141) [Msg] 0.921061 0.389418; (2023-04-19T18:55:29.76821801) (2023-04-19T18:55:29.76834451) [Msg] 
(2023-04-19T18:55:29.76872121) (2023-04-19T18:55:29.76885111) [Dbg] [Surface.cc:161] Surface plugin successfully configured with the following parameters:
(2023-04-19T18:55:29.76920981) (2023-04-19T18:55:29.76933951) [Dbg] [Surface.cc:163]   <link_name>: base_link
(2023-04-19T18:55:29.76971311) (2023-04-19T18:55:29.76985811) [Dbg] [Surface.cc:164]   <vehicle_length>: 6
(2023-04-19T18:55:29.77024801) (2023-04-19T18:55:29.77037431) [Dbg] [Surface.cc:165]   <vehicle_width>: 3.3
(2023-04-19T18:55:29.77075281) (2023-04-19T18:55:29.77088801) [Dbg] [Surface.cc:166]   <hull_radius>: 0.27
(2023-04-19T18:55:29.77127581) (2023-04-19T18:55:29.77139651) [Dbg] [Surface.cc:167]   <num_samples>: 2
(2023-04-19T18:55:29.77176691) (2023-04-19T18:55:29.77188891) [Dbg] [Surface.cc:168]   <fluid_level>: 0.45
(2023-04-19T18:55:29.77228891) (2023-04-19T18:55:29.77242041) [Dbg] [Surface.cc:169]   <fluid_density>: 997.774
(2023-04-19T18:55:29.77287531) (2023-04-19T18:55:29.77301781) [Dbg] [SystemManager.cc:58] Loaded system [ignition::gazebo::systems::Surface] for entity [174]
(2023-04-19T18:55:29.77651190) (2023-04-19T18:55:29.77663950) [Dbg] [SimpleHydrodynamics.cc:167] SimpleHydrodynamics plugin successfully configured with the following parameters:
(2023-04-19T18:55:29.77697150) (2023-04-19T18:55:29.77706940) [Dbg] [SimpleHydrodynamics.cc:169]   <link_name>: base_link
(2023-04-19T18:55:29.77736190) (2023-04-19T18:55:29.77748380) [Dbg] [SimpleHydrodynamics.cc:170]   <xDotU>: 0
(2023-04-19T18:55:29.77780870) (2023-04-19T18:55:29.77789270) [Dbg] [SimpleHydrodynamics.cc:171]   <yDotV>: 0
(2023-04-19T18:55:29.77815570) (2023-04-19T18:55:29.77824500) [Dbg] [SimpleHydrodynamics.cc:172]   <zDotW>: 0.1
(2023-04-19T18:55:29.77851260) (2023-04-19T18:55:29.77859900) [Dbg] [SimpleHydrodynamics.cc:173]   <kDotP>: 0.1
(2023-04-19T18:55:29.77884690) (2023-04-19T18:55:29.77895470) [Dbg] [SimpleHydrodynamics.cc:174]   <mDotQ>: 0.1
(2023-04-19T18:55:29.77921300) (2023-04-19T18:55:29.77929430) [Dbg] [SimpleHydrodynamics.cc:175]   <nDotR>: 0
(2023-04-19T18:55:29.77954490) (2023-04-19T18:55:29.77963060) [Dbg] [SimpleHydrodynamics.cc:176]   <xU>: 51.3
(2023-04-19T18:55:29.77987910) (2023-04-19T18:55:29.77996560) [Dbg] [SimpleHydrodynamics.cc:177]   <xUU>: 72.4
(2023-04-19T18:55:29.78022880) (2023-04-19T18:55:29.78031340) [Dbg] [SimpleHydrodynamics.cc:178]   <yV>: 40
(2023-04-19T18:55:29.78056520) (2023-04-19T18:55:29.78065440) [Dbg] [SimpleHydrodynamics.cc:179]   <yVV>: 0
(2023-04-19T18:55:29.78093860) (2023-04-19T18:55:29.78102960) [Dbg] [SimpleHydrodynamics.cc:180]   <zW>: 500
(2023-04-19T18:55:29.78129100) (2023-04-19T18:55:29.78138750) [Dbg] [SimpleHydrodynamics.cc:181]   <zWW>: 0
(2023-04-19T18:55:29.78164440) (2023-04-19T18:55:29.78173650) [Dbg] [SimpleHydrodynamics.cc:182]   <kP>: 100
(2023-04-19T18:55:29.78200010) (2023-04-19T18:55:29.78208860) [Dbg] [SimpleHydrodynamics.cc:183]   <kPP>: 0
(2023-04-19T18:55:29.78234880) (2023-04-19T18:55:29.78248070) [Dbg] [SimpleHydrodynamics.cc:184]   <mQ>: 100
(2023-04-19T18:55:29.78276929) (2023-04-19T18:55:29.78287269) [Dbg] [SimpleHydrodynamics.cc:185]   <mQQ>: 0
(2023-04-19T18:55:29.78323229) (2023-04-19T18:55:29.78335579) [Dbg] [SimpleHydrodynamics.cc:186]   <nR>: 400
(2023-04-19T18:55:29.78368169) (2023-04-19T18:55:29.78377239) [Dbg] [SimpleHydrodynamics.cc:187]   <nRR>: 0
(2023-04-19T18:55:29.78411679) (2023-04-19T18:55:29.78423769) [Dbg] [SystemManager.cc:58] Loaded system [ignition::gazebo::systems::SimpleHydrodynamics] for entity [174]
(2023-04-19T18:55:29.81039336) (2023-04-19T18:55:29.81050536) [Dbg] [SystemManager.cc:58] Loaded system [ignition::gazebo::systems::PosePublisher] for entity [174]
(2023-04-19T18:55:29.81313486) (2023-04-19T18:55:29.81323556) [Msg] EntityDetector publishing messages on [/mbzirc/target_object_detector/placed]
(2023-04-19T18:55:29.81485796) (2023-04-19T18:55:29.81495726) [Dbg] [SystemManager.cc:58] Loaded system [mbzirc::EntityDetector] for entity [174]
(2023-04-19T18:55:29.81722276) (2023-04-19T18:55:29.81731506) [Msg] EntityDetector publishing messages on [/mbzirc/target_object_detector/placed]
(2023-04-19T18:55:29.81859946) (2023-04-19T18:55:29.81868936) [Dbg] [SystemManager.cc:58] Loaded system [mbzirc::EntityDetector] for entity [174]
(2023-04-19T18:55:29.82098695) (2023-04-19T18:55:29.82110575) [Msg] EntityDetector publishing messages on [/mbzirc/target_object_detector/placed]
(2023-04-19T18:55:29.82263835) (2023-04-19T18:55:29.82277825) [Dbg] [SystemManager.cc:58] Loaded system [mbzirc::EntityDetector] for entity [174]
(2023-04-19T18:55:29.82525485) (2023-04-19T18:55:29.82537105) [Msg] EntityDetector publishing messages on [/mbzirc/target_object_detector/placed]
(2023-04-19T18:55:29.82709525) (2023-04-19T18:55:29.82721415) [Dbg] [SystemManager.cc:58] Loaded system [mbzirc::EntityDetector] for entity [174]
(2023-04-19T18:55:29.82928694) (2023-04-19T18:55:29.82940314) [Dbg] [SystemManager.cc:58] Loaded system [ignition::gazebo::systems::CommsEndpoint] for entity [174]
(2023-04-19T18:55:29.83394234) (2023-04-19T18:55:29.83406204) [Dbg] [UserCommands.cc:1303] Created entity [174] named [usv]
(2023-04-19T18:55:29.92537084) (2023-04-19T18:55:29.92573744) [Dbg] [Sensors.cc:584] Initialization needed
(2023-04-19T18:55:29.92674824) (2023-04-19T18:55:29.92705824) [Dbg] [Sensors.cc:240] Initializing render context
(2023-04-19T18:55:29.92895793) (2023-04-19T18:55:29.92920953) [Msg] Loading plugin [ignition-rendering-ogre2]
(2023-04-19T18:55:29.93287433) (2023-04-19T18:55:29.93310033) [Dbg] [ImuSensor.cc:148] IMU data for [(usv::base_link::imu_sensor] advertised on [world/simple_demo/model/usv/link/base_link/sensor/imu_sensor/imu]
2023-04-19T18:55:29.93383063) (2023-04-19T18:55:29.93459863) [Dbg] [GameLogicPlugin.cc:1991] New Competitor Platform: usv with 0sensors
((((((2023-04-19T18:55:29.96420990) (2023-04-19T18:55:29.96453270) ((2023-04-19T18:55:29.96483230) (2023-04-19T18:55:29.96509139) (2023-04-19T18:55:29.96554009) ([Dbg] [SimulationRunner.cc:518] 2023-04-19T18:55:29.96574349Exiting postupdate worker thread (((2023-04-19T18:55:29.96631839) (2023-04-19T18:55:29.96652429) 2023-04-19T18:55:29.96600359) (2023-04-19T18:55:29.96698199) 2023-04-19T18:55:29.96716289) ) (2023-04-19T18:55:29.96747899) ) ) 2023-04-19T18:55:29.967490892023-04-19T18:55:29.96797629) (2023-04-19T18:55:29.96827019) ) (2023-04-19T18:55:29.96864219) Exiting postupdate worker thread ([Dbg] [SimulationRunner.cc:518] ((2023-04-19T18:55:29.96936559) (2023-04-19T18:55:29.96955479) 32023-04-19T18:55:29.96968989) (2023-04-19T18:55:29.96990099) ) (2023-04-19T18:55:29.969339792023-04-19T18:55:29.97022749) )
) (2023-04-19T18:55:29.97087839) [Dbg] [SimulationRunner.cc:518] Exiting postupdate worker thread (10)
[Dbg] [SimulationRunner.cc:518] Exiting postupdate worker thread (5)
Exiting postupdate worker thread ([Dbg] [SimulationRunner.cc:518] 4)
[Dbg] [SimulationRunner.cc:518] [Dbg] [SimulationRunner.cc:518] [Dbg] [SimulationRunner.cc:518] Exiting postupdate worker thread (7)
[Dbg] [SimulationRunner.cc:518] [Dbg] [SimulationRunner.cc:518] [Dbg] [SimulationRunner.cc:518] [Dbg] [SimulationRunner.cc:518] [Dbg] [SimulationRunner.cc:518] Exiting postupdate worker thread (6)
Exiting postupdate worker thread (0)
[Dbg] [SimulationRunner.cc:518] Exiting postupdate worker thread (Exiting postupdate worker thread (1)
Exiting postupdate worker thread (2)
Exiting postupdate worker thread (9)
)2Exiting postupdate worker thread (8)

(2023-04-19T18:55:29.97975098) (2023-04-19T18:55:29.97994708) [Dbg] [SimulationRunner.cc:491] Creating PostUpdate worker threads: 22
(2023-04-19T18:55:29.98051558) (2023-04-19T18:55:29.98067088) [Dbg] [SimulationRunner.cc:502] Creating postupdate worker thread (0)
(2023-04-19T18:55:29.98149668) (2023-04-19T18:55:29.98169528) [Dbg] [SimulationRunner.cc:502] Creating postupdate worker thread (1)
(2023-04-19T18:55:29.98250828) (2023-04-19T18:55:29.98270788) [Dbg] [SimulationRunner.cc:502] Creating postupdate worker thread (2)
(2023-04-19T18:55:29.98365877) (2023-04-19T18:55:29.98383627) [Dbg] [SimulationRunner.cc:502] Creating postupdate worker thread (3)
(2023-04-19T18:55:29.98461457) (2023-04-19T18:55:29.98478207) [Dbg] [SimulationRunner.cc:502] Creating postupdate worker thread (4)
(2023-04-19T18:55:29.98573277) (2023-04-19T18:55:29.98590677) [Dbg] [SimulationRunner.cc:502] Creating postupdate worker thread (5)
(2023-04-19T18:55:29.98680767) (2023-04-19T18:55:29.98697357) [Dbg] [SimulationRunner.cc:502] Creating postupdate worker thread (6)
(2023-04-19T18:55:29.98779707) (2023-04-19T18:55:29.98803457) [Dbg] [SimulationRunner.cc:502] Creating postupdate worker thread (7)
(2023-04-19T18:55:29.98893527) (2023-04-19T18:55:29.98915167) [Dbg] [SimulationRunner.cc:502] Creating postupdate worker thread (8)
(2023-04-19T18:55:29.98996067) (2023-04-19T18:55:29.99013917) [Dbg] [SimulationRunner.cc:502] Creating postupdate worker thread (9)
(2023-04-19T18:55:29.99097677) (2023-04-19T18:55:29.99114577) [Dbg] [SimulationRunner.cc:502] Creating postupdate worker thread (10)
(2023-04-19T18:55:29.99199877) (2023-04-19T18:55:29.99216267) [Dbg] [SimulationRunner.cc:502] Creating postupdate worker thread (11)
(2023-04-19T18:55:29.99305026) (2023-04-19T18:55:29.99321896) [Dbg] [SimulationRunner.cc:502] Creating postupdate worker thread (12)
(2023-04-19T18:55:29.99412186) (2023-04-19T18:55:29.99429766) [Dbg] [SimulationRunner.cc:502] Creating postupdate worker thread (13)
(2023-04-19T18:55:29.99511896) (2023-04-19T18:55:29.99531786) [Dbg] [SimulationRunner.cc:502] Creating postupdate worker thread (14)
(2023-04-19T18:55:29.99614166) (2023-04-19T18:55:29.99632666) [Dbg] [SimulationRunner.cc:502] Creating postupdate worker thread (15)
(2023-04-19T18:55:29.99711826) (2023-04-19T18:55:29.99727306) [Dbg] [SimulationRunner.cc:502] Creating postupdate worker thread (16)
(2023-04-19T18:55:29.99808956) (2023-04-19T18:55:29.99824756) [Dbg] [SimulationRunner.cc:502] Creating postupdate worker thread (17)
(2023-04-19T18:55:29.99904786) (2023-04-19T18:55:29.99925086) [Dbg] [SimulationRunner.cc:502] Creating postupdate worker thread (18)
(2023-04-19T18:55:29.100008156) (2023-04-19T18:55:29.100027316) [Dbg] [SimulationRunner.cc:502] Creating postupdate worker thread (19)
(2023-04-19T18:55:29.100109216) (2023-04-19T18:55:29.100125066) [Dbg] [SimulationRunner.cc:502] Creating postupdate worker thread (20)
(2023-04-19T18:55:29.100802735) (2023-04-19T18:55:29.100825065) [Msg] Address [usv] bound to model [usv] on topic [model/usv/rx]
(2023-04-19T18:55:29.100906275) (2023-04-19T18:55:29.100922285) [Dbg] [CommsEndpoint.cc:89] Succesfuly bound to [usv] on topic [model/usv/rx]
(2023-04-19T18:55:29.650242034) (2023-04-19T18:55:29.650254124) [Dbg] [RenderUtil.cc:2529] Create scene [scene]
(2023-04-19T18:55:29.701805337) (2023-04-19T18:55:29.701820187) [Dbg] [Sensors.cc:254] Rendering Thread initialized
(2023-04-19T18:55:29.705615113) (2023-04-19T18:55:29.705625623) [Wrn] [Ogre2Heightmap.cc:125] Heightmap final sampling should be 2^n
 which differs from ogre1's 2^n+1
The last row and column will be cropped
size = (width * sampling) - sampling + 1
[257] = ([257] * [1]) - [1] + 1
(2023-04-19T18:55:29.740178055) (2023-04-19T18:55:29.740192715) [Msg] Loading heightmap: scene::Heightmap(65478)
(2023-04-19T18:55:29.740229455) (2023-04-19T18:55:29.740238375) [Msg] Heightmap loaded. Process took 0 ms.
(2023-04-19T18:55:33.329162147) (2023-04-19T18:55:33.329181787) [Dbg] [Ogre2ParticleEmitter.cc:514] Particle emitter initialized
(2023-04-19T18:55:33.329374607) (2023-04-19T18:55:33.329390787) [Dbg] [Ogre2ParticleEmitter.cc:514] Particle emitter initialized
(2023-04-19T18:55:33.329616837) (2023-04-19T18:55:33.329632927) [Dbg] [Ogre2ParticleEmitter.cc:514] Particle emitter initialized
(2023-04-19T18:55:33.892274623) (2023-04-19T18:55:33.892315083) [Dbg] [Ogre2ParticleEmitter.cc:514] Particle emitter initialized
(2023-04-19T18:55:33.892773573) (2023-04-19T18:55:33.892812313) [Dbg] [Ogre2ParticleEmitter.cc:514] Particle emitter initialized
(2023-04-19T18:55:33.893239632) (2023-04-19T18:55:33.893275502) [Dbg] [Ogre2ParticleEmitter.cc:514] Particle emitter initialized
(2023-04-19T18:55:33.906094198) (2023-04-19T18:55:33.906109388) [Dbg] [Lidar.cc:122] Laser scans for [usv::sensor_6::sensor_link::lidar] advertised on [world/simple_demo/model/usv/model/sensor_6/link/sensor_link/sensor/lidar/scan]
(2023-04-19T18:55:33.906362218) (2023-04-19T18:55:33.906373838) [Dbg] [GpuLidarSensor.cc:164] Lidar points for [usv::sensor_6::sensor_link::lidar] advertised on [world/simple_demo/model/usv/model/sensor_6/link/sensor_link/sensor/lidar/scan/points]
(2023-04-19T18:55:33.906691028) (2023-04-19T18:55:33.906703678) [Msg] Loading plugin [ignition-rendering-ogre2]
(2023-04-19T18:55:34.395797013) (2023-04-19T18:55:34.395819133) [Dbg] [EntityComponentManager.cc:1587] Updated state thread iterators: 24 threads processing around 10 entities each.
(2023-04-19T18:56:30.904072758) (2023-04-19T18:56:30.904094188) [Msg] Scoring has Started
(2023-04-19T18:56:30.904398018) (2023-04-19T18:56:30.904409358) [Err] [GameLogicPlugin.cc:2121] Invalid configuration detected: 
[usv] Initial Position (10 40 0.299843) is not in the starting area -15 -15 -5 15 15 5
(2023-04-19T19:09:49.97312459) (2023-04-19T19:09:49.97328519) [Err] [JointFeatures.cc:157] Invalid joint velocity value [nan] commanded on joint [left_chassis_engine_joint DOF 0]. The command will be ignored
(2023-04-19T19:09:49.97423269) (2023-04-19T19:09:49.97441769) [Err] [JointFeatures.cc:157] Invalid joint velocity value [nan] commanded on joint [right_chassis_engine_joint DOF 0]. The command will be ignored
