(2023-03-11T18:54:19.966763570) (2023-03-11T18:54:19.966794820) [Msg] Ignition Gazebo Server v6.11.0
(2023-03-11T18:54:19.970535018) (2023-03-11T18:54:19.970556658) [Msg] Loading SDF world file[/home/developer/mbzirc_ws/install/share/mbzirc_ign/worlds/simple_demo.sdf].
(2023-03-11T18:54:20.289716136) (2023-03-11T18:54:20.289737326) [Msg] Serving entity system service on [/entity/system/add]
(2023-03-11T18:54:20.323863840) (2023-03-11T18:54:20.323877890) [Dbg] [Physics.cc:803] Loaded [ignition::physics::dartsim::Plugin] from library [/usr/lib/x86_64-linux-gnu/ign-physics-5/engine-plugins/libignition-physics-dartsim-plugin.so]
(2023-03-11T18:54:20.323936631) (2023-03-11T18:54:20.323944691) [Dbg] [SystemManager.cc:58] Loaded system [ignition::gazebo::systems::Physics] for entity [1]
(2023-03-11T18:54:20.325572775) (2023-03-11T18:54:20.325584185) [Msg] Create service on [/world/simple_demo/create]
(2023-03-11T18:54:20.325685645) (2023-03-11T18:54:20.325694955) [Msg] Remove service on [/world/simple_demo/remove]
(2023-03-11T18:54:20.325792265) (2023-03-11T18:54:20.325801015) [Msg] Pose service on [/world/simple_demo/set_pose]
(2023-03-11T18:54:20.325886615) (2023-03-11T18:54:20.325897285) [Msg] Pose service on [/world/simple_demo/set_pose_vector]
(2023-03-11T18:54:20.326008715) (2023-03-11T18:54:20.326017435) [Msg] Light configuration service on [/world/simple_demo/light_config]
(2023-03-11T18:54:20.326171186) (2023-03-11T18:54:20.326180486) [Msg] Physics service on [/world/simple_demo/set_physics]
(2023-03-11T18:54:20.326279366) (2023-03-11T18:54:20.326288386) [Msg] SphericalCoordinates service on [/world/simple_demo/set_spherical_coordinates]
(2023-03-11T18:54:20.326355476) (2023-03-11T18:54:20.326364926) [Msg] Enable collision service on [/world/simple_demo/enable_collision]
(2023-03-11T18:54:20.326428376) (2023-03-11T18:54:20.326438866) [Msg] Disable collision service on [/world/simple_demo/disable_collision]
(2023-03-11T18:54:20.326561007) (2023-03-11T18:54:20.326570377) [Msg] Material service on [/world/simple_demo/visual_config]
(2023-03-11T18:54:20.326653997) (2023-03-11T18:54:20.326664187) [Msg] Material service on [/world/simple_demo/wheel_slip]
(2023-03-11T18:54:20.326695717) (2023-03-11T18:54:20.326703487) [Dbg] [SystemManager.cc:58] Loaded system [ignition::gazebo::systems::UserCommands] for entity [1]
(2023-03-11T18:54:20.349883423) (2023-03-11T18:54:20.349898803) [Dbg] [Sensors.cc:479] Configuring Sensors system
(2023-03-11T18:54:20.349982753) (2023-03-11T18:54:20.349995903) [Dbg] [Sensors.cc:398] SensorsPrivate::Run
(2023-03-11T18:54:20.350080983) (2023-03-11T18:54:20.350093523) [Dbg] [SystemManager.cc:58] Loaded system [ignition::gazebo::systems::Sensors] for entity [1]
(2023-03-11T18:54:20.350172513) (2023-03-11T18:54:20.350199033) [Dbg] [Sensors.cc:378] SensorsPrivate::RenderThread started
(2023-03-11T18:54:20.350256213) (2023-03-11T18:54:20.350275994) [Dbg] [Sensors.cc:228] Waiting for init
(2023-03-11T18:54:20.352260049) (2023-03-11T18:54:20.352282709) [Dbg] [SystemManager.cc:58] Loaded system [ignition::gazebo::systems::AirPressure] for entity [1]
(2023-03-11T18:54:20.354509114) (2023-03-11T18:54:20.354528524) [Dbg] [SystemManager.cc:58] Loaded system [ignition::gazebo::systems::Altimeter] for entity [1]
(2023-03-11T18:54:20.357306751) (2023-03-11T18:54:20.357327551) [Dbg] [SystemManager.cc:58] Loaded system [ignition::gazebo::systems::Imu] for entity [1]
(2023-03-11T18:54:20.359016546) (2023-03-11T18:54:20.359026896) [Dbg] [SystemManager.cc:58] Loaded system [ignition::gazebo::systems::Magnetometer] for entity [1]
(2023-03-11T18:54:20.360490299) (2023-03-11T18:54:20.360500599) [Dbg] [SystemManager.cc:58] Loaded system [ignition::gazebo::systems::ForceTorque] for entity [1]
(2023-03-11T18:54:20.361577962) (2023-03-11T18:54:20.361589702) [Msg] Serving particle emitter information on [/world/simple_demo/particle_emitters]
(2023-03-11T18:54:20.361644282) (2023-03-11T18:54:20.361652412) [Dbg] [SystemManager.cc:58] Loaded system [ignition::gazebo::systems::ParticleEmitter2] for entity [1]
(2023-03-11T18:54:20.362968326) (2023-03-11T18:54:20.362988346) [Dbg] [SystemManager.cc:58] Loaded system [ignition::gazebo::systems::SceneBroadcaster] for entity [1]
(2023-03-11T18:54:20.363927218) (2023-03-11T18:54:20.363939368) [Dbg] [SystemManager.cc:58] Loaded system [ignition::gazebo::systems::Contact] for entity [1]
(2023-03-11T18:54:20.364994041) (2023-03-11T18:54:20.365005371) [Dbg] [RFComms.cc:385] Range configuration:
RF Configuration (range-based)
-- max_range: 500000
-- fading_exponent: 2.6
-- l0: 40
-- sigma: 10

(2023-03-11T18:54:20.365144951) (2023-03-11T18:54:20.365157131) [Dbg] [RFComms.cc:388] Radio configuration:
Radio Configuration
-- capacity: 1e+06
-- tx_power: 25
-- noise_floor: -90
-- modulation: QPSK

(2023-03-11T18:54:20.365419412) (2023-03-11T18:54:20.365430582) [Dbg] [Broker.cc:113] Broker services:
(2023-03-11T18:54:20.365454612) (2023-03-11T18:54:20.365463572) [Dbg] [Broker.cc:114]   Bind: [/broker/bind]
(2023-03-11T18:54:20.365491932) (2023-03-11T18:54:20.365499872) [Dbg] [Broker.cc:115]   Unbind: [/broker/unbind]
(2023-03-11T18:54:20.365527742) (2023-03-11T18:54:20.365536362) [Dbg] [Broker.cc:116] Broker topics:
(2023-03-11T18:54:20.365557972) (2023-03-11T18:54:20.365567182) [Dbg] [Broker.cc:117]   Incoming messages: [/broker/msgs]
(2023-03-11T18:54:20.365599192) (2023-03-11T18:54:20.365608432) [Dbg] [SystemManager.cc:58] Loaded system [ignition::gazebo::systems::RFComms] for entity [1]
(2023-03-11T18:54:20.367749656) (2023-03-11T18:54:20.367759947) [Dbg] [RFRange.cc:339] RFRange sensor range configuration:
RF Configuration (range-based)
-- max_range: 500000
-- fading_exponent: 2.6
-- l0: 40
-- sigma: 0.005
-- rssi_1: -15

(2023-03-11T18:54:20.367862037) (2023-03-11T18:54:20.367870157) [Dbg] [RFRange.cc:342] RFRange sensor radio configuration:
Radio Configuration
-- tx_power: 25
-- noise_floor: -90

(2023-03-11T18:54:20.367937527) (2023-03-11T18:54:20.367946517) [Dbg] [SystemManager.cc:58] Loaded system [ignition::gazebo::systems::RFRange] for entity [1]
(2023-03-11T18:54:20.371457885) (2023-03-11T18:54:20.371471475) [Msg] Overwriting existing file [/tmp/ign/mbzirc/playback/state.tlog]
(2023-03-11T18:54:20.373508210) (2023-03-11T18:54:20.373521990) [Msg] Recording to log file [/tmp/ign/mbzirc/playback/state.tlog]
(2023-03-11T18:54:20.373564331) (2023-03-11T18:54:20.373576611) [Dbg] [LogRecord.cc:334] Recording default topic[/playback/sdf].
(2023-03-11T18:54:20.373610671) (2023-03-11T18:54:20.373623941) [Dbg] [LogRecord.cc:335] Recording default topic[/world/simple_demo/changed_state].
(2023-03-11T18:54:20.413548158) (2023-03-11T18:54:20.413571288) [Dbg] [SystemManager.cc:58] Loaded system [ignition::gazebo::systems::LogRecord] for entity [1]
(2023-03-11T18:54:20.416230215) (2023-03-11T18:54:20.416258345) [Dbg] [SystemManager.cc:58] Loaded system [ignition::gazebo::systems::WindEffects] for entity [1]
(2023-03-11T18:54:20.419664183) (2023-03-11T18:54:20.419673853) [Msg] MBZIRC log path: /tmp/ign/mbzirc/logs
(2023-03-11T18:54:20.419965014) (2023-03-11T18:54:20.419975424) [Msg] Run duration set to 3600 seconds.
(2023-03-11T18:54:20.420040434) (2023-03-11T18:54:20.420049354) [Msg] Geofence boundary min: -70 -70 -25, max: 70 70 121.92
(2023-03-11T18:54:20.420154775) (2023-03-11T18:54:20.420166745) [Msg] Start area boundary min: -15 -15 -5, max: 15 15 5
(2023-03-11T18:54:20.420245775) (2023-03-11T18:54:20.420257715) [Msg] Setup duration set to 600 seconds.
(2023-03-11T18:54:20.420288975) (2023-03-11T18:54:20.420297545) [Msg] Target vessel: Vessel A
(2023-03-11T18:54:20.420349105) (2023-03-11T18:54:20.420357175) [Msg]   Small object: small_blue_box_a
(2023-03-11T18:54:20.420382305) (2023-03-11T18:54:20.420390205) [Msg]   Small object: small_blue_box_a_duplicate
(2023-03-11T18:54:20.420414185) (2023-03-11T18:54:20.420421745) [Msg]   Large object: large_dry_box_a
(2023-03-11T18:54:20.420445395) (2023-03-11T18:54:20.420454555) [Msg]   Large object: large_dry_box_a_duplicate
(2023-03-11T18:54:20.421513928) (2023-03-11T18:54:20.421524978) [Msg] Starting MBZIRC
(2023-03-11T18:54:20.421653608) (2023-03-11T18:54:20.421663849) [Dbg] [SystemManager.cc:58] Loaded system [mbzirc::GameLogicPlugin] for entity [1]
(2023-03-11T18:54:20.426765991) (2023-03-11T18:54:20.426777111) [Msg] Using Pierson-Moskowitz spectrum sampling wavefield model 
(2023-03-11T18:54:20.427044621) (2023-03-11T18:54:20.427055561) [Msg] Using Pierson-Moskowitz spectrum sampling wavefield model 
(2023-03-11T18:54:20.862963524) (2023-03-11T18:54:20.862997134) [Msg] Input Parameters:
(2023-03-11T18:54:20.863069284) (2023-03-11T18:54:20.863094714) [Msg] model:     PMS
(2023-03-11T18:54:20.863173064) (2023-03-11T18:54:20.863199765) [Msg] number:     3
(2023-03-11T18:54:20.863273985) (2023-03-11T18:54:20.863298305) [Msg] scale:      1.1
(2023-03-11T18:54:20.863378445) (2023-03-11T18:54:20.863402765) [Msg] angle:      0.4
(2023-03-11T18:54:20.863460705) (2023-03-11T18:54:20.863479365) [Msg] steepness:  0
(2023-03-11T18:54:20.863527195) (2023-03-11T18:54:20.863544975) [Msg] amplitude:  0
(2023-03-11T18:54:20.863592336) (2023-03-11T18:54:20.863609556) [Msg] period:     5
(2023-03-11T18:54:20.863656496) (2023-03-11T18:54:20.863674326) [Msg] direction:  1 0
(2023-03-11T18:54:20.863746086) (2023-03-11T18:54:20.863763576) [Msg] tau:  2
(2023-03-11T18:54:20.863810836) (2023-03-11T18:54:20.863828196) [Msg] gain:  0.3
(2023-03-11T18:54:20.863874786) (2023-03-11T18:54:20.863890856) [Msg] Derived Parameters:
(2023-03-11T18:54:20.863929716) (2023-03-11T18:54:20.863948456) [Msg] amplitudes:  0.0363502, 0.0392277, 0.0385703, 
(2023-03-11T18:54:20.864062487) (2023-03-11T18:54:20.864079067) [Msg] wavenumbers: 0.133171, 0.161136, 0.194975, 
(2023-03-11T18:54:20.864161577) (2023-03-11T18:54:20.864179857) [Msg] omegas:      1.1424, 1.25664, 1.3823, 
(2023-03-11T18:54:20.864264947) (2023-03-11T18:54:20.864281867) [Msg] periods:     (2023-03-11T18:54:20.864327387) (2023-03-11T18:54:20.864345497) [Msg] 5.5, (2023-03-11T18:54:20.864387928) (2023-03-11T18:54:20.864405608) [Msg] 5, (2023-03-11T18:54:20.864447198) (2023-03-11T18:54:20.864464798) [Msg] 4.54545, (2023-03-11T18:54:20.864504468) (2023-03-11T18:54:20.864521038) [Msg] 
(2023-03-11T18:54:20.864554328) (2023-03-11T18:54:20.864571798) [Msg] phases:      0, 0, 0, 
(2023-03-11T18:54:20.864656008) (2023-03-11T18:54:20.864673928) [Msg] steepnesses: 0, 0, 0, 
(2023-03-11T18:54:20.864756228) (2023-03-11T18:54:20.864773338) [Msg] directions:  (2023-03-11T18:54:20.864813899) (2023-03-11T18:54:20.864831349) [Msg] 0.921061 -0.389418; (2023-03-11T18:54:20.864891789) (2023-03-11T18:54:20.864909759) [Msg] 1 0; (2023-03-11T18:54:20.864962819) (2023-03-11T18:54:20.864979549) [Msg] 0.921061 0.389418; (2023-03-11T18:54:20.865034589) (2023-03-11T18:54:20.865051249) [Msg] 
(2023-03-11T18:54:20.865789741) (2023-03-11T18:54:20.865809001) [Dbg] [SystemManager.cc:58] Loaded system [ignition::gazebo::systems::WaveVisual] for entity [23]
(2023-03-11T18:54:20.870144680) (2023-03-11T18:54:20.870154230) [Msg] Using Pierson-Moskowitz spectrum sampling wavefield model 
(2023-03-11T18:54:20.870338881) (2023-03-11T18:54:20.870349381) [Msg] Using Pierson-Moskowitz spectrum sampling wavefield model 
(2023-03-11T18:54:20.870389701) (2023-03-11T18:54:20.870398781) [Msg] Input Parameters:
(2023-03-11T18:54:20.870418721) (2023-03-11T18:54:20.870426341) [Msg] model:     PMS
(2023-03-11T18:54:20.870451011) (2023-03-11T18:54:20.870459281) [Msg] number:     3
(2023-03-11T18:54:20.870481311) (2023-03-11T18:54:20.870489731) [Msg] scale:      1.1
(2023-03-11T18:54:20.870514421) (2023-03-11T18:54:20.870522751) [Msg] angle:      0.4
(2023-03-11T18:54:20.870548031) (2023-03-11T18:54:20.870556101) [Msg] steepness:  0
(2023-03-11T18:54:20.870578901) (2023-03-11T18:54:20.870587101) [Msg] amplitude:  0
(2023-03-11T18:54:20.870609771) (2023-03-11T18:54:20.870618301) [Msg] period:     5
(2023-03-11T18:54:20.870641832) (2023-03-11T18:54:20.870649932) [Msg] direction:  1 0
(2023-03-11T18:54:20.870679592) (2023-03-11T18:54:20.870687802) [Msg] tau:  2
(2023-03-11T18:54:20.870711122) (2023-03-11T18:54:20.870719062) [Msg] gain:  0.3
(2023-03-11T18:54:20.870741722) (2023-03-11T18:54:20.870749182) [Msg] Derived Parameters:
(2023-03-11T18:54:20.870780132) (2023-03-11T18:54:20.870788122) [Msg] amplitudes:  0.0363502, 0.0392277, 0.0385703, 
(2023-03-11T18:54:20.870830532) (2023-03-11T18:54:20.870838262) [Msg] wavenumbers: 0.133171, 0.161136, 0.194975, 
(2023-03-11T18:54:20.870878642) (2023-03-11T18:54:20.870887252) [Msg] omegas:      1.1424, 1.25664, 1.3823, 
(2023-03-11T18:54:20.870930092) (2023-03-11T18:54:20.870939022) [Msg] periods:     (2023-03-11T18:54:20.870954682) (2023-03-11T18:54:20.870963192) [Msg] 5.5, (2023-03-11T18:54:20.870983792) (2023-03-11T18:54:20.870992152) [Msg] 5, (2023-03-11T18:54:20.871012362) (2023-03-11T18:54:20.871020952) [Msg] 4.54545, (2023-03-11T18:54:20.871041293) (2023-03-11T18:54:20.871049843) [Msg] 
(2023-03-11T18:54:20.871065473) (2023-03-11T18:54:20.871074413) [Msg] phases:      0, 0, 0, 
(2023-03-11T18:54:20.871114653) (2023-03-11T18:54:20.871122453) [Msg] steepnesses: 0, 0, 0, 
(2023-03-11T18:54:20.871160603) (2023-03-11T18:54:20.871168883) [Msg] directions:  (2023-03-11T18:54:20.871184313) (2023-03-11T18:54:20.871192673) [Msg] 0.921061 -0.389418; (2023-03-11T18:54:20.871217483) (2023-03-11T18:54:20.871225143) [Msg] 1 0; (2023-03-11T18:54:20.871250333) (2023-03-11T18:54:20.871258583) [Msg] 0.921061 0.389418; (2023-03-11T18:54:20.871285843) (2023-03-11T18:54:20.871294073) [Msg] 
(2023-03-11T18:54:20.871328433) (2023-03-11T18:54:20.871336523) [Dbg] [Surface.cc:161] Surface plugin successfully configured with the following parameters:
(2023-03-11T18:54:20.871363223) (2023-03-11T18:54:20.871372053) [Dbg] [Surface.cc:163]   <link_name>: link
(2023-03-11T18:54:20.871395843) (2023-03-11T18:54:20.871404093) [Dbg] [Surface.cc:164]   <vehicle_length>: 6
(2023-03-11T18:54:20.871428714) (2023-03-11T18:54:20.871436734) [Dbg] [Surface.cc:165]   <vehicle_width>: 3.3
(2023-03-11T18:54:20.871461774) (2023-03-11T18:54:20.871469714) [Dbg] [Surface.cc:166]   <hull_radius>: 1.9
(2023-03-11T18:54:20.871494014) (2023-03-11T18:54:20.871501404) [Dbg] [Surface.cc:167]   <num_samples>: 2
(2023-03-11T18:54:20.871524104) (2023-03-11T18:54:20.871532094) [Dbg] [Surface.cc:168]   <fluid_level>: 0.45
(2023-03-11T18:54:20.871555154) (2023-03-11T18:54:20.871563434) [Dbg] [Surface.cc:169]   <fluid_density>: 997.774
(2023-03-11T18:54:20.871601474) (2023-03-11T18:54:20.871609754) [Dbg] [SystemManager.cc:58] Loaded system [ignition::gazebo::systems::Surface] for entity [24]
(2023-03-11T18:54:20.873314888) (2023-03-11T18:54:20.873326208) [Dbg] [SimpleHydrodynamics.cc:167] SimpleHydrodynamics plugin successfully configured with the following parameters:
(2023-03-11T18:54:20.873351958) (2023-03-11T18:54:20.873361258) [Dbg] [SimpleHydrodynamics.cc:169]   <link_name>: link
(2023-03-11T18:54:20.873385168) (2023-03-11T18:54:20.873393608) [Dbg] [SimpleHydrodynamics.cc:170]   <xDotU>: 0
(2023-03-11T18:54:20.873419579) (2023-03-11T18:54:20.873427829) [Dbg] [SimpleHydrodynamics.cc:171]   <yDotV>: 0
(2023-03-11T18:54:20.873451389) (2023-03-11T18:54:20.873460089) [Dbg] [SimpleHydrodynamics.cc:172]   <zDotW>: 0.1
(2023-03-11T18:54:20.873485409) (2023-03-11T18:54:20.873493999) [Dbg] [SimpleHydrodynamics.cc:173]   <kDotP>: 0.1
(2023-03-11T18:54:20.873518749) (2023-03-11T18:54:20.873526799) [Dbg] [SimpleHydrodynamics.cc:174]   <mDotQ>: 0.1
(2023-03-11T18:54:20.873551619) (2023-03-11T18:54:20.873559939) [Dbg] [SimpleHydrodynamics.cc:175]   <nDotR>: 0
(2023-03-11T18:54:20.873583699) (2023-03-11T18:54:20.873592049) [Dbg] [SimpleHydrodynamics.cc:176]   <xU>: 510.3
(2023-03-11T18:54:20.873618429) (2023-03-11T18:54:20.873626469) [Dbg] [SimpleHydrodynamics.cc:177]   <xUU>: 720.4
(2023-03-11T18:54:20.873650969) (2023-03-11T18:54:20.873660069) [Dbg] [SimpleHydrodynamics.cc:178]   <yV>: 400
(2023-03-11T18:54:20.873683079) (2023-03-11T18:54:20.873690639) [Dbg] [SimpleHydrodynamics.cc:179]   <yVV>: 0
(2023-03-11T18:54:20.873715219) (2023-03-11T18:54:20.873723029) [Dbg] [SimpleHydrodynamics.cc:180]   <zW>: 5000
(2023-03-11T18:54:20.873748099) (2023-03-11T18:54:20.873756329) [Dbg] [SimpleHydrodynamics.cc:181]   <zWW>: 0
(2023-03-11T18:54:20.873780069) (2023-03-11T18:54:20.873789979) [Dbg] [SimpleHydrodynamics.cc:182]   <kP>: 500
(2023-03-11T18:54:20.873818910) (2023-03-11T18:54:20.873827650) [Dbg] [SimpleHydrodynamics.cc:183]   <kPP>: 0
(2023-03-11T18:54:20.873855310) (2023-03-11T18:54:20.873865800) [Dbg] [SimpleHydrodynamics.cc:184]   <mQ>: 500
(2023-03-11T18:54:20.873892430) (2023-03-11T18:54:20.873900930) [Dbg] [SimpleHydrodynamics.cc:185]   <mQQ>: 0
(2023-03-11T18:54:20.873925360) (2023-03-11T18:54:20.873933390) [Dbg] [SimpleHydrodynamics.cc:186]   <nR>: 15000
(2023-03-11T18:54:20.873957750) (2023-03-11T18:54:20.873965480) [Dbg] [SimpleHydrodynamics.cc:187]   <nRR>: 0
(2023-03-11T18:54:20.873993350) (2023-03-11T18:54:20.874001600) [Dbg] [SystemManager.cc:58] Loaded system [ignition::gazebo::systems::SimpleHydrodynamics] for entity [24]
(2023-03-11T18:54:20.875270653) (2023-03-11T18:54:20.875280223) [Dbg] [SystemManager.cc:58] Loaded system [ignition::gazebo::systems::DetachableJoint] for entity [28]
(2023-03-11T18:54:20.875744424) (2023-03-11T18:54:20.875753724) [Dbg] [SystemManager.cc:58] Loaded system [ignition::gazebo::systems::DetachableJoint] for entity [44]
(2023-03-11T18:54:20.876510066) (2023-03-11T18:54:20.876520606) [Dbg] [SystemManager.cc:58] Loaded system [ignition::gazebo::systems::DetachableJoint] for entity [60]
(2023-03-11T18:54:20.877267958) (2023-03-11T18:54:20.877277558) [Dbg] [SystemManager.cc:58] Loaded system [ignition::gazebo::systems::DetachableJoint] for entity [112]
(2023-03-11T18:54:20.878396821) (2023-03-11T18:54:20.878406641) [Dbg] [SystemManager.cc:58] Loaded system [ignition::gazebo::systems::CommsEndpoint] for entity [164]
(2023-03-11T18:54:20.878573082) (2023-03-11T18:54:20.878582692) [Dbg] [SystemManager.cc:58] Loaded system [ignition::gazebo::systems::CommsEndpoint] for entity [164]
(2023-03-11T18:54:20.879996025) (2023-03-11T18:54:20.880006495) [Dbg] [SystemManager.cc:58] Loaded system [mbzirc::BaseStation] for entity [164]
(2023-03-11T18:54:20.881726749) (2023-03-11T18:54:20.881737329) [Msg] EntityDetector publishing messages on [/mbzirc/target_object_detector/dropped]
(2023-03-11T18:54:20.881887160) (2023-03-11T18:54:20.881897510) [Dbg] [SystemManager.cc:58] Loaded system [mbzirc::EntityDetector] for entity [168]
(2023-03-11T18:54:20.881979940) (2023-03-11T18:54:20.881988880) [Msg] Loaded level [3]
(2023-03-11T18:54:20.882264310) (2023-03-11T18:54:20.882274820) [Msg] Serving world controls on [/world/simple_demo/control], [/world/simple_demo/control/state] and [/world/simple_demo/playback/control]
(2023-03-11T18:54:20.882387481) (2023-03-11T18:54:20.882397331) [Msg] Serving GUI information on [/world/simple_demo/gui/info]
(2023-03-11T18:54:20.882433171) (2023-03-11T18:54:20.882442021) [Msg] World [simple_demo] initialized with [4ms] physics profile.
(2023-03-11T18:54:20.882563331) (2023-03-11T18:54:20.882573931) [Msg] Serving world SDF generation service on [/world/simple_demo/generate_world_sdf]
(2023-03-11T18:54:20.882657021) (2023-03-11T18:54:20.882666321) [Msg] Serving world names on [/gazebo/worlds]
(2023-03-11T18:54:20.882735881) (2023-03-11T18:54:20.882745781) [Msg] Resource path add service on [/gazebo/resource_paths/add].
(2023-03-11T18:54:20.882816772) (2023-03-11T18:54:20.882827532) [Msg] Resource path get service on [/gazebo/resource_paths/get].
(2023-03-11T18:54:20.983055136) (2023-03-11T18:54:20.983073686) [Msg] Resource path resolve service on [/gazebo/resource_paths/resolve].
(2023-03-11T18:54:20.983194126) (2023-03-11T18:54:20.983212366) [Msg] Resource paths published on [/gazebo/resource_paths].
(2023-03-11T18:54:20.983429586) (2023-03-11T18:54:20.983459056) [Msg] Server control service on [/server_control].
(2023-03-11T18:54:20.983658617) (2023-03-11T18:54:20.983680027) [Msg] Found no publishers on /stats, adding root stats topic
(2023-03-11T18:54:20.983819787) (2023-03-11T18:54:20.983835547) [Msg] Found no publishers on /clock, adding root clock topic
(2023-03-11T18:54:20.984051538) (2023-03-11T18:54:20.984071838) [Dbg] [SimulationRunner.cc:491] Creating PostUpdate worker threads: 13
(2023-03-11T18:54:20.984122968) (2023-03-11T18:54:20.984144968) [Dbg] [SimulationRunner.cc:502] Creating postupdate worker thread (0)
(2023-03-11T18:54:20.984253318) (2023-03-11T18:54:20.984269968) [Dbg] [SimulationRunner.cc:502] Creating postupdate worker thread (1)
(2023-03-11T18:54:20.984358688) (2023-03-11T18:54:20.984374908) [Dbg] [SimulationRunner.cc:502] Creating postupdate worker thread (2)
(2023-03-11T18:54:20.984485379) (2023-03-11T18:54:20.984508469) [Dbg] [SimulationRunner.cc:502] Creating postupdate worker thread (3)
(2023-03-11T18:54:20.984602639) (2023-03-11T18:54:20.984622329) [Dbg] [SimulationRunner.cc:502] Creating postupdate worker thread (4)
(2023-03-11T18:54:20.984722239) (2023-03-11T18:54:20.984738169) [Dbg] [SimulationRunner.cc:502] Creating postupdate worker thread (5)
(2023-03-11T18:54:20.984809009) (2023-03-11T18:54:20.984824069) [Dbg] [SimulationRunner.cc:502] Creating postupdate worker thread (6)
(2023-03-11T18:54:20.984895749) (2023-03-11T18:54:20.984909230) [Dbg] [SimulationRunner.cc:502] Creating postupdate worker thread (7)
(2023-03-11T18:54:20.984980700) (2023-03-11T18:54:20.984996680) [Dbg] [SimulationRunner.cc:502] Creating postupdate worker thread (8)
(2023-03-11T18:54:20.985079560) (2023-03-11T18:54:20.985105300) [Dbg] [SimulationRunner.cc:502] Creating postupdate worker thread (9)
(2023-03-11T18:54:20.985187410) (2023-03-11T18:54:20.985200560) [Dbg] [SimulationRunner.cc:502] Creating postupdate worker thread (10)
(2023-03-11T18:54:20.985272300) (2023-03-11T18:54:20.985286780) [Dbg] [SimulationRunner.cc:502] Creating postupdate worker thread (11)
(2023-03-11T18:54:21.84607643) (2023-03-11T18:54:21.84630233) [Msg] Particle emitter[simple_demo::dust_storm::link::dust_storm] subscribed to command messages on topic[/model/dust_storm/link/link/particle_emitter/dust_storm/cmd]
(2023-03-11T18:54:21.84836883) (2023-03-11T18:54:21.84856103) [Msg] Particle emitter[simple_demo::fog::link::fog] subscribed to command messages on topic[/model/fog/link/link/particle_emitter/fog/cmd]
(2023-03-11T18:54:21.86781188) (2023-03-11T18:54:21.86801408) [Msg] DetachableJoint subscribing to messages on [/Vessel_A/detach]
(2023-03-11T18:54:21.86943918) (2023-03-11T18:54:21.86962528) [Msg] DetachableJoint subscribing to messages on [/Vessel_A/detach]
(2023-03-11T18:54:21.87092269) (2023-03-11T18:54:21.87108459) [Msg] DetachableJoint subscribing to messages on [/Vessel_A/detach]
(2023-03-11T18:54:21.87237209) (2023-03-11T18:54:21.87254099) [Msg] DetachableJoint subscribing to messages on [/Vessel_A/detach]
(2023-03-11T18:54:21.87448730) (2023-03-11T18:54:21.87467450) [Msg] Address [base_station/target] bound to model [base_station] on topic [base_station/target]
(2023-03-11T18:54:21.87549500) (2023-03-11T18:54:21.87564940) [Dbg] [CommsEndpoint.cc:89] Succesfuly bound to [base_station/target] on topic [base_station/target]
(2023-03-11T18:54:21.87698180) (2023-03-11T18:54:21.87714630) [Msg] Address [base_station/video] bound to model [base_station] on topic [base_station/video]
(2023-03-11T18:54:21.87793940) (2023-03-11T18:54:21.87809360) [Dbg] [CommsEndpoint.cc:89] Succesfuly bound to [base_station/video] on topic [base_station/video]
(2023-03-11T18:54:21.162706094) (2023-03-11T18:54:21.162720644) [Dbg] [Physics.cc:1593] Creating detachable joint [170]
(2023-03-11T18:54:21.162865724) (2023-03-11T18:54:21.162875264) [Dbg] [Physics.cc:1593] Creating detachable joint [171]
(2023-03-11T18:54:21.162987094) (2023-03-11T18:54:21.162998304) [Dbg] [Physics.cc:1593] Creating detachable joint [172]
(2023-03-11T18:54:21.163301485) (2023-03-11T18:54:21.163312655) [Dbg] [Physics.cc:1593] Creating detachable joint [173]
(2023-03-11T18:54:21.164493397) (2023-03-11T18:54:21.164502807) [Dbg] [SimulationFeatures.cc:63] Simulation timestep set to: 0.004
(2023-03-11T18:54:21.174590442) (2023-03-11T18:54:21.174620383) [Msg] Serving scene information on [/world/simple_demo/scene/info]
(2023-03-11T18:54:21.174851903) (2023-03-11T18:54:21.174883543) [Msg] Serving graph information on [/world/simple_demo/scene/graph]
(2023-03-11T18:54:21.175096614) (2023-03-11T18:54:21.175125134) [Msg] Serving full state on [/world/simple_demo/state]
(2023-03-11T18:54:21.175353324) (2023-03-11T18:54:21.175376034) [Msg] Serving full state (async) on [/world/simple_demo/state_async]
(2023-03-11T18:54:21.175580355) (2023-03-11T18:54:21.175604395) [Msg] Publishing scene information on [/world/simple_demo/scene/info]
(2023-03-11T18:54:21.175794636) (2023-03-11T18:54:21.175819006) [Msg] Publishing entity deletions on [/world/simple_demo/scene/deletion]
(2023-03-11T18:54:21.175957496) (2023-03-11T18:54:21.175979626) [Msg] Publishing state changes on [/world/simple_demo/state]
(2023-03-11T18:54:21.176137916) (2023-03-11T18:54:21.176161606) [Msg] Publishing pose messages on [/world/simple_demo/pose/info]
(2023-03-11T18:54:21.176316427) (2023-03-11T18:54:21.176338307) [Msg] Publishing dynamic pose messages on [/world/simple_demo/dynamic_pose/info]
(2023-03-11T18:54:21.176675748) (2023-03-11T18:54:21.176695398) [Wrn] [Model.hh:69] Skipping serialization / deserialization for models with //pose/@relative_to attribute.
(2023-03-11T18:54:21.176810138) (2023-03-11T18:54:21.176834378) [Dbg] [EntityComponentManager.cc:1587] Updated state thread iterators: 24 threads processing around 8 entities each.
(2023-03-11T18:54:21.177784350) (2023-03-11T18:54:21.177802590) [Wrn] [Component.hh:144] Trying to serialize component with data type [N3sdf3v125WorldE], which doesn't have `operator<<`. Component will not be serialized.
(2023-03-11T18:54:21.202485049) (2023-03-11T18:54:21.202507809) [Dbg] [EntityComponentManager.cc:1587] Updated state thread iterators: 24 threads processing around 8 entities each.
(2023-03-11T18:54:30.75667349) (2023-03-11T18:54:30.75681749) [Msg] Linear velocity initialized to [0 0 0]
(2023-03-11T18:54:30.75736359) (2023-03-11T18:54:30.75745419) [Msg] Angular velocity initialized to [0 0 0]
(2023-03-11T18:54:30.75928619) (2023-03-11T18:54:30.75938279) [Msg] VelocityControl subscribing to twist messages on [/model/usv/cmd_vel]
(2023-03-11T18:54:30.75975140) (2023-03-11T18:54:30.75983950) [Dbg] [SystemManager.cc:58] Loaded system [ignition::gazebo::systems::VelocityControl] for entity [174]
(2023-03-11T18:54:30.76984742) (2023-03-11T18:54:30.76996612) [Dbg] [OdometryPublisher.cc:191] OdometryPublisher system plugin missing <dimensions>, defaults to "2"
(2023-03-11T18:54:30.77165913) (2023-03-11T18:54:30.77176813) [Msg] OdometryPublisher publishing odometry on [/model/usv/odometry]
(2023-03-11T18:54:30.77276433) (2023-03-11T18:54:30.77285733) [Msg] OdometryPublisher publishing odometry with covariance on [/model/usv/odometry_with_covariance]
(2023-03-11T18:54:30.77368503) (2023-03-11T18:54:30.77376943) [Msg] OdometryPublisher publishing Pose_V (TF) on [/model/usv/pose]
(2023-03-11T18:54:30.77409673) (2023-03-11T18:54:30.77418613) [Dbg] [SystemManager.cc:58] Loaded system [ignition::gazebo::systems::OdometryPublisher] for entity [174]
(2023-03-11T18:54:30.78721236) (2023-03-11T18:54:30.78732507) [Msg] Thruster listening to commands in [/model/usv/joint/left_engine_propeller_joint/cmd_thrust]
(2023-03-11T18:54:30.78795187) (2023-03-11T18:54:30.78804087) [Dbg] [Thruster.cc:288] Using velocity control for propeller joint.
(2023-03-11T18:54:30.78830007) (2023-03-11T18:54:30.78838837) [Dbg] [SystemManager.cc:58] Loaded system [ignition::gazebo::systems::Thruster] for entity [174]
(2023-03-11T18:54:30.79906779) (2023-03-11T18:54:30.79918370) [Dbg] [JointPositionController.cc:205] [JointPositionController] system parameters:
(2023-03-11T18:54:30.79943600) (2023-03-11T18:54:30.79951320) [Dbg] [JointPositionController.cc:206] p_gain: [1]
(2023-03-11T18:54:30.79984160) (2023-03-11T18:54:30.79993530) [Dbg] [JointPositionController.cc:207] i_gain: [0.1]
(2023-03-11T18:54:30.80022910) (2023-03-11T18:54:30.80032700) [Dbg] [JointPositionController.cc:208] d_gain: [0.01]
(2023-03-11T18:54:30.80062030) (2023-03-11T18:54:30.80071010) [Dbg] [JointPositionController.cc:209] i_max: [1]
(2023-03-11T18:54:30.80100300) (2023-03-11T18:54:30.80109180) [Dbg] [JointPositionController.cc:210] i_min: [-1]
(2023-03-11T18:54:30.80139860) (2023-03-11T18:54:30.80158910) [Dbg] [JointPositionController.cc:211] cmd_max: [1000]
(2023-03-11T18:54:30.80188440) (2023-03-11T18:54:30.80197770) [Dbg] [JointPositionController.cc:212] cmd_min: [-1000]
(2023-03-11T18:54:30.80227980) (2023-03-11T18:54:30.80236530) [Dbg] [JointPositionController.cc:213] cmd_offset: [0]
(2023-03-11T18:54:30.80266340) (2023-03-11T18:54:30.80275950) [Dbg] [JointPositionController.cc:214] Topic: [usv/left/thruster/joint/cmd_pos]
(2023-03-11T18:54:30.80304880) (2023-03-11T18:54:30.80313421) [Dbg] [JointPositionController.cc:215] initial_position: [0]
(2023-03-11T18:54:30.80346061) (2023-03-11T18:54:30.80354241) [Dbg] [SystemManager.cc:58] Loaded system [ignition::gazebo::systems::JointPositionController] for entity [174]
(2023-03-11T18:54:30.80659291) (2023-03-11T18:54:30.80671121) [Msg] Thruster listening to commands in [/model/usv/joint/right_engine_propeller_joint/cmd_thrust]
(2023-03-11T18:54:30.80721672) (2023-03-11T18:54:30.80732202) [Dbg] [Thruster.cc:288] Using velocity control for propeller joint.
(2023-03-11T18:54:30.80757782) (2023-03-11T18:54:30.80766892) [Dbg] [SystemManager.cc:58] Loaded system [ignition::gazebo::systems::Thruster] for entity [174]
(2023-03-11T18:54:30.81026992) (2023-03-11T18:54:30.81038772) [Dbg] [JointPositionController.cc:205] [JointPositionController] system parameters:
(2023-03-11T18:54:30.81061972) (2023-03-11T18:54:30.81070372) [Dbg] [JointPositionController.cc:206] p_gain: [1]
(2023-03-11T18:54:30.81126683) (2023-03-11T18:54:30.81136663) [Dbg] [JointPositionController.cc:207] i_gain: [0.1]
(2023-03-11T18:54:30.81166443) (2023-03-11T18:54:30.81176533) [Dbg] [JointPositionController.cc:208] d_gain: [0.01]
(2023-03-11T18:54:30.81205393) (2023-03-11T18:54:30.81214353) [Dbg] [JointPositionController.cc:209] i_max: [1]
(2023-03-11T18:54:30.81245183) (2023-03-11T18:54:30.81253243) [Dbg] [JointPositionController.cc:210] i_min: [-1]
(2023-03-11T18:54:30.81282333) (2023-03-11T18:54:30.81291403) [Dbg] [JointPositionController.cc:211] cmd_max: [1000]
(2023-03-11T18:54:30.81320953) (2023-03-11T18:54:30.81330123) [Dbg] [JointPositionController.cc:212] cmd_min: [-1000]
(2023-03-11T18:54:30.81358533) (2023-03-11T18:54:30.81368273) [Dbg] [JointPositionController.cc:213] cmd_offset: [0]
(2023-03-11T18:54:30.81403833) (2023-03-11T18:54:30.81413023) [Dbg] [JointPositionController.cc:214] Topic: [usv/right/thruster/joint/cmd_pos]
(2023-03-11T18:54:30.81441923) (2023-03-11T18:54:30.81450973) [Dbg] [JointPositionController.cc:215] initial_position: [0]
(2023-03-11T18:54:30.81484563) (2023-03-11T18:54:30.81493443) [Dbg] [SystemManager.cc:58] Loaded system [ignition::gazebo::systems::JointPositionController] for entity [174]
(2023-03-11T18:54:30.81734494) (2023-03-11T18:54:30.81744214) [Msg] Using Pierson-Moskowitz spectrum sampling wavefield model 
(2023-03-11T18:54:30.81873664) (2023-03-11T18:54:30.81883664) [Msg] Using Pierson-Moskowitz spectrum sampling wavefield model 
(2023-03-11T18:54:30.81945944) (2023-03-11T18:54:30.81954354) [Msg] Input Parameters:
(2023-03-11T18:54:30.81975324) (2023-03-11T18:54:30.81983744) [Msg] model:     PMS
(2023-03-11T18:54:30.82009664) (2023-03-11T18:54:30.82019924) [Msg] number:     3
(2023-03-11T18:54:30.82049284) (2023-03-11T18:54:30.82058414) [Msg] scale:      1.1
(2023-03-11T18:54:30.82088095) (2023-03-11T18:54:30.82096865) [Msg] angle:      0.4
(2023-03-11T18:54:30.82123885) (2023-03-11T18:54:30.82132515) [Msg] steepness:  0
(2023-03-11T18:54:30.82157415) (2023-03-11T18:54:30.82166275) [Msg] amplitude:  0
(2023-03-11T18:54:30.82191595) (2023-03-11T18:54:30.82199985) [Msg] period:     5
(2023-03-11T18:54:30.82225615) (2023-03-11T18:54:30.82234995) [Msg] direction:  1 0
(2023-03-11T18:54:30.82269695) (2023-03-11T18:54:30.82279235) [Msg] tau:  2
(2023-03-11T18:54:30.82305095) (2023-03-11T18:54:30.82314565) [Msg] gain:  0.3
(2023-03-11T18:54:30.82339745) (2023-03-11T18:54:30.82348725) [Msg] Derived Parameters:
(2023-03-11T18:54:30.82371575) (2023-03-11T18:54:30.82380535) [Msg] amplitudes:  0.0363502, 0.0392277, 0.0385703, 
(2023-03-11T18:54:30.82424885) (2023-03-11T18:54:30.82438465) [Msg] wavenumbers: 0.133171, 0.161136, 0.194975, 
(2023-03-11T18:54:30.82488505) (2023-03-11T18:54:30.82498195) [Msg] omegas:      1.1424, 1.25664, 1.3823, 
(2023-03-11T18:54:30.82542095) (2023-03-11T18:54:30.82550715) [Msg] periods:     (2023-03-11T18:54:30.82568426) (2023-03-11T18:54:30.82577896) [Msg] 5.5, (2023-03-11T18:54:30.82600306) (2023-03-11T18:54:30.82609136) [Msg] 5, (2023-03-11T18:54:30.82637136) (2023-03-11T18:54:30.82648106) [Msg] 4.54545, (2023-03-11T18:54:30.82674766) (2023-03-11T18:54:30.82686696) [Msg] 
(2023-03-11T18:54:30.82705916) (2023-03-11T18:54:30.82716876) [Msg] phases:      0, 0, 0, 
(2023-03-11T18:54:30.82774396) (2023-03-11T18:54:30.82784876) [Msg] steepnesses: 0, 0, 0, 
(2023-03-11T18:54:30.82838636) (2023-03-11T18:54:30.82851146) [Msg] directions:  (2023-03-11T18:54:30.82876586) (2023-03-11T18:54:30.82889676) [Msg] 0.921061 -0.389418; (2023-03-11T18:54:30.82922216) (2023-03-11T18:54:30.82931496) [Msg] 1 0; (2023-03-11T18:54:30.82959666) (2023-03-11T18:54:30.82968776) [Msg] 0.921061 0.389418; (2023-03-11T18:54:30.82996966) (2023-03-11T18:54:30.83006736) [Msg] 
(2023-03-11T18:54:30.83033476) (2023-03-11T18:54:30.83041537) [Dbg] [Surface.cc:161] Surface plugin successfully configured with the following parameters:
(2023-03-11T18:54:30.83067547) (2023-03-11T18:54:30.83076617) [Dbg] [Surface.cc:163]   <link_name>: base_link
(2023-03-11T18:54:30.83102657) (2023-03-11T18:54:30.83111497) [Dbg] [Surface.cc:164]   <vehicle_length>: 6
(2023-03-11T18:54:30.83138427) (2023-03-11T18:54:30.83147697) [Dbg] [Surface.cc:165]   <vehicle_width>: 3.3
(2023-03-11T18:54:30.83172837) (2023-03-11T18:54:30.83181647) [Dbg] [Surface.cc:166]   <hull_radius>: 0.27
(2023-03-11T18:54:30.83206947) (2023-03-11T18:54:30.83215867) [Dbg] [Surface.cc:167]   <num_samples>: 2
(2023-03-11T18:54:30.83241397) (2023-03-11T18:54:30.83250277) [Dbg] [Surface.cc:168]   <fluid_level>: 0.45
(2023-03-11T18:54:30.83275767) (2023-03-11T18:54:30.83285267) [Dbg] [Surface.cc:169]   <fluid_density>: 997.774
(2023-03-11T18:54:30.83314867) (2023-03-11T18:54:30.83323267) [Dbg] [SystemManager.cc:58] Loaded system [ignition::gazebo::systems::Surface] for entity [174]
(2023-03-11T18:54:30.83625168) (2023-03-11T18:54:30.83635888) [Dbg] [SimpleHydrodynamics.cc:167] SimpleHydrodynamics plugin successfully configured with the following parameters:
(2023-03-11T18:54:30.83663288) (2023-03-11T18:54:30.83672428) [Dbg] [SimpleHydrodynamics.cc:169]   <link_name>: base_link
(2023-03-11T18:54:30.83698218) (2023-03-11T18:54:30.83707898) [Dbg] [SimpleHydrodynamics.cc:170]   <xDotU>: 0
(2023-03-11T18:54:30.83737048) (2023-03-11T18:54:30.83745978) [Dbg] [SimpleHydrodynamics.cc:171]   <yDotV>: 0
(2023-03-11T18:54:30.83771938) (2023-03-11T18:54:30.83780708) [Dbg] [SimpleHydrodynamics.cc:172]   <zDotW>: 0.1
(2023-03-11T18:54:30.83807548) (2023-03-11T18:54:30.83817088) [Dbg] [SimpleHydrodynamics.cc:173]   <kDotP>: 0.1
(2023-03-11T18:54:30.83843748) (2023-03-11T18:54:30.83852598) [Dbg] [SimpleHydrodynamics.cc:174]   <mDotQ>: 0.1
(2023-03-11T18:54:30.83878768) (2023-03-11T18:54:30.83888258) [Dbg] [SimpleHydrodynamics.cc:175]   <nDotR>: 0
(2023-03-11T18:54:30.83915638) (2023-03-11T18:54:30.83924388) [Dbg] [SimpleHydrodynamics.cc:176]   <xU>: 51.3
(2023-03-11T18:54:30.83951918) (2023-03-11T18:54:30.83962828) [Dbg] [SimpleHydrodynamics.cc:177]   <xUU>: 72.4
(2023-03-11T18:54:30.83994398) (2023-03-11T18:54:30.84004049) [Dbg] [SimpleHydrodynamics.cc:178]   <yV>: 40
(2023-03-11T18:54:30.84031199) (2023-03-11T18:54:30.84040249) [Dbg] [SimpleHydrodynamics.cc:179]   <yVV>: 0
(2023-03-11T18:54:30.84065459) (2023-03-11T18:54:30.84073729) [Dbg] [SimpleHydrodynamics.cc:180]   <zW>: 500
(2023-03-11T18:54:30.84100549) (2023-03-11T18:54:30.84109909) [Dbg] [SimpleHydrodynamics.cc:181]   <zWW>: 0
(2023-03-11T18:54:30.84134529) (2023-03-11T18:54:30.84143339) [Dbg] [SimpleHydrodynamics.cc:182]   <kP>: 100
(2023-03-11T18:54:30.84168139) (2023-03-11T18:54:30.84176229) [Dbg] [SimpleHydrodynamics.cc:183]   <kPP>: 0
(2023-03-11T18:54:30.84204069) (2023-03-11T18:54:30.84212549) [Dbg] [SimpleHydrodynamics.cc:184]   <mQ>: 100
(2023-03-11T18:54:30.84244889) (2023-03-11T18:54:30.84254529) [Dbg] [SimpleHydrodynamics.cc:185]   <mQQ>: 0
(2023-03-11T18:54:30.84279919) (2023-03-11T18:54:30.84289689) [Dbg] [SimpleHydrodynamics.cc:186]   <nR>: 400
(2023-03-11T18:54:30.84316309) (2023-03-11T18:54:30.84325389) [Dbg] [SimpleHydrodynamics.cc:187]   <nRR>: 0
(2023-03-11T18:54:30.84355879) (2023-03-11T18:54:30.84364179) [Dbg] [SystemManager.cc:58] Loaded system [ignition::gazebo::systems::SimpleHydrodynamics] for entity [174]
(2023-03-11T18:54:30.85689992) (2023-03-11T18:54:30.85701462) [Dbg] [SystemManager.cc:58] Loaded system [ignition::gazebo::systems::PosePublisher] for entity [174]
(2023-03-11T18:54:30.85942083) (2023-03-11T18:54:30.85953093) [Msg] EntityDetector publishing messages on [/mbzirc/target_object_detector/placed]
(2023-03-11T18:54:30.86085183) (2023-03-11T18:54:30.86095673) [Dbg] [SystemManager.cc:58] Loaded system [mbzirc::EntityDetector] for entity [174]
(2023-03-11T18:54:30.86314034) (2023-03-11T18:54:30.86324354) [Msg] EntityDetector publishing messages on [/mbzirc/target_object_detector/placed]
(2023-03-11T18:54:30.86456994) (2023-03-11T18:54:30.86466784) [Dbg] [SystemManager.cc:58] Loaded system [mbzirc::EntityDetector] for entity [174]
(2023-03-11T18:54:30.86688755) (2023-03-11T18:54:30.86699495) [Msg] EntityDetector publishing messages on [/mbzirc/target_object_detector/placed]
(2023-03-11T18:54:30.86830025) (2023-03-11T18:54:30.86840675) [Dbg] [SystemManager.cc:58] Loaded system [mbzirc::EntityDetector] for entity [174]
(2023-03-11T18:54:30.87058066) (2023-03-11T18:54:30.87068466) [Msg] EntityDetector publishing messages on [/mbzirc/target_object_detector/placed]
(2023-03-11T18:54:30.87198206) (2023-03-11T18:54:30.87209526) [Dbg] [SystemManager.cc:58] Loaded system [mbzirc::EntityDetector] for entity [174]
(2023-03-11T18:54:30.87411757) (2023-03-11T18:54:30.87421847) [Dbg] [SystemManager.cc:58] Loaded system [ignition::gazebo::systems::CommsEndpoint] for entity [174]
(2023-03-11T18:54:30.87803458) (2023-03-11T18:54:30.87814168) [Dbg] [UserCommands.cc:1303] Created entity [174] named [usv]
(2023-03-11T18:54:30.97089811) (2023-03-11T18:54:30.97131941) [Dbg] [Sensors.cc:584] Initialization needed
(2023-03-11T18:54:30.97218191) (2023-03-11T18:54:30.97250201) [Dbg] [Sensors.cc:240] Initializing render context
(2023-03-11T18:54:30.97426862) (2023-03-11T18:54:30.97468392) [Msg] Loading plugin [ignition-rendering-ogre2]
(2023-03-11T18:54:30.97769843) (2023-03-11T18:54:30.97799013) [Dbg] [ImuSensor.cc:148] IMU data for [usv::base_link::imu_sensor] advertised on [world/simple_demo/model/usv/link/base_link/sensor/imu_sensor/imu]
(2023-03-11T18:54:30.97929123) (2023-03-11T18:54:30.97950093) [Dbg] [GameLogicPlugin.cc:1991] New Competitor Platform: usv with 0sensors
((2023-03-11T18:54:30.99569007) (2023-03-11T18:54:30.99583777) ) (((2023-03-11T18:54:30.99614697(((2023-03-11T18:54:30.99614697(() (2023-03-11T18:54:30.996659182023-03-11T18:54:30.99675118) (2023-03-11T18:54:30.99691938[Dbg] [SimulationRunner.cc:518] ) (2023-03-11T18:54:30.99737288) (2023-03-11T18:54:30.99771698) (() (2023-03-11T18:54:30.997168982023-03-11T18:54:30.99855338) 2023-03-11T18:54:30.99812568) (2023-03-11T18:54:30.99892638) ) (2023-03-11T18:54:30.99928778) ) (2023-03-11T18:54:30.99984758) Exiting postupdate worker thread (82023-03-11T18:54:30.99618647)2023-03-11T18:54:30.99618647)
) (2023-03-11T18:54:30.100057519) (2023-03-11T18:54:30.100123529) ) [Dbg] [SimulationRunner.cc:518] 2023-03-11T18:54:30.100099709) () (2023-03-11T18:54:30.100204829) Exiting postupdate worker thread (2023-03-11T18:54:30.100194209) (2023-03-11T18:54:30.100259409) 7)
8[Dbg] [SimulationRunner.cc:518] [Dbg] [SimulationRunner.cc:518] [Dbg] [SimulationRunner.cc:518] [Dbg] [SimulationRunner.cc:518] [Dbg] [SimulationRunner.cc:518] Exiting postupdate worker thread (3[Dbg] [SimulationRunner.cc:518] [Dbg] [SimulationRunner.cc:518] Exiting postupdate worker thread (9)
Exiting postupdate worker thread (2)
[Dbg] [SimulationRunner.cc:518] Exiting postupdate worker thread (5)
Exiting postupdate worker thread (Exiting postupdate worker thread ([Dbg] [SimulationRunner.cc:518] Exiting postupdate worker thread ([Dbg] [SimulationRunner.cc:518] [Dbg] [SimulationRunner.cc:518] )Exiting postupdate worker thread (10)
11)
)Exiting postupdate worker thread (
[Dbg] [SimulationRunner.cc:518] Exiting postupdate worker thread (0)
Exiting postupdate worker thread (1Exiting postupdate worker thread (1Exiting postupdate worker thread ([Dbg] [SimulationRunner.cc:518] [Dbg] [SimulationRunner.cc:518] 6[Dbg] [SimulationRunner.cc:518] 6)Exiting postupdate worker thread (4)
)

(2023-03-11T18:54:30.101187711) (2023-03-11T18:54:30.101201661) [Dbg] [SimulationRunner.cc:491] Creating PostUpdate worker threads: 22
(2023-03-11T18:54:30.101238232) (2023-03-11T18:54:30.101250432) [Dbg] [SimulationRunner.cc:502] Creating postupdate worker thread (0)
(2023-03-11T18:54:30.101307652) (2023-03-11T18:54:30.101317072) [Dbg] [SimulationRunner.cc:502] Creating postupdate worker thread (1)
(2023-03-11T18:54:30.101380542) (2023-03-11T18:54:30.101390602) [Dbg] [SimulationRunner.cc:502] Creating postupdate worker thread (2)
(2023-03-11T18:54:30.101442212) (2023-03-11T18:54:30.101450492) [Dbg] [SimulationRunner.cc:502] Creating postupdate worker thread (3)
(2023-03-11T18:54:30.101492372) (2023-03-11T18:54:30.101503632) [Dbg] [SimulationRunner.cc:502] Creating postupdate worker thread (4)
(2023-03-11T18:54:30.101574362) (2023-03-11T18:54:30.101582582) [Dbg] [SimulationRunner.cc:502] Creating postupdate worker thread (5)
(2023-03-11T18:54:30.101641092) (2023-03-11T18:54:30.101654432) [Dbg] [SimulationRunner.cc:502] Creating postupdate worker thread (6)
(2023-03-11T18:54:30.101696922) (2023-03-11T18:54:30.101705482) [Dbg] [SimulationRunner.cc:502] Creating postupdate worker thread (7)
(2023-03-11T18:54:30.101750483) (2023-03-11T18:54:30.101758343) [Dbg] [SimulationRunner.cc:502] Creating postupdate worker thread (8)
(2023-03-11T18:54:30.101810823) (2023-03-11T18:54:30.101819803) [Dbg] [SimulationRunner.cc:502] Creating postupdate worker thread (9)
(2023-03-11T18:54:30.101881373) (2023-03-11T18:54:30.101895593) [Dbg] [SimulationRunner.cc:502] Creating postupdate worker thread (10)
(2023-03-11T18:54:30.101965883) (2023-03-11T18:54:30.101977173) [Dbg] [SimulationRunner.cc:502] Creating postupdate worker thread (11)
(2023-03-11T18:54:30.102033943) (2023-03-11T18:54:30.102042153) [Dbg] [SimulationRunner.cc:502] Creating postupdate worker thread (12)
(2023-03-11T18:54:30.102091383) (2023-03-11T18:54:30.102100313) [Dbg] [SimulationRunner.cc:502] Creating postupdate worker thread (13)
(2023-03-11T18:54:30.102148553) (2023-03-11T18:54:30.102158083) [Dbg] [SimulationRunner.cc:502] Creating postupdate worker thread (14)
(2023-03-11T18:54:30.102205924) (2023-03-11T18:54:30.102214304) [Dbg] [SimulationRunner.cc:502] Creating postupdate worker thread (15)
(2023-03-11T18:54:30.102256554) (2023-03-11T18:54:30.102266674) [Dbg] [SimulationRunner.cc:502] Creating postupdate worker thread (16)
(2023-03-11T18:54:30.102310644) (2023-03-11T18:54:30.102319594) [Dbg] [SimulationRunner.cc:502] Creating postupdate worker thread (17)
(2023-03-11T18:54:30.102365334) (2023-03-11T18:54:30.102374874) [Dbg] [SimulationRunner.cc:502] Creating postupdate worker thread (18)
(2023-03-11T18:54:30.102425274) (2023-03-11T18:54:30.102433844) [Dbg] [SimulationRunner.cc:502] Creating postupdate worker thread (19)
(2023-03-11T18:54:30.102482104) (2023-03-11T18:54:30.102491834) [Dbg] [SimulationRunner.cc:502] Creating postupdate worker thread (20)
(2023-03-11T18:54:30.102933705) (2023-03-11T18:54:30.102944375) [Msg] Address [usv] bound to model [usv] on topic [model/usv/rx]
(2023-03-11T18:54:30.102984975) (2023-03-11T18:54:30.102992725) [Dbg] [CommsEndpoint.cc:89] Succesfuly bound to [usv] on topic [model/usv/rx]
(2023-03-11T18:54:30.507717415) (2023-03-11T18:54:30.507728645) [Dbg] [RenderUtil.cc:2529] Create scene [scene]
(2023-03-11T18:54:30.551134040) (2023-03-11T18:54:30.551152060) [Dbg] [Sensors.cc:254] Rendering Thread initialized
(2023-03-11T18:54:30.555659161) (2023-03-11T18:54:30.555679221) [Wrn] [Ogre2Heightmap.cc:125] Heightmap final sampling should be 2^n
 which differs from ogre1's 2^n+1
The last row and column will be cropped
size = (width * sampling) - sampling + 1
[257] = ([257] * [1]) - [1] + 1
(2023-03-11T18:54:30.560316913) (2023-03-11T18:54:30.560327803) [Msg] Loading heightmap: scene::Heightmap(65478)
(2023-03-11T18:54:30.560356063) (2023-03-11T18:54:30.560364563) [Msg] Heightmap loaded. Process took 0 ms.
(2023-03-11T18:54:34.265858084) (2023-03-11T18:54:34.265880364) [Dbg] [Ogre2ParticleEmitter.cc:514] Particle emitter initialized
(2023-03-11T18:54:34.266065864) (2023-03-11T18:54:34.266076574) [Dbg] [Ogre2ParticleEmitter.cc:514] Particle emitter initialized
(2023-03-11T18:54:34.266226904) (2023-03-11T18:54:34.266236234) [Dbg] [Ogre2ParticleEmitter.cc:514] Particle emitter initialized
(2023-03-11T18:54:34.856576171) (2023-03-11T18:54:34.856597901) [Dbg] [Ogre2ParticleEmitter.cc:514] Particle emitter initialized
(2023-03-11T18:54:34.856850642) (2023-03-11T18:54:34.856867662) [Dbg] [Ogre2ParticleEmitter.cc:514] Particle emitter initialized
(2023-03-11T18:54:34.857107293) (2023-03-11T18:54:34.857131903) [Dbg] [Ogre2ParticleEmitter.cc:514] Particle emitter initialized
(2023-03-11T18:54:34.868432029) (2023-03-11T18:54:34.868450669) [Dbg] [Lidar.cc:122] Laser scans for [usv::sensor_6::sensor_link::lidar] advertised on [world/simple_demo/model/usv/model/sensor_6/link/sensor_link/sensor/lidar/scan]
(2023-03-11T18:54:34.868764070) (2023-03-11T18:54:34.868781260) [Dbg] [GpuLidarSensor.cc:164] Lidar points for [usv::sensor_6::sensor_link::lidar] advertised on [world/simple_demo/model/usv/model/sensor_6/link/sensor_link/sensor/lidar/scan/points]
(2023-03-11T18:54:34.869054971) (2023-03-11T18:54:34.869066111) [Msg] Loading plugin [ignition-rendering-ogre2]
(2023-03-11T18:54:35.10909113) (2023-03-11T18:54:35.10934753) [Dbg] [EntityComponentManager.cc:1587] Updated state thread iterators: 24 threads processing around 10 entities each.
(2023-03-11T18:54:51.6772762) (2023-03-11T18:54:51.6800292) [Msg] Scoring has Started
(2023-03-11T18:54:51.7163813) (2023-03-11T18:54:51.7181313) [Err] [GameLogicPlugin.cc:2121] Invalid configuration detected: 
[usv] Initial Position (10 40 0.299843) is not in the starting area -15 -15 -5 15 15 5
(2023-03-11T18:55:12.448746402) (2023-03-11T18:55:12.448768922) [Dbg] [EntityComponentManager.cc:1587] Updated state thread iterators: 24 threads processing around 10 entities each.
(2023-03-11T19:32:59.930732766) (2023-03-11T19:32:59.930746696) [Dbg] [SignalHandler.cc:141] Received signal[2].
(2023-03-11T19:32:59.930776726) (2023-03-11T19:32:59.930786466) [Dbg] [ServerPrivate.cc:110] Server received signal[2]
(2023-03-11T19:32:59.930816126) (2023-03-11T19:32:59.930825287) [Dbg] [Sensors.cc:406] SensorsPrivate::Stop
(2023-03-11T19:32:59.932490748) (2023-03-11T19:32:59.932503698) [Dbg] [Sensors.cc:392] SensorsPrivate::RenderThread stopped
(2023-03-11T19:32:59.935950191) (2023-03-11T19:32:59.935968741) [Dbg] [ign.cc:410] Shutting down ign-gazebo-server
((((((((((((((((((((((((((((((((((((((((((2023-03-11T19:32:59.9389729642023-03-11T19:32:59.9389729642023-03-11T19:32:59.938979454) (2023-03-11T19:32:59.939025304) [Dbg] [SimulationRunner.cc:518] 2023-03-11T19:32:59.939046154) (2023-03-11T19:32:59.939096694) (2023-03-11T19:32:59.9391446142023-03-11T19:32:59.938951884) () (2023-03-11T19:32:59.939205464) (2023-03-11T19:32:59.939246535) 2023-03-11T19:32:59.939119104) (2023-03-11T19:32:59.939301725) (2023-03-11T19:32:59.939352465) (2023-03-11T19:32:59.939377475) (() ) 2023-03-11T19:32:59.939196934() 2023-03-11T19:32:59.939196934() () () 2023-03-11T19:32:59.939517185) 2023-03-11T19:32:59.939517185) Exiting postupdate worker thread (1212)
2023-03-11T19:32:59.939418525) (2023-03-11T19:32:59.939608125) ) (2023-03-11T19:32:59.939643455) ([Dbg] [SimulationRunner.cc:518] 2023-03-11T19:32:59.939679085) (((2023-03-11T19:32:59.939714335) 2023-03-11T19:32:59.939665015) (2023-03-11T19:32:59.939779045) 2023-03-11T19:32:59.939800415) (2023-03-11T19:32:59.939834265) (2023-03-11T19:32:59.939885965) 2023-03-11T19:32:59.939717565) (2023-03-11T19:32:59.939938855) 2023-03-11T19:32:59.939455225) (2023-03-11T19:32:59.9399947352023-03-11T19:32:59.939804055) (2023-03-11T19:32:59.940036905) 2023-03-11T19:32:59.940055415) (2023-03-11T19:32:59.940092956) [Dbg] [SimulationRunner.cc:518] [Dbg] [SimulationRunner.cc:518] ) 2023-03-11T19:32:59.939486535) [Dbg] [SimulationRunner.cc:518] [Dbg] [SimulationRunner.cc:518] [Dbg] [SimulationRunner.cc:518] ) (2023-03-11T19:32:59.9397819952023-03-11T19:32:59.940201446) ) 2023-03-11T19:32:59.940143136) (2023-03-11T19:32:59.940282556) [Dbg] [SimulationRunner.cc:518] Exiting postupdate worker thread (9)
Exiting postupdate worker thread (1)
[Dbg] [SimulationRunner.cc:518] [Dbg] [SimulationRunner.cc:518] Exiting postupdate worker thread (13)
[Dbg] [SimulationRunner.cc:518] Exiting postupdate worker thread (5)
[Dbg] [SimulationRunner.cc:518] Exiting postupdate worker thread (0)
Exiting postupdate worker thread (11)
[Dbg] [SimulationRunner.cc:518] [Dbg] [SimulationRunner.cc:518] [Dbg] [SimulationRunner.cc:518] Exiting postupdate worker thread (2)
[Dbg] [SimulationRunner.cc:518] Exiting postupdate worker thread (19)
Exiting postupdate worker thread (20)
Exiting postupdate worker thread (Exiting postupdate worker thread ([Dbg] [SimulationRunner.cc:518] 7Exiting postupdate worker thread (15)
[Dbg] [SimulationRunner.cc:518] 7)
[Dbg] [SimulationRunner.cc:518] [Dbg] [SimulationRunner.cc:518] [Dbg] [SimulationRunner.cc:518] 6)
[Dbg] [SimulationRunner.cc:518] Exiting postupdate worker thread (16)
Exiting postupdate worker thread (17)
[Dbg] [SimulationRunner.cc:518] Exiting postupdate worker thread (4)
Exiting postupdate worker thread (10)
Exiting postupdate worker thread (Exiting postupdate worker thread ([Dbg] [SimulationRunner.cc:518] Exiting postupdate worker thread ([Dbg] [SimulationRunner.cc:518] Exiting postupdate worker thread ([Dbg] [SimulationRunner.cc:518] [Dbg] [SimulationRunner.cc:518] 8)18)
Exiting postupdate worker thread (14)
)18
Exiting postupdate worker thread (3)
(2023-03-11T19:32:59.980503955) (2023-03-11T19:32:59.980520146) [Dbg] [Sensors.cc:406] SensorsPrivate::Stop
(2023-03-11T19:32:59.997528992) (2023-03-11T19:32:59.997546462) [Msg] Stopping recording
(2023-03-11T19:32:59.998267863) (2023-03-11T19:32:59.998279333) [Msg] Scoring has finished. Elapsed real time: 2288 seconds. Elapsed sim time: 2151 seconds. 
