(2023-03-12T02:30:57.761574476) (2023-03-12T02:30:57.761590226) [Msg] Ignition Gazebo Server v6.11.0
(2023-03-12T02:30:57.764999054) (2023-03-12T02:30:57.765015574) [Msg] Loading SDF world file[/home/developer/mbzirc_ws/install/share/mbzirc_ign/worlds/simple_demo.sdf].
(2023-03-12T02:30:58.78891972) (2023-03-12T02:30:58.78908862) [Msg] Serving entity system service on [/entity/system/add]
(2023-03-12T02:30:58.114153458) (2023-03-12T02:30:58.114170788) [Dbg] [Physics.cc:803] Loaded [ignition::physics::dartsim::Plugin] from library [/usr/lib/x86_64-linux-gnu/ign-physics-5/engine-plugins/libignition-physics-dartsim-plugin.so]
(2023-03-12T02:30:58.114235688) (2023-03-12T02:30:58.114245288) [Dbg] [SystemManager.cc:58] Loaded system [ignition::gazebo::systems::Physics] for entity [1]
(2023-03-12T02:30:58.115843202) (2023-03-12T02:30:58.115856272) [Msg] Create service on [/world/simple_demo/create]
(2023-03-12T02:30:58.115957572) (2023-03-12T02:30:58.115968862) [Msg] Remove service on [/world/simple_demo/remove]
(2023-03-12T02:30:58.116062202) (2023-03-12T02:30:58.116072672) [Msg] Pose service on [/world/simple_demo/set_pose]
(2023-03-12T02:30:58.116156521) (2023-03-12T02:30:58.116166461) [Msg] Pose service on [/world/simple_demo/set_pose_vector]
(2023-03-12T02:30:58.116279681) (2023-03-12T02:30:58.116290471) [Msg] Light configuration service on [/world/simple_demo/light_config]
(2023-03-12T02:30:58.116450830) (2023-03-12T02:30:58.116460200) [Msg] Physics service on [/world/simple_demo/set_physics]
(2023-03-12T02:30:58.116553690) (2023-03-12T02:30:58.116563680) [Msg] SphericalCoordinates service on [/world/simple_demo/set_spherical_coordinates]
(2023-03-12T02:30:58.116626680) (2023-03-12T02:30:58.116636820) [Msg] Enable collision service on [/world/simple_demo/enable_collision]
(2023-03-12T02:30:58.116699080) (2023-03-12T02:30:58.116708579) [Msg] Disable collision service on [/world/simple_demo/disable_collision]
(2023-03-12T02:30:58.116825959) (2023-03-12T02:30:58.116836389) [Msg] Material service on [/world/simple_demo/visual_config]
(2023-03-12T02:30:58.116919219) (2023-03-12T02:30:58.116929329) [Msg] Material service on [/world/simple_demo/wheel_slip]
(2023-03-12T02:30:58.116966149) (2023-03-12T02:30:58.116974519) [Dbg] [SystemManager.cc:58] Loaded system [ignition::gazebo::systems::UserCommands] for entity [1]
(2023-03-12T02:30:58.135943553) (2023-03-12T02:30:58.135954733) [Dbg] [Sensors.cc:479] Configuring Sensors system
(2023-03-12T02:30:58.136015413) (2023-03-12T02:30:58.136023853) [Dbg] [Sensors.cc:398] SensorsPrivate::Run
(2023-03-12T02:30:58.136097472) (2023-03-12T02:30:58.136105852) [Dbg] [SystemManager.cc:58] Loaded system [ignition::gazebo::systems::Sensors(] for entity [1]
2023-03-12T02:30:58.136135062) (2023-03-12T02:30:58.136178762) [Dbg] [Sensors.cc:378] SensorsPrivate::RenderThread started
(2023-03-12T02:30:58.136238552) (2023-03-12T02:30:58.136261342) [Dbg] [Sensors.cc:228] Waiting for init
(2023-03-12T02:30:58.137558167) (2023-03-12T02:30:58.137568407) [Dbg] [SystemManager.cc:58] Loaded system [ignition::gazebo::systems::AirPressure] for entity [1]
(2023-03-12T02:30:58.139008371) (2023-03-12T02:30:58.139019981) [Dbg] [SystemManager.cc:58] Loaded system [ignition::gazebo::systems::Altimeter] for entity [1]
(2023-03-12T02:30:58.140505566) (2023-03-12T02:30:58.140515726) [Dbg] [SystemManager.cc:58] Loaded system [ignition::gazebo::systems::Imu] for entity [1]
(2023-03-12T02:30:58.141978501) (2023-03-12T02:30:58.141989311) [Dbg] [SystemManager.cc:58] Loaded system [ignition::gazebo::systems::Magnetometer] for entity [1]
(2023-03-12T02:30:58.143459366) (2023-03-12T02:30:58.143469766) [Dbg] [SystemManager.cc:58] Loaded system [ignition::gazebo::systems::ForceTorque] for entity [1]
(2023-03-12T02:30:58.144576872) (2023-03-12T02:30:58.144587402) [Msg] Serving particle emitter information on [/world/simple_demo/particle_emitters]
(2023-03-12T02:30:58.144635732) (2023-03-12T02:30:58.144643402) [Dbg] [SystemManager.cc:58] Loaded system [ignition::gazebo::systems::ParticleEmitter2] for entity [1]
(2023-03-12T02:30:58.145813538) (2023-03-12T02:30:58.145829928) [Dbg] [SystemManager.cc:58] Loaded system [ignition::gazebo::systems::SceneBroadcaster] for entity [1]
(2023-03-12T02:30:58.146770215) (2023-03-12T02:30:58.146780625) [Dbg] [SystemManager.cc:58] Loaded system [ignition::gazebo::systems::Contact] for entity [1]
(2023-03-12T02:30:58.147844191) (2023-03-12T02:30:58.147855861) [Dbg] [RFComms.cc:385] Range configuration:
RF Configuration (range-based)
-- max_range: 500000
-- fading_exponent: 2.6
-- l0: 40
-- sigma: 10

(2023-03-12T02:30:58.147945431) (2023-03-12T02:30:58.147955311) [Dbg] [RFComms.cc:388] Radio configuration:
Radio Configuration
-- capacity: 1e+06
-- tx_power: 25
-- noise_floor: -90
-- modulation: QPSK

(2023-03-12T02:30:58.148180990) (2023-03-12T02:30:58.148195390) [Dbg] [Broker.cc:113] Broker services:
(2023-03-12T02:30:58.148222170) (2023-03-12T02:30:58.148230480) [Dbg] [Broker.cc:114]   Bind: [/broker/bind]
(2023-03-12T02:30:58.148269529) (2023-03-12T02:30:58.148281869) [Dbg] [Broker.cc:115]   Unbind: [/broker/unbind]
(2023-03-12T02:30:58.148326669) (2023-03-12T02:30:58.148340349) [Dbg] [Broker.cc:116] Broker topics:
(2023-03-12T02:30:58.148371209) (2023-03-12T02:30:58.148384409) [Dbg] [Broker.cc:117]   Incoming messages: [/broker/msgs]
(2023-03-12T02:30:58.148432119) (2023-03-12T02:30:58.148444009) [Dbg] [SystemManager.cc:58] Loaded system [ignition::gazebo::systems::RFComms] for entity [1]
(2023-03-12T02:30:58.150642890) (2023-03-12T02:30:58.150654240) [Dbg] [RFRange.cc:339] RFRange sensor range configuration:
RF Configuration (range-based)
-- max_range: 500000
-- fading_exponent: 2.6
-- l0: 40
-- sigma: 0.005
-- rssi_1: -15

(2023-03-12T02:30:58.150763150) (2023-03-12T02:30:58.150772130) [Dbg] [RFRange.cc:342] RFRange sensor radio configuration:
Radio Configuration
-- tx_power: 25
-- noise_floor: -90

(2023-03-12T02:30:58.150856340) (2023-03-12T02:30:58.150865570) [Dbg] [SystemManager.cc:58] Loaded system [ignition::gazebo::systems::RFRange] for entity [1]
(2023-03-12T02:30:58.154268348) (2023-03-12T02:30:58.154279228) [Msg] Overwriting existing file [/tmp/ign/mbzirc/playback/state.tlog]
(2023-03-12T02:30:58.160777786) (2023-03-12T02:30:58.160793596) [Msg] Recording to log file [/tmp/ign/mbzirc/playback/state.tlog]
(2023-03-12T02:30:58.160859746) (2023-03-12T02:30:58.160869906) [Dbg] [LogRecord.cc:334] Recording default topic[/playback/sdf].
(2023-03-12T02:30:58.160897955) (2023-03-12T02:30:58.160909535) [Dbg] [LogRecord.cc:335] Recording default topic[/world/simple_demo/changed_state].
(2023-03-12T02:30:58.199879609) (2023-03-12T02:30:58.199902669) [Dbg] [SystemManager.cc:58] Loaded system [ignition::gazebo::systems::LogRecord] for entity [1]
(2023-03-12T02:30:58.202553290) (2023-03-12T02:30:58.202574200) [Dbg] [SystemManager.cc:58] Loaded system [ignition::gazebo::systems::WindEffects] for entity [1]
(2023-03-12T02:30:58.207971460) (2023-03-12T02:30:58.207994700) [Msg] MBZIRC log path: /tmp/ign/mbzirc/logs
(2023-03-12T02:30:58.208412929) (2023-03-12T02:30:58.208422338) [Msg] Run duration set to 3600 seconds.
(2023-03-12T02:30:58.208480238) (2023-03-12T02:30:58.208488768) [Msg] Geofence boundary min: -70 -70 -25, max: 70 70 121.92
(2023-03-12T02:30:58.208570218) (2023-03-12T02:30:58.208579098) [Msg] Start area boundary min: -15 -15 -5, max: 15 15 5
(2023-03-12T02:30:58.208648468) (2023-03-12T02:30:58.208656038) [Msg] Setup duration set to 600 seconds.
(2023-03-12T02:30:58.208681658) (2023-03-12T02:30:58.208689178) [Msg] Target vessel: Vessel A
(2023-03-12T02:30:58.208736917) (2023-03-12T02:30:58.208744637) [Msg]   Small object: small_blue_box_a
(2023-03-12T02:30:58.208766607) (2023-03-12T02:30:58.208774037) [Msg]   Small object: small_blue_box_a_duplicate
(2023-03-12T02:30:58.208795857) (2023-03-12T02:30:58.208803247) [Msg]   Large object: large_dry_box_a
(2023-03-12T02:30:58.208824567) (2023-03-12T02:30:58.208831937) [Msg]   Large object: large_dry_box_a_duplicate
(2023-03-12T02:30:58.209775234) (2023-03-12T02:30:58.209789554) [Msg] Starting MBZIRC
(2023-03-12T02:30:58.209904054) (2023-03-12T02:30:58.209915863) [Dbg] [SystemManager.cc:58] Loaded system [mbzirc::GameLogicPlugin] for entity [1]
(2023-03-12T02:30:58.215081176) (2023-03-12T02:30:58.215092156) [Msg] Using Pierson-Moskowitz spectrum sampling wavefield model 
(2023-03-12T02:30:58.215355015) (2023-03-12T02:30:58.215366445) [Msg] Using Pierson-Moskowitz spectrum sampling wavefield model 
(2023-03-12T02:30:58.660003829) (2023-03-12T02:30:58.660027609) [Msg] Input Parameters:
(2023-03-12T02:30:58.660075539) (2023-03-12T02:30:58.660091458) [Msg] model:     PMS
(2023-03-12T02:30:58.660150778) (2023-03-12T02:30:58.660169078) [Msg] number:     3
(2023-03-12T02:30:58.660220438) (2023-03-12T02:30:58.660236048) [Msg] scale:      1.1
(2023-03-12T02:30:58.660281768) (2023-03-12T02:30:58.660295678) [Msg] angle:      0.4
(2023-03-12T02:30:58.660334388) (2023-03-12T02:30:58.660347808) [Msg] steepness:  0
(2023-03-12T02:30:58.660387518) (2023-03-12T02:30:58.660400947) [Msg] amplitude:  0
(2023-03-12T02:30:58.660438947) (2023-03-12T02:30:58.660453157) [Msg] period:     5
(2023-03-12T02:30:58.660492747) (2023-03-12T02:30:58.660507917) [Msg] direction:  1 0
(2023-03-12T02:30:58.660588607) (2023-03-12T02:30:58.660601187) [Msg] tau:  2
(2023-03-12T02:30:58.660637557) (2023-03-12T02:30:58.660649707) [Msg] gain:  0.3
(2023-03-12T02:30:58.660683597) (2023-03-12T02:30:58.660698236) [Msg] Derived Parameters:
(2023-03-12T02:30:58.660730776) (2023-03-12T02:30:58.660743486) [Msg] amplitudes:  0.0363502, 0.0392277, 0.0385703, 
(2023-03-12T02:30:58.660838336) (2023-03-12T02:30:58.660855686) [Msg] wavenumbers: 0.133171, 0.161136, 0.194975, 
(2023-03-12T02:30:58.660927426) (2023-03-12T02:30:58.660942806) [Msg] omegas:      1.1424, 1.25664, 1.3823, 
(2023-03-12T02:30:58.661009865) (2023-03-12T02:30:58.661022855) [Msg] periods:     (2023-03-12T02:30:58.661060535) (2023-03-12T02:30:58.661073935) [Msg] 5.5, (2023-03-12T02:30:58.661108795) (2023-03-12T02:30:58.661122175) [Msg] 5, (2023-03-12T02:30:58.661154255) (2023-03-12T02:30:58.661168485) [Msg] 4.54545, (2023-03-12T02:30:58.661200445) (2023-03-12T02:30:58.661214235) [Msg] 
(2023-03-12T02:30:58.661245975) (2023-03-12T02:30:58.661259925) [Msg] phases:      0, 0, 0, 
(2023-03-12T02:30:58.661328374) (2023-03-12T02:30:58.661342464) [Msg] steepnesses: 0, 0, 0, 
(2023-03-12T02:30:58.661410644) (2023-03-12T02:30:58.661426314) [Msg] directions:  (2023-03-12T02:30:58.661456934) (2023-03-12T02:30:58.661469584) [Msg] 0.921061 -0.389418; (2023-03-12T02:30:58.661514784) (2023-03-12T02:30:58.661527264) [Msg] 1 0; (2023-03-12T02:30:58.661565864) (2023-03-12T02:30:58.661577714) [Msg] 0.921061 0.389418; (2023-03-12T02:30:58.661626963) (2023-03-12T02:30:58.661640313) [Msg] 
(2023-03-12T02:30:58.662278561) (2023-03-12T02:30:58.662294401) [Dbg] [SystemManager.cc:58] Loaded system [ignition::gazebo::systems::WaveVisual] for entity [23]
(2023-03-12T02:30:58.665978358) (2023-03-12T02:30:58.665995428) [Msg] Using Pierson-Moskowitz spectrum sampling wavefield model 
(2023-03-12T02:30:58.666287066) (2023-03-12T02:30:58.666302536) [Msg] Using Pierson-Moskowitz spectrum sampling wavefield model 
(2023-03-12T02:30:58.666365426) (2023-03-12T02:30:58.666380256) [Msg] Input Parameters:
(2023-03-12T02:30:58.666413296) (2023-03-12T02:30:58.666426666) [Msg] model:     PMS
(2023-03-12T02:30:58.666465996) (2023-03-12T02:30:58.666479976) [Msg] number:     3
(2023-03-12T02:30:58.666517246) (2023-03-12T02:30:58.666529856) [Msg] scale:      1.1
(2023-03-12T02:30:58.666568715) (2023-03-12T02:30:58.666581725) [Msg] angle:      0.4
(2023-03-12T02:30:58.666619535) (2023-03-12T02:30:58.666633415) [Msg] steepness:  0
(2023-03-12T02:30:58.666672145) (2023-03-12T02:30:58.666685945) [Msg] amplitude:  0
(2023-03-12T02:30:58.666724885) (2023-03-12T02:30:58.666738085) [Msg] period:     5
(2023-03-12T02:30:58.666773995) (2023-03-12T02:30:58.666786185) [Msg] direction:  1 0
(2023-03-12T02:30:58.666832354) (2023-03-12T02:30:58.666844794) [Msg] tau:  2
(2023-03-12T02:30:58.666879214) (2023-03-12T02:30:58.666891724) [Msg] gain:  0.3
(2023-03-12T02:30:58.666927224) (2023-03-12T02:30:58.666939234) [Msg] Derived Parameters:
(2023-03-12T02:30:58.666983224) (2023-03-12T02:30:58.666998704) [Msg] amplitudes:  0.0363502, 0.0392277, 0.0385703, 
(2023-03-12T02:30:58.667068194) (2023-03-12T02:30:58.667082723) [Msg] wavenumbers: 0.133171, 0.161136, 0.194975, 
(2023-03-12T02:30:58.667151533) (2023-03-12T02:30:58.667164913) [Msg] omegas:      1.1424, 1.25664, 1.3823, 
(2023-03-12T02:30:58.667231723) (2023-03-12T02:30:58.667244053) [Msg] periods:     (2023-03-12T02:30:58.667268443) (2023-03-12T02:30:58.667280493) [Msg] 5.5, (2023-03-12T02:30:58.667309043) (2023-03-12T02:30:58.667321963) [Msg] 5, (2023-03-12T02:30:58.667359922) (2023-03-12T02:30:58.667374812) [Msg] 4.54545, (2023-03-12T02:30:58.667409872) (2023-03-12T02:30:58.667422622) [Msg] 
(2023-03-12T02:30:58.667448162) (2023-03-12T02:30:58.667466282) [Msg] phases:      0, 0, 0, 
(2023-03-12T02:30:58.667545732) (2023-03-12T02:30:58.667565622) [Msg] steepnesses: 0, 0, 0, 
(2023-03-12T02:30:58.667648541) (2023-03-12T02:30:58.667663111) [Msg] directions:  (2023-03-12T02:30:58.667700211) (2023-03-12T02:30:58.667713231) [Msg] 0.921061 -0.389418; (2023-03-12T02:30:58.667763121) (2023-03-12T02:30:58.667779861) [Msg] 1 0; (2023-03-12T02:30:58.667831691) (2023-03-12T02:30:58.667846891) [Msg] 0.921061 0.389418; (2023-03-12T02:30:58.667897000) (2023-03-12T02:30:58.667914570) [Msg] 
(2023-03-12T02:30:58.667973270) (2023-03-12T02:30:58.667987130) [Dbg] [Surface.cc:161] Surface plugin successfully configured with the following parameters:
(2023-03-12T02:30:58.668028290) (2023-03-12T02:30:58.668041340) [Dbg] [Surface.cc:163]   <link_name>: link
(2023-03-12T02:30:58.668079910) (2023-03-12T02:30:58.668093400) [Dbg] [Surface.cc:164]   <vehicle_length>: 6
(2023-03-12T02:30:58.668133680) (2023-03-12T02:30:58.668146530) [Dbg] [Surface.cc:165]   <vehicle_width>: 3.3
(2023-03-12T02:30:58.668183959) (2023-03-12T02:30:58.668196669) [Dbg] [Surface.cc:166]   <hull_radius>: 1.9
(2023-03-12T02:30:58.668235749) (2023-03-12T02:30:58.668249739) [Dbg] [Surface.cc:167]   <num_samples>: 2
(2023-03-12T02:30:58.668292769) (2023-03-12T02:30:58.668306979) [Dbg] [Surface.cc:168]   <fluid_level>: 0.45
(2023-03-12T02:30:58.668343829) (2023-03-12T02:30:58.668356519) [Dbg] [Surface.cc:169]   <fluid_density>: 997.774
(2023-03-12T02:30:58.668416689) (2023-03-12T02:30:58.668429139) [Dbg] [SystemManager.cc:58] Loaded system [ignition::gazebo::systems::Surface] for entity [24]
(2023-03-12T02:30:58.671188089) (2023-03-12T02:30:58.671206699) [Dbg] [SimpleHydrodynamics.cc:167] SimpleHydrodynamics plugin successfully configured with the following parameters:
(2023-03-12T02:30:58.671249349) (2023-03-12T02:30:58.671263039) [Dbg] [SimpleHydrodynamics.cc:169]   <link_name>: link
(2023-03-12T02:30:58.671304049) (2023-03-12T02:30:58.671318649) [Dbg] [SimpleHydrodynamics.cc:170]   <xDotU>: 0
(2023-03-12T02:30:58.671359499) (2023-03-12T02:30:58.671373289) [Dbg] [SimpleHydrodynamics.cc:171]   <yDotV>: 0
(2023-03-12T02:30:58.671413189) (2023-03-12T02:30:58.671427439) [Dbg] [SimpleHydrodynamics.cc:172]   <zDotW>: 0.1
(2023-03-12T02:30:58.671468268) (2023-03-12T02:30:58.671482898) [Dbg] [SimpleHydrodynamics.cc:173]   <kDotP>: 0.1
(2023-03-12T02:30:58.671522578) (2023-03-12T02:30:58.671537128) [Dbg] [SimpleHydrodynamics.cc:174]   <mDotQ>: 0.1
(2023-03-12T02:30:58.671577068) (2023-03-12T02:30:58.671591778) [Dbg] [SimpleHydrodynamics.cc:175]   <nDotR>: 0
(2023-03-12T02:30:58.671628888) (2023-03-12T02:30:58.671642348) [Dbg] [SimpleHydrodynamics.cc:176]   <xU>: 510.3
(2023-03-12T02:30:58.671681058) (2023-03-12T02:30:58.671718188) [Dbg] [SimpleHydrodynamics.cc:177]   <xUU>: 720.4
(2023-03-12T02:30:58.671756337) (2023-03-12T02:30:58.671770937) [Dbg] [SimpleHydrodynamics.cc:178]   <yV>: 400
(2023-03-12T02:30:58.671806667) (2023-03-12T02:30:58.671818397) [Dbg] [SimpleHydrodynamics.cc:179]   <yVV>: 0
(2023-03-12T02:30:58.671856427) (2023-03-12T02:30:58.671870737) [Dbg] [SimpleHydrodynamics.cc:180]   <zW>: 5000
(2023-03-12T02:30:58.671905827) (2023-03-12T02:30:58.671918077) [Dbg] [SimpleHydrodynamics.cc:181]   <zWW>: 0
(2023-03-12T02:30:58.671959317) (2023-03-12T02:30:58.671973627) [Dbg] [SimpleHydrodynamics.cc:182]   <kP>: 500
(2023-03-12T02:30:58.672019587) (2023-03-12T02:30:58.672033397) [Dbg] [SimpleHydrodynamics.cc:183]   <kPP>: 0
(2023-03-12T02:30:58.672073446) (2023-03-12T02:30:58.672087046) [Dbg] [SimpleHydrodynamics.cc:184]   <mQ>: 500
(2023-03-12T02:30:58.672127376) (2023-03-12T02:30:58.672140896) [Dbg] [SimpleHydrodynamics.cc:185]   <mQQ>: 0
(2023-03-12T02:30:58.672179356) (2023-03-12T02:30:58.672192856) [Dbg] [SimpleHydrodynamics.cc:186]   <nR>: 15000
(2023-03-12T02:30:58.672233036) (2023-03-12T02:30:58.672246116) [Dbg] [SimpleHydrodynamics.cc:187]   <nRR>: 0
(2023-03-12T02:30:58.672291306) (2023-03-12T02:30:58.672304506) [Dbg] [SystemManager.cc:58] Loaded system [ignition::gazebo::systems::SimpleHydrodynamics] for entity [24]
(2023-03-12T02:30:58.673701641) (2023-03-12T02:30:58.673713241) [Dbg] [SystemManager.cc:58] Loaded system [ignition::gazebo::systems::DetachableJoint] for entity [28]
(2023-03-12T02:30:58.674197269) (2023-03-12T02:30:58.674206719) [Dbg] [SystemManager.cc:58] Loaded system [ignition::gazebo::systems::DetachableJoint] for entity [44]
(2023-03-12T02:30:58.674981727) (2023-03-12T02:30:58.674991347) [Dbg] [SystemManager.cc:58] Loaded system [ignition::gazebo::systems::DetachableJoint] for entity [60]
(2023-03-12T02:30:58.675757714) (2023-03-12T02:30:58.675767904) [Dbg] [SystemManager.cc:58] Loaded system [ignition::gazebo::systems::DetachableJoint] for entity [112]
(2023-03-12T02:30:58.676898040) (2023-03-12T02:30:58.676908320) [Dbg] [SystemManager.cc:58] Loaded system [ignition::gazebo::systems::CommsEndpoint] for entity [164]
(2023-03-12T02:30:58.677075139) (2023-03-12T02:30:58.677084349) [Dbg] [SystemManager.cc:58] Loaded system [ignition::gazebo::systems::CommsEndpoint] for entity [164]
(2023-03-12T02:30:58.678522103) (2023-03-12T02:30:58.678531673) [Dbg] [SystemManager.cc:58] Loaded system [mbzirc::BaseStation] for entity [164]
(2023-03-12T02:30:58.680375197) (2023-03-12T02:30:58.680386217) [Msg] EntityDetector publishing messages on [/mbzirc/target_object_detector/dropped]
(2023-03-12T02:30:58.680529586) (2023-03-12T02:30:58.680540096) [Dbg] [SystemManager.cc:58] Loaded system [mbzirc::EntityDetector] for entity [168]
(2023-03-12T02:30:58.680621836) (2023-03-12T02:30:58.680630846) [Msg] Loaded level [3]
(2023-03-12T02:30:58.680927625) (2023-03-12T02:30:58.680938795) [Msg] Serving world controls on [/world/simple_demo/control], [/world/simple_demo/control/state] and [/world/simple_demo/playback/control]
(2023-03-12T02:30:58.681060414) (2023-03-12T02:30:58.681072124) [Msg] Serving GUI information on [/world/simple_demo/gui/info]
(2023-03-12T02:30:58.681107034) (2023-03-12T02:30:58.681115324) [Msg] World [simple_demo] initialized with [4ms] physics profile.
(2023-03-12T02:30:58.681237334) (2023-03-12T02:30:58.681249804) [Msg] Serving world SDF generation service on [/world/simple_demo/generate_world_sdf]
(2023-03-12T02:30:58.681334323) (2023-03-12T02:30:58.681346263) [Msg] Serving world names on [/gazebo/worlds]
(2023-03-12T02:30:58.681422013) (2023-03-12T02:30:58.681432113) [Msg] Resource path add service on [/gazebo/resource_paths/add].
(2023-03-12T02:30:58.681567073) (2023-03-12T02:30:58.681593093) [Msg] Resource path get service on [/gazebo/resource_paths/get].
(2023-03-12T02:30:58.781803652) (2023-03-12T02:30:58.781830842) [Msg] Resource path resolve service on [/gazebo/resource_paths/resolve].
(2023-03-12T02:30:58.781990971) (2023-03-12T02:30:58.782012981) [Msg] Resource paths published on [/gazebo/resource_paths].
(2023-03-12T02:30:58.782198971) (2023-03-12T02:30:58.782218950) [Msg] Server control service on [/server_control].
(2023-03-12T02:30:58.782409630) (2023-03-12T02:30:58.782429350) [Msg] Found no publishers on /stats, adding root stats topic
(2023-03-12T02:30:58.782566879) (2023-03-12T02:30:58.782586739) [Msg] Found no publishers on /clock, adding root clock topic
(2023-03-12T02:30:58.782823698) (2023-03-12T02:30:58.782842408) [Dbg] [SimulationRunner.cc:491] Creating PostUpdate worker threads: 13
(2023-03-12T02:30:58.782895848) (2023-03-12T02:30:58.782920818) [Dbg] [SimulationRunner.cc:502] Creating postupdate worker thread (0)
(2023-03-12T02:30:58.783043927) (2023-03-12T02:30:58.783061417) [Dbg] [SimulationRunner.cc:502] Creating postupdate worker thread (1)
(2023-03-12T02:30:58.783153237) (2023-03-12T02:30:58.783170707) [Dbg] [SimulationRunner.cc:502] Creating postupdate worker thread (2)
(2023-03-12T02:30:58.783264076) (2023-03-12T02:30:58.783281546) [Dbg] [SimulationRunner.cc:502] Creating postupdate worker thread (3)
(2023-03-12T02:30:58.783368646) (2023-03-12T02:30:58.783386746) [Dbg] [SimulationRunner.cc:502] Creating postupdate worker thread (4)
(2023-03-12T02:30:58.783476186) (2023-03-12T02:30:58.783494836) [Dbg] [SimulationRunner.cc:502] Creating postupdate worker thread (5)
(2023-03-12T02:30:58.783581315) (2023-03-12T02:30:58.783599715) [Dbg] [SimulationRunner.cc:502] Creating postupdate worker thread (6)
(2023-03-12T02:30:58.783708985) (2023-03-12T02:30:58.783724905) [Dbg] [SimulationRunner.cc:502] Creating postupdate worker thread (7)
(2023-03-12T02:30:58.783810774) (2023-03-12T02:30:58.783826534) [Dbg] [SimulationRunner.cc:502] Creating postupdate worker thread (8)
(2023-03-12T02:30:58.783910364) (2023-03-12T02:30:58.783927054) [Dbg] [SimulationRunner.cc:502] Creating postupdate worker thread (9)
(2023-03-12T02:30:58.784012374) (2023-03-12T02:30:58.784031214) [Dbg] [SimulationRunner.cc:502] Creating postupdate worker thread (10)
(2023-03-12T02:30:58.784113323) (2023-03-12T02:30:58.784131873) [Dbg] [SimulationRunner.cc:502] Creating postupdate worker thread (11)
(2023-03-12T02:30:58.883281347) (2023-03-12T02:30:58.883308667) [Msg] Particle emitter[simple_demo::dust_storm::link::dust_storm] subscribed to command messages on topic[/model/dust_storm/link/link/particle_emitter/dust_storm/cmd]
(2023-03-12T02:30:58.883604376) (2023-03-12T02:30:58.883629006) [Msg] Particle emitter[simple_demo::fog::link::fog] subscribed to command messages on topic[/model/fog/link/link/particle_emitter/fog/cmd]
(2023-03-12T02:30:58.885947028) (2023-03-12T02:30:58.885973518) [Msg] DetachableJoint subscribing to messages on [/Vessel_A/detach]
(2023-03-12T02:30:58.886167148) (2023-03-12T02:30:58.886192618) [Msg] DetachableJoint subscribing to messages on [/Vessel_A/detach]
(2023-03-12T02:30:58.886380297) (2023-03-12T02:30:58.886405607) [Msg] DetachableJoint subscribing to messages on [/Vessel_A/detach]
(2023-03-12T02:30:58.886588706) (2023-03-12T02:30:58.886613916) [Msg] DetachableJoint subscribing to messages on [/Vessel_A/detach]
(2023-03-12T02:30:58.886876495) (2023-03-12T02:30:58.886903265) [Msg] Address [base_station/target] bound to model [base_station] on topic [base_station/target]
(2023-03-12T02:30:58.887017175) (2023-03-12T02:30:58.887040005) [Dbg] [CommsEndpoint.cc:89] Succesfuly bound to [base_station/target] on topic [base_station/target]
(2023-03-12T02:30:58.887231254) (2023-03-12T02:30:58.887256454) [Msg] Address [base_station/video] bound to model [base_station] on topic [base_station/video]
(2023-03-12T02:30:58.887371124) (2023-03-12T02:30:58.887394304) [Dbg] [CommsEndpoint.cc:89] Succesfuly bound to [base_station/video] on topic [base_station/video]
(2023-03-12T02:30:58.963751286) (2023-03-12T02:30:58.963765796) [Dbg] [Physics.cc:1593] Creating detachable joint [170]
(2023-03-12T02:30:58.963915045) (2023-03-12T02:30:58.963924455) [Dbg] [Physics.cc:1593] Creating detachable joint [171]
(2023-03-12T02:30:58.964040745) (2023-03-12T02:30:58.964049945) [Dbg] [Physics.cc:1593] Creating detachable joint [172]
(2023-03-12T02:30:58.964334134) (2023-03-12T02:30:58.964344374) [Dbg] [Physics.cc:1593] Creating detachable joint [173]
(2023-03-12T02:30:58.965580730) (2023-03-12T02:30:58.965592320) [Dbg] [SimulationFeatures.cc:63] Simulation timestep set to: 0.004
(2023-03-12T02:30:58.975948533) (2023-03-12T02:30:58.975970063) [Msg] Serving scene information on [/world/simple_demo/scene/info]
(2023-03-12T02:30:58.976121073) (2023-03-12T02:30:58.976138093) [Msg] Serving graph information on [/world/simple_demo/scene/graph]
(2023-03-12T02:30:58.976284062) (2023-03-12T02:30:58.976302942) [Msg] Serving full state on [/world/simple_demo/state]
(2023-03-12T02:30:58.976447002) (2023-03-12T02:30:58.976464221) [Msg] Serving full state (async) on [/world/simple_demo/state_async]
(2023-03-12T02:30:58.976647271) (2023-03-12T02:30:58.976674991) [Msg] Publishing scene information on [/world/simple_demo/scene/info]
(2023-03-12T02:30:58.976862740) (2023-03-12T02:30:58.976885310) [Msg] Publishing entity deletions on [/world/simple_demo/scene/deletion]
(2023-03-12T02:30:58.977028760) (2023-03-12T02:30:58.977055049) [Msg] Publishing state changes on [/world/simple_demo/state]
(2023-03-12T02:30:58.977218179) (2023-03-12T02:30:58.977241199) [Msg] Publishing pose messages on [/world/simple_demo/pose/info]
(2023-03-12T02:30:58.977401198) (2023-03-12T02:30:58.977424098) [Msg] Publishing dynamic pose messages on [/world/simple_demo/dynamic_pose/info]
(2023-03-12T02:30:58.977795227) (2023-03-12T02:30:58.977815577) [Dbg] [EntityComponentManager.cc:1587] Updated state thread iterators: 24 threads processing around 8 entities each.
(2023-03-12T02:30:58.978008546) (2023-03-12T02:30:58.978030566) [Wrn] [Model.hh:69] Skipping serialization / deserialization for models with //pose/@relative_to attribute.
(2023-03-12T02:30:58.978142196) (2023-03-12T02:30:58.978169256) [Wrn] [Model.hh:69] Skipping serialization / deserialization for models with //pose/@relative_to attribute.
(2023-03-12T02:30:58.978604494) (2023-03-12T02:30:58.978616674) [Wrn] [Component.hh:144] Trying to serialize component with data type [N3sdf3v125WorldE], which doesn't have `operator<<`. Component will not be serialized.
(2023-03-12T02:30:59.3143358) (2023-03-12T02:30:59.3165538) [Dbg] [EntityComponentManager.cc:1587] Updated state thread iterators: 24 threads processing around 8 entities each.
(2023-03-12T02:31:05.994786631) (2023-03-12T02:31:05.994800511) [Msg] Linear velocity initialized to [0 0 0]
(2023-03-12T02:31:05.994864461) (2023-03-12T02:31:05.994874361) [Msg] Angular velocity initialized to [0 0 0]
(2023-03-12T02:31:05.995082480) (2023-03-12T02:31:05.995094250) [Msg] VelocityControl subscribing to twist messages on [/model/usv/cmd_vel]
(2023-03-12T02:31:05.995136190) (2023-03-12T02:31:05.995146540) [Dbg] [SystemManager.cc:58] Loaded system [ignition::gazebo::systems::VelocityControl] for entity [174]
(2023-03-12T02:31:05.996286056) (2023-03-12T02:31:05.996300216) [Dbg] [OdometryPublisher.cc:191] OdometryPublisher system plugin missing <dimensions>, defaults to "2"
(2023-03-12T02:31:05.996493795) (2023-03-12T02:31:05.996508365) [Msg] OdometryPublisher publishing odometry on [/model/usv/odometry]
(2023-03-12T02:31:05.996626574) (2023-03-12T02:31:05.996638444) [Msg] OdometryPublisher publishing odometry with covariance on [/model/usv/odometry_with_covariance]
(2023-03-12T02:31:05.996738924) (2023-03-12T02:31:05.996749844) [Msg] OdometryPublisher publishing Pose_V (TF) on [/model/usv/pose]
(2023-03-12T02:31:05.996783214) (2023-03-12T02:31:05.996792294) [Dbg] [SystemManager.cc:58] Loaded system [ignition::gazebo::systems::OdometryPublisher] for entity [174]
(2023-03-12T02:31:05.998202968) (2023-03-12T02:31:05.998215898) [Msg] Thruster listening to commands in [/model/usv/joint/left_engine_propeller_joint/cmd_thrust]
(2023-03-12T02:31:05.998281418) (2023-03-12T02:31:05.998291218) [Dbg] [Thruster.cc:288] Using velocity control for propeller joint.
(2023-03-12T02:31:05.998318758) (2023-03-12T02:31:05.998327668) [Dbg] [SystemManager.cc:58] Loaded system [ignition::gazebo::systems::Thruster] for entity [174]
(2023-03-12T02:31:05.999428674) (2023-03-12T02:31:05.999441174) [Dbg] [JointPositionController.cc:205] [JointPositionController] system parameters:
(2023-03-12T02:31:05.999466633) (2023-03-12T02:31:05.999476453) [Dbg] [JointPositionController.cc:206] p_gain: [1]
(2023-03-12T02:31:05.999507603) (2023-03-12T02:31:05.999516163) [Dbg] [JointPositionController.cc:207] i_gain: [0.1]
(2023-03-12T02:31:05.999548243) (2023-03-12T02:31:05.999556613) [Dbg] [JointPositionController.cc:208] d_gain: [0.01]
(2023-03-12T02:31:05.999588153) (2023-03-12T02:31:05.999597253) [Dbg] [JointPositionController.cc:209] i_max: [1]
(2023-03-12T02:31:05.999636083) (2023-03-12T02:31:05.999645573) [Dbg] [JointPositionController.cc:210] i_min: [-1]
(2023-03-12T02:31:05.999678053) (2023-03-12T02:31:05.999693833) [Dbg] [JointPositionController.cc:211] cmd_max: [1000]
(2023-03-12T02:31:05.999726933) (2023-03-12T02:31:05.999736392) [Dbg] [JointPositionController.cc:212] cmd_min: [-1000]
(2023-03-12T02:31:05.999767172) (2023-03-12T02:31:05.999776002) [Dbg] [JointPositionController.cc:213] cmd_offset: [0]
(2023-03-12T02:31:05.999807602) (2023-03-12T02:31:05.999817002) [Dbg] [JointPositionController.cc:214] Topic: [usv/left/thruster/joint/cmd_pos]
(2023-03-12T02:31:05.999847102) (2023-03-12T02:31:05.999855952) [Dbg] [JointPositionController.cc:215] initial_position: [0]
(2023-03-12T02:31:05.999889802) (2023-03-12T02:31:05.999899092) [Dbg] [SystemManager.cc:58] Loaded system [ignition::gazebo::systems::JointPositionController] for entity [174]
(2023-03-12T02:31:06.207061) (2023-03-12T02:31:06.218141) [Msg] Thruster listening to commands in [/model/usv/joint/right_engine_propeller_joint/cmd_thrust]
(2023-03-12T02:31:06.268391) (2023-03-12T02:31:06.277531) [Dbg] [Thruster.cc:288] Using velocity control for propeller joint.
(2023-03-12T02:31:06.303421) (2023-03-12T02:31:06.313281) [Dbg] [SystemManager.cc:58] Loaded system [ignition::gazebo::systems::Thruster] for entity [174]
(2023-03-12T02:31:06.569180) (2023-03-12T02:31:06.580920) [Dbg] [JointPositionController.cc:205] [JointPositionController] system parameters:
(2023-03-12T02:31:06.603920) (2023-03-12T02:31:06.612930) [Dbg] [JointPositionController.cc:206] p_gain: [1]
(2023-03-12T02:31:06.643089) (2023-03-12T02:31:06.652099) [Dbg] [JointPositionController.cc:207] i_gain: [0.1]
(2023-03-12T02:31:06.683059) (2023-03-12T02:31:06.691959) [Dbg] [JointPositionController.cc:208] d_gain: [0.01]
(2023-03-12T02:31:06.722069) (2023-03-12T02:31:06.731149) [Dbg] [JointPositionController.cc:209] i_max: [1]
(2023-03-12T02:31:06.760179) (2023-03-12T02:31:06.769629) [Dbg] [JointPositionController.cc:210] i_min: [-1]
(2023-03-12T02:31:06.798989) (2023-03-12T02:31:06.808289) [Dbg] [JointPositionController.cc:211] cmd_max: [1000]
(2023-03-12T02:31:06.837139) (2023-03-12T02:31:06.845779) [Dbg] [JointPositionController.cc:212] cmd_min: [-1000]
(2023-03-12T02:31:06.875099) (2023-03-12T02:31:06.884699) [Dbg] [JointPositionController.cc:213] cmd_offset: [0]
(2023-03-12T02:31:06.916749) (2023-03-12T02:31:06.926018) [Dbg] [JointPositionController.cc:214] Topic: [usv/right/thruster/joint/cmd_pos]
(2023-03-12T02:31:06.956848) (2023-03-12T02:31:06.966648) [Dbg] [JointPositionController.cc:215] initial_position: [0]
(2023-03-12T02:31:06.999458) (2023-03-12T02:31:06.1008498) [Dbg] [SystemManager.cc:58] Loaded system [ignition::gazebo::systems::JointPositionController] for entity [174]
(2023-03-12T02:31:06.1253967) (2023-03-12T02:31:06.1265167) [Msg] Using Pierson-Moskowitz spectrum sampling wavefield model 
(2023-03-12T02:31:06.1399527) (2023-03-12T02:31:06.1410517) [Msg] Using Pierson-Moskowitz spectrum sampling wavefield model 
(2023-03-12T02:31:06.1475027) (2023-03-12T02:31:06.1485337) [Msg] Input Parameters:
(2023-03-12T02:31:06.1506637) (2023-03-12T02:31:06.1515536) [Msg] model:     PMS
(2023-03-12T02:31:06.1548246) (2023-03-12T02:31:06.1561506) [Msg] number:     3
(2023-03-12T02:31:06.1594936) (2023-03-12T02:31:06.1607056) [Msg] scale:      1.1
(2023-03-12T02:31:06.1639426) (2023-03-12T02:31:06.1650726) [Msg] angle:      0.4
(2023-03-12T02:31:06.1683546) (2023-03-12T02:31:06.1697086) [Msg] steepness:  0
(2023-03-12T02:31:06.1728096) (2023-03-12T02:31:06.1741646) [Msg] amplitude:  0
(2023-03-12T02:31:06.1773356) (2023-03-12T02:31:06.1781896) [Msg] period:     5
(2023-03-12T02:31:06.1813775) (2023-03-12T02:31:06.1824665) [Msg] direction:  1 0
(2023-03-12T02:31:06.1869535) (2023-03-12T02:31:06.1879395) [Msg] tau:  2
(2023-03-12T02:31:06.1908515) (2023-03-12T02:31:06.1916435) [Msg] gain:  0.3
(2023-03-12T02:31:06.1948115) (2023-03-12T02:31:06.1958985) [Msg] Derived Parameters:
(2023-03-12T02:31:06.1989935) (2023-03-12T02:31:06.1998475) [Msg] amplitudes:  0.0363502, 0.0392277, 0.0385703, 
(2023-03-12T02:31:06.2057395) (2023-03-12T02:31:06.2072675) [Msg] wavenumbers: 0.133171, 0.161136, 0.194975, 
(2023-03-12T02:31:06.2133654) (2023-03-12T02:31:06.2147074) [Msg] omegas:      1.1424, 1.25664, 1.3823, 
(2023-03-12T02:31:06.2212634) (2023-03-12T02:31:06.2222894) [Msg] periods:     (2023-03-12T02:31:06.2248874) (2023-03-12T02:31:06.2259054) [Msg] 5.5, (2023-03-12T02:31:06.2287114) (2023-03-12T02:31:06.2299924) [Msg] 5, (2023-03-12T02:31:06.2325624) (2023-03-12T02:31:06.2334514) [Msg] 4.54545, (2023-03-12T02:31:06.2357624) (2023-03-12T02:31:06.2365474) [Msg] 
(2023-03-12T02:31:06.2383184) (2023-03-12T02:31:06.2391184) [Msg] phases:      0, 0, 0, 
(2023-03-12T02:31:06.2443353) (2023-03-12T02:31:06.2453553) [Msg] steepnesses: 0, 0, 0, 
(2023-03-12T02:31:06.2509173) (2023-03-12T02:31:06.2519853) [Msg] directions:  (2023-03-12T02:31:06.2545693) (2023-03-12T02:31:06.2555623) [Msg] 0.921061 -0.389418; (2023-03-12T02:31:06.2594923) (2023-03-12T02:31:06.2608203) [Msg] 1 0; (2023-03-12T02:31:06.2641063) (2023-03-12T02:31:06.2650133) [Msg] 0.921061 0.389418; (2023-03-12T02:31:06.2679673) (2023-03-12T02:31:06.2689293) [Msg] 
(2023-03-12T02:31:06.2718482) (2023-03-12T02:31:06.2728332) [Dbg] [Surface.cc:161] Surface plugin successfully configured with the following parameters:
(2023-03-12T02:31:06.2755312) (2023-03-12T02:31:06.2764392) [Dbg] [Surface.cc:163]   <link_name>: base_link
(2023-03-12T02:31:06.2791612) (2023-03-12T02:31:06.2801762) [Dbg] [Surface.cc:164]   <vehicle_length>: 6
(2023-03-12T02:31:06.2829622) (2023-03-12T02:31:06.2837932) [Dbg] [Surface.cc:165]   <vehicle_width>: 3.3
(2023-03-12T02:31:06.2865162) (2023-03-12T02:31:06.2874262) [Dbg] [Surface.cc:166]   <hull_radius>: 0.27
(2023-03-12T02:31:06.2903522) (2023-03-12T02:31:06.2912592) [Dbg] [Surface.cc:167]   <num_samples>: 2
(2023-03-12T02:31:06.2938322) (2023-03-12T02:31:06.2947472) [Dbg] [Surface.cc:168]   <fluid_level>: 0.45
(2023-03-12T02:31:06.2973712) (2023-03-12T02:31:06.2983302) [Dbg] [Surface.cc:169]   <fluid_density>: 997.774
(2023-03-12T02:31:06.3015691) (2023-03-12T02:31:06.3025301) [Dbg] [SystemManager.cc:58] Loaded system [ignition::gazebo::systems::Surface] for entity [174]
(2023-03-12T02:31:06.3337960) (2023-03-12T02:31:06.3351660) [Dbg] [SimpleHydrodynamics.cc:167] SimpleHydrodynamics plugin successfully configured with the following parameters:
(2023-03-12T02:31:06.3380830) (2023-03-12T02:31:06.3390690) [Dbg] [SimpleHydrodynamics.cc:169]   <link_name>: base_link
(2023-03-12T02:31:06.3417530) (2023-03-12T02:31:06.3426630) [Dbg] [SimpleHydrodynamics.cc:170]   <xDotU>: 0
(2023-03-12T02:31:06.3455460) (2023-03-12T02:31:06.3464860) [Dbg] [SimpleHydrodynamics.cc:171]   <yDotV>: 0
(2023-03-12T02:31:06.3491740) (2023-03-12T02:31:06.3500690) [Dbg] [SimpleHydrodynamics.cc:172]   <zDotW>: 0.1
(2023-03-12T02:31:06.3529370) (2023-03-12T02:31:06.3538980) [Dbg] [SimpleHydrodynamics.cc:173]   <kDotP>: 0.1
(2023-03-12T02:31:06.3566180) (2023-03-12T02:31:06.3575130) [Dbg] [SimpleHydrodynamics.cc:174]   <mDotQ>: 0.1
(2023-03-12T02:31:06.3600839) (2023-03-12T02:31:06.3609549) [Dbg] [SimpleHydrodynamics.cc:175]   <nDotR>: 0
(2023-03-12T02:31:06.3635879) (2023-03-12T02:31:06.3644799) [Dbg] [SimpleHydrodynamics.cc:176]   <xU>: 51.3
(2023-03-12T02:31:06.3670399) (2023-03-12T02:31:06.3679219) [Dbg] [SimpleHydrodynamics.cc:177]   <xUU>: 72.4
(2023-03-12T02:31:06.3725439) (2023-03-12T02:31:06.3734559) [Dbg] [SimpleHydrodynamics.cc:178]   <yV>: 40
(2023-03-12T02:31:06.3759949) (2023-03-12T02:31:06.3769389) [Dbg] [SimpleHydrodynamics.cc:179]   <yVV>: 0
(2023-03-12T02:31:06.3796659) (2023-03-12T02:31:06.3806669) [Dbg] [SimpleHydrodynamics.cc:180]   <zW>: 500
(2023-03-12T02:31:06.3832659) (2023-03-12T02:31:06.3841009) [Dbg] [SimpleHydrodynamics.cc:181]   <zWW>: 0
(2023-03-12T02:31:06.3866379) (2023-03-12T02:31:06.3875809) [Dbg] [SimpleHydrodynamics.cc:182]   <kP>: 100
(2023-03-12T02:31:06.3901588) (2023-03-12T02:31:06.3910938) [Dbg] [SimpleHydrodynamics.cc:183]   <kPP>: 0
(2023-03-12T02:31:06.3951408) (2023-03-12T02:31:06.3964658) [Dbg] [SimpleHydrodynamics.cc:184]   <mQ>: 100
(2023-03-12T02:31:06.3998808) (2023-03-12T02:31:06.4011828) [Dbg] [SimpleHydrodynamics.cc:185]   <mQQ>: 0
(2023-03-12T02:31:06.4045918) (2023-03-12T02:31:06.4055298) [Dbg] [SimpleHydrodynamics.cc:186]   <nR>: 400
(2023-03-12T02:31:06.4089538) (2023-03-12T02:31:06.4103638) [Dbg] [SimpleHydrodynamics.cc:187]   <nRR>: 0
(2023-03-12T02:31:06.4146578) (2023-03-12T02:31:06.4160678) [Dbg] [SystemManager.cc:58] Loaded system [ignition::gazebo::systems::SimpleHydrodynamics] for entity [174]
(2023-03-12T02:31:06.5442463) (2023-03-12T02:31:06.5453813) [Dbg] [SystemManager.cc:58] Loaded system [ignition::gazebo::systems::PosePublisher] for entity [174]
(2023-03-12T02:31:06.5704142) (2023-03-12T02:31:06.5716522) [Msg] EntityDetector publishing messages on [/mbzirc/target_object_detector/placed]
(2023-03-12T02:31:06.5867582) (2023-03-12T02:31:06.5878072) [Dbg] [SystemManager.cc:58] Loaded system [mbzirc::EntityDetector] for entity [174]
(2023-03-12T02:31:06.6103331) (2023-03-12T02:31:06.6114671) [Msg] EntityDetector publishing messages on [/mbzirc/target_object_detector/placed]
(2023-03-12T02:31:06.6257421) (2023-03-12T02:31:06.6267561) [Dbg] [SystemManager.cc:58] Loaded system [mbzirc::EntityDetector] for entity [174]
(2023-03-12T02:31:06.6517670) (2023-03-12T02:31:06.6530760) [Msg] EntityDetector publishing messages on [/mbzirc/target_object_detector/placed]
(2023-03-12T02:31:06.6682069) (2023-03-12T02:31:06.6693819) [Dbg] [SystemManager.cc:58] Loaded system [mbzirc::EntityDetector] for entity [174]
(2023-03-12T02:31:06.6925618) (2023-03-12T02:31:06.6937358) [Msg] EntityDetector publishing messages on [/mbzirc/target_object_detector/placed]
(2023-03-12T02:31:06.7072148) (2023-03-12T02:31:06.7082258) [Dbg] [SystemManager.cc:58] Loaded system [mbzirc::EntityDetector] for entity [174]
(2023-03-12T02:31:06.7296367) (2023-03-12T02:31:06.7307657) [Dbg] [SystemManager.cc:58] Loaded system [ignition::gazebo::systems::CommsEndpoint] for entity [174]
(2023-03-12T02:31:06.7726176) (2023-03-12T02:31:06.7738346) [Dbg] [UserCommands.cc:1303] Created entity [174] named [usv]
(2023-03-12T02:31:06.17051204) (2023-03-12T02:31:06.17079934) [Dbg] [Sensors.cc:584] Initialization needed
(2023-03-12T02:31:06.17164534) (2023-03-12T02:31:06.17192524) [Dbg] [Sensors.cc:240] Initializing render context
(2023-03-12T02:31:06.17346673) (2023-03-12T02:31:06.17371243) [Msg] Loading plugin [ignition-rendering-ogre2]
(2023-03-12T02:31:06.17710042) (2023-03-12T02:31:06.17732142) [Dbg] [ImuSensor.cc:148] IMU data for [usv::base_link::imu_sensor] advertised on [world/simple_demo/model/usv/link/base_link/sensor/imu_sensor/imu](
2023-03-12T02:31:06.17815472) (2023-03-12T02:31:06.17888601) [Dbg] [GameLogicPlugin.cc:1991] New Competitor Platform: usv with 0sensors
(((((2023-03-12T02:31:06.19186347) (2023-03-12T02:31:06.19214477) ([Dbg] [SimulationRunner.cc:518] ([Dbg] [SimulationRunner.cc:518] (2023-03-12T02:31:06.191904672023-03-12T02:31:06.192603272023-03-12T02:31:06.191904672023-03-12T02:31:06.19260327((2023-03-12T02:31:06.19293947) (2023-03-12T02:31:06.19323597) (2023-03-12T02:31:06.19366476) (2023-03-12T02:31:06.19398776) Exiting postupdate worker thread () (2023-03-12T02:31:06.19443936) 2023-03-12T02:31:06.19297257) (42023-03-12T02:31:06.1948523642023-03-12T02:31:06.19485236()

() ) ((() (2023-03-12T02:31:06.19589896) 2023-03-12T02:31:06.19607016) (2023-03-12T02:31:06.19629066) 2023-03-12T02:31:06.19571296) ) 2023-03-12T02:31:06.19648456) (2023-03-12T02:31:06.19740875) ) ) 7) 7) (2023-03-12T02:31:06.19814805) 7[Dbg] [SimulationRunner.cc:518] ) (Exiting postupdate worker thread (22023-03-12T02:31:06.198916552023-03-12T02:31:06.198916552023-03-12T02:31:06.19907275) )
) (2023-03-12T02:31:06.19972024) Exiting postupdate worker thread ([Dbg] [SimulationRunner.cc:518] )
[Dbg] [SimulationRunner.cc:518] [Dbg] [SimulationRunner.cc:518] Exiting postupdate worker thread ([Dbg] [SimulationRunner.cc:518] Exiting postupdate worker thread (Exiting postupdate worker thread ([Dbg] [SimulationRunner.cc:518] [Dbg] [SimulationRunner.cc:518] Exiting postupdate worker thread (0)
Exiting postupdate worker thread (8)
Exiting postupdate worker thread (3)
Exiting postupdate worker thread (19)
[Dbg] [SimulationRunner.cc:518] Exiting postupdate worker thread (Exiting postupdate worker thread ()
Exiting postupdate worker thread (10)
)6)

11)
(2023-03-12T02:31:06.20689062) (2023-03-12T02:31:06.20705122) [Dbg] [SimulationRunner.cc:491] Creating PostUpdate worker threads: 22
(2023-03-12T02:31:06.20747512) (2023-03-12T02:31:06.20761102) [Dbg] [SimulationRunner.cc:502] Creating postupdate worker thread (0)
(2023-03-12T02:31:06.20834462) (2023-03-12T02:31:06.20846982) [Dbg] [SimulationRunner.cc:502] Creating postupdate worker thread (1)
(2023-03-12T02:31:06.20902611) (2023-03-12T02:31:06.20913561) [Dbg] [SimulationRunner.cc:502] Creating postupdate worker thread (2)
(2023-03-12T02:31:06.20980381) (2023-03-12T02:31:06.20994131) [Dbg] [SimulationRunner.cc:502] Creating postupdate worker thread (3)
(2023-03-12T02:31:06.21055881) (2023-03-12T02:31:06.21068491) [Dbg] [SimulationRunner.cc:502] Creating postupdate worker thread (4)
(2023-03-12T02:31:06.21136851) (2023-03-12T02:31:06.21147940) [Dbg] [SimulationRunner.cc:502] Creating postupdate worker thread (5)
(2023-03-12T02:31:06.21199490) (2023-03-12T02:31:06.21209720) [Dbg] [SimulationRunner.cc:502] Creating postupdate worker thread (6)
(2023-03-12T02:31:06.21266560) (2023-03-12T02:31:06.21281270) [Dbg] [SimulationRunner.cc:502] Creating postupdate worker thread (7)
(2023-03-12T02:31:06.21351410) (2023-03-12T02:31:06.21361860) [Dbg] [SimulationRunner.cc:502] Creating postupdate worker thread (8)
(2023-03-12T02:31:06.21413780) (2023-03-12T02:31:06.21423680) [Dbg] [SimulationRunner.cc:502] Creating postupdate worker thread (9)
(2023-03-12T02:31:06.21472739) (2023-03-12T02:31:06.21484759) [Dbg] [SimulationRunner.cc:502] Creating postupdate worker thread (10)
(2023-03-12T02:31:06.21538779) (2023-03-12T02:31:06.21549839) [Dbg] [SimulationRunner.cc:502] Creating postupdate worker thread (11)
(2023-03-12T02:31:06.21607359) (2023-03-12T02:31:06.21617959) [Dbg] [SimulationRunner.cc:502] Creating postupdate worker thread (12)
(2023-03-12T02:31:06.21688809) (2023-03-12T02:31:06.21703499) [Dbg] [SimulationRunner.cc:502] Creating postupdate worker thread (13)
(2023-03-12T02:31:06.21757818) (2023-03-12T02:31:06.21771308) [Dbg] [SimulationRunner.cc:502] Creating postupdate worker thread (14)
(2023-03-12T02:31:06.21834318) (2023-03-12T02:31:06.21845958) [Dbg] [SimulationRunner.cc:502] Creating postupdate worker thread (15)
(2023-03-12T02:31:06.21909178) (2023-03-12T02:31:06.21919338) [Dbg] [SimulationRunner.cc:502] Creating postupdate worker thread (16)
(2023-03-12T02:31:06.21986288) (2023-03-12T02:31:06.22001698) [Dbg] [SimulationRunner.cc:502] Creating postupdate worker thread (17)
(2023-03-12T02:31:06.22058867) (2023-03-12T02:31:06.22069027) [Dbg] [SimulationRunner.cc:502] Creating postupdate worker thread (18)
(2023-03-12T02:31:06.22121277) (2023-03-12T02:31:06.22131367) [Dbg] [SimulationRunner.cc:502] Creating postupdate worker thread (19)
(2023-03-12T02:31:06.22181817) (2023-03-12T02:31:06.22191467) [Dbg] [SimulationRunner.cc:502] Creating postupdate worker thread (20)
(2023-03-12T02:31:06.22624376) (2023-03-12T02:31:06.22636805) [Msg] Address [usv] bound to model [usv] on topic [model/usv/rx]
(2023-03-12T02:31:06.22686645) (2023-03-12T02:31:06.22696345) [Dbg] [CommsEndpoint.cc:89] Succesfuly bound to [usv] on topic [model/usv/rx]
(2023-03-12T02:31:06.428214746) (2023-03-12T02:31:06.428227946) [Dbg] [RenderUtil.cc:2529] Create scene [scene]
(2023-03-12T02:31:06.469187176) (2023-03-12T02:31:06.469201516) [Dbg] [Sensors.cc:254] Rendering Thread initialized
(2023-03-12T02:31:06.473779881) (2023-03-12T02:31:06.473790751) [Wrn] [Ogre2Heightmap.cc:125] Heightmap final sampling should be 2^n
 which differs from ogre1's 2^n+1
The last row and column will be cropped
size = (width * sampling) - sampling + 1
[257] = ([257] * [1]) - [1] + 1
(2023-03-12T02:31:06.479760089) (2023-03-12T02:31:06.479791049) [Msg] Loading heightmap: scene::Heightmap(65478)
(2023-03-12T02:31:06.479839819) (2023-03-12T02:31:06.479852239) [Msg] Heightmap loaded. Process took 0 ms.
(2023-03-12T02:31:10.248668830) (2023-03-12T02:31:10.248684770) [Dbg] [Ogre2ParticleEmitter.cc:514] Particle emitter initialized
(2023-03-12T02:31:10.248857109) (2023-03-12T02:31:10.248870069) [Dbg] [Ogre2ParticleEmitter.cc:514] Particle emitter initialized
(2023-03-12T02:31:10.249056649) (2023-03-12T02:31:10.249069819) [Dbg] [Ogre2ParticleEmitter.cc:514] Particle emitter initialized
(2023-03-12T02:31:10.809737538) (2023-03-12T02:31:10.809754137) [Dbg] [Ogre2ParticleEmitter.cc:514] Particle emitter initialized
(2023-03-12T02:31:10.809974957) (2023-03-12T02:31:10.809989827) [Dbg] [Ogre2ParticleEmitter.cc:514] Particle emitter initialized
(2023-03-12T02:31:10.810160326) (2023-03-12T02:31:10.810173676) [Dbg] [Ogre2ParticleEmitter.cc:514] Particle emitter initialized
(2023-03-12T02:31:10.821917397) (2023-03-12T02:31:10.821937267) [Dbg] [Lidar.cc:122] Laser scans for [usv::sensor_6::sensor_link::lidar] advertised on [world/simple_demo/model/usv/model/sensor_6/link/sensor_link/sensor/lidar/scan]
(2023-03-12T02:31:10.822214806) (2023-03-12T02:31:10.822230866) [Dbg] [GpuLidarSensor.cc:164] Lidar points for [usv::sensor_6::sensor_link::lidar] advertised on [world/simple_demo/model/usv/model/sensor_6/link/sensor_link/sensor/lidar/scan/points]
(2023-03-12T02:31:10.822502205) (2023-03-12T02:31:10.822512285) [Msg] Loading plugin [ignition-rendering-ogre2]
(2023-03-12T02:31:10.980718365) (2023-03-12T02:31:10.980740914) [Dbg] [EntityComponentManager.cc:1587] Updated state thread iterators: 24 threads processing around 10 entities each.
(2023-03-12T02:31:26.230885432) (2023-03-12T02:31:26.230908112) [Msg] Scoring has Started
(2023-03-12T02:31:26.231210701) (2023-03-12T02:31:26.231229581) [Err] [GameLogicPlugin.cc:2121] Invalid configuration detected: 
[usv] Initial Position (10 40 0.299843) is not in the starting area -15 -15 -5 15 15 5
(2023-03-12T02:39:18.717279977) (2023-03-12T02:39:18.717301567) [Dbg] [SignalHandler.cc:141] Received signal[2].
(2023-03-12T02:39:18.717349207) (2023-03-12T02:39:18.717362087) [Dbg] [ServerPrivate.cc:110] Server received signal[2]
(2023-03-12T02:39:18.717409237) (2023-03-12T02:39:18.717426367) [Dbg] [Sensors.cc:406] SensorsPrivate::Stop
(2023-03-12T02:39:18.719752358) (2023-03-12T02:39:18.719769628) [Dbg] [Sensors.cc:392] SensorsPrivate::RenderThread stopped
(2023-03-12T02:39:18.726326941) (2023-03-12T02:39:18.726345081) [Dbg] [ign.cc:410] Shutting down ign-gazebo-server
(((((((((2023-03-12T02:39:18.729327202) (2023-03-12T02:39:18.729361872(2023-03-12T02:39:18.729395922) (2023-03-12T02:39:18.729424452) ([Dbg] [SimulationRunner.cc:518] (Exiting postupdate worker thread (((18()()()(2023-03-12T02:39:18.729530002) 2023-03-12T02:39:18.7295557222023-03-12T02:39:18.729555722(((2023-03-12T02:39:18.729556822) (2023-03-12T02:39:18.729639512) (2023-03-12T02:39:18.729681752) () (2023-03-12T02:39:18.729736552) 2023-03-12T02:39:18.729758332) (2023-03-12T02:39:18.729795342) 2023-03-12T02:39:18.729667922) (2023-03-12T02:39:18.7297063322023-03-12T02:39:18.729857272) () 2023-03-12T02:39:18.729766012) (2023-03-12T02:39:18.729977092) (2023-03-12T02:39:18.730018992) 2023-03-12T02:39:18.729604532) (2023-03-12T02:39:18.7299374822023-03-12T02:39:18.730077092) 2023-03-12T02:39:18.7295398022023-03-12T02:39:18.7300982022023-03-12T02:39:18.7295398022023-03-12T02:39:18.7300982022023-03-12T02:39:18.7295398022023-03-12T02:39:18.730098202) 2023-03-12T02:39:18.729911502) (2023-03-12T02:39:18.730154292) ) (2023-03-12T02:39:18.730201392) ) (2023-03-12T02:39:18.730250762) ) (2023-03-12T02:39:18.730287802) 2023-03-12T02:39:18.730307172) (2023-03-12T02:39:18.730354833) 2023-03-12T02:39:18.729559632) (2023-03-12T02:39:18.730421013) 2023-03-12T02:39:18.729509412) (2023-03-12T02:39:18.7304794232023-03-12T02:39:18.730479423) ) (2023-03-12T02:39:18.730519823) 2023-03-12T02:39:18.7296397122023-03-12T02:39:18.7296397122023-03-12T02:39:18.730550473) (2023-03-12T02:39:18.730576893) ) (2023-03-12T02:39:18.730607503) ) (
2023-03-12T02:39:18.730654713) [Dbg] [SimulationRunner.cc:518] Exiting postupdate worker thread (4)
[Dbg] [SimulationRunner.cc:518] [Dbg] [SimulationRunner.cc:518] [Dbg] [SimulationRunner.cc:518] Exiting postupdate worker thread (13)
[Dbg] [SimulationRunner.cc:518] Exiting postupdate worker thread (6)
Exiting postupdate worker thread (7)
[Dbg] [SimulationRunner.cc:518] Exiting postupdate worker thread (5)
[Dbg] [SimulationRunner.cc:518] [Dbg] [SimulationRunner.cc:518] Exiting postupdate worker thread (20)
[Dbg] [SimulationRunner.cc:518] Exiting postupdate worker thread (3)
Exiting postupdate worker thread (16)
[Dbg] [SimulationRunner.cc:518] Exiting postupdate worker thread (17)
[Dbg] [SimulationRunner.cc:518] Exiting postupdate worker thread (19)
[Dbg] [SimulationRunner.cc:518] [Dbg] [SimulationRunner.cc:518] Exiting postupdate worker thread (0)
Exiting postupdate worker thread (8)
[Dbg] [SimulationRunner.cc:518] [Dbg] [SimulationRunner.cc:518] [Dbg] [SimulationRunner.cc:518] [Dbg] [SimulationRunner.cc:518] [Dbg] [SimulationRunner.cc:518] Exiting postupdate worker thread ([Dbg] [SimulationRunner.cc:518] Exiting postupdate worker thread (2)
[Dbg] [SimulationRunner.cc:518] Exiting postupdate worker thread (15)
[Dbg] [SimulationRunner.cc:518] Exiting postupdate worker thread (11)
10)
9)
Exiting postupdate worker thread (12)
Exiting postupdate worker thread (1)
14)
(2023-03-12T02:39:18.768438656) (2023-03-12T02:39:18.768452486) [Dbg] [Sensors.cc:406] SensorsPrivate::Stop
(2023-03-12T02:39:18.789726215) (2023-03-12T02:39:18.789753515) [Msg] Stopping recording
(2023-03-12T02:39:18.813044914) (2023-03-12T02:39:18.813066614) [Msg] Scoring has finished. Elapsed real time: 472 seconds. Elapsed sim time: 447 seconds. 
