(2023-05-19T12:29:36.677385410) (2023-05-19T12:29:36.677406200) [Msg] Ignition Gazebo Server v6.11.0
(2023-05-19T12:29:36.680995159) (2023-05-19T12:29:36.681016200) [Msg] Loading SDF world file[/home/developer/mbzirc_ws/install/share/mbzirc_ign/worlds/simple_demo.sdf].
(2023-05-19T12:29:36.998827254) (2023-05-19T12:29:36.998841864) [Msg] Serving entity system service on [/entity/system/add]
(2023-05-19T12:29:37.33289679) (2023-05-19T12:29:37.33303759) [Dbg] [Physics.cc:803] Loaded [ignition::physics::dartsim::Plugin] from library [/usr/lib/x86_64-linux-gnu/ign-physics-5/engine-plugins/libignition-physics-dartsim-plugin.so]
(2023-05-19T12:29:37.33359729) (2023-05-19T12:29:37.33368349) [Dbg] [SystemManager.cc:58] Loaded system [ignition::gazebo::systems::Physics] for entity [1]
(2023-05-19T12:29:37.34856163) (2023-05-19T12:29:37.34867053) [Msg] Create service on [/world/simple_demo/create]
(2023-05-19T12:29:37.34968283) (2023-05-19T12:29:37.34979383) [Msg] Remove service on [/world/simple_demo/remove]
(2023-05-19T12:29:37.35070414) (2023-05-19T12:29:37.35080484) [Msg] Pose service on [/world/simple_demo/set_pose]
(2023-05-19T12:29:37.35160364) (2023-05-19T12:29:37.35170344) [Msg] Pose service on [/world/simple_demo/set_pose_vector]
(2023-05-19T12:29:37.35296544) (2023-05-19T12:29:37.35307314) [Msg] Light configuration service on [/world/simple_demo/light_config]
(2023-05-19T12:29:37.35474314) (2023-05-19T12:29:37.35485834) [Msg] Physics service on [/world/simple_demo/set_physics]
(2023-05-19T12:29:37.35577565) (2023-05-19T12:29:37.35587095) [Msg] SphericalCoordinates service on [/world/simple_demo/set_spherical_coordinates]
(2023-05-19T12:29:37.35650135) (2023-05-19T12:29:37.35659665) [Msg] Enable collision service on [/world/simple_demo/enable_collision]
(2023-05-19T12:29:37.35720665) (2023-05-19T12:29:37.35730535) [Msg] Disable collision service on [/world/simple_demo/disable_collision]
(2023-05-19T12:29:37.35846845) (2023-05-19T12:29:37.35857915) [Msg] Material service on [/world/simple_demo/visual_config]
(2023-05-19T12:29:37.35940275) (2023-05-19T12:29:37.35950285) [Msg] Material service on [/world/simple_demo/wheel_slip]
(2023-05-19T12:29:37.35985915) (2023-05-19T12:29:37.35995125) [Dbg] [SystemManager.cc:58] Loaded system [ignition::gazebo::systems::UserCommands] for entity [1]
(2023-05-19T12:29:37.55029222) (2023-05-19T12:29:37.55038872) [Dbg] [Sensors.cc:479] Configuring Sensors system
(2023-05-19T12:29:37.55097642) (2023-05-19T12:29:37.55106662) [Dbg] [Sensors.cc:398] SensorsPrivate::Run
(2023-05-19T12:29:37.55180613) (2023-05-19T12:29:37.55191413) [Dbg] [SystemManager.cc:58] Loaded system [(ignition::gazebo::systems::Sensors] for entity [11]) (2023-05-19T12:29:37.553015932023-05-19T12:29:37.55301593
) [Dbg] [Sensors.cc:378] SensorsPrivate::RenderThread started
(2023-05-19T12:29:37.55368493) (2023-05-19T12:29:37.55387273) [Dbg] [Sensors.cc:228] Waiting for init
(2023-05-19T12:29:37.56705646) (2023-05-19T12:29:37.56716726) [Dbg] [SystemManager.cc:58] Loaded system [ignition::gazebo::systems::AirPressure] for entity [1]
(2023-05-19T12:29:37.58140419) (2023-05-19T12:29:37.58151269) [Dbg] [SystemManager.cc:58] Loaded system [ignition::gazebo::systems::Altimeter] for entity [1]
(2023-05-19T12:29:37.59595722) (2023-05-19T12:29:37.59606932) [Dbg] [SystemManager.cc:58] Loaded system [ignition::gazebo::systems::Imu] for entity [1]
(2023-05-19T12:29:37.61034226) (2023-05-19T12:29:37.61045486) [Dbg] [SystemManager.cc:58] Loaded system [ignition::gazebo::systems::Magnetometer] for entity [1]
(2023-05-19T12:29:37.62517349) (2023-05-19T12:29:37.62529059) [Dbg] [SystemManager.cc:58] Loaded system [ignition::gazebo::systems::ForceTorque] for entity [1]
(2023-05-19T12:29:37.63587892) (2023-05-19T12:29:37.63599562) [Msg] Serving particle emitter information on [/world/simple_demo/particle_emitters]
(2023-05-19T12:29:37.63648212) (2023-05-19T12:29:37.63657522) [Dbg] [SystemManager.cc:58] Loaded system [ignition::gazebo::systems::ParticleEmitter2] for entity [1]
(2023-05-19T12:29:37.64923155) (2023-05-19T12:29:37.64935475) [Dbg] [SystemManager.cc:58] Loaded system [ignition::gazebo::systems::SceneBroadcaster] for entity [1]
(2023-05-19T12:29:37.65869988) (2023-05-19T12:29:37.65881628) [Dbg] [SystemManager.cc:58] Loaded system [ignition::gazebo::systems::Contact] for entity [1]
(2023-05-19T12:29:37.66916180) (2023-05-19T12:29:37.66927660) [Dbg] [RFComms.cc:385] Range configuration:
RF Configuration (range-based)
-- max_range: 500000
-- fading_exponent: 2.6
-- l0: 40
-- sigma: 10

(2023-05-19T12:29:37.67020611) (2023-05-19T12:29:37.67029481) [Dbg] [RFComms.cc:388] Radio configuration:
Radio Configuration
-- capacity: 1e+06
-- tx_power: 25
-- noise_floor: -90
-- modulation: QPSK

(2023-05-19T12:29:37.67277411) (2023-05-19T12:29:37.67289061) [Dbg] [Broker.cc:113] Broker services:
(2023-05-19T12:29:37.67313891) (2023-05-19T12:29:37.67322701) [Dbg] [Broker.cc:114]   Bind: [/broker/bind]
(2023-05-19T12:29:37.67351601) (2023-05-19T12:29:37.67360881) [Dbg] [Broker.cc:115]   Unbind: [/broker/unbind]
(2023-05-19T12:29:37.67388872) (2023-05-19T12:29:37.67397682) [Dbg] [Broker.cc:116] Broker topics:
(2023-05-19T12:29:37.67418582) (2023-05-19T12:29:37.67426702) [Dbg] [Broker.cc:117]   Incoming messages: [/broker/msgs]
(2023-05-19T12:29:37.67457402) (2023-05-19T12:29:37.67466752) [Dbg] [SystemManager.cc:58] Loaded system [ignition::gazebo::systems::RFComms] for entity [1]
(2023-05-19T12:29:37.69585607) (2023-05-19T12:29:37.69596157) [Dbg] [RFRange.cc:339] RFRange sensor range configuration:
RF Configuration (range-based)
-- max_range: 500000
-- fading_exponent: 2.6
-- l0: 40
-- sigma: 0.005
-- rssi_1: -15

(2023-05-19T12:29:37.69698597) (2023-05-19T12:29:37.69707637) [Dbg] [RFRange.cc:342] RFRange sensor radio configuration:
Radio Configuration
-- tx_power: 25
-- noise_floor: -90

(2023-05-19T12:29:37.69783088) (2023-05-19T12:29:37.69792278) [Dbg] [SystemManager.cc:58] Loaded system [ignition::gazebo::systems::RFRange] for entity [1]
(2023-05-19T12:29:37.73199056) (2023-05-19T12:29:37.73210736) [Msg] Overwriting existing file [/tmp/ign/mbzirc/playback/state.tlog]
(2023-05-19T12:29:37.75316472) (2023-05-19T12:29:37.75327312) [Msg] Recording to log file [/tmp/ign/mbzirc/playback/state.tlog]
(2023-05-19T12:29:37.75358712) (2023-05-19T12:29:37.75366842) [Dbg] [LogRecord.cc:334] Recording default topic[/playback/sdf].
(2023-05-19T12:29:37.75392302) (2023-05-19T12:29:37.75401002) [Dbg] [LogRecord.cc:335] Recording default topic[/world/simple_demo/changed_state].
(2023-05-19T12:29:37.114555147) (2023-05-19T12:29:37.114572387) [Dbg] [SystemManager.cc:58] Loaded system [ignition::gazebo::systems::LogRecord] for entity [1]
(2023-05-19T12:29:37.116605622) (2023-05-19T12:29:37.116624702) [Dbg] [SystemManager.cc:58] Loaded system [ignition::gazebo::systems::WindEffects] for entity [1]
(2023-05-19T12:29:37.120467910) (2023-05-19T12:29:37.120485110) [Msg] MBZIRC log path: /tmp/ign/mbzirc/logs
(2023-05-19T12:29:37.120884391) (2023-05-19T12:29:37.120899391) [Msg] Run duration set to 3600 seconds.
(2023-05-19T12:29:37.120983832) (2023-05-19T12:29:37.120998202) [Msg] Geofence boundary min: -70 -70 -25, max: 70 70 121.92
(2023-05-19T12:29:37.121127022) (2023-05-19T12:29:37.121142402) [Msg] Start area boundary min: -15 -15 -5, max: 15 15 5
(2023-05-19T12:29:37.121272232) (2023-05-19T12:29:37.121292492) [Msg] Setup duration set to 600 seconds.
(2023-05-19T12:29:37.121358493) (2023-05-19T12:29:37.121380433) [Msg] Target vessel: Vessel A
(2023-05-19T12:29:37.121483103) (2023-05-19T12:29:37.121503313) [Msg]   Small object: small_blue_box_a
(2023-05-19T12:29:37.121563753) (2023-05-19T12:29:37.121585843) [Msg]   Small object: small_blue_box_a_duplicate
(2023-05-19T12:29:37.121653913) (2023-05-19T12:29:37.121677453) [Msg]   Large object: large_dry_box_a
(2023-05-19T12:29:37.121746194) (2023-05-19T12:29:37.121769314) [Msg]   Large object: large_dry_box_a_duplicate
(2023-05-19T12:29:37.123709408) (2023-05-19T12:29:37.123726669) [Msg] Starting MBZIRC
(2023-05-19T12:29:37.123877849) (2023-05-19T12:29:37.123893899) [Dbg] [SystemManager.cc:58] Loaded system [mbzirc::GameLogicPlugin] for entity [1]
(2023-05-19T12:29:37.128943492) (2023-05-19T12:29:37.128954662) [Msg] Using Pierson-Moskowitz spectrum sampling wavefield model 
(2023-05-19T12:29:37.129214552) (2023-05-19T12:29:37.129224972) [Msg] Using Pierson-Moskowitz spectrum sampling wavefield model 
(2023-05-19T12:29:37.577254095) (2023-05-19T12:29:37.577278105) [Msg] Input Parameters:
(2023-05-19T12:29:37.577326585) (2023-05-19T12:29:37.577342055) [Msg] model:     PMS
(2023-05-19T12:29:37.577393675) (2023-05-19T12:29:37.577410215) [Msg] number:     3
(2023-05-19T12:29:37.577460695) (2023-05-19T12:29:37.577476935) [Msg] scale:      1.1
(2023-05-19T12:29:37.577533295) (2023-05-19T12:29:37.577550475) [Msg] angle:      0.4
(2023-05-19T12:29:37.577598716) (2023-05-19T12:29:37.577615326) [Msg] steepness:  0
(2023-05-19T12:29:37.577664766) (2023-05-19T12:29:37.577681926) [Msg] amplitude:  0
(2023-05-19T12:29:37.577729426) (2023-05-19T12:29:37.577745526) [Msg] period:     5
(2023-05-19T12:29:37.577793956) (2023-05-19T12:29:37.577810156) [Msg] direction:  1 0
(2023-05-19T12:29:37.577881456) (2023-05-19T12:29:37.577898796) [Msg] tau:  2
(2023-05-19T12:29:37.577945016) (2023-05-19T12:29:37.577961287) [Msg] gain:  0.3
(2023-05-19T12:29:37.578009277) (2023-05-19T12:29:37.578025897) [Msg] Derived Parameters:
(2023-05-19T12:29:37.578065277) (2023-05-19T12:29:37.578082667) [Msg] amplitudes:  0.0363502, 0.0392277, 0.0385703, 
(2023-05-19T12:29:37.578198337) (2023-05-19T12:29:37.578216727) [Msg] wavenumbers: 0.133171, 0.161136, 0.194975, 
(2023-05-19T12:29:37.578302487) (2023-05-19T12:29:37.578320387) [Msg] omegas:      1.1424, 1.25664, 1.3823, 
(2023-05-19T12:29:37.578404958) (2023-05-19T12:29:37.578422528) [Msg] periods:     (2023-05-19T12:29:37.578469118) (2023-05-19T12:29:37.578486658) [Msg] 5.5, (2023-05-19T12:29:37.578529678) (2023-05-19T12:29:37.578547438) [Msg] 5, (2023-05-19T12:29:37.578587398) (2023-05-19T12:29:37.578604118) [Msg] 4.54545, (2023-05-19T12:29:37.578644278) (2023-05-19T12:29:37.578660778) [Msg] 
(2023-05-19T12:29:37.578693668) (2023-05-19T12:29:37.578710768) [Msg] phases:      0, 0, 0, 
(2023-05-19T12:29:37.578794109) (2023-05-19T12:29:37.578811609) [Msg] steepnesses: 0, 0, 0, 
(2023-05-19T12:29:37.578895099) (2023-05-19T12:29:37.578913059) [Msg] directions:  (2023-05-19T12:29:37.578952439) (2023-05-19T12:29:37.578969159) [Msg] 0.921061 -0.389418; (2023-05-19T12:29:37.579029549) (2023-05-19T12:29:37.579046259) [Msg] 1 0; (2023-05-19T12:29:37.579101119) (2023-05-19T12:29:37.579117909) [Msg] 0.921061 0.389418; (2023-05-19T12:29:37.579171980) (2023-05-19T12:29:37.579189900) [Msg] 
(2023-05-19T12:29:37.579959582) (2023-05-19T12:29:37.579979802) [Dbg] [SystemManager.cc:58] Loaded system [ignition::gazebo::systems::WaveVisual] for entity [23]
(2023-05-19T12:29:37.584502422) (2023-05-19T12:29:37.584523553) [Msg] Using Pierson-Moskowitz spectrum sampling wavefield model 
(2023-05-19T12:29:37.584872703) (2023-05-19T12:29:37.584894163) [Msg] Using Pierson-Moskowitz spectrum sampling wavefield model 
(2023-05-19T12:29:37.584974813) (2023-05-19T12:29:37.584993483) [Msg] Input Parameters:
(2023-05-19T12:29:37.585033994) (2023-05-19T12:29:37.585052124) [Msg] model:     PMS
(2023-05-19T12:29:37.585100794) (2023-05-19T12:29:37.585118054) [Msg] number:     3
(2023-05-19T12:29:37.585167794) (2023-05-19T12:29:37.585185754) [Msg] scale:      1.1
(2023-05-19T12:29:37.585236264) (2023-05-19T12:29:37.585254614) [Msg] angle:      0.4
(2023-05-19T12:29:37.585303704) (2023-05-19T12:29:37.585320804) [Msg] steepness:  0
(2023-05-19T12:29:37.585370374) (2023-05-19T12:29:37.585386804) [Msg] amplitude:  0
(2023-05-19T12:29:37.585435974) (2023-05-19T12:29:37.585453514) [Msg] period:     5
(2023-05-19T12:29:37.585502055) (2023-05-19T12:29:37.585519235) [Msg] direction:  1 0
(2023-05-19T12:29:37.585582875) (2023-05-19T12:29:37.585600045) [Msg] tau:  2
(2023-05-19T12:29:37.585648825) (2023-05-19T12:29:37.585666435) [Msg] gain:  0.3
(2023-05-19T12:29:37.585715725) (2023-05-19T12:29:37.585732995) [Msg] Derived Parameters:
(2023-05-19T12:29:37.585784605) (2023-05-19T12:29:37.585808055) [Msg] amplitudes:  0.0363502, 0.0392277, 0.0385703, 
(2023-05-19T12:29:37.585946125) (2023-05-19T12:29:37.585974056) [Msg] wavenumbers: 0.133171, 0.161136, 0.194975, 
(2023-05-19T12:29:37.586101986) (2023-05-19T12:29:37.586127526) [Msg] omegas:      1.1424, 1.25664, 1.3823, 
(2023-05-19T12:29:37.586260186) (2023-05-19T12:29:37.586289896) [Msg] periods:     (2023-05-19T12:29:37.586345266) (2023-05-19T12:29:37.586374586) [Msg] 5.5, (2023-05-19T12:29:37.586443307) (2023-05-19T12:29:37.586473117) [Msg] 5, (2023-05-19T12:29:37.586540447) (2023-05-19T12:29:37.586569017) [Msg] 4.54545, (2023-05-19T12:29:37.586636797) (2023-05-19T12:29:37.586664127) [Msg] 
(2023-05-19T12:29:37.586721117) (2023-05-19T12:29:37.586748307) [Msg] phases:      0, 0, 0, 
(2023-05-19T12:29:37.586889677) (2023-05-19T12:29:37.586918637) [Msg] steepnesses: 0, 0, 0, 
(2023-05-19T12:29:37.587060688) (2023-05-19T12:29:37.587088548) [Msg] directions:  (2023-05-19T12:29:37.587140568) (2023-05-19T12:29:37.587166558) [Msg] 0.921061 -0.389418; (2023-05-19T12:29:37.587290858) (2023-05-19T12:29:37.587318718) [Msg] 1 0; (2023-05-19T12:29:37.587403069) (2023-05-19T12:29:37.587430119) [Msg] 0.921061 0.389418; (2023-05-19T12:29:37.587518799) (2023-05-19T12:29:37.587545439) [Msg] 
(2023-05-19T12:29:37.587650029) (2023-05-19T12:29:37.587678209) [Dbg] [Surface.cc:161] Surface plugin successfully configured with the following parameters:
(2023-05-19T12:29:37.587760409) (2023-05-19T12:29:37.587786950) [Dbg] [Surface.cc:163]   <link_name>: link
(2023-05-19T12:29:37.587870950) (2023-05-19T12:29:37.587899780) [Dbg] [Surface.cc:164]   <vehicle_length>: 6
(2023-05-19T12:29:37.587988120) (2023-05-19T12:29:37.588015810) [Dbg] [Surface.cc:165]   <vehicle_width>: 3.3
(2023-05-19T12:29:37.588100380) (2023-05-19T12:29:37.588128500) [Dbg] [Surface.cc:166]   <hull_radius>: 1.9
(2023-05-19T12:29:37.588213141) (2023-05-19T12:29:37.588232571) [Dbg] [Surface.cc:167]   <num_samples>: 2
(2023-05-19T12:29:37.588276361) (2023-05-19T12:29:37.588292121) [Dbg] [Surface.cc:168]   <fluid_level>: 0.45
(2023-05-19T12:29:37.588334831) (2023-05-19T12:29:37.588349851) [Dbg] [Surface.cc:169]   <fluid_density>: 997.774
(2023-05-19T12:29:37.588413451) (2023-05-19T12:29:37.588428221) [Dbg] [SystemManager.cc:58] Loaded system [ignition::gazebo::systems::Surface] for entity [24]
(2023-05-19T12:29:37.590233106) (2023-05-19T12:29:37.590245096) [Dbg] [SimpleHydrodynamics.cc:167] SimpleHydrodynamics plugin successfully configured with the following parameters:
(2023-05-19T12:29:37.590275396) (2023-05-19T12:29:37.590284556) [Dbg] [SimpleHydrodynamics.cc:169]   <link_name>: link
(2023-05-19T12:29:37.590313126) (2023-05-19T12:29:37.590322386) [Dbg] [SimpleHydrodynamics.cc:170]   <xDotU>: 0
(2023-05-19T12:29:37.590348116) (2023-05-19T12:29:37.590357336) [Dbg] [SimpleHydrodynamics.cc:171]   <yDotV>: 0
(2023-05-19T12:29:37.590381676) (2023-05-19T12:29:37.590389636) [Dbg] [SimpleHydrodynamics.cc:172]   <zDotW>: 0.1
(2023-05-19T12:29:37.590413566) (2023-05-19T12:29:37.590421756) [Dbg] [SimpleHydrodynamics.cc:173]   <kDotP>: 0.1
(2023-05-19T12:29:37.590445116) (2023-05-19T12:29:37.590453646) [Dbg] [SimpleHydrodynamics.cc:174]   <mDotQ>: 0.1
(2023-05-19T12:29:37.590477166) (2023-05-19T12:29:37.590485396) [Dbg] [SimpleHydrodynamics.cc:175]   <nDotR>: 0
(2023-05-19T12:29:37.590508636) (2023-05-19T12:29:37.590516446) [Dbg] [SimpleHydrodynamics.cc:176]   <xU>: 510.3
(2023-05-19T12:29:37.590541667) (2023-05-19T12:29:37.590549897) [Dbg] [SimpleHydrodynamics.cc:177]   <xUU>: 720.4
(2023-05-19T12:29:37.590574607) (2023-05-19T12:29:37.590582597) [Dbg] [SimpleHydrodynamics.cc:178]   <yV>: 400
(2023-05-19T12:29:37.590606807) (2023-05-19T12:29:37.590614657) [Dbg] [SimpleHydrodynamics.cc:179]   <yVV>: 0
(2023-05-19T12:29:37.590637577) (2023-05-19T12:29:37.590645707) [Dbg] [SimpleHydrodynamics.cc:180]   <zW>: 5000
(2023-05-19T12:29:37.590670017) (2023-05-19T12:29:37.590677917) [Dbg] [SimpleHydrodynamics.cc:181]   <zWW>: 0
(2023-05-19T12:29:37.590704567) (2023-05-19T12:29:37.590713847) [Dbg] [SimpleHydrodynamics.cc:182]   <kP>: 500
(2023-05-19T12:29:37.590739587) (2023-05-19T12:29:37.590752987) [Dbg] [SimpleHydrodynamics.cc:183]   <kPP>: 0
(2023-05-19T12:29:37.590779707) (2023-05-19T12:29:37.590788697) [Dbg] [SimpleHydrodynamics.cc:184]   <mQ>: 500
(2023-05-19T12:29:37.590816587) (2023-05-19T12:29:37.590825127) [Dbg] [SimpleHydrodynamics.cc:185]   <mQQ>: 0
(2023-05-19T12:29:37.590851687) (2023-05-19T12:29:37.590860697) [Dbg] [SimpleHydrodynamics.cc:186]   <nR>: 15000
(2023-05-19T12:29:37.590888157) (2023-05-19T12:29:37.590897107) [Dbg] [SimpleHydrodynamics.cc:187]   <nRR>: 0
(2023-05-19T12:29:37.590925187) (2023-05-19T12:29:37.590936568) [Dbg] [SystemManager.cc:58] Loaded system [ignition::gazebo::systems::SimpleHydrodynamics] for entity [24]
(2023-05-19T12:29:37.592712792) (2023-05-19T12:29:37.592723342) [Dbg] [SystemManager.cc:58] Loaded system [ignition::gazebo::systems::DetachableJoint] for entity [28]
(2023-05-19T12:29:37.593220973) (2023-05-19T12:29:37.593233433) [Dbg] [SystemManager.cc:58] Loaded system [ignition::gazebo::systems::DetachableJoint] for entity [44]
(2023-05-19T12:29:37.594038265) (2023-05-19T12:29:37.594048895) [Dbg] [SystemManager.cc:58] Loaded system [ignition::gazebo::systems::DetachableJoint] for entity [60]
(2023-05-19T12:29:37.594826617) (2023-05-19T12:29:37.594838627) [Dbg] [SystemManager.cc:58] Loaded system [ignition::gazebo::systems::DetachableJoint] for entity [112]
(2023-05-19T12:29:37.596039190) (2023-05-19T12:29:37.596050390) [Dbg] [SystemManager.cc:58] Loaded system [ignition::gazebo::systems::CommsEndpoint] for entity [164]
(2023-05-19T12:29:37.596228661) (2023-05-19T12:29:37.596239201) [Dbg] [SystemManager.cc:58] Loaded system [ignition::gazebo::systems::CommsEndpoint] for entity [164]
(2023-05-19T12:29:37.597749235) (2023-05-19T12:29:37.597770585) [Dbg] [SystemManager.cc:58] Loaded system [mbzirc::BaseStation] for entity [164]
(2023-05-19T12:29:37.599534749) (2023-05-19T12:29:37.599547169) [Msg] EntityDetector publishing messages on [/mbzirc/target_object_detector/dropped]
(2023-05-19T12:29:37.599698040) (2023-05-19T12:29:37.599708270) [Dbg] [SystemManager.cc:58] Loaded system [mbzirc::EntityDetector] for entity [168]
(2023-05-19T12:29:37.599795940) (2023-05-19T12:29:37.599805600) [Msg] Loaded level [3]
(2023-05-19T12:29:37.600076511) (2023-05-19T12:29:37.600088231) [Msg] Serving world controls on [/world/simple_demo/control], [/world/simple_demo/control/state] and [/world/simple_demo/playback/control]
(2023-05-19T12:29:37.600201221) (2023-05-19T12:29:37.600211801) [Msg] Serving GUI information on [/world/simple_demo/gui/info]
(2023-05-19T12:29:37.600252591) (2023-05-19T12:29:37.600262661) [Msg] World [simple_demo] initialized with [4ms] physics profile.
(2023-05-19T12:29:37.600379471) (2023-05-19T12:29:37.600391421) [Msg] Serving world SDF generation service on [/world/simple_demo/generate_world_sdf]
(2023-05-19T12:29:37.600472422) (2023-05-19T12:29:37.600482672) [Msg] Serving world names on [/gazebo/worlds]
(2023-05-19T12:29:37.600548312) (2023-05-19T12:29:37.600558522) [Msg] Resource path add service on [/gazebo/resource_paths/add].
(2023-05-19T12:29:37.600631792) (2023-05-19T12:29:37.600644492) [Msg] Resource path get service on [/gazebo/resource_paths/get].
(2023-05-19T12:29:37.700852296) (2023-05-19T12:29:37.700880476) [Msg] Resource path resolve service on [/gazebo/resource_paths/resolve].
(2023-05-19T12:29:37.701027017) (2023-05-19T12:29:37.701047377) [Msg] Resource paths published on [/gazebo/resource_paths].
(2023-05-19T12:29:37.701239527) (2023-05-19T12:29:37.701260757) [Msg] Server control service on [/server_control].
(2023-05-19T12:29:37.701495868) (2023-05-19T12:29:37.701515588) [Msg] Found no publishers on /stats, adding root stats topic
(2023-05-19T12:29:37.701685318) (2023-05-19T12:29:37.701706238) [Msg] Found no publishers on /clock, adding root clock topic
(2023-05-19T12:29:37.701987409) (2023-05-19T12:29:37.702009139) [Dbg] [SimulationRunner.cc:491] Creating PostUpdate worker threads: 13
(2023-05-19T12:29:37.702067499) (2023-05-19T12:29:37.702085419) [Dbg] [SimulationRunner.cc:502] Creating postupdate worker thread (0)
(2023-05-19T12:29:37.702218480) (2023-05-19T12:29:37.702237780) [Dbg] [SimulationRunner.cc:502] Creating postupdate worker thread (1)
(2023-05-19T12:29:37.702327130) (2023-05-19T12:29:37.702346210) [Dbg] [SimulationRunner.cc:502] Creating postupdate worker thread (2)
(2023-05-19T12:29:37.702432260) (2023-05-19T12:29:37.702450190) [Dbg] [SimulationRunner.cc:502] Creating postupdate worker thread (3)
(2023-05-19T12:29:37.702533920) (2023-05-19T12:29:37.702551361) [Dbg] [SimulationRunner.cc:502] Creating postupdate worker thread (4)
(2023-05-19T12:29:37.702659661) (2023-05-19T12:29:37.702686571) [Dbg] [SimulationRunner.cc:502] Creating postupdate worker thread (5)
(2023-05-19T12:29:37.702822181) (2023-05-19T12:29:37.702853561) [Dbg] [SimulationRunner.cc:502] Creating postupdate worker thread (6)
(2023-05-19T12:29:37.702995562) (2023-05-19T12:29:37.703028392) [Dbg] [SimulationRunner.cc:502] Creating postupdate worker thread (7)
(2023-05-19T12:29:37.703177682) (2023-05-19T12:29:37.703209792) [Dbg] [SimulationRunner.cc:502] Creating postupdate worker thread (8)
(2023-05-19T12:29:37.703373143) (2023-05-19T12:29:37.703406663) [Dbg] [SimulationRunner.cc:502] Creating postupdate worker thread (9)
(2023-05-19T12:29:37.703562623) (2023-05-19T12:29:37.703596343) [Dbg] [SimulationRunner.cc:502] Creating postupdate worker thread (10)
(2023-05-19T12:29:37.703745214) (2023-05-19T12:29:37.703775844) [Dbg] [SimulationRunner.cc:502] Creating postupdate worker thread (11)
(2023-05-19T12:29:37.802336184) (2023-05-19T12:29:37.802358734) [Msg] Particle emitter[simple_demo::dust_storm::link::dust_storm] subscribed to command messages on topic[/model/dust_storm/link/link/particle_emitter/dust_storm/cmd]
(2023-05-19T12:29:37.802559634) (2023-05-19T12:29:37.802579814) [Msg] Particle emitter[simple_demo::fog::link::fog] subscribed to command messages on topic[/model/fog/link/link/particle_emitter/fog/cmd]
(2023-05-19T12:29:37.804468539) (2023-05-19T12:29:37.804488689) [Msg] DetachableJoint subscribing to messages on [/Vessel_A/detach]
(2023-05-19T12:29:37.804634169) (2023-05-19T12:29:37.804652829) [Msg] DetachableJoint subscribing to messages on [/Vessel_A/detach]
(2023-05-19T12:29:37.804788710) (2023-05-19T12:29:37.804807950) [Msg] DetachableJoint subscribing to messages on [/Vessel_A/detach]
(2023-05-19T12:29:37.804952690) (2023-05-19T12:29:37.804971440) [Msg] DetachableJoint subscribing to messages on [/Vessel_A/detach]
(2023-05-19T12:29:37.805172671) (2023-05-19T12:29:37.805192771) [Msg] Address [base_station/target] bound to model [base_station] on topic [base_station/target]
(2023-05-19T12:29:37.805284141) (2023-05-19T12:29:37.805302821) [Dbg] [CommsEndpoint.cc:89] Succesfuly bound to [base_station/target] on topic [base_station/target]
(2023-05-19T12:29:37.805444931) (2023-05-19T12:29:37.805464282) [Msg] Address [base_station/video] bound to model [base_station] on topic [base_station/video]
(2023-05-19T12:29:37.805551192) (2023-05-19T12:29:37.805569082) [Dbg] [CommsEndpoint.cc:89] Succesfuly bound to [base_station/video] on topic [base_station/video]
(2023-05-19T12:29:37.882896330) (2023-05-19T12:29:37.882909920) [Dbg] [Physics.cc:1593] Creating detachable joint [170]
(2023-05-19T12:29:37.883059910) (2023-05-19T12:29:37.883070180) [Dbg] [Physics.cc:1593] Creating detachable joint [171]
(2023-05-19T12:29:37.883185351) (2023-05-19T12:29:37.883194461) [Dbg] [Physics.cc:1593] Creating detachable joint [172]
(2023-05-19T12:29:37.883513092) (2023-05-19T12:29:37.883525152) [Dbg] [Physics.cc:1593] Creating detachable joint [173]
(2023-05-19T12:29:37.884808275) (2023-05-19T12:29:37.884821975) [Dbg] [SimulationFeatures.cc:63] Simulation timestep set to: 0.004
(2023-05-19T12:29:37.894720918) (2023-05-19T12:29:37.894735908) [Msg] Serving scene information on [/world/simple_demo/scene/info]
(2023-05-19T12:29:37.894836468) (2023-05-19T12:29:37.894851748) [Msg] Serving graph information on [/world/simple_demo/scene/graph]
(2023-05-19T12:29:37.894965089) (2023-05-19T12:29:37.894977149) [Msg] Serving full state on [/world/simple_demo/state]
(2023-05-19T12:29:37.895071639) (2023-05-19T12:29:37.895084409) [Msg] Serving full state (async) on [/world/simple_demo/state_async]
(2023-05-19T12:29:37.895201549) (2023-05-19T12:29:37.895212209) [Msg] Publishing scene information on [/world/simple_demo/scene/info]
(2023-05-19T12:29:37.895345870) (2023-05-19T12:29:37.895357700) [Msg] Publishing entity deletions on [/world/simple_demo/scene/deletion]
(2023-05-19T12:29:37.895447820) (2023-05-19T12:29:37.895462500) [Msg] Publishing state changes on [/world/simple_demo/state]
(2023-05-19T12:29:37.895559490) (2023-05-19T12:29:37.895571090) [Msg] Publishing pose messages on [/world/simple_demo/pose/info]
(2023-05-19T12:29:37.895664620) (2023-05-19T12:29:37.895674720) [Msg] Publishing dynamic pose messages on [/world/simple_demo/dynamic_pose/info]
(2023-05-19T12:29:37.895906751) (2023-05-19T12:29:37.895918031) [Dbg] [EntityComponentManager.cc:1587] Updated state thread iterators: 24 threads processing around 8 entities each.
(2023-05-19T12:29:37.896290682) (2023-05-19T12:29:37.896310932) [Wrn] [Model.hh:69] Skipping serialization / deserialization for models with //pose/@relative_to attribute.
(2023-05-19T12:29:37.896757773) (2023-05-19T12:29:37.896793323) [Wrn] [Component.hh:144] Trying to serialize component with data type [N3sdf3v125WorldE], which doesn't have `operator<<`. Component will not be serialized.
(2023-05-19T12:29:37.922349256) (2023-05-19T12:29:37.922374656) [Dbg] [EntityComponentManager.cc:1587] Updated state thread iterators: 24 threads processing around 8 entities each.
(2023-05-19T12:29:43.787023531) (2023-05-19T12:29:43.787036301) [Msg] Linear velocity initialized to [0 0 0]
(2023-05-19T12:29:43.787090291) (2023-05-19T12:29:43.787098871) [Msg] Angular velocity initialized to [0 0 0]
(2023-05-19T12:29:43.787272442) (2023-05-19T12:29:43.787282572) [Msg] VelocityControl subscribing to twist messages on [/model/usv/cmd_vel]
(2023-05-19T12:29:43.787317672) (2023-05-19T12:29:43.787326572) [Dbg] [SystemManager.cc:58] Loaded system [ignition::gazebo::systems::VelocityControl] for entity [174]
(2023-05-19T12:29:43.788587785) (2023-05-19T12:29:43.788597835) [Msg] Thruster listening to commands in [/model/usv/joint/left_engine_propeller_joint/cmd_thrust]
(2023-05-19T12:29:43.788664765) (2023-05-19T12:29:43.788674175) [Dbg] [Thruster.cc:288] Using velocity control for propeller joint.
(2023-05-19T12:29:43.788702385) (2023-05-19T12:29:43.788711405) [Dbg] [SystemManager.cc:58] Loaded system [ignition::gazebo::systems::Thruster] for entity [174]
(2023-05-19T12:29:43.789796828) (2023-05-19T12:29:43.789808728) [Dbg] [JointPositionController.cc:205] [JointPositionController] system parameters:
(2023-05-19T12:29:43.789834968) (2023-05-19T12:29:43.789843588) [Dbg] [JointPositionController.cc:206] p_gain: [1]
(2023-05-19T12:29:43.789875868) (2023-05-19T12:29:43.789883558) [Dbg] [JointPositionController.cc:207] i_gain: [0.1]
(2023-05-19T12:29:43.789909358) (2023-05-19T12:29:43.789918318) [Dbg] [JointPositionController.cc:208] d_gain: [0.01]
(2023-05-19T12:29:43.789947369) (2023-05-19T12:29:43.789956649) [Dbg] [JointPositionController.cc:209] i_max: [1]
(2023-05-19T12:29:43.789984709) (2023-05-19T12:29:43.789993499) [Dbg] [JointPositionController.cc:210] i_min: [-1]
(2023-05-19T12:29:43.790025279) (2023-05-19T12:29:43.790034619) [Dbg] [JointPositionController.cc:211] cmd_max: [1000]
(2023-05-19T12:29:43.790064279) (2023-05-19T12:29:43.790073099) [Dbg] [JointPositionController.cc:212] cmd_min: [-1000]
(2023-05-19T12:29:43.790104239) (2023-05-19T12:29:43.790114279) [Dbg] [JointPositionController.cc:213] cmd_offset: [0]
(2023-05-19T12:29:43.790144429) (2023-05-19T12:29:43.790153609) [Dbg] [JointPositionController.cc:214] Topic: [usv/left/thruster/joint/cmd_pos]
(2023-05-19T12:29:43.790183609) (2023-05-19T12:29:43.790192829) [Dbg] [JointPositionController.cc:215] initial_position: [0]
(2023-05-19T12:29:43.790227919) (2023-05-19T12:29:43.790237399) [Dbg] [SystemManager.cc:58] Loaded system [ignition::gazebo::systems::JointPositionController] for entity [174]
(2023-05-19T12:29:43.790579390) (2023-05-19T12:29:43.790601990) [Msg] Thruster listening to commands in [/model/usv/joint/right_engine_propeller_joint/cmd_thrust]
(2023-05-19T12:29:43.790654950) (2023-05-19T12:29:43.790664250) [Dbg] [Thruster.cc:288] Using velocity control for propeller joint.
(2023-05-19T12:29:43.790691450) (2023-05-19T12:29:43.790700460) [Dbg] [SystemManager.cc:58] Loaded system [ignition::gazebo::systems::Thruster] for entity [174]
(2023-05-19T12:29:43.790968071) (2023-05-19T12:29:43.790979841) [Dbg] [JointPositionController.cc:205] [JointPositionController] system parameters:
(2023-05-19T12:29:43.791005031) (2023-05-19T12:29:43.791013921) [Dbg] [JointPositionController.cc:206] p_gain: [1]
(2023-05-19T12:29:43.791045491) (2023-05-19T12:29:43.791054531) [Dbg] [JointPositionController.cc:207] i_gain: [0.1]
(2023-05-19T12:29:43.791086951) (2023-05-19T12:29:43.791096051) [Dbg] [JointPositionController.cc:208] d_gain: [0.01]
(2023-05-19T12:29:43.791126541) (2023-05-19T12:29:43.791135762) [Dbg] [JointPositionController.cc:209] i_max: [1]
(2023-05-19T12:29:43.791165942) (2023-05-19T12:29:43.791175072) [Dbg] [JointPositionController.cc:210] i_min: [-1]
(2023-05-19T12:29:43.791205432) (2023-05-19T12:29:43.791214632) [Dbg] [JointPositionController.cc:211] cmd_max: [1000]
(2023-05-19T12:29:43.791256892) (2023-05-19T12:29:43.791266682) [Dbg] [JointPositionController.cc:212] cmd_min: [-1000]
(2023-05-19T12:29:43.791296932) (2023-05-19T12:29:43.791305992) [Dbg] [JointPositionController.cc:213] cmd_offset: [0]
(2023-05-19T12:29:43.791335682) (2023-05-19T12:29:43.791344702) [Dbg] [JointPositionController.cc:214] Topic: [usv/right/thruster/joint/cmd_pos]
(2023-05-19T12:29:43.791374162) (2023-05-19T12:29:43.791381742) [Dbg] [JointPositionController.cc:215] initial_position: [0]
(2023-05-19T12:29:43.791413562) (2023-05-19T12:29:43.791422362) [Dbg] [SystemManager.cc:58] Loaded system [ignition::gazebo::systems::JointPositionController] for entity [174]
(2023-05-19T12:29:43.791644623) (2023-05-19T12:29:43.791655613) [Msg] Using Pierson-Moskowitz spectrum sampling wavefield model 
(2023-05-19T12:29:43.791782173) (2023-05-19T12:29:43.791792343) [Msg] Using Pierson-Moskowitz spectrum sampling wavefield model 
(2023-05-19T12:29:43.791858383) (2023-05-19T12:29:43.791868013) [Msg] Input Parameters:
(2023-05-19T12:29:43.791889923) (2023-05-19T12:29:43.791899133) [Msg] model:     PMS
(2023-05-19T12:29:43.791925354) (2023-05-19T12:29:43.791934314) [Msg] number:     3
(2023-05-19T12:29:43.791959244) (2023-05-19T12:29:43.791968804) [Msg] scale:      1.1
(2023-05-19T12:29:43.791995214) (2023-05-19T12:29:43.792004574) [Msg] angle:      0.4
(2023-05-19T12:29:43.792031534) (2023-05-19T12:29:43.792040434) [Msg] steepness:  0
(2023-05-19T12:29:43.792066594) (2023-05-19T12:29:43.792075054) [Msg] amplitude:  0
(2023-05-19T12:29:43.792101114) (2023-05-19T12:29:43.792110804) [Msg] period:     5
(2023-05-19T12:29:43.792136114) (2023-05-19T12:29:43.792145154) [Msg] direction:  1 0
(2023-05-19T12:29:43.792181574) (2023-05-19T12:29:43.792190254) [Msg] tau:  2
(2023-05-19T12:29:43.792224594) (2023-05-19T12:29:43.792237234) [Msg] gain:  0.3
(2023-05-19T12:29:43.792265834) (2023-05-19T12:29:43.792275324) [Msg] Derived Parameters:
(2023-05-19T12:29:43.792296864) (2023-05-19T12:29:43.792305854) [Msg] amplitudes:  0.0363502, 0.0392277, 0.0385703, 
(2023-05-19T12:29:43.792352415) (2023-05-19T12:29:43.792360815) [Msg] wavenumbers: 0.133171, 0.161136, 0.194975, 
(2023-05-19T12:29:43.792411085) (2023-05-19T12:29:43.792419875) [Msg] omegas:      1.1424, 1.25664, 1.3823, 
(2023-05-19T12:29:43.792470745) (2023-05-19T12:29:43.792480205) [Msg] periods:     (2023-05-19T12:29:43.792499145) (2023-05-19T12:29:43.792507985) [Msg] 5.5, (2023-05-19T12:29:43.792529555) (2023-05-19T12:29:43.792538945) [Msg] 5, (2023-05-19T12:29:43.792566605) (2023-05-19T12:29:43.792576005) [Msg] 4.54545, (2023-05-19T12:29:43.792598365) (2023-05-19T12:29:43.792608165) [Msg] 
(2023-05-19T12:29:43.792632285) (2023-05-19T12:29:43.792645235) [Msg] phases:      0, 0, 0, 
(2023-05-19T12:29:43.792699625) (2023-05-19T12:29:43.792709285) [Msg] steepnesses: 0, 0, 0, 
(2023-05-19T12:29:43.792774466) (2023-05-19T12:29:43.792787656) [Msg] directions:  (2023-05-19T12:29:43.792811706) (2023-05-19T12:29:43.792824746) [Msg] 0.921061 -0.389418; (2023-05-19T12:29:43.792866936) (2023-05-19T12:29:43.792879716) [Msg] 1 0; (2023-05-19T12:29:43.792920836) (2023-05-19T12:29:43.792933576) [Msg] 0.921061 0.389418; (2023-05-19T12:29:43.792974986) (2023-05-19T12:29:43.792987256) [Msg] 
(2023-05-19T12:29:43.793024136) (2023-05-19T12:29:43.793036406) [Dbg] [Surface.cc:161] Surface plugin successfully configured with the following parameters:
(2023-05-19T12:29:43.793073946) (2023-05-19T12:29:43.793085906) [Dbg] [Surface.cc:163]   <link_name>: base_link
(2023-05-19T12:29:43.793124297) (2023-05-19T12:29:43.793135657) [Dbg] [Surface.cc:164]   <vehicle_length>: 6
(2023-05-19T12:29:43.793171597) (2023-05-19T12:29:43.793182307) [Dbg] [Surface.cc:165]   <vehicle_width>: 3.3
(2023-05-19T12:29:43.793214117) (2023-05-19T12:29:43.793226687) [Dbg] [Surface.cc:166]   <hull_radius>: 0.27
(2023-05-19T12:29:43.793259517) (2023-05-19T12:29:43.793272257) [Dbg] [Surface.cc:167]   <num_samples>: 2
(2023-05-19T12:29:43.793309677) (2023-05-19T12:29:43.793321317) [Dbg] [Surface.cc:168]   <fluid_level>: 0.45
(2023-05-19T12:29:43.793359877) (2023-05-19T12:29:43.793372377) [Dbg] [Surface.cc:169]   <fluid_density>: 997.774
(2023-05-19T12:29:43.793415567) (2023-05-19T12:29:43.793427917) [Dbg] [SystemManager.cc:58] Loaded system [ignition::gazebo::systems::Surface] for entity [174]
(2023-05-19T12:29:43.793786038) (2023-05-19T12:29:43.793797158) [Dbg] [SimpleHydrodynamics.cc:167] SimpleHydrodynamics plugin successfully configured with the following parameters:
(2023-05-19T12:29:43.793825928) (2023-05-19T12:29:43.793834998) [Dbg] [SimpleHydrodynamics.cc:169]   <link_name>: base_link
(2023-05-19T12:29:43.793861938) (2023-05-19T12:29:43.793870728) [Dbg] [SimpleHydrodynamics.cc:170]   <xDotU>: 0
(2023-05-19T12:29:43.793898968) (2023-05-19T12:29:43.793907699) [Dbg] [SimpleHydrodynamics.cc:171]   <yDotV>: 0
(2023-05-19T12:29:43.793934319) (2023-05-19T12:29:43.793943539) [Dbg] [SimpleHydrodynamics.cc:172]   <zDotW>: 0.1
(2023-05-19T12:29:43.793967539) (2023-05-19T12:29:43.793976359) [Dbg] [SimpleHydrodynamics.cc:173]   <kDotP>: 0.1
(2023-05-19T12:29:43.794003289) (2023-05-19T12:29:43.794012909) [Dbg] [SimpleHydrodynamics.cc:174]   <mDotQ>: 0.1
(2023-05-19T12:29:43.794038739) (2023-05-19T12:29:43.794047769) [Dbg] [SimpleHydrodynamics.cc:175]   <nDotR>: 0
(2023-05-19T12:29:43.794074839) (2023-05-19T12:29:43.794084109) [Dbg] [SimpleHydrodynamics.cc:176]   <xU>: 51.3
(2023-05-19T12:29:43.794111009) (2023-05-19T12:29:43.794120329) [Dbg] [SimpleHydrodynamics.cc:177]   <xUU>: 72.4
(2023-05-19T12:29:43.794146259) (2023-05-19T12:29:43.794155049) [Dbg] [SimpleHydrodynamics.cc:178]   <yV>: 40
(2023-05-19T12:29:43.794182139) (2023-05-19T12:29:43.794190759) [Dbg] [SimpleHydrodynamics.cc:179]   <yVV>: 0
(2023-05-19T12:29:43.794215979) (2023-05-19T12:29:43.794224789) [Dbg] [SimpleHydrodynamics.cc:180]   <zW>: 500
(2023-05-19T12:29:43.794254289) (2023-05-19T12:29:43.794262969) [Dbg] [SimpleHydrodynamics.cc:181]   <zWW>: 0
(2023-05-19T12:29:43.794286179) (2023-05-19T12:29:43.794294159) [Dbg] [SimpleHydrodynamics.cc:182]   <kP>: 100
(2023-05-19T12:29:43.794317500) (2023-05-19T12:29:43.794325300) [Dbg] [SimpleHydrodynamics.cc:183]   <kPP>: 0
(2023-05-19T12:29:43.794349150) (2023-05-19T12:29:43.794357170) [Dbg] [SimpleHydrodynamics.cc:184]   <mQ>: 100
(2023-05-19T12:29:43.794381880) (2023-05-19T12:29:43.794389860) [Dbg] [SimpleHydrodynamics.cc:185]   <mQQ>: 0
(2023-05-19T12:29:43.794412570) (2023-05-19T12:29:43.794420330) [Dbg] [SimpleHydrodynamics.cc:186]   <nR>: 400
(2023-05-19T12:29:43.794445660) (2023-05-19T12:29:43.794453750) [Dbg] [SimpleHydrodynamics.cc:187]   <nRR>: 0
(2023-05-19T12:29:43.794481490) (2023-05-19T12:29:43.794489210) [Dbg] [SystemManager.cc:58] Loaded system [ignition::gazebo::systems::SimpleHydrodynamics] for entity [174]
(2023-05-19T12:29:43.795809233) (2023-05-19T12:29:43.795819723) [Dbg] [SystemManager.cc:58] Loaded system [ignition::gazebo::systems::PosePublisher] for entity [174]
(2023-05-19T12:29:43.796058484) (2023-05-19T12:29:43.796068374) [Msg] EntityDetector publishing messages on [/mbzirc/target_object_detector/placed]
(2023-05-19T12:29:43.796211104) (2023-05-19T12:29:43.796221844) [Dbg] [SystemManager.cc:58] Loaded system [mbzirc::EntityDetector] for entity [174]
(2023-05-19T12:29:43.796442774) (2023-05-19T12:29:43.796453834) [Msg] EntityDetector publishing messages on [/mbzirc/target_object_detector/placed]
(2023-05-19T12:29:43.796601695) (2023-05-19T12:29:43.796612095) [Dbg] [SystemManager.cc:58] Loaded system [mbzirc::EntityDetector] for entity [174]
(2023-05-19T12:29:43.796847605) (2023-05-19T12:29:43.796857705) [Msg] EntityDetector publishing messages on [/mbzirc/target_object_detector/placed]
(2023-05-19T12:29:43.797022206) (2023-05-19T12:29:43.797033056) [Dbg] [SystemManager.cc:58] Loaded system [mbzirc::EntityDetector] for entity [174]
(2023-05-19T12:29:43.797269806) (2023-05-19T12:29:43.797281516) [Msg] EntityDetector publishing messages on [/mbzirc/target_object_detector/placed]
(2023-05-19T12:29:43.797447226) (2023-05-19T12:29:43.797459126) [Dbg] [SystemManager.cc:58] Loaded system [mbzirc::EntityDetector] for entity [174]
(2023-05-19T12:29:43.797657037) (2023-05-19T12:29:43.797666357) [Dbg] [SystemManager.cc:58] Loaded system [ignition::gazebo::systems::CommsEndpoint] for entity [174]
(2023-05-19T12:29:43.798086618) (2023-05-19T12:29:43.798096718) [Dbg] [UserCommands.cc:1303] Created entity [174] named [usv]
(2023-05-19T12:29:43.807076080) (2023-05-19T12:29:43.807110640) [Dbg] [Sensors.cc:584] Initialization needed
(2023-05-19T12:29:43.807199150) (2023-05-19T12:29:43.807236540) [Dbg] [Sensors.cc:240] Initializing render context
(2023-05-19T12:29:43.807379701) (2023-05-19T12:29:43.807399351) [Msg] Loading plugin [ignition-rendering-ogre2]
(2023-05-19T12:29:43.807915072) (2023-05-19T12:29:43.807944522) [Dbg] [ImuSensor.cc:148] IMU data for [usv::base_link::imu_sensor] advertised on [world/simple_demo/model/usv/link/base_link/sensor/imu_sensor/imu](
2023-05-19T12:29:43.808050962) (2023-05-19T12:29:43.808092033) [Dbg] [GameLogicPlugin.cc:1991] New Competitor Platform: usv with 0sensors
((2023-05-19T12:29:43.809761427) ((2023-05-19T12:29:43.809786517((2023-05-19T12:29:43.809786517((2023-05-19T12:29:43.809809837) () [Dbg] [SimulationRunner.cc:518] (((((2023-05-19T12:29:43.809890747) (2023-05-19T12:29:43.809910077) ) (2023-05-19T12:29:43.809948767) 2023-05-19T12:29:43.809837887) Exiting postupdate worker thread (((2023-05-19T12:29:43.8100233372023-05-19T12:29:43.8100384272023-05-19T12:29:43.810038427(2023-05-19T12:29:43.810074128) () ) ) ) () 2023-05-19T12:29:43.810081558) ) ) (2023-05-19T12:29:43.810192368(2023-05-19T12:29:43.810210258) (2023-05-19T12:29:43.810240328) (2023-05-19T12:29:43.810274208) ) 2023-05-19T12:29:43.810160158) (2023-05-19T12:29:43.8103263682023-05-19T12:29:43.810126138) ) (2023-05-19T12:29:43.810359798) Exiting postupdate worker thread (4)
[Dbg] [SimulationRunner.cc:518] Exiting postupdate worker thread (6)
Exiting postupdate worker thread (09)
[Dbg] [SimulationRunner.cc:518] 09)
[Dbg] [SimulationRunner.cc:518] [Dbg] [SimulationRunner.cc:518] Exiting postupdate worker thread ([Dbg] [SimulationRunner.cc:518] 7)
[Dbg] [SimulationRunner.cc:518] [Dbg] [SimulationRunner.cc:518] [Dbg] [SimulationRunner.cc:518] Exiting postupdate worker thread (88Exiting postupdate worker thread ()
1)
5)
Exiting postupdate worker thread (11)
)
Exiting postupdate worker thread (22)Exiting postupdate worker thread ()Exiting postupdate worker thread (10)
(2023-05-19T12:29:43.811262281) (2023-05-19T12:29:43.811277201) [Dbg] [SimulationRunner.cc:491] Creating PostUpdate worker threads: 21
(2023-05-19T12:29:43.811324591) (2023-05-19T12:29:43.811334741) [Dbg] [SimulationRunner.cc:502] Creating postupdate worker thread (0)
(2023-05-19T12:29:43.811389891) (2023-05-19T12:29:43.811398641) [Dbg] [SimulationRunner.cc:502] Creating postupdate worker thread (1)
(2023-05-19T12:29:43.811440061) (2023-05-19T12:29:43.811454821) [Dbg] [SimulationRunner.cc:502] Creating postupdate worker thread (2)
(2023-05-19T12:29:43.811527201) (2023-05-19T12:29:43.811537071) [Dbg] [SimulationRunner.cc:502] Creating postupdate worker thread (3)
(2023-05-19T12:29:43.811585711) (2023-05-19T12:29:43.811595631) [Dbg] [SimulationRunner.cc:502] Creating postupdate worker thread (4)
(2023-05-19T12:29:43.811655311) (2023-05-19T12:29:43.811664741) [Dbg] [SimulationRunner.cc:502] Creating postupdate worker thread (5)
(2023-05-19T12:29:43.811726141) (2023-05-19T12:29:43.811736562) [Dbg] [SimulationRunner.cc:502] Creating postupdate worker thread (6)
(2023-05-19T12:29:43.811790782) (2023-05-19T12:29:43.811799682) [Dbg] [SimulationRunner.cc:502] Creating postupdate worker thread (7)
(2023-05-19T12:29:43.811855832) (2023-05-19T12:29:43.811865712) [Dbg] [SimulationRunner.cc:502] Creating postupdate worker thread (8)
(2023-05-19T12:29:43.811915472) (2023-05-19T12:29:43.811927492) [Dbg] [SimulationRunner.cc:502] Creating postupdate worker thread (9)
(2023-05-19T12:29:43.811996172) (2023-05-19T12:29:43.812016722) [Dbg] [SimulationRunner.cc:502] Creating postupdate worker thread (10)
(2023-05-19T12:29:43.812080512) (2023-05-19T12:29:43.812091682) [Dbg] [SimulationRunner.cc:502] Creating postupdate worker thread (11)
(2023-05-19T12:29:43.812138992) (2023-05-19T12:29:43.812147732) [Dbg] [SimulationRunner.cc:502] Creating postupdate worker thread (12)
(2023-05-19T12:29:43.812204912) (2023-05-19T12:29:43.812213573) [Dbg] [SimulationRunner.cc:502] Creating postupdate worker thread (13)
(2023-05-19T12:29:43.812267193) (2023-05-19T12:29:43.812276943) [Dbg] [SimulationRunner.cc:502] Creating postupdate worker thread (14)
(2023-05-19T12:29:43.812327123) (2023-05-19T12:29:43.812337863) [Dbg] [SimulationRunner.cc:502] Creating postupdate worker thread (15)
(2023-05-19T12:29:43.812386753) (2023-05-19T12:29:43.812395473) [Dbg] [SimulationRunner.cc:502] Creating postupdate worker thread (16)
(2023-05-19T12:29:43.812452323) (2023-05-19T12:29:43.812461373) [Dbg] [SimulationRunner.cc:502] Creating postupdate worker thread (17)
(2023-05-19T12:29:43.812519273) (2023-05-19T12:29:43.812529183) [Dbg] [SimulationRunner.cc:502] Creating postupdate worker thread (18)
(2023-05-19T12:29:43.812576563) (2023-05-19T12:29:43.812585513) [Dbg] [SimulationRunner.cc:502] Creating postupdate worker thread (19)
(2023-05-19T12:29:43.813035104) (2023-05-19T12:29:43.813045954) [Msg] Address [usv] bound to model [usv] on topic [model/usv/rx]
(2023-05-19T12:29:43.813093494) (2023-05-19T12:29:43.813102494) [Dbg] [CommsEndpoint.cc:89] Succesfuly bound to [usv] on topic [model/usv/rx]
(2023-05-19T12:29:44.281637274) (2023-05-19T12:29:44.281649264) [Dbg] [RenderUtil.cc:2529] Create scene [scene]
(2023-05-19T12:29:44.342685013) (2023-05-19T12:29:44.342698803) [Dbg] [Sensors.cc:254] Rendering Thread initialized
(2023-05-19T12:29:44.347361115) (2023-05-19T12:29:44.347370685) [Wrn] [Ogre2Heightmap.cc:125] Heightmap final sampling should be 2^n
 which differs from ogre1's 2^n+1
The last row and column will be cropped
size = (width * sampling) - sampling + 1
[257] = ([257] * [1]) - [1] + 1
(2023-05-19T12:29:44.352098577) (2023-05-19T12:29:44.352111517) [Msg] Loading heightmap: scene::Heightmap(65478)
(2023-05-19T12:29:44.352141667) (2023-05-19T12:29:44.352150627) [Msg] Heightmap loaded. Process took 0 ms.
(2023-05-19T12:29:48.76041423) (2023-05-19T12:29:48.76069563) [Dbg] [Ogre2ParticleEmitter.cc:514] Particle emitter initialized
(2023-05-19T12:29:48.76341094) (2023-05-19T12:29:48.76358244) [Dbg] [Ogre2ParticleEmitter.cc:514] Particle emitter initialized
(2023-05-19T12:29:48.76569794) (2023-05-19T12:29:48.76584694) [Dbg] [Ogre2ParticleEmitter.cc:514] Particle emitter initialized
(2023-05-19T12:29:48.661264126) (2023-05-19T12:29:48.661278346) [Dbg] [Ogre2ParticleEmitter.cc:514] Particle emitter initialized
(2023-05-19T12:29:48.661447176) (2023-05-19T12:29:48.661457386) [Dbg] [Ogre2ParticleEmitter.cc:514] Particle emitter initialized
(2023-05-19T12:29:48.661578316) (2023-05-19T12:29:48.661588036) [Dbg] [Ogre2ParticleEmitter.cc:514] Particle emitter initialized
(2023-05-19T12:29:48.672929883) (2023-05-19T12:29:48.672947843) [Dbg] [Lidar.cc:122] Laser scans for [usv::sensor_6::sensor_link::lidar] advertised on [world/simple_demo/model/usv/model/sensor_6/link/sensor_link/sensor/lidar/scan]
(2023-05-19T12:29:48.673278464) (2023-05-19T12:29:48.673293914) [Dbg] [GpuLidarSensor.cc:164] Lidar points for [usv::sensor_6::sensor_link::lidar] advertised on [world/simple_demo/model/usv/model/sensor_6/link/sensor_link/sensor/lidar/scan/points]
(2023-05-19T12:29:48.673594655) (2023-05-19T12:29:48.673608115) [Msg] Loading plugin [ignition-rendering-ogre2]
(2023-05-19T12:29:48.824279851) (2023-05-19T12:29:48.824302541) [Dbg] [EntityComponentManager.cc:1587] Updated state thread iterators: 24 threads processing around 10 entities each.
(2023-05-19T12:29:52.775848060) (2023-05-19T12:29:52.775867450) [Msg] Scoring has Started
(2023-05-19T12:29:52.776193381) (2023-05-19T12:29:52.776215891) [Err] [GameLogicPlugin.cc:2121] Invalid configuration detected: 
[usv] Initial Position (10 40 0.299843) is not in the starting area -15 -15 -5 15 15 5
(2023-05-19T12:30:28.648781594) (2023-05-19T12:30:28.648808894) [Dbg] [SignalHandler.cc:141] Received signal[2].
(2023-05-19T12:30:28.648870254) (2023-05-19T12:30:28.648890014) [Dbg] [ServerPrivate.cc:110] Server received signal[2]
(2023-05-19T12:30:28.648949484) (2023-05-19T12:30:28.648968694) [Dbg] [Sensors.cc:406] SensorsPrivate::Stop
(2023-05-19T12:30:28.650743759) (2023-05-19T12:30:28.650760899) [Dbg] [Sensors.cc:392] SensorsPrivate::RenderThread stopped
(2023-05-19T12:30:28.657573606) (2023-05-19T12:30:28.657595496) [Dbg] [ign.cc:410] Shutting down ign-gazebo-server
((2023-05-19T12:30:28.660623903) ((2023-05-19T12:30:28.660646503) (([Dbg] [SimulationRunner.cc:518] (([Dbg] [SimulationRunner.cc:518] 2023-05-19T12:30:28.660662483) (2023-05-19T12:30:28.660721423) ((2023-05-19T12:30:28.6607958242023-05-19T12:30:28.660795824() (2023-05-19T12:30:28.660825864) ((((2023-05-19T12:30:28.660934904) (2023-05-19T12:30:28.660959234) ((2023-05-19T12:30:28.660997114) (2023-05-19T12:30:28.661021834) (2023-05-19T12:30:28.660911584) (2023-05-19T12:30:28.661098774) 2023-05-19T12:30:28.661125234) (2023-05-19T12:30:28.661151304) 2023-05-19T12:30:28.660883244) (2023-05-19T12:30:28.661201574) 2023-05-19T12:30:28.661230604) (2023-05-19T12:30:28.661253254) Exiting postupdate worker thread (14)
2023-05-19T12:30:28.660778604) (2023-05-19T12:30:28.661337925) 2023-05-19T12:30:28.661065504) () 2023-05-19T12:30:28.661421375) (2023-05-19T12:30:28.661478385) 2023-05-19T12:30:28.661227484) (2023-05-19T12:30:28.661530005) (2023-05-19T12:30:28.661404545) (2023-05-19T12:30:28.661605275) [Dbg] [SimulationRunner.cc:518] 2023-05-19T12:30:28.661426215Exiting postupdate worker thread (2023-05-19T12:30:28.661426215Exiting postupdate worker thread (2023-05-19T12:30:28.66157322513)) (2023-05-19T12:30:28.6617078852023-05-19T12:30:28.661707885) () (2023-05-19T12:30:28.661771926) 2023-05-19T12:30:28.661751766) ) 2023-05-19T12:30:28.661640955) ((2023-05-19T12:30:28.661874026) )[Dbg] [SimulationRunner.cc:518] 2023-05-19T12:30:28.661550025) ((2023-05-19T12:30:28.661946286) Exiting postupdate worker thread (2023-05-19T12:30:28.66197333619)
2023-05-19T12:30:28.661863756) ) (2023-05-19T12:30:28.6620626062023-05-19T12:30:28.662062606) [Dbg] [SimulationRunner.cc:518] [Dbg] [SimulationRunner.cc:518] Exiting postupdate worker thread (16)
[Dbg] [SimulationRunner.cc:518] Exiting postupdate worker thread (6)
[Dbg] [SimulationRunner.cc:518] [Dbg] [SimulationRunner.cc:518] [Dbg] [SimulationRunner.cc:518] [Dbg] [SimulationRunner.cc:518] Exiting postupdate worker thread (7)
[Dbg] [SimulationRunner.cc:518] Exiting postupdate worker thread (15)
Exiting postupdate worker thread ([Dbg] [SimulationRunner.cc:518] Exiting postupdate worker thread (Exiting postupdate worker thread (9)
[Dbg] [SimulationRunner.cc:518] Exiting postupdate worker thread (4)
Exiting postupdate worker thread (18)

[Dbg] [SimulationRunner.cc:518] Exiting postupdate worker thread (0)
[Dbg] [SimulationRunner.cc:518] Exiting postupdate worker thread (12)
Exiting postupdate worker thread (5[Dbg] [SimulationRunner.cc:518] Exiting postupdate worker thread (22[Dbg] [SimulationRunner.cc:518] Exiting postupdate worker thread (3)
)
Exiting postupdate worker thread (8)
10)
5[Dbg] [SimulationRunner.cc:518] Exiting postupdate worker thread (11)
)
Exiting postupdate worker thread (Exiting postupdate worker thread (17171)
)
(2023-05-19T12:30:28.700760490) (2023-05-19T12:30:28.700775440) [Dbg] [Sensors.cc:406] SensorsPrivate::Stop
(2023-05-19T12:30:28.722584332) (2023-05-19T12:30:28.722598852) [Msg] Stopping recording
(2023-05-19T12:30:28.723206803) (2023-05-19T12:30:28.723218243) [Msg] Scoring has finished. Elapsed real time: 35 seconds. Elapsed sim time: 34 seconds. 
