(2023-03-12T02:26:04.626135392) (2023-03-12T02:26:04.626159262) [Msg] Ignition Gazebo Server v6.11.0
(2023-03-12T02:26:04.629294736) (2023-03-12T02:26:04.629312326) [Msg] Loading SDF world file[/home/developer/mbzirc_ws/install/share/mbzirc_ign/worlds/simple_demo.sdf].
(2023-03-12T02:26:04.935375097) (2023-03-12T02:26:04.935387917) [Msg] Serving entity system service on [/entity/system/add]
(2023-03-12T02:26:04.969352824) (2023-03-12T02:26:04.969366953) [Dbg] [Physics.cc:803] Loaded [ignition::physics::dartsim::Plugin] from library [/usr/lib/x86_64-linux-gnu/ign-physics-5/engine-plugins/libignition-physics-dartsim-plugin.so]
(2023-03-12T02:26:04.969424703) (2023-03-12T02:26:04.969432253) [Dbg] [SystemManager.cc:58] Loaded system [ignition::gazebo::systems::Physics] for entity [1]
(2023-03-12T02:26:04.970937660) (2023-03-12T02:26:04.970947840) [Msg] Create service on [/world/simple_demo/create]
(2023-03-12T02:26:04.971044409) (2023-03-12T02:26:04.971054119) [Msg] Remove service on [/world/simple_demo/remove]
(2023-03-12T02:26:04.971144199) (2023-03-12T02:26:04.971153879) [Msg] Pose service on [/world/simple_demo/set_pose]
(2023-03-12T02:26:04.971232328) (2023-03-12T02:26:04.971241508) [Msg] Pose service on [/world/simple_demo/set_pose_vector]
(2023-03-12T02:26:04.971353467) (2023-03-12T02:26:04.971362837) [Msg] Light configuration service on [/world/simple_demo/light_config]
(2023-03-12T02:26:04.971511986) (2023-03-12T02:26:04.971521725) [Msg] Physics service on [/world/simple_demo/set_physics]
(2023-03-12T02:26:04.971610715) (2023-03-12T02:26:04.971620715) [Msg] SphericalCoordinates service on [/world/simple_demo/set_spherical_coordinates]
(2023-03-12T02:26:04.971681094) (2023-03-12T02:26:04.971741544) [Msg] Enable collision service on [/world/simple_demo/enable_collision]
(2023-03-12T02:26:04.971803723) (2023-03-12T02:26:04.971813403) [Msg] Disable collision service on [/world/simple_demo/disable_collision]
(2023-03-12T02:26:04.971929162) (2023-03-12T02:26:04.971939722) [Msg] Material service on [/world/simple_demo/visual_config]
(2023-03-12T02:26:04.972020731) (2023-03-12T02:26:04.972030851) [Msg] Material service on [/world/simple_demo/wheel_slip]
(2023-03-12T02:26:04.972068501) (2023-03-12T02:26:04.972077001) [Dbg] [SystemManager.cc:58] Loaded system [ignition::gazebo::systems::UserCommands] for entity [1]
(2023-03-12T02:26:04.990820324) (2023-03-12T02:26:04.990830824) [Dbg] [Sensors.cc:479] Configuring Sensors system
(2023-03-12T02:26:04.990888704) (2023-03-12T02:26:04.990897444) [Dbg] [Sensors.cc:398] SensorsPrivate::Run
(2023-03-12T02:26:04.990969463) (2023-03-12T02:26:04.990979063) [Dbg] [SystemManager.cc:58] Loaded system [ignition::gazebo::systems::Sensors] for entity [1(]
2023-03-12T02:26:04.991018823) (2023-03-12T02:26:04.991057892) [Dbg] [Sensors.cc:378] SensorsPrivate::RenderThread started
(2023-03-12T02:26:04.991112892) (2023-03-12T02:26:04.991132552) [Dbg] [Sensors.cc:228] Waiting for init
(2023-03-12T02:26:04.992397231) (2023-03-12T02:26:04.992408541) [Dbg] [SystemManager.cc:58] Loaded system [ignition::gazebo::systems::AirPressure] for entity [1]
(2023-03-12T02:26:04.993801620) (2023-03-12T02:26:04.993813039) [Dbg] [SystemManager.cc:58] Loaded system [ignition::gazebo::systems::Altimeter] for entity [1]
(2023-03-12T02:26:04.995225148) (2023-03-12T02:26:04.995235508) [Dbg] [SystemManager.cc:58] Loaded system [ignition::gazebo::systems::Imu] for entity [1]
(2023-03-12T02:26:04.996630186) (2023-03-12T02:26:04.996641476) [Dbg] [SystemManager.cc:58] Loaded system [ignition::gazebo::systems::Magnetometer] for entity [1]
(2023-03-12T02:26:04.998051634) (2023-03-12T02:26:04.998062974) [Dbg] [SystemManager.cc:58] Loaded system [ignition::gazebo::systems::ForceTorque] for entity [1]
(2023-03-12T02:26:04.999090655) (2023-03-12T02:26:04.999102015) [Msg] Serving particle emitter information on [/world/simple_demo/particle_emitters]
(2023-03-12T02:26:04.999150485) (2023-03-12T02:26:04.999159535) [Dbg] [SystemManager.cc:58] Loaded system [ignition::gazebo::systems::ParticleEmitter2] for entity [1]
(2023-03-12T02:26:05.366875) (2023-03-12T02:26:05.386475) [Dbg] [SystemManager.cc:58] Loaded system [ignition::gazebo::systems::SceneBroadcaster] for entity [1]
(2023-03-12T02:26:05.1301898) (2023-03-12T02:26:05.1312758) [Dbg] [SystemManager.cc:58] Loaded system [ignition::gazebo::systems::Contact] for entity [1]
(2023-03-12T02:26:05.2340929) (2023-03-12T02:26:05.2352469) [Dbg] [RFComms.cc:385] Range configuration:
RF Configuration (range-based)
-- max_range: 500000
-- fading_exponent: 2.6
-- l0: 40
-- sigma: 10

(2023-03-12T02:26:05.2444669) (2023-03-12T02:26:05.2452569) [Dbg] [RFComms.cc:388] Radio configuration:
Radio Configuration
-- capacity: 1e+06
-- tx_power: 25
-- noise_floor: -90
-- modulation: QPSK

(2023-03-12T02:26:05.2679137) (2023-03-12T02:26:05.2689627) [Dbg] [Broker.cc:113] Broker services:
(2023-03-12T02:26:05.2713357) (2023-03-12T02:26:05.2721456) [Dbg] [Broker.cc:114]   Bind: [/broker/bind]
(2023-03-12T02:26:05.2752306) (2023-03-12T02:26:05.2760456) [Dbg] [Broker.cc:115]   Unbind: [/broker/unbind]
(2023-03-12T02:26:05.2787646) (2023-03-12T02:26:05.2795696) [Dbg] [Broker.cc:116] Broker topics:
(2023-03-12T02:26:05.2818426) (2023-03-12T02:26:05.2825936) [Dbg] [Broker.cc:117]   Incoming messages: [/broker/msgs]
(2023-03-12T02:26:05.2856985) (2023-03-12T02:26:05.2865795) [Dbg] [SystemManager.cc:58] Loaded system [ignition::gazebo::systems::RFComms] for entity [1]
(2023-03-12T02:26:05.5003588) (2023-03-12T02:26:05.5014638) [Dbg] [RFRange.cc:339] RFRange sensor range configuration:
RF Configuration (range-based)
-- max_range: 500000
-- fading_exponent: 2.6
-- l0: 40
-- sigma: 0.005
-- rssi_1: -15

(2023-03-12T02:26:05.5115787) (2023-03-12T02:26:05.5124287) [Dbg] [RFRange.cc:342] RFRange sensor radio configuration:
Radio Configuration
-- tx_power: 25
-- noise_floor: -90

(2023-03-12T02:26:05.5195176) (2023-03-12T02:26:05.5205136) [Dbg] [SystemManager.cc:58] Loaded system [ignition::gazebo::systems::RFRange] for entity [1]
(2023-03-12T02:26:05.8524758) (2023-03-12T02:26:05.8535718) [Msg] Overwriting existing file [/tmp/ign/mbzirc/playback/state.tlog]
(2023-03-12T02:26:05.12176618) (2023-03-12T02:26:05.12187778) [Msg] Recording to log file [/tmp/ign/mbzirc/playback/state.tlog]
(2023-03-12T02:26:05.12221798) (2023-03-12T02:26:05.12231648) [Dbg] [LogRecord.cc:334] Recording default topic[/playback/sdf].
(2023-03-12T02:26:05.12258987) (2023-03-12T02:26:05.12268777) [Dbg] [LogRecord.cc:335] Recording default topic[/world/simple_demo/changed_state].
(2023-03-12T02:26:05.46821459) (2023-03-12T02:26:05.46844239) [Dbg] [SystemManager.cc:58] Loaded system [ignition::gazebo::systems::LogRecord] for entity [1]
(2023-03-12T02:26:05.49426557) (2023-03-12T02:26:05.49447417) [Dbg] [SystemManager.cc:58] Loaded system [ignition::gazebo::systems::WindEffects] for entity [1]
(2023-03-12T02:26:05.54202718) (2023-03-12T02:26:05.54226208) [Msg] MBZIRC log path: /tmp/ign/mbzirc/logs
(2023-03-12T02:26:05.54711244) (2023-03-12T02:26:05.54730684) [Msg] Run duration set to 3600 seconds.
(2023-03-12T02:26:05.54834373) (2023-03-12T02:26:05.54853243) [Msg] Geofence boundary min: -70 -70 -25, max: 70 70 121.92
(2023-03-12T02:26:05.55005492) (2023-03-12T02:26:05.55023412) [Msg] Start area boundary min: -15 -15 -5, max: 15 15 5
(2023-03-12T02:26:05.55156991) (2023-03-12T02:26:05.55175621) [Msg] Setup duration set to 600 seconds.
(2023-03-12T02:26:05.55231320) (2023-03-12T02:26:05.55248370) [Msg] Target vessel: Vessel A
(2023-03-12T02:26:05.55336659) (2023-03-12T02:26:05.55355009) [Msg]   Small object: small_blue_box_a
(2023-03-12T02:26:05.55406729) (2023-03-12T02:26:05.55423919) [Msg]   Small object: small_blue_box_a_duplicate
(2023-03-12T02:26:05.55472938) (2023-03-12T02:26:05.55488278) [Msg]   Large object: large_dry_box_a
(2023-03-12T02:26:05.55535368) (2023-03-12T02:26:05.55550998) [Msg]   Large object: large_dry_box_a_duplicate
(2023-03-12T02:26:05.56902877) (2023-03-12T02:26:05.56917596) [Msg] Starting MBZIRC
(2023-03-12T02:26:05.57032116) (2023-03-12T02:26:05.57041875) [Dbg] [SystemManager.cc:58] Loaded system [mbzirc::GameLogicPlugin] for entity [1]
(2023-03-12T02:26:05.61959974) (2023-03-12T02:26:05.61975564) [Msg] Using Pierson-Moskowitz spectrum sampling wavefield model 
(2023-03-12T02:26:05.62234002) (2023-03-12T02:26:05.62244732) [Msg] Using Pierson-Moskowitz spectrum sampling wavefield model 
(2023-03-12T02:26:05.525591211) (2023-03-12T02:26:05.525614631) [Msg] Input Parameters:
(2023-03-12T02:26:05.525661791) (2023-03-12T02:26:05.525679491) [Msg] model:     PMS
(2023-03-12T02:26:05.525730800) (2023-03-12T02:26:05.525748000) [Msg] number:     3
(2023-03-12T02:26:05.525797420) (2023-03-12T02:26:05.525814530) [Msg] scale:      1.1
(2023-03-12T02:26:05.525870969) (2023-03-12T02:26:05.525887469) [Msg] angle:      0.4
(2023-03-12T02:26:05.525934889) (2023-03-12T02:26:05.525952118) [Msg] steepness:  0
(2023-03-12T02:26:05.526001988) (2023-03-12T02:26:05.526019948) [Msg] amplitude:  0
(2023-03-12T02:26:05.526066507) (2023-03-12T02:26:05.526083497) [Msg] period:     5
(2023-03-12T02:26:05.526130917) (2023-03-12T02:26:05.526148587) [Msg] direction:  1 0
(2023-03-12T02:26:05.526221936) (2023-03-12T02:26:05.526239286) [Msg] tau:  2
(2023-03-12T02:26:05.526286796) (2023-03-12T02:26:05.526304056) [Msg] gain:  0.3
(2023-03-12T02:26:05.526353205) (2023-03-12T02:26:05.526370265) [Msg] Derived Parameters:
(2023-03-12T02:26:05.526412345) (2023-03-12T02:26:05.526430114) [Msg] amplitudes:  0.0363502, 0.0392277, 0.0385703, 
(2023-03-12T02:26:05.526546183) (2023-03-12T02:26:05.526563303) [Msg] wavenumbers: 0.133171, 0.161136, 0.194975, 
(2023-03-12T02:26:05.526647073) (2023-03-12T02:26:05.526663983) [Msg] omegas:      1.1424, 1.25664, 1.3823, 
(2023-03-12T02:26:05.526748732) (2023-03-12T02:26:05.526765012) [Msg] periods:     (2023-03-12T02:26:05.526810151) (2023-03-12T02:26:05.526826611) [Msg] 5.5, (2023-03-12T02:26:05.526870481) (2023-03-12T02:26:05.526887901) [Msg] 5, (2023-03-12T02:26:05.526928850) (2023-03-12T02:26:05.526945790) [Msg] 4.54545, (2023-03-12T02:26:05.526987660) (2023-03-12T02:26:05.527004960) [Msg] 
(2023-03-12T02:26:05.527036839) (2023-03-12T02:26:05.527053969) [Msg] phases:      0, 0, 0, 
(2023-03-12T02:26:05.527141829) (2023-03-12T02:26:05.527159038) [Msg] steepnesses: 0, 0, 0, 
(2023-03-12T02:26:05.527243558) (2023-03-12T02:26:05.527261178) [Msg] directions:  (2023-03-12T02:26:05.527301757) (2023-03-12T02:26:05.527319217) [Msg] 0.921061 -0.389418; (2023-03-12T02:26:05.527378637) (2023-03-12T02:26:05.527396126) [Msg] 1 0; (2023-03-12T02:26:05.527451286) (2023-03-12T02:26:05.527468066) [Msg] 0.921061 0.389418; (2023-03-12T02:26:05.527523465) (2023-03-12T02:26:05.527541395) [Msg] 
(2023-03-12T02:26:05.528320659) (2023-03-12T02:26:05.528341589) [Dbg] [SystemManager.cc:58] Loaded system [ignition::gazebo::systems::WaveVisual] for entity [23]
(2023-03-12T02:26:05.532925530) (2023-03-12T02:26:05.532949180) [Msg] Using Pierson-Moskowitz spectrum sampling wavefield model 
(2023-03-12T02:26:05.533354657) (2023-03-12T02:26:05.533378336) [Msg] Using Pierson-Moskowitz spectrum sampling wavefield model 
(2023-03-12T02:26:05.533472266) (2023-03-12T02:26:05.533492706) [Msg] Input Parameters:
(2023-03-12T02:26:05.533539755) (2023-03-12T02:26:05.533559045) [Msg] model:     PMS
(2023-03-12T02:26:05.533613985) (2023-03-12T02:26:05.533634244) [Msg] number:     3
(2023-03-12T02:26:05.533687504) (2023-03-12T02:26:05.533706574) [Msg] scale:      1.1
(2023-03-12T02:26:05.533764053) (2023-03-12T02:26:05.533783783) [Msg] angle:      0.4
(2023-03-12T02:26:05.533838243) (2023-03-12T02:26:05.533857862) [Msg] steepness:  0
(2023-03-12T02:26:05.533912772) (2023-03-12T02:26:05.533932582) [Msg] amplitude:  0
(2023-03-12T02:26:05.533987351) (2023-03-12T02:26:05.534006481) [Msg] period:     5
(2023-03-12T02:26:05.534062961) (2023-03-12T02:26:05.534082451) [Msg] direction:  1 0
(2023-03-12T02:26:05.534155620) (2023-03-12T02:26:05.534176050) [Msg] tau:  2
(2023-03-12T02:26:05.534232639) (2023-03-12T02:26:05.534252429) [Msg] gain:  0.3
(2023-03-12T02:26:05.534307829) (2023-03-12T02:26:05.534327389) [Msg] Derived Parameters:
(2023-03-12T02:26:05.534379808) (2023-03-12T02:26:05.534399738) [Msg] amplitudes:  0.0363502, 0.0392277, 0.0385703, 
(2023-03-12T02:26:05.534512937) (2023-03-12T02:26:05.534533117) [Msg] wavenumbers: 0.133171, 0.161136, 0.194975, 
(2023-03-12T02:26:05.534634386) (2023-03-12T02:26:05.534654676) [Msg] omegas:      1.1424, 1.25664, 1.3823, 
(2023-03-12T02:26:05.534750725) (2023-03-12T02:26:05.534775165) [Msg] periods:     (2023-03-12T02:26:05.534817294) (2023-03-12T02:26:05.534836684) [Msg] 5.5, (2023-03-12T02:26:05.534882054) (2023-03-12T02:26:05.534899634) [Msg] 5, (2023-03-12T02:26:05.534945043) (2023-03-12T02:26:05.534964783) [Msg] 4.54545, (2023-03-12T02:26:05.535012003) (2023-03-12T02:26:05.535031083) [Msg] 
(2023-03-12T02:26:05.535068502) (2023-03-12T02:26:05.535087882) [Msg] phases:      0, 0, 0, 
(2023-03-12T02:26:05.535183301) (2023-03-12T02:26:05.535201931) [Msg] steepnesses: 0, 0, 0, 
(2023-03-12T02:26:05.535295740) (2023-03-12T02:26:05.535315550) [Msg] directions:  (2023-03-12T02:26:05.535363870) (2023-03-12T02:26:05.535389720) [Msg] 0.921061 -0.389418; (2023-03-12T02:26:05.535468699) (2023-03-12T02:26:05.535493349) [Msg] 1 0; (2023-03-12T02:26:05.535564018) (2023-03-12T02:26:05.535589338) [Msg] 0.921061 0.389418; (2023-03-12T02:26:05.535659077) (2023-03-12T02:26:05.535677777) [Msg] 
(2023-03-12T02:26:05.535794506) (2023-03-12T02:26:05.535819986) [Dbg] [Surface.cc:161] Surface plugin successfully configured with the following parameters:
(2023-03-12T02:26:05.535886466) (2023-03-12T02:26:05.535907285) [Dbg] [Surface.cc:163]   <link_name>: link
(2023-03-12T02:26:05.535974075) (2023-03-12T02:26:05.535996555) [Dbg] [Surface.cc:164]   <vehicle_length>: 6
(2023-03-12T02:26:05.536062594) (2023-03-12T02:26:05.536087394) [Dbg] [Surface.cc:165]   <vehicle_width>: 3.3
(2023-03-12T02:26:05.536125504) (2023-03-12T02:26:05.536134553) [Dbg] [Surface.cc:166]   <hull_radius>: 1.9
(2023-03-12T02:26:05.536158483) (2023-03-12T02:26:05.536166993) [Dbg] [Surface.cc:167]   <num_samples>: 2
(2023-03-12T02:26:05.536194143) (2023-03-12T02:26:05.536201263) [Dbg] [Surface.cc:168]   <fluid_level>: 0.45
(2023-03-12T02:26:05.536229383) (2023-03-12T02:26:05.536237983) [Dbg] [Surface.cc:169]   <fluid_density>: 997.774
(2023-03-12T02:26:05.536279372) (2023-03-12T02:26:05.536287312) [Dbg] [SystemManager.cc:58] Loaded system [ignition::gazebo::systems::Surface] for entity [24]
(2023-03-12T02:26:05.538032118) (2023-03-12T02:26:05.538043308) [Dbg] [SimpleHydrodynamics.cc:167] SimpleHydrodynamics plugin successfully configured with the following parameters:
(2023-03-12T02:26:05.538070687) (2023-03-12T02:26:05.538078867) [Dbg] [SimpleHydrodynamics.cc:169]   <link_name>: link
(2023-03-12T02:26:05.538106697) (2023-03-12T02:26:05.538115417) [Dbg] [SimpleHydrodynamics.cc:170]   <xDotU>: 0
(2023-03-12T02:26:05.538140887) (2023-03-12T02:26:05.538150867) [Dbg] [SimpleHydrodynamics.cc:171]   <yDotV>: 0
(2023-03-12T02:26:05.538174716) (2023-03-12T02:26:05.538182956) [Dbg] [SimpleHydrodynamics.cc:172]   <zDotW>: 0.1
(2023-03-12T02:26:05.538206546) (2023-03-12T02:26:05.538215616) [Dbg] [SimpleHydrodynamics.cc:173]   <kDotP>: 0.1
(2023-03-12T02:26:05.538239736) (2023-03-12T02:26:05.538248446) [Dbg] [SimpleHydrodynamics.cc:174]   <mDotQ>: 0.1
(2023-03-12T02:26:05.538270836) (2023-03-12T02:26:05.538279536) [Dbg] [SimpleHydrodynamics.cc:175]   <nDotR>: 0
(2023-03-12T02:26:05.538303615) (2023-03-12T02:26:05.538311895) [Dbg] [SimpleHydrodynamics.cc:176]   <xU>: 510.3
(2023-03-12T02:26:05.538336575) (2023-03-12T02:26:05.538344225) [Dbg] [SimpleHydrodynamics.cc:177]   <xUU>: 720.4
(2023-03-12T02:26:05.538369975) (2023-03-12T02:26:05.538379045) [Dbg] [SimpleHydrodynamics.cc:178]   <yV>: 400
(2023-03-12T02:26:05.538406475) (2023-03-12T02:26:05.538414874) [Dbg] [SimpleHydrodynamics.cc:179]   <yVV>: 0
(2023-03-12T02:26:05.538439304) (2023-03-12T02:26:05.538447624) [Dbg] [SimpleHydrodynamics.cc:180]   <zW>: 5000
(2023-03-12T02:26:05.538472824) (2023-03-12T02:26:05.538481464) [Dbg] [SimpleHydrodynamics.cc:181]   <zWW>: 0
(2023-03-12T02:26:05.538505264) (2023-03-12T02:26:05.538513234) [Dbg] [SimpleHydrodynamics.cc:182]   <kP>: 500
(2023-03-12T02:26:05.538537803) (2023-03-12T02:26:05.538550173) [Dbg] [SimpleHydrodynamics.cc:183]   <kPP>: 0
(2023-03-12T02:26:05.538575693) (2023-03-12T02:26:05.538584363) [Dbg] [SimpleHydrodynamics.cc:184]   <mQ>: 500
(2023-03-12T02:26:05.538608243) (2023-03-12T02:26:05.538617073) [Dbg] [SimpleHydrodynamics.cc:185]   <mQQ>: 0
(2023-03-12T02:26:05.538642363) (2023-03-12T02:26:05.538650332) [Dbg] [SimpleHydrodynamics.cc:186]   <nR>: 15000
(2023-03-12T02:26:05.538676652) (2023-03-12T02:26:05.538684952) [Dbg] [SimpleHydrodynamics.cc:187]   <nRR>: 0
(2023-03-12T02:26:05.538712242) (2023-03-12T02:26:05.538720552) [Dbg] [SystemManager.cc:58] Loaded system [ignition::gazebo::systems::SimpleHydrodynamics] for entity [24]
(2023-03-12T02:26:05.540142430) (2023-03-12T02:26:05.540153140) [Dbg] [SystemManager.cc:58] Loaded system [ignition::gazebo::systems::DetachableJoint] for entity [28]
(2023-03-12T02:26:05.540624796) (2023-03-12T02:26:05.540635306) [Dbg] [SystemManager.cc:58] Loaded system [ignition::gazebo::systems::DetachableJoint] for entity [44]
(2023-03-12T02:26:05.541408939) (2023-03-12T02:26:05.541419089) [Dbg] [SystemManager.cc:58] Loaded system [ignition::gazebo::systems::DetachableJoint] for entity [60]
(2023-03-12T02:26:05.542166313) (2023-03-12T02:26:05.542175823) [Dbg] [SystemManager.cc:58] Loaded system [ignition::gazebo::systems::DetachableJoint] for entity [112]
(2023-03-12T02:26:05.543313454) (2023-03-12T02:26:05.543324503) [Dbg] [SystemManager.cc:58] Loaded system [ignition::gazebo::systems::CommsEndpoint] for entity [164]
(2023-03-12T02:26:05.543501522) (2023-03-12T02:26:05.543513232) [Dbg] [SystemManager.cc:58] Loaded system [ignition::gazebo::systems::CommsEndpoint] for entity [164]
(2023-03-12T02:26:05.545009979) (2023-03-12T02:26:05.545022229) [Dbg] [SystemManager.cc:58] Loaded system [mbzirc::BaseStation] for entity [164]
(2023-03-12T02:26:05.546742295) (2023-03-12T02:26:05.546752995) [Msg] EntityDetector publishing messages on [/mbzirc/target_object_detector/dropped]
(2023-03-12T02:26:05.546910804) (2023-03-12T02:26:05.546922213) [Dbg] [SystemManager.cc:58] Loaded system [mbzirc::EntityDetector] for entity [168]
(2023-03-12T02:26:05.547008203) (2023-03-12T02:26:05.547017863) [Msg] Loaded level [3]
(2023-03-12T02:26:05.547274251) (2023-03-12T02:26:05.547285060) [Msg] Serving world controls on [/world/simple_demo/control], [/world/simple_demo/control/state] and [/world/simple_demo/playback/control]
(2023-03-12T02:26:05.547394530) (2023-03-12T02:26:05.547405109) [Msg] Serving GUI information on [/world/simple_demo/gui/info]
(2023-03-12T02:26:05.547442799) (2023-03-12T02:26:05.547451429) [Msg] World [simple_demo] initialized with [4ms] physics profile.
(2023-03-12T02:26:05.547563478) (2023-03-12T02:26:05.547574148) [Msg] Serving world SDF generation service on [/world/simple_demo/generate_world_sdf]
(2023-03-12T02:26:05.547649797) (2023-03-12T02:26:05.547659917) [Msg] Serving world names on [/gazebo/worlds]
(2023-03-12T02:26:05.547745767) (2023-03-12T02:26:05.547756006) [Msg] Resource path add service on [/gazebo/resource_paths/add].
(2023-03-12T02:26:05.547828086) (2023-03-12T02:26:05.547840796) [Msg] Resource path get service on [/gazebo/resource_paths/get].
(2023-03-12T02:26:05.648096103) (2023-03-12T02:26:05.648122243) [Msg] Resource path resolve service on [/gazebo/resource_paths/resolve].
(2023-03-12T02:26:05.648272191) (2023-03-12T02:26:05.648293571) [Msg] Resource paths published on [/gazebo/resource_paths].
(2023-03-12T02:26:05.648524299) (2023-03-12T02:26:05.648549209) [Msg] Server control service on [/server_control].
(2023-03-12T02:26:05.648782437) (2023-03-12T02:26:05.648806677) [Msg] Found no publishers on /stats, adding root stats topic
(2023-03-12T02:26:05.649002515) (2023-03-12T02:26:05.649023545) [Msg] Found no publishers on /clock, adding root clock topic
(2023-03-12T02:26:05.649368112) (2023-03-12T02:26:05.649389492) [Dbg] [SimulationRunner.cc:491] Creating PostUpdate worker threads: 13
(2023-03-12T02:26:05.649445222) (2023-03-12T02:26:05.649462041) [Dbg] [SimulationRunner.cc:502] Creating postupdate worker thread (0)
(2023-03-12T02:26:05.649589950) (2023-03-12T02:26:05.649608310) [Dbg] [SimulationRunner.cc:502] Creating postupdate worker thread (1)
(2023-03-12T02:26:05.649704159) (2023-03-12T02:26:05.649722489) [Dbg] [SimulationRunner.cc:502] Creating postupdate worker thread (2)
(2023-03-12T02:26:05.649804799) (2023-03-12T02:26:05.649821978) [Dbg] [SimulationRunner.cc:502] Creating postupdate worker thread (3)
(2023-03-12T02:26:05.649916378) (2023-03-12T02:26:05.649934557) [Dbg] [SimulationRunner.cc:502] Creating postupdate worker thread (4)
(2023-03-12T02:26:05.650026077) (2023-03-12T02:26:05.650043787) [Dbg] [SimulationRunner.cc:502] Creating postupdate worker thread (5)
(2023-03-12T02:26:05.650128796) (2023-03-12T02:26:05.650144776) [Dbg] [SimulationRunner.cc:502] Creating postupdate worker thread (6)
(2023-03-12T02:26:05.650234215) (2023-03-12T02:26:05.650252385) [Dbg] [SimulationRunner.cc:502] Creating postupdate worker thread (7)
(2023-03-12T02:26:05.650334284) (2023-03-12T02:26:05.650350414) [Dbg] [SimulationRunner.cc:502] Creating postupdate worker thread (8)
(2023-03-12T02:26:05.650453463) (2023-03-12T02:26:05.650476443) [Dbg] [SimulationRunner.cc:502] Creating postupdate worker thread (9)
(2023-03-12T02:26:05.650593842) (2023-03-12T02:26:05.650613292) [Dbg] [SimulationRunner.cc:502] Creating postupdate worker thread (10)
(2023-03-12T02:26:05.650714501) (2023-03-12T02:26:05.650733081) [Dbg] [SimulationRunner.cc:502] Creating postupdate worker thread (11)
(2023-03-12T02:26:05.750159715) (2023-03-12T02:26:05.750187205) [Msg] Particle emitter[simple_demo::dust_storm::link::dust_storm] subscribed to command messages on topic[/model/dust_storm/link/link/particle_emitter/dust_storm/cmd]
(2023-03-12T02:26:05.750441962) (2023-03-12T02:26:05.750461372) [Msg] Particle emitter[simple_demo::fog::link::fog] subscribed to command messages on topic[/model/fog/link/link/particle_emitter/fog/cmd]
(2023-03-12T02:26:05.752514245) (2023-03-12T02:26:05.752533995) [Msg] DetachableJoint subscribing to messages on [/Vessel_A/detach]
(2023-03-12T02:26:05.752680034) (2023-03-12T02:26:05.752698004) [Msg] DetachableJoint subscribing to messages on [/Vessel_A/detach]
(2023-03-12T02:26:05.752831143) (2023-03-12T02:26:05.752848583) [Msg] DetachableJoint subscribing to messages on [/Vessel_A/detach]
(2023-03-12T02:26:05.752985782) (2023-03-12T02:26:05.753004202) [Msg] DetachableJoint subscribing to messages on [/Vessel_A/detach]
(2023-03-12T02:26:05.753215170) (2023-03-12T02:26:05.753234000) [Msg] Address [base_station/target] bound to model [base_station] on topic [base_station/target]
(2023-03-12T02:26:05.753324529) (2023-03-12T02:26:05.753343129) [Dbg] [CommsEndpoint.cc:89] Succesfuly bound to [base_station/target] on topic [base_station/target]
(2023-03-12T02:26:05.753483538) (2023-03-12T02:26:05.753501578) [Msg] Address [base_station/video] bound to model [base_station] on topic [base_station/video]
(2023-03-12T02:26:05.753588147) (2023-03-12T02:26:05.753604977) [Dbg] [CommsEndpoint.cc:89] Succesfuly bound to [base_station/video] on topic [base_station/video]
(2023-03-12T02:26:05.826060365) (2023-03-12T02:26:05.826076135) [Dbg] [Physics.cc:1593] Creating detachable joint [170]
(2023-03-12T02:26:05.826228804) (2023-03-12T02:26:05.826238664) [Dbg] [Physics.cc:1593] Creating detachable joint [171]
(2023-03-12T02:26:05.826357033) (2023-03-12T02:26:05.826366132) [Dbg] [Physics.cc:1593] Creating detachable joint [172]
(2023-03-12T02:26:05.826652430) (2023-03-12T02:26:05.826662040) [Dbg] [Physics.cc:1593] Creating detachable joint [173]
(2023-03-12T02:26:05.827831760) (2023-03-12T02:26:05.827841210) [Dbg] [SimulationFeatures.cc:63] Simulation timestep set to: 0.004
(2023-03-12T02:26:05.838624860) (2023-03-12T02:26:05.838653230) [Msg] Serving scene information on [/world/simple_demo/scene/info]
(2023-03-12T02:26:05.838872588) (2023-03-12T02:26:05.838899408) [Msg] Serving graph information on [/world/simple_demo/scene/graph]
(2023-03-12T02:26:05.839093926) (2023-03-12T02:26:05.839119196) [Msg] Serving full state on [/world/simple_demo/state]
(2023-03-12T02:26:05.839305524) (2023-03-12T02:26:05.839358514) [Msg] Serving full state (async) on [/world/simple_demo/state_async]
(2023-03-12T02:26:05.839580672) (2023-03-12T02:26:05.839603722) [Msg] Publishing scene information on [/world/simple_demo/scene/info]
(2023-03-12T02:26:05.839820920) (2023-03-12T02:26:05.839839980) [Msg] Publishing entity deletions on [/world/simple_demo/scene/deletion]
(2023-03-12T02:26:05.840018839) (2023-03-12T02:26:05.840045668) [Msg] Publishing state changes on [/world/simple_demo/state]
(2023-03-12T02:26:05.840206707) (2023-03-12T02:26:05.840225627) [Msg] Publishing pose messages on [/world/simple_demo/pose/info]
(2023-03-12T02:26:05.840386795) (2023-03-12T02:26:05.840413655) [Msg] Publishing dynamic pose messages on [/world/simple_demo/dynamic_pose/info]
(2023-03-12T02:26:05.840692953) (2023-03-12T02:26:05.840721013) [Wrn] [Model.hh:69] Skipping serialization / deserialization for models with //pose/@relative_to attribute.
(2023-03-12T02:26:05.840837552) (2023-03-12T02:26:05.840863651) [Dbg] [EntityComponentManager.cc:1587] Updated state thread iterators: 24 threads processing around 8 entities each.
(2023-03-12T02:26:05.841673635) (2023-03-12T02:26:05.841695305) [Wrn] [Component.hh:144] Trying to serialize component with data type [N3sdf3v125WorldE], which doesn't have `operator<<`. Component will not be serialized.
(2023-03-12T02:26:05.868134316) (2023-03-12T02:26:05.868156696) [Dbg] [EntityComponentManager.cc:1587] Updated state thread iterators: 24 threads processing around 8 entities each.
(2023-03-12T02:26:22.394574479) (2023-03-12T02:26:22.394587448) [Msg] Linear velocity initialized to [0 0 0]
(2023-03-12T02:26:22.394643408) (2023-03-12T02:26:22.394654998) [Msg] Angular velocity initialized to [0 0 0]
(2023-03-12T02:26:22.394860416) (2023-03-12T02:26:22.394873986) [Msg] VelocityControl subscribing to twist messages on [/model/usv/cmd_vel]
(2023-03-12T02:26:22.394922956) (2023-03-12T02:26:22.394935716) [Dbg] [SystemManager.cc:58] Loaded system [ignition::gazebo::systems::VelocityControl] for entity [174]
(2023-03-12T02:26:22.396128106) (2023-03-12T02:26:22.396141626) [Dbg] [OdometryPublisher.cc:191] OdometryPublisher system plugin missing <dimensions>, defaults to "2"
(2023-03-12T02:26:22.396313025) (2023-03-12T02:26:22.396324275) [Msg] OdometryPublisher publishing odometry on [/model/usv/odometry]
(2023-03-12T02:26:22.396442274) (2023-03-12T02:26:22.396456354) [Msg] OdometryPublisher publishing odometry with covariance on [/model/usv/odometry_with_covariance]
(2023-03-12T02:26:22.396578863) (2023-03-12T02:26:22.396593273) [Msg] OdometryPublisher publishing Pose_V (TF) on [/model/usv/pose]
(2023-03-12T02:26:22.396638242) (2023-03-12T02:26:22.396646812) [Dbg] [SystemManager.cc:58] Loaded system [ignition::gazebo::systems::OdometryPublisher] for entity [174]
(2023-03-12T02:26:22.398091141) (2023-03-12T02:26:22.398102401) [Msg] Thruster listening to commands in [/model/usv/joint/left_engine_propeller_joint/cmd_thrust]
(2023-03-12T02:26:22.398186990) (2023-03-12T02:26:22.398197130) [Dbg] [Thruster.cc:288] Using velocity control for propeller joint.
(2023-03-12T02:26:22.398224920) (2023-03-12T02:26:22.398234570) [Dbg] [SystemManager.cc:58] Loaded system [ignition::gazebo::systems::Thruster] for entity [174]
(2023-03-12T02:26:22.399478660) (2023-03-12T02:26:22.399489900) [Dbg] [JointPositionController.cc:205] [JointPositionController] system parameters:
(2023-03-12T02:26:22.399516880) (2023-03-12T02:26:22.399525359) [Dbg] [JointPositionController.cc:206] p_gain: [1]
(2023-03-12T02:26:22.399558139) (2023-03-12T02:26:22.399566449) [Dbg] [JointPositionController.cc:207] i_gain: [0.1]
(2023-03-12T02:26:22.399597509) (2023-03-12T02:26:22.399606889) [Dbg] [JointPositionController.cc:208] d_gain: [0.01]
(2023-03-12T02:26:22.399635069) (2023-03-12T02:26:22.399644129) [Dbg] [JointPositionController.cc:209] i_max: [1]
(2023-03-12T02:26:22.399674718) (2023-03-12T02:26:22.399707938) [Dbg] [JointPositionController.cc:210] i_min: [-1]
(2023-03-12T02:26:22.399741268) (2023-03-12T02:26:22.399750548) [Dbg] [JointPositionController.cc:211] cmd_max: [1000]
(2023-03-12T02:26:22.399791307) (2023-03-12T02:26:22.399799577) [Dbg] [JointPositionController.cc:212] cmd_min: [-1000]
(2023-03-12T02:26:22.399828577) (2023-03-12T02:26:22.399837677) [Dbg] [JointPositionController.cc:213] cmd_offset: [0]
(2023-03-12T02:26:22.399867847) (2023-03-12T02:26:22.399876737) [Dbg] [JointPositionController.cc:214] Topic: [usv/left/thruster/joint/cmd_pos]
(2023-03-12T02:26:22.399907126) (2023-03-12T02:26:22.399916256) [Dbg] [JointPositionController.cc:215] initial_position: [0]
(2023-03-12T02:26:22.399950266) (2023-03-12T02:26:22.399958646) [Dbg] [SystemManager.cc:58] Loaded system [ignition::gazebo::systems::JointPositionController] for entity [174]
(2023-03-12T02:26:22.400298653) (2023-03-12T02:26:22.400309343) [Msg] Thruster listening to commands in [/model/usv/joint/right_engine_propeller_joint/cmd_thrust]
(2023-03-12T02:26:22.400365253) (2023-03-12T02:26:22.400374462) [Dbg] [Thruster.cc:288] Using velocity control for propeller joint.
(2023-03-12T02:26:22.400401052) (2023-03-12T02:26:22.400409322) [Dbg] [SystemManager.cc:58] Loaded system [ignition::gazebo::systems::Thruster] for entity [174]
(2023-03-12T02:26:22.400677220) (2023-03-12T02:26:22.400688130) [Dbg] [JointPositionController.cc:205] [JointPositionController] system parameters:
(2023-03-12T02:26:22.400711220) (2023-03-12T02:26:22.400719330) [Dbg] [JointPositionController.cc:206] p_gain: [1]
(2023-03-12T02:26:22.400749729) (2023-03-12T02:26:22.400757419) [Dbg] [JointPositionController.cc:207] i_gain: [0.1]
(2023-03-12T02:26:22.400785639) (2023-03-12T02:26:22.400793489) [Dbg] [JointPositionController.cc:208] d_gain: [0.01]
(2023-03-12T02:26:22.400819679) (2023-03-12T02:26:22.400828419) [Dbg] [JointPositionController.cc:209] i_max: [1]
(2023-03-12T02:26:22.400858408) (2023-03-12T02:26:22.400868498) [Dbg] [JointPositionController.cc:210] i_min: [-1]
(2023-03-12T02:26:22.400898348) (2023-03-12T02:26:22.400907028) [Dbg] [JointPositionController.cc:211] cmd_max: [1000]
(2023-03-12T02:26:22.400936068) (2023-03-12T02:26:22.400945758) [Dbg] [JointPositionController.cc:212] cmd_min: [-1000]
(2023-03-12T02:26:22.400975957) (2023-03-12T02:26:22.400985177) [Dbg] [JointPositionController.cc:213] cmd_offset: [0]
(2023-03-12T02:26:22.401013747) (2023-03-12T02:26:22.401023377) [Dbg] [JointPositionController.cc:214] Topic: [usv/right/thruster/joint/cmd_pos]
(2023-03-12T02:26:22.401056767) (2023-03-12T02:26:22.401067737) [Dbg] [JointPositionController.cc:215] initial_position: [0]
(2023-03-12T02:26:22.401100616) (2023-03-12T02:26:22.401109986) [Dbg] [SystemManager.cc:58] Loaded system [ignition::gazebo::systems::JointPositionController] for entity [174]
(2023-03-12T02:26:22.401353924) (2023-03-12T02:26:22.401364804) [Msg] Using Pierson-Moskowitz spectrum sampling wavefield model 
(2023-03-12T02:26:22.401501503) (2023-03-12T02:26:22.401511633) [Msg] Using Pierson-Moskowitz spectrum sampling wavefield model 
(2023-03-12T02:26:22.401580642) (2023-03-12T02:26:22.401590222) [Msg] Input Parameters:
(2023-03-12T02:26:22.401612712) (2023-03-12T02:26:22.401623752) [Msg] model:     PMS
(2023-03-12T02:26:22.401652342) (2023-03-12T02:26:22.401661882) [Msg] number:     3
(2023-03-12T02:26:22.401686802) (2023-03-12T02:26:22.401694611) [Msg] scale:      1.1
(2023-03-12T02:26:22.401722571) (2023-03-12T02:26:22.401731841) [Msg] angle:      0.4
(2023-03-12T02:26:22.401755121) (2023-03-12T02:26:22.401765481) [Msg] steepness:  0
(2023-03-12T02:26:22.401792911) (2023-03-12T02:26:22.401802531) [Msg] amplitude:  0
(2023-03-12T02:26:22.401825830) (2023-03-12T02:26:22.401833700) [Msg] period:     5
(2023-03-12T02:26:22.401856880) (2023-03-12T02:26:22.401867300) [Msg] direction:  1 0
(2023-03-12T02:26:22.401899700) (2023-03-12T02:26:22.401909400) [Msg] tau:  2
(2023-03-12T02:26:22.401932439) (2023-03-12T02:26:22.401940469) [Msg] gain:  0.3
(2023-03-12T02:26:22.401969629) (2023-03-12T02:26:22.401977979) [Msg] Derived Parameters:
(2023-03-12T02:26:22.402003569) (2023-03-12T02:26:22.402015099) [Msg] amplitudes:  0.0363502, 0.0392277, 0.0385703, 
(2023-03-12T02:26:22.402072498) (2023-03-12T02:26:22.402081428) [Msg] wavenumbers: 0.133171, 0.161136, 0.194975, 
(2023-03-12T02:26:22.402122738) (2023-03-12T02:26:22.402131938) [Msg] omegas:      1.1424, 1.25664, 1.3823, 
(2023-03-12T02:26:22.402174177) (2023-03-12T02:26:22.402182967) [Msg] periods:     (2023-03-12T02:26:22.402199087) (2023-03-12T02:26:22.402208117) [Msg] 5.5, (2023-03-12T02:26:22.402228777) (2023-03-12T02:26:22.402237507) [Msg] 5, (2023-03-12T02:26:22.402256597) (2023-03-12T02:26:22.402264447) [Msg] 4.54545, (2023-03-12T02:26:22.402284797) (2023-03-12T02:26:22.402292866) [Msg] 
(2023-03-12T02:26:22.402307806) (2023-03-12T02:26:22.402315356) [Msg] phases:      0, 0, 0, 
(2023-03-12T02:26:22.402359296) (2023-03-12T02:26:22.402367716) [Msg] steepnesses: 0, 0, 0, 
(2023-03-12T02:26:22.402411005) (2023-03-12T02:26:22.402418775) [Msg] directions:  (2023-03-12T02:26:22.402434465) (2023-03-12T02:26:22.402443015) [Msg] 0.921061 -0.389418; (2023-03-12T02:26:22.402470545) (2023-03-12T02:26:22.402480045) [Msg] 1 0; (2023-03-12T02:26:22.402506045) (2023-03-12T02:26:22.402513975) [Msg] 0.921061 0.389418; (2023-03-12T02:26:22.402548214) (2023-03-12T02:26:22.402560354) [Msg] 
(2023-03-12T02:26:22.402591964) (2023-03-12T02:26:22.402603344) [Dbg] [Surface.cc:161] Surface plugin successfully configured with the following parameters:
(2023-03-12T02:26:22.402628614) (2023-03-12T02:26:22.402636804) [Dbg] [Surface.cc:163]   <link_name>: base_link
(2023-03-12T02:26:22.402660683) (2023-03-12T02:26:22.402668563) [Dbg] [Surface.cc:164]   <vehicle_length>: 6
(2023-03-12T02:26:22.402691963) (2023-03-12T02:26:22.402699673) [Dbg] [Surface.cc:165]   <vehicle_width>: 3.3
(2023-03-12T02:26:22.402724463) (2023-03-12T02:26:22.402732073) [Dbg] [Surface.cc:166]   <hull_radius>: 0.27
(2023-03-12T02:26:22.402756883) (2023-03-12T02:26:22.402764503) [Dbg] [Surface.cc:167]   <num_samples>: 2
(2023-03-12T02:26:22.402789492) (2023-03-12T02:26:22.402797772) [Dbg] [Surface.cc:168]   <fluid_level>: 0.45
(2023-03-12T02:26:22.402821982) (2023-03-12T02:26:22.402829772) [Dbg] [Surface.cc:169]   <fluid_density>: 997.774
(2023-03-12T02:26:22.402856812) (2023-03-12T02:26:22.402864632) [Dbg] [SystemManager.cc:58] Loaded system [ignition::gazebo::systems::Surface] for entity [174]
(2023-03-12T02:26:22.403186459) (2023-03-12T02:26:22.403197259) [Dbg] [SimpleHydrodynamics.cc:167] SimpleHydrodynamics plugin successfully configured with the following parameters:
(2023-03-12T02:26:22.403224529) (2023-03-12T02:26:22.403232619) [Dbg] [SimpleHydrodynamics.cc:169]   <link_name>: base_link
(2023-03-12T02:26:22.403258378) (2023-03-12T02:26:22.403267468) [Dbg] [SimpleHydrodynamics.cc:170]   <xDotU>: 0
(2023-03-12T02:26:22.403293648) (2023-03-12T02:26:22.403302758) [Dbg] [SimpleHydrodynamics.cc:171]   <yDotV>: 0
(2023-03-12T02:26:22.403327758) (2023-03-12T02:26:22.403336918) [Dbg] [SimpleHydrodynamics.cc:172]   <zDotW>: 0.1
(2023-03-12T02:26:22.403361718) (2023-03-12T02:26:22.403371797) [Dbg] [SimpleHydrodynamics.cc:173]   <kDotP>: 0.1
(2023-03-12T02:26:22.403397827) (2023-03-12T02:26:22.403406537) [Dbg] [SimpleHydrodynamics.cc:174]   <mDotQ>: 0.1
(2023-03-12T02:26:22.403429197) (2023-03-12T02:26:22.403437147) [Dbg] [SimpleHydrodynamics.cc:175]   <nDotR>: 0
(2023-03-12T02:26:22.403462177) (2023-03-12T02:26:22.403470407) [Dbg] [SimpleHydrodynamics.cc:176]   <xU>: 51.3
(2023-03-12T02:26:22.403495686) (2023-03-12T02:26:22.403505096) [Dbg] [SimpleHydrodynamics.cc:177]   <xUU>: 72.4
(2023-03-12T02:26:22.403533276) (2023-03-12T02:26:22.403542276) [Dbg] [SimpleHydrodynamics.cc:178]   <yV>: 40
(2023-03-12T02:26:22.403568886) (2023-03-12T02:26:22.403577686) [Dbg] [SimpleHydrodynamics.cc:179]   <yVV>: 0
(2023-03-12T02:26:22.403603006) (2023-03-12T02:26:22.403612435) [Dbg] [SimpleHydrodynamics.cc:180]   <zW>: 500
(2023-03-12T02:26:22.403638735) (2023-03-12T02:26:22.403647345) [Dbg] [SimpleHydrodynamics.cc:181]   <zWW>: 0
(2023-03-12T02:26:22.403672575) (2023-03-12T02:26:22.403682165) [Dbg] [SimpleHydrodynamics.cc:182]   <kP>: 100
(2023-03-12T02:26:22.403726865) (2023-03-12T02:26:22.403737024) [Dbg] [SimpleHydrodynamics.cc:183]   <kPP>: 0
(2023-03-12T02:26:22.403767194) (2023-03-12T02:26:22.403775484) [Dbg] [SimpleHydrodynamics.cc:184]   <mQ>: 100
(2023-03-12T02:26:22.403804414) (2023-03-12T02:26:22.403812054) [Dbg] [SimpleHydrodynamics.cc:185]   <mQQ>: 0
(2023-03-12T02:26:22.403834724) (2023-03-12T02:26:22.403843344) [Dbg] [SimpleHydrodynamics.cc:186]   <nR>: 400
(2023-03-12T02:26:22.403872513) (2023-03-12T02:26:22.403879943) [Dbg] [SimpleHydrodynamics.cc:187]   <nRR>: 0
(2023-03-12T02:26:22.403920213) (2023-03-12T02:26:22.403932883) [Dbg] [SystemManager.cc:58] Loaded system [ignition::gazebo::systems::SimpleHydrodynamics] for entity [174]
(2023-03-12T02:26:22.405319872) (2023-03-12T02:26:22.405332602) [Dbg] [SystemManager.cc:58] Loaded system [ignition::gazebo::systems::PosePublisher] for entity [174]
(2023-03-12T02:26:22.405569280) (2023-03-12T02:26:22.405579020) [Msg] EntityDetector publishing messages on [/mbzirc/target_object_detector/placed]
(2023-03-12T02:26:22.405728729) (2023-03-12T02:26:22.405738349) [Dbg] [SystemManager.cc:58] Loaded system [mbzirc::EntityDetector] for entity [174]
(2023-03-12T02:26:22.405948997) (2023-03-12T02:26:22.405959137) [Msg] EntityDetector publishing messages on [/mbzirc/target_object_detector/placed]
(2023-03-12T02:26:22.406105816) (2023-03-12T02:26:22.406115146) [Dbg] [SystemManager.cc:58] Loaded system [mbzirc::EntityDetector] for entity [174]
(2023-03-12T02:26:22.406330634) (2023-03-12T02:26:22.406340084) [Msg] EntityDetector publishing messages on [/mbzirc/target_object_detector/placed]
(2023-03-12T02:26:22.406484473) (2023-03-12T02:26:22.406493983) [Dbg] [SystemManager.cc:58] Loaded system [mbzirc::EntityDetector] for entity [174]
(2023-03-12T02:26:22.406707251) (2023-03-12T02:26:22.406716591) [Msg] EntityDetector publishing messages on [/mbzirc/target_object_detector/placed]
(2023-03-12T02:26:22.406862530) (2023-03-12T02:26:22.406871860) [Dbg] [SystemManager.cc:58] Loaded system [mbzirc::EntityDetector] for entity [174]
(2023-03-12T02:26:22.407066918) (2023-03-12T02:26:22.407077108) [Dbg] [SystemManager.cc:58] Loaded system [ignition::gazebo::systems::CommsEndpoint] for entity [174]
(2023-03-12T02:26:22.407514195) (2023-03-12T02:26:22.407524775) [Dbg] [UserCommands.cc:1303] Created entity [174] named [usv]
(2023-03-12T02:26:22.416625053) (2023-03-12T02:26:22.416654063) [Dbg] [Sensors.cc:584] Initialization needed
(2023-03-12T02:26:22.416742792) (2023-03-12T02:26:22.416764222) [Dbg] [Sensors.cc:240] Initializing render context
(2023-03-12T02:26:22.416893831) (2023-03-12T02:26:22.416911860) [Msg] Loading plugin [ignition-rendering-ogre2]
(2023-03-12T02:26:22.417363867) (2023-03-12T02:26:22.417390857) [Dbg] [ImuSensor.cc:148] IMU data for [usv::base_link::imu_sensor] advertised on [world/simple_demo/model/usv/link/base_link/sensor/imu_sensor/imu]
(2023-03-12T02:26:22.417634165) (2023-03-12T02:26:22.417666135) [Dbg] [GameLogicPlugin.cc:1991] New Competitor Platform: usv with 0sensors
(((2023-03-12T02:26:22.419537260) ) ((((2023-03-12T02:26:22.4195171802023-03-12T02:26:22.419602739) (2023-03-12T02:26:22.419626859) ) ) (2023-03-12T02:26:22.419673879) ((2023-03-12T02:26:22.419707828) (2023-03-12T02:26:22.419734278) (2023-03-12T02:26:22.419585509) (2023-03-12T02:26:22.419815308) ((((2023-03-12T02:26:22.4198756772023-03-12T02:26:22.4198756772023-03-12T02:26:22.4198960072023-03-12T02:26:22.419908277) (() (2023-03-12T02:26:22.419955316) 2023-03-12T02:26:22.419927997) ) (2023-03-12T02:26:22.420014366) 2023-03-12T02:26:22.419882927) ) [Dbg] [SimulationRunner.cc:518] (2023-03-12T02:26:22.4197688882023-03-12T02:26:22.420117425) Exiting postupdate worker thread (102023-03-12T02:26:22.419661419)) (2023-03-12T02:26:22.420202375) ) (2023-03-12T02:26:22.420239874) ) (2023-03-12T02:26:22.4201667352023-03-12T02:26:22.420288484) )[Dbg] [SimulationRunner.cc:518] [Dbg] [SimulationRunner.cc:518] ) ()[Dbg] [SimulationRunner.cc:518] [Dbg] [SimulationRunner.cc:518] [Dbg] [SimulationRunner.cc:518] ) Exiting postupdate worker thread (3)
[Dbg] [SimulationRunner.cc:518] Exiting postupdate worker thread (8)
[Dbg] [SimulationRunner.cc:518] [Dbg] [SimulationRunner.cc:518] Exiting postupdate worker thread (6)
Exiting postupdate worker thread (2)
Exiting postupdate worker thread (1111[Dbg] [SimulationRunner.cc:518] 
)
)Exiting postupdate worker thread (Exiting postupdate worker thread (4)

Exiting postupdate worker thread (Exiting postupdate worker thread (Exiting postupdate worker thread (00)
)
5
51)
9)

(2023-03-12T02:26:22.421337646) (2023-03-12T02:26:22.421354645) [Dbg] [SimulationRunner.cc:491] Creating PostUpdate worker threads: 22
(2023-03-12T02:26:22.421399645) (2023-03-12T02:26:22.421413235) [Dbg] [SimulationRunner.cc:502] Creating postupdate worker thread (0)
(2023-03-12T02:26:22.421484604) (2023-03-12T02:26:22.421499574) [Dbg] [SimulationRunner.cc:502] Creating postupdate worker thread (1)
(2023-03-12T02:26:22.421559984) (2023-03-12T02:26:22.421572884) [Dbg] [SimulationRunner.cc:502] Creating postupdate worker thread (2)
(2023-03-12T02:26:22.421646773) (2023-03-12T02:26:22.421659693) [Dbg] [SimulationRunner.cc:502] Creating postupdate worker thread (3)
(2023-03-12T02:26:22.421721393) (2023-03-12T02:26:22.421734682) [Dbg] [SimulationRunner.cc:502] Creating postupdate worker thread (4)
(2023-03-12T02:26:22.421809812) (2023-03-12T02:26:22.421823172) [Dbg] [SimulationRunner.cc:502] Creating postupdate worker thread (5)
(2023-03-12T02:26:22.421891971) (2023-03-12T02:26:22.421906131) [Dbg] [SimulationRunner.cc:502] Creating postupdate worker thread (6)
(2023-03-12T02:26:22.421981430) (2023-03-12T02:26:22.421995630) [Dbg] [SimulationRunner.cc:502] Creating postupdate worker thread (7)
(2023-03-12T02:26:22.422065840) (2023-03-12T02:26:22.422093050) [Dbg] [SimulationRunner.cc:502] Creating postupdate worker thread (8)
(2023-03-12T02:26:22.422166829) (2023-03-12T02:26:22.422180809) [Dbg] [SimulationRunner.cc:502] Creating postupdate worker thread (9)
(2023-03-12T02:26:22.422254898) (2023-03-12T02:26:22.422268598) [Dbg] [SimulationRunner.cc:502] Creating postupdate worker thread (10)
(2023-03-12T02:26:22.422339818) (2023-03-12T02:26:22.422354678) [Dbg] [SimulationRunner.cc:502] Creating postupdate worker thread (11)
(2023-03-12T02:26:22.422425667) (2023-03-12T02:26:22.422439337) [Dbg] [SimulationRunner.cc:502] Creating postupdate worker thread (12)
(2023-03-12T02:26:22.422506836) (2023-03-12T02:26:22.422520046) [Dbg] [SimulationRunner.cc:502] Creating postupdate worker thread (13)
(2023-03-12T02:26:22.422589086) (2023-03-12T02:26:22.422603116) [Dbg] [SimulationRunner.cc:502] Creating postupdate worker thread (14)
(2023-03-12T02:26:22.422672355) (2023-03-12T02:26:22.422685475) [Dbg] [SimulationRunner.cc:502] Creating postupdate worker thread (15)
(2023-03-12T02:26:22.422753374) (2023-03-12T02:26:22.422767824) [Dbg] [SimulationRunner.cc:502] Creating postupdate worker thread (16)
(2023-03-12T02:26:22.422849534) (2023-03-12T02:26:22.422863983) [Dbg] [SimulationRunner.cc:502] Creating postupdate worker thread (17)
(2023-03-12T02:26:22.422946113) (2023-03-12T02:26:22.422958543) [Dbg] [SimulationRunner.cc:502] Creating postupdate worker thread (18)
(2023-03-12T02:26:22.423034872) (2023-03-12T02:26:22.423049072) [Dbg] [SimulationRunner.cc:502] Creating postupdate worker thread (19)
(2023-03-12T02:26:22.423127791) (2023-03-12T02:26:22.423142041) [Dbg] [SimulationRunner.cc:502] Creating postupdate worker thread (20)
(2023-03-12T02:26:22.423753996) (2023-03-12T02:26:22.423770376) [Msg] Address [usv] bound to model [usv] on topic [model/usv/rx]
(2023-03-12T02:26:22.423838076) (2023-03-12T02:26:22.423850966) [Dbg] [CommsEndpoint.cc:89] Succesfuly bound to [usv] on topic [model/usv/rx]
(2023-03-12T02:26:22.846123090) (2023-03-12T02:26:22.846135720) [Dbg] [RenderUtil.cc:2529] Create scene [scene]
(2023-03-12T02:26:22.885289718) (2023-03-12T02:26:22.885304508) [Dbg] [Sensors.cc:254] Rendering Thread initialized
(2023-03-12T02:26:22.889726912) (2023-03-12T02:26:22.889737892) [Wrn] [Ogre2Heightmap.cc:125] Heightmap final sampling should be 2^n
 which differs from ogre1's 2^n+1
The last row and column will be cropped
size = (width * sampling) - sampling + 1
[257] = ([257] * [1]) - [1] + 1
(2023-03-12T02:26:22.894134717) (2023-03-12T02:26:22.894146717) [Msg] Loading heightmap: scene::Heightmap(65478)
(2023-03-12T02:26:22.894175787) (2023-03-12T02:26:22.894185817) [Msg] Heightmap loaded. Process took 0 ms.
(2023-03-12T02:26:26.776174614) (2023-03-12T02:26:26.776192674) [Dbg] [Ogre2ParticleEmitter.cc:514] Particle emitter initialized
(2023-03-12T02:26:26.776383312) (2023-03-12T02:26:26.776397922) [Dbg] [Ogre2ParticleEmitter.cc:514] Particle emitter initialized
(2023-03-12T02:26:26.776613921) (2023-03-12T02:26:26.776629900) [Dbg] [Ogre2ParticleEmitter.cc:514] Particle emitter initialized
(2023-03-12T02:26:27.347887524) (2023-03-12T02:26:27.347905884) [Dbg] [Ogre2ParticleEmitter.cc:514] Particle emitter initialized
(2023-03-12T02:26:27.348097252) (2023-03-12T02:26:27.348108142) [Dbg] [Ogre2ParticleEmitter.cc:514] Particle emitter initialized
(2023-03-12T02:26:27.348243091) (2023-03-12T02:26:27.348253341) [Dbg] [Ogre2ParticleEmitter.cc:514] Particle emitter initialized
(2023-03-12T02:26:27.359481834) (2023-03-12T02:26:27.359497784) [Dbg] [Lidar.cc:122] Laser scans for [usv::sensor_6::sensor_link::lidar] advertised on [world/simple_demo/model/usv/model/sensor_6/link/sensor_link/sensor/lidar/scan]
(2023-03-12T02:26:27.359774452) (2023-03-12T02:26:27.359786402) [Dbg] [GpuLidarSensor.cc:164] Lidar points for [usv::sensor_6::sensor_link::lidar] advertised on [world/simple_demo/model/usv/model/sensor_6/link/sensor_link/sensor/lidar/scan/points]
(2023-03-12T02:26:27.360060750) (2023-03-12T02:26:27.360075530) [Msg] Loading plugin [ignition-rendering-ogre2]
(2023-03-12T02:26:27.513932833) (2023-03-12T02:26:27.513964432) [Dbg] [EntityComponentManager.cc:1587] Updated state thread iterators: 24 threads processing around 10 entities each.
(2023-03-12T02:26:55.373283038) (2023-03-12T02:26:55.373310698) [Msg] Scoring has Started
(2023-03-12T02:26:55.373707745) (2023-03-12T02:26:55.373736265) [Err] [GameLogicPlugin.cc:2121] Invalid configuration detected: 
[usv] Initial Position (10 40 0.299843) is not in the starting area -15 -15 -5 15 15 5
(2023-03-12T02:27:53.679918306) (2023-03-12T02:27:53.679939746) [Dbg] [SignalHandler.cc:141] Received signal[2].
(2023-03-12T02:27:53.679988695) (2023-03-12T02:27:53.680001195) [Dbg] [ServerPrivate.cc:110] Server received signal[2]
(2023-03-12T02:27:53.680041875) (2023-03-12T02:27:53.680054845) [Dbg] [Sensors.cc:406] SensorsPrivate::Stop
(2023-03-12T02:27:53.681718724) (2023-03-12T02:27:53.681736594) [Dbg] [Sensors.cc:392] SensorsPrivate::RenderThread stopped
(2023-03-12T02:27:53.685556920) (2023-03-12T02:27:53.685583930) [Dbg] [ign.cc:410] Shutting down ign-gazebo-server
((((2023-03-12T02:27:53.688744820) (2023-03-12T02:27:53.688771560) ([Dbg] [SimulationRunner.cc:518] (Exiting postupdate worker thread (14()) (2023-03-12T02:27:53.688862370) ((2023-03-12T02:27:53.688915489) (2023-03-12T02:27:53.688939319) (2023-03-12T02:27:53.688978279) (2023-03-12T02:27:53.688999559) ((2023-03-12T02:27:53.689040999) (2023-03-12T02:27:53.689084578) (2023-03-12T02:27:53.689109848) 2023-03-12T02:27:53.689003359) (2023-03-12T02:27:53.689159968) ) ((
) ((
) ((
2023-03-12T02:27:53.688883890) (2023-03-12T02:27:53.689230457) 2023-03-12T02:27:53.689248677) (2023-03-12T02:27:53.689279107) (2023-03-12T02:27:53.689126158) (2023-03-12T02:27:53.6891643782023-03-12T02:27:53.6893614672023-03-12T02:27:53.6891643782023-03-12T02:27:53.689361467) ((2023-03-12T02:27:53.689400946) ) 2023-03-12T02:27:53.689326697) 2023-03-12T02:27:53.689326697) () ) (2023-03-12T02:27:53.689497456) [Dbg] [SimulationRunner.cc:518] 2023-03-12T02:27:53.689003769) () 2023-03-12T02:27:53.689599415) (2023-03-12T02:27:53.689640015) 2023-03-12T02:27:53.689573025) 2023-03-12T02:27:53.689604365) (2023-03-12T02:27:53.6897106242023-03-12T02:27:53.6897106242023-03-12T02:27:53.689721414) [Dbg] [SimulationRunner.cc:518] [Dbg] [SimulationRunner.cc:518] 2023-03-12T02:27:53.689197558) 2023-03-12T02:27:53.688960159) (2023-03-12T02:27:53.6895925052023-03-12T02:27:53.6895925052023-03-12T02:27:53.689778654) (2023-03-12T02:27:53.689778404) ) (2023-03-12T02:27:53.6898411042023-03-12T02:27:53.689879763) Exiting postupdate worker thread (Exiting postupdate worker thread () ) (2023-03-12T02:27:53.689958353) 202023-03-12T02:27:53.689906373) 
Exiting postupdate worker thread (12)
[Dbg] [SimulationRunner.cc:518] Exiting postupdate worker thread (10[Dbg] [SimulationRunner.cc:518] )
[Dbg] [SimulationRunner.cc:518] [Dbg] [SimulationRunner.cc:518] Exiting postupdate worker thread (Exiting postupdate worker thread (17)
[Dbg] [SimulationRunner.cc:518] [Dbg] [SimulationRunner.cc:518] [Dbg] [SimulationRunner.cc:518] [Dbg] [SimulationRunner.cc:518] [Dbg] [SimulationRunner.cc:518] 11)
[Dbg] [SimulationRunner.cc:518] Exiting postupdate worker thread (18)
[Dbg] [SimulationRunner.cc:518] Exiting postupdate worker thread (5)
Exiting postupdate worker thread (4)
[Dbg] [SimulationRunner.cc:518] Exiting postupdate worker thread (2)
Exiting postupdate worker thread (Exiting postupdate worker thread ([Dbg] [SimulationRunner.cc:518] Exiting postupdate worker thread (0)
[Dbg] [SimulationRunner.cc:518] Exiting postupdate worker thread (6)
[Dbg] [SimulationRunner.cc:518] [Dbg] [SimulationRunner.cc:518] Exiting postupdate worker thread (19)
[Dbg] [SimulationRunner.cc:518] [Dbg] [SimulationRunner.cc:518] Exiting postupdate worker thread (8)
9)
Exiting postupdate worker thread (7)
Exiting postupdate worker thread ([Dbg] [SimulationRunner.cc:518] Exiting postupdate worker thread (1)
)Exiting postupdate worker thread (
Exiting postupdate worker thread (3)
[Dbg] [SimulationRunner.cc:518] 13)
16)
(2023-03-12T02:27:53.730153833) (2023-03-12T02:27:53.730169733) [Dbg] [Sensors.cc:406] SensorsPrivate::Stop
(2023-03-12T02:27:53.752153847) (2023-03-12T02:27:53.752167617) [Msg] Stopping recording
(2023-03-12T02:27:53.753165941) (2023-03-12T02:27:53.753186531) [Msg] Scoring has finished. Elapsed real time: 58 seconds. Elapsed sim time: 56 seconds. 
