(2023-05-19T12:03:22.918562764) (2023-05-19T12:03:22.918579594) [Msg] Ignition Gazebo Server v6.11.0
(2023-05-19T12:03:22.923292642) (2023-05-19T12:03:22.923313852) [Msg] Loading SDF world file[/home/developer/mbzirc_ws/install/share/mbzirc_ign/worlds/simple_demo.sdf].
(2023-05-19T12:03:23.250465192) (2023-05-19T12:03:23.250479212) [Msg] Serving entity system service on [/entity/system/add]
(2023-05-19T12:03:23.285511978) (2023-05-19T12:03:23.285527718) [Dbg] [Physics.cc:803] Loaded [ignition::physics::dartsim::Plugin] from library [/usr/lib/x86_64-linux-gnu/ign-physics-5/engine-plugins/libignition-physics-dartsim-plugin.so]
(2023-05-19T12:03:23.285584948) (2023-05-19T12:03:23.285594238) [Dbg] [SystemManager.cc:58] Loaded system [ignition::gazebo::systems::Physics] for entity [1]
(2023-05-19T12:03:23.287112621) (2023-05-19T12:03:23.287124121) [Msg] Create service on [/world/simple_demo/create]
(2023-05-19T12:03:23.287238761) (2023-05-19T12:03:23.287250691) [Msg] Remove service on [/world/simple_demo/remove]
(2023-05-19T12:03:23.287355641) (2023-05-19T12:03:23.287365981) [Msg] Pose service on [/world/simple_demo/set_pose]
(2023-05-19T12:03:23.287449971) (2023-05-19T12:03:23.287461041) [Msg] Pose service on [/world/simple_demo/set_pose_vector]
(2023-05-19T12:03:23.287577092) (2023-05-19T12:03:23.287588362) [Msg] Light configuration service on [/world/simple_demo/light_config]
(2023-05-19T12:03:23.287766702) (2023-05-19T12:03:23.287778282) [Msg] Physics service on [/world/simple_demo/set_physics]
(2023-05-19T12:03:23.287871692) (2023-05-19T12:03:23.287881522) [Msg] SphericalCoordinates service on [/world/simple_demo/set_spherical_coordinates]
(2023-05-19T12:03:23.287943662) (2023-05-19T12:03:23.287952962) [Msg] Enable collision service on [/world/simple_demo/enable_collision]
(2023-05-19T12:03:23.288017712) (2023-05-19T12:03:23.288027722) [Msg] Disable collision service on [/world/simple_demo/disable_collision]
(2023-05-19T12:03:23.288145743) (2023-05-19T12:03:23.288160413) [Msg] Material service on [/world/simple_demo/visual_config]
(2023-05-19T12:03:23.288251943) (2023-05-19T12:03:23.288261773) [Msg] Material service on [/world/simple_demo/wheel_slip]
(2023-05-19T12:03:23.288296383) (2023-05-19T12:03:23.288306303) [Dbg] [SystemManager.cc:58] Loaded system [ignition::gazebo::systems::UserCommands] for entity [1]
(2023-05-19T12:03:23.307474188) (2023-05-19T12:03:23.307485118) [Dbg] [Sensors.cc:479] Configuring Sensors system
(2023-05-19T12:03:23.307546268) (2023-05-19T12:03:23.307555188) [Dbg] [Sensors.cc:398] SensorsPrivate::Run
(2023-05-19T12:03:23.307627888) (2023-05-19T12:03:23.307639208) [Dbg] [SystemManager.cc:58] Loaded system [ignition::gazebo::systems::Sensors] for entity [12023-05-19T12:03:23.307668338) (2023-05-19T12:03:23.307712908) ]
[Dbg] [Sensors.cc:378] SensorsPrivate::RenderThread started
(2023-05-19T12:03:23.307777688) (2023-05-19T12:03:23.307792398) [Dbg] [Sensors.cc:228] Waiting for init
(2023-05-19T12:03:23.309147401) (2023-05-19T12:03:23.309159141) [Dbg] [SystemManager.cc:58] Loaded system [ignition::gazebo::systems::AirPressure] for entity [1]
(2023-05-19T12:03:23.310604114) (2023-05-19T12:03:23.310615164) [Dbg] [SystemManager.cc:58] Loaded system [ignition::gazebo::systems::Altimeter] for entity [1]
(2023-05-19T12:03:23.312086507) (2023-05-19T12:03:23.312097657) [Dbg] [SystemManager.cc:58] Loaded system [ignition::gazebo::systems::Imu] for entity [1]
(2023-05-19T12:03:23.313530009) (2023-05-19T12:03:23.313540999) [Dbg] [SystemManager.cc:58] Loaded system [ignition::gazebo::systems::Magnetometer] for entity [1]
(2023-05-19T12:03:23.314979342) (2023-05-19T12:03:23.314990582) [Dbg] [SystemManager.cc:58] Loaded system [ignition::gazebo::systems::ForceTorque] for entity [1]
(2023-05-19T12:03:23.316061154) (2023-05-19T12:03:23.316072004) [Msg] Serving particle emitter information on [/world/simple_demo/particle_emitters]
(2023-05-19T12:03:23.316120124) (2023-05-19T12:03:23.316128974) [Dbg] [SystemManager.cc:58] Loaded system [ignition::gazebo::systems::ParticleEmitter2] for entity [1]
(2023-05-19T12:03:23.317388536) (2023-05-19T12:03:23.317410326) [Dbg] [SystemManager.cc:58] Loaded system [ignition::gazebo::systems::SceneBroadcaster] for entity [1]
(2023-05-19T12:03:23.318371748) (2023-05-19T12:03:23.318382398) [Dbg] [SystemManager.cc:58] Loaded system [ignition::gazebo::systems::Contact] for entity [1]
(2023-05-19T12:03:23.319869881) (2023-05-19T12:03:23.319882471) [Dbg] [RFComms.cc:385] Range configuration:
RF Configuration (range-based)
-- max_range: 500000
-- fading_exponent: 2.6
-- l0: 40
-- sigma: 10

(2023-05-19T12:03:23.319974721) (2023-05-19T12:03:23.319983111) [Dbg] [RFComms.cc:388] Radio configuration:
Radio Configuration
-- capacity: 1e+06
-- tx_power: 25
-- noise_floor: -90
-- modulation: QPSK

(2023-05-19T12:03:23.320227362) (2023-05-19T12:03:23.320240942) [Dbg] [Broker.cc:113] Broker services:
(2023-05-19T12:03:23.320263912) (2023-05-19T12:03:23.320271552) [Dbg] [Broker.cc:114]   Bind: [/broker/bind]
(2023-05-19T12:03:23.320298912) (2023-05-19T12:03:23.320307502) [Dbg] [Broker.cc:115]   Unbind: [/broker/unbind]
(2023-05-19T12:03:23.320336922) (2023-05-19T12:03:23.320345982) [Dbg] [Broker.cc:116] Broker topics:
(2023-05-19T12:03:23.320368412) (2023-05-19T12:03:23.320376762) [Dbg] [Broker.cc:117]   Incoming messages: [/broker/msgs]
(2023-05-19T12:03:23.320409032) (2023-05-19T12:03:23.320417202) [Dbg] [SystemManager.cc:58] Loaded system [ignition::gazebo::systems::RFComms] for entity [1]
(2023-05-19T12:03:23.322663586) (2023-05-19T12:03:23.322676176) [Dbg] [RFRange.cc:339] RFRange sensor range configuration:
RF Configuration (range-based)
-- max_range: 500000
-- fading_exponent: 2.6
-- l0: 40
-- sigma: 0.005
-- rssi_1: -15

(2023-05-19T12:03:23.322781336) (2023-05-19T12:03:23.322791686) [Dbg] [RFRange.cc:342] RFRange sensor radio configuration:
Radio Configuration
-- tx_power: 25
-- noise_floor: -90

(2023-05-19T12:03:23.322867706) (2023-05-19T12:03:23.322877516) [Dbg] [SystemManager.cc:58] Loaded system [ignition::gazebo::systems::RFRange] for entity [1]
(2023-05-19T12:03:23.326302483) (2023-05-19T12:03:23.326313113) [Msg] Overwriting existing file [/tmp/ign/mbzirc/playback/state.tlog]
(2023-05-19T12:03:23.328692137) (2023-05-19T12:03:23.328702027) [Msg] Recording to log file [/tmp/ign/mbzirc/playback/state.tlog]
(2023-05-19T12:03:23.328734227) (2023-05-19T12:03:23.328743257) [Dbg] [LogRecord.cc:334] Recording default topic[/playback/sdf].
(2023-05-19T12:03:23.328767087) (2023-05-19T12:03:23.328775838) [Dbg] [LogRecord.cc:335] Recording default topic[/world/simple_demo/changed_state].
(2023-05-19T12:03:23.366967808) (2023-05-19T12:03:23.366990319) [Dbg] [SystemManager.cc:58] Loaded system [ignition::gazebo::systems::LogRecord] for entity [1]
(2023-05-19T12:03:23.369520254) (2023-05-19T12:03:23.369541804) [Dbg] [SystemManager.cc:58] Loaded system [ignition::gazebo::systems::WindEffects] for entity [1]
(2023-05-19T12:03:23.373190510) (2023-05-19T12:03:23.373202340) [Msg] MBZIRC log path: /tmp/ign/mbzirc/logs
(2023-05-19T12:03:23.373474071) (2023-05-19T12:03:23.373482681) [Msg] Run duration set to 3600 seconds.
(2023-05-19T12:03:23.373538901) (2023-05-19T12:03:23.373546961) [Msg] Geofence boundary min: -70 -70 -25, max: 70 70 121.92
(2023-05-19T12:03:23.373627511) (2023-05-19T12:03:23.373636411) [Msg] Start area boundary min: -15 -15 -5, max: 15 15 5
(2023-05-19T12:03:23.373708811) (2023-05-19T12:03:23.373717831) [Msg] Setup duration set to 600 seconds.
(2023-05-19T12:03:23.373747381) (2023-05-19T12:03:23.373756281) [Msg] Target vessel: Vessel A
(2023-05-19T12:03:23.373804971) (2023-05-19T12:03:23.373814091) [Msg]   Small object: small_blue_box_a
(2023-05-19T12:03:23.373841481) (2023-05-19T12:03:23.373851101) [Msg]   Small object: small_blue_box_a_duplicate
(2023-05-19T12:03:23.373876382) (2023-05-19T12:03:23.373884632) [Msg]   Large object: large_dry_box_a
(2023-05-19T12:03:23.373910622) (2023-05-19T12:03:23.373918872) [Msg]   Large object: large_dry_box_a_duplicate
(2023-05-19T12:03:23.375003003) (2023-05-19T12:03:23.375014323) [Msg] Starting MBZIRC
(2023-05-19T12:03:23.375118234) (2023-05-19T12:03:23.375127874) [Dbg] [SystemManager.cc:58] Loaded system [mbzirc::GameLogicPlugin] for entity [1]
(2023-05-19T12:03:23.380419244) (2023-05-19T12:03:23.380431424) [Msg] Using Pierson-Moskowitz spectrum sampling wavefield model 
(2023-05-19T12:03:23.380713154) (2023-05-19T12:03:23.380726324) [Msg] Using Pierson-Moskowitz spectrum sampling wavefield model 
(2023-05-19T12:03:23.818243829) (2023-05-19T12:03:23.818267979) [Msg] Input Parameters:
(2023-05-19T12:03:23.818315269) (2023-05-19T12:03:23.818330859) [Msg] model:     PMS
(2023-05-19T12:03:23.818383829) (2023-05-19T12:03:23.818403409) [Msg] number:     3
(2023-05-19T12:03:23.818451469) (2023-05-19T12:03:23.818467509) [Msg] scale:      1.1
(2023-05-19T12:03:23.818520889) (2023-05-19T12:03:23.818537439) [Msg] angle:      0.4
(2023-05-19T12:03:23.818586439) (2023-05-19T12:03:23.818602899) [Msg] steepness:  0
(2023-05-19T12:03:23.818651289) (2023-05-19T12:03:23.818667530) [Msg] amplitude:  0
(2023-05-19T12:03:23.818714500) (2023-05-19T12:03:23.818732070) [Msg] period:     5
(2023-05-19T12:03:23.818779380) (2023-05-19T12:03:23.818796260) [Msg] direction:  1 0
(2023-05-19T12:03:23.818871610) (2023-05-19T12:03:23.818888810) [Msg] tau:  2
(2023-05-19T12:03:23.818936170) (2023-05-19T12:03:23.818953090) [Msg] gain:  0.3
(2023-05-19T12:03:23.819001030) (2023-05-19T12:03:23.819018130) [Msg] Derived Parameters:
(2023-05-19T12:03:23.819057620) (2023-05-19T12:03:23.819074880) [Msg] amplitudes:  0.0363502, 0.0392277, 0.0385703, 
(2023-05-19T12:03:23.819192370) (2023-05-19T12:03:23.819211470) [Msg] wavenumbers: 0.133171, 0.161136, 0.194975, 
(2023-05-19T12:03:23.819353701) (2023-05-19T12:03:23.819372111) [Msg] omegas:      1.1424, 1.25664, 1.3823, 
(2023-05-19T12:03:23.819525361) (2023-05-19T12:03:23.819543581) [Msg] periods:     (2023-05-19T12:03:23.819593071) (2023-05-19T12:03:23.819610611) [Msg] 5.5, (2023-05-19T12:03:23.819655161) (2023-05-19T12:03:23.819671951) [Msg] 5, (2023-05-19T12:03:23.819712571) (2023-05-19T12:03:23.819725781) [Msg] 4.54545, (2023-05-19T12:03:23.819774512) (2023-05-19T12:03:23.819788622) [Msg] 
(2023-05-19T12:03:23.819817102) (2023-05-19T12:03:23.819830442) [Msg] phases:      0, 0, 0, 
(2023-05-19T12:03:23.819898622) (2023-05-19T12:03:23.819912512) [Msg] steepnesses: 0, 0, 0, 
(2023-05-19T12:03:23.819981222) (2023-05-19T12:03:23.819994942) [Msg] directions:  (2023-05-19T12:03:23.820027702) (2023-05-19T12:03:23.820042382) [Msg] 0.921061 -0.389418; (2023-05-19T12:03:23.820090422) (2023-05-19T12:03:23.820104872) [Msg] 1 0; (2023-05-19T12:03:23.820148082) (2023-05-19T12:03:23.820162772) [Msg] 0.921061 0.389418; (2023-05-19T12:03:23.820207252) (2023-05-19T12:03:23.820221482) [Msg] 
(2023-05-19T12:03:23.820843914) (2023-05-19T12:03:23.820859464) [Dbg] [SystemManager.cc:58] Loaded system [ignition::gazebo::systems::WaveVisual] for entity [23]
(2023-05-19T12:03:23.824474341) (2023-05-19T12:03:23.824491381) [Msg] Using Pierson-Moskowitz spectrum sampling wavefield model 
(2023-05-19T12:03:23.824776121) (2023-05-19T12:03:23.824792291) [Msg] Using Pierson-Moskowitz spectrum sampling wavefield model 
(2023-05-19T12:03:23.824855861) (2023-05-19T12:03:23.824868881) [Msg] Input Parameters:
(2023-05-19T12:03:23.824901911) (2023-05-19T12:03:23.824915181) [Msg] model:     PMS
(2023-05-19T12:03:23.824952722) (2023-05-19T12:03:23.824966762) [Msg] number:     3
(2023-05-19T12:03:23.825004762) (2023-05-19T12:03:23.825018022) [Msg] scale:      1.1
(2023-05-19T12:03:23.825059112) (2023-05-19T12:03:23.825071822) [Msg] angle:      0.4
(2023-05-19T12:03:23.825107162) (2023-05-19T12:03:23.825119552) [Msg] steepness:  0
(2023-05-19T12:03:23.825154922) (2023-05-19T12:03:23.825167172) [Msg] amplitude:  0
(2023-05-19T12:03:23.825201082) (2023-05-19T12:03:23.825213392) [Msg] period:     5
(2023-05-19T12:03:23.825248592) (2023-05-19T12:03:23.825261572) [Msg] direction:  1 0
(2023-05-19T12:03:23.825307012) (2023-05-19T12:03:23.825319642) [Msg] tau:  2
(2023-05-19T12:03:23.825354872) (2023-05-19T12:03:23.825367302) [Msg] gain:  0.3
(2023-05-19T12:03:23.825406452) (2023-05-19T12:03:23.825420562) [Msg] Derived Parameters:
(2023-05-19T12:03:23.825465712) (2023-05-19T12:03:23.825479392) [Msg] amplitudes:  0.0363502, 0.0392277, 0.0385703, 
(2023-05-19T12:03:23.825549142) (2023-05-19T12:03:23.825563763) [Msg] wavenumbers: 0.133171, 0.161136, 0.194975, 
(2023-05-19T12:03:23.825625013) (2023-05-19T12:03:23.825639663) [Msg] omegas:      1.1424, 1.25664, 1.3823, 
(2023-05-19T12:03:23.825709083) (2023-05-19T12:03:23.825724123) [Msg] periods:     (2023-05-19T12:03:23.825750643) (2023-05-19T12:03:23.825764483) [Msg] 5.5, (2023-05-19T12:03:23.825796063) (2023-05-19T12:03:23.825811893) [Msg] 5, (2023-05-19T12:03:23.825842153) (2023-05-19T12:03:23.825856693) [Msg] 4.54545, (2023-05-19T12:03:23.825888713) (2023-05-19T12:03:23.825907063) [Msg] 
(2023-05-19T12:03:23.825939853) (2023-05-19T12:03:23.825955633) [Msg] phases:      0, 0, 0, 
(2023-05-19T12:03:23.826047013) (2023-05-19T12:03:23.826064413) [Msg] steepnesses: 0, 0, 0, 
(2023-05-19T12:03:23.826165263) (2023-05-19T12:03:23.826185014) [Msg] directions:  (2023-05-19T12:03:23.826216914) (2023-05-19T12:03:23.826230544) [Msg] 0.921061 -0.389418; (2023-05-19T12:03:23.826289274) (2023-05-19T12:03:23.826304144) [Msg] 1 0; (2023-05-19T12:03:23.826348444) (2023-05-19T12:03:23.826365804) [Msg] 0.921061 0.389418; (2023-05-19T12:03:23.826411904) (2023-05-19T12:03:23.826430964) [Msg] 
(2023-05-19T12:03:23.826503974) (2023-05-19T12:03:23.826519454) [Dbg] [Surface.cc:161] Surface plugin successfully configured with the following parameters:
(2023-05-19T12:03:23.826565664) (2023-05-19T12:03:23.826579724) [Dbg] [Surface.cc:163]   <link_name>: link
(2023-05-19T12:03:23.826624514) (2023-05-19T12:03:23.826641784) [Dbg] [Surface.cc:164]   <vehicle_length>: 6
(2023-05-19T12:03:23.826684854) (2023-05-19T12:03:23.826701364) [Dbg] [Surface.cc:165]   <vehicle_width>: 3.3
(2023-05-19T12:03:23.826747674) (2023-05-19T12:03:23.826762034) [Dbg] [Surface.cc:166]   <hull_radius>: 1.9
(2023-05-19T12:03:23.826802175) (2023-05-19T12:03:23.826816415) [Dbg] [Surface.cc:167]   <num_samples>: 2
(2023-05-19T12:03:23.826859115) (2023-05-19T12:03:23.826872285) [Dbg] [Surface.cc:168]   <fluid_level>: 0.45
(2023-05-19T12:03:23.826914745) (2023-05-19T12:03:23.826929125) [Dbg] [Surface.cc:169]   <fluid_density>: 997.774
(2023-05-19T12:03:23.827005585) (2023-05-19T12:03:23.827021015) [Dbg] [SystemManager.cc:58] Loaded system [ignition::gazebo::systems::Surface] for entity [24]
(2023-05-19T12:03:23.829158799) (2023-05-19T12:03:23.829170219) [Dbg] [SimpleHydrodynamics.cc:167] SimpleHydrodynamics plugin successfully configured with the following parameters:
(2023-05-19T12:03:23.829199949) (2023-05-19T12:03:23.829209289) [Dbg] [SimpleHydrodynamics.cc:169]   <link_name>: link
(2023-05-19T12:03:23.829236109) (2023-05-19T12:03:23.829244399) [Dbg] [SimpleHydrodynamics.cc:170]   <xDotU>: 0
(2023-05-19T12:03:23.829272769) (2023-05-19T12:03:23.829281759) [Dbg] [SimpleHydrodynamics.cc:171]   <yDotV>: 0
(2023-05-19T12:03:23.829307230) (2023-05-19T12:03:23.829316150) [Dbg] [SimpleHydrodynamics.cc:172]   <zDotW>: 0.1
(2023-05-19T12:03:23.829342090) (2023-05-19T12:03:23.829351490) [Dbg] [SimpleHydrodynamics.cc:173]   <kDotP>: 0.1
(2023-05-19T12:03:23.829377550) (2023-05-19T12:03:23.829386480) [Dbg] [SimpleHydrodynamics.cc:174]   <mDotQ>: 0.1
(2023-05-19T12:03:23.829412830) (2023-05-19T12:03:23.829421530) [Dbg] [SimpleHydrodynamics.cc:175]   <nDotR>: 0
(2023-05-19T12:03:23.829448280) (2023-05-19T12:03:23.829457130) [Dbg] [SimpleHydrodynamics.cc:176]   <xU>: 510.3
(2023-05-19T12:03:23.829484380) (2023-05-19T12:03:23.829492680) [Dbg] [SimpleHydrodynamics.cc:177]   <xUU>: 720.4
(2023-05-19T12:03:23.829518830) (2023-05-19T12:03:23.829527720) [Dbg] [SimpleHydrodynamics.cc:178]   <yV>: 400
(2023-05-19T12:03:23.829555620) (2023-05-19T12:03:23.829564650) [Dbg] [SimpleHydrodynamics.cc:179]   <yVV>: 0
(2023-05-19T12:03:23.829591020) (2023-05-19T12:03:23.829600650) [Dbg] [SimpleHydrodynamics.cc:180]   <zW>: 5000
(2023-05-19T12:03:23.829627230) (2023-05-19T12:03:23.829637140) [Dbg] [SimpleHydrodynamics.cc:181]   <zWW>: 0
(2023-05-19T12:03:23.829662800) (2023-05-19T12:03:23.829672260) [Dbg] [SimpleHydrodynamics.cc:182]   <kP>: 500
(2023-05-19T12:03:23.829704320) (2023-05-19T12:03:23.829714340) [Dbg] [SimpleHydrodynamics.cc:183]   <kPP>: 0
(2023-05-19T12:03:23.829740680) (2023-05-19T12:03:23.829751310) [Dbg] [SimpleHydrodynamics.cc:184]   <mQ>: 500
(2023-05-19T12:03:23.829780301) (2023-05-19T12:03:23.829789431) [Dbg] [SimpleHydrodynamics.cc:185]   <mQQ>: 0
(2023-05-19T12:03:23.829815911) (2023-05-19T12:03:23.829823611) [Dbg] [SimpleHydrodynamics.cc:186]   <nR>: 15000
(2023-05-19T12:03:23.829847171) (2023-05-19T12:03:23.829856121) [Dbg] [SimpleHydrodynamics.cc:187]   <nRR>: 0
(2023-05-19T12:03:23.829882191) (2023-05-19T12:03:23.829890071) [Dbg] [SystemManager.cc:58] Loaded system [ignition::gazebo::systems::SimpleHydrodynamics] for entity [24]
(2023-05-19T12:03:23.831278284) (2023-05-19T12:03:23.831291304) [Dbg] [SystemManager.cc:58] Loaded system [ignition::gazebo::systems::DetachableJoint] for entity [28]
(2023-05-19T12:03:23.831827604) (2023-05-19T12:03:23.831839295) [Dbg] [SystemManager.cc:58] Loaded system [ignition::gazebo::systems::DetachableJoint] for entity [44]
(2023-05-19T12:03:23.832686416) (2023-05-19T12:03:23.832699906) [Dbg] [SystemManager.cc:58] Loaded system [ignition::gazebo::systems::DetachableJoint] for entity [60]
(2023-05-19T12:03:23.833502187) (2023-05-19T12:03:23.833515607) [Dbg] [SystemManager.cc:58] Loaded system [ignition::gazebo::systems::DetachableJoint] for entity [112]
(2023-05-19T12:03:23.834710989) (2023-05-19T12:03:23.834724319) [Dbg] [SystemManager.cc:58] Loaded system [ignition::gazebo::systems::CommsEndpoint] for entity [164]
(2023-05-19T12:03:23.834924850) (2023-05-19T12:03:23.834937570) [Dbg] [SystemManager.cc:58] Loaded system [ignition::gazebo::systems::CommsEndpoint] for entity [164]
(2023-05-19T12:03:23.836457883) (2023-05-19T12:03:23.836471043) [Dbg] [SystemManager.cc:58] Loaded system [mbzirc::BaseStation] for entity [164]
(2023-05-19T12:03:23.838255736) (2023-05-19T12:03:23.838269516) [Msg] EntityDetector publishing messages on [/mbzirc/target_object_detector/dropped]
(2023-05-19T12:03:23.838429967) (2023-05-19T12:03:23.838442667) [Dbg] [SystemManager.cc:58] Loaded system [mbzirc::EntityDetector] for entity [168]
(2023-05-19T12:03:23.838542867) (2023-05-19T12:03:23.838557427) [Msg] Loaded level [3]
(2023-05-19T12:03:23.838844657) (2023-05-19T12:03:23.838855348) [Msg] Serving world controls on [/world/simple_demo/control], [/world/simple_demo/control/state] and [/world/simple_demo/playback/control]
(2023-05-19T12:03:23.838974108) (2023-05-19T12:03:23.838985418) [Msg] Serving GUI information on [/world/simple_demo/gui/info]
(2023-05-19T12:03:23.839036628) (2023-05-19T12:03:23.839048298) [Msg] World [simple_demo] initialized with [4ms] physics profile.
(2023-05-19T12:03:23.839193208) (2023-05-19T12:03:23.839207278) [Msg] Serving world SDF generation service on [/world/simple_demo/generate_world_sdf]
(2023-05-19T12:03:23.839324618) (2023-05-19T12:03:23.839335429) [Msg] Serving world names on [/gazebo/worlds]
(2023-05-19T12:03:23.839405439) (2023-05-19T12:03:23.839415789) [Msg] Resource path add service on [/gazebo/resource_paths/add].
(2023-05-19T12:03:23.839494709) (2023-05-19T12:03:23.839504799) [Msg] Resource path get service on [/gazebo/resource_paths/get].
(2023-05-19T12:03:23.839574399) (2023-05-19T12:03:23.839585199) [Msg] Resource path resolve service on [/gazebo/resource_paths/resolve].
(2023-05-19T12:03:23.939869065) (2023-05-19T12:03:23.939893085) [Msg] Resource paths published on [/gazebo/resource_paths].
(2023-05-19T12:03:23.940125716) (2023-05-19T12:03:23.940146306) [Msg] Server control service on [/server_control].
(2023-05-19T12:03:23.940346366) (2023-05-19T12:03:23.940365386) [Msg] Found no publishers on /stats, adding root stats topic
(2023-05-19T12:03:23.940506127) (2023-05-19T12:03:23.940524557) [Msg] Found no publishers on /clock, adding root clock topic
(2023-05-19T12:03:23.940807327) (2023-05-19T12:03:23.940830087) [Dbg] [SimulationRunner.cc:491] Creating PostUpdate worker threads: 13
(2023-05-19T12:03:23.940890197) (2023-05-19T12:03:23.940919157) [Dbg] [SimulationRunner.cc:502] Creating postupdate worker thread (0)
(2023-05-19T12:03:23.941063768) (2023-05-19T12:03:23.941089168) [Dbg] [SimulationRunner.cc:502] Creating postupdate worker thread (1)
(2023-05-19T12:03:23.941214708) (2023-05-19T12:03:23.941242528) [Dbg] [SimulationRunner.cc:502] Creating postupdate worker thread (2)
(2023-05-19T12:03:23.941434149) (2023-05-19T12:03:23.941460119) [Dbg] [SimulationRunner.cc:502] Creating postupdate worker thread (3)
(2023-05-19T12:03:23.941583989) (2023-05-19T12:03:23.941605049) [Dbg] [SimulationRunner.cc:502] Creating postupdate worker thread (4)
(2023-05-19T12:03:23.941709279) (2023-05-19T12:03:23.941729349) [Dbg] [SimulationRunner.cc:502] Creating postupdate worker thread (5)
(2023-05-19T12:03:23.941819539) (2023-05-19T12:03:23.941837839) [Dbg] [SimulationRunner.cc:502] Creating postupdate worker thread (6)
(2023-05-19T12:03:23.941929090) (2023-05-19T12:03:23.941949850) [Dbg] [SimulationRunner.cc:502] Creating postupdate worker thread (7)
(2023-05-19T12:03:23.942035920) (2023-05-19T12:03:23.942092650) [Dbg] [SimulationRunner.cc:502] Creating postupdate worker thread (8)
(2023-05-19T12:03:23.942196920) (2023-05-19T12:03:23.942218050) [Dbg] [SimulationRunner.cc:502] Creating postupdate worker thread (9)
(2023-05-19T12:03:23.942327100) (2023-05-19T12:03:23.942347960) [Dbg] [SimulationRunner.cc:502] Creating postupdate worker thread (10)
(2023-05-19T12:03:23.942490911) (2023-05-19T12:03:23.942516601) [Dbg] [SimulationRunner.cc:502] Creating postupdate worker thread (11)
(2023-05-19T12:03:24.41372235) (2023-05-19T12:03:24.41398135) [Msg] Particle emitter[simple_demo::dust_storm::link::dust_storm] subscribed to command messages on topic[/model/dust_storm/link/link/particle_emitter/dust_storm/cmd]
(2023-05-19T12:03:24.41631155) (2023-05-19T12:03:24.41651405) [Msg] Particle emitter[simple_demo::fog::link::fog] subscribed to command messages on topic[/model/fog/link/link/particle_emitter/fog/cmd]
(2023-05-19T12:03:24.43696069) (2023-05-19T12:03:24.43717589) [Msg] DetachableJoint subscribing to messages on [/Vessel_A/detach]
(2023-05-19T12:03:24.43867469) (2023-05-19T12:03:24.43886359) [Msg] DetachableJoint subscribing to messages on [/Vessel_A/detach]
(2023-05-19T12:03:24.44022620) (2023-05-19T12:03:24.44040950) [Msg] DetachableJoint subscribing to messages on [/Vessel_A/detach]
(2023-05-19T12:03:24.44176160) (2023-05-19T12:03:24.44194840) [Msg] DetachableJoint subscribing to messages on [/Vessel_A/detach]
(2023-05-19T12:03:24.44411780) (2023-05-19T12:03:24.44431770) [Msg] Address [base_station/target] bound to model [base_station] on topic [base_station/target]
(2023-05-19T12:03:24.44524211) (2023-05-19T12:03:24.44542061) [Dbg] [CommsEndpoint.cc:89] Succesfuly bound to [base_station/target] on topic [base_station/target]
(2023-05-19T12:03:24.44694621) (2023-05-19T12:03:24.44714381) [Msg] Address [base_station/video] bound to model [base_station] on topic [base_station/video]
(2023-05-19T12:03:24.44806701) (2023-05-19T12:03:24.44840071) [Dbg] [CommsEndpoint.cc:89] Succesfuly bound to [base_station/video] on topic [base_station/video]
(2023-05-19T12:03:24.118198038) (2023-05-19T12:03:24.118213278) [Dbg] [Physics.cc:1593] Creating detachable joint [170]
(2023-05-19T12:03:24.118362048) (2023-05-19T12:03:24.118372008) [Dbg] [Physics.cc:1593] Creating detachable joint [171]
(2023-05-19T12:03:24.118485828) (2023-05-19T12:03:24.118496058) [Dbg] [Physics.cc:1593] Creating detachable joint [172]
(2023-05-19T12:03:24.118795439) (2023-05-19T12:03:24.118805929) [Dbg] [Physics.cc:1593] Creating detachable joint [173]
(2023-05-19T12:03:24.120032851) (2023-05-19T12:03:24.120043491) [Dbg] [SimulationFeatures.cc:63] Simulation timestep set to: 0.004
(2023-05-19T12:03:24.130114690) (2023-05-19T12:03:24.130138440) [Msg] Serving scene information on [/world/simple_demo/scene/info]
(2023-05-19T12:03:24.130293640) (2023-05-19T12:03:24.130311970) [Msg] Serving graph information on [/world/simple_demo/scene/graph]
(2023-05-19T12:03:24.130455631) (2023-05-19T12:03:24.130473761) [Msg] Serving full state on [/world/simple_demo/state]
(2023-05-19T12:03:24.130620941) (2023-05-19T12:03:24.130640131) [Msg] Serving full state (async) on [/world/simple_demo/state_async]
(2023-05-19T12:03:24.130814802) (2023-05-19T12:03:24.130835152) [Msg] Publishing scene information on [/world/simple_demo/scene/info]
(2023-05-19T12:03:24.130992642) (2023-05-19T12:03:24.131012512) [Msg] Publishing entity deletions on [/world/simple_demo/scene/deletion]
(2023-05-19T12:03:24.131128232) (2023-05-19T12:03:24.131145512) [Msg] Publishing state changes on [/world/simple_demo/state]
(2023-05-19T12:03:24.131296082) (2023-05-19T12:03:24.131317253) [Msg] Publishing pose messages on [/world/simple_demo/pose/info]
(2023-05-19T12:03:24.131450203) (2023-05-19T12:03:24.131467893) [Msg] Publishing dynamic pose messages on [/world/simple_demo/dynamic_pose/info]
(2023-05-19T12:03:24.131833083) (2023-05-19T12:03:24.131848753) [Dbg] [EntityComponentManager.cc:1587] Updated state thread iterators: 24 threads processing around 8 entities each.
(2023-05-19T12:03:24.132197064) (2023-05-19T12:03:24.132219524) [Wrn] [Model.hh:69] Skipping serialization / deserialization for models with //pose/@relative_to attribute.
(2023-05-19T12:03:24.132614535) (2023-05-19T12:03:24.132644565) [Wrn] [Component.hh:144] Trying to serialize component with data type [N3sdf3v125WorldE], which doesn't have `operator<<`. Component will not be serialized.
(2023-05-19T12:03:24.158918274) (2023-05-19T12:03:24.158941374) [Dbg] [EntityComponentManager.cc:1587] Updated state thread iterators: 24 threads processing around 8 entities each.
(2023-05-19T12:03:31.30377764) (2023-05-19T12:03:31.30390654) [Msg] Linear velocity initialized to [0 0 0]
(2023-05-19T12:03:31.30442354) (2023-05-19T12:03:31.30451534) [Msg] Angular velocity initialized to [0 0 0]
(2023-05-19T12:03:31.30633095) (2023-05-19T12:03:31.30643105) [Msg] VelocityControl subscribing to twist messages on [/model/usv/cmd_vel]
(2023-05-19T12:03:31.30682325) (2023-05-19T12:03:31.30692455) [Dbg] [SystemManager.cc:58] Loaded system [ignition::gazebo::systems::VelocityControl] for entity [174]
(2023-05-19T12:03:31.32076857) (2023-05-19T12:03:31.32087707) [Msg] Thruster listening to commands in [/model/usv/joint/left_engine_propeller_joint/cmd_thrust]
(2023-05-19T12:03:31.32154107) (2023-05-19T12:03:31.32163477) [Dbg] [Thruster.cc:288] Using velocity control for propeller joint.
(2023-05-19T12:03:31.32190148) (2023-05-19T12:03:31.32199668) [Dbg] [SystemManager.cc:58] Loaded system [ignition::gazebo::systems::Thruster] for entity [174]
(2023-05-19T12:03:31.33277229) (2023-05-19T12:03:31.33287949) [Dbg] [JointPositionController.cc:205] [JointPositionController] system parameters:
(2023-05-19T12:03:31.33313549) (2023-05-19T12:03:31.33322939) [Dbg] [JointPositionController.cc:206] p_gain: [1]
(2023-05-19T12:03:31.33354569) (2023-05-19T12:03:31.33365139) [Dbg] [JointPositionController.cc:207] i_gain: [0.1]
(2023-05-19T12:03:31.33394799) (2023-05-19T12:03:31.33403850) [Dbg] [JointPositionController.cc:208] d_gain: [0.01]
(2023-05-19T12:03:31.33432340) (2023-05-19T12:03:31.33440880) [Dbg] [JointPositionController.cc:209] i_max: [1]
(2023-05-19T12:03:31.33471510) (2023-05-19T12:03:31.33480830) [Dbg] [JointPositionController.cc:210] i_min: [-1]
(2023-05-19T12:03:31.33509570) (2023-05-19T12:03:31.33519040) [Dbg] [JointPositionController.cc:211] cmd_max: [1000]
(2023-05-19T12:03:31.33549130) (2023-05-19T12:03:31.33558250) [Dbg] [JointPositionController.cc:212] cmd_min: [-1000]
(2023-05-19T12:03:31.33588690) (2023-05-19T12:03:31.33597280) [Dbg] [JointPositionController.cc:213] cmd_offset: [0]
(2023-05-19T12:03:31.33627120) (2023-05-19T12:03:31.33636280) [Dbg] [JointPositionController.cc:214] Topic: [usv/left/thruster/joint/cmd_pos]
(2023-05-19T12:03:31.33665670) (2023-05-19T12:03:31.33673640) [Dbg] [JointPositionController.cc:215] initial_position: [0]
(2023-05-19T12:03:31.33706270) (2023-05-19T12:03:31.33714700) [Dbg] [SystemManager.cc:58] Loaded system [ignition::gazebo::systems::JointPositionController] for entity [174]
(2023-05-19T12:03:31.34045011) (2023-05-19T12:03:31.34056021) [Msg] Thruster listening to commands in [/model/usv/joint/right_engine_propeller_joint/cmd_thrust]
(2023-05-19T12:03:31.34107111) (2023-05-19T12:03:31.34116581) [Dbg] [Thruster.cc:288] Using velocity control for propeller joint.
(2023-05-19T12:03:31.34142931) (2023-05-19T12:03:31.34152111) [Dbg] [SystemManager.cc:58] Loaded system [ignition::gazebo::systems::Thruster] for entity [174]
(2023-05-19T12:03:31.34420181) (2023-05-19T12:03:31.34430901) [Dbg] [JointPositionController.cc:205] [JointPositionController] system parameters:
(2023-05-19T12:03:31.34454761) (2023-05-19T12:03:31.34463501) [Dbg] [JointPositionController.cc:206] p_gain: [1]
(2023-05-19T12:03:31.34492801) (2023-05-19T12:03:31.34501831) [Dbg] [JointPositionController.cc:207] i_gain: [0.1]
(2023-05-19T12:03:31.34531511) (2023-05-19T12:03:31.34540411) [Dbg] [JointPositionController.cc:208] d_gain: [0.01]
(2023-05-19T12:03:31.34571321) (2023-05-19T12:03:31.34580531) [Dbg] [JointPositionController.cc:209] i_max: [1]
(2023-05-19T12:03:31.34610591) (2023-05-19T12:03:31.34619601) [Dbg] [JointPositionController.cc:210] i_min: [-1]
(2023-05-19T12:03:31.34649112) (2023-05-19T12:03:31.34658642) [Dbg] [JointPositionController.cc:211] cmd_max: [1000]
(2023-05-19T12:03:31.34689332) (2023-05-19T12:03:31.34698962) [Dbg] [JointPositionController.cc:212] cmd_min: [-1000]
(2023-05-19T12:03:31.34729782) (2023-05-19T12:03:31.34739432) [Dbg] [JointPositionController.cc:213] cmd_offset: [0]
(2023-05-19T12:03:31.34769292) (2023-05-19T12:03:31.34777502) [Dbg] [JointPositionController.cc:214] Topic: [usv/right/thruster/joint/cmd_pos]
(2023-05-19T12:03:31.34807662) (2023-05-19T12:03:31.34816802) [Dbg] [JointPositionController.cc:215] initial_position: [0]
(2023-05-19T12:03:31.34850362) (2023-05-19T12:03:31.34859082) [Dbg] [SystemManager.cc:58] Loaded system [ignition::gazebo::systems::JointPositionController] for entity [174]
(2023-05-19T12:03:31.35081792) (2023-05-19T12:03:31.35092192) [Msg] Using Pierson-Moskowitz spectrum sampling wavefield model 
(2023-05-19T12:03:31.35235982) (2023-05-19T12:03:31.35247823) [Msg] Using Pierson-Moskowitz spectrum sampling wavefield model 
(2023-05-19T12:03:31.35311323) (2023-05-19T12:03:31.35321273) [Msg] Input Parameters:
(2023-05-19T12:03:31.35342243) (2023-05-19T12:03:31.35351333) [Msg] model:     PMS
(2023-05-19T12:03:31.35376053) (2023-05-19T12:03:31.35384523) [Msg] number:     3
(2023-05-19T12:03:31.35409503) (2023-05-19T12:03:31.35418463) [Msg] scale:      1.1
(2023-05-19T12:03:31.35445363) (2023-05-19T12:03:31.35454983) [Msg] angle:      0.4
(2023-05-19T12:03:31.35479823) (2023-05-19T12:03:31.35489213) [Msg] steepness:  0
(2023-05-19T12:03:31.35513373) (2023-05-19T12:03:31.35522443) [Msg] amplitude:  0
(2023-05-19T12:03:31.35547733) (2023-05-19T12:03:31.35556673) [Msg] period:     5
(2023-05-19T12:03:31.35582033) (2023-05-19T12:03:31.35590463) [Msg] direction:  1 0
(2023-05-19T12:03:31.35624983) (2023-05-19T12:03:31.35634103) [Msg] tau:  2
(2023-05-19T12:03:31.35659903) (2023-05-19T12:03:31.35668713) [Msg] gain:  0.3
(2023-05-19T12:03:31.35694763) (2023-05-19T12:03:31.35703533) [Msg] Derived Parameters:
(2023-05-19T12:03:31.35724303) (2023-05-19T12:03:31.35733524) [Msg] amplitudes:  0.0363502, 0.0392277, 0.0385703, 
(2023-05-19T12:03:31.35779464) (2023-05-19T12:03:31.35788424) [Msg] wavenumbers: 0.133171, 0.161136, 0.194975, 
(2023-05-19T12:03:31.35834124) (2023-05-19T12:03:31.35843674) [Msg] omegas:      1.1424, 1.25664, 1.3823, 
(2023-05-19T12:03:31.35889434) (2023-05-19T12:03:31.35898304) [Msg] periods:     (2023-05-19T12:03:31.35915934) (2023-05-19T12:03:31.35924574) [Msg] 5.5, (2023-05-19T12:03:31.35945104) (2023-05-19T12:03:31.35953844) [Msg] 5, (2023-05-19T12:03:31.35974314) (2023-05-19T12:03:31.35982994) [Msg] 4.54545, (2023-05-19T12:03:31.36004424) (2023-05-19T12:03:31.36013064) [Msg] 
(2023-05-19T12:03:31.36029344) (2023-05-19T12:03:31.36038594) [Msg] phases:      0, 0, 0, 
(2023-05-19T12:03:31.36082954) (2023-05-19T12:03:31.36092244) [Msg] steepnesses: 0, 0, 0, 
(2023-05-19T12:03:31.36137854) (2023-05-19T12:03:31.36151844) [Msg] directions:  (2023-05-19T12:03:31.36170194) (2023-05-19T12:03:31.36179154) [Msg] 0.921061 -0.389418; (2023-05-19T12:03:31.36208674) (2023-05-19T12:03:31.36217505) [Msg] 1 0; (2023-05-19T12:03:31.36244405) (2023-05-19T12:03:31.36253485) [Msg] 0.921061 0.389418; (2023-05-19T12:03:31.36281175) (2023-05-19T12:03:31.36290475) [Msg] 
(2023-05-19T12:03:31.36317115) (2023-05-19T12:03:31.36326485) [Dbg] [Surface.cc:161] Surface plugin successfully configured with the following parameters:
(2023-05-19T12:03:31.36352245) (2023-05-19T12:03:31.36360285) [Dbg] [Surface.cc:163]   <link_name>: base_link
(2023-05-19T12:03:31.36385635) (2023-05-19T12:03:31.36394475) [Dbg] [Surface.cc:164]   <vehicle_length>: 6
(2023-05-19T12:03:31.36420625) (2023-05-19T12:03:31.36428695) [Dbg] [Surface.cc:165]   <vehicle_width>: 3.3
(2023-05-19T12:03:31.36453875) (2023-05-19T12:03:31.36462965) [Dbg] [Surface.cc:166]   <hull_radius>: 0.27
(2023-05-19T12:03:31.36488555) (2023-05-19T12:03:31.36497645) [Dbg] [Surface.cc:167]   <num_samples>: 2
(2023-05-19T12:03:31.36523135) (2023-05-19T12:03:31.36531815) [Dbg] [Surface.cc:168]   <fluid_level>: 0.45
(2023-05-19T12:03:31.36559825) (2023-05-19T12:03:31.36568915) [Dbg] [Surface.cc:169]   <fluid_density>: 997.774
(2023-05-19T12:03:31.36600065) (2023-05-19T12:03:31.36609205) [Dbg] [SystemManager.cc:58] Loaded system [ignition::gazebo::systems::Surface] for entity [174]
(2023-05-19T12:03:31.36907596) (2023-05-19T12:03:31.36917336) [Dbg] [SimpleHydrodynamics.cc:167] SimpleHydrodynamics plugin successfully configured with the following parameters:
(2023-05-19T12:03:31.36943156) (2023-05-19T12:03:31.36954296) [Dbg] [SimpleHydrodynamics.cc:169]   <link_name>: base_link
(2023-05-19T12:03:31.36982656) (2023-05-19T12:03:31.36991556) [Dbg] [SimpleHydrodynamics.cc:170]   <xDotU>: 0
(2023-05-19T12:03:31.37017546) (2023-05-19T12:03:31.37026796) [Dbg] [SimpleHydrodynamics.cc:171]   <yDotV>: 0
(2023-05-19T12:03:31.37051676) (2023-05-19T12:03:31.37060556) [Dbg] [SimpleHydrodynamics.cc:172]   <zDotW>: 0.1
(2023-05-19T12:03:31.37085486) (2023-05-19T12:03:31.37094266) [Dbg] [SimpleHydrodynamics.cc:173]   <kDotP>: 0.1
(2023-05-19T12:03:31.37121226) (2023-05-19T12:03:31.37130446) [Dbg] [SimpleHydrodynamics.cc:174]   <mDotQ>: 0.1
(2023-05-19T12:03:31.37156896) (2023-05-19T12:03:31.37165506) [Dbg] [SimpleHydrodynamics.cc:175]   <nDotR>: 0
(2023-05-19T12:03:31.37191497) (2023-05-19T12:03:31.37200637) [Dbg] [SimpleHydrodynamics.cc:176]   <xU>: 51.3
(2023-05-19T12:03:31.37227067) (2023-05-19T12:03:31.37236297) [Dbg] [SimpleHydrodynamics.cc:177]   <xUU>: 72.4
(2023-05-19T12:03:31.37263257) (2023-05-19T12:03:31.37272397) [Dbg] [SimpleHydrodynamics.cc:178]   <yV>: 40
(2023-05-19T12:03:31.37298057) (2023-05-19T12:03:31.37307327) [Dbg] [SimpleHydrodynamics.cc:179]   <yVV>: 0
(2023-05-19T12:03:31.37331697) (2023-05-19T12:03:31.37341097) [Dbg] [SimpleHydrodynamics.cc:180]   <zW>: 500
(2023-05-19T12:03:31.37367777) (2023-05-19T12:03:31.37377097) [Dbg] [SimpleHydrodynamics.cc:181]   <zWW>: 0
(2023-05-19T12:03:31.37402607) (2023-05-19T12:03:31.37411567) [Dbg] [SimpleHydrodynamics.cc:182]   <kP>: 100
(2023-05-19T12:03:31.37436897) (2023-05-19T12:03:31.37445997) [Dbg] [SimpleHydrodynamics.cc:183]   <kPP>: 0
(2023-05-19T12:03:31.37472107) (2023-05-19T12:03:31.37481377) [Dbg] [SimpleHydrodynamics.cc:184]   <mQ>: 100
(2023-05-19T12:03:31.37506697) (2023-05-19T12:03:31.37515757) [Dbg] [SimpleHydrodynamics.cc:185]   <mQQ>: 0
(2023-05-19T12:03:31.37542047) (2023-05-19T12:03:31.37551287) [Dbg] [SimpleHydrodynamics.cc:186]   <nR>: 400
(2023-05-19T12:03:31.37581957) (2023-05-19T12:03:31.37591687) [Dbg] [SimpleHydrodynamics.cc:187]   <nRR>: 0
(2023-05-19T12:03:31.37620587) (2023-05-19T12:03:31.37630037) [Dbg] [SystemManager.cc:58] Loaded system [ignition::gazebo::systems::SimpleHydrodynamics] for entity [174]
(2023-05-19T12:03:31.38858710) (2023-05-19T12:03:31.38869620) [Dbg] [SystemManager.cc:58] Loaded system [ignition::gazebo::systems::PosePublisher] for entity [174]
(2023-05-19T12:03:31.39112951) (2023-05-19T12:03:31.39127171) [Msg] EntityDetector publishing messages on [/mbzirc/target_object_detector/placed]
(2023-05-19T12:03:31.39284361) (2023-05-19T12:03:31.39295361) [Dbg] [SystemManager.cc:58] Loaded system [mbzirc::EntityDetector] for entity [174]
(2023-05-19T12:03:31.39507511) (2023-05-19T12:03:31.39517011) [Msg] EntityDetector publishing messages on [/mbzirc/target_object_detector/placed]
(2023-05-19T12:03:31.39653401) (2023-05-19T12:03:31.39663611) [Dbg] [SystemManager.cc:58] Loaded system [mbzirc::EntityDetector] for entity [174]
(2023-05-19T12:03:31.39880902) (2023-05-19T12:03:31.39891142) [Msg] EntityDetector publishing messages on [/mbzirc/target_object_detector/placed]
(2023-05-19T12:03:31.40027472) (2023-05-19T12:03:31.40038472) [Dbg] [SystemManager.cc:58] Loaded system [mbzirc::EntityDetector] for entity [174]
(2023-05-19T12:03:31.40251992) (2023-05-19T12:03:31.40263072) [Msg] EntityDetector publishing messages on [/mbzirc/target_object_detector/placed]
(2023-05-19T12:03:31.40408223) (2023-05-19T12:03:31.40418913) [Dbg] [SystemManager.cc:58] Loaded system [mbzirc::EntityDetector] for entity [174]
(2023-05-19T12:03:31.40614233) (2023-05-19T12:03:31.40625233) [Dbg] [SystemManager.cc:58] Loaded system [ignition::gazebo::systems::CommsEndpoint] for entity [174]
(2023-05-19T12:03:31.40988404) (2023-05-19T12:03:31.40998034) [Dbg] [UserCommands.cc:1303] Created entity [174] named [usv]
(2023-05-19T12:03:31.49997540) (2023-05-19T12:03:31.50035640) [Dbg] [Sensors.cc:584] Initialization needed
(2023-05-19T12:03:31.50140990) (2023-05-19T12:03:31.50167530) [Dbg] [Sensors.cc:240] Initializing render context
(2023-05-19T12:03:31.50338531) (2023-05-19T12:03:31.50368301) [Msg] Loading plugin [ignition-rendering-ogre2]
(2023-05-19T12:03:31.50640801) (2023-05-19T12:03:31.50668091) [Dbg] [ImuSensor.cc:148] IMU data for [usv::base_link::imu_sensor] advertised on [world/simple_demo/model/usv/link/base_link/sensor/imu_sensor/imu]
(2023-05-19T12:03:31.50853421) (2023-05-19T12:03:31.50882791) [Dbg] [GameLogicPlugin.cc:1991] New Competitor Platform: usv with 0sensors
((2023-05-19T12:03:31.53335376) (2023-05-19T12:03:31.53365316) [Dbg] [SimulationRunner.cc:518] Exiting postupdate worker thread (0)
(2023-05-19T12:03:31.53341226) (2023-05-19T12:03:31.53503747) ([Dbg] [SimulationRunner.cc:518] Exiting postupdate worker thread (1)
(
((2023-05-19T12:03:31.53601357) (2023-05-19T12:03:31.53647257) (() 2023-05-19T12:03:31.53685757) 2023-05-19T12:03:31.53685757(2023-05-19T12:03:31.53722247) () (2023-05-19T12:03:31.53794247) 2023-05-19T12:03:31.536416572023-05-19T12:03:31.53827757) (2023-05-19T12:03:31.53860977) 2023-05-19T12:03:31.53819117) (2023-05-19T12:03:31.53916818) ) ) 2023-05-19T12:03:31.53772907) (2023-05-19T12:03:31.53992738) 2023-05-19T12:03:31.53884218) ) 2023-05-19T12:03:31.53468267) 2023-05-19T12:03:31.534682672023-05-19T12:03:31.54014178) ([Dbg] [SimulationRunner.cc:518] ) (2023-05-19T12:03:31.540665582023-05-19T12:03:31.54111148) Exiting postupdate worker thread ((Exiting postupdate worker thread ([Dbg] [SimulationRunner.cc:518] 2023-05-19T12:03:31.54164908) ) Exiting postupdate worker thread ([Dbg] [SimulationRunner.cc:518] [Dbg] [SimulationRunner.cc:518] Exiting postupdate worker thread ([Dbg] [SimulationRunner.cc:518] [Dbg] [SimulationRunner.cc:518] [Dbg] [SimulationRunner.cc:518] Exiting postupdate worker thread (3)
[Dbg] [SimulationRunner.cc:518] Exiting postupdate worker thread (7)
Exiting postupdate worker thread (Exiting postupdate worker thread ([Dbg] [SimulationRunner.cc:518] Exiting postupdate worker thread (11)[Dbg] [SimulationRunner.cc:518] 44Exiting postupdate worker thread (5)
)
Exiting postupdate worker thread (Exiting postupdate worker thread ([Dbg] [SimulationRunner.cc:518] Exiting postupdate worker thread (9)
6)
)
Exiting postupdate worker thread (10))[Dbg] [SimulationRunner.cc:518] Exiting postupdate worker thread (8)

(2023-05-19T12:03:31.54921260) (2023-05-19T12:03:31.54941020) [Dbg] [SimulationRunner.cc:491] Creating PostUpdate worker threads: 21
(2023-05-19T12:03:31.54991850) (2023-05-19T12:03:31.55007690) [Dbg] [SimulationRunner.cc:502] Creating postupdate worker thread (0)
(2023-05-19T12:03:31.55101330) (2023-05-19T12:03:31.55120020) [Dbg] [SimulationRunner.cc:502] Creating postupdate worker thread (1)
(2023-05-19T12:03:31.55194290) (2023-05-19T12:03:31.55211240) [Dbg] [SimulationRunner.cc:502] Creating postupdate worker thread (2)
(2023-05-19T12:03:31.55308120) (2023-05-19T12:03:31.55323310) [Dbg] [SimulationRunner.cc:502] Creating postupdate worker thread (3)
(2023-05-19T12:03:31.55408921) (2023-05-19T12:03:31.55424571) [Dbg] [SimulationRunner.cc:502] Creating postupdate worker thread (4)
(2023-05-19T12:03:31.55527501) (2023-05-19T12:03:31.55556551) [Dbg] [SimulationRunner.cc:502] Creating postupdate worker thread (5)
(2023-05-19T12:03:31.55665981) (2023-05-19T12:03:31.55688631) [Dbg] [SimulationRunner.cc:502] Creating postupdate worker thread (6)
(2023-05-19T12:03:31.55790551) (2023-05-19T12:03:31.55817501) [Dbg] [SimulationRunner.cc:502] Creating postupdate worker thread (7)
(2023-05-19T12:03:31.55922101) (2023-05-19T12:03:31.55941331) [Dbg] [SimulationRunner.cc:502] Creating postupdate worker thread (8)
(2023-05-19T12:03:31.56027732) (2023-05-19T12:03:31.56049792) [Dbg] [SimulationRunner.cc:502] Creating postupdate worker thread (9)
(2023-05-19T12:03:31.56138412) (2023-05-19T12:03:31.56155202) [Dbg] [SimulationRunner.cc:502] Creating postupdate worker thread (10)
(2023-05-19T12:03:31.56237482) (2023-05-19T12:03:31.56254152) [Dbg] [SimulationRunner.cc:502] Creating postupdate worker thread (11)
(2023-05-19T12:03:31.56336812) (2023-05-19T12:03:31.56353642) [Dbg] [SimulationRunner.cc:502] Creating postupdate worker thread (12)
(2023-05-19T12:03:31.56440782) (2023-05-19T12:03:31.56461032) [Dbg] [SimulationRunner.cc:502] Creating postupdate worker thread (13)
(2023-05-19T12:03:31.56542242) (2023-05-19T12:03:31.56557852) [Dbg] [SimulationRunner.cc:502] Creating postupdate worker thread (14)
(2023-05-19T12:03:31.56638213) (2023-05-19T12:03:31.56655653) [Dbg] [SimulationRunner.cc:502] Creating postupdate worker thread (15)
(2023-05-19T12:03:31.56751593) (2023-05-19T12:03:31.56774833) [Dbg] [SimulationRunner.cc:502] Creating postupdate worker thread (16)
(2023-05-19T12:03:31.56882853) (2023-05-19T12:03:31.56906983) [Dbg] [SimulationRunner.cc:502] Creating postupdate worker thread (17)
(2023-05-19T12:03:31.57019383) (2023-05-19T12:03:31.57043973) [Dbg] [SimulationRunner.cc:502] Creating postupdate worker thread (18)
(2023-05-19T12:03:31.57163263) (2023-05-19T12:03:31.57180633) [Dbg] [SimulationRunner.cc:502] Creating postupdate worker thread (19)
(2023-05-19T12:03:31.57842085) (2023-05-19T12:03:31.57863265) [Msg] Address [usv] bound to model [usv] on topic [model/usv/rx]
(2023-05-19T12:03:31.57945825) (2023-05-19T12:03:31.57966355) [Dbg] [CommsEndpoint.cc:89] Succesfuly bound to [usv] on topic [model/usv/rx]
(2023-05-19T12:03:31.361502780) (2023-05-19T12:03:31.361515940) [Dbg] [RenderUtil.cc:2529] Create scene [scene]
(2023-05-19T12:03:31.404610371) (2023-05-19T12:03:31.404625201) [Dbg] [Sensors.cc:254] Rendering Thread initialized
(2023-05-19T12:03:31.409143449) (2023-05-19T12:03:31.409154249) [Wrn] [Ogre2Heightmap.cc:125] Heightmap final sampling should be 2^n
 which differs from ogre1's 2^n+1
The last row and column will be cropped
size = (width * sampling) - sampling + 1
[257] = ([257] * [1]) - [1] + 1
(2023-05-19T12:03:31.480325921) (2023-05-19T12:03:31.480340042) [Msg] Loading heightmap: scene::Heightmap(65478)
(2023-05-19T12:03:31.480371202) (2023-05-19T12:03:31.480379392) [Msg] Heightmap loaded. Process took 0 ms.
(2023-05-19T12:03:35.216210594) (2023-05-19T12:03:35.216227124) [Dbg] [Ogre2ParticleEmitter.cc:514] Particle emitter initialized
(2023-05-19T12:03:35.216402714) (2023-05-19T12:03:35.216416194) [Dbg] [Ogre2ParticleEmitter.cc:514] Particle emitter initialized
(2023-05-19T12:03:35.216609344) (2023-05-19T12:03:35.216623804) [Dbg] [Ogre2ParticleEmitter.cc:514] Particle emitter initialized
(2023-05-19T12:03:35.789626452) (2023-05-19T12:03:35.789642582) [Dbg] [Ogre2ParticleEmitter.cc:514] Particle emitter initialized
(2023-05-19T12:03:35.789868063) (2023-05-19T12:03:35.789878213) [Dbg] [Ogre2ParticleEmitter.cc:514] Particle emitter initialized
(2023-05-19T12:03:35.790038513) (2023-05-19T12:03:35.790048243) [Dbg] [Ogre2ParticleEmitter.cc:514] Particle emitter initialized
(2023-05-19T12:03:35.806475384) (2023-05-19T12:03:35.806491734) [Dbg] [Lidar.cc:122] Laser scans for [usv::sensor_6::sensor_link::lidar] advertised on [world/simple_demo/model/usv/model/sensor_6/link/sensor_link/sensor/lidar/scan]
(2023-05-19T12:03:35.806845054) (2023-05-19T12:03:35.806859164) [Dbg] [GpuLidarSensor.cc:164] Lidar points for [usv::sensor_6::sensor_link::lidar] advertised on [world/simple_demo/model/usv/model/sensor_6/link/sensor_link/sensor/lidar/scan/points]
(2023-05-19T12:03:35.807126545) (2023-05-19T12:03:35.807136125) [Msg] Loading plugin [ignition-rendering-ogre2]
(2023-05-19T12:03:35.960156280) (2023-05-19T12:03:35.960176950) [Dbg] [EntityComponentManager.cc:1587] Updated state thread iterators: 24 threads processing around 10 entities each.
(2023-05-19T12:03:40.552883230) (2023-05-19T12:03:40.552908260) [Msg] Scoring has Started
(2023-05-19T12:03:40.553239801) (2023-05-19T12:03:40.553260181) [Err] [GameLogicPlugin.cc:2121] Invalid configuration detected: 
[usv] Initial Position (10 40 0.299843) is not in the starting area -15 -15 -5 15 15 5
(2023-05-19T12:04:06.429035049) (2023-05-19T12:04:06.429055649) [Dbg] [SignalHandler.cc:141] Received signal[2].
(2023-05-19T12:04:06.429098970) (2023-05-19T12:04:06.429112510) [Dbg] [ServerPrivate.cc:110] Server received signal[2]
(2023-05-19T12:04:06.429155010) (2023-05-19T12:04:06.429169340) [Dbg] [Sensors.cc:406] SensorsPrivate::Stop
(2023-05-19T12:04:06.430898812) (2023-05-19T12:04:06.430916892) [Dbg] [Sensors.cc:392] SensorsPrivate::RenderThread stopped
(2023-05-19T12:04:06.439191438) (2023-05-19T12:04:06.439210628) [Dbg] [ign.cc:410] Shutting down ign-gazebo-server
(2023-05-19T12:04:06.442012164) (2023-05-19T12:04:06.442035654) ([Dbg] [SimulationRunner.cc:518] ((((2023-05-19T12:04:06.442105184) (2023-05-19T12:04:06.442129194) (2023-05-19T12:04:06.442176474) (2023-05-19T12:04:06.442205844) (2023-05-19T12:04:06.442059884) (2023-05-19T12:04:06.442288144) ((2023-05-19T12:04:06.442351814) (2023-05-19T12:04:06.442376124) ((2023-05-19T12:04:06.442410814) ) (2023-05-19T12:04:06.442433844) ) 2023-05-19T12:04:06.4424608242023-05-19T12:04:06.4421822542023-05-19T12:04:06.442485245) (2023-05-19T12:04:06.442519205) (2023-05-19T12:04:06.442560085) (2023-05-19T12:04:06.442584015) () (2023-05-19T12:04:06.442653675) 2023-05-19T12:04:06.442675145) 2023-05-19T12:04:06.442675145) ((2023-05-19T12:04:06.4426318052023-05-19T12:04:06.442697035) 2023-05-19T12:04:06.442398764) ((2023-05-19T12:04:06.442757155) 2023-05-19T12:04:06.442785255) (2023-05-19T12:04:06.442811795) ) (2023-05-19T12:04:06.442851175) 2023-05-19T12:04:06.442250734) (2023-05-19T12:04:06.442899755) ) ((2023-05-19T12:04:06.442970076) 2023-05-19T12:04:06.442946745) ) (Exiting postupdate worker thread ([Dbg] [SimulationRunner.cc:518] 2023-05-19T12:04:06.442925655) (2023-05-19T12:04:06.443096886) 2023-05-19T12:04:06.443119926) (2023-05-19T12:04:06.443148226) 2023-05-19T12:04:06.443037276) Exiting postupdate worker thread ([Dbg] [SimulationRunner.cc:518] ) (Exiting postupdate worker thread (2023-05-19T12:04:06.443251716Exiting postupdate worker thread (2023-05-19T12:04:06.443251716) Exiting postupdate worker thread ([Dbg] [SimulationRunner.cc:518] [Dbg] [SimulationRunner.cc:518] Exiting postupdate worker thread (Exiting postupdate worker thread (19)
Exiting postupdate worker thread ([Dbg] [SimulationRunner.cc:518] 12)
[Dbg] [SimulationRunner.cc:518] Exiting postupdate worker thread (17)
Exiting postupdate worker thread ([Dbg] [SimulationRunner.cc:518] [Dbg] [SimulationRunner.cc:518] [Dbg] [SimulationRunner.cc:518] 14)
[Dbg] [SimulationRunner.cc:518] Exiting postupdate worker thread (16)
[Dbg] [SimulationRunner.cc:518] Exiting postupdate worker thread ([Dbg] [SimulationRunner.cc:518] Exiting postupdate worker thread (0)
[Dbg] [SimulationRunner.cc:518] Exiting postupdate worker thread (18)
Exiting postupdate worker thread (15)
2)
Exiting postupdate worker thread (Exiting postupdate worker thread (8)
[Dbg] [SimulationRunner.cc:518] [Dbg] [SimulationRunner.cc:518] 5)
9)
1)
Exiting postupdate worker thread (Exiting postupdate worker thread (10)
4)
Exiting postupdate worker thread (Exiting postupdate worker thread (7)
Exiting postupdate worker thread (Exiting postupdate worker thread ([Dbg] [SimulationRunner.cc:518] 116)
Exiting postupdate worker thread ()

Exiting postupdate worker thread (13)
(2023-05-19T12:04:06.481601377) (2023-05-19T12:04:06.481617487) [Dbg] [Sensors.cc:406] SensorsPrivate::Stop
(2023-05-19T12:04:06.502196516) (2023-05-19T12:04:06.502215566) [Msg] Stopping recording
(2023-05-19T12:04:06.531470001) (2023-05-19T12:04:06.531495861) [Msg] Scoring has finished. Elapsed real time: 25 seconds. Elapsed sim time: 25 seconds. 
