(2023-03-15T21:57:18.95458383) (2023-03-15T21:57:18.95473303) [Msg] Ignition Gazebo Server v6.11.0
(2023-03-15T21:57:18.99084276) (2023-03-15T21:57:18.99104246) [Msg] Loading SDF world file[/home/developer/mbzirc_ws/install/share/mbzirc_ign/worlds/simple_demo.sdf].
(2023-03-15T21:57:18.409393478) (2023-03-15T21:57:18.409408568) [Msg] Serving entity system service on [/entity/system/add]
(2023-03-15T21:57:18.483198885) (2023-03-15T21:57:18.483225015) [Dbg] [Physics.cc:803] Loaded [ignition::physics::dartsim::Plugin] from library [/usr/lib/x86_64-linux-gnu/ign-physics-5/engine-plugins/libignition-physics-dartsim-plugin.so]
(2023-03-15T21:57:18.483293085) (2023-03-15T21:57:18.483301115) [Dbg] [SystemManager.cc:58] Loaded system [ignition::gazebo::systems::Physics] for entity [1]
(2023-03-15T21:57:18.486772948) (2023-03-15T21:57:18.486786158) [Msg] Create service on [/world/simple_demo/create]
(2023-03-15T21:57:18.486891248) (2023-03-15T21:57:18.486901248) [Msg] Remove service on [/world/simple_demo/remove]
(2023-03-15T21:57:18.486999348) (2023-03-15T21:57:18.487008748) [Msg] Pose service on [/world/simple_demo/set_pose]
(2023-03-15T21:57:18.487091538) (2023-03-15T21:57:18.487101818) [Msg] Pose service on [/world/simple_demo/set_pose_vector]
(2023-03-15T21:57:18.487227199) (2023-03-15T21:57:18.487237709) [Msg] Light configuration service on [/world/simple_demo/light_config]
(2023-03-15T21:57:18.487401969) (2023-03-15T21:57:18.487412539) [Msg] Physics service on [/world/simple_demo/set_physics]
(2023-03-15T21:57:18.487509099) (2023-03-15T21:57:18.487519619) [Msg] SphericalCoordinates service on [/world/simple_demo/set_spherical_coordinates]
(2023-03-15T21:57:18.487587929) (2023-03-15T21:57:18.487598239) [Msg] Enable collision service on [/world/simple_demo/enable_collision]
(2023-03-15T21:57:18.487664219) (2023-03-15T21:57:18.487674269) [Msg] Disable collision service on [/world/simple_demo/disable_collision]
(2023-03-15T21:57:18.487802149) (2023-03-15T21:57:18.487813549) [Msg] Material service on [/world/simple_demo/visual_config]
(2023-03-15T21:57:18.487900519) (2023-03-15T21:57:18.487910629) [Msg] Material service on [/world/simple_demo/wheel_slip]
(2023-03-15T21:57:18.487949869) (2023-03-15T21:57:18.487959809) [Dbg] [SystemManager.cc:58] Loaded system [ignition::gazebo::systems::UserCommands] for entity [1]
(2023-03-15T21:57:18.512175475) (2023-03-15T21:57:18.512188815) [Dbg] [Sensors.cc:479] Configuring Sensors system
(2023-03-15T21:57:18.512345846) (2023-03-15T21:57:18.512356686) [Dbg] [Sensors.cc:398] SensorsPrivate::Run
(2023-03-15T21:57:18.512430166) (2023-03-15T21:57:18.512441276) [Dbg] [SystemManager.cc:58] Loaded system [ignition::gazebo::systems::Sensors] for entity [1(]
2023-03-15T21:57:18.512494776) (2023-03-15T21:57:18.512535386) [Dbg] [Sensors.cc:378] SensorsPrivate::RenderThread started
(2023-03-15T21:57:18.512591646) (2023-03-15T21:57:18.512610476) [Dbg] [Sensors.cc:228] Waiting for init
(2023-03-15T21:57:18.516639989) (2023-03-15T21:57:18.516651749) [Dbg] [SystemManager.cc:58] Loaded system [ignition::gazebo::systems::AirPressure] for entity [1]
(2023-03-15T21:57:18.520180863) (2023-03-15T21:57:18.520191743) [Dbg] [SystemManager.cc:58] Loaded system [ignition::gazebo::systems::Altimeter] for entity [1]
(2023-03-15T21:57:18.522557446) (2023-03-15T21:57:18.522568636) [Dbg] [SystemManager.cc:58] Loaded system [ignition::gazebo::systems::Imu] for entity [1]
(2023-03-15T21:57:18.524981388) (2023-03-15T21:57:18.524993918) [Dbg] [SystemManager.cc:58] Loaded system [ignition::gazebo::systems::Magnetometer] for entity [1]
(2023-03-15T21:57:18.527473820) (2023-03-15T21:57:18.527485640) [Dbg] [SystemManager.cc:58] Loaded system [ignition::gazebo::systems::ForceTorque] for entity [1]
(2023-03-15T21:57:18.529552822) (2023-03-15T21:57:18.529565752) [Msg] Serving particle emitter information on [/world/simple_demo/particle_emitters]
(2023-03-15T21:57:18.529628192) (2023-03-15T21:57:18.529639552) [Dbg] [SystemManager.cc:58] Loaded system [ignition::gazebo::systems::ParticleEmitter2] for entity [1]
(2023-03-15T21:57:18.532744076) (2023-03-15T21:57:18.532762146) [Dbg] [SystemManager.cc:58] Loaded system [ignition::gazebo::systems::SceneBroadcaster] for entity [1]
(2023-03-15T21:57:18.534998469) (2023-03-15T21:57:18.535009769) [Dbg] [SystemManager.cc:58] Loaded system [ignition::gazebo::systems::Contact] for entity [1]
(2023-03-15T21:57:18.536979161) (2023-03-15T21:57:18.536990531) [Dbg] [RFComms.cc:385] Range configuration:
RF Configuration (range-based)
-- max_range: 500000
-- fading_exponent: 2.6
-- l0: 40
-- sigma: 10

(2023-03-15T21:57:18.537082011) (2023-03-15T21:57:18.537091641) [Dbg] [RFComms.cc:388] Radio configuration:
Radio Configuration
-- capacity: 1e+06
-- tx_power: 25
-- noise_floor: -90
-- modulation: QPSK

(2023-03-15T21:57:18.537562652) (2023-03-15T21:57:18.537573832) [Dbg] [Broker.cc:113] Broker services:
(2023-03-15T21:57:18.537599032) (2023-03-15T21:57:18.537608392) [Dbg] [Broker.cc:114]   Bind: [/broker/bind]
(2023-03-15T21:57:18.537636792) (2023-03-15T21:57:18.537644572) [Dbg] [Broker.cc:115]   Unbind: [/broker/unbind]
(2023-03-15T21:57:18.537672242) (2023-03-15T21:57:18.537681132) [Dbg] [Broker.cc:116] Broker topics:
(2023-03-15T21:57:18.537703442) (2023-03-15T21:57:18.537712992) [Dbg] [Broker.cc:117]   Incoming messages: [/broker/msgs]
(2023-03-15T21:57:18.537745682) (2023-03-15T21:57:18.537755932) [Dbg] [SystemManager.cc:58] Loaded system [ignition::gazebo::systems::RFComms] for entity [1]
(2023-03-15T21:57:18.544412708) (2023-03-15T21:57:18.544424098) [Dbg] [RFRange.cc:339] RFRange sensor range configuration:
RF Configuration (range-based)
-- max_range: 500000
-- fading_exponent: 2.6
-- l0: 40
-- sigma: 0.005
-- rssi_1: -15

(2023-03-15T21:57:18.544523388) (2023-03-15T21:57:18.544533288) [Dbg] [RFRange.cc:342] RFRange sensor radio configuration:
Radio Configuration
-- tx_power: 25
-- noise_floor: -90

(2023-03-15T21:57:18.544602748) (2023-03-15T21:57:18.544611148) [Dbg] [SystemManager.cc:58] Loaded system [ignition::gazebo::systems::RFRange] for entity [1]
(2023-03-15T21:57:18.550070934) (2023-03-15T21:57:18.550081814) [Msg] Recording to log file [/tmp/ign/mbzirc/playback/state.tlog]
(2023-03-15T21:57:18.550116544) (2023-03-15T21:57:18.550125544) [Dbg] [LogRecord.cc:334] Recording default topic[/playback/sdf].
(2023-03-15T21:57:18.550149834) (2023-03-15T21:57:18.550158764) [Dbg] [LogRecord.cc:335] Recording default topic[/world/simple_demo/changed_state].
(2023-03-15T21:57:18.599074064) (2023-03-15T21:57:18.599095824) [Dbg] [SystemManager.cc:58] Loaded system [ignition::gazebo::systems::LogRecord] for entity [1]
(2023-03-15T21:57:18.602872419) (2023-03-15T21:57:18.602892999) [Dbg] [SystemManager.cc:58] Loaded system [ignition::gazebo::systems::WindEffects] for entity [1]
(2023-03-15T21:57:18.615361262) (2023-03-15T21:57:18.615377812) [Msg] MBZIRC log path: /tmp/ign/mbzirc/logs
(2023-03-15T21:57:18.615438812) (2023-03-15T21:57:18.615451422) [Wrn] [Filesystem.cc:140] The path [/tmp/ign/mbzirc/logs] does not refer to a directory nor to a file
(2023-03-15T21:57:18.615659342) (2023-03-15T21:57:18.615672942) [Msg] Run duration set to 3600 seconds.
(2023-03-15T21:57:18.615765202) (2023-03-15T21:57:18.615780362) [Msg] Geofence boundary min: -70 -70 -25, max: 70 70 121.92
(2023-03-15T21:57:18.615910352) (2023-03-15T21:57:18.615924992) [Msg] Start area boundary min: -15 -15 -5, max: 15 15 5
(2023-03-15T21:57:18.616044862) (2023-03-15T21:57:18.616058512) [Msg] Setup duration set to 600 seconds.
(2023-03-15T21:57:18.616111292) (2023-03-15T21:57:18.616126562) [Msg] Target vessel: Vessel A
(2023-03-15T21:57:18.616200853) (2023-03-15T21:57:18.616229343) [Msg]   Small object: small_blue_box_a
(2023-03-15T21:57:18.616271223) (2023-03-15T21:57:18.616286383) [Msg]   Small object: small_blue_box_a_duplicate
(2023-03-15T21:57:18.616336593) (2023-03-15T21:57:18.616349823) [Msg]   Large object: large_dry_box_a
(2023-03-15T21:57:18.616395643) (2023-03-15T21:57:18.616412413) [Msg]   Large object: large_dry_box_a_duplicate
(2023-03-15T21:57:18.618051545) (2023-03-15T21:57:18.618075995) [Msg] Starting MBZIRC
(2023-03-15T21:57:18.618246375) (2023-03-15T21:57:18.618266165) [Dbg] [SystemManager.cc:58] Loaded system [mbzirc::GameLogicPlugin] for entity [1]
(2023-03-15T21:57:18.631040698) (2023-03-15T21:57:18.631051278) [Msg] Using Pierson-Moskowitz spectrum sampling wavefield model 
(2023-03-15T21:57:18.631573049) (2023-03-15T21:57:18.631587019) [Msg] Using Pierson-Moskowitz spectrum sampling wavefield model 
(2023-03-15T21:57:18.995890457) (2023-03-15T21:57:18.995915497) [Msg] Input Parameters:
(2023-03-15T21:57:18.995970747) (2023-03-15T21:57:18.996007807) [Msg] model:     PMS
(2023-03-15T21:57:18.996066797) (2023-03-15T21:57:18.996090237) [Msg] number:     3
(2023-03-15T21:57:18.996143277) (2023-03-15T21:57:18.996165457) [Msg] scale:      1.1
(2023-03-15T21:57:18.996226188) (2023-03-15T21:57:18.996248478) [Msg] angle:      0.4
(2023-03-15T21:57:18.996299208) (2023-03-15T21:57:18.996319768) [Msg] steepness:  0
(2023-03-15T21:57:18.996367528) (2023-03-15T21:57:18.996386298) [Msg] amplitude:  0
(2023-03-15T21:57:18.996434728) (2023-03-15T21:57:18.996451158) [Msg] period:     5
(2023-03-15T21:57:18.996502198) (2023-03-15T21:57:18.996518768) [Msg] direction:  1 0
(2023-03-15T21:57:18.996594738) (2023-03-15T21:57:18.996611628) [Msg] tau:  2
(2023-03-15T21:57:18.996660918) (2023-03-15T21:57:18.996676658) [Msg] gain:  0.3
(2023-03-15T21:57:18.996726518) (2023-03-15T21:57:18.996742378) [Msg] Derived Parameters:
(2023-03-15T21:57:18.996783108) (2023-03-15T21:57:18.996799078) [Msg] amplitudes:  0.0363502, 0.0392277, 0.0385703, 
(2023-03-15T21:57:18.996909528) (2023-03-15T21:57:18.996926748) [Msg] wavenumbers: 0.133171, 0.161136, 0.194975, 
(2023-03-15T21:57:18.997020668) (2023-03-15T21:57:18.997038698) [Msg] omegas:      1.1424, 1.25664, 1.3823, 
(2023-03-15T21:57:18.997128098) (2023-03-15T21:57:18.997144458) [Msg] periods:     (2023-03-15T21:57:18.997192898) (2023-03-15T21:57:18.997209968) [Msg] 5.5, (2023-03-15T21:57:18.997259258) (2023-03-15T21:57:18.997276158) [Msg] 5, (2023-03-15T21:57:18.997321448) (2023-03-15T21:57:18.997339748) [Msg] 4.54545, (2023-03-15T21:57:18.997380198) (2023-03-15T21:57:18.997400158) [Msg] 
(2023-03-15T21:57:18.997432818) (2023-03-15T21:57:18.997450478) [Msg] phases:      0, 0, 0, 
(2023-03-15T21:57:18.997540408) (2023-03-15T21:57:18.997560608) [Msg] steepnesses: 0, 0, 0, 
(2023-03-15T21:57:18.997647329) (2023-03-15T21:57:18.997664079) [Msg] directions:  (2023-03-15T21:57:18.997707149) (2023-03-15T21:57:18.997723209) [Msg] 0.921061 -0.389418; (2023-03-15T21:57:18.997787949) (2023-03-15T21:57:18.997806089) [Msg] 1 0; (2023-03-15T21:57:18.997864879) (2023-03-15T21:57:18.997882859) [Msg] 0.921061 0.389418; (2023-03-15T21:57:18.997943759) (2023-03-15T21:57:18.997960899) [Msg] 
(2023-03-15T21:57:18.998713189) (2023-03-15T21:57:18.998732079) [Dbg] [SystemManager.cc:58] Loaded system [ignition::gazebo::systems::WaveVisual] for entity [23]
(2023-03-15T21:57:19.5688647) (2023-03-15T21:57:19.5698917) [Msg] Using Pierson-Moskowitz spectrum sampling wavefield model 
(2023-03-15T21:57:19.5885127) (2023-03-15T21:57:19.5895177) [Msg] Using Pierson-Moskowitz spectrum sampling wavefield model 
(2023-03-15T21:57:19.5933997) (2023-03-15T21:57:19.5942907) [Msg] Input Parameters:
(2023-03-15T21:57:19.5961367) (2023-03-15T21:57:19.5969987) [Msg] model:     PMS
(2023-03-15T21:57:19.5993257) (2023-03-15T21:57:19.6002157) [Msg] number:     3
(2023-03-15T21:57:19.6025217) (2023-03-15T21:57:19.6034257) [Msg] scale:      1.1
(2023-03-15T21:57:19.6057477) (2023-03-15T21:57:19.6065417) [Msg] angle:      0.4
(2023-03-15T21:57:19.6088147) (2023-03-15T21:57:19.6097017) [Msg] steepness:  0
(2023-03-15T21:57:19.6121027) (2023-03-15T21:57:19.6129237) [Msg] amplitude:  0
(2023-03-15T21:57:19.6151457) (2023-03-15T21:57:19.6160387) [Msg] period:     5
(2023-03-15T21:57:19.6182527) (2023-03-15T21:57:19.6191307) [Msg] direction:  1 0
(2023-03-15T21:57:19.6225807) (2023-03-15T21:57:19.6233638) [Msg] tau:  2
(2023-03-15T21:57:19.6257258) (2023-03-15T21:57:19.6265538) [Msg] gain:  0.3
(2023-03-15T21:57:19.6288688) (2023-03-15T21:57:19.6296528) [Msg] Derived Parameters:
(2023-03-15T21:57:19.6316508) (2023-03-15T21:57:19.6330408) [Msg] amplitudes:  0.0363502, 0.0392277, 0.0385703, 
(2023-03-15T21:57:19.6377788) (2023-03-15T21:57:19.6385588) [Msg] wavenumbers: 0.133171, 0.161136, 0.194975, 
(2023-03-15T21:57:19.6424648) (2023-03-15T21:57:19.6432338) [Msg] omegas:      1.1424, 1.25664, 1.3823, 
(2023-03-15T21:57:19.6470358) (2023-03-15T21:57:19.6477918) [Msg] periods:     (2023-03-15T21:57:19.6492178) (2023-03-15T21:57:19.6500048) [Msg] 5.5, (2023-03-15T21:57:19.6518308) (2023-03-15T21:57:19.6526838) [Msg] 5, (2023-03-15T21:57:19.6545488) (2023-03-15T21:57:19.6554728) [Msg] 4.54545, (2023-03-15T21:57:19.6574288) (2023-03-15T21:57:19.6582588) [Msg] 
(2023-03-15T21:57:19.6598378) (2023-03-15T21:57:19.6607388) [Msg] phases:      0, 0, 0, 
(2023-03-15T21:57:19.6647838) (2023-03-15T21:57:19.6656028) [Msg] steepnesses: 0, 0, 0, 
(2023-03-15T21:57:19.6696528) (2023-03-15T21:57:19.6704828) [Msg] directions:  (2023-03-15T21:57:19.6719128) (2023-03-15T21:57:19.6726408) [Msg] 0.921061 -0.389418; (2023-03-15T21:57:19.6757638) (2023-03-15T21:57:19.6767098) [Msg] 1 0; (2023-03-15T21:57:19.6798338) (2023-03-15T21:57:19.6807288) [Msg] 0.921061 0.389418; (2023-03-15T21:57:19.6835158) (2023-03-15T21:57:19.6843538) [Msg] 
(2023-03-15T21:57:19.6879468) (2023-03-15T21:57:19.6887718) [Dbg] [Surface.cc:161] Surface plugin successfully configured with the following parameters:
(2023-03-15T21:57:19.6913858) (2023-03-15T21:57:19.6921068) [Dbg] [Surface.cc:163]   <link_name>: link
(2023-03-15T21:57:19.6944368) (2023-03-15T21:57:19.6952668) [Dbg] [Surface.cc:164]   <vehicle_length>: 6
(2023-03-15T21:57:19.6977558) (2023-03-15T21:57:19.6986368) [Dbg] [Surface.cc:165]   <vehicle_width>: 3.3
(2023-03-15T21:57:19.7010718) (2023-03-15T21:57:19.7018418) [Dbg] [Surface.cc:166]   <hull_radius>: 1.9
(2023-03-15T21:57:19.7042328) (2023-03-15T21:57:19.7050458) [Dbg] [Surface.cc:167]   <num_samples>: 2
(2023-03-15T21:57:19.7077678) (2023-03-15T21:57:19.7088429) [Dbg] [Surface.cc:168]   <fluid_level>: 0.45
(2023-03-15T21:57:19.7116359) (2023-03-15T21:57:19.7125099) [Dbg] [Surface.cc:169]   <fluid_density>: 997.774
(2023-03-15T21:57:19.7165959) (2023-03-15T21:57:19.7174529) [Dbg] [SystemManager.cc:58] Loaded system [ignition::gazebo::systems::Surface] for entity [24]
(2023-03-15T21:57:19.12207993) (2023-03-15T21:57:19.12221153) [Dbg] [SimpleHydrodynamics.cc:167] SimpleHydrodynamics plugin successfully configured with the following parameters:
(2023-03-15T21:57:19.12256273) (2023-03-15T21:57:19.12267243) [Dbg] [SimpleHydrodynamics.cc:169]   <link_name>: link
(2023-03-15T21:57:19.12300853) (2023-03-15T21:57:19.12312553) [Dbg] [SimpleHydrodynamics.cc:170]   <xDotU>: 0
(2023-03-15T21:57:19.12343223) (2023-03-15T21:57:19.12351193) [Dbg] [SimpleHydrodynamics.cc:171]   <yDotV>: 0
(2023-03-15T21:57:19.12373273) (2023-03-15T21:57:19.12382193) [Dbg] [SimpleHydrodynamics.cc:172]   <zDotW>: 0.1
(2023-03-15T21:57:19.12405973) (2023-03-15T21:57:19.12413203) [Dbg] [SimpleHydrodynamics.cc:173]   <kDotP>: 0.1
(2023-03-15T21:57:19.12442223) (2023-03-15T21:57:19.12452503) [Dbg] [SimpleHydrodynamics.cc:174]   <mDotQ>: 0.1
(2023-03-15T21:57:19.12478043) (2023-03-15T21:57:19.12485923) [Dbg] [SimpleHydrodynamics.cc:175]   <nDotR>: 0
(2023-03-15T21:57:19.12507873) (2023-03-15T21:57:19.12516093) [Dbg] [SimpleHydrodynamics.cc:176]   <xU>: 510.3
(2023-03-15T21:57:19.12541973) (2023-03-15T21:57:19.12550593) [Dbg] [SimpleHydrodynamics.cc:177]   <xUU>: 720.4
(2023-03-15T21:57:19.12576313) (2023-03-15T21:57:19.12585633) [Dbg] [SimpleHydrodynamics.cc:178]   <yV>: 400
(2023-03-15T21:57:19.12611063) (2023-03-15T21:57:19.12619103) [Dbg] [SimpleHydrodynamics.cc:179]   <yVV>: 0
(2023-03-15T21:57:19.12643933) (2023-03-15T21:57:19.12652113) [Dbg] [SimpleHydrodynamics.cc:180]   <zW>: 5000
(2023-03-15T21:57:19.12677013) (2023-03-15T21:57:19.12684703) [Dbg] [SimpleHydrodynamics.cc:181]   <zWW>: 0
(2023-03-15T21:57:19.12706033) (2023-03-15T21:57:19.12714433) [Dbg] [SimpleHydrodynamics.cc:182]   <kP>: 500
(2023-03-15T21:57:19.12738633) (2023-03-15T21:57:19.12747563) [Dbg] [SimpleHydrodynamics.cc:183]   <kPP>: 0
(2023-03-15T21:57:19.12783463) (2023-03-15T21:57:19.12791363) [Dbg] [SimpleHydrodynamics.cc:184]   <mQ>: 500
(2023-03-15T21:57:19.12816523) (2023-03-15T21:57:19.12824893) [Dbg] [SimpleHydrodynamics.cc:185]   <mQQ>: 0
(2023-03-15T21:57:19.12848543) (2023-03-15T21:57:19.12855913) [Dbg] [SimpleHydrodynamics.cc:186]   <nR>: 15000
(2023-03-15T21:57:19.12880643) (2023-03-15T21:57:19.12888423) [Dbg] [SimpleHydrodynamics.cc:187]   <nRR>: 0
(2023-03-15T21:57:19.12916724) (2023-03-15T21:57:19.12925934) [Dbg] [SystemManager.cc:58] Loaded system [ignition::gazebo::systems::SimpleHydrodynamics] for entity [24]
(2023-03-15T21:57:19.15331096) (2023-03-15T21:57:19.15341706) [Dbg] [SystemManager.cc:58] Loaded system [ignition::gazebo::systems::DetachableJoint] for entity [28]
(2023-03-15T21:57:19.15841537) (2023-03-15T21:57:19.15852297) [Dbg] [SystemManager.cc:58] Loaded system [ignition::gazebo::systems::DetachableJoint] for entity [44]
(2023-03-15T21:57:19.16631968) (2023-03-15T21:57:19.16641828) [Dbg] [SystemManager.cc:58] Loaded system [ignition::gazebo::systems::DetachableJoint] for entity [60]
(2023-03-15T21:57:19.17407489) (2023-03-15T21:57:19.17416939) [Dbg] [SystemManager.cc:58] Loaded system [ignition::gazebo::systems::DetachableJoint] for entity [112]
(2023-03-15T21:57:19.19350621) (2023-03-15T21:57:19.19360571) [Dbg] [SystemManager.cc:58] Loaded system [ignition::gazebo::systems::CommsEndpoint] for entity [164]
(2023-03-15T21:57:19.19535791) (2023-03-15T21:57:19.19545361) [Dbg] [SystemManager.cc:58] Loaded system [ignition::gazebo::systems::CommsEndpoint] for entity [164]
(2023-03-15T21:57:19.29798741) (2023-03-15T21:57:19.29819671) [Dbg] [SystemManager.cc:58] Loaded system [mbzirc::BaseStation] for entity [164]
(2023-03-15T21:57:19.37463440) (2023-03-15T21:57:19.37473600) [Msg] EntityDetector publishing messages on [/mbzirc/target_object_detector/dropped]
(2023-03-15T21:57:19.37631760) (2023-03-15T21:57:19.37641370) [Dbg] [SystemManager.cc:58] Loaded system [mbzirc::EntityDetector] for entity [168]
(2023-03-15T21:57:19.37742470) (2023-03-15T21:57:19.37751490) [Msg] Loaded level [3]
(2023-03-15T21:57:19.38050970) (2023-03-15T21:57:19.38061160) [Msg] Serving world controls on [/world/simple_demo/control], [/world/simple_demo/control/state] and [/world/simple_demo/playback/control]
(2023-03-15T21:57:19.38189950) (2023-03-15T21:57:19.38201370) [Msg] Serving GUI information on [/world/simple_demo/gui/info]
(2023-03-15T21:57:19.38237640) (2023-03-15T21:57:19.38245700) [Msg] World [simple_demo] initialized with [4ms] physics profile.
(2023-03-15T21:57:19.38363130) (2023-03-15T21:57:19.38375430) [Msg] Serving world SDF generation service on [/world/simple_demo/generate_world_sdf]
(2023-03-15T21:57:19.38460100) (2023-03-15T21:57:19.38472190) [Msg] Serving world names on [/gazebo/worlds]
(2023-03-15T21:57:19.38559400) (2023-03-15T21:57:19.38570860) [Msg] Resource path add service on [/gazebo/resource_paths/add].
(2023-03-15T21:57:19.38660931) (2023-03-15T21:57:19.38675861) [Msg] Resource path get service on [/gazebo/resource_paths/get].
(2023-03-15T21:57:19.138997655) (2023-03-15T21:57:19.139025065) [Msg] Resource path resolve service on [/gazebo/resource_paths/resolve].
(2023-03-15T21:57:19.139215475) (2023-03-15T21:57:19.139245925) [Msg] Resource paths published on [/gazebo/resource_paths].
(2023-03-15T21:57:19.139531415) (2023-03-15T21:57:19.139554505) [Msg] Server control service on [/server_control].
(2023-03-15T21:57:19.139816556) (2023-03-15T21:57:19.139846826) [Msg] Found no publishers on /stats, adding root stats topic
(2023-03-15T21:57:19.240272440) (2023-03-15T21:57:19.240296170) [Msg] Found no publishers on /clock, adding root clock topic
(2023-03-15T21:57:19.240601321) (2023-03-15T21:57:19.240620581) [Dbg] [SimulationRunner.cc:491] Creating PostUpdate worker threads: 13
(2023-03-15T21:57:19.240672091) (2023-03-15T21:57:19.240687731) [Dbg] [SimulationRunner.cc:502] Creating postupdate worker thread (0)
(2023-03-15T21:57:19.240833191) (2023-03-15T21:57:19.240854211) [Dbg] [SimulationRunner.cc:502] Creating postupdate worker thread (1)
(2023-03-15T21:57:19.240979661) (2023-03-15T21:57:19.240999081) [Dbg] [SimulationRunner.cc:502] Creating postupdate worker thread (2)
(2023-03-15T21:57:19.241110281) (2023-03-15T21:57:19.241138361) [Dbg] [SimulationRunner.cc:502] Creating postupdate worker thread (3)
(2023-03-15T21:57:19.241244391) (2023-03-15T21:57:19.241263891) [Dbg] [SimulationRunner.cc:502] Creating postupdate worker thread (4)
(2023-03-15T21:57:19.241368991) (2023-03-15T21:57:19.241389231) [Dbg] [SimulationRunner.cc:502] Creating postupdate worker thread (5)
(2023-03-15T21:57:19.241504362) (2023-03-15T21:57:19.241529892) [Dbg] [SimulationRunner.cc:502] Creating postupdate worker thread (6)
(2023-03-15T21:57:19.241648412) (2023-03-15T21:57:19.241674132) [Dbg] [SimulationRunner.cc:502] Creating postupdate worker thread (7)
(2023-03-15T21:57:19.241796502) (2023-03-15T21:57:19.241815172) [Dbg] [SimulationRunner.cc:502] Creating postupdate worker thread (8)
(2023-03-15T21:57:19.241921062) (2023-03-15T21:57:19.241947232) [Dbg] [SimulationRunner.cc:502] Creating postupdate worker thread (9)
(2023-03-15T21:57:19.242086942) (2023-03-15T21:57:19.242109602) [Dbg] [SimulationRunner.cc:502] Creating postupdate worker thread (10)
(2023-03-15T21:57:19.242228922) (2023-03-15T21:57:19.242250622) [Dbg] [SimulationRunner.cc:502] Creating postupdate worker thread (11)
(2023-03-15T21:57:19.242752493) (2023-03-15T21:57:19.242773223) [Msg] Particle emitter[simple_demo::dust_storm::link::dust_storm] subscribed to command messages on topic[/model/dust_storm/link/link/particle_emitter/dust_storm/cmd]
(2023-03-15T21:57:19.242974073) (2023-03-15T21:57:19.242992143) [Msg] Particle emitter[simple_demo::fog::link::fog] subscribed to command messages on topic[/model/fog/link/link/particle_emitter/fog/cmd]
(2023-03-15T21:57:19.245011556) (2023-03-15T21:57:19.245033336) [Msg] DetachableJoint subscribing to messages on [/Vessel_A/detach]
(2023-03-15T21:57:19.245192006) (2023-03-15T21:57:19.245214676) [Msg] DetachableJoint subscribing to messages on [/Vessel_A/detach]
(2023-03-15T21:57:19.245381536) (2023-03-15T21:57:19.245406386) [Msg] DetachableJoint subscribing to messages on [/Vessel_A/detach]
(2023-03-15T21:57:19.245582046) (2023-03-15T21:57:19.245610386) [Msg] DetachableJoint subscribing to messages on [/Vessel_A/detach]
(2023-03-15T21:57:19.245876337) (2023-03-15T21:57:19.245906107) [Msg] Address [base_station/target] bound to model [base_station] on topic [base_station/target]
(2023-03-15T21:57:19.246048427) (2023-03-15T21:57:19.246076697) [Dbg] [CommsEndpoint.cc:89] Succesfuly bound to [base_station/target] on topic [base_station/target]
(2023-03-15T21:57:19.246292817) (2023-03-15T21:57:19.246321287) [Msg] Address [base_station/video] bound to model [base_station] on topic [base_station/video]
(2023-03-15T21:57:19.246467697) (2023-03-15T21:57:19.246498187) [Dbg] [CommsEndpoint.cc:89] Succesfuly bound to [base_station/video] on topic [base_station/video]
(2023-03-15T21:57:19.327523821) (2023-03-15T21:57:19.327543741) [Dbg] [Physics.cc:1593] Creating detachable joint [170]
(2023-03-15T21:57:19.327707631) (2023-03-15T21:57:19.327721481) [Dbg] [Physics.cc:1593] Creating detachable joint [171]
(2023-03-15T21:57:19.327860212) (2023-03-15T21:57:19.327870212) [Dbg] [Physics.cc:1593] Creating detachable joint [172]
(2023-03-15T21:57:19.328200342) (2023-03-15T21:57:19.328212362) [Dbg] [Physics.cc:1593] Creating detachable joint [173]
(2023-03-15T21:57:19.329361743) (2023-03-15T21:57:19.329371883) [Dbg] [SimulationFeatures.cc:63] Simulation timestep set to: 0.004
(2023-03-15T21:57:19.340286884) (2023-03-15T21:57:19.340313404) [Msg] Serving scene information on [/world/simple_demo/scene/info]
(2023-03-15T21:57:19.340473264) (2023-03-15T21:57:19.340491685) [Msg] Serving graph information on [/world/simple_demo/scene/graph]
(2023-03-15T21:57:19.340633605) (2023-03-15T21:57:19.340651775) [Msg] Serving full state on [/world/simple_demo/state]
(2023-03-15T21:57:19.340785555) (2023-03-15T21:57:19.340801805) [Msg] Serving full state (async) on [/world/simple_demo/state_async]((
2023-03-15T21:57:19.340907215) (2023-03-15T21:57:19.340931635) [Wrn] [Model.hh:69] Skipping serialization / deserialization for models with //pose/@relative_to attribute.
(2023-03-15T21:57:19.341029155) (2023-03-15T21:57:19.341057335) [Msg] Publishing scene information on [/world/simple_demo/scene/info]
(2023-03-15T21:57:19.341261155) (2023-03-15T21:57:19.341282585) [Msg] Publishing entity deletions on [/world/simple_demo/scene/deletion]
(2023-03-15T21:57:19.341410406) (2023-03-15T21:57:19.341433106) [Msg] Publishing state changes on [/world/simple_demo/state]
(2023-03-15T21:57:19.341594306) (2023-03-15T21:57:19.341614836) [Msg] Publishing pose messages on [/world/simple_demo/pose/info]
(2023-03-15T21:57:19.341753336) (2023-03-15T21:57:19.341772106) [Msg] Publishing dynamic pose messages on [/world/simple_demo/dynamic_pose/info]
(2023-03-15T21:57:19.341870706) (2023-03-15T21:57:19.341885976) [Wrn] [Component.hh:144] Trying to serialize component with data type [N3sdf3v125WorldE], which doesn't have `operator<<`. Component will not be serialized.
(2023-03-15T21:57:19.342123106) (2023-03-15T21:57:19.342143696) [Dbg] [EntityComponentManager.cc:1587] Updated state thread iterators: 24 threads processing around 8 entities each.
(2023-03-15T21:57:19.365697330) (2023-03-15T21:57:19.365719440) [Dbg] [EntityComponentManager.cc:1587] Updated state thread iterators: 24 threads processing around 8 entities each.
(2023-03-15T21:57:42.115398830) (2023-03-15T21:57:42.115412940) [Msg] Linear velocity initialized to [0 0 0]
(2023-03-15T21:57:42.115465770) (2023-03-15T21:57:42.115474160) [Msg] Angular velocity initialized to [0 0 0]
(2023-03-15T21:57:42.115632940) (2023-03-15T21:57:42.115643070) [Msg] VelocityControl subscribing to twist messages on [/model/usv/cmd_vel]
(2023-03-15T21:57:42.115679110) (2023-03-15T21:57:42.115688050) [Dbg] [SystemManager.cc:58] Loaded system [ignition::gazebo::systems::VelocityControl] for entity [174]
(2023-03-15T21:57:42.117658183) (2023-03-15T21:57:42.117670263) [Dbg] [OdometryPublisher.cc:191] OdometryPublisher system plugin missing <dimensions>, defaults to "2"
(2023-03-15T21:57:42.117819163) (2023-03-15T21:57:42.117828923) [Msg] OdometryPublisher publishing odometry on [/model/usv/odometry]
(2023-03-15T21:57:42.117925873) (2023-03-15T21:57:42.117936443) [Msg] OdometryPublisher publishing odometry with covariance on [/model/usv/odometry_with_covariance]
(2023-03-15T21:57:42.118011583) (2023-03-15T21:57:42.118021953) [Msg] OdometryPublisher publishing Pose_V (TF) on [/model/usv/pose]
(2023-03-15T21:57:42.118059403) (2023-03-15T21:57:42.118068743) [Dbg] [SystemManager.cc:58] Loaded system [ignition::gazebo::systems::OdometryPublisher] for entity [174]
(2023-03-15T21:57:42.121007617) (2023-03-15T21:57:42.121021977) [Msg] Thruster listening to commands in [/model/usv/joint/left_engine_propeller_joint/cmd_thrust]
(2023-03-15T21:57:42.121095657) (2023-03-15T21:57:42.121105047) [Dbg] [Thruster.cc:288] Using velocity control for propeller joint.
(2023-03-15T21:57:42.121132067) (2023-03-15T21:57:42.121140767) [Dbg] [SystemManager.cc:58] Loaded system [ignition::gazebo::systems::Thruster] for entity [174]
(2023-03-15T21:57:42.123354249) (2023-03-15T21:57:42.123365329) [Dbg] [JointPositionController.cc:205] [JointPositionController] system parameters:
(2023-03-15T21:57:42.123391619) (2023-03-15T21:57:42.123401139) [Dbg] [JointPositionController.cc:206] p_gain: [1]
(2023-03-15T21:57:42.123432980) (2023-03-15T21:57:42.123443040) [Dbg] [JointPositionController.cc:207] i_gain: [0.1]
(2023-03-15T21:57:42.123473980) (2023-03-15T21:57:42.123482030) [Dbg] [JointPositionController.cc:208] d_gain: [0.01]
(2023-03-15T21:57:42.123512300) (2023-03-15T21:57:42.123521170) [Dbg] [JointPositionController.cc:209] i_max: [1]
(2023-03-15T21:57:42.123552030) (2023-03-15T21:57:42.123561150) [Dbg] [JointPositionController.cc:210] i_min: [-1]
(2023-03-15T21:57:42.123591060) (2023-03-15T21:57:42.123600120) [Dbg] [JointPositionController.cc:211] cmd_max: [1000]
(2023-03-15T21:57:42.123630220) (2023-03-15T21:57:42.123640250) [Dbg] [JointPositionController.cc:212] cmd_min: [-1000]
(2023-03-15T21:57:42.123674640) (2023-03-15T21:57:42.123683660) [Dbg] [JointPositionController.cc:213] cmd_offset: [0]
(2023-03-15T21:57:42.123711370) (2023-03-15T21:57:42.123719260) [Dbg] [JointPositionController.cc:214] Topic: [usv/left/thruster/joint/cmd_pos]
(2023-03-15T21:57:42.123748570) (2023-03-15T21:57:42.123757010) [Dbg] [JointPositionController.cc:215] initial_position: [0]
(2023-03-15T21:57:42.123790180) (2023-03-15T21:57:42.123798740) [Dbg] [SystemManager.cc:58] Loaded system [ignition::gazebo::systems::JointPositionController] for entity [174]
(2023-03-15T21:57:42.124110270) (2023-03-15T21:57:42.124122070) [Msg] Thruster listening to commands in [/model/usv/joint/right_engine_propeller_joint/cmd_thrust]
(2023-03-15T21:57:42.124172390) (2023-03-15T21:57:42.124181980) [Dbg] [Thruster.cc:288] Using velocity control for propeller joint.
(2023-03-15T21:57:42.124207560) (2023-03-15T21:57:42.124216360) [Dbg] [SystemManager.cc:58] Loaded system [ignition::gazebo::systems::Thruster] for entity [174]
(2023-03-15T21:57:42.124459221) (2023-03-15T21:57:42.124470481) [Dbg] [JointPositionController.cc:205] [JointPositionController] system parameters:
(2023-03-15T21:57:42.124493121) (2023-03-15T21:57:42.124501771) [Dbg] [JointPositionController.cc:206] p_gain: [1]
(2023-03-15T21:57:42.124532221) (2023-03-15T21:57:42.124542081) [Dbg] [JointPositionController.cc:207] i_gain: [0.1]
(2023-03-15T21:57:42.124570051) (2023-03-15T21:57:42.124577711) [Dbg] [JointPositionController.cc:208] d_gain: [0.01]
(2023-03-15T21:57:42.124603921) (2023-03-15T21:57:42.124612691) [Dbg] [JointPositionController.cc:209] i_max: [1]
(2023-03-15T21:57:42.124640951) (2023-03-15T21:57:42.124651321) [Dbg] [JointPositionController.cc:210] i_min: [-1]
(2023-03-15T21:57:42.124680871) (2023-03-15T21:57:42.124689251) [Dbg] [JointPositionController.cc:211] cmd_max: [1000]
(2023-03-15T21:57:42.124718011) (2023-03-15T21:57:42.124725941) [Dbg] [JointPositionController.cc:212] cmd_min: [-1000]
(2023-03-15T21:57:42.124752701) (2023-03-15T21:57:42.124761611) [Dbg] [JointPositionController.cc:213] cmd_offset: [0]
(2023-03-15T21:57:42.124787601) (2023-03-15T21:57:42.124795081) [Dbg] [JointPositionController.cc:214] Topic: [usv/right/thruster/joint/cmd_pos]
(2023-03-15T21:57:42.124820231) (2023-03-15T21:57:42.124828171) [Dbg] [JointPositionController.cc:215] initial_position: [0]
(2023-03-15T21:57:42.124857261) (2023-03-15T21:57:42.124865301) [Dbg] [SystemManager.cc:58] Loaded system [ignition::gazebo::systems::JointPositionController] for entity [174]
(2023-03-15T21:57:42.125100391) (2023-03-15T21:57:42.125111341) [Msg] Using Pierson-Moskowitz spectrum sampling wavefield model 
(2023-03-15T21:57:42.125235901) (2023-03-15T21:57:42.125244821) [Msg] Using Pierson-Moskowitz spectrum sampling wavefield model 
(2023-03-15T21:57:42.125310481) (2023-03-15T21:57:42.125320731) [Msg] Input Parameters:
(2023-03-15T21:57:42.125342061) (2023-03-15T21:57:42.125351221) [Msg] model:     PMS
(2023-03-15T21:57:42.125376391) (2023-03-15T21:57:42.125386561) [Msg] number:     3
(2023-03-15T21:57:42.125411771) (2023-03-15T21:57:42.125420351) [Msg] scale:      1.1
(2023-03-15T21:57:42.125446101) (2023-03-15T21:57:42.125454821) [Msg] angle:      0.4
(2023-03-15T21:57:42.125485711) (2023-03-15T21:57:42.125494781) [Msg] steepness:  0
(2023-03-15T21:57:42.125519991) (2023-03-15T21:57:42.125529071) [Msg] amplitude:  0
(2023-03-15T21:57:42.125557201) (2023-03-15T21:57:42.125566991) [Msg] period:     5
(2023-03-15T21:57:42.125593671) (2023-03-15T21:57:42.125602371) [Msg] direction:  1 0
(2023-03-15T21:57:42.125639921) (2023-03-15T21:57:42.125649261) [Msg] tau:  2
(2023-03-15T21:57:42.125675971) (2023-03-15T21:57:42.125685631) [Msg] gain:  0.3
(2023-03-15T21:57:42.125715711) (2023-03-15T21:57:42.125724731) [Msg] Derived Parameters:
(2023-03-15T21:57:42.125744811) (2023-03-15T21:57:42.125753901) [Msg] amplitudes:  0.0363502, 0.0392277, 0.0385703, 
(2023-03-15T21:57:42.125803661) (2023-03-15T21:57:42.125813831) [Msg] wavenumbers: 0.133171, 0.161136, 0.194975, 
(2023-03-15T21:57:42.125866482) (2023-03-15T21:57:42.125876202) [Msg] omegas:      1.1424, 1.25664, 1.3823, 
(2023-03-15T21:57:42.125926902) (2023-03-15T21:57:42.125936492) [Msg] periods:     (2023-03-15T21:57:42.125952712) (2023-03-15T21:57:42.125962352) [Msg] 5.5, (2023-03-15T21:57:42.125984962) (2023-03-15T21:57:42.125995732) [Msg] 5, (2023-03-15T21:57:42.126015852) (2023-03-15T21:57:42.126024692) [Msg] 4.54545, (2023-03-15T21:57:42.126050202) (2023-03-15T21:57:42.126059392) [Msg] 
(2023-03-15T21:57:42.126078342) (2023-03-15T21:57:42.126087132) [Msg] phases:      0, 0, 0, 
(2023-03-15T21:57:42.126131572) (2023-03-15T21:57:42.126140792) [Msg] steepnesses: 0, 0, 0, 
(2023-03-15T21:57:42.126182832) (2023-03-15T21:57:42.126191972) [Msg] directions:  (2023-03-15T21:57:42.126208672) (2023-03-15T21:57:42.126216752) [Msg] 0.921061 -0.389418; (2023-03-15T21:57:42.126247302) (2023-03-15T21:57:42.126256692) [Msg] 1 0; (2023-03-15T21:57:42.126284972) (2023-03-15T21:57:42.126293762) [Msg] 0.921061 0.389418; (2023-03-15T21:57:42.126327622) (2023-03-15T21:57:42.126336452) [Msg] 
(2023-03-15T21:57:42.126364982) (2023-03-15T21:57:42.126373482) [Dbg] [Surface.cc:161] Surface plugin successfully configured with the following parameters:
(2023-03-15T21:57:42.126401862) (2023-03-15T21:57:42.126411352) [Dbg] [Surface.cc:163]   <link_name>: base_link
(2023-03-15T21:57:42.126436912) (2023-03-15T21:57:42.126445432) [Dbg] [Surface.cc:164]   <vehicle_length>: 6
(2023-03-15T21:57:42.126474302) (2023-03-15T21:57:42.126483782) [Dbg] [Surface.cc:165]   <vehicle_width>: 3.3
(2023-03-15T21:57:42.126512052) (2023-03-15T21:57:42.126520582) [Dbg] [Surface.cc:166]   <hull_radius>: 0.27
(2023-03-15T21:57:42.126547282) (2023-03-15T21:57:42.126555832) [Dbg] [Surface.cc:167]   <num_samples>: 2
(2023-03-15T21:57:42.126581752) (2023-03-15T21:57:42.126590762) [Dbg] [Surface.cc:168]   <fluid_level>: 0.45
(2023-03-15T21:57:42.126617762) (2023-03-15T21:57:42.126627792) [Dbg] [Surface.cc:169]   <fluid_density>: 997.774
(2023-03-15T21:57:42.126657752) (2023-03-15T21:57:42.126666222) [Dbg] [SystemManager.cc:58] Loaded system [ignition::gazebo::systems::Surface] for entity [174]
(2023-03-15T21:57:42.126965382) (2023-03-15T21:57:42.126976412) [Dbg] [SimpleHydrodynamics.cc:167] SimpleHydrodynamics plugin successfully configured with the following parameters:
(2023-03-15T21:57:42.127001892) (2023-03-15T21:57:42.127010932) [Dbg] [SimpleHydrodynamics.cc:169]   <link_name>: base_link
(2023-03-15T21:57:42.127035582) (2023-03-15T21:57:42.127044452) [Dbg] [SimpleHydrodynamics.cc:170]   <xDotU>: 0
(2023-03-15T21:57:42.127072472) (2023-03-15T21:57:42.127080512) [Dbg] [SimpleHydrodynamics.cc:171]   <yDotV>: 0
(2023-03-15T21:57:42.127103272) (2023-03-15T21:57:42.127111482) [Dbg] [SimpleHydrodynamics.cc:172]   <zDotW>: 0.1
(2023-03-15T21:57:42.127135122) (2023-03-15T21:57:42.127142992) [Dbg] [SimpleHydrodynamics.cc:173]   <kDotP>: 0.1
(2023-03-15T21:57:42.127169552) (2023-03-15T21:57:42.127178472) [Dbg] [SimpleHydrodynamics.cc:174]   <mDotQ>: 0.1
(2023-03-15T21:57:42.127204502) (2023-03-15T21:57:42.127213042) [Dbg] [SimpleHydrodynamics.cc:175]   <nDotR>: 0
(2023-03-15T21:57:42.127238973) (2023-03-15T21:57:42.127248073) [Dbg] [SimpleHydrodynamics.cc:176]   <xU>: 51.3
(2023-03-15T21:57:42.127274113) (2023-03-15T21:57:42.127282503) [Dbg] [SimpleHydrodynamics.cc:177]   <xUU>: 72.4
(2023-03-15T21:57:42.127307573) (2023-03-15T21:57:42.127315633) [Dbg] [SimpleHydrodynamics.cc:178]   <yV>: 40
(2023-03-15T21:57:42.127341383) (2023-03-15T21:57:42.127350093) [Dbg] [SimpleHydrodynamics.cc:179]   <yVV>: 0
(2023-03-15T21:57:42.127377623) (2023-03-15T21:57:42.127386523) [Dbg] [SimpleHydrodynamics.cc:180]   <zW>: 500
(2023-03-15T21:57:42.127412473) (2023-03-15T21:57:42.127420653) [Dbg] [SimpleHydrodynamics.cc:181]   <zWW>: 0
(2023-03-15T21:57:42.127446623) (2023-03-15T21:57:42.127455393) [Dbg] [SimpleHydrodynamics.cc:182]   <kP>: 100
(2023-03-15T21:57:42.127481043) (2023-03-15T21:57:42.127489883) [Dbg] [SimpleHydrodynamics.cc:183]   <kPP>: 0
(2023-03-15T21:57:42.127516843) (2023-03-15T21:57:42.127531743) [Dbg] [SimpleHydrodynamics.cc:184]   <mQ>: 100
(2023-03-15T21:57:42.127558343) (2023-03-15T21:57:42.127567073) [Dbg] [SimpleHydrodynamics.cc:185]   <mQQ>: 0
(2023-03-15T21:57:42.127592333) (2023-03-15T21:57:42.127603583) [Dbg] [SimpleHydrodynamics.cc:186]   <nR>: 400
(2023-03-15T21:57:42.127631863) (2023-03-15T21:57:42.127640673) [Dbg] [SimpleHydrodynamics.cc:187]   <nRR>: 0
(2023-03-15T21:57:42.127669713) (2023-03-15T21:57:42.127680503) [Dbg] [SystemManager.cc:58] Loaded system [ignition::gazebo::systems::SimpleHydrodynamics] for entity [174]
(2023-03-15T21:57:42.130227876) (2023-03-15T21:57:42.130239326) [Dbg] [SystemManager.cc:58] Loaded system [ignition::gazebo::systems::PosePublisher] for entity [174]
(2023-03-15T21:57:42.130473266) (2023-03-15T21:57:42.130484746) [Msg] EntityDetector publishing messages on [/mbzirc/target_object_detector/placed]
(2023-03-15T21:57:42.130610906) (2023-03-15T21:57:42.130620876) [Dbg] [SystemManager.cc:58] Loaded system [mbzirc::EntityDetector] for entity [174]
(2023-03-15T21:57:42.130826896) (2023-03-15T21:57:42.130837966) [Msg] EntityDetector publishing messages on [/mbzirc/target_object_detector/placed]
(2023-03-15T21:57:42.130965237) (2023-03-15T21:57:42.130975377) [Dbg] [SystemManager.cc:58] Loaded system [mbzirc::EntityDetector] for entity [174]
(2023-03-15T21:57:42.131195307) (2023-03-15T21:57:42.131206217) [Msg] EntityDetector publishing messages on [/mbzirc/target_object_detector/placed]
(2023-03-15T21:57:42.131332347) (2023-03-15T21:57:42.131343317) [Dbg] [SystemManager.cc:58] Loaded system [mbzirc::EntityDetector] for entity [174]
(2023-03-15T21:57:42.131553787) (2023-03-15T21:57:42.131564907) [Msg] EntityDetector publishing messages on [/mbzirc/target_object_detector/placed]
(2023-03-15T21:57:42.131696027) (2023-03-15T21:57:42.131705727) [Dbg] [SystemManager.cc:58] Loaded system [mbzirc::EntityDetector] for entity [174]
(2023-03-15T21:57:42.131896248) (2023-03-15T21:57:42.131906788) [Dbg] [SystemManager.cc:58] Loaded system [ignition::gazebo::systems::CommsEndpoint] for entity [174]
(2023-03-15T21:57:42.132359628) (2023-03-15T21:57:42.132369278) [Dbg] [UserCommands.cc:1303] Created entity [174] named [usv]
(2023-03-15T21:57:42.141402378) (2023-03-15T21:57:42.141434758) [Dbg] [Sensors.cc:584] Initialization needed
(2023-03-15T21:57:42.141527858) (2023-03-15T21:57:42.141552358) [Dbg] [Sensors.cc:240] Initializing render context
(2023-03-15T21:57:42.141692688) (2023-03-15T21:57:42.141711098) [Msg] Loading plugin [ignition-rendering-ogre2]
(2023-03-15T21:57:42.142116679) (2023-03-15T21:57:42.142143699) [Dbg] [ImuSensor.cc:148] IMU data for [usv::base_link::imu_sensor] advertised on [world/simple_demo/model/usv/link/base_link/sensor/imu_sensor/imu](
2023-03-15T21:57:42.142249119) (2023-03-15T21:57:42.142303179) [Dbg] [GameLogicPlugin.cc:1991] New Competitor Platform: usv with 0sensors
(((((((2023-03-15T21:57:42.143838340) (2023-03-15T21:57:42.143868970) [Dbg] [SimulationRunner.cc:518] Exiting postupdate worker thread (1)
2023-03-15T21:57:42.143928220) (2023-03-15T21:57:42.143963840) 2023-03-15T21:57:42.143899960) (2023-03-15T21:57:42.144013630) (((2023-03-15T21:57:42.144067250) (2023-03-15T21:57:42.1440782902023-03-15T21:57:42.144078290Exiting postupdate worker thread ((2023-03-15T21:57:42.144131860) (2023-03-15T21:57:42.144158070) 2023-03-15T21:57:42.144099760) (2023-03-15T21:57:42.144197570) 2023-03-15T21:57:42.144137410) ((2023-03-15T21:57:42.144262750) ) ) ) ) 2023-03-15T21:57:42.144056460) (7[Dbg] [SimulationRunner.cc:518] (2023-03-15T21:57:42.144351070) (2023-03-15T21:57:42.1443459302023-03-15T21:57:42.1444350402023-03-15T21:57:42.1443459302023-03-15T21:57:42.144435040) ) (Exiting postupdate worker thread (102023-03-15T21:57:42.144483241) [Dbg] [SimulationRunner.cc:518] ) (2023-03-15T21:57:42.144555161) 

2023-03-15T21:57:42.144372490) (2023-03-15T21:57:42.144602981) [Dbg] [SimulationRunner.cc:518] [Dbg] [SimulationRunner.cc:518] Exiting postupdate worker thread (3[Dbg] [SimulationRunner.cc:518] 3[Dbg] [SimulationRunner.cc:518] [Dbg] [SimulationRunner.cc:518] Exiting postupdate worker thread (8)
[Dbg] [SimulationRunner.cc:518] [Dbg] [SimulationRunner.cc:518] [Dbg] [SimulationRunner.cc:518] Exiting postupdate worker thread (9)
)


11)
Exiting postupdate worker thread (2)
Exiting postupdate worker thread (6)
5)
Exiting postupdate worker thread (0Exiting postupdate worker thread ()
)
(2023-03-15T21:57:42.145315761) (2023-03-15T21:57:42.145327111) [Dbg] [SimulationRunner.cc:491] Creating PostUpdate worker threads: 22
(2023-03-15T21:57:42.145362802) (2023-03-15T21:57:42.145373122) [Dbg] [SimulationRunner.cc:502] Creating postupdate worker thread (0)
(2023-03-15T21:57:42.145432992) (2023-03-15T21:57:42.145449492) [Dbg] [SimulationRunner.cc:502] Creating postupdate worker thread (1)
(2023-03-15T21:57:42.145492172) (2023-03-15T21:57:42.145501452) [Dbg] [SimulationRunner.cc:502] Creating postupdate worker thread (2)
(2023-03-15T21:57:42.145567772) (2023-03-15T21:57:42.145579972) [Dbg] [SimulationRunner.cc:502] Creating postupdate worker thread (3)
(2023-03-15T21:57:42.145627882) (2023-03-15T21:57:42.145637262) [Dbg] [SimulationRunner.cc:502] Creating postupdate worker thread (4)
(2023-03-15T21:57:42.145688552) (2023-03-15T21:57:42.145698152) [Dbg] [SimulationRunner.cc:502] Creating postupdate worker thread (5)
(2023-03-15T21:57:42.145747512) (2023-03-15T21:57:42.145756602) [Dbg] [SimulationRunner.cc:502] Creating postupdate worker thread (6)
(2023-03-15T21:57:42.145818512) (2023-03-15T21:57:42.145827712) [Dbg] [SimulationRunner.cc:502] Creating postupdate worker thread (7)
(2023-03-15T21:57:42.145874842) (2023-03-15T21:57:42.145883802) [Dbg] [SimulationRunner.cc:502] Creating postupdate worker thread (8)
(2023-03-15T21:57:42.145932172) (2023-03-15T21:57:42.145940792) [Dbg] [SimulationRunner.cc:502] Creating postupdate worker thread (9)
(2023-03-15T21:57:42.145987532) (2023-03-15T21:57:42.145996992) [Dbg] [SimulationRunner.cc:502] Creating postupdate worker thread (10)
(2023-03-15T21:57:42.146055472) (2023-03-15T21:57:42.146068732) [Dbg] [SimulationRunner.cc:502] Creating postupdate worker thread (11)
(2023-03-15T21:57:42.146141082) (2023-03-15T21:57:42.146154832) [Dbg] [SimulationRunner.cc:502] Creating postupdate worker thread (12)
(2023-03-15T21:57:42.146211693) (2023-03-15T21:57:42.146220443) [Dbg] [SimulationRunner.cc:502] Creating postupdate worker thread (13)
(2023-03-15T21:57:42.146265443) (2023-03-15T21:57:42.146275363) [Dbg] [SimulationRunner.cc:502] Creating postupdate worker thread (14)
(2023-03-15T21:57:42.146320833) (2023-03-15T21:57:42.146328733) [Dbg] [SimulationRunner.cc:502] Creating postupdate worker thread (15)
(2023-03-15T21:57:42.146374133) (2023-03-15T21:57:42.146383533) [Dbg] [SimulationRunner.cc:502] Creating postupdate worker thread (16)
(2023-03-15T21:57:42.146429603) (2023-03-15T21:57:42.146438823) [Dbg] [SimulationRunner.cc:502] Creating postupdate worker thread (17)
(2023-03-15T21:57:42.146493003) (2023-03-15T21:57:42.146510393) [Dbg] [SimulationRunner.cc:502] Creating postupdate worker thread (18)
(2023-03-15T21:57:42.146576423) (2023-03-15T21:57:42.146588683) [Dbg] [SimulationRunner.cc:502] Creating postupdate worker thread (19)
(2023-03-15T21:57:42.146649703) (2023-03-15T21:57:42.146662543) [Dbg] [SimulationRunner.cc:502] Creating postupdate worker thread (20)
(2023-03-15T21:57:42.147197624) (2023-03-15T21:57:42.147208954) [Msg] Address [usv] bound to model [usv] on topic [model/usv/rx]
(2023-03-15T21:57:42.147254684) (2023-03-15T21:57:42.147263374) [Dbg] [CommsEndpoint.cc:89] Succesfuly bound to [usv] on topic [model/usv/rx]
(2023-03-15T21:57:42.524784529) (2023-03-15T21:57:42.524797399) [Dbg] [RenderUtil.cc:2529] Create scene [scene]
(2023-03-15T21:57:42.585259894) (2023-03-15T21:57:42.585281614) [Dbg] [Sensors.cc:254] Rendering Thread initialized
(2023-03-15T21:57:42.589800628) (2023-03-15T21:57:42.589811398) [Wrn] [Ogre2Heightmap.cc:125] Heightmap final sampling should be 2^n
 which differs from ogre1's 2^n+1
The last row and column will be cropped
size = (width * sampling) - sampling + 1
[257] = ([257] * [1]) - [1] + 1
(2023-03-15T21:57:42.624454316) (2023-03-15T21:57:42.624475476) [Msg] Loading heightmap: scene::Heightmap(65478)
(2023-03-15T21:57:42.624508276) (2023-03-15T21:57:42.624517366) [Msg] Heightmap loaded. Process took 0 ms.
(2023-03-15T21:57:46.159016358) (2023-03-15T21:57:46.159034718) [Dbg] [Ogre2ParticleEmitter.cc:514] Particle emitter initialized
(2023-03-15T21:57:46.159228518) (2023-03-15T21:57:46.159244688) [Dbg] [Ogre2ParticleEmitter.cc:514] Particle emitter initialized
(2023-03-15T21:57:46.159470069) (2023-03-15T21:57:46.159486459) [Dbg] [Ogre2ParticleEmitter.cc:514] Particle emitter initialized
(2023-03-15T21:57:46.703604404) (2023-03-15T21:57:46.703623124) [Dbg] [Ogre2ParticleEmitter.cc:514] Particle emitter initialized
(2023-03-15T21:57:46.703812574) (2023-03-15T21:57:46.703823144) [Dbg] [Ogre2ParticleEmitter.cc:514] Particle emitter initialized
(2023-03-15T21:57:46.703967114) (2023-03-15T21:57:46.703979154) [Dbg] [Ogre2ParticleEmitter.cc:514] Particle emitter initialized
(2023-03-15T21:57:46.715887246) (2023-03-15T21:57:46.715907186) [Dbg] [Lidar.cc:122] Laser scans for [usv::sensor_6::sensor_link::lidar] advertised on [world/simple_demo/model/usv/model/sensor_6/link/sensor_link/sensor/lidar/scan]
(2023-03-15T21:57:46.716232697) (2023-03-15T21:57:46.716247817) [Dbg] [GpuLidarSensor.cc:164] Lidar points for [usv::sensor_6::sensor_link::lidar] advertised on [world/simple_demo/model/usv/model/sensor_6/link/sensor_link/sensor/lidar/scan/points]
(2023-03-15T21:57:46.716591807) (2023-03-15T21:57:46.716603437) [Msg] Loading plugin [ignition-rendering-ogre2]
(2023-03-15T21:57:47.206904985) (2023-03-15T21:57:47.206943285) [Dbg] [EntityComponentManager.cc:1587] Updated state thread iterators: 24 threads processing around 10 entities each.
(2023-03-15T22:04:48.450854632) (2023-03-15T22:04:48.450888482) [Msg] Scoring has Started
(2023-03-15T22:04:48.451316692) (2023-03-15T22:04:48.451342532) [Err] [GameLogicPlugin.cc:2121] Invalid configuration detected: 
[usv] Initial Position (10 40 0.299843) is not in the starting area -15 -15 -5 15 15 5
(2023-03-15T22:04:52.38019436) (2023-03-15T22:04:52.38041156) [Err] [JointFeatures.cc:157] Invalid joint velocity value [-nan] commanded on joint [left_chassis_engine_joint DOF 0]. The command will be ignored
(2023-03-15T22:04:52.38124316) (2023-03-15T22:04:52.38138076) [Err] [JointFeatures.cc:157] Invalid joint velocity value [-nan] commanded on joint [right_chassis_engine_joint DOF 0]. The command will be ignored
