(2023-04-19T19:16:31.265417169) (2023-04-19T19:16:31.265443839) [Msg] Ignition Gazebo Server v6.11.0
(2023-04-19T19:16:31.269110632) (2023-04-19T19:16:31.269139752) [Msg] Loading SDF world file[/home/developer/mbzirc_ws/install/share/mbzirc_ign/worlds/simple_demo.sdf].
(2023-04-19T19:16:31.583709452) (2023-04-19T19:16:31.583726622) [Msg] Serving entity system service on [/entity/system/add]
(2023-04-19T19:16:31.618091063) (2023-04-19T19:16:31.618105163) [Dbg] [Physics.cc:803] Loaded [ignition::physics::dartsim::Plugin] from library [/usr/lib/x86_64-linux-gnu/ign-physics-5/engine-plugins/libignition-physics-dartsim-plugin.so]
(2023-04-19T19:16:31.618162574) (2023-04-19T19:16:31.618171394) [Dbg] [SystemManager.cc:58] Loaded system [ignition::gazebo::systems::Physics] for entity [1]
(2023-04-19T19:16:31.619728602) (2023-04-19T19:16:31.619739272) [Msg] Create service on [/world/simple_demo/create]
(2023-04-19T19:16:31.619839083) (2023-04-19T19:16:31.619851103) [Msg] Remove service on [/world/simple_demo/remove]
(2023-04-19T19:16:31.620017935) (2023-04-19T19:16:31.620031345) [Msg] Pose service on [/world/simple_demo/set_pose]
(2023-04-19T19:16:31.620143277) (2023-04-19T19:16:31.620154687) [Msg] Pose service on [/world/simple_demo/set_pose_vector]
(2023-04-19T19:16:31.620293648) (2023-04-19T19:16:31.620303979) [Msg] Light configuration service on [/world/simple_demo/light_config]
(2023-04-19T19:16:31.620517181) (2023-04-19T19:16:31.620529351) [Msg] Physics service on [/world/simple_demo/set_physics]
(2023-04-19T19:16:31.620633652) (2023-04-19T19:16:31.620645392) [Msg] SphericalCoordinates service on [/world/simple_demo/set_spherical_coordinates]
(2023-04-19T19:16:31.620728853) (2023-04-19T19:16:31.620742424) [Msg] Enable collision service on [/world/simple_demo/enable_collision]
(2023-04-19T19:16:31.620817544) (2023-04-19T19:16:31.620827985) [Msg] Disable collision service on [/world/simple_demo/disable_collision]
(2023-04-19T19:16:31.620977526) (2023-04-19T19:16:31.620988576) [Msg] Material service on [/world/simple_demo/visual_config]
(2023-04-19T19:16:31.621088287) (2023-04-19T19:16:31.621099948) [Msg] Material service on [/world/simple_demo/wheel_slip]
(2023-04-19T19:16:31.621136218) (2023-04-19T19:16:31.621145408) [Dbg] [SystemManager.cc:58] Loaded system [ignition::gazebo::systems::UserCommands] for entity [1]
(2023-04-19T19:16:31.642638942) (2023-04-19T19:16:31.642652712) [Dbg] [Sensors.cc:479] Configuring Sensors system
(2023-04-19T19:16:31.642730673) (2023-04-19T19:16:31.642740553) [Dbg] [Sensors.cc:398] SensorsPrivate::Run
(2023-04-19T19:16:31.642812654) (2023-04-19T19:16:31.642821834) [Dbg] [SystemManager.cc:58] Loaded system [ignition::gazebo::systems::Sensors] for entity [1]
2023-04-19T19:16:31.642866625) (2023-04-19T19:16:31.642909005) [Dbg] [Sensors.cc:378] SensorsPrivate::RenderThread started
(2023-04-19T19:16:31.642961386) (2023-04-19T19:16:31.642977466) [Dbg] [Sensors.cc:228] Waiting for init
(2023-04-19T19:16:31.644348222) (2023-04-19T19:16:31.644359022) [Dbg] [SystemManager.cc:58] Loaded system [ignition::gazebo::systems::AirPressure] for entity [1]
(2023-04-19T19:16:31.645821419) (2023-04-19T19:16:31.645832819) [Dbg] [SystemManager.cc:58] Loaded system [ignition::gazebo::systems::Altimeter] for entity [1]
(2023-04-19T19:16:31.647355857) (2023-04-19T19:16:31.647366787) [Dbg] [SystemManager.cc:58] Loaded system [ignition::gazebo::systems::Imu] for entity [1]
(2023-04-19T19:16:31.648842414) (2023-04-19T19:16:31.648853384) [Dbg] [SystemManager.cc:58] Loaded system [ignition::gazebo::systems::Magnetometer] for entity [1]
(2023-04-19T19:16:31.650319030) (2023-04-19T19:16:31.650332030) [Dbg] [SystemManager.cc:58] Loaded system [ignition::gazebo::systems::ForceTorque] for entity [1]
(2023-04-19T19:16:31.651476353) (2023-04-19T19:16:31.651486303) [Msg] Serving particle emitter information on [/world/simple_demo/particle_emitters]
(2023-04-19T19:16:31.651541634) (2023-04-19T19:16:31.651550254) [Dbg] [SystemManager.cc:58] Loaded system [ignition::gazebo::systems::ParticleEmitter2] for entity [1]
(2023-04-19T19:16:31.652848428) (2023-04-19T19:16:31.652870959) [Dbg] [SystemManager.cc:58] Loaded system [ignition::gazebo::systems::SceneBroadcaster] for entity [1]
(2023-04-19T19:16:31.653807670) (2023-04-19T19:16:31.653818390) [Dbg] [SystemManager.cc:58] Loaded system [ignition::gazebo::systems::Contact] for entity [1]
(2023-04-19T19:16:31.654887552) (2023-04-19T19:16:31.654898432) [Dbg] [RFComms.cc:385] Range configuration:
RF Configuration (range-based)
-- max_range: 500000
-- fading_exponent: 2.6
-- l0: 40
-- sigma: 10

(2023-04-19T19:16:31.655009153) (2023-04-19T19:16:31.655019114) [Dbg] [RFComms.cc:388] Radio configuration:
Radio Configuration
-- capacity: 1e+06
-- tx_power: 25
-- noise_floor: -90
-- modulation: QPSK

(2023-04-19T19:16:31.655306587) (2023-04-19T19:16:31.655322097) [Dbg] [Broker.cc:113] Broker services:
(2023-04-19T19:16:31.655357957) (2023-04-19T19:16:31.655366868) [Dbg] [Broker.cc:114]   Bind: [/broker/bind]
(2023-04-19T19:16:31.655396748) (2023-04-19T19:16:31.655406028) [Dbg] [Broker.cc:115]   Unbind: [/broker/unbind]
(2023-04-19T19:16:31.655447529) (2023-04-19T19:16:31.655461409) [Dbg] [Broker.cc:116] Broker topics:
(2023-04-19T19:16:31.655492269) (2023-04-19T19:16:31.655505609) [Dbg] [Broker.cc:117]   Incoming messages: [/broker/msgs]
(2023-04-19T19:16:31.655542000) (2023-04-19T19:16:31.655550880) [Dbg] [SystemManager.cc:58] Loaded system [ignition::gazebo::systems::RFComms] for entity [1]
(2023-04-19T19:16:31.657800185) (2023-04-19T19:16:31.657811095) [Dbg] [RFRange.cc:339] RFRange sensor range configuration:
RF Configuration (range-based)
-- max_range: 500000
-- fading_exponent: 2.6
-- l0: 40
-- sigma: 0.005
-- rssi_1: -15

(2023-04-19T19:16:31.657934417) (2023-04-19T19:16:31.657948297) [Dbg] [RFRange.cc:342] RFRange sensor radio configuration:
Radio Configuration
-- tx_power: 25
-- noise_floor: -90

(2023-04-19T19:16:31.658046378) (2023-04-19T19:16:31.658055518) [Dbg] [SystemManager.cc:58] Loaded system [ignition::gazebo::systems::RFRange] for entity [1]
(2023-04-19T19:16:31.661724109) (2023-04-19T19:16:31.661737300) [Msg] Overwriting existing file [/tmp/ign/mbzirc/playback/state.tlog]
(2023-04-19T19:16:31.677917533) (2023-04-19T19:16:31.677938164) [Msg] Recording to log file [/tmp/ign/mbzirc/playback/state.tlog]
(2023-04-19T19:16:31.677989944) (2023-04-19T19:16:31.677999804) [Dbg] [LogRecord.cc:334] Recording default topic[/playback/sdf].
(2023-04-19T19:16:31.678023205) (2023-04-19T19:16:31.678031215) [Dbg] [LogRecord.cc:335] Recording default topic[/world/simple_demo/changed_state].
(2023-04-19T19:16:31.718423875) (2023-04-19T19:16:31.718451325) [Dbg] [SystemManager.cc:58] Loaded system [ignition::gazebo::systems::LogRecord] for entity [1]
(2023-04-19T19:16:31.721630531) (2023-04-19T19:16:31.721656301) [Dbg] [SystemManager.cc:58] Loaded system [ignition::gazebo::systems::WindEffects] for entity [1]
(2023-04-19T19:16:31.725655197) (2023-04-19T19:16:31.725670177) [Msg] MBZIRC log path: /tmp/ign/mbzirc/logs
(2023-04-19T19:16:31.726104252) (2023-04-19T19:16:31.726119222) [Msg] Run duration set to 3600 seconds.
(2023-04-19T19:16:31.726203043) (2023-04-19T19:16:31.726217363) [Msg] Geofence boundary min: -70 -70 -25, max: 70 70 121.92
(2023-04-19T19:16:31.726338855) (2023-04-19T19:16:31.726352395) [Msg] Start area boundary min: -15 -15 -5, max: 15 15 5
(2023-04-19T19:16:31.726456486) (2023-04-19T19:16:31.726469986) [Msg] Setup duration set to 600 seconds.
(2023-04-19T19:16:31.726513267) (2023-04-19T19:16:31.726526197) [Msg] Target vessel: Vessel A
(2023-04-19T19:16:31.726601568) (2023-04-19T19:16:31.726615878) [Msg]   Small object: small_blue_box_a
(2023-04-19T19:16:31.726653068) (2023-04-19T19:16:31.726666098) [Msg]   Small object: small_blue_box_a_duplicate
(2023-04-19T19:16:31.726705009) (2023-04-19T19:16:31.726718149) [Msg]   Large object: large_dry_box_a
(2023-04-19T19:16:31.726756199) (2023-04-19T19:16:31.726768369) [Msg]   Large object: large_dry_box_a_duplicate
(2023-04-19T19:16:31.728179375) (2023-04-19T19:16:31.728190575) [Msg] Starting MBZIRC
(2023-04-19T19:16:31.728314827) (2023-04-19T19:16:31.728325687) [Dbg] [SystemManager.cc:58] Loaded system [mbzirc::GameLogicPlugin] for entity [1]
(2023-04-19T19:16:31.733520267) (2023-04-19T19:16:31.733533777) [Msg] Using Pierson-Moskowitz spectrum sampling wavefield model 
(2023-04-19T19:16:31.733814200) (2023-04-19T19:16:31.733823750) [Msg] Using Pierson-Moskowitz spectrum sampling wavefield model 
(2023-04-19T19:16:32.165638641) (2023-04-19T19:16:32.165662891) [Msg] Input Parameters:
(2023-04-19T19:16:32.165711352) (2023-04-19T19:16:32.165724902) [Msg] model:     PMS
(2023-04-19T19:16:32.165763992) (2023-04-19T19:16:32.165776773) [Msg] number:     3
(2023-04-19T19:16:32.165815483) (2023-04-19T19:16:32.165827133) [Msg] scale:      1.1
(2023-04-19T19:16:32.165865364) (2023-04-19T19:16:32.165879074) [Msg] angle:      0.4
(2023-04-19T19:16:32.165917364) (2023-04-19T19:16:32.165930494) [Msg] steepness:  0
(2023-04-19T19:16:32.165967415) (2023-04-19T19:16:32.165980405) [Msg] amplitude:  0
(2023-04-19T19:16:32.166016235) (2023-04-19T19:16:32.166029365) [Msg] period:     5
(2023-04-19T19:16:32.166064886) (2023-04-19T19:16:32.166078806) [Msg] direction:  1 0
(2023-04-19T19:16:32.166135547) (2023-04-19T19:16:32.166148897) [Msg] tau:  2
(2023-04-19T19:16:32.166187077) (2023-04-19T19:16:32.166200927) [Msg] gain:  0.3
(2023-04-19T19:16:32.166238158) (2023-04-19T19:16:32.166251878) [Msg] Derived Parameters:
(2023-04-19T19:16:32.166282498) (2023-04-19T19:16:32.166295798) [Msg] amplitudes:  0.0363502, 0.0392277, 0.0385703, 
(2023-04-19T19:16:32.166388239) (2023-04-19T19:16:32.166400280) [Msg] wavenumbers: 0.133171, 0.161136, 0.194975, 
(2023-04-19T19:16:32.166465960) (2023-04-19T19:16:32.166479870) [Msg] omegas:      1.1424, 1.25664, 1.3823, 
(2023-04-19T19:16:32.166546261) (2023-04-19T19:16:32.166560161) [Msg] periods:     (2023-04-19T19:16:32.166596052) (2023-04-19T19:16:32.166609642) [Msg] 5.5, (2023-04-19T19:16:32.166643052) (2023-04-19T19:16:32.166656592) [Msg] 5, (2023-04-19T19:16:32.166687293) (2023-04-19T19:16:32.166699463) [Msg] 4.54545, (2023-04-19T19:16:32.166728403) (2023-04-19T19:16:32.166740443) [Msg] 
(2023-04-19T19:16:32.166763834) (2023-04-19T19:16:32.166775404) [Msg] phases:      0, 0, 0, 
(2023-04-19T19:16:32.166841554) (2023-04-19T19:16:32.166854895) [Msg] steepnesses: 0, 0, 0, 
(2023-04-19T19:16:32.166920805) (2023-04-19T19:16:32.166934305) [Msg] directions:  (2023-04-19T19:16:32.166966326) (2023-04-19T19:16:32.166979756) [Msg] 0.921061 -0.389418; (2023-04-19T19:16:32.167028017) (2023-04-19T19:16:32.167041547) [Msg] 1 0; (2023-04-19T19:16:32.167084287) (2023-04-19T19:16:32.167097627) [Msg] 0.921061 0.389418; (2023-04-19T19:16:32.167140308) (2023-04-19T19:16:32.167153588) [Msg] 
(2023-04-19T19:16:32.167769265) (2023-04-19T19:16:32.167782945) [Dbg] [SystemManager.cc:58] Loaded system [ignition::gazebo::systems::WaveVisual] for entity [23]
(2023-04-19T19:16:32.171437807) (2023-04-19T19:16:32.171453037) [Msg] Using Pierson-Moskowitz spectrum sampling wavefield model 
(2023-04-19T19:16:32.171738890) (2023-04-19T19:16:32.171753841) [Msg] Using Pierson-Moskowitz spectrum sampling wavefield model 
(2023-04-19T19:16:32.171815781) (2023-04-19T19:16:32.171829481) [Msg] Input Parameters:
(2023-04-19T19:16:32.171860912) (2023-04-19T19:16:32.171874582) [Msg] model:     PMS
(2023-04-19T19:16:32.171911422) (2023-04-19T19:16:32.171925073) [Msg] number:     3
(2023-04-19T19:16:32.171962763) (2023-04-19T19:16:32.171975213) [Msg] scale:      1.1
(2023-04-19T19:16:32.172012734) (2023-04-19T19:16:32.172026124) [Msg] angle:      0.4
(2023-04-19T19:16:32.172064434) (2023-04-19T19:16:32.172078664) [Msg] steepness:  0
(2023-04-19T19:16:32.172115285) (2023-04-19T19:16:32.172128235) [Msg] amplitude:  0
(2023-04-19T19:16:32.172166145) (2023-04-19T19:16:32.172179035) [Msg] period:     5
(2023-04-19T19:16:32.172214926) (2023-04-19T19:16:32.172228846) [Msg] direction:  1 0
(2023-04-19T19:16:32.172276167) (2023-04-19T19:16:32.172289517) [Msg] tau:  2
(2023-04-19T19:16:32.172326567) (2023-04-19T19:16:32.172339177) [Msg] gain:  0.3
(2023-04-19T19:16:32.172376558) (2023-04-19T19:16:32.172389278) [Msg] Derived Parameters:
(2023-04-19T19:16:32.172434208) (2023-04-19T19:16:32.172447379) [Msg] amplitudes:  0.0363502, 0.0392277, 0.0385703, 
(2023-04-19T19:16:32.172515259) (2023-04-19T19:16:32.172528780) [Msg] wavenumbers: 0.133171, 0.161136, 0.194975, 
(2023-04-19T19:16:32.172594960) (2023-04-19T19:16:32.172607880) [Msg] omegas:      1.1424, 1.25664, 1.3823, 
(2023-04-19T19:16:32.172673341) (2023-04-19T19:16:32.172687301) [Msg] periods:     (2023-04-19T19:16:32.172711852) (2023-04-19T19:16:32.172735912) [Msg] 5.5, (2023-04-19T19:16:32.172770442) (2023-04-19T19:16:32.172783992) [Msg] 5, (2023-04-19T19:16:32.172815363) (2023-04-19T19:16:32.172828213) [Msg] 4.54545, (2023-04-19T19:16:32.172858713) (2023-04-19T19:16:32.172871743) [Msg] 
(2023-04-19T19:16:32.172895784) (2023-04-19T19:16:32.172909584) [Msg] phases:      0, 0, 0, 
(2023-04-19T19:16:32.172974245) (2023-04-19T19:16:32.172987465) [Msg] steepnesses: 0, 0, 0, 
(2023-04-19T19:16:32.173052525) (2023-04-19T19:16:32.173065296) [Msg] directions:  (2023-04-19T19:16:32.173090696) (2023-04-19T19:16:32.173103986) [Msg] 0.921061 -0.389418; (2023-04-19T19:16:32.173147576) (2023-04-19T19:16:32.173160997) [Msg] 1 0; (2023-04-19T19:16:32.173201717) (2023-04-19T19:16:32.173214667) [Msg] 0.921061 0.389418; (2023-04-19T19:16:32.173256048) (2023-04-19T19:16:32.173270218) [Msg] 
(2023-04-19T19:16:32.173328688) (2023-04-19T19:16:32.173341799) [Dbg] [Surface.cc:161] Surface plugin successfully configured with the following parameters:
(2023-04-19T19:16:32.173383349) (2023-04-19T19:16:32.173396409) [Dbg] [Surface.cc:163]   <link_name>: link
(2023-04-19T19:16:32.173435520) (2023-04-19T19:16:32.173447900) [Dbg] [Surface.cc:164]   <vehicle_length>: 6
(2023-04-19T19:16:32.173488110) (2023-04-19T19:16:32.173501270) [Dbg] [Surface.cc:165]   <vehicle_width>: 3.3
(2023-04-19T19:16:32.173539831) (2023-04-19T19:16:32.173552421) [Dbg] [Surface.cc:166]   <hull_radius>: 1.9
(2023-04-19T19:16:32.173589261) (2023-04-19T19:16:32.173602452) [Dbg] [Surface.cc:167]   <num_samples>: 2
(2023-04-19T19:16:32.173640202) (2023-04-19T19:16:32.173653712) [Dbg] [Surface.cc:168]   <fluid_level>: 0.45
(2023-04-19T19:16:32.173692113) (2023-04-19T19:16:32.173705093) [Dbg] [Surface.cc:169]   <fluid_density>: 997.774
(2023-04-19T19:16:32.173767093) (2023-04-19T19:16:32.173779554) [Dbg] [SystemManager.cc:58] Loaded system [ignition::gazebo::systems::Surface] for entity [24]
(2023-04-19T19:16:32.176670256) (2023-04-19T19:16:32.176689396) [Dbg] [SimpleHydrodynamics.cc:167] SimpleHydrodynamics plugin successfully configured with the following parameters:
(2023-04-19T19:16:32.176767057) (2023-04-19T19:16:32.176783167) [Dbg] [SimpleHydrodynamics.cc:169]   <link_name>: link
(2023-04-19T19:16:32.176829558) (2023-04-19T19:16:32.176845138) [Dbg] [SimpleHydrodynamics.cc:170]   <xDotU>: 0
(2023-04-19T19:16:32.176893698) (2023-04-19T19:16:32.176909308) [Dbg] [SimpleHydrodynamics.cc:171]   <yDotV>: 0
(2023-04-19T19:16:32.176954729) (2023-04-19T19:16:32.176970919) [Dbg] [SimpleHydrodynamics.cc:172]   <zDotW>: 0.1
(2023-04-19T19:16:32.177016560) (2023-04-19T19:16:32.177032000) [Dbg] [SimpleHydrodynamics.cc:173]   <kDotP>: 0.1
(2023-04-19T19:16:32.177076900) (2023-04-19T19:16:32.177092791) [Dbg] [SimpleHydrodynamics.cc:174]   <mDotQ>: 0.1
(2023-04-19T19:16:32.177139351) (2023-04-19T19:16:32.177155011) [Dbg] [SimpleHydrodynamics.cc:175]   <nDotR>: 0
(2023-04-19T19:16:32.177200502) (2023-04-19T19:16:32.177216462) [Dbg] [SimpleHydrodynamics.cc:176]   <xU>: 510.3
(2023-04-19T19:16:32.177262823) (2023-04-19T19:16:32.177278353) [Dbg] [SimpleHydrodynamics.cc:177]   <xUU>: 720.4
(2023-04-19T19:16:32.177324323) (2023-04-19T19:16:32.177340503) [Dbg] [SimpleHydrodynamics.cc:178]   <yV>: 400
(2023-04-19T19:16:32.177386084) (2023-04-19T19:16:32.177401604) [Dbg] [SimpleHydrodynamics.cc:179]   <yVV>: 0
(2023-04-19T19:16:32.177446725) (2023-04-19T19:16:32.177462255) [Dbg] [SimpleHydrodynamics.cc:180]   <zW>: 5000
(2023-04-19T19:16:32.177506935) (2023-04-19T19:16:32.177522346) [Dbg] [SimpleHydrodynamics.cc:181]   <zWW>: 0
(2023-04-19T19:16:32.177567726) (2023-04-19T19:16:32.177583286) [Dbg] [SimpleHydrodynamics.cc:182]   <kP>: 500
(2023-04-19T19:16:32.177635297) (2023-04-19T19:16:32.177651597) [Dbg] [SimpleHydrodynamics.cc:183]   <kPP>: 0
(2023-04-19T19:16:32.177696088) (2023-04-19T19:16:32.177711348) [Dbg] [SimpleHydrodynamics.cc:184]   <mQ>: 500
(2023-04-19T19:16:32.177752388) (2023-04-19T19:16:32.177763368) [Dbg] [SimpleHydrodynamics.cc:185]   <mQQ>: 0
(2023-04-19T19:16:32.177789739) (2023-04-19T19:16:32.177798959) [Dbg] [SimpleHydrodynamics.cc:186]   <nR>: 15000
(2023-04-19T19:16:32.177825359) (2023-04-19T19:16:32.177833929) [Dbg] [SimpleHydrodynamics.cc:187]   <nRR>: 0
(2023-04-19T19:16:32.177863200) (2023-04-19T19:16:32.177872800) [Dbg] [SystemManager.cc:58] Loaded system [ignition::gazebo::systems::SimpleHydrodynamics] for entity [24]
(2023-04-19T19:16:32.179229485) (2023-04-19T19:16:32.179240665) [Dbg] [SystemManager.cc:58] Loaded system [ignition::gazebo::systems::DetachableJoint] for entity [28]
(2023-04-19T19:16:32.179732261) (2023-04-19T19:16:32.179742751) [Dbg] [SystemManager.cc:58] Loaded system [ignition::gazebo::systems::DetachableJoint] for entity [44]
(2023-04-19T19:16:32.180547581) (2023-04-19T19:16:32.180561371) [Dbg] [SystemManager.cc:58] Loaded system [ignition::gazebo::systems::DetachableJoint] for entity [60]
(2023-04-19T19:16:32.181360800) (2023-04-19T19:16:32.181372040) [Dbg] [SystemManager.cc:58] Loaded system [ignition::gazebo::systems::DetachableJoint] for entity [112]
(2023-04-19T19:16:32.182545673) (2023-04-19T19:16:32.182555933) [Dbg] [SystemManager.cc:58] Loaded system [ignition::gazebo::systems::CommsEndpoint] for entity [164]
(2023-04-19T19:16:32.182731335) (2023-04-19T19:16:32.182741735) [Dbg] [SystemManager.cc:58] Loaded system [ignition::gazebo::systems::CommsEndpoint] for entity [164]
(2023-04-19T19:16:32.184200281) (2023-04-19T19:16:32.184212541) [Dbg] [SystemManager.cc:58] Loaded system [mbzirc::BaseStation] for entity [164]
(2023-04-19T19:16:32.185991612) (2023-04-19T19:16:32.186003082) [Msg] EntityDetector publishing messages on [/mbzirc/target_object_detector/dropped]
(2023-04-19T19:16:32.186152584) (2023-04-19T19:16:32.186162884) [Dbg] [SystemManager.cc:58] Loaded system [mbzirc::EntityDetector] for entity [168]
(2023-04-19T19:16:32.186249385) (2023-04-19T19:16:32.186258275) [Msg] Loaded level [3]
(2023-04-19T19:16:32.186559168) (2023-04-19T19:16:32.186570499) [Msg] Serving world controls on [/world/simple_demo/control], [/world/simple_demo/control/state] and [/world/simple_demo/playback/control]
(2023-04-19T19:16:32.186692100) (2023-04-19T19:16:32.186705470) [Msg] Serving GUI information on [/world/simple_demo/gui/info]
(2023-04-19T19:16:32.186742631) (2023-04-19T19:16:32.186750951) [Msg] World [simple_demo] initialized with [4ms] physics profile.
(2023-04-19T19:16:32.186880022) (2023-04-19T19:16:32.186893692) [Msg] Serving world SDF generation service on [/world/simple_demo/generate_world_sdf]
(2023-04-19T19:16:32.186982513) (2023-04-19T19:16:32.186996574) [Msg] Serving world names on [/gazebo/worlds]
(2023-04-19T19:16:32.187091495) (2023-04-19T19:16:32.187103965) [Msg] Resource path add service on [/gazebo/resource_paths/add].
(2023-04-19T19:16:32.287348233) (2023-04-19T19:16:32.287377724) [Msg] Resource path get service on [/gazebo/resource_paths/get].
(2023-04-19T19:16:32.287544806) (2023-04-19T19:16:32.287573226) [Msg] Resource path resolve service on [/gazebo/resource_paths/resolve].
(2023-04-19T19:16:32.287703467) (2023-04-19T19:16:32.287726338) [Msg] Resource paths published on [/gazebo/resource_paths].
(2023-04-19T19:16:32.287927730) (2023-04-19T19:16:32.287957490) [Msg] Server control service on [/server_control].
(2023-04-19T19:16:32.288153072) (2023-04-19T19:16:32.288171953) [Msg] Found no publishers on /stats, adding root stats topic
(2023-04-19T19:16:32.288327544) (2023-04-19T19:16:32.288346494) [Msg] Found no publishers on /clock, adding root clock topic
(2023-04-19T19:16:32.288588797) (2023-04-19T19:16:32.288609737) [Dbg] [SimulationRunner.cc:491] Creating PostUpdate worker threads: 13
(2023-04-19T19:16:32.288664888) (2023-04-19T19:16:32.288689298) [Dbg] [SimulationRunner.cc:502] Creating postupdate worker thread (0)
(2023-04-19T19:16:32.288814440) (2023-04-19T19:16:32.288833840) [Dbg] [SimulationRunner.cc:502] Creating postupdate worker thread (1)
(2023-04-19T19:16:32.288927561) (2023-04-19T19:16:32.288944451) [Dbg] [SimulationRunner.cc:502] Creating postupdate worker thread (2)
(2023-04-19T19:16:32.289049692) (2023-04-19T19:16:32.289067183) [Dbg] [SimulationRunner.cc:502] Creating postupdate worker thread (3)
(2023-04-19T19:16:32.289155184) (2023-04-19T19:16:32.289173284) [Dbg] [SimulationRunner.cc:502] Creating postupdate worker thread (4)
(2023-04-19T19:16:32.289269805) (2023-04-19T19:16:32.289287545) [Dbg] [SimulationRunner.cc:502] Creating postupdate worker thread (5)
(2023-04-19T19:16:32.289374586) (2023-04-19T19:16:32.289393376) [Dbg] [SimulationRunner.cc:502] Creating postupdate worker thread (6)
(2023-04-19T19:16:32.289478107) (2023-04-19T19:16:32.289496098) [Dbg] [SimulationRunner.cc:502] Creating postupdate worker thread (7)
(2023-04-19T19:16:32.289584989) (2023-04-19T19:16:32.289604129) [Dbg] [SimulationRunner.cc:502] Creating postupdate worker thread (8)
(2023-04-19T19:16:32.289690290) (2023-04-19T19:16:32.289709020) [Dbg] [SimulationRunner.cc:502] Creating postupdate worker thread (9)
(2023-04-19T19:16:32.289797361) (2023-04-19T19:16:32.289814681) [Dbg] [SimulationRunner.cc:502] Creating postupdate worker thread (10)
(2023-04-19T19:16:32.289927743) (2023-04-19T19:16:32.289949563) [Dbg] [SimulationRunner.cc:502] Creating postupdate worker thread (11)
(2023-04-19T19:16:32.388780296) (2023-04-19T19:16:32.388814097) [Msg] Particle emitter[simple_demo::dust_storm::link::dust_storm] subscribed to command messages on topic[/model/dust_storm/link/link/particle_emitter/dust_storm/cmd]
(2023-04-19T19:16:32.389096380) (2023-04-19T19:16:32.389125010) [Msg] Particle emitter[simple_demo::fog::link::fog] subscribed to command messages on topic[/model/fog/link/link/particle_emitter/fog/cmd]
(2023-04-19T19:16:32.391295984) (2023-04-19T19:16:32.391322625) [Msg] DetachableJoint subscribing to messages on [/Vessel_A/detach]
(2023-04-19T19:16:32.391529007) (2023-04-19T19:16:32.391555357) [Msg] DetachableJoint subscribing to messages on [/Vessel_A/detach]
(2023-04-19T19:16:32.391733149) (2023-04-19T19:16:32.391753379) [Msg] DetachableJoint subscribing to messages on [/Vessel_A/detach]
(2023-04-19T19:16:32.391946342) (2023-04-19T19:16:32.391971662) [Msg] DetachableJoint subscribing to messages on [/Vessel_A/detach]
(2023-04-19T19:16:32.392214054) (2023-04-19T19:16:32.392236055) [Msg] Address [base_station/target] bound to model [base_station] on topic [base_station/target]
(2023-04-19T19:16:32.392376156) (2023-04-19T19:16:32.392404637) [Dbg] [CommsEndpoint.cc:89] Succesfuly bound to [base_station/target] on topic [base_station/target]
(2023-04-19T19:16:32.392599809) (2023-04-19T19:16:32.392629789) [Msg] Address [base_station/video] bound to model [base_station] on topic [base_station/video]
(2023-04-19T19:16:32.392780281) (2023-04-19T19:16:32.392807391) [Dbg] [CommsEndpoint.cc:89] Succesfuly bound to [base_station/video] on topic [base_station/video]
(2023-04-19T19:16:32.467424199) (2023-04-19T19:16:32.467448030) [Dbg] [Physics.cc:1593] Creating detachable joint [170]
(2023-04-19T19:16:32.467630832) (2023-04-19T19:16:32.467642912) [Dbg] [Physics.cc:1593] Creating detachable joint [171]
(2023-04-19T19:16:32.467778214) (2023-04-19T19:16:32.467790514) [Dbg] [Physics.cc:1593] Creating detachable joint [172]
(2023-04-19T19:16:32.468106307) (2023-04-19T19:16:32.468117627) [Dbg] [Physics.cc:1593] Creating detachable joint [173]
(2023-04-19T19:16:32.469320221) (2023-04-19T19:16:32.469332511) [Dbg] [SimulationFeatures.cc:63] Simulation timestep set to: 0.004
(2023-04-19T19:16:32.479556157) (2023-04-19T19:16:32.479582607) [Msg] Serving scene information on [/world/simple_demo/scene/info]
(2023-04-19T19:16:32.479757069) (2023-04-19T19:16:32.479779119) [Msg] Serving graph information on [/world/simple_demo/scene/graph]
(2023-04-19T19:16:32.479940011) (2023-04-19T19:16:32.479969021) [Msg] Serving full state on [/world/simple_demo/state]
(2023-04-19T19:16:32.480127413) (2023-04-19T19:16:32.480148543) [Msg] Serving full state (async) on [/world/simple_demo/(2023-04-19T19:16:32.480211504) 2023-04-19T19:16:32.480230604) ]
[Wrn] [Model.hh:69] Skipping serialization / deserialization for models with //pose/@relative_to attribute.
(2023-04-19T19:16:32.480365636) (2023-04-19T19:16:32.480388436) [Msg] Publishing scene information on [/world/simple_demo/scene/info]
(2023-04-19T19:16:32.480571088) (2023-04-19T19:16:32.480596058) [Msg] Publishing entity deletions on [/world/simple_demo/scene/deletion]
(2023-04-19T19:16:32.480765240) (2023-04-19T19:16:32.480787901) [Msg] Publishing state changes on [/world/simple_demo/state]
(2023-04-19T19:16:32.480938202) (2023-04-19T19:16:32.480958583) [Msg] Publishing pose messages on [/world/simple_demo/pose/info]
(2023-04-19T19:16:32.481103644) (2023-04-19T19:16:32.481125605) [Msg] Publishing dynamic pose messages on [/world/simple_demo/dynamic_pose/info]
(2023-04-19T19:16:32.481218346) (2023-04-19T19:16:32.481233576) [Wrn] [Component.hh:144] Trying to serialize component with data type [N3sdf3v125WorldE], which doesn't have `operator<<`. Component will not be serialized.
(2023-04-19T19:16:32.481523899) (2023-04-19T19:16:32.481546759) [Dbg] [EntityComponentManager.cc:1587] Updated state thread iterators: 24 threads processing around 8 entities each.
(2023-04-19T19:16:32.505895076) (2023-04-19T19:16:32.505918146) [Dbg] [EntityComponentManager.cc:1587] Updated state thread iterators: 24 threads processing around 8 entities each.
(2023-04-19T19:16:37.474749387) (2023-04-19T19:16:37.474763937) [Msg] Linear velocity initialized to [0 0 0]
(2023-04-19T19:16:37.474819838) (2023-04-19T19:16:37.474829298) [Msg] Angular velocity initialized to [0 0 0]
(2023-04-19T19:16:37.475008080) (2023-04-19T19:16:37.475017540) [Msg] VelocityControl subscribing to twist messages on [/model/usv/cmd_vel]
(2023-04-19T19:16:37.475054420) (2023-04-19T19:16:37.475063050) [Dbg] [SystemManager.cc:58] Loaded system [ignition::gazebo::systems::VelocityControl] for entity [174]
(2023-04-19T19:16:37.476098232) (2023-04-19T19:16:37.476109782) [Dbg] [OdometryPublisher.cc:191] OdometryPublisher system plugin missing <dimensions>, defaults to "2"
(2023-04-19T19:16:37.476265034) (2023-04-19T19:16:37.476277024) [Msg] OdometryPublisher publishing odometry on [/model/usv/odometry]
(2023-04-19T19:16:37.476376045) (2023-04-19T19:16:37.476386795) [Msg] OdometryPublisher publishing odometry with covariance on [/model/usv/odometry_with_covariance]
(2023-04-19T19:16:37.476471616) (2023-04-19T19:16:37.476481896) [Msg] OdometryPublisher publishing Pose_V (TF) on [/model/usv/pose]
(2023-04-19T19:16:37.476516137) (2023-04-19T19:16:37.476525117) [Dbg] [SystemManager.cc:58] Loaded system [ignition::gazebo::systems::OdometryPublisher] for entity [174]
(2023-04-19T19:16:37.477843521) (2023-04-19T19:16:37.477854261) [Msg] Thruster listening to commands in [/model/usv/joint/left_engine_propeller_joint/cmd_thrust]
(2023-04-19T19:16:37.477921942) (2023-04-19T19:16:37.477930042) [Dbg] [Thruster.cc:288] Using velocity control for propeller joint.
(2023-04-19T19:16:37.477957653) (2023-04-19T19:16:37.477966803) [Dbg] [SystemManager.cc:58] Loaded system [ignition::gazebo::systems::Thruster] for entity [174]
(2023-04-19T19:16:37.479052355) (2023-04-19T19:16:37.479063375) [Dbg] [JointPositionController.cc:205] [JointPositionController] system parameters:
(2023-04-19T19:16:37.479089525) (2023-04-19T19:16:37.479098375) [Dbg] [JointPositionController.cc:206] p_gain: [1]
(2023-04-19T19:16:37.479129666) (2023-04-19T19:16:37.479139026) [Dbg] [JointPositionController.cc:207] i_gain: [0.1]
(2023-04-19T19:16:37.479167936) (2023-04-19T19:16:37.479178176) [Dbg] [JointPositionController.cc:208] d_gain: [0.01]
(2023-04-19T19:16:37.479207956) (2023-04-19T19:16:37.479215617) [Dbg] [JointPositionController.cc:209] i_max: [1]
(2023-04-19T19:16:37.479246327) (2023-04-19T19:16:37.479255147) [Dbg] [JointPositionController.cc:210] i_min: [-1]
(2023-04-19T19:16:37.479293427) (2023-04-19T19:16:37.479302648) [Dbg] [JointPositionController.cc:211] cmd_max: [1000]
(2023-04-19T19:16:37.479331648) (2023-04-19T19:16:37.479340908) [Dbg] [JointPositionController.cc:212] cmd_min: [-1000]
(2023-04-19T19:16:37.479371608) (2023-04-19T19:16:37.479380728) [Dbg] [JointPositionController.cc:213] cmd_offset: [0]
(2023-04-19T19:16:37.479410239) (2023-04-19T19:16:37.479419469) [Dbg] [JointPositionController.cc:214] Topic: [usv/left/thruster/joint/cmd_pos]
(2023-04-19T19:16:37.479448639) (2023-04-19T19:16:37.479460879) [Dbg] [JointPositionController.cc:215] initial_position: [0]
(2023-04-19T19:16:37.479493980) (2023-04-19T19:16:37.479502700) [Dbg] [SystemManager.cc:58] Loaded system [ignition::gazebo::systems::JointPositionController] for entity [174]
(2023-04-19T19:16:37.479808053) (2023-04-19T19:16:37.479821083) [Msg] Thruster listening to commands in [/model/usv/joint/right_engine_propeller_joint/cmd_thrust]
(2023-04-19T19:16:37.479876214) (2023-04-19T19:16:37.479885394) [Dbg] [Thruster.cc:288] Using velocity control for propeller joint.
(2023-04-19T19:16:37.479916894) (2023-04-19T19:16:37.479927034) [Dbg] [SystemManager.cc:58] Loaded system [ignition::gazebo::systems::Thruster] for entity [174]
(2023-04-19T19:16:37.480183637) (2023-04-19T19:16:37.480194297) [Dbg] [JointPositionController.cc:205] [JointPositionController] system parameters:
(2023-04-19T19:16:37.480218078) (2023-04-19T19:16:37.480227028) [Dbg] [JointPositionController.cc:206] p_gain: [1]
(2023-04-19T19:16:37.480256878) (2023-04-19T19:16:37.480265978) [Dbg] [JointPositionController.cc:207] i_gain: [0.1]
(2023-04-19T19:16:37.480297119) (2023-04-19T19:16:37.480305839) [Dbg] [JointPositionController.cc:208] d_gain: [0.01]
(2023-04-19T19:16:37.480334439) (2023-04-19T19:16:37.480343729) [Dbg] [JointPositionController.cc:209] i_max: [1]
(2023-04-19T19:16:37.480372609) (2023-04-19T19:16:37.480381470) [Dbg] [JointPositionController.cc:210] i_min: [-1]
(2023-04-19T19:16:37.480410910) (2023-04-19T19:16:37.480419040) [Dbg] [JointPositionController.cc:211] cmd_max: [1000]
(2023-04-19T19:16:37.480449400) (2023-04-19T19:16:37.480458720) [Dbg] [JointPositionController.cc:212] cmd_min: [-1000]
(2023-04-19T19:16:37.480487591) (2023-04-19T19:16:37.480496931) [Dbg] [JointPositionController.cc:213] cmd_offset: [0]
(2023-04-19T19:16:37.480533191) (2023-04-19T19:16:37.480547031) [Dbg] [JointPositionController.cc:214] Topic: [usv/right/thruster/joint/cmd_pos]
(2023-04-19T19:16:37.480577352) (2023-04-19T19:16:37.480588372) [Dbg] [JointPositionController.cc:215] initial_position: [0]
(2023-04-19T19:16:37.480621392) (2023-04-19T19:16:37.480629252) [Dbg] [SystemManager.cc:58] Loaded system [ignition::gazebo::systems::JointPositionController] for entity [174]
(2023-04-19T19:16:37.480901865) (2023-04-19T19:16:37.480911826) [Msg] Using Pierson-Moskowitz spectrum sampling wavefield model 
(2023-04-19T19:16:37.481046537) (2023-04-19T19:16:37.481055867) [Msg] Using Pierson-Moskowitz spectrum sampling wavefield model 
(2023-04-19T19:16:37.481120298) (2023-04-19T19:16:37.481129108) [Msg] Input Parameters:
(2023-04-19T19:16:37.481156728) (2023-04-19T19:16:37.481166288) [Msg] model:     PMS
(2023-04-19T19:16:37.481194499) (2023-04-19T19:16:37.481204429) [Msg] number:     3
(2023-04-19T19:16:37.481231079) (2023-04-19T19:16:37.481240369) [Msg] scale:      1.1
(2023-04-19T19:16:37.481272670) (2023-04-19T19:16:37.481283230) [Msg] angle:      0.4
(2023-04-19T19:16:37.481313540) (2023-04-19T19:16:37.481324690) [Msg] steepness:  0
(2023-04-19T19:16:37.481354381) (2023-04-19T19:16:37.481363211) [Msg] amplitude:  0
(2023-04-19T19:16:37.481395591) (2023-04-19T19:16:37.481406821) [Msg] period:     5
(2023-04-19T19:16:37.481436222) (2023-04-19T19:16:37.481446782) [Msg] direction:  1 0
(2023-04-19T19:16:37.481489142) (2023-04-19T19:16:37.481498852) [Msg] tau:  2
(2023-04-19T19:16:37.481527663) (2023-04-19T19:16:37.481537623) [Msg] gain:  0.3
(2023-04-19T19:16:37.481567823) (2023-04-19T19:16:37.481578853) [Msg] Derived Parameters:
(2023-04-19T19:16:37.481601304) (2023-04-19T19:16:37.481616244) [Msg] amplitudes:  0.0363502, 0.0392277, 0.0385703, 
(2023-04-19T19:16:37.481665294) (2023-04-19T19:16:37.481677384) [Msg] wavenumbers: 0.133171, 0.161136, 0.194975, 
(2023-04-19T19:16:37.481735395) (2023-04-19T19:16:37.481745405) [Msg] omegas:      1.1424, 1.25664, 1.3823, 
(2023-04-19T19:16:37.481809206) (2023-04-19T19:16:37.481819936) [Msg] periods:     (2023-04-19T19:16:37.481842686) (2023-04-19T19:16:37.481853576) [Msg] 5.5, (2023-04-19T19:16:37.481882117) (2023-04-19T19:16:37.481892537) [Msg] 5, (2023-04-19T19:16:37.481913927) (2023-04-19T19:16:37.481925307) [Msg] 4.54545, (2023-04-19T19:16:37.481956748) (2023-04-19T19:16:37.481969328) [Msg] 
(2023-04-19T19:16:37.481994118) (2023-04-19T19:16:37.482007168) [Msg] phases:      0, 0, 0, 
(2023-04-19T19:16:37.482069139) (2023-04-19T19:16:37.482080299) [Msg] steepnesses: 0, 0, 0, 
(2023-04-19T19:16:37.482124720) (2023-04-19T19:16:37.482134100) [Msg] directions:  (2023-04-19T19:16:37.482150660) (2023-04-19T19:16:37.482159250) [Msg] 0.921061 -0.389418; (2023-04-19T19:16:37.482188770) (2023-04-19T19:16:37.482199100) [Msg] 1 0; (2023-04-19T19:16:37.482227101) (2023-04-19T19:16:37.482235631) [Msg] 0.921061 0.389418; (2023-04-19T19:16:37.482265461) (2023-04-19T19:16:37.482274311) [Msg] 
(2023-04-19T19:16:37.482303492) (2023-04-19T19:16:37.482312962) [Dbg] [Surface.cc:161] Surface plugin successfully configured with the following parameters:
(2023-04-19T19:16:37.482339292) (2023-04-19T19:16:37.482348452) [Dbg] [Surface.cc:163]   <link_name>: base_link
(2023-04-19T19:16:37.482375673) (2023-04-19T19:16:37.482384583) [Dbg] [Surface.cc:164]   <vehicle_length>: 6
(2023-04-19T19:16:37.482410723) (2023-04-19T19:16:37.482420343) [Dbg] [Surface.cc:165]   <vehicle_width>: 3.3
(2023-04-19T19:16:37.482446093) (2023-04-19T19:16:37.482455973) [Dbg] [Surface.cc:166]   <hull_radius>: 0.27
(2023-04-19T19:16:37.482482494) (2023-04-19T19:16:37.482491544) [Dbg] [Surface.cc:167]   <num_samples>: 2
(2023-04-19T19:16:37.482517114) (2023-04-19T19:16:37.482525844) [Dbg] [Surface.cc:168]   <fluid_level>: 0.45
(2023-04-19T19:16:37.482552535) (2023-04-19T19:16:37.482562135) [Dbg] [Surface.cc:169]   <fluid_density>: 997.774
(2023-04-19T19:16:37.482593425) (2023-04-19T19:16:37.482602745) [Dbg] [SystemManager.cc:58] Loaded system [ignition::gazebo::systems::Surface] for entity [174]
(2023-04-19T19:16:37.482920199) (2023-04-19T19:16:37.482931789) [Dbg] [SimpleHydrodynamics.cc:167] SimpleHydrodynamics plugin successfully configured with the following parameters:
(2023-04-19T19:16:37.482958929) (2023-04-19T19:16:37.482968459) [Dbg] [SimpleHydrodynamics.cc:169]   <link_name>: base_link
(2023-04-19T19:16:37.482994520) (2023-04-19T19:16:37.483003890) [Dbg] [SimpleHydrodynamics.cc:170]   <xDotU>: 0
(2023-04-19T19:16:37.483032610) (2023-04-19T19:16:37.483041000) [Dbg] [SimpleHydrodynamics.cc:171]   <yDotV>: 0
(2023-04-19T19:16:37.483066601) (2023-04-19T19:16:37.483075461) [Dbg] [SimpleHydrodynamics.cc:172]   <zDotW>: 0.1
(2023-04-19T19:16:37.483102181) (2023-04-19T19:16:37.483111551) [Dbg] [SimpleHydrodynamics.cc:173]   <kDotP>: 0.1
(2023-04-19T19:16:37.483137131) (2023-04-19T19:16:37.483146751) [Dbg] [SimpleHydrodynamics.cc:174]   <mDotQ>: 0.1
(2023-04-19T19:16:37.483172132) (2023-04-19T19:16:37.483180592) [Dbg] [SimpleHydrodynamics.cc:175]   <nDotR>: 0
(2023-04-19T19:16:37.483206322) (2023-04-19T19:16:37.483214482) [Dbg] [SimpleHydrodynamics.cc:176]   <xU>: 51.3
(2023-04-19T19:16:37.483240973) (2023-04-19T19:16:37.483252903) [Dbg] [SimpleHydrodynamics.cc:177]   <xUU>: 72.4
(2023-04-19T19:16:37.483289623) (2023-04-19T19:16:37.483299283) [Dbg] [SimpleHydrodynamics.cc:178]   <yV>: 40
(2023-04-19T19:16:37.483326854) (2023-04-19T19:16:37.483335884) [Dbg] [SimpleHydrodynamics.cc:179]   <yVV>: 0
(2023-04-19T19:16:37.483362184) (2023-04-19T19:16:37.483372174) [Dbg] [SimpleHydrodynamics.cc:180]   <zW>: 500
(2023-04-19T19:16:37.483397414) (2023-04-19T19:16:37.483406964) [Dbg] [SimpleHydrodynamics.cc:181]   <zWW>: 0
(2023-04-19T19:16:37.483432105) (2023-04-19T19:16:37.483441255) [Dbg] [SimpleHydrodynamics.cc:182]   <kP>: 100
(2023-04-19T19:16:37.483482515) (2023-04-19T19:16:37.483493665) [Dbg] [SimpleHydrodynamics.cc:183]   <kPP>: 0
(2023-04-19T19:16:37.483526206) (2023-04-19T19:16:37.483536116) [Dbg] [SimpleHydrodynamics.cc:184]   <mQ>: 100
(2023-04-19T19:16:37.483569526) (2023-04-19T19:16:37.483578266) [Dbg] [SimpleHydrodynamics.cc:185]   <mQQ>: 0
(2023-04-19T19:16:37.483610527) (2023-04-19T19:16:37.483620887) [Dbg] [SimpleHydrodynamics.cc:186]   <nR>: 400
(2023-04-19T19:16:37.483656597) (2023-04-19T19:16:37.483668147) [Dbg] [SimpleHydrodynamics.cc:187]   <nRR>: 0
(2023-04-19T19:16:37.483709018) (2023-04-19T19:16:37.483718308) [Dbg] [SystemManager.cc:58] Loaded system [ignition::gazebo::systems::SimpleHydrodynamics] for entity [174]
(2023-04-19T19:16:37.485180865) (2023-04-19T19:16:37.485194625) [Dbg] [SystemManager.cc:58] Loaded system [ignition::gazebo::systems::PosePublisher] for entity [174]
(2023-04-19T19:16:37.485463118) (2023-04-19T19:16:37.485473838) [Msg] EntityDetector publishing messages on [/mbzirc/target_object_detector/placed]
(2023-04-19T19:16:37.485608440) (2023-04-19T19:16:37.485618540) [Dbg] [SystemManager.cc:58] Loaded system [mbzirc::EntityDetector] for entity [174]
(2023-04-19T19:16:37.485835552) (2023-04-19T19:16:37.485846972) [Msg] EntityDetector publishing messages on [/mbzirc/target_object_detector/placed]
(2023-04-19T19:16:37.485982624) (2023-04-19T19:16:37.485994604) [Dbg] [SystemManager.cc:58] Loaded system [mbzirc::EntityDetector] for entity [174]
(2023-04-19T19:16:37.486213966) (2023-04-19T19:16:37.486226396) [Msg] EntityDetector publishing messages on [/mbzirc/target_object_detector/placed]
(2023-04-19T19:16:37.486357458) (2023-04-19T19:16:37.486368618) [Dbg] [SystemManager.cc:58] Loaded system [mbzirc::EntityDetector] for entity [174]
(2023-04-19T19:16:37.486584880) (2023-04-19T19:16:37.486595381) [Msg] EntityDetector publishing messages on [/mbzirc/target_object_detector/placed]
(2023-04-19T19:16:37.486729252) (2023-04-19T19:16:37.486740552) [Dbg] [SystemManager.cc:58] Loaded system [mbzirc::EntityDetector] for entity [174]
(2023-04-19T19:16:37.486944254) (2023-04-19T19:16:37.486954755) [Dbg] [SystemManager.cc:58] Loaded system [ignition::gazebo::systems::CommsEndpoint] for entity [174]
(2023-04-19T19:16:37.487423060) (2023-04-19T19:16:37.487433970) [Dbg] [UserCommands.cc:1303] Created entity [174] named [usv]
(2023-04-19T19:16:37.497013637) (2023-04-19T19:16:37.497036627) [Dbg] [Sensors.cc:584] Initialization needed
(2023-04-19T19:16:37.497090048) (2023-04-19T19:16:37.497102898) [Dbg] [Sensors.cc:240] Initializing render context
(2023-04-19T19:16:37.497203379) (2023-04-19T19:16:37.497219049) [Msg] Loading plugin [ignition-rendering-ogre2]
(2023-04-19T19:16:37.497766405) (2023-04-19T19:16:37.497785486) [Dbg] [GameLogicPlugin.cc:1991] New Competitor Platform: usv with 0sensors
(2023-04-19T19:16:37.497886937) (2023-04-19T19:16:37.497916607) [Dbg] [ImuSensor.cc:148] IMU data for [usv::base_link::imu_sensor] advertised on [world/simple_demo/model/usv/link/base_link/sensor/imu_sensor/imu]
((((2023-04-19T19:16:37.500044632) (2023-04-19T19:16:37.500068342((2023-04-19T19:16:37.500087212) (2023-04-19T19:16:37.500114463) (2023-04-19T19:16:37.500151843) () ((((2023-04-19T19:16:37.500204564) (2023-04-19T19:16:37.500232494) (2023-04-19T19:16:37.5002568242023-04-19T19:16:37.500256824[Dbg] [SimulationRunner.cc:518] 2023-04-19T19:16:37.500256824[Dbg] [SimulationRunner.cc:518] (2023-04-19T19:16:37.500256824[Dbg] [SimulationRunner.cc:518] (2023-04-19T19:16:37.500256824[Dbg] [SimulationRunner.cc:518] () ) 2023-04-19T19:16:37.500302035) (2023-04-19T19:16:37.500345545) 2023-04-19T19:16:37.500359825) (2023-04-19T19:16:37.500393596) ) ) 2023-04-19T19:16:37.5002970252023-04-19T19:16:37.500445386) (2023-04-19T19:16:37.500477557) 2023-04-19T19:16:37.500230484) (2023-04-19T19:16:37.500533617) 2023-04-19T19:16:37.500553988) (2023-04-19T19:16:37.500584438) ) (2023-04-19T19:16:37.500411866) (2023-04-19T19:16:37.500670969Exiting postupdate worker thread (11)
) Exiting postupdate worker thread (2023-04-19T19:16:37.5006278593)
) [Dbg] [SimulationRunner.cc:518] Exiting postupdate worker thread (Exiting postupdate worker thread (7)
[Dbg] [SimulationRunner.cc:518] [Dbg] [SimulationRunner.cc:518] [Dbg] [SimulationRunner.cc:518] [Dbg] [SimulationRunner.cc:518] Exiting postupdate worker thread (6Exiting postupdate worker thread ([Dbg] [SimulationRunner.cc:518] 0)
[Dbg] [SimulationRunner.cc:518] 06)
Exiting postupdate worker thread (8)
[Dbg] [SimulationRunner.cc:518] Exiting postupdate worker thread (Exiting postupdate worker thread (Exiting postupdate worker thread (9)
1)
[Dbg] [SimulationRunner.cc:518] Exiting postupdate worker thread (Exiting postupdate worker thread (Exiting postupdate worker thread (2)
5Exiting postupdate worker thread (10)
)
Exiting postupdate worker thread (4)
(2023-04-19T19:16:37.501658490) (2023-04-19T19:16:37.501675720) [Dbg] [SimulationRunner.cc:491] Creating PostUpdate worker threads: 22
(2023-04-19T19:16:37.501721061) (2023-04-19T19:16:37.501734781) [Dbg] [SimulationRunner.cc:502] Creating postupdate worker thread (0)
(2023-04-19T19:16:37.501810012) (2023-04-19T19:16:37.501824952) [Dbg] [SimulationRunner.cc:502] Creating postupdate worker thread (1)
(2023-04-19T19:16:37.501892273) (2023-04-19T19:16:37.501905343) [Dbg] [SimulationRunner.cc:502] Creating postupdate worker thread (2)
(2023-04-19T19:16:37.501975694) (2023-04-19T19:16:37.501988944) [Dbg] [SimulationRunner.cc:502] Creating postupdate worker thread (3)
(2023-04-19T19:16:37.502055454) (2023-04-19T19:16:37.502068275) [Dbg] [SimulationRunner.cc:502] Creating postupdate worker thread (4)
(2023-04-19T19:16:37.502143115) (2023-04-19T19:16:37.502156386) [Dbg] [SimulationRunner.cc:502] Creating postupdate worker thread (5)
(2023-04-19T19:16:37.502232656) (2023-04-19T19:16:37.502245997) [Dbg] [SimulationRunner.cc:502] Creating postupdate worker thread (6)
(2023-04-19T19:16:37.502321577) (2023-04-19T19:16:37.502335588) [Dbg] [SimulationRunner.cc:502] Creating postupdate worker thread (7)
(2023-04-19T19:16:37.502409838) (2023-04-19T19:16:37.502424619) [Dbg] [SimulationRunner.cc:502] Creating postupdate worker thread (8)
(2023-04-19T19:16:37.502493229) (2023-04-19T19:16:37.502507630) [Dbg] [SimulationRunner.cc:502] Creating postupdate worker thread (9)
(2023-04-19T19:16:37.502578470) (2023-04-19T19:16:37.502592130) [Dbg] [SimulationRunner.cc:502] Creating postupdate worker thread (10)
(2023-04-19T19:16:37.502664351) (2023-04-19T19:16:37.502679221) [Dbg] [SimulationRunner.cc:502] Creating postupdate worker thread (11)
(2023-04-19T19:16:37.502763612) (2023-04-19T19:16:37.502778023) [Dbg] [SimulationRunner.cc:502] Creating postupdate worker thread (12)
(2023-04-19T19:16:37.502856983) (2023-04-19T19:16:37.502871854) [Dbg] [SimulationRunner.cc:502] Creating postupdate worker thread (13)
(2023-04-19T19:16:37.502948364) (2023-04-19T19:16:37.502962425) [Dbg] [SimulationRunner.cc:502] Creating postupdate worker thread (14)
(2023-04-19T19:16:37.503037915) (2023-04-19T19:16:37.503053026) [Dbg] [SimulationRunner.cc:502] Creating postupdate worker thread (15)
(2023-04-19T19:16:37.503123746) (2023-04-19T19:16:37.503136857) [Dbg] [SimulationRunner.cc:502] Creating postupdate worker thread (16)
(2023-04-19T19:16:37.503203367) (2023-04-19T19:16:37.503216587) [Dbg] [SimulationRunner.cc:502] Creating postupdate worker thread (17)
(2023-04-19T19:16:37.503281188) (2023-04-19T19:16:37.503294298) [Dbg] [SimulationRunner.cc:502] Creating postupdate worker thread (18)
(2023-04-19T19:16:37.503362409) (2023-04-19T19:16:37.503375609) [Dbg] [SimulationRunner.cc:502] Creating postupdate worker thread (19)
(2023-04-19T19:16:37.503445210) (2023-04-19T19:16:37.503458130) [Dbg] [SimulationRunner.cc:502] Creating postupdate worker thread (20)
(2023-04-19T19:16:37.504030146) (2023-04-19T19:16:37.504046717) [Msg] Address [usv] bound to model [usv] on topic [model/usv/rx]
(2023-04-19T19:16:37.504117957) (2023-04-19T19:16:37.504130708) [Dbg] [CommsEndpoint.cc:89] Succesfuly bound to [usv] on topic [model/usv/rx]
(2023-04-19T19:16:37.944224332) (2023-04-19T19:16:37.944236442) [Dbg] [RenderUtil.cc:2529] Create scene [scene]
(2023-04-19T19:16:37.984335352) (2023-04-19T19:16:37.984352322) [Dbg] [Sensors.cc:254] Rendering Thread initialized
(2023-04-19T19:16:37.988624392) (2023-04-19T19:16:37.988636092) [Wrn] [Ogre2Heightmap.cc:125] Heightmap final sampling should be 2^n
 which differs from ogre1's 2^n+1
The last row and column will be cropped
size = (width * sampling) - sampling + 1
[257] = ([257] * [1]) - [1] + 1
(2023-04-19T19:16:37.993421145) (2023-04-19T19:16:37.993432705) [Msg] Loading heightmap: scene::Heightmap(65478)
(2023-04-19T19:16:37.993466996) (2023-04-19T19:16:37.993477206) [Msg] Heightmap loaded. Process took 0 ms.
(2023-04-19T19:16:41.739952234) (2023-04-19T19:16:41.739982525) [Dbg] [Ogre2ParticleEmitter.cc:514] Particle emitter initialized
(2023-04-19T19:16:41.740296208) (2023-04-19T19:16:41.740319409) [Dbg] [Ogre2ParticleEmitter.cc:514] Particle emitter initialized
(2023-04-19T19:16:41.740649222) (2023-04-19T19:16:41.740674452) [Dbg] [Ogre2ParticleEmitter.cc:514] Particle emitter initialized
(2023-04-19T19:16:42.325205379) (2023-04-19T19:16:42.325219189) [Dbg] [Ogre2ParticleEmitter.cc:514] Particle emitter initialized
(2023-04-19T19:16:42.325421081) (2023-04-19T19:16:42.325431281) [Dbg] [Ogre2ParticleEmitter.cc:514] Particle emitter initialized
(2023-04-19T19:16:42.325567363) (2023-04-19T19:16:42.325579733) [Dbg] [Ogre2ParticleEmitter.cc:514] Particle emitter initialized
(2023-04-19T19:16:42.337356654) (2023-04-19T19:16:42.337370854) [Dbg] [Lidar.cc:122] Laser scans for [usv::sensor_6::sensor_link::lidar] advertised on [world/simple_demo/model/usv/model/sensor_6/link/sensor_link/sensor/lidar/scan]
(2023-04-19T19:16:42.337625997) (2023-04-19T19:16:42.337636357) [Dbg] [GpuLidarSensor.cc:164] Lidar points for [usv::sensor_6::sensor_link::lidar] advertised on [world/simple_demo/model/usv/model/sensor_6/link/sensor_link/sensor/lidar/scan/points]
(2023-04-19T19:16:42.337926760) (2023-04-19T19:16:42.337941311) [Msg] Loading plugin [ignition-rendering-ogre2]
(2023-04-19T19:16:42.493830950) (2023-04-19T19:16:42.493853670) [Dbg] [EntityComponentManager.cc:1587] Updated state thread iterators: 24 threads processing around 10 entities each.
(2023-04-19T19:17:03.536346634) (2023-04-19T19:17:03.536366525) [Msg] Scoring has Started
(2023-04-19T19:17:03.536727209) (2023-04-19T19:17:03.536753909) [Err] [GameLogicPlugin.cc:2121] Invalid configuration detected: 
[usv] Initial Position (10 40 0.299843) is not in the starting area -15 -15 -5 15 15 5
(2023-04-19T19:19:29.760900526) (2023-04-19T19:19:29.760921757) [Dbg] [SignalHandler.cc:141] Received signal[2].
(2023-04-19T19:19:29.760969167) (2023-04-19T19:19:29.760982227) [Dbg] [ServerPrivate.cc:110] Server received signal[2]
(2023-04-19T19:19:29.761022317) (2023-04-19T19:19:29.761035788) [Dbg] [Sensors.cc:406] SensorsPrivate::Stop
(2023-04-19T19:19:29.763051225) (2023-04-19T19:19:29.763072755) [Dbg] [Sensors.cc:392] SensorsPrivate::RenderThread stopped
(2023-04-19T19:19:29.772608603) (2023-04-19T19:19:29.772634053) [Dbg] [ign.cc:410] Shutting down ign-gazebo-server
(((2023-04-19T19:19:29.776089592) (2023-04-19T19:19:29.776117633) ([Dbg] [SimulationRunner.cc:518] (Exiting postupdate worker thread (9)
((2023-04-19T19:19:29.776223784) (2023-04-19T19:19:29.776256534) ([Dbg] [SimulationRunner.cc:518] ([Dbg] [SimulationRunner.cc:518] (() 2023-04-19T19:19:29.776362225(2023-04-19T19:19:29.776362225(2023-04-19T19:19:29.776362225(2023-04-19T19:19:29.776405965) (2023-04-19T19:19:29.776434285) 2023-04-19T19:19:29.7763286042023-04-19T19:19:29.776471806) (2023-04-19T19:19:29.776508246) (2023-04-19T19:19:29.777488494) 2023-04-19T19:19:29.776063352) (2023-04-19T19:19:29.777533204) (2023-04-19T19:19:29.776299364) ) (() ((() (((2023-04-19T19:19:29.7764115752023-04-19T19:19:29.777636565) () ((2023-04-19T19:19:29.777681515) 2023-04-19T19:19:29.777712926) (2023-04-19T19:19:29.777753686) ) (2023-04-19T19:19:29.777802406) ((2023-04-19T19:19:29.7777164762023-04-19T19:19:29.7778579972023-04-19T19:19:29.7777164762023-04-19T19:19:29.777857997) 2023-04-19T19:19:29.7778900172023-04-19T19:19:29.777902777) (2023-04-19T19:19:29.777932787) 2023-04-19T19:19:29.777625105) 2023-04-19T19:19:29.777656665) ) ) (2023-04-19T19:19:29.778034328) ) (2023-04-19T19:19:29.7778452272023-04-19T19:19:29.778082689) (2023-04-19T19:19:29.7778832472023-04-19T19:19:29.778130039) ) (2023-04-19T19:19:29.778188079) Exiting postupdate worker thread (02023-04-19T19:19:29.778234850) (2023-04-19T19:19:29.7782892602023-04-19T19:19:29.778289260) 2023-04-19T19:19:29.778014618) () ()
) (2023-04-19T19:19:29.778415911) (2023-04-19T19:19:29.778436811) 2023-04-19T19:19:29.7783704312023-04-19T19:19:29.778370431) 2023-04-19T19:19:29.778344951) ) Exiting postupdate worker thread (15[Dbg] [SimulationRunner.cc:518] [Dbg] [SimulationRunner.cc:518] Exiting postupdate worker thread ([Dbg] [SimulationRunner.cc:518] Exiting postupdate worker thread (14)
Exiting postupdate worker thread (4)
[Dbg] [SimulationRunner.cc:518] Exiting postupdate worker thread (5)
[Dbg] [SimulationRunner.cc:518] Exiting postupdate worker thread (11)
6Exiting postupdate worker thread (13)
Exiting postupdate worker thread (10)
)
[Dbg] [SimulationRunner.cc:518] [Dbg] [SimulationRunner.cc:518] [Dbg] [SimulationRunner.cc:518] [Dbg] [SimulationRunner.cc:518] [Dbg] [SimulationRunner.cc:518] Exiting postupdate worker thread (20)
[Dbg] [SimulationRunner.cc:518] Exiting postupdate worker thread (1)
[Dbg] [SimulationRunner.cc:518] Exiting postupdate worker thread (18)
[Dbg] [SimulationRunner.cc:518] [Dbg] [SimulationRunner.cc:518] [Dbg] [SimulationRunner.cc:518] Exiting postupdate worker thread (Exiting postupdate worker thread (Exiting postupdate worker thread ([Dbg] [SimulationRunner.cc:518] Exiting postupdate worker thread (16)
3)
Exiting postupdate worker thread (17)Exiting postupdate worker thread (7)
12)
Exiting postupdate worker thread ()
19)
)
Exiting postupdate worker thread (8)
2)
(2023-04-19T19:19:29.814924912) (2023-04-19T19:19:29.814938392) [Dbg] [Sensors.cc:406] SensorsPrivate::Stop
(2023-04-19T19:19:29.837169176) (2023-04-19T19:19:29.837182846) [Msg] Stopping recording
(2023-04-19T19:19:29.837804771) (2023-04-19T19:19:29.837816651) [Msg] Scoring has finished. Elapsed real time: 146 seconds. Elapsed sim time: 140 seconds. 
