(2023-04-16T22:13:19.405923717) (2023-04-16T22:13:19.405945487) [Msg] Ignition Gazebo Server v6.11.0
(2023-04-16T22:13:19.409354003) (2023-04-16T22:13:19.409369003) [Msg] Loading SDF world file[/home/developer/mbzirc_ws/install/share/mbzirc_ign/worlds/simple_demo.sdf].
(2023-04-16T22:13:19.713866327) (2023-04-16T22:13:19.713885567) [Msg] Serving entity system service on [/entity/system/add]
(2023-04-16T22:13:19.747405334) (2023-04-16T22:13:19.747418814) [Dbg] [Physics.cc:803] Loaded [ignition::physics::dartsim::Plugin] from library [/usr/lib/x86_64-linux-gnu/ign-physics-5/engine-plugins/libignition-physics-dartsim-plugin.so]
(2023-04-16T22:13:19.747473194) (2023-04-16T22:13:19.747481494) [Dbg] [SystemManager.cc:58] Loaded system [ignition::gazebo::systems::Physics] for entity [1]
(2023-04-16T22:13:19.748975362) (2023-04-16T22:13:19.748985432) [Msg] Create service on [/world/simple_demo/create]
(2023-04-16T22:13:19.749088562) (2023-04-16T22:13:19.749099342) [Msg] Remove service on [/world/simple_demo/remove]
(2023-04-16T22:13:19.749189142) (2023-04-16T22:13:19.749199992) [Msg] Pose service on [/world/simple_demo/set_pose]
(2023-04-16T22:13:19.749278722) (2023-04-16T22:13:19.749287202) [Msg] Pose service on [/world/simple_demo/set_pose_vector]
(2023-04-16T22:13:19.749402542) (2023-04-16T22:13:19.749411712) [Msg] Light configuration service on [/world/simple_demo/light_config]
(2023-04-16T22:13:19.749562111) (2023-04-16T22:13:19.749571811) [Msg] Physics service on [/world/simple_demo/set_physics]
(2023-04-16T22:13:19.749662551) (2023-04-16T22:13:19.749671881) [Msg] SphericalCoordinates service on [/world/simple_demo/set_spherical_coordinates]
(2023-04-16T22:13:19.749734761) (2023-04-16T22:13:19.749746001) [Msg] Enable collision service on [/world/simple_demo/enable_collision]
(2023-04-16T22:13:19.749807151) (2023-04-16T22:13:19.749817131) [Msg] Disable collision service on [/world/simple_demo/disable_collision]
(2023-04-16T22:13:19.749936791) (2023-04-16T22:13:19.749946211) [Msg] Material service on [/world/simple_demo/visual_config]
(2023-04-16T22:13:19.750034521) (2023-04-16T22:13:19.750045721) [Msg] Material service on [/world/simple_demo/wheel_slip]
(2023-04-16T22:13:19.750083981) (2023-04-16T22:13:19.750092801) [Dbg] [SystemManager.cc:58] Loaded system [ignition::gazebo::systems::UserCommands] for entity [1]
(2023-04-16T22:13:19.768452253) (2023-04-16T22:13:19.768462933) [Dbg] [Sensors.cc:479] Configuring Sensors system
(2023-04-16T22:13:19.768518813) (2023-04-16T22:13:19.768527233) [Dbg] [Sensors.cc:398] SensorsPrivate::Run
(2023-04-16T22:13:19.768600343) (2023-04-16T22:13:19.768610113) [Dbg] [SystemManager.cc:58] Loaded system [ignition::gazebo::systems::Sensors] for entity [1](
2023-04-16T22:13:19.768655673) (2023-04-16T22:13:19.768695632) [Dbg] [Sensors.cc:378] SensorsPrivate::RenderThread started
(2023-04-16T22:13:19.768740292) (2023-04-16T22:13:19.768753342) [Dbg] [Sensors.cc:228] Waiting for init
(2023-04-16T22:13:19.770024082) (2023-04-16T22:13:19.770035232) [Dbg] [SystemManager.cc:58] Loaded system [ignition::gazebo::systems::AirPressure] for entity [1]
(2023-04-16T22:13:19.771450561) (2023-04-16T22:13:19.771461241) [Dbg] [SystemManager.cc:58] Loaded system [ignition::gazebo::systems::Altimeter] for entity [1]
(2023-04-16T22:13:19.772909959) (2023-04-16T22:13:19.772920729) [Dbg] [SystemManager.cc:58] Loaded system [ignition::gazebo::systems::Imu] for entity [1]
(2023-04-16T22:13:19.774323558) (2023-04-16T22:13:19.774334168) [Dbg] [SystemManager.cc:58] Loaded system [ignition::gazebo::systems::Magnetometer] for entity [1]
(2023-04-16T22:13:19.775739466) (2023-04-16T22:13:19.775750466) [Dbg] [SystemManager.cc:58] Loaded system [ignition::gazebo::systems::ForceTorque] for entity [1]
(2023-04-16T22:13:19.776809065) (2023-04-16T22:13:19.776819175) [Msg] Serving particle emitter information on [/world/simple_demo/particle_emitters]
(2023-04-16T22:13:19.776868255) (2023-04-16T22:13:19.776876125) [Dbg] [SystemManager.cc:58] Loaded system [ignition::gazebo::systems::ParticleEmitter2] for entity [1]
(2023-04-16T22:13:19.778020964) (2023-04-16T22:13:19.778041194) [Dbg] [SystemManager.cc:58] Loaded system [ignition::gazebo::systems::SceneBroadcaster] for entity [1]
(2023-04-16T22:13:19.778946773) (2023-04-16T22:13:19.778957163) [Dbg] [SystemManager.cc:58] Loaded system [ignition::gazebo::systems::Contact] for entity [1]
(2023-04-16T22:13:19.779974242) (2023-04-16T22:13:19.779985352) [Dbg] [RFComms.cc:385] Range configuration:
RF Configuration (range-based)
-- max_range: 500000
-- fading_exponent: 2.6
-- l0: 40
-- sigma: 10

(2023-04-16T22:13:19.780090152) (2023-04-16T22:13:19.780100842) [Dbg] [RFComms.cc:388] Radio configuration:
Radio Configuration
-- capacity: 1e+06
-- tx_power: 25
-- noise_floor: -90
-- modulation: QPSK

(2023-04-16T22:13:19.780334481) (2023-04-16T22:13:19.780345631) [Dbg] [Broker.cc:113] Broker services:
(2023-04-16T22:13:19.780371831) (2023-04-16T22:13:19.780380921) [Dbg] [Broker.cc:114]   Bind: [/broker/bind]
(2023-04-16T22:13:19.780409091) (2023-04-16T22:13:19.780416951) [Dbg] [Broker.cc:115]   Unbind: [/broker/unbind]
(2023-04-16T22:13:19.780448111) (2023-04-16T22:13:19.780456961) [Dbg] [Broker.cc:116] Broker topics:
(2023-04-16T22:13:19.780476511) (2023-04-16T22:13:19.780485271) [Dbg] [Broker.cc:117]   Incoming messages: [/broker/msgs]
(2023-04-16T22:13:19.780518081) (2023-04-16T22:13:19.780526841) [Dbg] [SystemManager.cc:58] Loaded system [ignition::gazebo::systems::RFComms] for entity [1]
(2023-04-16T22:13:19.782626640) (2023-04-16T22:13:19.782635990) [Dbg] [RFRange.cc:339] RFRange sensor range configuration:
RF Configuration (range-based)
-- max_range: 500000
-- fading_exponent: 2.6
-- l0: 40
-- sigma: 0.005
-- rssi_1: -15

(2023-04-16T22:13:19.782730680) (2023-04-16T22:13:19.782739580) [Dbg] [RFRange.cc:342] RFRange sensor radio configuration:
Radio Configuration
-- tx_power: 25
-- noise_floor: -90

(2023-04-16T22:13:19.782810730) (2023-04-16T22:13:19.782818740) [Dbg] [SystemManager.cc:58] Loaded system [ignition::gazebo::systems::RFRange] for entity [1]
(2023-04-16T22:13:19.786106377) (2023-04-16T22:13:19.786117397) [Msg] Overwriting existing file [/tmp/ign/mbzirc/playback/state.tlog]
(2023-04-16T22:13:19.825941428) (2023-04-16T22:13:19.825956748) [Msg] Recording to log file [/tmp/ign/mbzirc/playback/state.tlog]
(2023-04-16T22:13:19.826004227) (2023-04-16T22:13:19.826013877) [Dbg] [LogRecord.cc:334] Recording default topic[/playback/sdf].
(2023-04-16T22:13:19.826038087) (2023-04-16T22:13:19.826048297) [Dbg] [LogRecord.cc:335] Recording default topic[/world/simple_demo/changed_state].
(2023-04-16T22:13:19.860864034) (2023-04-16T22:13:19.860882194) [Dbg] [SystemManager.cc:58] Loaded system [ignition::gazebo::systems::LogRecord] for entity [1]
(2023-04-16T22:13:19.863041151) (2023-04-16T22:13:19.863058751) [Dbg] [SystemManager.cc:58] Loaded system [ignition::gazebo::systems::WindEffects] for entity [1]
(2023-04-16T22:13:19.866872457) (2023-04-16T22:13:19.866889027) [Msg] MBZIRC log path: /tmp/ign/mbzirc/logs
(2023-04-16T22:13:19.867281927) (2023-04-16T22:13:19.867297857) [Msg] Run duration set to 3600 seconds.
(2023-04-16T22:13:19.867380127) (2023-04-16T22:13:19.867394057) [Msg] Geofence boundary min: -70 -70 -25, max: 70 70 121.92
(2023-04-16T22:13:19.867520067) (2023-04-16T22:13:19.867532876) [Msg] Start area boundary min: -15 -15 -5, max: 15 15 5
(2023-04-16T22:13:19.867638526) (2023-04-16T22:13:19.867652436) [Msg] Setup duration set to 600 seconds.
(2023-04-16T22:13:19.867696426) (2023-04-16T22:13:19.867710386) [Msg] Target vessel: Vessel A
(2023-04-16T22:13:19.867780926) (2023-04-16T22:13:19.867794826) [Msg]   Small object: small_blue_box_a
(2023-04-16T22:13:19.867833866) (2023-04-16T22:13:19.867847566) [Msg]   Small object: small_blue_box_a_duplicate
(2023-04-16T22:13:19.867894536) (2023-04-16T22:13:19.867912266) [Msg]   Large object: large_dry_box_a
(2023-04-16T22:13:19.867965906) (2023-04-16T22:13:19.867986526) [Msg]   Large object: large_dry_box_a_duplicate
(2023-04-16T22:13:19.869422335) (2023-04-16T22:13:19.869433815) [Msg] Starting MBZIRC
(2023-04-16T22:13:19.869544965) (2023-04-16T22:13:19.869554435) [Dbg] [SystemManager.cc:58] Loaded system [mbzirc::GameLogicPlugin] for entity [1]
(2023-04-16T22:13:19.874375791) (2023-04-16T22:13:19.874387781) [Msg] Using Pierson-Moskowitz spectrum sampling wavefield model 
(2023-04-16T22:13:19.874641231) (2023-04-16T22:13:19.874651811) [Msg] Using Pierson-Moskowitz spectrum sampling wavefield model 
(2023-04-16T22:13:20.305433881) (2023-04-16T22:13:20.305458131) [Msg] Input Parameters:
(2023-04-16T22:13:20.305508750) (2023-04-16T22:13:20.305525600) [Msg] model:     PMS
(2023-04-16T22:13:20.305576120) (2023-04-16T22:13:20.305594610) [Msg] number:     3
(2023-04-16T22:13:20.305643540) (2023-04-16T22:13:20.305659280) [Msg] scale:      1.1
(2023-04-16T22:13:20.305714730) (2023-04-16T22:13:20.305731780) [Msg] angle:      0.4
(2023-04-16T22:13:20.305782860) (2023-04-16T22:13:20.305799820) [Msg] steepness:  0
(2023-04-16T22:13:20.305847830) (2023-04-16T22:13:20.305864560) [Msg] amplitude:  0
(2023-04-16T22:13:20.305911140) (2023-04-16T22:13:20.305929140) [Msg] period:     5
(2023-04-16T22:13:20.305975790) (2023-04-16T22:13:20.305992110) [Msg] direction:  1 0
(2023-04-16T22:13:20.306063770) (2023-04-16T22:13:20.306080390) [Msg] tau:  2
(2023-04-16T22:13:20.306125330) (2023-04-16T22:13:20.306142530) [Msg] gain:  0.3
(2023-04-16T22:13:20.306189020) (2023-04-16T22:13:20.306205370) [Msg] Derived Parameters:
(2023-04-16T22:13:20.306244960) (2023-04-16T22:13:20.306261390) [Msg] amplitudes:  0.0363502, 0.0392277, 0.0385703, 
(2023-04-16T22:13:20.306376740) (2023-04-16T22:13:20.306393610) [Msg] wavenumbers: 0.133171, 0.161136, 0.194975, 
(2023-04-16T22:13:20.306481749) (2023-04-16T22:13:20.306499589) [Msg] omegas:      1.1424, 1.25664, 1.3823, 
(2023-04-16T22:13:20.306584199) (2023-04-16T22:13:20.306602029) [Msg] periods:     (2023-04-16T22:13:20.306647359) (2023-04-16T22:13:20.306665029) [Msg] 5.5, (2023-04-16T22:13:20.306709509) (2023-04-16T22:13:20.306727089) [Msg] 5, (2023-04-16T22:13:20.306766479) (2023-04-16T22:13:20.306783329) [Msg] 4.54545, (2023-04-16T22:13:20.306823089) (2023-04-16T22:13:20.306841039) [Msg] 
(2023-04-16T22:13:20.306872799) (2023-04-16T22:13:20.306890119) [Msg] phases:      0, 0, 0, 
(2023-04-16T22:13:20.306974239) (2023-04-16T22:13:20.306991179) [Msg] steepnesses: 0, 0, 0, 
(2023-04-16T22:13:20.307075879) (2023-04-16T22:13:20.307092819) [Msg] directions:  (2023-04-16T22:13:20.307132609) (2023-04-16T22:13:20.307149729) [Msg] 0.921061 -0.389418; (2023-04-16T22:13:20.307211799) (2023-04-16T22:13:20.307230159) [Msg] 1 0; (2023-04-16T22:13:20.307285239) (2023-04-16T22:13:20.307303449) [Msg] 0.921061 0.389418; (2023-04-16T22:13:20.307357698) (2023-04-16T22:13:20.307374418) [Msg] 
(2023-04-16T22:13:20.308121128) (2023-04-16T22:13:20.308141238) [Dbg] [SystemManager.cc:58] Loaded system [ignition::gazebo::systems::WaveVisual] for entity [23]
(2023-04-16T22:13:20.312630644) (2023-04-16T22:13:20.312653214) [Msg] Using Pierson-Moskowitz spectrum sampling wavefield model 
(2023-04-16T22:13:20.313021954) (2023-04-16T22:13:20.313044684) [Msg] Using Pierson-Moskowitz spectrum sampling wavefield model 
(2023-04-16T22:13:20.313135024) (2023-04-16T22:13:20.313155274) [Msg] Input Parameters:
(2023-04-16T22:13:20.313202234) (2023-04-16T22:13:20.313223034) [Msg] model:     PMS
(2023-04-16T22:13:20.313276454) (2023-04-16T22:13:20.313296354) [Msg] number:     3
(2023-04-16T22:13:20.313361064) (2023-04-16T22:13:20.313389324) [Msg] scale:      1.1
(2023-04-16T22:13:20.313471814) (2023-04-16T22:13:20.313499194) [Msg] angle:      0.4
(2023-04-16T22:13:20.313577653) (2023-04-16T22:13:20.313603943) [Msg] steepness:  0
(2023-04-16T22:13:20.313681103) (2023-04-16T22:13:20.313709213) [Msg] amplitude:  0
(2023-04-16T22:13:20.313786453) (2023-04-16T22:13:20.313813943) [Msg] period:     5
(2023-04-16T22:13:20.313891003) (2023-04-16T22:13:20.313917483) [Msg] direction:  1 0
(2023-04-16T22:13:20.314011173) (2023-04-16T22:13:20.314040763) [Msg] tau:  2
(2023-04-16T22:13:20.314099133) (2023-04-16T22:13:20.314119053) [Msg] gain:  0.3
(2023-04-16T22:13:20.314175583) (2023-04-16T22:13:20.314196033) [Msg] Derived Parameters:
(2023-04-16T22:13:20.314261193) (2023-04-16T22:13:20.314281003) [Msg] amplitudes:  0.0363502, 0.0392277, 0.0385703, 
(2023-04-16T22:13:20.314380273) (2023-04-16T22:13:20.314399453) [Msg] wavenumbers: 0.133171, 0.161136, 0.194975, 
(2023-04-16T22:13:20.314496722) (2023-04-16T22:13:20.314516952) [Msg] omegas:      1.1424, 1.25664, 1.3823, 
(2023-04-16T22:13:20.314615002) (2023-04-16T22:13:20.314634172) [Msg] periods:     (2023-04-16T22:13:20.314670962) (2023-04-16T22:13:20.314690422) [Msg] 5.5, (2023-04-16T22:13:20.314737002) (2023-04-16T22:13:20.314756152) [Msg] 5, (2023-04-16T22:13:20.314801362) (2023-04-16T22:13:20.314819932) [Msg] 4.54545, (2023-04-16T22:13:20.314867372) (2023-04-16T22:13:20.314886372) [Msg] 
(2023-04-16T22:13:20.314923942) (2023-04-16T22:13:20.314943152) [Msg] phases:      0, 0, 0, 
(2023-04-16T22:13:20.315039852) (2023-04-16T22:13:20.315059732) [Msg] steepnesses: 0, 0, 0, 
(2023-04-16T22:13:20.315154902) (2023-04-16T22:13:20.315174182) [Msg] directions:  (2023-04-16T22:13:20.315213872) (2023-04-16T22:13:20.315233622) [Msg] 0.921061 -0.389418; (2023-04-16T22:13:20.315298962) (2023-04-16T22:13:20.315319052) [Msg] 1 0; (2023-04-16T22:13:20.315384021) (2023-04-16T22:13:20.315404111) [Msg] 0.921061 0.389418; (2023-04-16T22:13:20.315468281) (2023-04-16T22:13:20.315489011) [Msg] 
(2023-04-16T22:13:20.315568331) (2023-04-16T22:13:20.315588801) [Dbg] [Surface.cc:161] Surface plugin successfully configured with the following parameters:
(2023-04-16T22:13:20.315651691) (2023-04-16T22:13:20.315672001) [Dbg] [Surface.cc:163]   <link_name>: link
(2023-04-16T22:13:20.315730911) (2023-04-16T22:13:20.315751111) [Dbg] [Surface.cc:164]   <vehicle_length>: 6
(2023-04-16T22:13:20.315809911) (2023-04-16T22:13:20.315829751) [Dbg] [Surface.cc:165]   <vehicle_width>: 3.3
(2023-04-16T22:13:20.315888021) (2023-04-16T22:13:20.315908031) [Dbg] [Surface.cc:166]   <hull_radius>: 1.9
(2023-04-16T22:13:20.315965381) (2023-04-16T22:13:20.315986041) [Dbg] [Surface.cc:167]   <num_samples>: 2
(2023-04-16T22:13:20.316043401) (2023-04-16T22:13:20.316090511) [Dbg] [Surface.cc:168]   <fluid_level>: 0.45
(2023-04-16T22:13:20.316152191) (2023-04-16T22:13:20.316172411) [Dbg] [Surface.cc:169]   <fluid_density>: 997.774
(2023-04-16T22:13:20.316262671) (2023-04-16T22:13:20.316284190) [Dbg] [SystemManager.cc:58] Loaded system [ignition::gazebo::systems::Surface] for entity [24]
(2023-04-16T22:13:20.318451608) (2023-04-16T22:13:20.318463128) [Dbg] [SimpleHydrodynamics.cc:167] SimpleHydrodynamics plugin successfully configured with the following parameters:
(2023-04-16T22:13:20.318491108) (2023-04-16T22:13:20.318499858) [Dbg] [SimpleHydrodynamics.cc:169]   <link_name>: link
(2023-04-16T22:13:20.318525848) (2023-04-16T22:13:20.318534858) [Dbg] [SimpleHydrodynamics.cc:170]   <xDotU>: 0
(2023-04-16T22:13:20.318561498) (2023-04-16T22:13:20.318569708) [Dbg] [SimpleHydrodynamics.cc:171]   <yDotV>: 0
(2023-04-16T22:13:20.318595428) (2023-04-16T22:13:20.318603948) [Dbg] [SimpleHydrodynamics.cc:172]   <zDotW>: 0.1
(2023-04-16T22:13:20.318628428) (2023-04-16T22:13:20.318636868) [Dbg] [SimpleHydrodynamics.cc:173]   <kDotP>: 0.1
(2023-04-16T22:13:20.318663388) (2023-04-16T22:13:20.318672128) [Dbg] [SimpleHydrodynamics.cc:174]   <mDotQ>: 0.1
(2023-04-16T22:13:20.318695648) (2023-04-16T22:13:20.318704488) [Dbg] [SimpleHydrodynamics.cc:175]   <nDotR>: 0
(2023-04-16T22:13:20.318728668) (2023-04-16T22:13:20.318737578) [Dbg] [SimpleHydrodynamics.cc:176]   <xU>: 510.3
(2023-04-16T22:13:20.318761948) (2023-04-16T22:13:20.318769558) [Dbg] [SimpleHydrodynamics.cc:177]   <xUU>: 720.4
(2023-04-16T22:13:20.318794478) (2023-04-16T22:13:20.318802508) [Dbg] [SimpleHydrodynamics.cc:178]   <yV>: 400
(2023-04-16T22:13:20.318825298) (2023-04-16T22:13:20.318833228) [Dbg] [SimpleHydrodynamics.cc:179]   <yVV>: 0
(2023-04-16T22:13:20.318856558) (2023-04-16T22:13:20.318866288) [Dbg] [SimpleHydrodynamics.cc:180]   <zW>: 5000
(2023-04-16T22:13:20.318890658) (2023-04-16T22:13:20.318899238) [Dbg] [SimpleHydrodynamics.cc:181]   <zWW>: 0
(2023-04-16T22:13:20.318923148) (2023-04-16T22:13:20.318932568) [Dbg] [SimpleHydrodynamics.cc:182]   <kP>: 500
(2023-04-16T22:13:20.318962128) (2023-04-16T22:13:20.318970728) [Dbg] [SimpleHydrodynamics.cc:183]   <kPP>: 0
(2023-04-16T22:13:20.318996328) (2023-04-16T22:13:20.319005237) [Dbg] [SimpleHydrodynamics.cc:184]   <mQ>: 500
(2023-04-16T22:13:20.319029467) (2023-04-16T22:13:20.319038097) [Dbg] [SimpleHydrodynamics.cc:185]   <mQQ>: 0
(2023-04-16T22:13:20.319062877) (2023-04-16T22:13:20.319071977) [Dbg] [SimpleHydrodynamics.cc:186]   <nR>: 15000
(2023-04-16T22:13:20.319096137) (2023-04-16T22:13:20.319105507) [Dbg] [SimpleHydrodynamics.cc:187]   <nRR>: 0
(2023-04-16T22:13:20.319132857) (2023-04-16T22:13:20.319141157) [Dbg] [SystemManager.cc:58] Loaded system [ignition::gazebo::systems::SimpleHydrodynamics] for entity [24]
(2023-04-16T22:13:20.320432276) (2023-04-16T22:13:20.320441746) [Dbg] [SystemManager.cc:58] Loaded system [ignition::gazebo::systems::DetachableJoint] for entity [28]
(2023-04-16T22:13:20.320909565) (2023-04-16T22:13:20.320919835) [Dbg] [SystemManager.cc:58] Loaded system [ignition::gazebo::systems::DetachableJoint] for entity [44]
(2023-04-16T22:13:20.321693375) (2023-04-16T22:13:20.321704385) [Dbg] [SystemManager.cc:58] Loaded system [ignition::gazebo::systems::DetachableJoint] for entity [60]
(2023-04-16T22:13:20.322448374) (2023-04-16T22:13:20.322459434) [Dbg] [SystemManager.cc:58] Loaded system [ignition::gazebo::systems::DetachableJoint] for entity [112]
(2023-04-16T22:13:20.323590542) (2023-04-16T22:13:20.323600052) [Dbg] [SystemManager.cc:58] Loaded system [ignition::gazebo::systems::CommsEndpoint] for entity [164]
(2023-04-16T22:13:20.323774432) (2023-04-16T22:13:20.323785072) [Dbg] [SystemManager.cc:58] Loaded system [ignition::gazebo::systems::CommsEndpoint] for entity [164]
(2023-04-16T22:13:20.325228211) (2023-04-16T22:13:20.325240571) [Dbg] [SystemManager.cc:58] Loaded system [mbzirc::BaseStation] for entity [164]
(2023-04-16T22:13:20.326967860) (2023-04-16T22:13:20.326980230) [Msg] EntityDetector publishing messages on [/mbzirc/target_object_detector/dropped]
(2023-04-16T22:13:20.327135520) (2023-04-16T22:13:20.327147580) [Dbg] [SystemManager.cc:58] Loaded system [mbzirc::EntityDetector] for entity [168]
(2023-04-16T22:13:20.327235030) (2023-04-16T22:13:20.327244960) [Msg] Loaded level [3]
(2023-04-16T22:13:20.327537780) (2023-04-16T22:13:20.327549410) [Msg] Serving world controls on [/world/simple_demo/control], [/world/simple_demo/control/state] and [/world/simple_demo/playback/control]
(2023-04-16T22:13:20.327670640) (2023-04-16T22:13:20.327683030) [Msg] Serving GUI information on [/world/simple_demo/gui/info]
(2023-04-16T22:13:20.327723920) (2023-04-16T22:13:20.327732870) [Msg] World [simple_demo] initialized with [4ms] physics profile.
(2023-04-16T22:13:20.327859080) (2023-04-16T22:13:20.327873609) [Msg] Serving world SDF generation service on [/world/simple_demo/generate_world_sdf]
(2023-04-16T22:13:20.327959319) (2023-04-16T22:13:20.327973879) [Msg] Serving world names on [/gazebo/worlds]
(2023-04-16T22:13:20.328086229) (2023-04-16T22:13:20.328097329) [Msg] Resource path add service on [/gazebo/resource_paths/add].
(2023-04-16T22:13:20.328197079) (2023-04-16T22:13:20.328212909) [Msg] Resource path get service on [/gazebo/resource_paths/get].
(2023-04-16T22:13:20.428424852) (2023-04-16T22:13:20.428445552) [Msg] Resource path resolve service on [/gazebo/resource_paths/resolve].
(2023-04-16T22:13:20.428614152) (2023-04-16T22:13:20.428644732) [Msg] Resource paths published on [/gazebo/resource_paths].
(2023-04-16T22:13:20.428878651) (2023-04-16T22:13:20.428898381) [Msg] Server control service on [/server_control].
(2023-04-16T22:13:20.429108991) (2023-04-16T22:13:20.429129311) [Msg] Found no publishers on /stats, adding root stats topic
(2023-04-16T22:13:20.429321691) (2023-04-16T22:13:20.429342151) [Msg] Found no publishers on /clock, adding root clock topic
(2023-04-16T22:13:20.429608601) (2023-04-16T22:13:20.429637481) [Dbg] [SimulationRunner.cc:491] Creating PostUpdate worker threads: 13
(2023-04-16T22:13:20.429713291) (2023-04-16T22:13:20.429740911) [Dbg] [SimulationRunner.cc:502] Creating postupdate worker thread (0)
(2023-04-16T22:13:20.429853130) (2023-04-16T22:13:20.429871380) [Dbg] [SimulationRunner.cc:502] Creating postupdate worker thread (1)
(2023-04-16T22:13:20.429965430) (2023-04-16T22:13:20.429983850) [Dbg] [SimulationRunner.cc:502] Creating postupdate worker thread (2)
(2023-04-16T22:13:20.430090880) (2023-04-16T22:13:20.430111090) [Dbg] [SimulationRunner.cc:502] Creating postupdate worker thread (3)
(2023-04-16T22:13:20.430200580) (2023-04-16T22:13:20.430218960) [Dbg] [SimulationRunner.cc:502] Creating postupdate worker thread (4)
(2023-04-16T22:13:20.430313770) (2023-04-16T22:13:20.430331530) [Dbg] [SimulationRunner.cc:502] Creating postupdate worker thread (5)
(2023-04-16T22:13:20.430417650) (2023-04-16T22:13:20.430434680) [Dbg] [SimulationRunner.cc:502] Creating postupdate worker thread (6)
(2023-04-16T22:13:20.430517290) (2023-04-16T22:13:20.430534560) [Dbg] [SimulationRunner.cc:502] Creating postupdate worker thread (7)
(2023-04-16T22:13:20.430617190) (2023-04-16T22:13:20.430634690) [Dbg] [SimulationRunner.cc:502] Creating postupdate worker thread (8)
(2023-04-16T22:13:20.430718119) (2023-04-16T22:13:20.430736389) [Dbg] [SimulationRunner.cc:502] Creating postupdate worker thread (9)
(2023-04-16T22:13:20.430825669) (2023-04-16T22:13:20.430842209) [Dbg] [SimulationRunner.cc:502] Creating postupdate worker thread (10)
(2023-04-16T22:13:20.430929389) (2023-04-16T22:13:20.430946249) [Dbg] [SimulationRunner.cc:502] Creating postupdate worker thread (11)
(2023-04-16T22:13:20.529812173) (2023-04-16T22:13:20.529833783) [Msg] Particle emitter[simple_demo::dust_storm::link::dust_storm] subscribed to command messages on topic[/model/dust_storm/link/link/particle_emitter/dust_storm/cmd]
(2023-04-16T22:13:20.530060133) (2023-04-16T22:13:20.530081993) [Msg] Particle emitter[simple_demo::fog::link::fog] subscribed to command messages on topic[/model/fog/link/link/particle_emitter/fog/cmd]
(2023-04-16T22:13:20.532032481) (2023-04-16T22:13:20.532053751) [Msg] DetachableJoint subscribing to messages on [/Vessel_A/detach]
(2023-04-16T22:13:20.532240411) (2023-04-16T22:13:20.532260221) [Msg] DetachableJoint subscribing to messages on [/Vessel_A/detach]
(2023-04-16T22:13:20.532420821) (2023-04-16T22:13:20.532440871) [Msg] DetachableJoint subscribing to messages on [/Vessel_A/detach]
(2023-04-16T22:13:20.532602900) (2023-04-16T22:13:20.532622810) [Msg] DetachableJoint subscribing to messages on [/Vessel_A/detach]
(2023-04-16T22:13:20.532854720) (2023-04-16T22:13:20.532875720) [Msg] Address [base_station/target] bound to model [base_station] on topic [base_station/target]
(2023-04-16T22:13:20.532966590) (2023-04-16T22:13:20.532984290) [Dbg] [CommsEndpoint.cc:89] Succesfuly bound to [base_station/target] on topic [base_station/target]
(2023-04-16T22:13:20.533152280) (2023-04-16T22:13:20.533172090) [Msg] Address [base_station/video] bound to model [base_station] on topic [base_station/video]
(2023-04-16T22:13:20.533256940) (2023-04-16T22:13:20.533273880) [Dbg] [CommsEndpoint.cc:89] Succesfuly bound to [base_station/video] on topic [base_station/video]
(2023-04-16T22:13:20.608089317) (2023-04-16T22:13:20.608105877) [Dbg] [Physics.cc:1593] Creating detachable joint [170]
(2023-04-16T22:13:20.608265066) (2023-04-16T22:13:20.608274446) [Dbg] [Physics.cc:1593] Creating detachable joint [171]
(2023-04-16T22:13:20.608388296) (2023-04-16T22:13:20.608398696) [Dbg] [Physics.cc:1593] Creating detachable joint [172]
(2023-04-16T22:13:20.608675486) (2023-04-16T22:13:20.608685706) [Dbg] [Physics.cc:1593] Creating detachable joint [173]
(2023-04-16T22:13:20.609817565) (2023-04-16T22:13:20.609828955) [Dbg] [SimulationFeatures.cc:63] Simulation timestep set to: 0.004
(2023-04-16T22:13:20.619746216) (2023-04-16T22:13:20.619769736) [Msg] Serving scene information on [/world/simple_demo/scene/info]
(2023-04-16T22:13:20.619942596) (2023-04-16T22:13:20.619966285) [Msg] Serving graph information on [/world/simple_demo/scene/graph]
(2023-04-16T22:13:20.620179245) (2023-04-16T22:13:20.620217895) [Msg] Serving full state on [/world/simple_demo/state]
(2023-04-16T22:13:20.620384045) (2023-04-16T22:13:20.620408435) [Msg] Serving full state (async) on [/world/simple_demo/state_async]
(2023-04-16T22:13:20.620566675) (2023-04-16T22:13:20.620585285) [Msg] (Publishing scene information on [2023-04-16T22:13:20.620617655) (2023-04-16T22:13:20.621011734) 
Skipping serialization / deserialization for models with //pose/@relative_to attribute.
(2023-04-16T22:13:20.621163624) (2023-04-16T22:13:20.621183174) [Msg] Publishing entity deletions on [/world/simple_demo/scene/deletion]
(2023-04-16T22:13:20.621295864) (2023-04-16T22:13:20.621313984) [Msg] Publishing state changes on [/world/simple_demo/state]
(2023-04-16T22:13:20.621443214) (2023-04-16T22:13:20.621461584) [Msg] Publishing pose messages on [/world/simple_demo/pose/info]
(2023-04-16T22:13:20.621590804) (2023-04-16T22:13:20.621609314) [Msg] Publishing dynamic pose messages on [/world/simple_demo/dynamic_pose/info]
(2023-04-16T22:13:20.621824933) (2023-04-16T22:13:20.621834933) [Wrn] [Component.hh:144] Trying to serialize component with data type [N3sdf3v125WorldE], which doesn't have `operator<<`. Component will not be serialized.
(2023-04-16T22:13:20.621955103) (2023-04-16T22:13:20.621973443) [Dbg] [EntityComponentManager.cc:1587] Updated state thread iterators: 24 threads processing around 8 entities each.
(2023-04-16T22:13:20.646152470) (2023-04-16T22:13:20.646175090) [Dbg] [EntityComponentManager.cc:1587] Updated state thread iterators: 24 threads processing around 8 entities each.
(2023-04-16T22:13:25.836582223) (2023-04-16T22:13:25.836599733) [Msg] Linear velocity initialized to [0 0 0]
(2023-04-16T22:13:25.836662283) (2023-04-16T22:13:25.836675263) [Msg] Angular velocity initialized to [0 0 0]
(2023-04-16T22:13:25.836894333) (2023-04-16T22:13:25.836904673) [Msg] VelocityControl subscribing to twist messages on [/model/usv/cmd_vel]
(2023-04-16T22:13:25.836950293) (2023-04-16T22:13:25.836960403) [Dbg] [SystemManager.cc:58] Loaded system [ignition::gazebo::systems::VelocityControl] for entity [174]
(2023-04-16T22:13:25.837968481) (2023-04-16T22:13:25.837980141) [Dbg] [OdometryPublisher.cc:191] OdometryPublisher system plugin missing <dimensions>, defaults to "2"
(2023-04-16T22:13:25.838150521) (2023-04-16T22:13:25.838164761) [Msg] OdometryPublisher publishing odometry on [/model/usv/odometry]
(2023-04-16T22:13:25.838275061) (2023-04-16T22:13:25.838285071) [Msg] OdometryPublisher publishing odometry with covariance on [/model/usv/odometry_with_covariance]
(2023-04-16T22:13:25.838384341) (2023-04-16T22:13:25.838398361) [Msg] OdometryPublisher publishing Pose_V (TF) on [/model/usv/pose]
(2023-04-16T22:13:25.838442401) (2023-04-16T22:13:25.838453341) [Dbg] [SystemManager.cc:58] Loaded system [ignition::gazebo::systems::OdometryPublisher] for entity [174]
(2023-04-16T22:13:25.839787929) (2023-04-16T22:13:25.839800019) [Msg] Thruster listening to commands in [/model/usv/joint/left_engine_propeller_joint/cmd_thrust]
(2023-04-16T22:13:25.839873579) (2023-04-16T22:13:25.839883959) [Dbg] [Thruster.cc:288] Using velocity control for propeller joint.
(2023-04-16T22:13:25.839918949) (2023-04-16T22:13:25.839930869) [Dbg] [SystemManager.cc:58] Loaded system [ignition::gazebo::systems::Thruster] for entity [174]
(2023-04-16T22:13:25.841035998) (2023-04-16T22:13:25.841049758) [Dbg] [JointPositionController.cc:205] [JointPositionController] system parameters:
(2023-04-16T22:13:25.841085588) (2023-04-16T22:13:25.841098868) [Dbg] [JointPositionController.cc:206] p_gain: [1]
(2023-04-16T22:13:25.841140088) (2023-04-16T22:13:25.841149528) [Dbg] [JointPositionController.cc:207] i_gain: [0.1]
(2023-04-16T22:13:25.841184658) (2023-04-16T22:13:25.841193638) [Dbg] [JointPositionController.cc:208] d_gain: [0.01]
(2023-04-16T22:13:25.841224468) (2023-04-16T22:13:25.841236038) [Dbg] [JointPositionController.cc:209] i_max: [1]
(2023-04-16T22:13:25.841266438) (2023-04-16T22:13:25.841275978) [Dbg] [JointPositionController.cc:210] i_min: [-1]
(2023-04-16T22:13:25.841314558) (2023-04-16T22:13:25.841331848) [Dbg] [JointPositionController.cc:211] cmd_max: [1000]
(2023-04-16T22:13:25.841364988) (2023-04-16T22:13:25.841375478) [Dbg] [JointPositionController.cc:212] cmd_min: [-1000]
(2023-04-16T22:13:25.841406288) (2023-04-16T22:13:25.841415888) [Dbg] [JointPositionController.cc:213] cmd_offset: [0]
(2023-04-16T22:13:25.841458308) (2023-04-16T22:13:25.841468918) [Dbg] [JointPositionController.cc:214] Topic: [usv/left/thruster/joint/cmd_pos]
(2023-04-16T22:13:25.841499578) (2023-04-16T22:13:25.841508938) [Dbg] [JointPositionController.cc:215] initial_position: [0]
(2023-04-16T22:13:25.841552928) (2023-04-16T22:13:25.841562998) [Dbg] [SystemManager.cc:58] Loaded system [ignition::gazebo::systems::JointPositionController] for entity [174]
(2023-04-16T22:13:25.841908168) (2023-04-16T22:13:25.841921078) [Msg] Thruster listening to commands in [/model/usv/joint/right_engine_propeller_joint/cmd_thrust]
(2023-04-16T22:13:25.841976938) (2023-04-16T22:13:25.841989478) [Dbg] [Thruster.cc:288] Using velocity control for propeller joint.
(2023-04-16T22:13:25.842024778) (2023-04-16T22:13:25.842035368) [Dbg] [SystemManager.cc:58] Loaded system [ignition::gazebo::systems::Thruster] for entity [174]
(2023-04-16T22:13:25.842290898) (2023-04-16T22:13:25.842301158) [Dbg] [JointPositionController.cc:205] [JointPositionController] system parameters:
(2023-04-16T22:13:25.842326318) (2023-04-16T22:13:25.842335448) [Dbg] [JointPositionController.cc:206] p_gain: [1]
(2023-04-16T22:13:25.842366988) (2023-04-16T22:13:25.842375748) [Dbg] [JointPositionController.cc:207] i_gain: [0.1]
(2023-04-16T22:13:25.842414148) (2023-04-16T22:13:25.842423788) [Dbg] [JointPositionController.cc:208] d_gain: [0.01]
(2023-04-16T22:13:25.842452008) (2023-04-16T22:13:25.842460548) [Dbg] [JointPositionController.cc:209] i_max: [1]
(2023-04-16T22:13:25.842498488) (2023-04-16T22:13:25.842508458) [Dbg] [JointPositionController.cc:210] i_min: [-1]
(2023-04-16T22:13:25.842538738) (2023-04-16T22:13:25.842550877) [Dbg] [JointPositionController.cc:211] cmd_max: [1000]
(2023-04-16T22:13:25.842590057) (2023-04-16T22:13:25.842599897) [Dbg] [JointPositionController.cc:212] cmd_min: [-1000]
(2023-04-16T22:13:25.842631737) (2023-04-16T22:13:25.842644957) [Dbg] [JointPositionController.cc:213] cmd_offset: [0]
(2023-04-16T22:13:25.842678517) (2023-04-16T22:13:25.842688127) [Dbg] [JointPositionController.cc:214] Topic: [usv/right/thruster/joint/cmd_pos]
(2023-04-16T22:13:25.842722177) (2023-04-16T22:13:25.842732447) [Dbg] [JointPositionController.cc:215] initial_position: [0]
(2023-04-16T22:13:25.842767447) (2023-04-16T22:13:25.842777467) [Dbg] [SystemManager.cc:58] Loaded system [ignition::gazebo::systems::JointPositionController] for entity [174]
(2023-04-16T22:13:25.843035757) (2023-04-16T22:13:25.843048897) [Msg] Using Pierson-Moskowitz spectrum sampling wavefield model 
(2023-04-16T22:13:25.843192057) (2023-04-16T22:13:25.843204897) [Msg] Using Pierson-Moskowitz spectrum sampling wavefield model 
(2023-04-16T22:13:25.843280367) (2023-04-16T22:13:25.843291937) [Msg] Input Parameters:
(2023-04-16T22:13:25.843317247) (2023-04-16T22:13:25.843325247) [Msg] model:     PMS
(2023-04-16T22:13:25.843347167) (2023-04-16T22:13:25.843354807) [Msg] number:     3
(2023-04-16T22:13:25.843386247) (2023-04-16T22:13:25.843397487) [Msg] scale:      1.1
(2023-04-16T22:13:25.843432077) (2023-04-16T22:13:25.843444137) [Msg] angle:      0.4
(2023-04-16T22:13:25.843476677) (2023-04-16T22:13:25.843489067) [Msg] steepness:  0
(2023-04-16T22:13:25.843522137) (2023-04-16T22:13:25.843533527) [Msg] amplitude:  0
(2023-04-16T22:13:25.843568787) (2023-04-16T22:13:25.843579237) [Msg] period:     5
(2023-04-16T22:13:25.843608377) (2023-04-16T22:13:25.843619727) [Msg] direction:  1 0
(2023-04-16T22:13:25.843654427) (2023-04-16T22:13:25.843665007) [Msg] tau:  2
(2023-04-16T22:13:25.843699567) (2023-04-16T22:13:25.843712367) [Msg] gain:  0.3
(2023-04-16T22:13:25.843741337) (2023-04-16T22:13:25.843750237) [Msg] Derived Parameters:
(2023-04-16T22:13:25.843771577) (2023-04-16T22:13:25.843783557) [Msg] amplitudes:  0.0363502, 0.0392277, 0.0385703, 
(2023-04-16T22:13:25.843845227) (2023-04-16T22:13:25.843857437) [Msg] wavenumbers: 0.133171, 0.161136, 0.194975, 
(2023-04-16T22:13:25.843916897) (2023-04-16T22:13:25.843925477) [Msg] omegas:      1.1424, 1.25664, 1.3823, 
(2023-04-16T22:13:25.843974137) (2023-04-16T22:13:25.843984737) [Msg] periods:     (2023-04-16T22:13:25.844011717) (2023-04-16T22:13:25.844023397) [Msg] 5.5, (2023-04-16T22:13:25.844055507) (2023-04-16T22:13:25.844085196) [Msg] 5, (2023-04-16T22:13:25.844116316) (2023-04-16T22:13:25.844130656) [Msg] 4.54545, (2023-04-16T22:13:25.844159556) (2023-04-16T22:13:25.844171196) [Msg] 
(2023-04-16T22:13:25.844187466) (2023-04-16T22:13:25.844196526) [Msg] phases:      0, 0, 0, 
(2023-04-16T22:13:25.844249046) (2023-04-16T22:13:25.844259946) [Msg] steepnesses: 0, 0, 0, 
(2023-04-16T22:13:25.844319406) (2023-04-16T22:13:25.844330036) [Msg] directions:  (2023-04-16T22:13:25.844349966) (2023-04-16T22:13:25.844363326) [Msg] 0.921061 -0.389418; (2023-04-16T22:13:25.844395126) (2023-04-16T22:13:25.844404676) [Msg] 1 0; (2023-04-16T22:13:25.844434206) (2023-04-16T22:13:25.844442296) [Msg] 0.921061 0.389418; (2023-04-16T22:13:25.844473396) (2023-04-16T22:13:25.844482096) [Msg] 
(2023-04-16T22:13:25.844510976) (2023-04-16T22:13:25.844519416) [Dbg] [Surface.cc:161] Surface plugin successfully configured with the following parameters:
(2023-04-16T22:13:25.844546686) (2023-04-16T22:13:25.844554256) [Dbg] [Surface.cc:163]   <link_name>: base_link
(2023-04-16T22:13:25.844579936) (2023-04-16T22:13:25.844588976) [Dbg] [Surface.cc:164]   <vehicle_length>: 6
(2023-04-16T22:13:25.844615346) (2023-04-16T22:13:25.844624716) [Dbg] [Surface.cc:165]   <vehicle_width>: 3.3
(2023-04-16T22:13:25.844652086) (2023-04-16T22:13:25.844661406) [Dbg] [Surface.cc:166]   <hull_radius>: 0.27
(2023-04-16T22:13:25.844695806) (2023-04-16T22:13:25.844704886) [Dbg] [Surface.cc:167]   <num_samples>: 2
(2023-04-16T22:13:25.844731696) (2023-04-16T22:13:25.844741056) [Dbg] [Surface.cc:168]   <fluid_level>: 0.45
(2023-04-16T22:13:25.844769046) (2023-04-16T22:13:25.844778246) [Dbg] [Surface.cc:169]   <fluid_density>: 997.774
(2023-04-16T22:13:25.844810096) (2023-04-16T22:13:25.844819356) [Dbg] [SystemManager.cc:58] Loaded system [ignition::gazebo::systems::Surface] for entity [174]
(2023-04-16T22:13:25.845137745) (2023-04-16T22:13:25.845149375) [Dbg] [SimpleHydrodynamics.cc:167] SimpleHydrodynamics plugin successfully configured with the following parameters:
(2023-04-16T22:13:25.845180725) (2023-04-16T22:13:25.845189825) [Dbg] [SimpleHydrodynamics.cc:169]   <link_name>: base_link
(2023-04-16T22:13:25.845214615) (2023-04-16T22:13:25.845222655) [Dbg] [SimpleHydrodynamics.cc:170]   <xDotU>: 0
(2023-04-16T22:13:25.845246395) (2023-04-16T22:13:25.845255275) [Dbg] [SimpleHydrodynamics.cc:171]   <yDotV>: 0
(2023-04-16T22:13:25.845281325) (2023-04-16T22:13:25.845289145) [Dbg] [SimpleHydrodynamics.cc:172]   <zDotW>: 0.1
(2023-04-16T22:13:25.845320145) (2023-04-16T22:13:25.845328835) [Dbg] [SimpleHydrodynamics.cc:173]   <kDotP>: 0.1
(2023-04-16T22:13:25.845354225) (2023-04-16T22:13:25.845364275) [Dbg] [SimpleHydrodynamics.cc:174]   <mDotQ>: 0.1
(2023-04-16T22:13:25.845391865) (2023-04-16T22:13:25.845402385) [Dbg] [SimpleHydrodynamics.cc:175]   <nDotR>: 0
(2023-04-16T22:13:25.845453065) (2023-04-16T22:13:25.845463815) [Dbg] [SimpleHydrodynamics.cc:176]   <xU>: 51.3
(2023-04-16T22:13:25.845500865) (2023-04-16T22:13:25.845510755) [Dbg] [SimpleHydrodynamics.cc:177]   <xUU>: 72.4
(2023-04-16T22:13:25.845547935) (2023-04-16T22:13:25.845560125) [Dbg] [SimpleHydrodynamics.cc:178]   <yV>: 40
(2023-04-16T22:13:25.845592675) (2023-04-16T22:13:25.845603465) [Dbg] [SimpleHydrodynamics.cc:179]   <yVV>: 0
(2023-04-16T22:13:25.845635515) (2023-04-16T22:13:25.845645125) [Dbg] [SimpleHydrodynamics.cc:180]   <zW>: 500
(2023-04-16T22:13:25.845673845) (2023-04-16T22:13:25.845683295) [Dbg] [SimpleHydrodynamics.cc:181]   <zWW>: 0
(2023-04-16T22:13:25.845713455) (2023-04-16T22:13:25.845724585) [Dbg] [SimpleHydrodynamics.cc:182]   <kP>: 100
(2023-04-16T22:13:25.845759005) (2023-04-16T22:13:25.845767275) [Dbg] [SimpleHydrodynamics.cc:183]   <kPP>: 0
(2023-04-16T22:13:25.845792665) (2023-04-16T22:13:25.845807695) [Dbg] [SimpleHydrodynamics.cc:184]   <mQ>: 100
(2023-04-16T22:13:25.845833345) (2023-04-16T22:13:25.845842265) [Dbg] [SimpleHydrodynamics.cc:185]   <mQQ>: 0
(2023-04-16T22:13:25.845871455) (2023-04-16T22:13:25.845881515) [Dbg] [SimpleHydrodynamics.cc:186]   <nR>: 400
(2023-04-16T22:13:25.845916404) (2023-04-16T22:13:25.845926844) [Dbg] [SimpleHydrodynamics.cc:187]   <nRR>: 0
(2023-04-16T22:13:25.845958144) (2023-04-16T22:13:25.845969534) [Dbg] [SystemManager.cc:58] Loaded system [ignition::gazebo::systems::SimpleHydrodynamics] for entity [174]
(2023-04-16T22:13:25.847361083) (2023-04-16T22:13:25.847373213) [Dbg] [SystemManager.cc:58] Loaded system [ignition::gazebo::systems::PosePublisher] for entity [174]
(2023-04-16T22:13:25.847650153) (2023-04-16T22:13:25.847660983) [Msg] EntityDetector publishing messages on [/mbzirc/target_object_detector/placed]
(2023-04-16T22:13:25.847818752) (2023-04-16T22:13:25.847830132) [Dbg] [SystemManager.cc:58] Loaded system [mbzirc::EntityDetector] for entity [174]
(2023-04-16T22:13:25.848046962) (2023-04-16T22:13:25.848074082) [Msg] EntityDetector publishing messages on [/mbzirc/target_object_detector/placed]
(2023-04-16T22:13:25.848219712) (2023-04-16T22:13:25.848231242) [Dbg] [SystemManager.cc:58] Loaded system [mbzirc::EntityDetector] for entity [174]
(2023-04-16T22:13:25.848454052) (2023-04-16T22:13:25.848465052) [Msg] EntityDetector publishing messages on [/mbzirc/target_object_detector/placed]
(2023-04-16T22:13:25.848605952) (2023-04-16T22:13:25.848617532) [Dbg] [SystemManager.cc:58] Loaded system [mbzirc::EntityDetector] for entity [174]
(2023-04-16T22:13:25.848844801) (2023-04-16T22:13:25.848855441) [Msg] EntityDetector publishing messages on [/mbzirc/target_object_detector/placed]
(2023-04-16T22:13:25.848993961) (2023-04-16T22:13:25.849009531) [Dbg] [SystemManager.cc:58] Loaded system [mbzirc::EntityDetector] for entity [174]
(2023-04-16T22:13:25.849251741) (2023-04-16T22:13:25.849262781) [Dbg] [SystemManager.cc:58] Loaded system [ignition::gazebo::systems::CommsEndpoint] for entity [174]
(2023-04-16T22:13:25.849758410) (2023-04-16T22:13:25.849768830) [Dbg] [UserCommands.cc:1303] Created entity [174] named [usv]
(2023-04-16T22:13:25.858814082) (2023-04-16T22:13:25.858842732) [Dbg] [Sensors.cc:584] Initialization needed
(2023-04-16T22:13:25.858921492) (2023-04-16T22:13:25.858943812) [Dbg] [Sensors.cc:240] Initializing render context
(2023-04-16T22:13:25.859082602) (2023-04-16T22:13:25.859100482) [Msg] Loading plugin [ignition-rendering-ogre2]
(2023-04-16T22:13:25.859378742) (2023-04-16T22:13:25.859402882) [Dbg] [ImuSensor.cc:148] IMU data for [usv::base_link::imu_sensor] advertised on [world/simple_demo/model/usv/link/base_link/sensor/imu_sensor/imu]
(2023-04-16T22:13:25.859637171) (2023-04-16T22:13:25.859662361) [Dbg] [GameLogicPlugin.cc:1991] New Competitor Platform: usv with 0sensors
(((((((((((((2023-04-16T22:13:25.860530570) (2023-04-16T22:13:25.860554420(2023-04-16T22:13:25.860554420(2023-04-16T22:13:25.860582520(2023-04-16T22:13:25.860582520) (2023-04-16T22:13:25.860645080) ([Dbg] [SimulationRunner.cc:518] (((2023-04-16T22:13:25.860695160) 2023-04-16T22:13:25.860550370) (2023-04-16T22:13:25.860795440) 2023-04-16T22:13:25.860611700) (2023-04-16T22:13:25.860856160) ) ) (2023-04-16T22:13:25.860913860) Exiting postupdate worker thread (2023-04-16T22:13:25.86068380042023-04-16T22:13:25.860886220)2023-04-16T22:13:25.860886220)) (2023-04-16T22:13:25.860968250) ) ) (2023-04-16T22:13:25.861012140) 2023-04-16T22:13:25.860948040) (2023-04-16T22:13:25.861052050) 
(2023-04-16T22:13:25.861086760) 2023-04-16T22:13:25.860555300) (2023-04-16T22:13:25.861138850) 2023-04-16T22:13:25.861144780) (2023-04-16T22:13:25.861195890) [Dbg] [SimulationRunner.cc:518] ) Exiting postupdate worker thread ((2023-04-16T22:13:25.8612431692023-04-16T22:13:25.861243169) 0)
[Dbg] [SimulationRunner.cc:518] Exiting postupdate worker thread ([Dbg] [SimulationRunner.cc:518] 6)

Exiting postupdate worker thread (7)
[Dbg] [SimulationRunner.cc:518] Exiting postupdate worker thread (8)
[Dbg] [SimulationRunner.cc:518] Exiting postupdate worker thread (5)
[Dbg] [SimulationRunner.cc:518] [Dbg] [SimulationRunner.cc:518] [Dbg] [SimulationRunner.cc:518] Exiting postupdate worker thread ([Dbg] [SimulationRunner.cc:518] Exiting postupdate worker thread ([Dbg] [SimulationRunner.cc:518] Exiting postupdate worker thread (1)
Exiting postupdate worker thread (2)
[Dbg] [SimulationRunner.cc:518] Exiting postupdate worker thread (10)
9[Dbg] [SimulationRunner.cc:518] 9)
Exiting postupdate worker thread (3)

)
(2023-04-16T22:13:25.862173208) (2023-04-16T22:13:25.862194428) [Dbg] [SimulationRunner.cc:491] Creating PostUpdate worker threads: 22
(2023-04-16T22:13:25.862250678) (2023-04-16T22:13:25.862268548) [Dbg] [SimulationRunner.cc:502] Creating postupdate worker thread (0)
(2023-04-16T22:13:25.862353968) (2023-04-16T22:13:25.862367978) [Dbg] [SimulationRunner.cc:502] Creating postupdate worker thread (1)
(2023-04-16T22:13:25.862437188) (2023-04-16T22:13:25.862453638) [Dbg] [SimulationRunner.cc:502] Creating postupdate worker thread (2)
(2023-04-16T22:13:25.862522478) (2023-04-16T22:13:25.862534608) [Dbg] [SimulationRunner.cc:502] Creating postupdate worker thread (3)
(2023-04-16T22:13:25.862592288) (2023-04-16T22:13:25.862606778) [Dbg] [SimulationRunner.cc:502] Creating postupdate worker thread (4)
(2023-04-16T22:13:25.862697988) (2023-04-16T22:13:25.862712398) [Dbg] [SimulationRunner.cc:502] Creating postupdate worker thread (5)
(2023-04-16T22:13:25.862793838) (2023-04-16T22:13:25.862809588) [Dbg] [SimulationRunner.cc:502] Creating postupdate worker thread (6)
(2023-04-16T22:13:25.862881428) (2023-04-16T22:13:25.862896518) [Dbg] [SimulationRunner.cc:502] Creating postupdate worker thread (7)
(2023-04-16T22:13:25.862967068) (2023-04-16T22:13:25.862980198) [Dbg] [SimulationRunner.cc:502] Creating postupdate worker thread (8)
(2023-04-16T22:13:25.863049808) (2023-04-16T22:13:25.863064337) [Dbg] [SimulationRunner.cc:502] Creating postupdate worker thread (9)
(2023-04-16T22:13:25.863131917) (2023-04-16T22:13:25.863145737) [Dbg] [SimulationRunner.cc:502] Creating postupdate worker thread (10)
(2023-04-16T22:13:25.863220397) (2023-04-16T22:13:25.863235627) [Dbg] [SimulationRunner.cc:502] Creating postupdate worker thread (11)
(2023-04-16T22:13:25.863312307) (2023-04-16T22:13:25.863330147) [Dbg] [SimulationRunner.cc:502] Creating postupdate worker thread (12)
(2023-04-16T22:13:25.863419637) (2023-04-16T22:13:25.863437277) [Dbg] [SimulationRunner.cc:502] Creating postupdate worker thread (13)
(2023-04-16T22:13:25.863534907) (2023-04-16T22:13:25.863555217) [Dbg] [SimulationRunner.cc:502] Creating postupdate worker thread (14)
(2023-04-16T22:13:25.863731577) (2023-04-16T22:13:25.863749247) [Dbg] [SimulationRunner.cc:502] Creating postupdate worker thread (15)
(2023-04-16T22:13:25.863842277) (2023-04-16T22:13:25.863860167) [Dbg] [SimulationRunner.cc:502] Creating postupdate worker thread (16)
(2023-04-16T22:13:25.863941297) (2023-04-16T22:13:25.863962157) [Dbg] [SimulationRunner.cc:502] Creating postupdate worker thread (17)
(2023-04-16T22:13:25.864059626) (2023-04-16T22:13:25.864089706) [Dbg] [SimulationRunner.cc:502] Creating postupdate worker thread (18)
(2023-04-16T22:13:25.864150076) (2023-04-16T22:13:25.864160096) [Dbg] [SimulationRunner.cc:502] Creating postupdate worker thread (19)
(2023-04-16T22:13:25.864206696) (2023-04-16T22:13:25.864214876) [Dbg] [SimulationRunner.cc:502] Creating postupdate worker thread (20)
(2023-04-16T22:13:25.864680366) (2023-04-16T22:13:25.864694936) [Msg] Address [usv] bound to model [usv] on topic [model/usv/rx]
(2023-04-16T22:13:25.864762756) (2023-04-16T22:13:25.864774976) [Dbg] [CommsEndpoint.cc:89] Succesfuly bound to [usv] on topic [model/usv/rx]
(2023-04-16T22:13:26.238578046) (2023-04-16T22:13:26.238589166) [Dbg] [RenderUtil.cc:2529] Create scene [scene]
(2023-04-16T22:13:26.284331712) (2023-04-16T22:13:26.284347682) [Dbg] [Sensors.cc:254] Rendering Thread initialized
(2023-04-16T22:13:26.288801197) (2023-04-16T22:13:26.288811827) [Wrn] [Ogre2Heightmap.cc:125] Heightmap final sampling should be 2^n
 which differs from ogre1's 2^n+1
The last row and column will be cropped
size = (width * sampling) - sampling + 1
[257] = ([257] * [1]) - [1] + 1
(2023-04-16T22:13:26.293104963) (2023-04-16T22:13:26.293117772) [Msg] Loading heightmap: scene::Heightmap(65478)
(2023-04-16T22:13:26.293146992) (2023-04-16T22:13:26.293156102) [Msg] Heightmap loaded. Process took 0 ms.
(2023-04-16T22:13:30.123646859) (2023-04-16T22:13:30.123671719) [Dbg] [Ogre2ParticleEmitter.cc:514] Particle emitter initialized
(2023-04-16T22:13:30.123907729) (2023-04-16T22:13:30.123926829) [Dbg] [Ogre2ParticleEmitter.cc:514] Particle emitter initialized
(2023-04-16T22:13:30.124218529) (2023-04-16T22:13:30.124237929) [Dbg] [Ogre2ParticleEmitter.cc:514] Particle emitter initialized
(2023-04-16T22:13:30.690693005) (2023-04-16T22:13:30.690710045) [Dbg] [Ogre2ParticleEmitter.cc:514] Particle emitter initialized
(2023-04-16T22:13:30.690904545) (2023-04-16T22:13:30.690916295) [Dbg] [Ogre2ParticleEmitter.cc:514] Particle emitter initialized
(2023-04-16T22:13:30.691042045) (2023-04-16T22:13:30.691051835) [Dbg] [Ogre2ParticleEmitter.cc:514] Particle emitter initialized
(2023-04-16T22:13:30.702248044) (2023-04-16T22:13:30.702267784) [Dbg] [Lidar.cc:122] Laser scans for [usv::sensor_6::sensor_link::lidar] advertised on [world/simple_demo/model/usv/model/sensor_6/link/sensor_link/sensor/lidar/scan]
(2023-04-16T22:13:30.702519124) (2023-04-16T22:13:30.702530674) [Dbg] [GpuLidarSensor.cc:164] Lidar points for [usv::sensor_6::sensor_link::lidar] advertised on [world/simple_demo/model/usv/model/sensor_6/link/sensor_link/sensor/lidar/scan/points]
(2023-04-16T22:13:30.702807244) (2023-04-16T22:13:30.702819044) [Msg] Loading plugin [ignition-rendering-ogre2]
(2023-04-16T22:13:30.861539082) (2023-04-16T22:13:30.861564422) [Dbg] [EntityComponentManager.cc:1587] Updated state thread iterators: 24 threads processing around 10 entities each.
(2023-04-16T22:13:39.259073944) (2023-04-16T22:13:39.259096284) [Msg] Scoring has Started
(2023-04-16T22:13:39.259405244) (2023-04-16T22:13:39.259421664) [Err] [GameLogicPlugin.cc:2121] Invalid configuration detected: 
[usv] Initial Position (10 40 0.299843) is not in the starting area -15 -15 -5 15 15 5
(2023-04-16T22:13:55.364674654) (2023-04-16T22:13:55.364698604) [Dbg] [SignalHandler.cc:141] Received signal[2].
(2023-04-16T22:13:55.364752314) (2023-04-16T22:13:55.364764414) [Dbg] [ServerPrivate.cc:110] Server received signal[2]
(2023-04-16T22:13:55.364812054) (2023-04-16T22:13:55.364824834) [Dbg] [Sensors.cc:406] SensorsPrivate::Stop
(2023-04-16T22:13:55.374282595) (2023-04-16T22:13:55.374293445) [Dbg] [Sensors.cc:392] SensorsPrivate::RenderThread stopped
(2023-04-16T22:13:55.377791482) (2023-04-16T22:13:55.377802572) [Dbg] [ign.cc:410] Shutting down ign-gazebo-server
((((2023-04-16T22:13:55.380097789) (2023-04-16T22:13:55.380118999) ((((2023-04-16T22:13:55.380208989) (((2023-04-16T22:13:55.380265969) (2023-04-16T22:13:55.380285789) 2023-04-16T22:13:55.380186989) (((2023-04-16T22:13:55.3802245892023-04-16T22:13:55.3803335292023-04-16T22:13:55.3802245892023-04-16T22:13:55.380333529) ((2023-04-16T22:13:55.380357639) [Dbg] [SimulationRunner.cc:518] 2023-04-16T22:13:55.380270899) (() ) 2023-04-16T22:13:55.380426889() 2023-04-16T22:13:55.380426889() 2023-04-16T22:13:55.380426889() (2023-04-16T22:13:55.380465459) 2023-04-16T22:13:55.3804412992023-04-16T22:13:55.380441299) (2023-04-16T22:13:55.380502099) 2023-04-16T22:13:55.3802295892023-04-16T22:13:55.380517609) (2023-04-16T22:13:55.380537749) ) 2023-04-16T22:13:55.380544669) 2023-04-16T22:13:55.380544669() 2023-04-16T22:13:55.380571709) (2023-04-16T22:13:55.380593299) () ) ) ) 2023-04-16T22:13:55.3804665592023-04-16T22:13:55.380457549() Exiting postupdate worker thread ([Dbg] [SimulationRunner.cc:518] [Dbg] [SimulationRunner.cc:518] ) Exiting postupdate worker thread ([Dbg] [SimulationRunner.cc:518] [Dbg] [SimulationRunner.cc:518] ) (((((2023-04-16T22:13:55.380732509) ) 2023-04-16T22:13:55.380764019Exiting postupdate worker thread ([Dbg] [SimulationRunner.cc:518] [Dbg] [SimulationRunner.cc:518] [Dbg] [SimulationRunner.cc:518] ) Exiting postupdate worker thread ([Dbg] [SimulationRunner.cc:518] [Dbg] [SimulationRunner.cc:518] [Dbg] [SimulationRunner.cc:518] ) Exiting postupdate worker thread ([Dbg] [SimulationRunner.cc:518] [Dbg] [SimulationRunner.cc:518] [Dbg] [SimulationRunner.cc:518] ) (2023-04-16T22:13:55.380790139) 2023-04-16T22:13:55.380807649) (2023-04-16T22:13:55.380833748) ) (2023-04-16T22:13:55.380866318) ) () ((2023-04-16T22:13:55.380908208(2023-04-16T22:13:55.380908208) 2023-04-16T22:13:55.380922498) 2023-04-16T22:13:55.380922498) ) ) [Dbg] [SimulationRunner.cc:518] Exiting postupdate worker thread () [Dbg] [SimulationRunner.cc:518] Exiting postupdate worker thread ((2023-04-16T22:13:55.380979998) 17)
Exiting postupdate worker thread (5)
[Dbg] [SimulationRunner.cc:518] [Dbg] [SimulationRunner.cc:518] Exiting postupdate worker thread ([Dbg] [SimulationRunner.cc:518] Exiting postupdate worker thread ([Dbg] [SimulationRunner.cc:518] Exiting postupdate worker thread (12)
[Dbg] [SimulationRunner.cc:518] Exiting postupdate worker thread ([Dbg] [SimulationRunner.cc:518] Exiting postupdate worker thread (20)
Exiting postupdate worker thread (6Exiting postupdate worker thread (9)
[Dbg] [SimulationRunner.cc:518] Exiting postupdate worker thread (8)
Exiting postupdate worker thread (7)
[Dbg] [SimulationRunner.cc:518] [Dbg] [SimulationRunner.cc:518] Exiting postupdate worker thread (16)
Exiting postupdate worker thread (18)
10)
[Dbg] [SimulationRunner.cc:518] [Dbg] [SimulationRunner.cc:518] Exiting postupdate worker thread (1)
Exiting postupdate worker thread (4)
Exiting postupdate worker thread ([Dbg] [SimulationRunner.cc:518] Exiting postupdate worker thread ([Dbg] [SimulationRunner.cc:518] Exiting postupdate worker thread (3)
15)
Exiting postupdate worker thread (19)
Exiting postupdate worker thread ([Dbg] [SimulationRunner.cc:518] 2)

13))11)
[Dbg] [SimulationRunner.cc:518] Exiting postupdate worker thread (14)

)11

(2023-04-16T22:13:55.417538874) (2023-04-16T22:13:55.417553924) [Dbg] [Sensors.cc:406] SensorsPrivate::Stop
(2023-04-16T22:13:55.436028767) (2023-04-16T22:13:55.436040297) [Msg] Stopping recording
(2023-04-16T22:13:55.436723537) (2023-04-16T22:13:55.436735667) [Msg] Scoring has finished. Elapsed real time: 16 seconds. Elapsed sim time: 16 seconds. 
