(2023-02-28T23:00:24.514762291) (2023-02-28T23:00:24.514785471) [Msg] Ignition Gazebo Server v6.11.0
(2023-02-28T23:00:24.518411890) (2023-02-28T23:00:24.518427569) [Msg] Loading SDF world file[/home/developer/mbzirc_ws/install/share/mbzirc_ign/worlds/simple_demo.sdf].
(2023-02-28T23:00:24.829995594) (2023-02-28T23:00:24.830009604) [Msg] Serving entity system service on [/entity/system/add]
(2023-02-28T23:00:24.863710119) (2023-02-28T23:00:24.863727449) [Dbg] [Physics.cc:803] Loaded [ignition::physics::dartsim::Plugin] from library [/usr/lib/x86_64-linux-gnu/ign-physics-5/engine-plugins/libignition-physics-dartsim-plugin.so]
(2023-02-28T23:00:24.863798588) (2023-02-28T23:00:24.863810278) [Dbg] [SystemManager.cc:58] Loaded system [ignition::gazebo::systems::Physics] for entity [1]
(2023-02-28T23:00:24.865308736) (2023-02-28T23:00:24.865321576) [Msg] Create service on [/world/simple_demo/create]
(2023-02-28T23:00:24.865438425) (2023-02-28T23:00:24.865449215) [Msg] Remove service on [/world/simple_demo/remove]
(2023-02-28T23:00:24.865553164) (2023-02-28T23:00:24.865563104) [Msg] Pose service on [/world/simple_demo/set_pose]
(2023-02-28T23:00:24.865644763) (2023-02-28T23:00:24.865654793) [Msg] Pose service on [/world/simple_demo/set_pose_vector]
(2023-02-28T23:00:24.865771232) (2023-02-28T23:00:24.865781882) [Msg] Light configuration service on [/world/simple_demo/light_config]
(2023-02-28T23:00:24.865946911) (2023-02-28T23:00:24.865956890) [Msg] Physics service on [/world/simple_demo/set_physics]
(2023-02-28T23:00:24.866059050) (2023-02-28T23:00:24.866069369) [Msg] SphericalCoordinates service on [/world/simple_demo/set_spherical_coordinates]
(2023-02-28T23:00:24.866141459) (2023-02-28T23:00:24.866156249) [Msg] Enable collision service on [/world/simple_demo/enable_collision]
(2023-02-28T23:00:24.866251088) (2023-02-28T23:00:24.866264938) [Msg] Disable collision service on [/world/simple_demo/disable_collision]
(2023-02-28T23:00:24.866427256) (2023-02-28T23:00:24.866438866) [Msg] Material service on [/world/simple_demo/visual_config]
(2023-02-28T23:00:24.866528186) (2023-02-28T23:00:24.866538586) [Msg] Material service on [/world/simple_demo/wheel_slip]
(2023-02-28T23:00:24.866575705) (2023-02-28T23:00:24.866584805) [Dbg] [SystemManager.cc:58] Loaded system [ignition::gazebo::systems::UserCommands] for entity [1]
(2023-02-28T23:00:24.885301597) (2023-02-28T23:00:24.885311247) [Dbg] [Sensors.cc:479] Configuring Sensors system
(2023-02-28T23:00:24.885369147) (2023-02-28T23:00:24.885378677) [Dbg] [Sensors.cc:398] SensorsPrivate::Run
(2023-02-28T23:00:24.885448186) (2023-02-28T23:00:24.885456206) [Dbg] [SystemManager.cc:58] Loaded system [ignition::gazebo::systems::Sensors] for entity [1]
(2023-02-28T23:00:24.885531255) (2023-02-28T23:00:24.885567995) [Dbg] [Sensors.cc:378] SensorsPrivate::RenderThread started
(2023-02-28T23:00:24.885649544) (2023-02-28T23:00:24.885674674) [Dbg] [Sensors.cc:228] Waiting for init
(2023-02-28T23:00:24.886832124) (2023-02-28T23:00:24.886842234) [Dbg] [SystemManager.cc:58] Loaded system [ignition::gazebo::systems::AirPressure] for entity [1]
(2023-02-28T23:00:24.888223153) (2023-02-28T23:00:24.888234563) [Dbg] [SystemManager.cc:58] Loaded system [ignition::gazebo::systems::Altimeter] for entity [1]
(2023-02-28T23:00:24.889649911) (2023-02-28T23:00:24.889660331) [Dbg] [SystemManager.cc:58] Loaded system [ignition::gazebo::systems::Imu] for entity [1]
(2023-02-28T23:00:24.891036319) (2023-02-28T23:00:24.891046359) [Dbg] [SystemManager.cc:58] Loaded system [ignition::gazebo::systems::Magnetometer] for entity [1]
(2023-02-28T23:00:24.892458867) (2023-02-28T23:00:24.892468397) [Dbg] [SystemManager.cc:58] Loaded system [ignition::gazebo::systems::ForceTorque] for entity [1]
(2023-02-28T23:00:24.893578688) (2023-02-28T23:00:24.893588828) [Msg] Serving particle emitter information on [/world/simple_demo/particle_emitters]
(2023-02-28T23:00:24.893634018) (2023-02-28T23:00:24.893642568) [Dbg] [SystemManager.cc:58] Loaded system [ignition::gazebo::systems::ParticleEmitter2] for entity [1]
(2023-02-28T23:00:24.894801398) (2023-02-28T23:00:24.894820068) [Dbg] [SystemManager.cc:58] Loaded system [ignition::gazebo::systems::SceneBroadcaster] for entity [1]
(2023-02-28T23:00:24.895725530) (2023-02-28T23:00:24.895735090) [Dbg] [SystemManager.cc:58] Loaded system [ignition::gazebo::systems::Contact] for entity [1]
(2023-02-28T23:00:24.896755581) (2023-02-28T23:00:24.896766111) [Dbg] [RFComms.cc:385] Range configuration:
RF Configuration (range-based)
-- max_range: 500000
-- fading_exponent: 2.6
-- l0: 40
-- sigma: 10

(2023-02-28T23:00:24.896860291) (2023-02-28T23:00:24.896868890) [Dbg] [RFComms.cc:388] Radio configuration:
Radio Configuration
-- capacity: 1e+06
-- tx_power: 25
-- noise_floor: -90
-- modulation: QPSK

(2023-02-28T23:00:24.897082339) (2023-02-28T23:00:24.897104208) [Dbg] [Broker.cc:113] Broker services:
(2023-02-28T23:00:24.897141208) (2023-02-28T23:00:24.897152438) [Dbg] [Broker.cc:114]   Bind: [/broker/bind]
(2023-02-28T23:00:24.897191388) (2023-02-28T23:00:24.897202978) [Dbg] [Broker.cc:115]   Unbind: [/broker/unbind]
(2023-02-28T23:00:24.897246887) (2023-02-28T23:00:24.897260717) [Dbg] [Broker.cc:116] Broker topics:
(2023-02-28T23:00:24.897294177) (2023-02-28T23:00:24.897305537) [Dbg] [Broker.cc:117]   Incoming messages: [/broker/msgs]
(2023-02-28T23:00:24.897346516) (2023-02-28T23:00:24.897357576) [Dbg] [SystemManager.cc:58] Loaded system [ignition::gazebo::systems::RFComms] for entity [1]
(2023-02-28T23:00:24.899456168) (2023-02-28T23:00:24.899468178) [Dbg] [RFRange.cc:339] RFRange sensor range configuration:
RF Configuration (range-based)
-- max_range: 500000
-- fading_exponent: 2.6
-- l0: 40
-- sigma: 0.005
-- rssi_1: -15

(2023-02-28T23:00:24.899572537) (2023-02-28T23:00:24.899583357) [Dbg] [RFRange.cc:342] RFRange sensor radio configuration:
Radio Configuration
-- tx_power: 25
-- noise_floor: -90

(2023-02-28T23:00:24.899667946) (2023-02-28T23:00:24.899679296) [Dbg] [SystemManager.cc:58] Loaded system [ignition::gazebo::systems::RFRange] for entity [1]
(2023-02-28T23:00:24.903074087) (2023-02-28T23:00:24.903085457) [Msg] Overwriting existing file [/tmp/ign/mbzirc/playback/state.tlog]
(2023-02-28T23:00:24.905398738) (2023-02-28T23:00:24.905409538) [Msg] Recording to log file [/tmp/ign/mbzirc/playback/state.tlog]
(2023-02-28T23:00:24.905443777) (2023-02-28T23:00:24.905452917) [Dbg] [LogRecord.cc:334] Recording default topic[/playback/sdf].
(2023-02-28T23:00:24.905479907) (2023-02-28T23:00:24.905489947) [Dbg] [LogRecord.cc:335] Recording default topic[/world/simple_demo/changed_state].
(2023-02-28T23:00:24.943653235) (2023-02-28T23:00:24.943669615) [Dbg] [SystemManager.cc:58] Loaded system [ignition::gazebo::systems::LogRecord] for entity [1]
(2023-02-28T23:00:24.945666738) (2023-02-28T23:00:24.945681718) [Dbg] [SystemManager.cc:58] Loaded system [ignition::gazebo::systems::WindEffects] for entity [1]
(2023-02-28T23:00:24.949363357) (2023-02-28T23:00:24.949372507) [Msg] MBZIRC log path: /tmp/ign/mbzirc/logs
(2023-02-28T23:00:24.949625295) (2023-02-28T23:00:24.949634435) [Msg] Run duration set to 3600 seconds.
(2023-02-28T23:00:24.949691134) (2023-02-28T23:00:24.949700474) [Msg] Geofence boundary min: -70 -70 -25, max: 70 70 121.92
(2023-02-28T23:00:24.949778324) (2023-02-28T23:00:24.949788074) [Msg] Start area boundary min: -15 -15 -5, max: 15 15 5
(2023-02-28T23:00:24.949861083) (2023-02-28T23:00:24.949870033) [Msg] Setup duration set to 600 seconds.
(2023-02-28T23:00:24.949900263) (2023-02-28T23:00:24.949909253) [Msg] Target vessel: Vessel A
(2023-02-28T23:00:24.949956142) (2023-02-28T23:00:24.949965432) [Msg]   Small object: small_blue_box_a
(2023-02-28T23:00:24.949991902) (2023-02-28T23:00:24.950000702) [Msg]   Small object: small_blue_box_a_duplicate
(2023-02-28T23:00:24.950027212) (2023-02-28T23:00:24.950037282) [Msg]   Large object: large_dry_box_a
(2023-02-28T23:00:24.950068991) (2023-02-28T23:00:24.950080081) [Msg]   Large object: large_dry_box_a_duplicate
(2023-02-28T23:00:24.951448840) (2023-02-28T23:00:24.951471700) [Msg] Starting MBZIRC
(2023-02-28T23:00:24.951684258) (2023-02-28T23:00:24.951705448) [Dbg] [SystemManager.cc:58] Loaded system [mbzirc::GameLogicPlugin] for entity [1]
(2023-02-28T23:00:24.959560412) (2023-02-28T23:00:24.959570062) [Msg] Using Pierson-Moskowitz spectrum sampling wavefield model 
(2023-02-28T23:00:24.959822010) (2023-02-28T23:00:24.959831030) [Msg] Using Pierson-Moskowitz spectrum sampling wavefield model 
(2023-02-28T23:00:25.414206243) (2023-02-28T23:00:25.414234963) [Msg] Input Parameters:
(2023-02-28T23:00:25.414281483) (2023-02-28T23:00:25.414296912) [Msg] model:     PMS
(2023-02-28T23:00:25.414344322) (2023-02-28T23:00:25.414361382) [Msg] number:     3
(2023-02-28T23:00:25.414410561) (2023-02-28T23:00:25.414427321) [Msg] scale:      1.1
(2023-02-28T23:00:25.414481801) (2023-02-28T23:00:25.414497641) [Msg] angle:      0.4
(2023-02-28T23:00:25.414545190) (2023-02-28T23:00:25.414560750) [Msg] steepness:  0
(2023-02-28T23:00:25.414605030) (2023-02-28T23:00:25.414622950) [Msg] amplitude:  0
(2023-02-28T23:00:25.414670639) (2023-02-28T23:00:25.414686919) [Msg] period:     5
(2023-02-28T23:00:25.414734339) (2023-02-28T23:00:25.414750568) [Msg] direction:  1 0
(2023-02-28T23:00:25.414822248) (2023-02-28T23:00:25.414840188) [Msg] tau:  2
(2023-02-28T23:00:25.414887467) (2023-02-28T23:00:25.414916307) [Msg] gain:  0.3
(2023-02-28T23:00:25.414965177) (2023-02-28T23:00:25.414982106) [Msg] Derived Parameters:
(2023-02-28T23:00:25.415021716) (2023-02-28T23:00:25.415038806) [Msg] amplitudes:  0.0363502, 0.0392277, 0.0385703, 
(2023-02-28T23:00:25.415149505) (2023-02-28T23:00:25.415167075) [Msg] wavenumbers: 0.133171, 0.161136, 0.194975, 
(2023-02-28T23:00:25.415306154) (2023-02-28T23:00:25.415327643) [Msg] omegas:      1.1424, 1.25664, 1.3823, 
(2023-02-28T23:00:25.415415653) (2023-02-28T23:00:25.415431812) [Msg] periods:     (2023-02-28T23:00:25.415478442) (2023-02-28T23:00:25.415494452) [Msg] 5.5, (2023-02-28T23:00:25.415536232) (2023-02-28T23:00:25.415551561) [Msg] 5, (2023-02-28T23:00:25.415591241) (2023-02-28T23:00:25.415607461) [Msg] 4.54545, (2023-02-28T23:00:25.415645111) (2023-02-28T23:00:25.415660800) [Msg] 
(2023-02-28T23:00:25.415690910) (2023-02-28T23:00:25.415707030) [Msg] phases:      0, 0, 0, 
(2023-02-28T23:00:25.415785609) (2023-02-28T23:00:25.415800999) [Msg] steepnesses: 0, 0, 0, 
(2023-02-28T23:00:25.415878669) (2023-02-28T23:00:25.415894148) [Msg] directions:  (2023-02-28T23:00:25.415935608) (2023-02-28T23:00:25.415951308) [Msg] 0.921061 -0.389418; (2023-02-28T23:00:25.416008237) (2023-02-28T23:00:25.416024507) [Msg] 1 0; (2023-02-28T23:00:25.416075447) (2023-02-28T23:00:25.416091037) [Msg] 0.921061 0.389418; (2023-02-28T23:00:25.416144876) (2023-02-28T23:00:25.416161606) [Msg] 
(2023-02-28T23:00:25.416860340) (2023-02-28T23:00:25.416881020) [Dbg] [SystemManager.cc:58] Loaded system [ignition::gazebo::systems::WaveVisual] for entity [23]
(2023-02-28T23:00:25.421415012) (2023-02-28T23:00:25.421434162) [Msg] Using Pierson-Moskowitz spectrum sampling wavefield model 
(2023-02-28T23:00:25.421789789) (2023-02-28T23:00:25.421808529) [Msg] Using Pierson-Moskowitz spectrum sampling wavefield model 
(2023-02-28T23:00:25.421887688) (2023-02-28T23:00:25.421907988) [Msg] Input Parameters:
(2023-02-28T23:00:25.421951848) (2023-02-28T23:00:25.421968947) [Msg] model:     PMS
(2023-02-28T23:00:25.422016347) (2023-02-28T23:00:25.422034027) [Msg] number:     3
(2023-02-28T23:00:25.422094016) (2023-02-28T23:00:25.422114196) [Msg] scale:      1.1
(2023-02-28T23:00:25.422172816) (2023-02-28T23:00:25.422192226) [Msg] angle:      0.4
(2023-02-28T23:00:25.422247075) (2023-02-28T23:00:25.422265435) [Msg] steepness:  0
(2023-02-28T23:00:25.422320425) (2023-02-28T23:00:25.422338694) [Msg] amplitude:  0
(2023-02-28T23:00:25.422391404) (2023-02-28T23:00:25.422410454) [Msg] period:     5
(2023-02-28T23:00:25.422463193) (2023-02-28T23:00:25.422481823) [Msg] direction:  1 0
(2023-02-28T23:00:25.422550833) (2023-02-28T23:00:25.422569282) [Msg] tau:  2
(2023-02-28T23:00:25.422624272) (2023-02-28T23:00:25.422643712) [Msg] gain:  0.3
(2023-02-28T23:00:25.422699661) (2023-02-28T23:00:25.422720081) [Msg] Derived Parameters:
(2023-02-28T23:00:25.422786211) (2023-02-28T23:00:25.422807030) [Msg] amplitudes:  0.0363502, 0.0392277, 0.0385703, 
(2023-02-28T23:00:25.422912470) (2023-02-28T23:00:25.422931409) [Msg] wavenumbers: 0.133171, 0.161136, 0.194975, 
(2023-02-28T23:00:25.423026129) (2023-02-28T23:00:25.423045249) [Msg] omegas:      1.1424, 1.25664, 1.3823, 
(2023-02-28T23:00:25.423139148) (2023-02-28T23:00:25.423158018) [Msg] periods:     (2023-02-28T23:00:25.423194857) (2023-02-28T23:00:25.423213917) [Msg] 5.5, (2023-02-28T23:00:25.423259997) (2023-02-28T23:00:25.423278507) [Msg] 5, (2023-02-28T23:00:25.423322626) (2023-02-28T23:00:25.423341446) [Msg] 4.54545, (2023-02-28T23:00:25.423386266) (2023-02-28T23:00:25.423405365) [Msg] 
(2023-02-28T23:00:25.423441105) (2023-02-28T23:00:25.423459865) [Msg] phases:      0, 0, 0, 
(2023-02-28T23:00:25.423553044) (2023-02-28T23:00:25.423572804) [Msg] steepnesses: 0, 0, 0, 
(2023-02-28T23:00:25.423665783) (2023-02-28T23:00:25.423685153) [Msg] directions:  (2023-02-28T23:00:25.423721263) (2023-02-28T23:00:25.423739803) [Msg] 0.921061 -0.389418; (2023-02-28T23:00:25.423801142) (2023-02-28T23:00:25.423821582) [Msg] 1 0; (2023-02-28T23:00:25.423885491) (2023-02-28T23:00:25.423908671) [Msg] 0.921061 0.389418; (2023-02-28T23:00:25.423977391) (2023-02-28T23:00:25.423997261) [Msg] 
(2023-02-28T23:00:25.424075640) (2023-02-28T23:00:25.424098050) [Dbg] [Surface.cc:161] Surface plugin successfully configured with the following parameters:
(2023-02-28T23:00:25.424159669) (2023-02-28T23:00:25.424180649) [Dbg] [Surface.cc:163]   <link_name>: link
(2023-02-28T23:00:25.424240769) (2023-02-28T23:00:25.424262418) [Dbg] [Surface.cc:164]   <vehicle_length>: 6
(2023-02-28T23:00:25.424322578) (2023-02-28T23:00:25.424343758) [Dbg] [Surface.cc:165]   <vehicle_width>: 3.3
(2023-02-28T23:00:25.424427347) (2023-02-28T23:00:25.424450337) [Dbg] [Surface.cc:166]   <hull_radius>: 1.9
(2023-02-28T23:00:25.424508546) (2023-02-28T23:00:25.424529196) [Dbg] [Surface.cc:167]   <num_samples>: 2
(2023-02-28T23:00:25.424591126) (2023-02-28T23:00:25.424612615) [Dbg] [Surface.cc:168]   <fluid_level>: 0.45
(2023-02-28T23:00:25.424672635) (2023-02-28T23:00:25.424693115) [Dbg] [Surface.cc:169]   <fluid_density>: 997.774
(2023-02-28T23:00:25.424786084) (2023-02-28T23:00:25.424806644) [Dbg] [SystemManager.cc:58] Loaded system [ignition::gazebo::systems::Surface] for entity [24]
(2023-02-28T23:00:25.426710838) (2023-02-28T23:00:25.426721858) [Dbg] [SimpleHydrodynamics.cc:167] SimpleHydrodynamics plugin successfully configured with the following parameters:
(2023-02-28T23:00:25.426750498) (2023-02-28T23:00:25.426759378) [Dbg] [SimpleHydrodynamics.cc:169]   <link_name>: link
(2023-02-28T23:00:25.426786057) (2023-02-28T23:00:25.426793847) [Dbg] [SimpleHydrodynamics.cc:170]   <xDotU>: 0
(2023-02-28T23:00:25.426821577) (2023-02-28T23:00:25.426830597) [Dbg] [SimpleHydrodynamics.cc:171]   <yDotV>: 0
(2023-02-28T23:00:25.426856287) (2023-02-28T23:00:25.426864977) [Dbg] [SimpleHydrodynamics.cc:172]   <zDotW>: 0.1
(2023-02-28T23:00:25.426889856) (2023-02-28T23:00:25.426897766) [Dbg] [SimpleHydrodynamics.cc:173]   <kDotP>: 0.1
(2023-02-28T23:00:25.426923276) (2023-02-28T23:00:25.426932186) [Dbg] [SimpleHydrodynamics.cc:174]   <mDotQ>: 0.1
(2023-02-28T23:00:25.426958626) (2023-02-28T23:00:25.426966986) [Dbg] [SimpleHydrodynamics.cc:175]   <nDotR>: 0
(2023-02-28T23:00:25.426992636) (2023-02-28T23:00:25.427002085) [Dbg] [SimpleHydrodynamics.cc:176]   <xU>: 510.3
(2023-02-28T23:00:25.427028085) (2023-02-28T23:00:25.427036565) [Dbg] [SimpleHydrodynamics.cc:177]   <xUU>: 720.4
(2023-02-28T23:00:25.427062795) (2023-02-28T23:00:25.427071405) [Dbg] [SimpleHydrodynamics.cc:178]   <yV>: 400
(2023-02-28T23:00:25.427106165) (2023-02-28T23:00:25.427115295) [Dbg] [SimpleHydrodynamics.cc:179]   <yVV>: 0
(2023-02-28T23:00:25.427142394) (2023-02-28T23:00:25.427151024) [Dbg] [SimpleHydrodynamics.cc:180]   <zW>: 5000
(2023-02-28T23:00:25.427176024) (2023-02-28T23:00:25.427184424) [Dbg] [SimpleHydrodynamics.cc:181]   <zWW>: 0
(2023-02-28T23:00:25.427209794) (2023-02-28T23:00:25.427218284) [Dbg] [SimpleHydrodynamics.cc:182]   <kP>: 500
(2023-02-28T23:00:25.427248483) (2023-02-28T23:00:25.427257253) [Dbg] [SimpleHydrodynamics.cc:183]   <kPP>: 0
(2023-02-28T23:00:25.427282403) (2023-02-28T23:00:25.427291293) [Dbg] [SimpleHydrodynamics.cc:184]   <mQ>: 500
(2023-02-28T23:00:25.427316493) (2023-02-28T23:00:25.427325153) [Dbg] [SimpleHydrodynamics.cc:185]   <mQQ>: 0
(2023-02-28T23:00:25.427349313) (2023-02-28T23:00:25.427357603) [Dbg] [SimpleHydrodynamics.cc:186]   <nR>: 15000
(2023-02-28T23:00:25.427382252) (2023-02-28T23:00:25.427391132) [Dbg] [SimpleHydrodynamics.cc:187]   <nRR>: 0
(2023-02-28T23:00:25.427419902) (2023-02-28T23:00:25.427428352) [Dbg] [SystemManager.cc:58] Loaded system [ignition::gazebo::systems::SimpleHydrodynamics] for entity [24]
(2023-02-28T23:00:25.428744151) (2023-02-28T23:00:25.428755771) [Dbg] [SystemManager.cc:58] Loaded system [ignition::gazebo::systems::DetachableJoint] for entity [28]
(2023-02-28T23:00:25.429235507) (2023-02-28T23:00:25.429246137) [Dbg] [SystemManager.cc:58] Loaded system [ignition::gazebo::systems::DetachableJoint] for entity [44]
(2023-02-28T23:00:25.430027410) (2023-02-28T23:00:25.430035930) [Dbg] [SystemManager.cc:58] Loaded system [ignition::gazebo::systems::DetachableJoint] for entity [60]
(2023-02-28T23:00:25.430787684) (2023-02-28T23:00:25.430796484) [Dbg] [SystemManager.cc:58] Loaded system [ignition::gazebo::systems::DetachableJoint] for entity [112]
(2023-02-28T23:00:25.431928474) (2023-02-28T23:00:25.431937494) [Dbg] [SystemManager.cc:58] Loaded system [ignition::gazebo::systems::CommsEndpoint] for entity [164]
(2023-02-28T23:00:25.432112673) (2023-02-28T23:00:25.432121663) [Dbg] [SystemManager.cc:58] Loaded system [ignition::gazebo::systems::CommsEndpoint] for entity [164]
(2023-02-28T23:00:25.433550870) (2023-02-28T23:00:25.433560410) [Dbg] [SystemManager.cc:58] Loaded system [mbzirc::BaseStation] for entity [164]
(2023-02-28T23:00:25.435255765) (2023-02-28T23:00:25.435266535) [Msg] EntityDetector publishing messages on [/mbzirc/target_object_detector/dropped]
(2023-02-28T23:00:25.435417294) (2023-02-28T23:00:25.435428664) [Dbg] [SystemManager.cc:58] Loaded system [mbzirc::EntityDetector] for entity [168]
(2023-02-28T23:00:25.435514603) (2023-02-28T23:00:25.435524853) [Msg] Loaded level [3]
(2023-02-28T23:00:25.435774231) (2023-02-28T23:00:25.435785191) [Msg] Serving world controls on [/world/simple_demo/control], [/world/simple_demo/control/state] and [/world/simple_demo/playback/control]
(2023-02-28T23:00:25.435890390) (2023-02-28T23:00:25.435901860) [Msg] Serving GUI information on [/world/simple_demo/gui/info]
(2023-02-28T23:00:25.435940599) (2023-02-28T23:00:25.435949329) [Msg] World [simple_demo] initialized with [4ms] physics profile.
(2023-02-28T23:00:25.436062128) (2023-02-28T23:00:25.436072898) [Msg] Serving world SDF generation service on [/world/simple_demo/generate_world_sdf]
(2023-02-28T23:00:25.436146537) (2023-02-28T23:00:25.436155567) [Msg] Serving world names on [/gazebo/worlds]
(2023-02-28T23:00:25.436216867) (2023-02-28T23:00:25.436225757) [Msg] Resource path add service on [/gazebo/resource_paths/add].
(2023-02-28T23:00:25.436298116) (2023-02-28T23:00:25.436309226) [Msg] Resource path get service on [/gazebo/resource_paths/get].
(2023-02-28T23:00:25.536559390) (2023-02-28T23:00:25.536585610) [Msg] Resource path resolve service on [/gazebo/resource_paths/resolve].
(2023-02-28T23:00:25.536780139) (2023-02-28T23:00:25.536815348) [Msg] Resource paths published on [/gazebo/resource_paths].
(2023-02-28T23:00:25.537091026) (2023-02-28T23:00:25.537112436) [Msg] Server control service on [/server_control].
(2023-02-28T23:00:25.537339174) (2023-02-28T23:00:25.537361334) [Msg] Found no publishers on /stats, adding root stats topic
(2023-02-28T23:00:25.537565042) (2023-02-28T23:00:25.537593912) [Msg] Found no publishers on /clock, adding root clock topic
(2023-02-28T23:00:25.638040134) (2023-02-28T23:00:25.638062854) [Dbg] [SimulationRunner.cc:491] Creating PostUpdate worker threads: 13
(2023-02-28T23:00:25.638149083) (2023-02-28T23:00:25.638180343) [Dbg] [SimulationRunner.cc:502] Creating postupdate worker thread (0)
(2023-02-28T23:00:25.638308911) (2023-02-28T23:00:25.638326831) [Dbg] [SimulationRunner.cc:502] Creating postupdate worker thread (1)
(2023-02-28T23:00:25.638419400) (2023-02-28T23:00:25.638439750) [Dbg] [SimulationRunner.cc:502] Creating postupdate worker thread (2)
(2023-02-28T23:00:25.638561949) (2023-02-28T23:00:25.638587729) [Dbg] [SimulationRunner.cc:502] Creating postupdate worker thread (3)
(2023-02-28T23:00:25.638723518) (2023-02-28T23:00:25.638750968) [Dbg] [SimulationRunner.cc:502] Creating postupdate worker thread (4)
(2023-02-28T23:00:25.638849917) (2023-02-28T23:00:25.638867306) [Dbg] [SimulationRunner.cc:502] Creating postupdate worker thread (5)
(2023-02-28T23:00:25.638972286) (2023-02-28T23:00:25.638989185) [Dbg] [SimulationRunner.cc:502] Creating postupdate worker thread (6)
(2023-02-28T23:00:25.639086885) (2023-02-28T23:00:25.639111004) [Dbg] [SimulationRunner.cc:502] Creating postupdate worker thread (7)
(2023-02-28T23:00:25.639227183) (2023-02-28T23:00:25.639250363) [Dbg] [SimulationRunner.cc:502] Creating postupdate worker thread (8)
(2023-02-28T23:00:25.639368932) (2023-02-28T23:00:25.639387412) [Dbg] [SimulationRunner.cc:502] Creating postupdate worker thread (9)
(2023-02-28T23:00:25.639495971) (2023-02-28T23:00:25.639521491) [Dbg] [SimulationRunner.cc:502] Creating postupdate worker thread (10)
(2023-02-28T23:00:25.639654750) (2023-02-28T23:00:25.639682539) [Dbg] [SimulationRunner.cc:502] Creating postupdate worker thread (11)
(2023-02-28T23:00:25.640174095) (2023-02-28T23:00:25.640195975) [Msg] Particle emitter[simple_demo::dust_storm::link::dust_storm] subscribed to command messages on topic[/model/dust_storm/link/link/particle_emitter/dust_storm/cmd]
(2023-02-28T23:00:25.640449953) (2023-02-28T23:00:25.640470892) [Msg] Particle emitter[simple_demo::fog::link::fog] subscribed to command messages on topic[/model/fog/link/link/particle_emitter/fog/cmd]
(2023-02-28T23:00:25.642414216) (2023-02-28T23:00:25.642442786) [Msg] DetachableJoint subscribing to messages on [/Vessel_A/detach]
(2023-02-28T23:00:25.642646014) (2023-02-28T23:00:25.642667004) [Msg] DetachableJoint subscribing to messages on [/Vessel_A/detach]
(2023-02-28T23:00:25.642834783) (2023-02-28T23:00:25.642853313) [Msg] DetachableJoint subscribing to messages on [/Vessel_A/detach]
(2023-02-28T23:00:25.643020301) (2023-02-28T23:00:25.643038751) [Msg] DetachableJoint subscribing to messages on [/Vessel_A/detach]
(2023-02-28T23:00:25.643248199) (2023-02-28T23:00:25.643271749) [Msg] Address [base_station/target] bound to model [base_station] on topic [base_station/target]
(2023-02-28T23:00:25.643360708) (2023-02-28T23:00:25.643376988) [Dbg] [CommsEndpoint.cc:89] Succesfuly bound to [base_station/target] on topic [base_station/target]
(2023-02-28T23:00:25.643536497) (2023-02-28T23:00:25.643560207) [Msg] Address [base_station/video] bound to model [base_station] on topic [base_station/video]
(2023-02-28T23:00:25.643649806) (2023-02-28T23:00:25.643667076) [Dbg] [CommsEndpoint.cc:89] Succesfuly bound to [base_station/video] on topic [base_station/video]
(2023-02-28T23:00:25.714918045) (2023-02-28T23:00:25.714932884) [Dbg] [Physics.cc:1593] Creating detachable joint [170]
(2023-02-28T23:00:25.715082833) (2023-02-28T23:00:25.715092063) [Dbg] [Physics.cc:1593] Creating detachable joint [171]
(2023-02-28T23:00:25.715204682) (2023-02-28T23:00:25.715213542) [Dbg] [Physics.cc:1593] Creating detachable joint [172]
(2023-02-28T23:00:25.715492220) (2023-02-28T23:00:25.715503399) [Dbg] [Physics.cc:1593] Creating detachable joint [173]
(2023-02-28T23:00:25.716632760) (2023-02-28T23:00:25.716643900) [Dbg] [SimulationFeatures.cc:63] Simulation timestep set to: 0.004
(2023-02-28T23:00:25.726238609) (2023-02-28T23:00:25.726265309) [Msg] Serving scene information on [/world/simple_demo/scene/info]
(2023-02-28T23:00:25.726442068) (2023-02-28T23:00:25.726463118) [Msg] Serving graph information on [/world/simple_demo/scene/graph]
(2023-02-28T23:00:25.726623326) (2023-02-28T23:00:25.726653826) [Msg] Serving full state on [/world/simple_demo/state]
(2023-02-28T23:00:25.726810335) (2023-02-28T23:00:25.726831564) [Msg] Serving full state (async) on [/world/simple_demo/state_async]
(2023-02-28T23:00:25.727004953) (2023-02-28T23:00:25.727025843) [Msg] Publishing scene information on [/world/simple_demo/scene/info]
(2023-02-28T23:00:25.727205921) (2023-02-28T23:00:25.727227121) [Msg] Publishing entity deletions on [/world/simple_demo/scene/deletion]
(2023-02-28T23:00:25.727372590) (2023-02-28T23:00:25.727391560) [Msg] Publishing state changes on [/world/simple_demo/state]
(2023-02-28T23:00:25.727537729) (2023-02-28T23:00:25.727556968) [Msg] Publishing pose messages on [/world/simple_demo/pose/info]
(2023-02-28T23:00:25.727707557) (2023-02-28T23:00:25.727726747) [Msg] Publishing dynamic pose messages on [/world/simple_demo/dynamic_pose/info]
(2023-02-28T23:00:25.728124384) (2023-02-28T23:00:25.728145044) [Dbg] [EntityComponentManager.cc:1587] Updated state thread iterators: 24 threads processing around 8 entities each.
(2023-02-28T23:00:25.728513790) (2023-02-28T23:00:25.728531060) [Wrn] [Model.hh:69] Skipping serialization / deserialization for models with //pose/@relative_to attribute.
(2023-02-28T23:00:25.728932987) (2023-02-28T23:00:25.728945567) [Wrn] [Component.hh:144] Trying to serialize component with data type [N3sdf3v125WorldE], which doesn't have `operator<<`. Component will not be serialized.
(2023-02-28T23:00:25.754252132) (2023-02-28T23:00:25.754274612) [Dbg] [EntityComponentManager.cc:1587] Updated state thread iterators: 24 threads processing around 8 entities each.
(2023-02-28T23:00:32.61612222) (2023-02-28T23:00:32.61625562) [Msg] Linear velocity initialized to [0 0 0]
(2023-02-28T23:00:32.61677261) (2023-02-28T23:00:32.61686551) [Msg] Angular velocity initialized to [0 0 0]
(2023-02-28T23:00:32.61892810) (2023-02-28T23:00:32.61903459) [Msg] VelocityControl subscribing to twist messages on [/model/usv/cmd_vel]
(2023-02-28T23:00:32.61941209) (2023-02-28T23:00:32.61950379) [Dbg] [SystemManager.cc:58] Loaded system [ignition::gazebo::systems::VelocityControl] for entity [174]
(2023-02-28T23:00:32.63023850) (2023-02-28T23:00:32.63036400) [Dbg] [OdometryPublisher.cc:191] OdometryPublisher system plugin missing <dimensions>, defaults to "2"
(2023-02-28T23:00:32.63212029) (2023-02-28T23:00:32.63225308) [Msg] OdometryPublisher publishing odometry on [/model/usv/odometry]
(2023-02-28T23:00:32.63337957) (2023-02-28T23:00:32.63348587) [Msg] OdometryPublisher publishing odometry with covariance on [/model/usv/odometry_with_covariance]
(2023-02-28T23:00:32.63435807) (2023-02-28T23:00:32.63446417) [Msg] OdometryPublisher publishing Pose_V (TF) on [/model/usv/pose]
(2023-02-28T23:00:32.63482916) (2023-02-28T23:00:32.63493006) [Dbg] [SystemManager.cc:58] Loaded system [ignition::gazebo::systems::OdometryPublisher] for entity [174]
(2023-02-28T23:00:32.64882534) (2023-02-28T23:00:32.64892894) [Msg] Thruster listening to commands in [/model/usv/joint/left_engine_propeller_joint/cmd_thrust]
(2023-02-28T23:00:32.64969824) (2023-02-28T23:00:32.64977954) [Dbg] [Thruster.cc:288] Using velocity control for propeller joint.
(2023-02-28T23:00:32.65003943) (2023-02-28T23:00:32.65012633) [Dbg] [SystemManager.cc:58] Loaded system [ignition::gazebo::systems::Thruster] for entity [174]
(2023-02-28T23:00:32.66126633) (2023-02-28T23:00:32.66136773) [Dbg] [JointPositionController.cc:205] [JointPositionController] system parameters:
(2023-02-28T23:00:32.66165213) (2023-02-28T23:00:32.66177023) [Dbg] [JointPositionController.cc:206] p_gain: [1]
(2023-02-28T23:00:32.66210843) (2023-02-28T23:00:32.66219963) [Dbg] [JointPositionController.cc:207] i_gain: [0.1]
(2023-02-28T23:00:32.66257502) (2023-02-28T23:00:32.66269042) [Dbg] [JointPositionController.cc:208] d_gain: [0.01]
(2023-02-28T23:00:32.66305962) (2023-02-28T23:00:32.66315502) [Dbg] [JointPositionController.cc:209] i_max: [1]
(2023-02-28T23:00:32.66347361) (2023-02-28T23:00:32.66359181) [Dbg] [JointPositionController.cc:210] i_min: [-1]
(2023-02-28T23:00:32.66400101) (2023-02-28T23:00:32.66416171) [Dbg] [JointPositionController.cc:211] cmd_max: [1000]
(2023-02-28T23:00:32.66446181) (2023-02-28T23:00:32.66456061) [Dbg] [JointPositionController.cc:212] cmd_min: [-1000]
(2023-02-28T23:00:32.66484560) (2023-02-28T23:00:32.66493630) [Dbg] [JointPositionController.cc:213] cmd_offset: [0]
(2023-02-28T23:00:32.66522090) (2023-02-28T23:00:32.66530970) [Dbg] [JointPositionController.cc:214] Topic: [usv/left/thruster/joint/cmd_pos]
(2023-02-28T23:00:32.66571620) (2023-02-28T23:00:32.66582299) [Dbg] [JointPositionController.cc:215] initial_position: [0]
(2023-02-28T23:00:32.66620999) (2023-02-28T23:00:32.66633679) [Dbg] [SystemManager.cc:58] Loaded system [ignition::gazebo::systems::JointPositionController] for entity [174]
(2023-02-28T23:00:32.67025786) (2023-02-28T23:00:32.67038885) [Msg] Thruster listening to commands in [/model/usv/joint/right_engine_propeller_joint/cmd_thrust]
(2023-02-28T23:00:32.67106865) (2023-02-28T23:00:32.67115945) [Dbg] [Thruster.cc:288] Using velocity control for propeller joint.
(2023-02-28T23:00:32.67141365) (2023-02-28T23:00:32.67151114) [Dbg] [SystemManager.cc:58] Loaded system [ignition::gazebo::systems::Thruster] for entity [174]
(2023-02-28T23:00:32.67414802) (2023-02-28T23:00:32.67427202) [Dbg] [JointPositionController.cc:205] [JointPositionController] system parameters:
(2023-02-28T23:00:32.67460092) (2023-02-28T23:00:32.67472392) [Dbg] [JointPositionController.cc:206] p_gain: [1]
(2023-02-28T23:00:32.67517671) (2023-02-28T23:00:32.67530651) [Dbg] [JointPositionController.cc:207] i_gain: [0.1]
(2023-02-28T23:00:32.67568741) (2023-02-28T23:00:32.67577331) [Dbg] [JointPositionController.cc:208] d_gain: [0.01]
(2023-02-28T23:00:32.67613010) (2023-02-28T23:00:32.67623490) [Dbg] [JointPositionController.cc:209] i_max: [1]
(2023-02-28T23:00:32.67654520) (2023-02-28T23:00:32.67664000) [Dbg] [JointPositionController.cc:210] i_min: [-1]
(2023-02-28T23:00:32.67695610) (2023-02-28T23:00:32.67704640) [Dbg] [JointPositionController.cc:211] cmd_max: [1000]
(2023-02-28T23:00:32.67740389) (2023-02-28T23:00:32.67754169) [Dbg] [JointPositionController.cc:212] cmd_min: [-1000]
(2023-02-28T23:00:32.67797649) (2023-02-28T23:00:32.67810219) [Dbg] [JointPositionController.cc:213] cmd_offset: [0]
(2023-02-28T23:00:32.67855218) (2023-02-28T23:00:32.67868318) [Dbg] [JointPositionController.cc:214] Topic: [usv/right/thruster/joint/cmd_pos]
(2023-02-28T23:00:32.67908728) (2023-02-28T23:00:32.67917948) [Dbg] [JointPositionController.cc:215] initial_position: [0]
(2023-02-28T23:00:32.67951767) (2023-02-28T23:00:32.67964117) [Dbg] [SystemManager.cc:58] Loaded system [ignition::gazebo::systems::JointPositionController] for entity [174]
(2023-02-28T23:00:32.68219915) (2023-02-28T23:00:32.68230775) [Msg] Using Pierson-Moskowitz spectrum sampling wavefield model 
(2023-02-28T23:00:32.68385164) (2023-02-28T23:00:32.68410053) [Msg] Using Pierson-Moskowitz spectrum sampling wavefield model 
(2023-02-28T23:00:32.68494043) (2023-02-28T23:00:32.68503123) [Msg] Input Parameters:
(2023-02-28T23:00:32.68523912) (2023-02-28T23:00:32.68532772) [Msg] model:     PMS
(2023-02-28T23:00:32.68557992) (2023-02-28T23:00:32.68569612) [Msg] number:     3
(2023-02-28T23:00:32.68596452) (2023-02-28T23:00:32.68605412) [Msg] scale:      1.1
(2023-02-28T23:00:32.68632201) (2023-02-28T23:00:32.68641911) [Msg] angle:      0.4
(2023-02-28T23:00:32.68670891) (2023-02-28T23:00:32.68680201) [Msg] steepness:  0
(2023-02-28T23:00:32.68710081) (2023-02-28T23:00:32.68719911) [Msg] amplitude:  0
(2023-02-28T23:00:32.68755430) (2023-02-28T23:00:32.68768550) [Msg] period:     5
(2023-02-28T23:00:32.68802230) (2023-02-28T23:00:32.68816840) [Msg] direction:  1 0
(2023-02-28T23:00:32.68855430) (2023-02-28T23:00:32.68865160) [Msg] tau:  2
(2023-02-28T23:00:32.68899359) (2023-02-28T23:00:32.68911119) [Msg] gain:  0.3
(2023-02-28T23:00:32.68946499) (2023-02-28T23:00:32.68957929) [Msg] Derived Parameters:
(2023-02-28T23:00:32.68987189) (2023-02-28T23:00:32.69000188) [Msg] amplitudes:  0.0363502, 0.0392277, 0.0385703, 
(2023-02-28T23:00:32.69133617) (2023-02-28T23:00:32.69149427) [Msg] wavenumbers: 0.133171, 0.161136, 0.194975, 
(2023-02-28T23:00:32.69200137) (2023-02-28T23:00:32.69209547) [Msg] omegas:      1.1424, 1.25664, 1.3823, 
(2023-02-28T23:00:32.69258316) (2023-02-28T23:00:32.69267806) [Msg] periods:     (2023-02-28T23:00:32.69285936) (2023-02-28T23:00:32.69296156) [Msg] 5.5, (2023-02-28T23:00:32.69318246) (2023-02-28T23:00:32.69328356) [Msg] 5, (2023-02-28T23:00:32.69351985) (2023-02-28T23:00:32.69361965) [Msg] 4.54545, (2023-02-28T23:00:32.69384145) (2023-02-28T23:00:32.69393295) [Msg] 
(2023-02-28T23:00:32.69411855) (2023-02-28T23:00:32.69420895) [Msg] phases:      0, 0, 0, 
(2023-02-28T23:00:32.69468945) (2023-02-28T23:00:32.69478854) [Msg] steepnesses: 0, 0, 0, 
(2023-02-28T23:00:32.69524864) (2023-02-28T23:00:32.69534624) [Msg] directions:  (2023-02-28T23:00:32.69552714) (2023-02-28T23:00:32.69562144) [Msg] 0.921061 -0.389418; (2023-02-28T23:00:32.69595483) (2023-02-28T23:00:32.69604993) [Msg] 1 0; (2023-02-28T23:00:32.69635273) (2023-02-28T23:00:32.69645613) [Msg] 0.921061 0.389418; (2023-02-28T23:00:32.69677153) (2023-02-28T23:00:32.69687273) [Msg] 
(2023-02-28T23:00:32.69718352) (2023-02-28T23:00:32.69727522) [Dbg] [Surface.cc:161] Surface plugin successfully configured with the following parameters:
(2023-02-28T23:00:32.69756262) (2023-02-28T23:00:32.69765952) [Dbg] [Surface.cc:163]   <link_name>: base_link
(2023-02-28T23:00:32.69791312) (2023-02-28T23:00:32.69800822) [Dbg] [Surface.cc:164]   <vehicle_length>: 6
(2023-02-28T23:00:32.69828132) (2023-02-28T23:00:32.69838021) [Dbg] [Surface.cc:165]   <vehicle_width>: 3.3
(2023-02-28T23:00:32.69866671) (2023-02-28T23:00:32.69876731) [Dbg] [Surface.cc:166]   <hull_radius>: 0.27
(2023-02-28T23:00:32.69904101) (2023-02-28T23:00:32.69913621) [Dbg] [Surface.cc:167]   <num_samples>: 2
(2023-02-28T23:00:32.69940421) (2023-02-28T23:00:32.69950160) [Dbg] [Surface.cc:168]   <fluid_level>: 0.45
(2023-02-28T23:00:32.69977960) (2023-02-28T23:00:32.69987990) [Dbg] [Surface.cc:169]   <fluid_density>: 997.774
(2023-02-28T23:00:32.70020070) (2023-02-28T23:00:32.70030400) [Dbg] [SystemManager.cc:58] Loaded system [ignition::gazebo::systems::Surface] for entity [174]
(2023-02-28T23:00:32.70352727) (2023-02-28T23:00:32.70363767) [Dbg] [SimpleHydrodynamics.cc:167] SimpleHydrodynamics plugin successfully configured with the following parameters:
(2023-02-28T23:00:32.70392427) (2023-02-28T23:00:32.70401107) [Dbg] [SimpleHydrodynamics.cc:169]   <link_name>: base_link
(2023-02-28T23:00:32.70427877) (2023-02-28T23:00:32.70435916) [Dbg] [SimpleHydrodynamics.cc:170]   <xDotU>: 0
(2023-02-28T23:00:32.70464556) (2023-02-28T23:00:32.70473316) [Dbg] [SimpleHydrodynamics.cc:171]   <yDotV>: 0
(2023-02-28T23:00:32.70500516) (2023-02-28T23:00:32.70509286) [Dbg] [SimpleHydrodynamics.cc:172]   <zDotW>: 0.1
(2023-02-28T23:00:32.70537106) (2023-02-28T23:00:32.70545706) [Dbg] [SimpleHydrodynamics.cc:173]   <kDotP>: 0.1
(2023-02-28T23:00:32.70574425) (2023-02-28T23:00:32.70583635) [Dbg] [SimpleHydrodynamics.cc:174]   <mDotQ>: 0.1
(2023-02-28T23:00:32.70611855) (2023-02-28T23:00:32.70621145) [Dbg] [SimpleHydrodynamics.cc:175]   <nDotR>: 0
(2023-02-28T23:00:32.70647695) (2023-02-28T23:00:32.70656935) [Dbg] [SimpleHydrodynamics.cc:176]   <xU>: 51.3
(2023-02-28T23:00:32.70684024) (2023-02-28T23:00:32.70693844) [Dbg] [SimpleHydrodynamics.cc:177]   <xUU>: 72.4
(2023-02-28T23:00:32.70724524) (2023-02-28T23:00:32.70734634) [Dbg] [SimpleHydrodynamics.cc:178]   <yV>: 40
(2023-02-28T23:00:32.70761734) (2023-02-28T23:00:32.70770984) [Dbg] [SimpleHydrodynamics.cc:179]   <yVV>: 0
(2023-02-28T23:00:32.70799013) (2023-02-28T23:00:32.70807403) [Dbg] [SimpleHydrodynamics.cc:180]   <zW>: 500
(2023-02-28T23:00:32.70834953) (2023-02-28T23:00:32.70845113) [Dbg] [SimpleHydrodynamics.cc:181]   <zWW>: 0
(2023-02-28T23:00:32.70872373) (2023-02-28T23:00:32.70882193) [Dbg] [SimpleHydrodynamics.cc:182]   <kP>: 100
(2023-02-28T23:00:32.70908932) (2023-02-28T23:00:32.70919272) [Dbg] [SimpleHydrodynamics.cc:183]   <kPP>: 0
(2023-02-28T23:00:32.70946732) (2023-02-28T23:00:32.70966032) [Dbg] [SimpleHydrodynamics.cc:184]   <mQ>: 100
(2023-02-28T23:00:32.70992552) (2023-02-28T23:00:32.71002302) [Dbg] [SimpleHydrodynamics.cc:185]   <mQQ>: 0
(2023-02-28T23:00:32.71030191) (2023-02-28T23:00:32.71039381) [Dbg] [SimpleHydrodynamics.cc:186]   <nR>: 400
(2023-02-28T23:00:32.71068181) (2023-02-28T23:00:32.71077471) [Dbg] [SimpleHydrodynamics.cc:187]   <nRR>: 0
(2023-02-28T23:00:32.71112101) (2023-02-28T23:00:32.71121471) [Dbg] [SystemManager.cc:58] Loaded system [ignition::gazebo::systems::SimpleHydrodynamics] for entity [174]
(2023-02-28T23:00:32.72439380) (2023-02-28T23:00:32.72451540) [Dbg] [SystemManager.cc:58] Loaded system [ignition::gazebo::systems::PosePublisher] for entity [174]
(2023-02-28T23:00:32.72696068) (2023-02-28T23:00:32.72707457) [Msg] EntityDetector publishing messages on [/mbzirc/target_object_detector/placed]
(2023-02-28T23:00:32.72842576) (2023-02-28T23:00:32.72853766) [Dbg] [SystemManager.cc:58] Loaded system [mbzirc::EntityDetector] for entity [174]
(2023-02-28T23:00:32.73069674) (2023-02-28T23:00:32.73082244) [Msg] EntityDetector publishing messages on [/mbzirc/target_object_detector/placed]
(2023-02-28T23:00:32.73222833) (2023-02-28T23:00:32.73233863) [Dbg] [SystemManager.cc:58] Loaded system [mbzirc::EntityDetector] for entity [174]
(2023-02-28T23:00:32.73452391) (2023-02-28T23:00:32.73464151) [Msg] EntityDetector publishing messages on [/mbzirc/target_object_detector/placed]
(2023-02-28T23:00:32.73593480) (2023-02-28T23:00:32.73604040) [Dbg] [SystemManager.cc:58] Loaded system [mbzirc::EntityDetector] for entity [174]
(2023-02-28T23:00:32.73821488) (2023-02-28T23:00:32.73832488) [Msg] EntityDetector publishing messages on [/mbzirc/target_object_detector/placed]
(2023-02-28T23:00:32.73963817) (2023-02-28T23:00:32.73975317) [Dbg] [SystemManager.cc:58] Loaded system [mbzirc::EntityDetector] for entity [174]
(2023-02-28T23:00:32.74175205) (2023-02-28T23:00:32.74186275) [Dbg] [SystemManager.cc:58] Loaded system [ignition::gazebo::systems::CommsEndpoint] for entity [174]
(2023-02-28T23:00:32.74636371) (2023-02-28T23:00:32.74647621) [Dbg] [UserCommands.cc:1303] Created entity [174] named [usv]
(2023-02-28T23:00:32.83957552) (2023-02-28T23:00:32.83992682) [Dbg] [Sensors.cc:584] Initialization needed
(2023-02-28T23:00:32.84073321) (2023-02-28T23:00:32.84099141) [Dbg] [Sensors.cc:240] Initializing render context
(2023-02-28T23:00:32.84244849) (2023-02-28T23:00:32.84268019) [Msg] Loading plugin [ignition-rendering-ogre2]
(2023-02-28T23:00:32.84608106) (2023-02-28T23:00:32.84634976) [Dbg] [ImuSensor.cc:148] IMU data for [usv::base_link::imu_sensor] advertised on [world/simple_demo/model/usv/link/base_link/sensor/imu_sensor/imu]
(2023-02-28T23:00:32.84843594) (2023-02-28T23:00:32.84868234) [Dbg] [GameLogicPlugin.cc:1991] New Competitor Platform: usv with 0sensors
((((((((((((((2023-02-28T23:00:32.863976412023-02-28T23:00:32.86421150) () ([Dbg] [SimulationRunner.cc:518] 9)
(2023-02-28T23:00:32.865614992023-02-28T23:00:32.864255002023-02-28T23:00:32.86592529) (2023-02-28T23:00:32.86616529) 2023-02-28T23:00:32.86564739) (2023-02-28T23:00:32.86663148) 2023-02-28T23:00:32.86499070) ([Dbg] [SimulationRunner.cc:518] 2023-02-28T23:00:32.86709808) ((2023-02-28T23:00:32.86770437) (2023-02-28T23:00:32.86789427) ) (2023-02-28T23:00:32.867519172023-02-28T23:00:32.868272172023-02-28T23:00:32.867519172023-02-28T23:00:32.86827217) 2023-02-28T23:00:32.86479650) (2023-02-28T23:00:32.864635302023-02-28T23:00:32.86887946) ) (2023-02-28T23:00:32.86933496) () ) () (2023-02-28T23:00:32.87027655) ) 2023-02-28T23:00:32.870563252023-02-28T23:00:32.87056325) (2023-02-28T23:00:32.87082275) Exiting postupdate worker thread (2023-02-28T23:00:32.87011925) ) Exiting postupdate worker thread ([Dbg] [SimulationRunner.cc:518] [Dbg] [SimulationRunner.cc:518] Exiting postupdate worker thread ([Dbg] [SimulationRunner.cc:518] [Dbg] [SimulationRunner.cc:518] [Dbg] [SimulationRunner.cc:518] Exiting postupdate worker thread (3)

[Dbg] [SimulationRunner.cc:518] 
[Dbg] [SimulationRunner.cc:518] [Dbg] [SimulationRunner.cc:518] Exiting postupdate worker thread ([Dbg] [SimulationRunner.cc:518] [Dbg] [SimulationRunner.cc:518] Exiting postupdate worker thread (Exiting postupdate worker thread ([Dbg] [SimulationRunner.cc:518] Exiting postupdate worker thread (1)
[Dbg] [SimulationRunner.cc:518] Exiting postupdate worker thread ([Dbg] [SimulationRunner.cc:518] [Dbg] [SimulationRunner.cc:518] 11Exiting postupdate worker thread ()
0)
Exiting postupdate worker thread (211)
2)
Exiting postupdate worker thread (Exiting postupdate worker thread (10)
)
Exiting postupdate worker thread (Exiting postupdate worker thread (7)
8

(2023-02-28T23:00:32.88163875) (2023-02-28T23:00:32.88179955) [Dbg] [SimulationRunner.cc:491] Creating PostUpdate worker threads: 22
(2023-02-28T23:00:32.88227004) (2023-02-28T23:00:32.88237484) [Dbg] [SimulationRunner.cc:502] Creating postupdate worker thread (0)
(2023-02-28T23:00:32.88303124) (2023-02-28T23:00:32.88313074) [Dbg] [SimulationRunner.cc:502] Creating postupdate worker thread (1)
(2023-02-28T23:00:32.88361663) (2023-02-28T23:00:32.88371623) [Dbg] [SimulationRunner.cc:502] Creating postupdate worker thread (2)
(2023-02-28T23:00:32.88447343) (2023-02-28T23:00:32.88459972) [Dbg] [SimulationRunner.cc:502] Creating postupdate worker thread (3)
(2023-02-28T23:00:32.88505812) (2023-02-28T23:00:32.88515832) [Dbg] [SimulationRunner.cc:502] Creating postupdate worker thread (4)
(2023-02-28T23:00:32.88582191) (2023-02-28T23:00:32.88591991) [Dbg] [SimulationRunner.cc:502] Creating postupdate worker thread (5)
(2023-02-28T23:00:32.88639961) (2023-02-28T23:00:32.88649551) [Dbg] [SimulationRunner.cc:502] Creating postupdate worker thread (6)
(2023-02-28T23:00:32.88698180) (2023-02-28T23:00:32.88708040) [Dbg] [SimulationRunner.cc:502] Creating postupdate worker thread (7)
(2023-02-28T23:00:32.88756230) (2023-02-28T23:00:32.88765310) [Dbg] [SimulationRunner.cc:502] Creating postupdate worker thread (8)
(2023-02-28T23:00:32.88812659) (2023-02-28T23:00:32.88822019) [Dbg] [SimulationRunner.cc:502] Creating postupdate worker thread (9)
(2023-02-28T23:00:32.88870569) (2023-02-28T23:00:32.88879889) [Dbg] [SimulationRunner.cc:502] Creating postupdate worker thread (10)
(2023-02-28T23:00:32.88926569) (2023-02-28T23:00:32.88935748) [Dbg] [SimulationRunner.cc:502] Creating postupdate worker thread (11)
(2023-02-28T23:00:32.88984228) (2023-02-28T23:00:32.88994128) [Dbg] [SimulationRunner.cc:502] Creating postupdate worker thread (12)
(2023-02-28T23:00:32.89042008) (2023-02-28T23:00:32.89051587) [Dbg] [SimulationRunner.cc:502] Creating postupdate worker thread (13)
(2023-02-28T23:00:32.89097757) (2023-02-28T23:00:32.89109367) [Dbg] [SimulationRunner.cc:502] Creating postupdate worker thread (14)
(2023-02-28T23:00:32.89156457) (2023-02-28T23:00:32.89166877) [Dbg] [SimulationRunner.cc:502] Creating postupdate worker thread (15)
(2023-02-28T23:00:32.89211626) (2023-02-28T23:00:32.89219706) [Dbg] [SimulationRunner.cc:502] Creating postupdate worker thread (16)
(2023-02-28T23:00:32.89262256) (2023-02-28T23:00:32.89271086) [Dbg] [SimulationRunner.cc:502] Creating postupdate worker thread (17)
(2023-02-28T23:00:32.89318435) (2023-02-28T23:00:32.89327065) [Dbg] [SimulationRunner.cc:502] Creating postupdate worker thread (18)
(2023-02-28T23:00:32.89369995) (2023-02-28T23:00:32.89378055) [Dbg] [SimulationRunner.cc:502] Creating postupdate worker thread (19)
(2023-02-28T23:00:32.89426534) (2023-02-28T23:00:32.89434794) [Dbg] [SimulationRunner.cc:502] Creating postupdate worker thread (20)
(2023-02-28T23:00:32.89886221) (2023-02-28T23:00:32.89896490) [Msg] Address [usv] bound to model [usv] on topic [model/usv/rx]
(2023-02-28T23:00:32.89945740) (2023-02-28T23:00:32.89954830) [Dbg] [CommsEndpoint.cc:89] Succesfuly bound to [usv] on topic [model/usv/rx]
(2023-02-28T23:00:32.577443023) (2023-02-28T23:00:32.577455763) [Dbg] [RenderUtil.cc:2529] Create scene [scene]
(2023-02-28T23:00:32.618830101) (2023-02-28T23:00:32.618846130) [Dbg] [Sensors.cc:254] Rendering Thread initialized
(2023-02-28T23:00:32.624501421) (2023-02-28T23:00:32.624525471) [Wrn] [Ogre2Heightmap.cc:125] Heightmap final sampling should be 2^n
 which differs from ogre1's 2^n+1
The last row and column will be cropped
size = (width * sampling) - sampling + 1
[257] = ([257] * [1]) - [1] + 1
(2023-02-28T23:00:32.636769677) (2023-02-28T23:00:32.636784357) [Msg] Loading heightmap: scene::Heightmap(65478)
(2023-02-28T23:00:32.636814377) (2023-02-28T23:00:32.636824377) [Msg] Heightmap loaded. Process took 0 ms.
(2023-02-28T23:00:36.179494414) (2023-02-28T23:00:36.179514404) [Dbg] [Ogre2ParticleEmitter.cc:514] Particle emitter initialized
(2023-02-28T23:00:36.179703013) (2023-02-28T23:00:36.179718752) [Dbg] [Ogre2ParticleEmitter.cc:514] Particle emitter initialized
(2023-02-28T23:00:36.179927381) (2023-02-28T23:00:36.179942280) [Dbg] [Ogre2ParticleEmitter.cc:514] Particle emitter initialized
(2023-02-28T23:00:36.740363455) (2023-02-28T23:00:36.740378205) [Dbg] [Ogre2ParticleEmitter.cc:514] Particle emitter initialized
(2023-02-28T23:00:36.740566513) (2023-02-28T23:00:36.740575403) [Dbg] [Ogre2ParticleEmitter.cc:514] Particle emitter initialized
(2023-02-28T23:00:36.740705212) (2023-02-28T23:00:36.740715302) [Dbg] [Ogre2ParticleEmitter.cc:514] Particle emitter initialized
(2023-02-28T23:00:36.751709957) (2023-02-28T23:00:36.751727337) [Dbg] [Lidar.cc:122] Laser scans for [usv::sensor_6::sensor_link::lidar] advertised on [world/simple_demo/model/usv/model/sensor_6/link/sensor_link/sensor/lidar/scan]
(2023-02-28T23:00:36.751992115) (2023-02-28T23:00:36.752006045) [Dbg] [GpuLidarSensor.cc:164] Lidar points for [usv::sensor_6::sensor_link::lidar] advertised on [world/simple_demo/model/usv/model/sensor_6/link/sensor_link/sensor/lidar/scan/points]
(2023-02-28T23:00:36.752297662) (2023-02-28T23:00:36.752307482) [Msg] Loading plugin [ignition-rendering-ogre2]
(2023-02-28T23:00:36.900555970) (2023-02-28T23:00:36.900586580) [Dbg] [EntityComponentManager.cc:1587] Updated state thread iterators: 24 threads processing around 10 entities each.
(2023-02-28T23:01:06.393180345) (2023-02-28T23:01:06.393202335) [Msg] Scoring has Started
(2023-02-28T23:01:06.393484932) (2023-02-28T23:01:06.393501632) [Err] [GameLogicPlugin.cc:2121] Invalid configuration detected: 
[usv] Initial Position (10 40 0.299843) is not in the starting area -15 -15 -5 15 15 5
(2023-02-28T23:25:01.491511407) (2023-02-28T23:25:01.491540517) [Dbg] [SignalHandler.cc:141] Received signal[2].
(2023-02-28T23:25:01.491609536) (2023-02-28T23:25:01.491634086) [Dbg] [ServerPrivate.cc:110] Server received signal[2]
(2023-02-28T23:25:01.491696426) (2023-02-28T23:25:01.491721155) [Dbg] [Sensors.cc:406] SensorsPrivate::Stop
(2023-02-28T23:25:01.499540756) (2023-02-28T23:25:01.499563866) [Dbg] [Sensors.cc:392] SensorsPrivate::RenderThread stopped
(2023-02-28T23:25:01.506188685) (2023-02-28T23:25:01.506209684) [Dbg] [ign.cc:410] Shutting down ign-gazebo-server
((((((((((((((((2023-02-28T23:25:01.509033376(2023-02-28T23:25:01.509033376((2023-02-28T23:25:01.509085726) 2023-02-28T23:25:01.509105206) (2023-02-28T23:25:01.509149076) () (2023-02-28T23:25:01.509202165) ) (2023-02-28T23:25:01.509250105) (2023-02-28T23:25:01.509287205) (2023-02-28T23:25:01.509310975) () (2023-02-28T23:25:01.509382954) 2023-02-28T23:25:01.509237775) (2023-02-28T23:25:01.509432124) ) (2023-02-28T23:25:01.509479734) 2023-02-28T23:25:01.509355044) (2023-02-28T23:25:01.509535123) (2023-02-28T23:25:01.509583803) (2023-02-28T23:25:01.509597973) ) (2023-02-28T23:25:01.509627073) 2023-02-28T23:25:01.5094010842023-02-28T23:25:01.509655653) (2023-02-28T23:25:01.509699692) [Dbg] [SimulationRunner.cc:518] [Dbg] [SimulationRunner.cc:518] 2023-02-28T23:25:01.509066246Exiting postupdate worker thread (2023-02-28T23:25:01.509540563) (2023-02-28T23:25:01.509818442) 2023-02-28T23:25:01.509737322) () 2023-02-28T23:25:01.509879331) 2023-02-28T23:25:01.509879331(() () ) (2023-02-28T23:25:01.509994950) ((17) 2023-02-28T23:25:01.510076110) (2023-02-28T23:25:01.510102840) )
2023-02-28T23:25:01.509915241[Dbg] [SimulationRunner.cc:518] Exiting postupdate worker thread (1)) (2023-02-28T23:25:01.5102565092023-02-28T23:25:01.510256509) (2023-02-28T23:25:01.510323408) 2023-02-28T23:25:01.510038730) () ) 2023-02-28T23:25:01.510327178) 
2023-02-28T23:25:01.5104582882023-02-28T23:25:01.510458288) (2023-02-28T23:25:01.510495097) [Dbg] [SimulationRunner.cc:518] [Dbg] [SimulationRunner.cc:518] [Dbg] [SimulationRunner.cc:518] Exiting postupdate worker thread (3)
[Dbg] [SimulationRunner.cc:518] Exiting postupdate worker thread (20)
[Dbg] [SimulationRunner.cc:518] Exiting postupdate worker thread ([Dbg] [SimulationRunner.cc:518] Exiting postupdate worker thread (Exiting postupdate worker thread ([Dbg] [SimulationRunner.cc:518] 0Exiting postupdate worker thread (10)
[Dbg] [SimulationRunner.cc:518] Exiting postupdate worker thread ([Dbg] [SimulationRunner.cc:518] [Dbg] [SimulationRunner.cc:518] Exiting postupdate worker thread (11)
[Dbg] [SimulationRunner.cc:518] Exiting postupdate worker thread (13)
[Dbg] [SimulationRunner.cc:518] [Dbg] [SimulationRunner.cc:518] [Dbg] [SimulationRunner.cc:518] Exiting postupdate worker thread (5)
Exiting postupdate worker thread (2)
[Dbg] [SimulationRunner.cc:518] Exiting postupdate worker thread ()
[Dbg] [SimulationRunner.cc:518] Exiting postupdate worker thread (18)
Exiting postupdate worker thread (Exiting postupdate worker thread ([Dbg] [SimulationRunner.cc:518] Exiting postupdate worker thread (7)
)
16)
4Exiting postupdate worker thread (8)
Exiting postupdate worker thread (12)
[Dbg] [SimulationRunner.cc:518] [Dbg] [SimulationRunner.cc:518] [Dbg] [SimulationRunner.cc:518] Exiting postupdate worker thread (Exiting postupdate worker thread (14)
Exiting postupdate worker thread (Exiting postupdate worker thread (6)
[Dbg] [SimulationRunner.cc:518] [Dbg] [SimulationRunner.cc:518] )[Dbg] [SimulationRunner.cc:518] )
)
Exiting postupdate worker thread (15)
(2023-02-28T23:25:01.549263894) (2023-02-28T23:25:01.549279434) [Dbg] [Sensors.cc:406] SensorsPrivate::Stop
(2023-02-28T23:25:01.569897394) (2023-02-28T23:25:01.569917923) [Msg] Stopping recording
(2023-02-28T23:25:01.570837248) (2023-02-28T23:25:01.570853568) [Msg] Scoring has finished. Elapsed real time: 1435 seconds. Elapsed sim time: 1368 seconds. 
