(2023-03-09T23:35:56.686953521) (2023-03-09T23:35:56.686983841) [Msg] Ignition Gazebo Server v6.11.0
(2023-03-09T23:35:56.690648613) (2023-03-09T23:35:56.690670173) [Msg] Loading SDF world file[/home/developer/mbzirc_ws/install/share/mbzirc_ign/worlds/simple_demo.sdf].
(2023-03-09T23:35:57.3216982) (2023-03-09T23:35:57.3234612) [Msg] Serving entity system service on [/entity/system/add]
(2023-03-09T23:35:57.38451340) (2023-03-09T23:35:57.38468340) [Dbg] [Physics.cc:803] Loaded [ignition::physics::dartsim::Plugin] from library [/usr/lib/x86_64-linux-gnu/ign-physics-5/engine-plugins/libignition-physics-dartsim-plugin.so]
(2023-03-09T23:35:57.38547920) (2023-03-09T23:35:57.38560300) [Dbg] [SystemManager.cc:58] Loaded system [ignition::gazebo::systems::Physics] for entity [1]
(2023-03-09T23:35:57.40150031) (2023-03-09T23:35:57.40165021) [Msg] Create service on [/world/simple_demo/create]
(2023-03-09T23:35:57.40309141) (2023-03-09T23:35:57.40322601) [Msg] Remove service on [/world/simple_demo/remove]
(2023-03-09T23:35:57.40443741) (2023-03-09T23:35:57.40458701) [Msg] Pose service on [/world/simple_demo/set_pose]
(2023-03-09T23:35:57.40579331) (2023-03-09T23:35:57.40592751) [Msg] Pose service on [/world/simple_demo/set_pose_vector]
(2023-03-09T23:35:57.40745841) (2023-03-09T23:35:57.40760151) [Msg] Light configuration service on [/world/simple_demo/light_config]
(2023-03-09T23:35:57.40954581) (2023-03-09T23:35:57.40968491) [Msg] Physics service on [/world/simple_demo/set_physics]
(2023-03-09T23:35:57.41105101) (2023-03-09T23:35:57.41118831) [Msg] SphericalCoordinates service on [/world/simple_demo/set_spherical_coordinates]
(2023-03-09T23:35:57.41206141) (2023-03-09T23:35:57.41219291) [Msg] Enable collision service on [/world/simple_demo/enable_collision]
(2023-03-09T23:35:57.41301051) (2023-03-09T23:35:57.41313281) [Msg] Disable collision service on [/world/simple_demo/disable_collision]
(2023-03-09T23:35:57.41468481) (2023-03-09T23:35:57.41483481) [Msg] Material service on [/world/simple_demo/visual_config]
(2023-03-09T23:35:57.41595621) (2023-03-09T23:35:57.41608481) [Msg] Material service on [/world/simple_demo/wheel_slip]
(2023-03-09T23:35:57.41655281) (2023-03-09T23:35:57.41667651) [Dbg] [SystemManager.cc:58] Loaded system [ignition::gazebo::systems::UserCommands] for entity [1]
(2023-03-09T23:35:57.60902571) (2023-03-09T23:35:57.60915771) [Dbg] [Sensors.cc:479] Configuring Sensors system
(2023-03-09T23:35:57.60994041) (2023-03-09T23:35:57.61008001) [Dbg] [Sensors.cc:398] SensorsPrivate::Run
(2023-03-09T23:35:57.61098971) (2023-03-09T23:35:57.61112691) ([Dbg] [SystemManager.cc:58] Loaded system [ignition::gazebo::systems::Sensors] for entity [1]
2023-03-09T23:35:57.61178451) (2023-03-09T23:35:57.61226631) [Dbg] [Sensors.cc:378] SensorsPrivate::RenderThread started
(2023-03-09T23:35:57.61283611) (2023-03-09T23:35:57.61303221) [Dbg] [Sensors.cc:228] Waiting for init
(2023-03-09T23:35:57.62676892) (2023-03-09T23:35:57.62692152) [Dbg] [SystemManager.cc:58] Loaded system [ignition::gazebo::systems::AirPressure] for entity [1]
(2023-03-09T23:35:57.64185153) (2023-03-09T23:35:57.64200033) [Dbg] [SystemManager.cc:58] Loaded system [ignition::gazebo::systems::Altimeter] for entity [1]
(2023-03-09T23:35:57.65715763) (2023-03-09T23:35:57.65730433) [Dbg] [SystemManager.cc:58] Loaded system [ignition::gazebo::systems::Imu] for entity [1]
(2023-03-09T23:35:57.67221494) (2023-03-09T23:35:57.67236914) [Dbg] [SystemManager.cc:58] Loaded system [ignition::gazebo::systems::Magnetometer] for entity [1]
(2023-03-09T23:35:57.68751304) (2023-03-09T23:35:57.68765074) [Dbg] [SystemManager.cc:58] Loaded system [ignition::gazebo::systems::ForceTorque] for entity [1]
(2023-03-09T23:35:57.69874094) (2023-03-09T23:35:57.69889934) [Msg] Serving particle emitter information on [/world/simple_demo/particle_emitters]
(2023-03-09T23:35:57.69958764) (2023-03-09T23:35:57.69970544) [Dbg] [SystemManager.cc:58] Loaded system [ignition::gazebo::systems::ParticleEmitter2] for entity [1]
(2023-03-09T23:35:57.71193985) (2023-03-09T23:35:57.71207325) [Dbg] [SystemManager.cc:58] Loaded system [ignition::gazebo::systems::SceneBroadcaster] for entity [1]
(2023-03-09T23:35:57.72183625) (2023-03-09T23:35:57.72198885) [Dbg] [SystemManager.cc:58] Loaded system [ignition::gazebo::systems::Contact] for entity [1]
(2023-03-09T23:35:57.73282936) (2023-03-09T23:35:57.73297566) [Dbg] [RFComms.cc:385] Range configuration:
RF Configuration (range-based)
-- max_range: 500000
-- fading_exponent: 2.6
-- l0: 40
-- sigma: 10

(2023-03-09T23:35:57.73421746) (2023-03-09T23:35:57.73434286) [Dbg] [RFComms.cc:388] Radio configuration:
Radio Configuration
-- capacity: 1e+06
-- tx_power: 25
-- noise_floor: -90
-- modulation: QPSK

(2023-03-09T23:35:57.73712896) (2023-03-09T23:35:57.73727496) [Dbg] [Broker.cc:113] Broker services:
(2023-03-09T23:35:57.73763036) (2023-03-09T23:35:57.73774366) [Dbg] [Broker.cc:114]   Bind: [/broker/bind]
(2023-03-09T23:35:57.73816296) (2023-03-09T23:35:57.73828616) [Dbg] [Broker.cc:115]   Unbind: [/broker/unbind]
(2023-03-09T23:35:57.73868756) (2023-03-09T23:35:57.73882436) [Dbg] [Broker.cc:116] Broker topics:
(2023-03-09T23:35:57.73912336) (2023-03-09T23:35:57.73924426) [Dbg] [Broker.cc:117]   Incoming messages: [/broker/msgs]
(2023-03-09T23:35:57.73968586) (2023-03-09T23:35:57.73980386) [Dbg] [SystemManager.cc:58] Loaded system [ignition::gazebo::systems::RFComms] for entity [1]
(2023-03-09T23:35:57.76166708) (2023-03-09T23:35:57.76181198) [Dbg] [RFRange.cc:339] RFRange sensor range configuration:
RF Configuration (range-based)
-- max_range: 500000
-- fading_exponent: 2.6
-- l0: 40
-- sigma: 0.005
-- rssi_1: -15

(2023-03-09T23:35:57.76320648) (2023-03-09T23:35:57.76332858) [Dbg] [RFRange.cc:342] RFRange sensor radio configuration:
Radio Configuration
-- tx_power: 25
-- noise_floor: -90

(2023-03-09T23:35:57.76432358) (2023-03-09T23:35:57.76446368) [Dbg] [SystemManager.cc:58] Loaded system [ignition::gazebo::systems::RFRange] for entity [1]
(2023-03-09T23:35:57.79950469) (2023-03-09T23:35:57.79961719) [Msg] Overwriting existing file [/tmp/ign/mbzirc/playback/state.tlog]
(2023-03-09T23:35:57.97122118) (2023-03-09T23:35:57.97138268) [Msg] Recording to log file [/tmp/ign/mbzirc/playback/state.tlog]
(2023-03-09T23:35:57.97184898) (2023-03-09T23:35:57.97193658) [Dbg] [LogRecord.cc:334] Recording default topic[/playback/sdf].
(2023-03-09T23:35:57.97219078) (2023-03-09T23:35:57.97228698) [Dbg] [LogRecord.cc:335] Recording default topic[/world/simple_demo/changed_state].
(2023-03-09T23:35:57.141676269) (2023-03-09T23:35:57.141697819) [Dbg] [SystemManager.cc:58] Loaded system [ignition::gazebo::systems::LogRecord] for entity [1]
(2023-03-09T23:35:57.144360510) (2023-03-09T23:35:57.144382280) [Dbg] [SystemManager.cc:58] Loaded system [ignition::gazebo::systems::WindEffects] for entity [1]
(2023-03-09T23:35:57.148863453) (2023-03-09T23:35:57.148874433) [Msg] MBZIRC log path: /tmp/ign/mbzirc/logs
(2023-03-09T23:35:57.149142233) (2023-03-09T23:35:57.149151273) [Msg] Run duration set to 3600 seconds.
(2023-03-09T23:35:57.149210113) (2023-03-09T23:35:57.149218993) [Msg] Geofence boundary min: -70 -70 -25, max: 70 70 121.92
(2023-03-09T23:35:57.149299623) (2023-03-09T23:35:57.149309673) [Msg] Start area boundary min: -15 -15 -5, max: 15 15 5
(2023-03-09T23:35:57.149381913) (2023-03-09T23:35:57.149390713) [Msg] Setup duration set to 600 seconds.
(2023-03-09T23:35:57.149420093) (2023-03-09T23:35:57.149428603) [Msg] Target vessel: Vessel A
(2023-03-09T23:35:57.149481153) (2023-03-09T23:35:57.149490083) [Msg]   Small object: small_blue_box_a
(2023-03-09T23:35:57.149516113) (2023-03-09T23:35:57.149525603) [Msg]   Small object: small_blue_box_a_duplicate
(2023-03-09T23:35:57.149549683) (2023-03-09T23:35:57.149558453) [Msg]   Large object: large_dry_box_a
(2023-03-09T23:35:57.149582683) (2023-03-09T23:35:57.149591863) [Msg]   Large object: large_dry_box_a_duplicate
(2023-03-09T23:35:57.150625584) (2023-03-09T23:35:57.150637244) [Msg] Starting MBZIRC
(2023-03-09T23:35:57.150741614) (2023-03-09T23:35:57.150751164) [Dbg] [SystemManager.cc:58] Loaded system [mbzirc::GameLogicPlugin] for entity [1]
(2023-03-09T23:35:57.155813357) (2023-03-09T23:35:57.155828717) [Msg] Using Pierson-Moskowitz spectrum sampling wavefield model 
(2023-03-09T23:35:57.156085987) (2023-03-09T23:35:57.156095487) [Msg] Using Pierson-Moskowitz spectrum sampling wavefield model 
(2023-03-09T23:35:57.585970774) (2023-03-09T23:35:57.585997284) [Msg] Input Parameters:
(2023-03-09T23:35:57.586063444) (2023-03-09T23:35:57.586081594) [Msg] model:     PMS
(2023-03-09T23:35:57.586143484) (2023-03-09T23:35:57.586164854) [Msg] number:     3
(2023-03-09T23:35:57.586217374) (2023-03-09T23:35:57.586237924) [Msg] scale:      1.1
(2023-03-09T23:35:57.586308814) (2023-03-09T23:35:57.586332294) [Msg] angle:      0.4
(2023-03-09T23:35:57.586379614) (2023-03-09T23:35:57.586401434) [Msg] steepness:  0
(2023-03-09T23:35:57.586448764) (2023-03-09T23:35:57.586467554) [Msg] amplitude:  0
(2023-03-09T23:35:57.586528144) (2023-03-09T23:35:57.586545524) [Msg] period:     5
(2023-03-09T23:35:57.586604834) (2023-03-09T23:35:57.586629544) [Msg] direction:  1 0
(2023-03-09T23:35:57.586706204) (2023-03-09T23:35:57.586723194) [Msg] tau:  2
(2023-03-09T23:35:57.586771604) (2023-03-09T23:35:57.586795024) [Msg] gain:  0.3
(2023-03-09T23:35:57.586861064) (2023-03-09T23:35:57.586882864) [Msg] Derived Parameters:
(2023-03-09T23:35:57.586926294) (2023-03-09T23:35:57.586943234) [Msg] amplitudes:  0.0363502, 0.0392277, 0.0385703, 
(2023-03-09T23:35:57.587062824) (2023-03-09T23:35:57.587080234) [Msg] wavenumbers: 0.133171, 0.161136, 0.194975, 
(2023-03-09T23:35:57.587180104) (2023-03-09T23:35:57.587205314) [Msg] omegas:      1.1424, 1.25664, 1.3823, 
(2023-03-09T23:35:57.587311604) (2023-03-09T23:35:57.587331324) [Msg] periods:     (2023-03-09T23:35:57.587382244) (2023-03-09T23:35:57.587405184) [Msg] 5.5, (2023-03-09T23:35:57.587453274) (2023-03-09T23:35:57.587477724) [Msg] 5, (2023-03-09T23:35:57.587537284) (2023-03-09T23:35:57.587562494) [Msg] 4.54545, (2023-03-09T23:35:57.587621694) (2023-03-09T23:35:57.587646564) [Msg] 
(2023-03-09T23:35:57.587728684) (2023-03-09T23:35:57.587753814) [Msg] phases:      0, 0, 0, 
(2023-03-09T23:35:57.587879834) (2023-03-09T23:35:57.587903694) [Msg] steepnesses: 0, 0, 0, 
(2023-03-09T23:35:57.588019795) (2023-03-09T23:35:57.588045585) [Msg] directions:  (2023-03-09T23:35:57.588105335) (2023-03-09T23:35:57.588131655) [Msg] 0.921061 -0.389418; (2023-03-09T23:35:57.588221155) (2023-03-09T23:35:57.588246615) [Msg] 1 0; (2023-03-09T23:35:57.588328175) (2023-03-09T23:35:57.588353035) [Msg] 0.921061 0.389418; (2023-03-09T23:35:57.588433855) (2023-03-09T23:35:57.588460535) [Msg] 
(2023-03-09T23:35:57.589240185) (2023-03-09T23:35:57.589260945) [Dbg] [SystemManager.cc:58] Loaded system [ignition::gazebo::systems::WaveVisual] for entity [23]
(2023-03-09T23:35:57.593267228) (2023-03-09T23:35:57.593277688) [Msg] Using Pierson-Moskowitz spectrum sampling wavefield model 
(2023-03-09T23:35:57.593469248) (2023-03-09T23:35:57.593478598) [Msg] Using Pierson-Moskowitz spectrum sampling wavefield model 
(2023-03-09T23:35:57.593520698) (2023-03-09T23:35:57.593528788) [Msg] Input Parameters:
(2023-03-09T23:35:57.593549868) (2023-03-09T23:35:57.593558328) [Msg] model:     PMS
(2023-03-09T23:35:57.593582198) (2023-03-09T23:35:57.593590668) [Msg] number:     3
(2023-03-09T23:35:57.593614338) (2023-03-09T23:35:57.593623358) [Msg] scale:      1.1
(2023-03-09T23:35:57.593651898) (2023-03-09T23:35:57.593664238) [Msg] angle:      0.4
(2023-03-09T23:35:57.593690748) (2023-03-09T23:35:57.593698978) [Msg] steepness:  0
(2023-03-09T23:35:57.593727648) (2023-03-09T23:35:57.593739088) [Msg] amplitude:  0
(2023-03-09T23:35:57.593771328) (2023-03-09T23:35:57.593780468) [Msg] period:     5
(2023-03-09T23:35:57.593804698) (2023-03-09T23:35:57.593813458) [Msg] direction:  1 0
(2023-03-09T23:35:57.593849128) (2023-03-09T23:35:57.593858178) [Msg] tau:  2
(2023-03-09T23:35:57.593884218) (2023-03-09T23:35:57.593892468) [Msg] gain:  0.3
(2023-03-09T23:35:57.593917428) (2023-03-09T23:35:57.593925628) [Msg] Derived Parameters:
(2023-03-09T23:35:57.593953988) (2023-03-09T23:35:57.593964718) [Msg] amplitudes:  0.0363502, 0.0392277, 0.0385703, 
(2023-03-09T23:35:57.594030398) (2023-03-09T23:35:57.594040638) [Msg] wavenumbers: 0.133171, 0.161136, 0.194975, 
(2023-03-09T23:35:57.594087288) (2023-03-09T23:35:57.594097578) [Msg] omegas:      1.1424, 1.25664, 1.3823, 
(2023-03-09T23:35:57.594141068) (2023-03-09T23:35:57.594152758) [Msg] periods:     (2023-03-09T23:35:57.594171748) (2023-03-09T23:35:57.594180048) [Msg] 5.5, (2023-03-09T23:35:57.594200278) (2023-03-09T23:35:57.594209348) [Msg] 5, (2023-03-09T23:35:57.594236978) (2023-03-09T23:35:57.594248268) [Msg] 4.54545, (2023-03-09T23:35:57.594275738) (2023-03-09T23:35:57.594286618) [Msg] 
(2023-03-09T23:35:57.594308278) (2023-03-09T23:35:57.594319018) [Msg] phases:      0, 0, 0, 
(2023-03-09T23:35:57.594376998) (2023-03-09T23:35:57.594388258) [Msg] steepnesses: 0, 0, 0, 
(2023-03-09T23:35:57.594445128) (2023-03-09T23:35:57.594457118) [Msg] directions:  (2023-03-09T23:35:57.594478418) (2023-03-09T23:35:57.594490608) [Msg] 0.921061 -0.389418; (2023-03-09T23:35:57.594528668) (2023-03-09T23:35:57.594539538) [Msg] 1 0; (2023-03-09T23:35:57.594576708) (2023-03-09T23:35:57.594587638) [Msg] 0.921061 0.389418; (2023-03-09T23:35:57.594625958) (2023-03-09T23:35:57.594636798) [Msg] 
(2023-03-09T23:35:57.594681648) (2023-03-09T23:35:57.594692638) [Dbg] [Surface.cc:161] Surface plugin successfully configured with the following parameters:
(2023-03-09T23:35:57.594723678) (2023-03-09T23:35:57.594733198) [Dbg] [Surface.cc:163]   <link_name>: link
(2023-03-09T23:35:57.594757928) (2023-03-09T23:35:57.594767278) [Dbg] [Surface.cc:164]   <vehicle_length>: 6
(2023-03-09T23:35:57.594794878) (2023-03-09T23:35:57.594803558) [Dbg] [Surface.cc:165]   <vehicle_width>: 3.3
(2023-03-09T23:35:57.594832328) (2023-03-09T23:35:57.594843318) [Dbg] [Surface.cc:166]   <hull_radius>: 1.9
(2023-03-09T23:35:57.594873458) (2023-03-09T23:35:57.594882748) [Dbg] [Surface.cc:167]   <num_samples>: 2
(2023-03-09T23:35:57.594911668) (2023-03-09T23:35:57.594919968) [Dbg] [Surface.cc:168]   <fluid_level>: 0.45
(2023-03-09T23:35:57.594944488) (2023-03-09T23:35:57.594955868) [Dbg] [Surface.cc:169]   <fluid_density>: 997.774
(2023-03-09T23:35:57.594997578) (2023-03-09T23:35:57.595007858) [Dbg] [SystemManager.cc:58] Loaded system [ignition::gazebo::systems::Surface] for entity [24]
(2023-03-09T23:35:57.596800209) (2023-03-09T23:35:57.596810899) [Dbg] [SimpleHydrodynamics.cc:167] SimpleHydrodynamics plugin successfully configured with the following parameters:
(2023-03-09T23:35:57.596841539) (2023-03-09T23:35:57.596853759) [Dbg] [SimpleHydrodynamics.cc:169]   <link_name>: link
(2023-03-09T23:35:57.596880039) (2023-03-09T23:35:57.596889709) [Dbg] [SimpleHydrodynamics.cc:170]   <xDotU>: 0
(2023-03-09T23:35:57.596924219) (2023-03-09T23:35:57.596936289) [Dbg] [SimpleHydrodynamics.cc:171]   <yDotV>: 0
(2023-03-09T23:35:57.596962789) (2023-03-09T23:35:57.596971779) [Dbg] [SimpleHydrodynamics.cc:172]   <zDotW>: 0.1
(2023-03-09T23:35:57.596997299) (2023-03-09T23:35:57.597005589) [Dbg] [SimpleHydrodynamics.cc:173]   <kDotP>: 0.1
(2023-03-09T23:35:57.597031069) (2023-03-09T23:35:57.597040149) [Dbg] [SimpleHydrodynamics.cc:174]   <mDotQ>: 0.1
(2023-03-09T23:35:57.597065299) (2023-03-09T23:35:57.597073969) [Dbg] [SimpleHydrodynamics.cc:175]   <nDotR>: 0
(2023-03-09T23:35:57.597099609) (2023-03-09T23:35:57.597110939) [Dbg] [SimpleHydrodynamics.cc:176]   <xU>: 510.3
(2023-03-09T23:35:57.597137189) (2023-03-09T23:35:57.597146679) [Dbg] [SimpleHydrodynamics.cc:177]   <xUU>: 720.4
(2023-03-09T23:35:57.597177349) (2023-03-09T23:35:57.597189729) [Dbg] [SimpleHydrodynamics.cc:178]   <yV>: 400
(2023-03-09T23:35:57.597218749) (2023-03-09T23:35:57.597228339) [Dbg] [SimpleHydrodynamics.cc:179]   <yVV>: 0
(2023-03-09T23:35:57.597255939) (2023-03-09T23:35:57.597267959) [Dbg] [SimpleHydrodynamics.cc:180]   <zW>: 5000
(2023-03-09T23:35:57.597299209) (2023-03-09T23:35:57.597308159) [Dbg] [SimpleHydrodynamics.cc:181]   <zWW>: 0
(2023-03-09T23:35:57.597333689) (2023-03-09T23:35:57.597346229) [Dbg] [SimpleHydrodynamics.cc:182]   <kP>: 500
(2023-03-09T23:35:57.597379009) (2023-03-09T23:35:57.597392349) [Dbg] [SimpleHydrodynamics.cc:183]   <kPP>: 0
(2023-03-09T23:35:57.597420259) (2023-03-09T23:35:57.597432439) [Dbg] [SimpleHydrodynamics.cc:184]   <mQ>: 500
(2023-03-09T23:35:57.597459479) (2023-03-09T23:35:57.597468499) [Dbg] [SimpleHydrodynamics.cc:185]   <mQQ>: 0
(2023-03-09T23:35:57.597498679) (2023-03-09T23:35:57.597511349) [Dbg] [SimpleHydrodynamics.cc:186]   <nR>: 15000
(2023-03-09T23:35:57.597537460) (2023-03-09T23:35:57.597546530) [Dbg] [SimpleHydrodynamics.cc:187]   <nRR>: 0
(2023-03-09T23:35:57.597580990) (2023-03-09T23:35:57.597591320) [Dbg] [SystemManager.cc:58] Loaded system [ignition::gazebo::systems::SimpleHydrodynamics] for entity [24]
(2023-03-09T23:35:57.598982451) (2023-03-09T23:35:57.598993661) [Dbg] [SystemManager.cc:58] Loaded system [ignition::gazebo::systems::DetachableJoint] for entity [28]
(2023-03-09T23:35:57.599506221) (2023-03-09T23:35:57.599517471) [Dbg] [SystemManager.cc:58] Loaded system [ignition::gazebo::systems::DetachableJoint] for entity [44]
(2023-03-09T23:35:57.600348491) (2023-03-09T23:35:57.600357791) [Dbg] [SystemManager.cc:58] Loaded system [ignition::gazebo::systems::DetachableJoint] for entity [60]
(2023-03-09T23:35:57.601159281) (2023-03-09T23:35:57.601170321) [Dbg] [SystemManager.cc:58] Loaded system [ignition::gazebo::systems::DetachableJoint] for entity [112]
(2023-03-09T23:35:57.602365432) (2023-03-09T23:35:57.602377322) [Dbg] [SystemManager.cc:58] Loaded system [ignition::gazebo::systems::CommsEndpoint] for entity [164]
(2023-03-09T23:35:57.602553922) (2023-03-09T23:35:57.602564722) [Dbg] [SystemManager.cc:58] Loaded system [ignition::gazebo::systems::CommsEndpoint] for entity [164]
(2023-03-09T23:35:57.604177962) (2023-03-09T23:35:57.604188532) [Dbg] [SystemManager.cc:58] Loaded system [mbzirc::BaseStation] for entity [164]
(2023-03-09T23:35:57.605969444) (2023-03-09T23:35:57.605980244) [Msg] EntityDetector publishing messages on [/mbzirc/target_object_detector/dropped]
(2023-03-09T23:35:57.606145604) (2023-03-09T23:35:57.606156774) [Dbg] [SystemManager.cc:58] Loaded system [mbzirc::EntityDetector] for entity [168]
(2023-03-09T23:35:57.606266284) (2023-03-09T23:35:57.606276034) [Msg] Loaded level [3]
(2023-03-09T23:35:57.606590724) (2023-03-09T23:35:57.606601564) [Msg] Serving world controls on [/world/simple_demo/control], [/world/simple_demo/control/state] and [/world/simple_demo/playback/control]
(2023-03-09T23:35:57.606735874) (2023-03-09T23:35:57.606747864) [Msg] Serving GUI information on [/world/simple_demo/gui/info]
(2023-03-09T23:35:57.606797914) (2023-03-09T23:35:57.606810874) [Msg] World [simple_demo] initialized with [4ms] physics profile.
(2023-03-09T23:35:57.606949674) (2023-03-09T23:35:57.606964004) [Msg] Serving world SDF generation service on [/world/simple_demo/generate_world_sdf]
(2023-03-09T23:35:57.607053494) (2023-03-09T23:35:57.607065915) [Msg] Serving world names on [/gazebo/worlds]
(2023-03-09T23:35:57.607143465) (2023-03-09T23:35:57.607157875) [Msg] Resource path add service on [/gazebo/resource_paths/add].
(2023-03-09T23:35:57.607246695) (2023-03-09T23:35:57.607261755) [Msg] Resource path get service on [/gazebo/resource_paths/get].
(2023-03-09T23:35:57.707500013) (2023-03-09T23:35:57.707523023) [Msg] Resource path resolve service on [/gazebo/resource_paths/resolve].
(2023-03-09T23:35:57.707704803) (2023-03-09T23:35:57.707735713) [Msg] Resource paths published on [/gazebo/resource_paths].
(2023-03-09T23:35:57.707954773) (2023-03-09T23:35:57.707986303) [Msg] Server control service on [/server_control].
(2023-03-09T23:35:57.708222813) (2023-03-09T23:35:57.708242013) [Msg] Found no publishers on /stats, adding root stats topic
(2023-03-09T23:35:57.708362253) (2023-03-09T23:35:57.708380523) [Msg] Found no publishers on /clock, adding root clock topic
(2023-03-09T23:35:57.708587993) (2023-03-09T23:35:57.708601473) [Dbg] [SimulationRunner.cc:491] Creating PostUpdate worker threads: 13
(2023-03-09T23:35:57.708662053) (2023-03-09T23:35:57.708680313) [Dbg] [SimulationRunner.cc:502] Creating postupdate worker thread (0)
(2023-03-09T23:35:57.708806943) (2023-03-09T23:35:57.708827583) [Dbg] [SimulationRunner.cc:502] Creating postupdate worker thread (1)
(2023-03-09T23:35:57.708945783) (2023-03-09T23:35:57.708966403) [Dbg] [SimulationRunner.cc:502] Creating postupdate worker thread (2)
(2023-03-09T23:35:57.709092013) (2023-03-09T23:35:57.709114893) [Dbg] [SimulationRunner.cc:502] Creating postupdate worker thread (3)
(2023-03-09T23:35:57.709220073) (2023-03-09T23:35:57.709238513) [Dbg] [SimulationRunner.cc:502] Creating postupdate worker thread (4)
(2023-03-09T23:35:57.709337063) (2023-03-09T23:35:57.709356393) [Dbg] [SimulationRunner.cc:502] Creating postupdate worker thread (5)
(2023-03-09T23:35:57.709437543) (2023-03-09T23:35:57.709453103) [Dbg] [SimulationRunner.cc:502] Creating postupdate worker thread (6)
(2023-03-09T23:35:57.709539383) (2023-03-09T23:35:57.709563673) [Dbg] [SimulationRunner.cc:502] Creating postupdate worker thread (7)
(2023-03-09T23:35:57.709649413) (2023-03-09T23:35:57.709664663) [Dbg] [SimulationRunner.cc:502] Creating postupdate worker thread (8)
(2023-03-09T23:35:57.709743973) (2023-03-09T23:35:57.709759533) [Dbg] [SimulationRunner.cc:502] Creating postupdate worker thread (9)
(2023-03-09T23:35:57.709848943) (2023-03-09T23:35:57.709865083) [Dbg] [SimulationRunner.cc:502] Creating postupdate worker thread (10)
(2023-03-09T23:35:57.709954653) (2023-03-09T23:35:57.709977384) [Dbg] [SimulationRunner.cc:502] Creating postupdate worker thread (11)
(2023-03-09T23:35:57.808907831) (2023-03-09T23:35:57.808943751) [Msg] Particle emitter[simple_demo::dust_storm::link::dust_storm] subscribed to command messages on topic[/model/dust_storm/link/link/particle_emitter/dust_storm/cmd]
(2023-03-09T23:35:57.809282851) (2023-03-09T23:35:57.809306731) [Msg] Particle emitter[simple_demo::fog::link::fog] subscribed to command messages on topic[/model/fog/link/link/particle_emitter/fog/cmd]
(2023-03-09T23:35:57.811417412) (2023-03-09T23:35:57.811437722) [Msg] DetachableJoint subscribing to messages on [/Vessel_A/detach]
(2023-03-09T23:35:57.811622332) (2023-03-09T23:35:57.811650282) [Msg] DetachableJoint subscribing to messages on [/Vessel_A/detach]
(2023-03-09T23:35:57.811835572) (2023-03-09T23:35:57.811856842) [Msg] DetachableJoint subscribing to messages on [/Vessel_A/detach]
(2023-03-09T23:35:57.812026392) (2023-03-09T23:35:57.812047632) [Msg] DetachableJoint subscribing to messages on [/Vessel_A/detach]
(2023-03-09T23:35:57.812285762) (2023-03-09T23:35:57.812307092) [Msg] Address [base_station/target] bound to model [base_station] on topic [base_station/target]
(2023-03-09T23:35:57.812398692) (2023-03-09T23:35:57.812415982) [Dbg] [CommsEndpoint.cc:89] Succesfuly bound to [base_station/target] on topic [base_station/target]
(2023-03-09T23:35:57.812581593) (2023-03-09T23:35:57.812602953) [Msg] Address [base_station/video] bound to model [base_station] on topic [base_station/video]
(2023-03-09T23:35:57.812689533) (2023-03-09T23:35:57.812706343) [Dbg] [CommsEndpoint.cc:89] Succesfuly bound to [base_station/video] on topic [base_station/video]
(2023-03-09T23:35:57.888369639) (2023-03-09T23:35:57.888385679) [Dbg] [Physics.cc:1593] Creating detachable joint [170]
(2023-03-09T23:35:57.888540789) (2023-03-09T23:35:57.888552459) [Dbg] [Physics.cc:1593] Creating detachable joint [171]
(2023-03-09T23:35:57.888667679) (2023-03-09T23:35:57.888677189) [Dbg] [Physics.cc:1593] Creating detachable joint [172]
(2023-03-09T23:35:57.888962309) (2023-03-09T23:35:57.888972469) [Dbg] [Physics.cc:1593] Creating detachable joint [173]
(2023-03-09T23:35:57.890142820) (2023-03-09T23:35:57.890154070) [Dbg] [SimulationFeatures.cc:63] Simulation timestep set to: 0.004
(2023-03-09T23:35:57.900687255) (2023-03-09T23:35:57.900711385) [Msg] Serving scene information on [/world/simple_demo/scene/info]
(2023-03-09T23:35:57.900867605) (2023-03-09T23:35:57.900886805) [Msg] Serving graph information on [/world/simple_demo/scene/graph]
(2023-03-09T23:35:57.901027975) (2023-03-09T23:35:57.901046115) [Msg] Serving full state on [/world/simple_demo/state]
(2023-03-09T23:35:57.901181035) (2023-03-09T23:35:57.901210295) [Msg] Serving full state (async) on [/world/simple_demo/state_async]
(2023-03-09T23:35:57.901397065) (2023-03-09T23:35:57.901418705) [Msg] Publishing scene information on [/world/simple_demo/scene/info]
(2023-03-09T23:35:57.901499435) (2023-03-09T23:35:57.901512855) [Wrn] [Model.hh:69] Skipping serialization / deserialization for models with //pose/@relative_to attribute.
(2023-03-09T23:35:57.901610505) (2023-03-09T23:35:57.901632555) [Msg] Publishing entity deletions on [/world/simple_demo/scene/deletion]
(2023-03-09T23:35:57.901796335) (2023-03-09T23:35:57.901824905) [Msg] Publishing state changes on [/world/simple_demo/state]
(2023-03-09T23:35:57.902016936) (2023-03-09T23:35:57.902045026) [Msg] Publishing pose messages on [/world/simple_demo/pose/info]
(2023-03-09T23:35:57.902221436) (2023-03-09T23:35:57.902242436) [Msg] Publishing dynamic pose messages on [/world/simple_demo/dynamic_pose/info]
(2023-03-09T23:35:57.902319056) (2023-03-09T23:35:57.902330806) [Wrn] [Component.hh:144] Trying to serialize component with data type [N3sdf3v125WorldE], which doesn't have `operator<<`. Component will not be serialized.
(2023-03-09T23:35:57.902591726) (2023-03-09T23:35:57.902611846) [Dbg] [EntityComponentManager.cc:1587] Updated state thread iterators: 24 threads processing around 8 entities each.
(2023-03-09T23:35:57.927026568) (2023-03-09T23:35:57.927054188) [Dbg] [EntityComponentManager.cc:1587] Updated state thread iterators: 24 threads processing around 8 entities each.
(2023-03-09T23:36:13.522161882) (2023-03-09T23:36:13.522175602) [Msg] Linear velocity initialized to [0 0 0]
(2023-03-09T23:36:13.522232572) (2023-03-09T23:36:13.522243122) [Msg] Angular velocity initialized to [0 0 0]
(2023-03-09T23:36:13.522468112) (2023-03-09T23:36:13.522481732) [Msg] VelocityControl subscribing to twist messages on [/model/usv/cmd_vel]
(2023-03-09T23:36:13.522523182) (2023-03-09T23:36:13.522533012) [Dbg] [SystemManager.cc:58] Loaded system [ignition::gazebo::systems::VelocityControl] for entity [174]
(2023-03-09T23:36:13.523613373) (2023-03-09T23:36:13.523624853) [Dbg] [OdometryPublisher.cc:191] OdometryPublisher system plugin missing <dimensions>, defaults to "2"
(2023-03-09T23:36:13.523823633) (2023-03-09T23:36:13.523833653) [Msg] OdometryPublisher publishing odometry on [/model/usv/odometry]
(2023-03-09T23:36:13.523949313) (2023-03-09T23:36:13.523960323) [Msg] OdometryPublisher publishing odometry with covariance on [/model/usv/odometry_with_covariance]
(2023-03-09T23:36:13.524094484) (2023-03-09T23:36:13.524107324) [Msg] OdometryPublisher publishing Pose_V (TF) on [/model/usv/pose]
(2023-03-09T23:36:13.524153674) (2023-03-09T23:36:13.524165684) [Dbg] [SystemManager.cc:58] Loaded system [ignition::gazebo::systems::OdometryPublisher] for entity [174]
(2023-03-09T23:36:13.525693845) (2023-03-09T23:36:13.525707935) [Msg] Thruster listening to commands in [/model/usv/joint/left_engine_propeller_joint/cmd_thrust]
(2023-03-09T23:36:13.525798605) (2023-03-09T23:36:13.525808845) [Dbg] [Thruster.cc:288] Using velocity control for propeller joint.
(2023-03-09T23:36:13.525835885) (2023-03-09T23:36:13.525845175) [Dbg] [SystemManager.cc:58] Loaded system [ignition::gazebo::systems::Thruster] for entity [174]
(2023-03-09T23:36:13.526959826) (2023-03-09T23:36:13.526971156) [Dbg] [JointPositionController.cc:205] [JointPositionController] system parameters:
(2023-03-09T23:36:13.526997046) (2023-03-09T23:36:13.527005936) [Dbg] [JointPositionController.cc:206] p_gain: [1]
(2023-03-09T23:36:13.527039306) (2023-03-09T23:36:13.527048386) [Dbg] [JointPositionController.cc:207] i_gain: [0.1]
(2023-03-09T23:36:13.527080086) (2023-03-09T23:36:13.527089116) [Dbg] [JointPositionController.cc:208] d_gain: [0.01]
(2023-03-09T23:36:13.527118826) (2023-03-09T23:36:13.527128346) [Dbg] [JointPositionController.cc:209] i_max: [1]
(2023-03-09T23:36:13.527159396) (2023-03-09T23:36:13.527168986) [Dbg] [JointPositionController.cc:210] i_min: [-1]
(2023-03-09T23:36:13.527200716) (2023-03-09T23:36:13.527209256) [Dbg] [JointPositionController.cc:211] cmd_max: [1000]
(2023-03-09T23:36:13.527250306) (2023-03-09T23:36:13.527259716) [Dbg] [JointPositionController.cc:212] cmd_min: [-1000]
(2023-03-09T23:36:13.527289966) (2023-03-09T23:36:13.527299626) [Dbg] [JointPositionController.cc:213] cmd_offset: [0]
(2023-03-09T23:36:13.527330736) (2023-03-09T23:36:13.527340766) [Dbg] [JointPositionController.cc:214] Topic: [usv/left/thruster/joint/cmd_pos]
(2023-03-09T23:36:13.527371646) (2023-03-09T23:36:13.527380716) [Dbg] [JointPositionController.cc:215] initial_position: [0]
(2023-03-09T23:36:13.527415656) (2023-03-09T23:36:13.527425356) [Dbg] [SystemManager.cc:58] Loaded system [ignition::gazebo::systems::JointPositionController] for entity [174]
(2023-03-09T23:36:13.527789516) (2023-03-09T23:36:13.527801216) [Msg] Thruster listening to commands in [/model/usv/joint/right_engine_propeller_joint/cmd_thrust]
(2023-03-09T23:36:13.527857996) (2023-03-09T23:36:13.527867746) [Dbg] [Thruster.cc:288] Using velocity control for propeller joint.
(2023-03-09T23:36:13.527894646) (2023-03-09T23:36:13.527903996) [Dbg] [SystemManager.cc:58] Loaded system [ignition::gazebo::systems::Thruster] for entity [174]
(2023-03-09T23:36:13.528177336) (2023-03-09T23:36:13.528189616) [Dbg] [JointPositionController.cc:205] [JointPositionController] system parameters:
(2023-03-09T23:36:13.528213556) (2023-03-09T23:36:13.528222826) [Dbg] [JointPositionController.cc:206] p_gain: [1]
(2023-03-09T23:36:13.528254426) (2023-03-09T23:36:13.528263656) [Dbg] [JointPositionController.cc:207] i_gain: [0.1]
(2023-03-09T23:36:13.528294896) (2023-03-09T23:36:13.528303876) [Dbg] [JointPositionController.cc:208] d_gain: [0.01]
(2023-03-09T23:36:13.528334526) (2023-03-09T23:36:13.528343566) [Dbg] [JointPositionController.cc:209] i_max: [1]
(2023-03-09T23:36:13.528374906) (2023-03-09T23:36:13.528384336) [Dbg] [JointPositionController.cc:210] i_min: [-1]
(2023-03-09T23:36:13.528413206) (2023-03-09T23:36:13.528422036) [Dbg] [JointPositionController.cc:211] cmd_max: [1000]
(2023-03-09T23:36:13.528453196) (2023-03-09T23:36:13.528461996) [Dbg] [JointPositionController.cc:212] cmd_min: [-1000]
(2023-03-09T23:36:13.528491336) (2023-03-09T23:36:13.528500536) [Dbg] [JointPositionController.cc:213] cmd_offset: [0]
(2023-03-09T23:36:13.528529956) (2023-03-09T23:36:13.528539046) [Dbg] [JointPositionController.cc:214] Topic: [usv/right/thruster/joint/cmd_pos]
(2023-03-09T23:36:13.528569446) (2023-03-09T23:36:13.528578696) [Dbg] [JointPositionController.cc:215] initial_position: [0]
(2023-03-09T23:36:13.528611136) (2023-03-09T23:36:13.528619126) [Dbg] [SystemManager.cc:58] Loaded system [ignition::gazebo::systems::JointPositionController] for entity [174]
(2023-03-09T23:36:13.528864706) (2023-03-09T23:36:13.528875536) [Msg] Using Pierson-Moskowitz spectrum sampling wavefield model 
(2023-03-09T23:36:13.529017366) (2023-03-09T23:36:13.529027366) [Msg] Using Pierson-Moskowitz spectrum sampling wavefield model 
(2023-03-09T23:36:13.529090566) (2023-03-09T23:36:13.529098646) [Msg] Input Parameters:
(2023-03-09T23:36:13.529123376) (2023-03-09T23:36:13.529131926) [Msg] model:     PMS
(2023-03-09T23:36:13.529174916) (2023-03-09T23:36:13.529185476) [Msg] number:     3
(2023-03-09T23:36:13.529224567) (2023-03-09T23:36:13.529235407) [Msg] scale:      1.1
(2023-03-09T23:36:13.529262747) (2023-03-09T23:36:13.529270497) [Msg] angle:      0.4
(2023-03-09T23:36:13.529295877) (2023-03-09T23:36:13.529309097) [Msg] steepness:  0
(2023-03-09T23:36:13.529337567) (2023-03-09T23:36:13.529349597) [Msg] amplitude:  0
(2023-03-09T23:36:13.529382837) (2023-03-09T23:36:13.529397157) [Msg] period:     5
(2023-03-09T23:36:13.529429517) (2023-03-09T23:36:13.529442567) [Msg] direction:  1 0
(2023-03-09T23:36:13.529491527) (2023-03-09T23:36:13.529505897) [Msg] tau:  2
(2023-03-09T23:36:13.529543007) (2023-03-09T23:36:13.529555817) [Msg] gain:  0.3
(2023-03-09T23:36:13.529589807) (2023-03-09T23:36:13.529602407) [Msg] Derived Parameters:
(2023-03-09T23:36:13.529634657) (2023-03-09T23:36:13.529646817) [Msg] amplitudes:  0.0363502, 0.0392277, 0.0385703, 
(2023-03-09T23:36:13.529724597) (2023-03-09T23:36:13.529739667) [Msg] wavenumbers: 0.133171, 0.161136, 0.194975, 
(2023-03-09T23:36:13.529796337) (2023-03-09T23:36:13.529805917) [Msg] omegas:      1.1424, 1.25664, 1.3823, 
(2023-03-09T23:36:13.529859417) (2023-03-09T23:36:13.529869277) [Msg] periods:     (2023-03-09T23:36:13.529886997) (2023-03-09T23:36:13.529896677) [Msg] 5.5, (2023-03-09T23:36:13.529919297) (2023-03-09T23:36:13.529928847) [Msg] 5, (2023-03-09T23:36:13.529951067) (2023-03-09T23:36:13.529960947) [Msg] 4.54545, (2023-03-09T23:36:13.529982207) (2023-03-09T23:36:13.529992067) [Msg] 
(2023-03-09T23:36:13.530009367) (2023-03-09T23:36:13.530017737) [Msg] phases:      0, 0, 0, 
(2023-03-09T23:36:13.530063497) (2023-03-09T23:36:13.530072747) [Msg] steepnesses: 0, 0, 0, 
(2023-03-09T23:36:13.530118917) (2023-03-09T23:36:13.530127937) [Msg] directions:  (2023-03-09T23:36:13.530145657) (2023-03-09T23:36:13.530154637) [Msg] 0.921061 -0.389418; (2023-03-09T23:36:13.530185807) (2023-03-09T23:36:13.530197497) [Msg] 1 0; (2023-03-09T23:36:13.530229107) (2023-03-09T23:36:13.530238667) [Msg] 0.921061 0.389418; (2023-03-09T23:36:13.530279737) (2023-03-09T23:36:13.530295137) [Msg] 
(2023-03-09T23:36:13.530328967) (2023-03-09T23:36:13.530338347) [Dbg] [Surface.cc:161] Surface plugin successfully configured with the following parameters:
(2023-03-09T23:36:13.530372097) (2023-03-09T23:36:13.530382717) [Dbg] [Surface.cc:163]   <link_name>: base_link
(2023-03-09T23:36:13.530411197) (2023-03-09T23:36:13.530422087) [Dbg] [Surface.cc:164]   <vehicle_length>: 6
(2023-03-09T23:36:13.530449907) (2023-03-09T23:36:13.530459927) [Dbg] [Surface.cc:165]   <vehicle_width>: 3.3
(2023-03-09T23:36:13.530497987) (2023-03-09T23:36:13.530511197) [Dbg] [Surface.cc:166]   <hull_radius>: 0.27
(2023-03-09T23:36:13.530548457) (2023-03-09T23:36:13.530558357) [Dbg] [Surface.cc:167]   <num_samples>: 2
(2023-03-09T23:36:13.530585337) (2023-03-09T23:36:13.530594807) [Dbg] [Surface.cc:168]   <fluid_level>: 0.45
(2023-03-09T23:36:13.530621247) (2023-03-09T23:36:13.530630487) [Dbg] [Surface.cc:169]   <fluid_density>: 997.774
(2023-03-09T23:36:13.530672827) (2023-03-09T23:36:13.530682157) [Dbg] [SystemManager.cc:58] Loaded system [ignition::gazebo::systems::Surface] for entity [174]
(2023-03-09T23:36:13.531008957) (2023-03-09T23:36:13.531020657) [Dbg] [SimpleHydrodynamics.cc:167] SimpleHydrodynamics plugin successfully configured with the following parameters:
(2023-03-09T23:36:13.531049587) (2023-03-09T23:36:13.531059237) [Dbg] [SimpleHydrodynamics.cc:169]   <link_name>: base_link
(2023-03-09T23:36:13.531086307) (2023-03-09T23:36:13.531095387) [Dbg] [SimpleHydrodynamics.cc:170]   <xDotU>: 0
(2023-03-09T23:36:13.531124177) (2023-03-09T23:36:13.531133207) [Dbg] [SimpleHydrodynamics.cc:171]   <yDotV>: 0
(2023-03-09T23:36:13.531158697) (2023-03-09T23:36:13.531168837) [Dbg] [SimpleHydrodynamics.cc:172]   <zDotW>: 0.1
(2023-03-09T23:36:13.531197677) (2023-03-09T23:36:13.531207177) [Dbg] [SimpleHydrodynamics.cc:173]   <kDotP>: 0.1
(2023-03-09T23:36:13.531233557) (2023-03-09T23:36:13.531242667) [Dbg] [SimpleHydrodynamics.cc:174]   <mDotQ>: 0.1
(2023-03-09T23:36:13.531269617) (2023-03-09T23:36:13.531279587) [Dbg] [SimpleHydrodynamics.cc:175]   <nDotR>: 0
(2023-03-09T23:36:13.531307987) (2023-03-09T23:36:13.531317137) [Dbg] [SimpleHydrodynamics.cc:176]   <xU>: 51.3
(2023-03-09T23:36:13.531348787) (2023-03-09T23:36:13.531358557) [Dbg] [SimpleHydrodynamics.cc:177]   <xUU>: 72.4
(2023-03-09T23:36:13.531389327) (2023-03-09T23:36:13.531401627) [Dbg] [SimpleHydrodynamics.cc:178]   <yV>: 40
(2023-03-09T23:36:13.531428127) (2023-03-09T23:36:13.531437267) [Dbg] [SimpleHydrodynamics.cc:179]   <yVV>: 0
(2023-03-09T23:36:13.531469917) (2023-03-09T23:36:13.531482087) [Dbg] [SimpleHydrodynamics.cc:180]   <zW>: 500
(2023-03-09T23:36:13.531508877) (2023-03-09T23:36:13.531518287) [Dbg] [SimpleHydrodynamics.cc:181]   <zWW>: 0
(2023-03-09T23:36:13.531557657) (2023-03-09T23:36:13.531570707) [Dbg] [SimpleHydrodynamics.cc:182]   <kP>: 100
(2023-03-09T23:36:13.531604737) (2023-03-09T23:36:13.531622557) [Dbg] [SimpleHydrodynamics.cc:183]   <kPP>: 0
(2023-03-09T23:36:13.531677647) (2023-03-09T23:36:13.531688867) [Dbg] [SimpleHydrodynamics.cc:184]   <mQ>: 100
(2023-03-09T23:36:13.531724057) (2023-03-09T23:36:13.531737167) [Dbg] [SimpleHydrodynamics.cc:185]   <mQQ>: 0
(2023-03-09T23:36:13.531774217) (2023-03-09T23:36:13.531787807) [Dbg] [SimpleHydrodynamics.cc:186]   <nR>: 400
(2023-03-09T23:36:13.531826327) (2023-03-09T23:36:13.531839917) [Dbg] [SimpleHydrodynamics.cc:187]   <nRR>: 0
(2023-03-09T23:36:13.531880207) (2023-03-09T23:36:13.531890987) [Dbg] [SystemManager.cc:58] Loaded system [ignition::gazebo::systems::SimpleHydrodynamics] for entity [174]
(2023-03-09T23:36:13.533434798) (2023-03-09T23:36:13.533445428) [Dbg] [SystemManager.cc:58] Loaded system [ignition::gazebo::systems::PosePublisher] for entity [174]
(2023-03-09T23:36:13.533694209) (2023-03-09T23:36:13.533704649) [Msg] EntityDetector publishing messages on [/mbzirc/target_object_detector/placed]
(2023-03-09T23:36:13.533858199) (2023-03-09T23:36:13.533869039) [Dbg] [SystemManager.cc:58] Loaded system [mbzirc::EntityDetector] for entity [174]
(2023-03-09T23:36:13.534085329) (2023-03-09T23:36:13.534094999) [Msg] EntityDetector publishing messages on [/mbzirc/target_object_detector/placed]
(2023-03-09T23:36:13.534242669) (2023-03-09T23:36:13.534253899) [Dbg] [SystemManager.cc:58] Loaded system [mbzirc::EntityDetector] for entity [174]
(2023-03-09T23:36:13.534470969) (2023-03-09T23:36:13.534481569) [Msg] EntityDetector publishing messages on [/mbzirc/target_object_detector/placed]
(2023-03-09T23:36:13.534629189) (2023-03-09T23:36:13.534641439) [Dbg] [SystemManager.cc:58] Loaded system [mbzirc::EntityDetector] for entity [174]
(2023-03-09T23:36:13.534857889) (2023-03-09T23:36:13.534867749) [Msg] EntityDetector publishing messages on [/mbzirc/target_object_detector/placed]
(2023-03-09T23:36:13.535014340) (2023-03-09T23:36:13.535024600) [Dbg] [SystemManager.cc:58] Loaded system [mbzirc::EntityDetector] for entity [174]
(2023-03-09T23:36:13.535227840) (2023-03-09T23:36:13.535237320) [Dbg] [SystemManager.cc:58] Loaded system [ignition::gazebo::systems::CommsEndpoint] for entity [174]
(2023-03-09T23:36:13.535736600) (2023-03-09T23:36:13.535747130) [Dbg] [UserCommands.cc:1303] Created entity [174] named [usv]
(2023-03-09T23:36:13.544313294) (2023-03-09T23:36:13.544336304) [Dbg] [Sensors.cc:584] Initialization needed
(2023-03-09T23:36:13.544422634) (2023-03-09T23:36:13.544445524) [Dbg] [Sensors.cc:240] Initializing render context
(2023-03-09T23:36:13.544575544) (2023-03-09T23:36:13.544595094) [Msg] Loading plugin [ignition-rendering-ogre2]
(2023-03-09T23:36:13.544809664) (2023-03-09T23:36:13.544821834) [Dbg] [ImuSensor.cc:148] IMU data for [usv::base_link::imu_sensor] advertised on [world/simple_demo/model/usv/link/base_link/sensor/imu_sensor/imu]
(2023-03-09T23:36:13.545214034) (2023-03-09T23:36:13.545240184) [Dbg] [GameLogicPlugin.cc:1991] New Competitor Platform: usv with 0sensors
(2023-03-09T23:36:13.547067115) ((2023-03-09T23:36:13.547083075) ((2023-03-09T23:36:13.547095195((2023-03-09T23:36:13.547095195() (2023-03-09T23:36:13.547197315) 2023-03-09T23:36:13.547222015) (2023-03-09T23:36:13.547262515) [Dbg] [SimulationRunner.cc:518] (Exiting postupdate worker thread () (2023-03-09T23:36:13.547326895) ) 2023-03-09T23:36:13.547134095) (5) (2023-03-09T23:36:13.547423045) ((2023-03-09T23:36:13.547171615(2023-03-09T23:36:13.547171615(2023-03-09T23:36:13.547483235) (2023-03-09T23:36:13.5475213352023-03-09T23:36:13.547521335) ) (2023-03-09T23:36:13.547585195) 2023-03-09T23:36:13.547549255) (
) (2023-03-09T23:36:13.547728835) 2023-03-09T23:36:13.547679515) (2023-03-09T23:36:13.547781265) 2023-03-09T23:36:13.547702245) (2023-03-09T23:36:13.5476945452023-03-09T23:36:13.547850725) [Dbg] [SimulationRunner.cc:518] ) (2023-03-09T23:36:13.547909795) Exiting postupdate worker thread ([Dbg] [SimulationRunner.cc:518] Exiting postupdate worker thread (8)
[Dbg] [SimulationRunner.cc:518] Exiting postupdate worker thread (6)
[Dbg] [SimulationRunner.cc:518] [Dbg] [SimulationRunner.cc:518] [Dbg] [SimulationRunner.cc:518] [Dbg] [SimulationRunner.cc:518] [Dbg] [SimulationRunner.cc:518] 9)
Exiting postupdate worker thread (10)
[Dbg] [SimulationRunner.cc:518] Exiting postupdate worker thread (Exiting postupdate worker thread (7Exiting postupdate worker thread (0)
)
Exiting postupdate worker thread (Exiting postupdate worker thread (Exiting postupdate worker thread (11)
2)
[Dbg] [SimulationRunner.cc:518] [Dbg] [SimulationRunner.cc:518] [Dbg] [SimulationRunner.cc:518] Exiting postupdate worker thread (3)
Exiting postupdate worker thread ()1)
(2023-03-09T23:36:13.548954046) (2023-03-09T23:36:13.548973966) [Dbg] [SimulationRunner.cc:491] Creating PostUpdate worker threads: 22
(2023-03-09T23:36:13.549033706) (2023-03-09T23:36:13.549050796) [Dbg] [SimulationRunner.cc:502] Creating postupdate worker thread (0)
(2023-03-09T23:36:13.549151596) (2023-03-09T23:36:13.549171756) [Dbg] [SimulationRunner.cc:502] Creating postupdate worker thread (1)
(2023-03-09T23:36:13.549251436) (2023-03-09T23:36:13.549271016) [Dbg] [SimulationRunner.cc:502] Creating postupdate worker thread (2)
(2023-03-09T23:36:13.549366996) (2023-03-09T23:36:13.549386716) [Dbg] [SimulationRunner.cc:502] Creating postupdate worker thread (3)
(2023-03-09T23:36:13.549476726) (2023-03-09T23:36:13.549497066) [Dbg] [SimulationRunner.cc:502] Creating postupdate worker thread (4)
(2023-03-09T23:36:13.549610376) (2023-03-09T23:36:13.549628566) [Dbg] [SimulationRunner.cc:502] Creating postupdate worker thread (5)
(2023-03-09T23:36:13.549728496) (2023-03-09T23:36:13.549750796) [Dbg] [SimulationRunner.cc:502] Creating postupdate worker thread (6)
(2023-03-09T23:36:13.549859667) (2023-03-09T23:36:13.549882477) [Dbg] [SimulationRunner.cc:502] Creating postupdate worker thread (7)
(2023-03-09T23:36:13.549970907) (2023-03-09T23:36:13.549987407) [Dbg] [SimulationRunner.cc:502] Creating postupdate worker thread (8)
(2023-03-09T23:36:13.550086227) (2023-03-09T23:36:13.550104267) [Dbg] [SimulationRunner.cc:502] Creating postupdate worker thread (9)
(2023-03-09T23:36:13.550182307) (2023-03-09T23:36:13.550199887) [Dbg] [SimulationRunner.cc:502] Creating postupdate worker thread (10)
(2023-03-09T23:36:13.550276267) (2023-03-09T23:36:13.550292497) [Dbg] [SimulationRunner.cc:502] Creating postupdate worker thread (11)
(2023-03-09T23:36:13.550369877) (2023-03-09T23:36:13.550386127) [Dbg] [SimulationRunner.cc:502] Creating postupdate worker thread (12)
(2023-03-09T23:36:13.550461767) (2023-03-09T23:36:13.550476677) [Dbg] [SimulationRunner.cc:502] Creating postupdate worker thread (13)
(2023-03-09T23:36:13.550553447) (2023-03-09T23:36:13.550570187) [Dbg] [SimulationRunner.cc:502] Creating postupdate worker thread (14)
(2023-03-09T23:36:13.550651227) (2023-03-09T23:36:13.550666797) [Dbg] [SimulationRunner.cc:502] Creating postupdate worker thread (15)
(2023-03-09T23:36:13.550743927) (2023-03-09T23:36:13.550759977) [Dbg] [SimulationRunner.cc:502] Creating postupdate worker thread (16)
(2023-03-09T23:36:13.550836857) (2023-03-09T23:36:13.550853697) [Dbg] [SimulationRunner.cc:502] Creating postupdate worker thread (17)
(2023-03-09T23:36:13.550928317) (2023-03-09T23:36:13.550945557) [Dbg] [SimulationRunner.cc:502] Creating postupdate worker thread (18)
(2023-03-09T23:36:13.551020477) (2023-03-09T23:36:13.551036847) [Dbg] [SimulationRunner.cc:502] Creating postupdate worker thread (19)
(2023-03-09T23:36:13.551116117) (2023-03-09T23:36:13.551132417) [Dbg] [SimulationRunner.cc:502] Creating postupdate worker thread (20)
(2023-03-09T23:36:13.551768438) (2023-03-09T23:36:13.551788228) [Msg] Address [usv] bound to model [usv] on topic [model/usv/rx]
(2023-03-09T23:36:13.551868678) (2023-03-09T23:36:13.551883358) [Dbg] [CommsEndpoint.cc:89] Succesfuly bound to [usv] on topic [model/usv/rx]
(2023-03-09T23:36:14.68425737) (2023-03-09T23:36:14.68438507) [Dbg] [RenderUtil.cc:2529] Create scene [scene]
(2023-03-09T23:36:14.111380670) (2023-03-09T23:36:14.111401050) [Dbg] [Sensors.cc:254] Rendering Thread initialized
(2023-03-09T23:36:14.116162413) (2023-03-09T23:36:14.116172973) [Wrn] [Ogre2Heightmap.cc:125] Heightmap final sampling should be 2^n
 which differs from ogre1's 2^n+1
The last row and column will be cropped
size = (width * sampling) - sampling + 1
[257] = ([257] * [1]) - [1] + 1
(2023-03-09T23:36:14.121702285) (2023-03-09T23:36:14.121713905) [Msg] Loading heightmap: scene::Heightmap(65478)
(2023-03-09T23:36:14.121743895) (2023-03-09T23:36:14.121752575) [Msg] Heightmap loaded. Process took 0 ms.
(2023-03-09T23:36:17.871402213) (2023-03-09T23:36:17.871422193) [Dbg] [Ogre2ParticleEmitter.cc:514] Particle emitter initialized
(2023-03-09T23:36:17.871615503) (2023-03-09T23:36:17.871631603) [Dbg] [Ogre2ParticleEmitter.cc:514] Particle emitter initialized
(2023-03-09T23:36:17.871866743) (2023-03-09T23:36:17.871881933) [Dbg] [Ogre2ParticleEmitter.cc:514] Particle emitter initialized
(2023-03-09T23:36:18.451466242) (2023-03-09T23:36:18.451482002) [Dbg] [Ogre2ParticleEmitter.cc:514] Particle emitter initialized
(2023-03-09T23:36:18.451680792) (2023-03-09T23:36:18.451690492) [Dbg] [Ogre2ParticleEmitter.cc:514] Particle emitter initialized
(2023-03-09T23:36:18.451818432) (2023-03-09T23:36:18.451828132) [Dbg] [Ogre2ParticleEmitter.cc:514] Particle emitter initialized
(2023-03-09T23:36:18.462971309) (2023-03-09T23:36:18.462987209) [Dbg] [Lidar.cc:122] Laser scans for [usv::sensor_6::sensor_link::lidar] advertised on [world/simple_demo/model/usv/model/sensor_6/link/sensor_link/sensor/lidar/scan]
(2023-03-09T23:36:18.463307889) (2023-03-09T23:36:18.463320579) [Dbg] [GpuLidarSensor.cc:164] Lidar points for [usv::sensor_6::sensor_link::lidar] advertised on [world/simple_demo/model/usv/model/sensor_6/link/sensor_link/sensor/lidar/scan/points]
(2023-03-09T23:36:18.463614069) (2023-03-09T23:36:18.463628119) [Msg] Loading plugin [ignition-rendering-ogre2]
(2023-03-09T23:36:18.599426821) (2023-03-09T23:36:18.599448161) [Dbg] [EntityComponentManager.cc:1587] Updated state thread iterators: 24 threads processing around 10 entities each.
(2023-03-09T23:36:38.599604938) (2023-03-09T23:36:38.599625708) [Msg] Scoring has Started
(2023-03-09T23:36:38.599926408) (2023-03-09T23:36:38.599941948) [Err] [GameLogicPlugin.cc:2121] Invalid configuration detected: 
[usv] Initial Position (10 40 0.299843) is not in the starting area -15 -15 -5 15 15 5
(2023-03-09T23:37:12.170628021) (2023-03-09T23:37:12.170651171) [Dbg] [EntityComponentManager.cc:1587] Updated state thread iterators: 24 threads processing around 10 entities each.
(2023-03-09T23:37:44.45804073) (2023-03-09T23:37:44.45836173) [Dbg] [SignalHandler.cc:141] Received signal[2].
(2023-03-09T23:37:44.45904614) (2023-03-09T23:37:44.45924954) [Dbg] [ServerPrivate.cc:110] Server received signal[2]
(2023-03-09T23:37:44.45987144) (2023-03-09T23:37:44.46006654) [Dbg] [Sensors.cc:406] SensorsPrivate::Stop
(2023-03-09T23:37:44.50481157) (2023-03-09T23:37:44.50500417) [Dbg] [Sensors.cc:392] SensorsPrivate::RenderThread stopped
(2023-03-09T23:37:44.54252829) (2023-03-09T23:37:44.54269839) [Dbg] [ign.cc:410] Shutting down ign-gazebo-server
(((((((((((((((((((((((((((((((((((((2023-03-09T23:37:44.56676211(2023-03-09T23:37:44.56700181) (2023-03-09T23:37:44.56715471) [Dbg] [SimulationRunner.cc:518] 2023-03-09T23:37:44.567287612023-03-09T23:37:44.56728761) ) (2023-03-09T23:37:44.56772091) 2023-03-09T23:37:44.56648111) (2023-03-09T23:37:44.56813491) 2023-03-09T23:37:44.56834341() (2023-03-09T23:37:44.56863111) (2023-03-09T23:37:44.56914111) (2023-03-09T23:37:44.56944161) (2023-03-09T23:37:44.56681301) (2023-03-09T23:37:44.57015661) Exiting postupdate worker thread (10(2023-03-09T23:37:44.57049591(2023-03-09T23:37:44.57049591(2023-03-09T23:37:44.57049591) () (2023-03-09T23:37:44.57098092) 2023-03-09T23:37:44.56983241) (2023-03-09T23:37:44.57133912) 2023-03-09T23:37:44.571531222023-03-09T23:37:44.57153122) (2023-03-09T23:37:44.57192082) ) ((2023-03-09T23:37:44.57053171) (2023-03-09T23:37:44.57260742) 2023-03-09T23:37:44.570785812023-03-09T23:37:44.57279022) (2023-03-09T23:37:44.57295622) 2023-03-09T23:37:44.57309632) ) ()) (2023-03-09T23:37:44.57379672) 2023-03-09T23:37:44.57338642) (2023-03-09T23:37:44.57428712) 2023-03-09T23:37:44.57157342) (
2023-03-09T23:37:44.57475562
2023-03-09T23:37:44.57475562) 2023-03-09T23:37:44.57496902) (2023-03-09T23:37:44.57528062) 2023-03-09T23:37:44.57545882) ) 2023-03-09T23:37:44.57574192) (2023-03-09T23:37:44.57592832) (2023-03-09T23:37:44.57615992) ) (2023-03-09T23:37:44.574445222023-03-09T23:37:44.57654002) ) (2023-03-09T23:37:44.576914822023-03-09T23:37:44.57691482) [Dbg] [SimulationRunner.cc:518] Exiting postupdate worker thread (1)
Exiting postupdate worker thread (14)
[Dbg] [SimulationRunner.cc:518] Exiting postupdate worker thread (0)
[Dbg] [SimulationRunner.cc:518] Exiting postupdate worker thread (13)
[Dbg] [SimulationRunner.cc:518] [Dbg] [SimulationRunner.cc:518] [Dbg] [SimulationRunner.cc:518] [Dbg] [SimulationRunner.cc:518] [Dbg] [SimulationRunner.cc:518] Exiting postupdate worker thread (18)
[Dbg] [SimulationRunner.cc:518] Exiting postupdate worker thread (5)
[Dbg] [SimulationRunner.cc:518] Exiting postupdate worker thread (20)
[Dbg] [SimulationRunner.cc:518] Exiting postupdate worker thread (19)
Exiting postupdate worker thread (6Exiting postupdate worker thread (12)
[Dbg] [SimulationRunner.cc:518] Exiting postupdate worker thread (2)
[Dbg] [SimulationRunner.cc:518] Exiting postupdate worker thread (3)
14Exiting postupdate worker thread (11)
Exiting postupdate worker thread (Exiting postupdate worker thread (Exiting postupdate worker thread (15)
)
Exiting postupdate worker thread (7)
Exiting postupdate worker thread (Exiting postupdate worker thread (8)
Exiting postupdate worker thread (89)16
)
)
Exiting postupdate worker thread (17)
(2023-03-09T23:37:44.97438720) (2023-03-09T23:37:44.97455900) [Dbg] [Sensors.cc:406] SensorsPrivate::Stop
(2023-03-09T23:37:44.119110476) (2023-03-09T23:37:44.119127096) [Msg] Stopping recording
(2023-03-09T23:37:44.119920666) (2023-03-09T23:37:44.119943216) [Msg] Scoring has finished. Elapsed real time: 65 seconds. Elapsed sim time: 62 seconds. 
