-- Found ament_cmake: 0.9.11 (/opt/ros/foxy/share/ament_cmake/cmake)
-- Using PYTHON_EXECUTABLE: /usr/bin/python3
-- Override CMake install command with custom implementation using symlinks instead of copying resources
-- Looking for ignition-math6 -- found version 6.14.0
-- Searching for dependencies of ignition-math6
-- Found rclcpp: 2.4.2 (/opt/ros/foxy/share/rclcpp/cmake)
-- Using all available rosidl_typesupport_c: rosidl_typesupport_fastrtps_c;rosidl_typesupport_introspection_c
-- Found rosidl_adapter: 1.3.0 (/opt/ros/foxy/share/rosidl_adapter/cmake)
-- Using all available rosidl_typesupport_cpp: rosidl_typesupport_fastrtps_cpp;rosidl_typesupport_introspection_cpp
-- Found rmw_implementation_cmake: 1.0.4 (/opt/ros/foxy/share/rmw_implementation_cmake/cmake)
-- Using RMW implementation 'rmw_fastrtps_cpp' as default
[31mCMake Error at CMakeLists.txt:32 (find_package):
  By not providing "Findignition-transport10.cmake" in CMAKE_MODULE_PATH this
  project has asked CMake to find a package configuration file provided by
  "ignition-transport10", but CMake did not find one.

  Could not find a package configuration file provided by
  "ignition-transport10" with any of the following names:

    ignition-transport10Config.cmake
    ignition-transport10-config.cmake

  Add the installation prefix of "ignition-transport10" to CMAKE_PREFIX_PATH
  or set "ignition-transport10_DIR" to a directory containing one of the
  above files.  If "ignition-transport10" provides a separate development
  package or SDK, be sure it has been installed.

[0m
-- Configuring incomplete, errors occurred!
