[0.039s] Invoking command in '/home/victor/USV-DOCK/ws/build/ros_ign_gazebo': CMAKE_PREFIX_PATH=/opt/ros/foxy /home/victor/.local/bin/cmake /home/victor/USV-DOCK/ws/src/ros_ign/ros_ign_gazebo -DAMENT_CMAKE_SYMLINK_INSTALL=1 -DCMAKE_INSTALL_PREFIX=/home/victor/USV-DOCK/ws/install
[0.593s] -- Found ament_cmake: 0.9.11 (/opt/ros/foxy/share/ament_cmake/cmake)
[0.593s] -- Using PYTHON_EXECUTABLE: /usr/bin/python3
[0.593s] -- Override CMake install command with custom implementation using symlinks instead of copying resources
[0.594s] -- Looking for ignition-math6 -- found version 6.14.0
[0.594s] -- Searching for dependencies of ignition-math6
[0.594s] -- Found rclcpp: 2.4.2 (/opt/ros/foxy/share/rclcpp/cmake)
[0.594s] -- Using all available rosidl_typesupport_c: rosidl_typesupport_fastrtps_c;rosidl_typesupport_introspection_c
[0.594s] -- Found rosidl_adapter: 1.3.0 (/opt/ros/foxy/share/rosidl_adapter/cmake)
[0.699s] -- Using all available rosidl_typesupport_cpp: rosidl_typesupport_fastrtps_cpp;rosidl_typesupport_introspection_cpp
[0.810s] -- Found rmw_implementation_cmake: 1.0.4 (/opt/ros/foxy/share/rmw_implementation_cmake/cmake)
[0.813s] -- Using RMW implementation 'rmw_fastrtps_cpp' as default
[1.145s] [31mCMake Error at CMakeLists.txt:32 (find_package):
[1.146s]   By not providing "Findignition-transport10.cmake" in CMAKE_MODULE_PATH this
[1.146s]   project has asked CMake to find a package configuration file provided by
[1.146s]   "ignition-transport10", but CMake did not find one.
[1.146s] 
[1.146s]   Could not find a package configuration file provided by
[1.146s]   "ignition-transport10" with any of the following names:
[1.146s] 
[1.147s]     ignition-transport10Config.cmake
[1.147s]     ignition-transport10-config.cmake
[1.147s] 
[1.147s]   Add the installation prefix of "ignition-transport10" to CMAKE_PREFIX_PATH
[1.147s]   or set "ignition-transport10_DIR" to a directory containing one of the
[1.147s]   above files.  If "ignition-transport10" provides a separate development
[1.147s]   package or SDK, be sure it has been installed.
[1.147s] 
[1.148s] [0m
[1.148s] -- Configuring incomplete, errors occurred!
[1.168s] Invoked command in '/home/victor/USV-DOCK/ws/build/ros_ign_gazebo' returned '1': CMAKE_PREFIX_PATH=/opt/ros/foxy /home/victor/.local/bin/cmake /home/victor/USV-DOCK/ws/src/ros_ign/ros_ign_gazebo -DAMENT_CMAKE_SYMLINK_INSTALL=1 -DCMAKE_INSTALL_PREFIX=/home/victor/USV-DOCK/ws/install
