running develop
/home/victor/.local/lib/python3.8/site-packages/setuptools/command/develop.py:40: EasyInstallDeprecationWarning: easy_install command is deprecated.
!!

        ********************************************************************************
        Please avoid running ``setup.py`` and ``easy_install``.
        Instead, use pypa/build, pypa/installer, pypa/build or
        other standards-based tools.

        See https://github.com/pypa/setuptools/issues/917 for details.
        ********************************************************************************

!!
  easy_install.initialize_options(self)
/home/victor/.local/lib/python3.8/site-packages/setuptools/_distutils/cmd.py:66: SetuptoolsDeprecationWarning: setup.py install is deprecated.
!!

        ********************************************************************************
        Please avoid running ``setup.py`` directly.
        Instead, use pypa/build, pypa/installer, pypa/build or
        other standards-based tools.

        See https://blog.ganssle.io/articles/2021/10/setup-py-deprecated.html for details.
        ********************************************************************************

!!
  self.initialize_options()
running egg_info
creating mbzirc_dock.egg-info
writing mbzirc_dock.egg-info/PKG-INFO
writing dependency_links to mbzirc_dock.egg-info/dependency_links.txt
writing entry points to mbzirc_dock.egg-info/entry_points.txt
writing requirements to mbzirc_dock.egg-info/requires.txt
writing top-level names to mbzirc_dock.egg-info/top_level.txt
writing manifest file 'mbzirc_dock.egg-info/SOURCES.txt'
reading manifest file 'mbzirc_dock.egg-info/SOURCES.txt'
writing manifest file 'mbzirc_dock.egg-info/SOURCES.txt'
running build_ext
Creating /home/victor/USV-DOCK/ws/install/lib/python3.8/site-packages/mbzirc-dock.egg-link (link to .)
Installing dock_server script to /home/victor/USV-DOCK/ws/install/lib/mbzirc_dock

Installed /home/victor/USV-DOCK/ws/build/mbzirc_dock
running install_data
creating /home/victor/USV-DOCK/ws/install/share/ament_index
creating /home/victor/USV-DOCK/ws/install/share/ament_index/resource_index
creating /home/victor/USV-DOCK/ws/install/share/ament_index/resource_index/packages
copying resource/mbzirc_dock -> /home/victor/USV-DOCK/ws/install/share/ament_index/resource_index/packages
copying package.xml -> /home/victor/USV-DOCK/ws/install/share/mbzirc_dock
copying launch/dock_launch.py -> /home/victor/USV-DOCK/ws/install/share/mbzirc_dock
creating /home/victor/USV-DOCK/ws/install/share/mbzirc_dock/config
copying config/laser_odom_map.yaml -> /home/victor/USV-DOCK/ws/install/share/mbzirc_dock/config
copying config/scan_filter_chain.yaml -> /home/victor/USV-DOCK/ws/install/share/mbzirc_dock/config
copying config/usv.yaml -> /home/victor/USV-DOCK/ws/install/share/mbzirc_dock/config
