[0.046s] Invoking command in '/home/victor/USV-DOCK/ws/build/ros_ign_interfaces': CMAKE_PREFIX_PATH=/opt/ros/foxy /home/victor/.local/bin/cmake --build /home/victor/USV-DOCK/ws/build/ros_ign_interfaces -- -j8 -l8
[0.596s] [  1%] [34m[1mGenerating C code for ROS interfaces[0m
[0.597s] [  1%] [34m[1mGenerating C++ code for ROS interfaces[0m
[3.308s] [  2%] [32mBuilding C object CMakeFiles/ros_ign_interfaces__rosidl_generator_c.dir/rosidl_generator_c/ros_ign_interfaces/msg/detail/contacts__functions.c.o[0m
[3.309s] [  2%] [32mBuilding C object CMakeFiles/ros_ign_interfaces__rosidl_generator_c.dir/rosidl_generator_c/ros_ign_interfaces/msg/detail/contact__functions.c.o[0m
[3.309s] [  2%] [32mBuilding C object CMakeFiles/ros_ign_interfaces__rosidl_generator_c.dir/rosidl_generator_c/ros_ign_interfaces/msg/detail/dataframe__functions.c.o[0m
[3.309s] [  3%] [32mBuilding C object CMakeFiles/ros_ign_interfaces__rosidl_generator_c.dir/rosidl_generator_c/ros_ign_interfaces/msg/detail/entity__functions.c.o[0m
[3.309s] [  4%] [32mBuilding C object CMakeFiles/ros_ign_interfaces__rosidl_generator_c.dir/rosidl_generator_c/ros_ign_interfaces/msg/detail/entity_factory__functions.c.o[0m
[3.311s] [  4%] [32mBuilding C object CMakeFiles/ros_ign_interfaces__rosidl_generator_c.dir/rosidl_generator_c/ros_ign_interfaces/msg/detail/gui_camera__functions.c.o[0m
[3.312s] [  5%] [32mBuilding C object CMakeFiles/ros_ign_interfaces__rosidl_generator_c.dir/rosidl_generator_c/ros_ign_interfaces/msg/detail/joint_wrench__functions.c.o[0m
[3.387s] [  5%] [32mBuilding C object CMakeFiles/ros_ign_interfaces__rosidl_generator_c.dir/rosidl_generator_c/ros_ign_interfaces/msg/detail/light__functions.c.o[0m
[3.389s] [  6%] [32mBuilding C object CMakeFiles/ros_ign_interfaces__rosidl_generator_c.dir/rosidl_generator_c/ros_ign_interfaces/msg/detail/param_vec__functions.c.o[0m
[3.402s] [  7%] [32mBuilding C object CMakeFiles/ros_ign_interfaces__rosidl_generator_c.dir/rosidl_generator_c/ros_ign_interfaces/msg/detail/string_vec__functions.c.o[0m
[3.402s] [  7%] [32mBuilding C object CMakeFiles/ros_ign_interfaces__rosidl_generator_c.dir/rosidl_generator_c/ros_ign_interfaces/msg/detail/track_visual__functions.c.o[0m
[3.408s] [  8%] [32mBuilding C object CMakeFiles/ros_ign_interfaces__rosidl_generator_c.dir/rosidl_generator_c/ros_ign_interfaces/msg/detail/video_record__functions.c.o[0m
[3.433s] [  8%] [32mBuilding C object CMakeFiles/ros_ign_interfaces__rosidl_generator_c.dir/rosidl_generator_c/ros_ign_interfaces/msg/detail/world_control__functions.c.o[0m
[3.468s] [  9%] [32mBuilding C object CMakeFiles/ros_ign_interfaces__rosidl_generator_c.dir/rosidl_generator_c/ros_ign_interfaces/srv/detail/control_world__functions.c.o[0m
[3.470s] [ 10%] [32mBuilding C object CMakeFiles/ros_ign_interfaces__rosidl_generator_c.dir/rosidl_generator_c/ros_ign_interfaces/msg/detail/world_reset__functions.c.o[0m
[3.488s] [ 10%] [32mBuilding C object CMakeFiles/ros_ign_interfaces__rosidl_generator_c.dir/rosidl_generator_c/ros_ign_interfaces/srv/detail/delete_entity__functions.c.o[0m
[3.489s] [ 10%] [32mBuilding C object CMakeFiles/ros_ign_interfaces__rosidl_generator_c.dir/rosidl_generator_c/ros_ign_interfaces/srv/detail/spawn_entity__functions.c.o[0m
[3.491s] [ 11%] [32mBuilding C object CMakeFiles/ros_ign_interfaces__rosidl_generator_c.dir/rosidl_generator_c/ros_ign_interfaces/srv/detail/set_entity_pose__functions.c.o[0m
[3.585s] [ 11%] Built target ros_ign_interfaces__cpp
[3.585s] [ 12%] [32m[1mLinking C shared library libros_ign_interfaces__rosidl_generator_c.so[0m
[3.590s] [ 13%] [34m[1mGenerating C++ type support for eProsima Fast-RTPS[0m
[3.591s] [ 14%] [34m[1mGenerating C++ type support dispatch for ROS interfaces[0m
[3.592s] [ 14%] [34m[1mGenerating C++ introspection for ROS interfaces[0m
[3.624s] [ 14%] Built target ros_ign_interfaces__rosidl_generator_c
[3.630s] [ 15%] [34m[1mGenerating C introspection for ROS interfaces[0m
[3.631s] [ 16%] [34m[1mGenerating C type support dispatch for ROS interfaces[0m
[5.736s] [ 17%] [32mBuilding CXX object CMakeFiles/ros_ign_interfaces__rosidl_typesupport_introspection_cpp.dir/rosidl_typesupport_introspection_cpp/ros_ign_interfaces/msg/detail/contact__type_support.cpp.o[0m
[5.737s] [ 18%] [32mBuilding CXX object CMakeFiles/ros_ign_interfaces__rosidl_typesupport_introspection_cpp.dir/rosidl_typesupport_introspection_cpp/ros_ign_interfaces/msg/detail/dataframe__type_support.cpp.o[0m
[5.737s] [ 18%] [32mBuilding CXX object CMakeFiles/ros_ign_interfaces__rosidl_typesupport_introspection_cpp.dir/rosidl_typesupport_introspection_cpp/ros_ign_interfaces/msg/detail/contacts__type_support.cpp.o[0m
[5.739s] [ 19%] [32mBuilding CXX object CMakeFiles/ros_ign_interfaces__rosidl_typesupport_introspection_cpp.dir/rosidl_typesupport_introspection_cpp/ros_ign_interfaces/msg/detail/entity__type_support.cpp.o[0m
[6.302s] [ 19%] [32mBuilding CXX object CMakeFiles/ros_ign_interfaces__rosidl_typesupport_introspection_cpp.dir/rosidl_typesupport_introspection_cpp/ros_ign_interfaces/msg/detail/entity_factory__type_support.cpp.o[0m
[6.452s] [ 20%] [32mBuilding CXX object CMakeFiles/ros_ign_interfaces__rosidl_typesupport_introspection_cpp.dir/rosidl_typesupport_introspection_cpp/ros_ign_interfaces/msg/detail/gui_camera__type_support.cpp.o[0m
[6.586s] [ 20%] [32mBuilding CXX object CMakeFiles/ros_ign_interfaces__rosidl_typesupport_introspection_cpp.dir/rosidl_typesupport_introspection_cpp/ros_ign_interfaces/msg/detail/joint_wrench__type_support.cpp.o[0m
[6.732s] [ 21%] [32mBuilding C object CMakeFiles/ros_ign_interfaces__rosidl_typesupport_introspection_c.dir/rosidl_typesupport_introspection_c/ros_ign_interfaces/msg/detail/contact__type_support.c.o[0m
[6.816s] [ 21%] [32mBuilding C object CMakeFiles/ros_ign_interfaces__rosidl_typesupport_introspection_c.dir/rosidl_typesupport_introspection_c/ros_ign_interfaces/msg/detail/contacts__type_support.c.o[0m
[6.841s] [ 22%] [32mBuilding C object CMakeFiles/ros_ign_interfaces__rosidl_typesupport_introspection_c.dir/rosidl_typesupport_introspection_c/ros_ign_interfaces/msg/detail/dataframe__type_support.c.o[0m
[6.865s] [ 22%] [32mBuilding CXX object CMakeFiles/ros_ign_interfaces__rosidl_typesupport_c.dir/rosidl_typesupport_c/ros_ign_interfaces/msg/contact__type_support.cpp.o[0m
[6.875s] [ 22%] [32mBuilding C object CMakeFiles/ros_ign_interfaces__rosidl_typesupport_introspection_c.dir/rosidl_typesupport_introspection_c/ros_ign_interfaces/msg/detail/entity__type_support.c.o[0m
[6.901s] [ 23%] [32mBuilding CXX object CMakeFiles/ros_ign_interfaces__rosidl_typesupport_introspection_cpp.dir/rosidl_typesupport_introspection_cpp/ros_ign_interfaces/msg/detail/light__type_support.cpp.o[0m
[6.906s] [ 24%] [32mBuilding C object CMakeFiles/ros_ign_interfaces__rosidl_typesupport_introspection_c.dir/rosidl_typesupport_introspection_c/ros_ign_interfaces/msg/detail/entity_factory__type_support.c.o[0m
[6.912s] [ 25%] [32mBuilding CXX object CMakeFiles/ros_ign_interfaces__rosidl_typesupport_c.dir/rosidl_typesupport_c/ros_ign_interfaces/msg/contacts__type_support.cpp.o[0m
[6.925s] [ 26%] [32mBuilding C object CMakeFiles/ros_ign_interfaces__rosidl_typesupport_introspection_c.dir/rosidl_typesupport_introspection_c/ros_ign_interfaces/msg/detail/gui_camera__type_support.c.o[0m
[6.967s] [ 26%] [32mBuilding C object CMakeFiles/ros_ign_interfaces__rosidl_typesupport_introspection_c.dir/rosidl_typesupport_introspection_c/ros_ign_interfaces/msg/detail/joint_wrench__type_support.c.o[0m
[6.967s] [ 26%] [32mBuilding CXX object CMakeFiles/ros_ign_interfaces__rosidl_typesupport_c.dir/rosidl_typesupport_c/ros_ign_interfaces/msg/dataframe__type_support.cpp.o[0m
[7.005s] [ 27%] [32mBuilding C object CMakeFiles/ros_ign_interfaces__rosidl_typesupport_introspection_c.dir/rosidl_typesupport_introspection_c/ros_ign_interfaces/msg/detail/light__type_support.c.o[0m
[7.040s] [ 27%] [32mBuilding C object CMakeFiles/ros_ign_interfaces__rosidl_typesupport_introspection_c.dir/rosidl_typesupport_introspection_c/ros_ign_interfaces/msg/detail/param_vec__type_support.c.o[0m
[7.053s] [ 28%] [32mBuilding CXX object CMakeFiles/ros_ign_interfaces__rosidl_typesupport_c.dir/rosidl_typesupport_c/ros_ign_interfaces/msg/entity__type_support.cpp.o[0m
[7.092s] [ 29%] [32mBuilding C object CMakeFiles/ros_ign_interfaces__rosidl_typesupport_introspection_c.dir/rosidl_typesupport_introspection_c/ros_ign_interfaces/msg/detail/string_vec__type_support.c.o[0m
[7.104s] [ 30%] [32mBuilding CXX object CMakeFiles/ros_ign_interfaces__rosidl_typesupport_c.dir/rosidl_typesupport_c/ros_ign_interfaces/msg/entity_factory__type_support.cpp.o[0m
[7.107s] [ 30%] [32mBuilding CXX object CMakeFiles/ros_ign_interfaces__rosidl_typesupport_c.dir/rosidl_typesupport_c/ros_ign_interfaces/msg/gui_camera__type_support.cpp.o[0m
[7.145s] [ 31%] [32mBuilding C object CMakeFiles/ros_ign_interfaces__rosidl_typesupport_introspection_c.dir/rosidl_typesupport_introspection_c/ros_ign_interfaces/msg/detail/track_visual__type_support.c.o[0m
[7.151s] [ 31%] [32mBuilding C object CMakeFiles/ros_ign_interfaces__rosidl_typesupport_introspection_c.dir/rosidl_typesupport_introspection_c/ros_ign_interfaces/msg/detail/video_record__type_support.c.o[0m
[7.160s] [ 32%] [32mBuilding CXX object CMakeFiles/ros_ign_interfaces__rosidl_typesupport_c.dir/rosidl_typesupport_c/ros_ign_interfaces/msg/joint_wrench__type_support.cpp.o[0m
[7.171s] [ 32%] [32mBuilding CXX object CMakeFiles/ros_ign_interfaces__rosidl_typesupport_c.dir/rosidl_typesupport_c/ros_ign_interfaces/msg/light__type_support.cpp.o[0m
[7.181s] [ 33%] [32mBuilding CXX object CMakeFiles/ros_ign_interfaces__rosidl_typesupport_introspection_cpp.dir/rosidl_typesupport_introspection_cpp/ros_ign_interfaces/msg/detail/param_vec__type_support.cpp.o[0m
[7.202s] [ 34%] [32mBuilding C object CMakeFiles/ros_ign_interfaces__rosidl_typesupport_introspection_c.dir/rosidl_typesupport_introspection_c/ros_ign_interfaces/msg/detail/world_control__type_support.c.o[0m
[7.210s] [ 35%] [32mBuilding CXX object CMakeFiles/ros_ign_interfaces__rosidl_typesupport_c.dir/rosidl_typesupport_c/ros_ign_interfaces/msg/param_vec__type_support.cpp.o[0m
[7.219s] [ 35%] [32mBuilding C object CMakeFiles/ros_ign_interfaces__rosidl_typesupport_introspection_c.dir/rosidl_typesupport_introspection_c/ros_ign_interfaces/msg/detail/world_reset__type_support.c.o[0m
[7.223s] [ 36%] [32mBuilding CXX object CMakeFiles/ros_ign_interfaces__rosidl_typesupport_c.dir/rosidl_typesupport_c/ros_ign_interfaces/msg/string_vec__type_support.cpp.o[0m
[7.253s] [ 37%] [32mBuilding C object CMakeFiles/ros_ign_interfaces__rosidl_typesupport_introspection_c.dir/rosidl_typesupport_introspection_c/ros_ign_interfaces/srv/detail/control_world__type_support.c.o[0m
[7.264s] [ 38%] [32mBuilding C object CMakeFiles/ros_ign_interfaces__rosidl_typesupport_introspection_c.dir/rosidl_typesupport_introspection_c/ros_ign_interfaces/srv/detail/delete_entity__type_support.c.o[0m
[7.288s] [ 38%] [32mBuilding CXX object CMakeFiles/ros_ign_interfaces__rosidl_typesupport_c.dir/rosidl_typesupport_c/ros_ign_interfaces/msg/track_visual__type_support.cpp.o[0m
[7.290s] [ 38%] [32mBuilding C object CMakeFiles/ros_ign_interfaces__rosidl_typesupport_introspection_c.dir/rosidl_typesupport_introspection_c/ros_ign_interfaces/srv/detail/set_entity_pose__type_support.c.o[0m
[7.291s] [ 38%] [32mBuilding CXX object CMakeFiles/ros_ign_interfaces__rosidl_typesupport_cpp.dir/rosidl_typesupport_cpp/ros_ign_interfaces/msg/contact__type_support.cpp.o[0m
[7.307s] [ 39%] [32mBuilding C object CMakeFiles/ros_ign_interfaces__rosidl_typesupport_introspection_c.dir/rosidl_typesupport_introspection_c/ros_ign_interfaces/srv/detail/spawn_entity__type_support.c.o[0m
[7.325s] [ 40%] [32mBuilding CXX object CMakeFiles/ros_ign_interfaces__rosidl_typesupport_c.dir/rosidl_typesupport_c/ros_ign_interfaces/msg/video_record__type_support.cpp.o[0m
[7.352s] [ 40%] [32mBuilding CXX object CMakeFiles/ros_ign_interfaces__rosidl_typesupport_c.dir/rosidl_typesupport_c/ros_ign_interfaces/msg/world_control__type_support.cpp.o[0m
[7.365s] [ 41%] [32mBuilding CXX object CMakeFiles/ros_ign_interfaces__rosidl_typesupport_c.dir/rosidl_typesupport_c/ros_ign_interfaces/msg/world_reset__type_support.cpp.o[0m
[7.369s] [ 41%] [32mBuilding CXX object CMakeFiles/ros_ign_interfaces__rosidl_typesupport_introspection_cpp.dir/rosidl_typesupport_introspection_cpp/ros_ign_interfaces/msg/detail/string_vec__type_support.cpp.o[0m
[7.373s] [ 41%] [32m[1mLinking C shared library libros_ign_interfaces__rosidl_typesupport_introspection_c.so[0m
[7.423s] [ 41%] Built target ros_ign_interfaces__rosidl_typesupport_introspection_c
[7.425s] [ 42%] [32mBuilding CXX object CMakeFiles/ros_ign_interfaces__rosidl_typesupport_introspection_cpp.dir/rosidl_typesupport_introspection_cpp/ros_ign_interfaces/msg/detail/track_visual__type_support.cpp.o[0m
[7.428s] [ 42%] [32mBuilding CXX object CMakeFiles/ros_ign_interfaces__rosidl_typesupport_c.dir/rosidl_typesupport_c/ros_ign_interfaces/srv/delete_entity__type_support.cpp.o[0m
[7.428s] [ 43%] [32mBuilding CXX object CMakeFiles/ros_ign_interfaces__rosidl_typesupport_c.dir/rosidl_typesupport_c/ros_ign_interfaces/srv/control_world__type_support.cpp.o[0m
[7.508s] [ 43%] [32mBuilding CXX object CMakeFiles/ros_ign_interfaces__rosidl_typesupport_c.dir/rosidl_typesupport_c/ros_ign_interfaces/srv/spawn_entity__type_support.cpp.o[0m
[7.509s] [ 44%] [32mBuilding CXX object CMakeFiles/ros_ign_interfaces__rosidl_typesupport_c.dir/rosidl_typesupport_c/ros_ign_interfaces/srv/set_entity_pose__type_support.cpp.o[0m
[7.512s] [ 44%] [32mBuilding CXX object CMakeFiles/ros_ign_interfaces__rosidl_typesupport_introspection_cpp.dir/rosidl_typesupport_introspection_cpp/ros_ign_interfaces/msg/detail/video_record__type_support.cpp.o[0m
[7.558s] [ 45%] [32mBuilding CXX object CMakeFiles/ros_ign_interfaces__rosidl_typesupport_introspection_cpp.dir/rosidl_typesupport_introspection_cpp/ros_ign_interfaces/msg/detail/world_control__type_support.cpp.o[0m
[7.642s] [ 46%] [32m[1mLinking CXX shared library libros_ign_interfaces__rosidl_typesupport_c.so[0m
[7.767s] [ 46%] Built target ros_ign_interfaces__rosidl_typesupport_c
[7.790s] [ 47%] [32mBuilding CXX object CMakeFiles/ros_ign_interfaces__rosidl_typesupport_cpp.dir/rosidl_typesupport_cpp/ros_ign_interfaces/msg/contacts__type_support.cpp.o[0m
[7.878s] [ 48%] [32mBuilding CXX object CMakeFiles/ros_ign_interfaces__rosidl_typesupport_cpp.dir/rosidl_typesupport_cpp/ros_ign_interfaces/msg/dataframe__type_support.cpp.o[0m
[7.941s] [ 49%] [32mBuilding CXX object CMakeFiles/ros_ign_interfaces__rosidl_typesupport_introspection_cpp.dir/rosidl_typesupport_introspection_cpp/ros_ign_interfaces/msg/detail/world_reset__type_support.cpp.o[0m
[7.987s] [ 49%] [32mBuilding CXX object CMakeFiles/ros_ign_interfaces__rosidl_typesupport_introspection_cpp.dir/rosidl_typesupport_introspection_cpp/ros_ign_interfaces/srv/detail/control_world__type_support.cpp.o[0m
[8.047s] [ 50%] [32mBuilding CXX object CMakeFiles/ros_ign_interfaces__rosidl_typesupport_introspection_cpp.dir/rosidl_typesupport_introspection_cpp/ros_ign_interfaces/srv/detail/delete_entity__type_support.cpp.o[0m
[8.075s] [ 50%] [32mBuilding CXX object CMakeFiles/ros_ign_interfaces__rosidl_typesupport_introspection_cpp.dir/rosidl_typesupport_introspection_cpp/ros_ign_interfaces/srv/detail/set_entity_pose__type_support.cpp.o[0m
[8.140s] [ 51%] [32mBuilding CXX object CMakeFiles/ros_ign_interfaces__rosidl_typesupport_introspection_cpp.dir/rosidl_typesupport_introspection_cpp/ros_ign_interfaces/srv/detail/spawn_entity__type_support.cpp.o[0m
[8.400s] [ 51%] [32mBuilding CXX object CMakeFiles/ros_ign_interfaces__rosidl_typesupport_cpp.dir/rosidl_typesupport_cpp/ros_ign_interfaces/msg/entity__type_support.cpp.o[0m
[8.439s] [ 52%] [32mBuilding CXX object CMakeFiles/ros_ign_interfaces__rosidl_typesupport_cpp.dir/rosidl_typesupport_cpp/ros_ign_interfaces/msg/entity_factory__type_support.cpp.o[0m
[8.445s] [ 53%] [32mBuilding CXX object CMakeFiles/ros_ign_interfaces__rosidl_typesupport_fastrtps_cpp.dir/rosidl_typesupport_fastrtps_cpp/ros_ign_interfaces/msg/detail/dds_fastrtps/contact__type_support.cpp.o[0m
[8.489s] [ 53%] [32mBuilding CXX object CMakeFiles/ros_ign_interfaces__rosidl_typesupport_cpp.dir/rosidl_typesupport_cpp/ros_ign_interfaces/msg/gui_camera__type_support.cpp.o[0m
[8.546s] [ 54%] [32mBuilding CXX object CMakeFiles/ros_ign_interfaces__rosidl_typesupport_cpp.dir/rosidl_typesupport_cpp/ros_ign_interfaces/msg/joint_wrench__type_support.cpp.o[0m
[8.644s] [ 54%] [32mBuilding CXX object CMakeFiles/ros_ign_interfaces__rosidl_typesupport_fastrtps_cpp.dir/rosidl_typesupport_fastrtps_cpp/ros_ign_interfaces/msg/detail/dds_fastrtps/contacts__type_support.cpp.o[0m
[8.644s] [ 55%] [32mBuilding CXX object CMakeFiles/ros_ign_interfaces__rosidl_typesupport_fastrtps_cpp.dir/rosidl_typesupport_fastrtps_cpp/ros_ign_interfaces/msg/detail/dds_fastrtps/dataframe__type_support.cpp.o[0m
[8.746s] [ 56%] [32m[1mLinking CXX shared library libros_ign_interfaces__rosidl_typesupport_introspection_cpp.so[0m
[8.959s] [ 57%] [32mBuilding CXX object CMakeFiles/ros_ign_interfaces__rosidl_typesupport_cpp.dir/rosidl_typesupport_cpp/ros_ign_interfaces/msg/light__type_support.cpp.o[0m
[9.031s] [ 57%] [32mBuilding CXX object CMakeFiles/ros_ign_interfaces__rosidl_typesupport_cpp.dir/rosidl_typesupport_cpp/ros_ign_interfaces/msg/param_vec__type_support.cpp.o[0m
[9.037s] [ 57%] Built target ros_ign_interfaces__rosidl_typesupport_introspection_cpp
[9.058s] [ 57%] [32mBuilding CXX object CMakeFiles/ros_ign_interfaces__rosidl_typesupport_cpp.dir/rosidl_typesupport_cpp/ros_ign_interfaces/msg/track_visual__type_support.cpp.o[0m
[9.061s] [ 58%] [32mBuilding CXX object CMakeFiles/ros_ign_interfaces__rosidl_typesupport_cpp.dir/rosidl_typesupport_cpp/ros_ign_interfaces/msg/video_record__type_support.cpp.o[0m
[9.070s] [ 59%] [32mBuilding CXX object CMakeFiles/ros_ign_interfaces__rosidl_typesupport_cpp.dir/rosidl_typesupport_cpp/ros_ign_interfaces/msg/string_vec__type_support.cpp.o[0m
[9.522s] [ 60%] [32mBuilding CXX object CMakeFiles/ros_ign_interfaces__rosidl_typesupport_cpp.dir/rosidl_typesupport_cpp/ros_ign_interfaces/msg/world_control__type_support.cpp.o[0m
[9.554s] [ 60%] [32mBuilding CXX object CMakeFiles/ros_ign_interfaces__rosidl_typesupport_fastrtps_cpp.dir/rosidl_typesupport_fastrtps_cpp/ros_ign_interfaces/msg/detail/dds_fastrtps/entity__type_support.cpp.o[0m
[9.635s] [ 60%] [32mBuilding CXX object CMakeFiles/ros_ign_interfaces__rosidl_typesupport_cpp.dir/rosidl_typesupport_cpp/ros_ign_interfaces/msg/world_reset__type_support.cpp.o[0m
[9.670s] [ 61%] [32mBuilding CXX object CMakeFiles/ros_ign_interfaces__rosidl_typesupport_cpp.dir/rosidl_typesupport_cpp/ros_ign_interfaces/srv/control_world__type_support.cpp.o[0m
[9.684s] [ 61%] [32mBuilding CXX object CMakeFiles/ros_ign_interfaces__rosidl_typesupport_cpp.dir/rosidl_typesupport_cpp/ros_ign_interfaces/srv/delete_entity__type_support.cpp.o[0m
[9.690s] [ 62%] [32mBuilding CXX object CMakeFiles/ros_ign_interfaces__rosidl_typesupport_fastrtps_cpp.dir/rosidl_typesupport_fastrtps_cpp/ros_ign_interfaces/msg/detail/dds_fastrtps/entity_factory__type_support.cpp.o[0m
[9.724s] [ 63%] [32mBuilding CXX object CMakeFiles/ros_ign_interfaces__rosidl_typesupport_fastrtps_cpp.dir/rosidl_typesupport_fastrtps_cpp/ros_ign_interfaces/msg/detail/dds_fastrtps/gui_camera__type_support.cpp.o[0m
[9.830s] [ 64%] [32mBuilding CXX object CMakeFiles/ros_ign_interfaces__rosidl_typesupport_cpp.dir/rosidl_typesupport_cpp/ros_ign_interfaces/srv/set_entity_pose__type_support.cpp.o[0m
[10.127s] [ 64%] [32mBuilding CXX object CMakeFiles/ros_ign_interfaces__rosidl_typesupport_fastrtps_cpp.dir/rosidl_typesupport_fastrtps_cpp/ros_ign_interfaces/msg/detail/dds_fastrtps/joint_wrench__type_support.cpp.o[0m
[10.225s] [ 65%] [32mBuilding CXX object CMakeFiles/ros_ign_interfaces__rosidl_typesupport_cpp.dir/rosidl_typesupport_cpp/ros_ign_interfaces/srv/spawn_entity__type_support.cpp.o[0m
[10.289s] [ 66%] [32mBuilding CXX object CMakeFiles/ros_ign_interfaces__rosidl_typesupport_fastrtps_cpp.dir/rosidl_typesupport_fastrtps_cpp/ros_ign_interfaces/msg/detail/dds_fastrtps/light__type_support.cpp.o[0m
[10.302s] [ 66%] [32mBuilding CXX object CMakeFiles/ros_ign_interfaces__rosidl_typesupport_fastrtps_cpp.dir/rosidl_typesupport_fastrtps_cpp/ros_ign_interfaces/msg/detail/dds_fastrtps/param_vec__type_support.cpp.o[0m
[10.480s] [ 67%] [32mBuilding CXX object CMakeFiles/ros_ign_interfaces__rosidl_typesupport_fastrtps_cpp.dir/rosidl_typesupport_fastrtps_cpp/ros_ign_interfaces/msg/detail/dds_fastrtps/string_vec__type_support.cpp.o[0m
[10.514s] [ 68%] [32mBuilding CXX object CMakeFiles/ros_ign_interfaces__rosidl_typesupport_fastrtps_cpp.dir/rosidl_typesupport_fastrtps_cpp/ros_ign_interfaces/msg/detail/dds_fastrtps/track_visual__type_support.cpp.o[0m
[10.584s] [ 68%] [32mBuilding CXX object CMakeFiles/ros_ign_interfaces__rosidl_typesupport_fastrtps_cpp.dir/rosidl_typesupport_fastrtps_cpp/ros_ign_interfaces/msg/detail/dds_fastrtps/video_record__type_support.cpp.o[0m
[10.648s] [ 69%] [32mBuilding CXX object CMakeFiles/ros_ign_interfaces__rosidl_typesupport_fastrtps_cpp.dir/rosidl_typesupport_fastrtps_cpp/ros_ign_interfaces/msg/detail/dds_fastrtps/world_control__type_support.cpp.o[0m
[10.908s] [ 69%] [32m[1mLinking CXX shared library libros_ign_interfaces__rosidl_typesupport_cpp.so[0m
[11.021s] [ 69%] [32mBuilding CXX object CMakeFiles/ros_ign_interfaces__rosidl_typesupport_fastrtps_cpp.dir/rosidl_typesupport_fastrtps_cpp/ros_ign_interfaces/msg/detail/dds_fastrtps/world_reset__type_support.cpp.o[0m
[11.042s] [ 69%] Built target ros_ign_interfaces__rosidl_typesupport_cpp
[11.048s] [ 70%] [32mBuilding CXX object CMakeFiles/ros_ign_interfaces__rosidl_typesupport_fastrtps_cpp.dir/rosidl_typesupport_fastrtps_cpp/ros_ign_interfaces/srv/detail/dds_fastrtps/control_world__type_support.cpp.o[0m
[11.253s] [ 71%] [32mBuilding CXX object CMakeFiles/ros_ign_interfaces__rosidl_typesupport_fastrtps_cpp.dir/rosidl_typesupport_fastrtps_cpp/ros_ign_interfaces/srv/detail/dds_fastrtps/delete_entity__type_support.cpp.o[0m
[11.443s] [ 71%] [32mBuilding CXX object CMakeFiles/ros_ign_interfaces__rosidl_typesupport_fastrtps_cpp.dir/rosidl_typesupport_fastrtps_cpp/ros_ign_interfaces/srv/detail/dds_fastrtps/set_entity_pose__type_support.cpp.o[0m
[11.491s] [ 72%] [32mBuilding CXX object CMakeFiles/ros_ign_interfaces__rosidl_typesupport_fastrtps_cpp.dir/rosidl_typesupport_fastrtps_cpp/ros_ign_interfaces/srv/detail/dds_fastrtps/spawn_entity__type_support.cpp.o[0m
[12.110s] [ 72%] [32m[1mLinking CXX shared library libros_ign_interfaces__rosidl_typesupport_fastrtps_cpp.so[0m
[12.208s] [ 72%] Built target ros_ign_interfaces__rosidl_typesupport_fastrtps_cpp
[12.213s] [ 73%] [34m[1mGenerating C type support for eProsima Fast-RTPS[0m
[14.041s] [ 73%] [32mBuilding CXX object CMakeFiles/ros_ign_interfaces__rosidl_typesupport_fastrtps_c.dir/rosidl_typesupport_fastrtps_c/ros_ign_interfaces/msg/detail/contact__type_support_c.cpp.o[0m
[14.042s] [ 74%] [32mBuilding CXX object CMakeFiles/ros_ign_interfaces__rosidl_typesupport_fastrtps_c.dir/rosidl_typesupport_fastrtps_c/ros_ign_interfaces/msg/detail/contacts__type_support_c.cpp.o[0m
[14.042s] [ 75%] [32mBuilding CXX object CMakeFiles/ros_ign_interfaces__rosidl_typesupport_fastrtps_c.dir/rosidl_typesupport_fastrtps_c/ros_ign_interfaces/msg/detail/entity__type_support_c.cpp.o[0m
[14.042s] [ 75%] [32mBuilding CXX object CMakeFiles/ros_ign_interfaces__rosidl_typesupport_fastrtps_c.dir/rosidl_typesupport_fastrtps_c/ros_ign_interfaces/msg/detail/dataframe__type_support_c.cpp.o[0m
[14.042s] [ 75%] [32mBuilding CXX object CMakeFiles/ros_ign_interfaces__rosidl_typesupport_fastrtps_c.dir/rosidl_typesupport_fastrtps_c/ros_ign_interfaces/msg/detail/gui_camera__type_support_c.cpp.o[0m
[14.044s] [ 76%] [32mBuilding CXX object CMakeFiles/ros_ign_interfaces__rosidl_typesupport_fastrtps_c.dir/rosidl_typesupport_fastrtps_c/ros_ign_interfaces/msg/detail/light__type_support_c.cpp.o[0m
[14.045s] [ 77%] [32mBuilding CXX object CMakeFiles/ros_ign_interfaces__rosidl_typesupport_fastrtps_c.dir/rosidl_typesupport_fastrtps_c/ros_ign_interfaces/msg/detail/joint_wrench__type_support_c.cpp.o[0m
[14.045s] [ 78%] [32mBuilding CXX object CMakeFiles/ros_ign_interfaces__rosidl_typesupport_fastrtps_c.dir/rosidl_typesupport_fastrtps_c/ros_ign_interfaces/msg/detail/entity_factory__type_support_c.cpp.o[0m
[14.707s] [ 78%] [32mBuilding CXX object CMakeFiles/ros_ign_interfaces__rosidl_typesupport_fastrtps_c.dir/rosidl_typesupport_fastrtps_c/ros_ign_interfaces/msg/detail/param_vec__type_support_c.cpp.o[0m
[14.763s] [ 79%] [32mBuilding CXX object CMakeFiles/ros_ign_interfaces__rosidl_typesupport_fastrtps_c.dir/rosidl_typesupport_fastrtps_c/ros_ign_interfaces/msg/detail/string_vec__type_support_c.cpp.o[0m
[14.767s] [ 79%] [32mBuilding CXX object CMakeFiles/ros_ign_interfaces__rosidl_typesupport_fastrtps_c.dir/rosidl_typesupport_fastrtps_c/ros_ign_interfaces/msg/detail/track_visual__type_support_c.cpp.o[0m
[14.789s] [ 80%] [32mBuilding CXX object CMakeFiles/ros_ign_interfaces__rosidl_typesupport_fastrtps_c.dir/rosidl_typesupport_fastrtps_c/ros_ign_interfaces/msg/detail/video_record__type_support_c.cpp.o[0m
[14.822s] [ 81%] [32mBuilding CXX object CMakeFiles/ros_ign_interfaces__rosidl_typesupport_fastrtps_c.dir/rosidl_typesupport_fastrtps_c/ros_ign_interfaces/msg/detail/world_control__type_support_c.cpp.o[0m
[14.937s] [ 81%] [32mBuilding CXX object CMakeFiles/ros_ign_interfaces__rosidl_typesupport_fastrtps_c.dir/rosidl_typesupport_fastrtps_c/ros_ign_interfaces/msg/detail/world_reset__type_support_c.cpp.o[0m
[15.007s] [ 82%] [32mBuilding CXX object CMakeFiles/ros_ign_interfaces__rosidl_typesupport_fastrtps_c.dir/rosidl_typesupport_fastrtps_c/ros_ign_interfaces/srv/detail/control_world__type_support_c.cpp.o[0m
[15.038s] [ 82%] [32mBuilding CXX object CMakeFiles/ros_ign_interfaces__rosidl_typesupport_fastrtps_c.dir/rosidl_typesupport_fastrtps_c/ros_ign_interfaces/srv/detail/delete_entity__type_support_c.cpp.o[0m
[15.397s] [ 83%] [32mBuilding CXX object CMakeFiles/ros_ign_interfaces__rosidl_typesupport_fastrtps_c.dir/rosidl_typesupport_fastrtps_c/ros_ign_interfaces/srv/detail/set_entity_pose__type_support_c.cpp.o[0m
[15.499s] [ 84%] [32mBuilding CXX object CMakeFiles/ros_ign_interfaces__rosidl_typesupport_fastrtps_c.dir/rosidl_typesupport_fastrtps_c/ros_ign_interfaces/srv/detail/spawn_entity__type_support_c.cpp.o[0m
[15.946s] [ 84%] [32m[1mLinking CXX shared library libros_ign_interfaces__rosidl_typesupport_fastrtps_c.so[0m
[16.031s] [ 84%] Built target ros_ign_interfaces__rosidl_typesupport_fastrtps_c
[16.039s] [ 84%] Built target ros_ign_interfaces
[16.048s] [ 85%] [34m[1mGenerating Python code for ROS interfaces[0m
[20.150s] [ 85%] Built target ros_ign_interfaces__py
[20.159s] [ 85%] [32mBuilding C object CMakeFiles/ros_ign_interfaces__python.dir/rosidl_generator_py/ros_ign_interfaces/msg/_contact_s.c.o[0m
[20.159s] [ 86%] [32mBuilding C object CMakeFiles/ros_ign_interfaces__python.dir/rosidl_generator_py/ros_ign_interfaces/msg/_contacts_s.c.o[0m
[20.159s] [ 86%] [32mBuilding C object CMakeFiles/ros_ign_interfaces__python.dir/rosidl_generator_py/ros_ign_interfaces/msg/_dataframe_s.c.o[0m
[20.160s] [ 87%] [32mBuilding C object CMakeFiles/ros_ign_interfaces__python.dir/rosidl_generator_py/ros_ign_interfaces/msg/_entity_s.c.o[0m
[20.160s] [ 88%] [32mBuilding C object CMakeFiles/ros_ign_interfaces__python.dir/rosidl_generator_py/ros_ign_interfaces/msg/_entity_factory_s.c.o[0m
[20.160s] [ 88%] [32mBuilding C object CMakeFiles/ros_ign_interfaces__python.dir/rosidl_generator_py/ros_ign_interfaces/msg/_gui_camera_s.c.o[0m
[20.163s] [ 89%] [32mBuilding C object CMakeFiles/ros_ign_interfaces__python.dir/rosidl_generator_py/ros_ign_interfaces/msg/_light_s.c.o[0m
[20.163s] [ 89%] [32mBuilding C object CMakeFiles/ros_ign_interfaces__python.dir/rosidl_generator_py/ros_ign_interfaces/msg/_joint_wrench_s.c.o[0m
[20.359s] [ 90%] [32mBuilding C object CMakeFiles/ros_ign_interfaces__python.dir/rosidl_generator_py/ros_ign_interfaces/msg/_param_vec_s.c.o[0m
[20.359s] [ 91%] [32mBuilding C object CMakeFiles/ros_ign_interfaces__python.dir/rosidl_generator_py/ros_ign_interfaces/msg/_string_vec_s.c.o[0m
[20.360s] [ 91%] [32mBuilding C object CMakeFiles/ros_ign_interfaces__python.dir/rosidl_generator_py/ros_ign_interfaces/msg/_track_visual_s.c.o[0m
[20.364s] [ 92%] [32mBuilding C object CMakeFiles/ros_ign_interfaces__python.dir/rosidl_generator_py/ros_ign_interfaces/msg/_video_record_s.c.o[0m
[20.372s] [ 92%] [32mBuilding C object CMakeFiles/ros_ign_interfaces__python.dir/rosidl_generator_py/ros_ign_interfaces/msg/_world_control_s.c.o[0m
[20.376s] [ 93%] [32mBuilding C object CMakeFiles/ros_ign_interfaces__python.dir/rosidl_generator_py/ros_ign_interfaces/msg/_world_reset_s.c.o[0m
[20.389s] [ 94%] [32mBuilding C object CMakeFiles/ros_ign_interfaces__python.dir/rosidl_generator_py/ros_ign_interfaces/srv/_control_world_s.c.o[0m
[20.415s] [ 94%] [32mBuilding C object CMakeFiles/ros_ign_interfaces__python.dir/rosidl_generator_py/ros_ign_interfaces/srv/_delete_entity_s.c.o[0m
[20.534s] [ 95%] [32mBuilding C object CMakeFiles/ros_ign_interfaces__python.dir/rosidl_generator_py/ros_ign_interfaces/srv/_set_entity_pose_s.c.o[0m
[20.541s] [ 95%] [32mBuilding C object CMakeFiles/ros_ign_interfaces__python.dir/rosidl_generator_py/ros_ign_interfaces/srv/_spawn_entity_s.c.o[0m
[20.651s] [ 96%] [32m[1mLinking C shared library rosidl_generator_py/ros_ign_interfaces/libros_ign_interfaces__python.so[0m
[20.689s] [ 96%] Built target ros_ign_interfaces__python
[20.697s] [ 99%] [32mBuilding C object CMakeFiles/ros_ign_interfaces__rosidl_typesupport_fastrtps_c__pyext.dir/rosidl_generator_py/ros_ign_interfaces/_ros_ign_interfaces_s.ep.rosidl_typesupport_fastrtps_c.c.o[0m
[20.697s] [ 99%] [32mBuilding C object CMakeFiles/ros_ign_interfaces__rosidl_typesupport_c__pyext.dir/rosidl_generator_py/ros_ign_interfaces/_ros_ign_interfaces_s.ep.rosidl_typesupport_c.c.o[0m
[20.697s] [ 99%] [32mBuilding C object CMakeFiles/ros_ign_interfaces__rosidl_typesupport_introspection_c__pyext.dir/rosidl_generator_py/ros_ign_interfaces/_ros_ign_interfaces_s.ep.rosidl_typesupport_introspection_c.c.o[0m
[20.858s] [ 99%] [32m[1mLinking C shared library rosidl_generator_py/ros_ign_interfaces/ros_ign_interfaces_s__rosidl_typesupport_c.cpython-38-x86_64-linux-gnu.so[0m
[20.860s] [100%] [32m[1mLinking C shared library rosidl_generator_py/ros_ign_interfaces/ros_ign_interfaces_s__rosidl_typesupport_introspection_c.cpython-38-x86_64-linux-gnu.so[0m
[20.863s] [100%] [32m[1mLinking CXX shared library rosidl_generator_py/ros_ign_interfaces/ros_ign_interfaces_s__rosidl_typesupport_fastrtps_c.cpython-38-x86_64-linux-gnu.so[0m
[20.894s] [100%] Built target ros_ign_interfaces__rosidl_typesupport_c__pyext
[20.895s] [100%] Built target ros_ign_interfaces__rosidl_typesupport_introspection_c__pyext
[20.931s] [100%] Built target ros_ign_interfaces__rosidl_typesupport_fastrtps_c__pyext
