(2023-03-09T21:01:24.560529724) (2023-03-09T21:01:24.560552924) [Msg] Ignition Gazebo Server v6.11.0
(2023-03-09T21:01:24.564558528) (2023-03-09T21:01:24.564579448) [Msg] Loading SDF world file[/home/developer/mbzirc_ws/install/share/mbzirc_ign/worlds/simple_demo.sdf].
(2023-03-09T21:01:24.882248930) (2023-03-09T21:01:24.882263160) [Msg] Serving entity system service on [/entity/system/add]
(2023-03-09T21:01:24.957717238) (2023-03-09T21:01:24.957734038) [Dbg] [Physics.cc:803] Loaded [ignition::physics::dartsim::Plugin] from library [/usr/lib/x86_64-linux-gnu/ign-physics-5/engine-plugins/libignition-physics-dartsim-plugin.so]
(2023-03-09T21:01:24.957791808) (2023-03-09T21:01:24.957799388) [Dbg] [SystemManager.cc:58] Loaded system [ignition::gazebo::systems::Physics] for entity [1]
(2023-03-09T21:01:24.961056604) (2023-03-09T21:01:24.961067584) [Msg] Create service on [/world/simple_demo/create]
(2023-03-09T21:01:24.961164063) (2023-03-09T21:01:24.961174313) [Msg] Remove service on [/world/simple_demo/remove]
(2023-03-09T21:01:24.961264923) (2023-03-09T21:01:24.961273193) [Msg] Pose service on [/world/simple_demo/set_pose]
(2023-03-09T21:01:24.961354733) (2023-03-09T21:01:24.961363733) [Msg] Pose service on [/world/simple_demo/set_pose_vector]
(2023-03-09T21:01:24.961471993) (2023-03-09T21:01:24.961481383) [Msg] Light configuration service on [/world/simple_demo/light_config]
(2023-03-09T21:01:24.961641843) (2023-03-09T21:01:24.961651013) [Msg] Physics service on [/world/simple_demo/set_physics]
(2023-03-09T21:01:24.961744812) (2023-03-09T21:01:24.961755432) [Msg] SphericalCoordinates service on [/world/simple_demo/set_spherical_coordinates]
(2023-03-09T21:01:24.961818552) (2023-03-09T21:01:24.961827192) [Msg] Enable collision service on [/world/simple_demo/enable_collision]
(2023-03-09T21:01:24.961887072) (2023-03-09T21:01:24.961896462) [Msg] Disable collision service on [/world/simple_demo/disable_collision]
(2023-03-09T21:01:24.962013652) (2023-03-09T21:01:24.962022382) [Msg] Material service on [/world/simple_demo/visual_config]
(2023-03-09T21:01:24.962100762) (2023-03-09T21:01:24.962108972) [Msg] Material service on [/world/simple_demo/wheel_slip]
(2023-03-09T21:01:24.962141022) (2023-03-09T21:01:24.962148452) [Dbg] [SystemManager.cc:58] Loaded system [ignition::gazebo::systems::UserCommands] for entity [1]
(2023-03-09T21:01:24.988778080) (2023-03-09T21:01:24.988789280) [Dbg] [Sensors.cc:479] Configuring Sensors system
(2023-03-09T21:01:24.988851810) (2023-03-09T21:01:24.988859600) [Dbg] [Sensors.cc:398] SensorsPrivate::Run
(2023-03-09T21:01:24.988930580) (2023-03-09T21:01:24.988939070) [Dbg] [SystemManager.cc:58] Loaded system [ignition::gazebo::systems::Sensors] for entity [(1]
2023-03-09T21:01:24.988979120) (2023-03-09T21:01:24.989012050) [Dbg] [Sensors.cc:378] SensorsPrivate::RenderThread started
(2023-03-09T21:01:24.989062790) (2023-03-09T21:01:24.989079750) [Dbg] [Sensors.cc:228] Waiting for init
(2023-03-09T21:01:24.992093726) (2023-03-09T21:01:24.992104186) [Dbg] [SystemManager.cc:58] Loaded system [ignition::gazebo::systems::AirPressure] for entity [1]
(2023-03-09T21:01:24.994410253) (2023-03-09T21:01:24.994422593) [Dbg] [SystemManager.cc:58] Loaded system [ignition::gazebo::systems::Altimeter] for entity [1]
(2023-03-09T21:01:24.996943629) (2023-03-09T21:01:24.996954309) [Dbg] [SystemManager.cc:58] Loaded system [ignition::gazebo::systems::Imu] for entity [1]
(2023-03-09T21:01:24.999216007) (2023-03-09T21:01:24.999230657) [Dbg] [SystemManager.cc:58] Loaded system [ignition::gazebo::systems::Magnetometer] for entity [1]
(2023-03-09T21:01:25.1677894) (2023-03-09T21:01:25.1687754) [Dbg] [SystemManager.cc:58] Loaded system [ignition::gazebo::systems::ForceTorque] for entity [1]
(2023-03-09T21:01:25.3720732) (2023-03-09T21:01:25.3731912) [Msg] Serving particle emitter information on [/world/simple_demo/particle_emitters]
(2023-03-09T21:01:25.3775142) (2023-03-09T21:01:25.3782742) [Dbg] [SystemManager.cc:58] Loaded system [ignition::gazebo::systems::ParticleEmitter2] for entity [1]
(2023-03-09T21:01:25.6798047) (2023-03-09T21:01:25.6808397) [Dbg] [SystemManager.cc:58] Loaded system [ignition::gazebo::systems::SceneBroadcaster] for entity [1]
(2023-03-09T21:01:25.8972414) (2023-03-09T21:01:25.8982474) [Dbg] [SystemManager.cc:58] Loaded system [ignition::gazebo::systems::Contact] for entity [1]
(2023-03-09T21:01:25.10926602) (2023-03-09T21:01:25.10936282) [Dbg] [RFComms.cc:385] Range configuration:
RF Configuration (range-based)
-- max_range: 500000
-- fading_exponent: 2.6
-- l0: 40
-- sigma: 10

(2023-03-09T21:01:25.11021062) (2023-03-09T21:01:25.11028562) [Dbg] [RFComms.cc:388] Radio configuration:
Radio Configuration
-- capacity: 1e+06
-- tx_power: 25
-- noise_floor: -90
-- modulation: QPSK

(2023-03-09T21:01:25.11474072) (2023-03-09T21:01:25.11485042) [Dbg] [Broker.cc:113] Broker services:
(2023-03-09T21:01:25.11528782) (2023-03-09T21:01:25.11539222) [Dbg] [Broker.cc:114]   Bind: [/broker/bind]
(2023-03-09T21:01:25.11569172) (2023-03-09T21:01:25.11578162) [Dbg] [Broker.cc:115]   Unbind: [/broker/unbind]
(2023-03-09T21:01:25.11612391) (2023-03-09T21:01:25.11623141) [Dbg] [Broker.cc:116] Broker topics:
(2023-03-09T21:01:25.11664151) (2023-03-09T21:01:25.11677141) [Dbg] [Broker.cc:117]   Incoming messages: [/broker/msgs]
(2023-03-09T21:01:25.11709761) (2023-03-09T21:01:25.11717981) [Dbg] [SystemManager.cc:58] Loaded system [ignition::gazebo::systems::RFComms] for entity [1]
(2023-03-09T21:01:25.13922169) (2023-03-09T21:01:25.13934079) [Dbg] [RFRange.cc:339] RFRange sensor range configuration:
RF Configuration (range-based)
-- max_range: 500000
-- fading_exponent: 2.6
-- l0: 40
-- sigma: 0.005
-- rssi_1: -15

(2023-03-09T21:01:25.14035459) (2023-03-09T21:01:25.14048299) [Dbg] [RFRange.cc:342] RFRange sensor radio configuration:
Radio Configuration
-- tx_power: 25
-- noise_floor: -90

(2023-03-09T21:01:25.14123939) (2023-03-09T21:01:25.14133539) [Dbg] [SystemManager.cc:58] Loaded system [ignition::gazebo::systems::RFRange] for entity [1]
(2023-03-09T21:01:25.19554013) (2023-03-09T21:01:25.19567693) [Msg] Recording to log file [/tmp/ign/mbzirc/playback/state.tlog]
(2023-03-09T21:01:25.19610393) (2023-03-09T21:01:25.19621583) [Dbg] [LogRecord.cc:334] Recording default topic[/playback/sdf].
(2023-03-09T21:01:25.19665913) (2023-03-09T21:01:25.19679293) [Dbg] [LogRecord.cc:335] Recording default topic[/world/simple_demo/changed_state].
(2023-03-09T21:01:25.66181455) (2023-03-09T21:01:25.66201735) [Dbg] [SystemManager.cc:58] Loaded system [ignition::gazebo::systems::LogRecord] for entity [1]
(2023-03-09T21:01:25.69770390) (2023-03-09T21:01:25.69786190) [Dbg] [SystemManager.cc:58] Loaded system [ignition::gazebo::systems::WindEffects] for entity [1]
(2023-03-09T21:01:25.73882476) (2023-03-09T21:01:25.73898356) [Msg] MBZIRC log path: /tmp/ign/mbzirc/logs
(2023-03-09T21:01:25.73963346) (2023-03-09T21:01:25.73975996) [Wrn] [Filesystem.cc:140] The path [/tmp/ign/mbzirc/logs] does not refer to a directory nor to a file
(2023-03-09T21:01:25.74167346) (2023-03-09T21:01:25.74179746) [Msg] Run duration set to 3600 seconds.
(2023-03-09T21:01:25.74260176) (2023-03-09T21:01:25.74274536) [Msg] Geofence boundary min: -70 -70 -25, max: 70 70 121.92
(2023-03-09T21:01:25.74403705) (2023-03-09T21:01:25.74421925) [Msg] Start area boundary min: -15 -15 -5, max: 15 15 5
(2023-03-09T21:01:25.74537145) (2023-03-09T21:01:25.74551585) [Msg] Setup duration set to 600 seconds.
(2023-03-09T21:01:25.74598145) (2023-03-09T21:01:25.74611975) [Msg] Target vessel: Vessel A
(2023-03-09T21:01:25.74690505) (2023-03-09T21:01:25.74704985) [Msg]   Small object: small_blue_box_a
(2023-03-09T21:01:25.74749135) (2023-03-09T21:01:25.74763685) [Msg]   Small object: small_blue_box_a_duplicate
(2023-03-09T21:01:25.74809235) (2023-03-09T21:01:25.74827005) [Msg]   Large object: large_dry_box_a
(2023-03-09T21:01:25.74876695) (2023-03-09T21:01:25.74890145) [Msg]   Large object: large_dry_box_a_duplicate
(2023-03-09T21:01:25.76488873) (2023-03-09T21:01:25.76512463) [Msg] Starting MBZIRC
(2023-03-09T21:01:25.76674692) (2023-03-09T21:01:25.76690142) [Dbg] [SystemManager.cc:58] Loaded system [mbzirc::GameLogicPlugin] for entity [1]
(2023-03-09T21:01:25.81688736) (2023-03-09T21:01:25.81698256) [Msg] Using Pierson-Moskowitz spectrum sampling wavefield model 
(2023-03-09T21:01:25.82215685) (2023-03-09T21:01:25.82225785) [Msg] Using Pierson-Moskowitz spectrum sampling wavefield model 
(2023-03-09T21:01:25.459547544) (2023-03-09T21:01:25.459572674) [Msg] Input Parameters:
(2023-03-09T21:01:25.459622044) (2023-03-09T21:01:25.459637814) [Msg] model:     PMS
(2023-03-09T21:01:25.459704144) (2023-03-09T21:01:25.459720544) [Msg] number:     3
(2023-03-09T21:01:25.459767184) (2023-03-09T21:01:25.459783864) [Msg] scale:      1.1
(2023-03-09T21:01:25.459835874) (2023-03-09T21:01:25.459852074) [Msg] angle:      0.4
(2023-03-09T21:01:25.459900044) (2023-03-09T21:01:25.459915994) [Msg] steepness:  0
(2023-03-09T21:01:25.459965124) (2023-03-09T21:01:25.459982054) [Msg] amplitude:  0
(2023-03-09T21:01:25.460031514) (2023-03-09T21:01:25.460046724) [Msg] period:     5
(2023-03-09T21:01:25.460093483) (2023-03-09T21:01:25.460109663) [Msg] direction:  1 0
(2023-03-09T21:01:25.460182483) (2023-03-09T21:01:25.460200523) [Msg] tau:  2
(2023-03-09T21:01:25.460250823) (2023-03-09T21:01:25.460268483) [Msg] gain:  0.3
(2023-03-09T21:01:25.460314583) (2023-03-09T21:01:25.460330143) [Msg] Derived Parameters:
(2023-03-09T21:01:25.460366233) (2023-03-09T21:01:25.460381553) [Msg] amplitudes:  0.0363502, 0.0392277, 0.0385703, 
(2023-03-09T21:01:25.460499403) (2023-03-09T21:01:25.460516853) [Msg] wavenumbers: 0.133171, 0.161136, 0.194975, 
(2023-03-09T21:01:25.460606103) (2023-03-09T21:01:25.460622293) [Msg] omegas:      1.1424, 1.25664, 1.3823, 
(2023-03-09T21:01:25.460701303) (2023-03-09T21:01:25.460716983) [Msg] periods:     (2023-03-09T21:01:25.460761233) (2023-03-09T21:01:25.460777403) [Msg] 5.5, (2023-03-09T21:01:25.460818473) (2023-03-09T21:01:25.460834183) [Msg] 5, (2023-03-09T21:01:25.460870333) (2023-03-09T21:01:25.460885753) [Msg] 4.54545, (2023-03-09T21:01:25.460922893) (2023-03-09T21:01:25.460938493) [Msg] 
(2023-03-09T21:01:25.460969893) (2023-03-09T21:01:25.460986932) [Msg] phases:      0, 0, 0, 
(2023-03-09T21:01:25.461071802) (2023-03-09T21:01:25.461087872) [Msg] steepnesses: 0, 0, 0, 
(2023-03-09T21:01:25.461166422) (2023-03-09T21:01:25.461183212) [Msg] directions:  (2023-03-09T21:01:25.461223482) (2023-03-09T21:01:25.461240212) [Msg] 0.921061 -0.389418; (2023-03-09T21:01:25.461302712) (2023-03-09T21:01:25.461320602) [Msg] 1 0; (2023-03-09T21:01:25.461374612) (2023-03-09T21:01:25.461391982) [Msg] 0.921061 0.389418; (2023-03-09T21:01:25.461447902) (2023-03-09T21:01:25.461464922) [Msg] 
(2023-03-09T21:01:25.462221251) (2023-03-09T21:01:25.462241421) [Dbg] [SystemManager.cc:58] Loaded system [ignition::gazebo::systems::WaveVisual] for entity [23]
(2023-03-09T21:01:25.467667515) (2023-03-09T21:01:25.467694455) [Msg] Using Pierson-Moskowitz spectrum sampling wavefield model 
(2023-03-09T21:01:25.468102504) (2023-03-09T21:01:25.468124714) [Msg] Using Pierson-Moskowitz spectrum sampling wavefield model 
(2023-03-09T21:01:25.468218604) (2023-03-09T21:01:25.468239324) [Msg] Input Parameters:
(2023-03-09T21:01:25.468286374) (2023-03-09T21:01:25.468305424) [Msg] model:     PMS
(2023-03-09T21:01:25.468358924) (2023-03-09T21:01:25.468380044) [Msg] number:     3
(2023-03-09T21:01:25.468434644) (2023-03-09T21:01:25.468455664) [Msg] scale:      1.1
(2023-03-09T21:01:25.468516354) (2023-03-09T21:01:25.468534064) [Msg] angle:      0.4
(2023-03-09T21:01:25.468591924) (2023-03-09T21:01:25.468609504) [Msg] steepness:  0
(2023-03-09T21:01:25.468660874) (2023-03-09T21:01:25.468680414) [Msg] amplitude:  0
(2023-03-09T21:01:25.468732963) (2023-03-09T21:01:25.468751213) [Msg] period:     5
(2023-03-09T21:01:25.468806933) (2023-03-09T21:01:25.468825753) [Msg] direction:  1 0
(2023-03-09T21:01:25.468894733) (2023-03-09T21:01:25.468913053) [Msg] tau:  2
(2023-03-09T21:01:25.468966623) (2023-03-09T21:01:25.468986623) [Msg] gain:  0.3
(2023-03-09T21:01:25.469042553) (2023-03-09T21:01:25.469062663) [Msg] Derived Parameters:
(2023-03-09T21:01:25.469108853) (2023-03-09T21:01:25.469129083) [Msg] amplitudes:  0.0363502, 0.0392277, 0.0385703, 
(2023-03-09T21:01:25.469248773) (2023-03-09T21:01:25.469269003) [Msg] wavenumbers: 0.133171, 0.161136, 0.194975, 
(2023-03-09T21:01:25.469368403) (2023-03-09T21:01:25.469386342) [Msg] omegas:      1.1424, 1.25664, 1.3823, 
(2023-03-09T21:01:25.469488642) (2023-03-09T21:01:25.469510412) [Msg] periods:     (2023-03-09T21:01:25.469549162) (2023-03-09T21:01:25.469569222) [Msg] 5.5, (2023-03-09T21:01:25.469615612) (2023-03-09T21:01:25.469635112) [Msg] 5, (2023-03-09T21:01:25.469680592) (2023-03-09T21:01:25.469699172) [Msg] 4.54545, (2023-03-09T21:01:25.469743222) (2023-03-09T21:01:25.469762212) [Msg] 
(2023-03-09T21:01:25.469800352) (2023-03-09T21:01:25.469820462) [Msg] phases:      0, 0, 0, 
(2023-03-09T21:01:25.469918242) (2023-03-09T21:01:25.469938362) [Msg] steepnesses: 0, 0, 0, 
(2023-03-09T21:01:25.470037041) (2023-03-09T21:01:25.470056801) [Msg] directions:  (2023-03-09T21:01:25.470096141) (2023-03-09T21:01:25.470116541) [Msg] 0.921061 -0.389418; (2023-03-09T21:01:25.470180151) (2023-03-09T21:01:25.470200971) [Msg] 1 0; (2023-03-09T21:01:25.470263211) (2023-03-09T21:01:25.470284621) [Msg] 0.921061 0.389418; (2023-03-09T21:01:25.470349361) (2023-03-09T21:01:25.470369571) [Msg] 
(2023-03-09T21:01:25.470446581) (2023-03-09T21:01:25.470465411) [Dbg] [Surface.cc:161] Surface plugin successfully configured with the following parameters:
(2023-03-09T21:01:25.470530251) (2023-03-09T21:01:25.470550241) [Dbg] [Surface.cc:163]   <link_name>: link
(2023-03-09T21:01:25.470606791) (2023-03-09T21:01:25.470625931) [Dbg] [Surface.cc:164]   <vehicle_length>: 6
(2023-03-09T21:01:25.470684560) (2023-03-09T21:01:25.470703830) [Dbg] [Surface.cc:165]   <vehicle_width>: 3.3
(2023-03-09T21:01:25.470759580) (2023-03-09T21:01:25.470779370) [Dbg] [Surface.cc:166]   <hull_radius>: 1.9
(2023-03-09T21:01:25.470836290) (2023-03-09T21:01:25.470856330) [Dbg] [Surface.cc:167]   <num_samples>: 2
(2023-03-09T21:01:25.470914190) (2023-03-09T21:01:25.470934030) [Dbg] [Surface.cc:168]   <fluid_level>: 0.45
(2023-03-09T21:01:25.470991560) (2023-03-09T21:01:25.471011490) [Dbg] [Surface.cc:169]   <fluid_density>: 997.774
(2023-03-09T21:01:25.471099460) (2023-03-09T21:01:25.471118370) [Dbg] [SystemManager.cc:58] Loaded system [ignition::gazebo::systems::Surface] for entity [24]
(2023-03-09T21:01:25.473831727) (2023-03-09T21:01:25.473841657) [Dbg] [SimpleHydrodynamics.cc:167] SimpleHydrodynamics plugin successfully configured with the following parameters:
(2023-03-09T21:01:25.473870227) (2023-03-09T21:01:25.473879077) [Dbg] [SimpleHydrodynamics.cc:169]   <link_name>: link
(2023-03-09T21:01:25.473905087) (2023-03-09T21:01:25.473913846) [Dbg] [SimpleHydrodynamics.cc:170]   <xDotU>: 0
(2023-03-09T21:01:25.473939696) (2023-03-09T21:01:25.473948446) [Dbg] [SimpleHydrodynamics.cc:171]   <yDotV>: 0
(2023-03-09T21:01:25.473974236) (2023-03-09T21:01:25.473982816) [Dbg] [SimpleHydrodynamics.cc:172]   <zDotW>: 0.1
(2023-03-09T21:01:25.474007906) (2023-03-09T21:01:25.474016446) [Dbg] [SimpleHydrodynamics.cc:173]   <kDotP>: 0.1
(2023-03-09T21:01:25.474041416) (2023-03-09T21:01:25.474049866) [Dbg] [SimpleHydrodynamics.cc:174]   <mDotQ>: 0.1
(2023-03-09T21:01:25.474074916) (2023-03-09T21:01:25.474083666) [Dbg] [SimpleHydrodynamics.cc:175]   <nDotR>: 0
(2023-03-09T21:01:25.474109176) (2023-03-09T21:01:25.474117486) [Dbg] [SimpleHydrodynamics.cc:176]   <xU>: 510.3
(2023-03-09T21:01:25.474143196) (2023-03-09T21:01:25.474152086) [Dbg] [SimpleHydrodynamics.cc:177]   <xUU>: 720.4
(2023-03-09T21:01:25.474176916) (2023-03-09T21:01:25.474185356) [Dbg] [SimpleHydrodynamics.cc:178]   <yV>: 400
(2023-03-09T21:01:25.474209556) (2023-03-09T21:01:25.474217846) [Dbg] [SimpleHydrodynamics.cc:179]   <yVV>: 0
(2023-03-09T21:01:25.474241916) (2023-03-09T21:01:25.474250196) [Dbg] [SimpleHydrodynamics.cc:180]   <zW>: 5000
(2023-03-09T21:01:25.474274226) (2023-03-09T21:01:25.474282866) [Dbg] [SimpleHydrodynamics.cc:181]   <zWW>: 0
(2023-03-09T21:01:25.474306936) (2023-03-09T21:01:25.474316016) [Dbg] [SimpleHydrodynamics.cc:182]   <kP>: 500
(2023-03-09T21:01:25.474346306) (2023-03-09T21:01:25.474355156) [Dbg] [SimpleHydrodynamics.cc:183]   <kPP>: 0
(2023-03-09T21:01:25.474378826) (2023-03-09T21:01:25.474387876) [Dbg] [SimpleHydrodynamics.cc:184]   <mQ>: 500
(2023-03-09T21:01:25.474412466) (2023-03-09T21:01:25.474421216) [Dbg] [SimpleHydrodynamics.cc:185]   <mQQ>: 0
(2023-03-09T21:01:25.474444946) (2023-03-09T21:01:25.474453386) [Dbg] [SimpleHydrodynamics.cc:186]   <nR>: 15000
(2023-03-09T21:01:25.474477556) (2023-03-09T21:01:25.474487786) [Dbg] [SimpleHydrodynamics.cc:187]   <nRR>: 0
(2023-03-09T21:01:25.474517706) (2023-03-09T21:01:25.474525816) [Dbg] [SystemManager.cc:58] Loaded system [ignition::gazebo::systems::SimpleHydrodynamics] for entity [24]
(2023-03-09T21:01:25.480199179) (2023-03-09T21:01:25.480208619) [Dbg] [SystemManager.cc:58] Loaded system [ignition::gazebo::systems::DetachableJoint] for entity [28]
(2023-03-09T21:01:25.480684499) (2023-03-09T21:01:25.480696759) [Dbg] [SystemManager.cc:58] Loaded system [ignition::gazebo::systems::DetachableJoint] for entity [44]
(2023-03-09T21:01:25.481498157) (2023-03-09T21:01:25.481510247) [Dbg] [SystemManager.cc:58] Loaded system [ignition::gazebo::systems::DetachableJoint] for entity [60]
(2023-03-09T21:01:25.482280616) (2023-03-09T21:01:25.482291006) [Dbg] [SystemManager.cc:58] Loaded system [ignition::gazebo::systems::DetachableJoint] for entity [112]
(2023-03-09T21:01:25.484292103) (2023-03-09T21:01:25.484304353) [Dbg] [SystemManager.cc:58] Loaded system [ignition::gazebo::systems::CommsEndpoint] for entity [164]
(2023-03-09T21:01:25.484481513) (2023-03-09T21:01:25.484494673) [Dbg] [SystemManager.cc:58] Loaded system [ignition::gazebo::systems::CommsEndpoint] for entity [164]
(2023-03-09T21:01:25.485982461) (2023-03-09T21:01:25.485993721) [Dbg] [SystemManager.cc:58] Loaded system [mbzirc::BaseStation] for entity [164]
(2023-03-09T21:01:25.487751100) (2023-03-09T21:01:25.487761299) [Msg] EntityDetector publishing messages on [/mbzirc/target_object_detector/dropped]
(2023-03-09T21:01:25.487914089) (2023-03-09T21:01:25.487922859) [Dbg] [SystemManager.cc:58] Loaded system [mbzirc::EntityDetector] for entity [168]
(2023-03-09T21:01:25.488003089) (2023-03-09T21:01:25.488011039) [Msg] Loaded level [3]
(2023-03-09T21:01:25.488276529) (2023-03-09T21:01:25.488286239) [Msg] Serving world controls on [/world/simple_demo/control], [/world/simple_demo/control/state] and [/world/simple_demo/playback/control]
(2023-03-09T21:01:25.488399189) (2023-03-09T21:01:25.488409089) [Msg] Serving GUI information on [/world/simple_demo/gui/info]
(2023-03-09T21:01:25.488444949) (2023-03-09T21:01:25.488455449) [Msg] World [simple_demo] initialized with [4ms] physics profile.
(2023-03-09T21:01:25.488572549) (2023-03-09T21:01:25.488581609) [Msg] Serving world SDF generation service on [/world/simple_demo/generate_world_sdf]
(2023-03-09T21:01:25.488664509) (2023-03-09T21:01:25.488673228) [Msg] Serving world names on [/gazebo/worlds]
(2023-03-09T21:01:25.488743288) (2023-03-09T21:01:25.488751968) [Msg] Resource path add service on [/gazebo/resource_paths/add].
(2023-03-09T21:01:25.488823658) (2023-03-09T21:01:25.488834948) [Msg] Resource path get service on [/gazebo/resource_paths/get].
(2023-03-09T21:01:25.589091196) (2023-03-09T21:01:25.589112416) [Msg] Resource path resolve service on [/gazebo/resource_paths/resolve].
(2023-03-09T21:01:25.589280695) (2023-03-09T21:01:25.589304605) [Msg] Resource paths published on [/gazebo/resource_paths].
(2023-03-09T21:01:25.589528585) (2023-03-09T21:01:25.589552825) [Msg] Server control service on [/server_control].
(2023-03-09T21:01:25.589784255) (2023-03-09T21:01:25.589804705) [Msg] Found no publishers on /stats, adding root stats topic
(2023-03-09T21:01:25.589999165) (2023-03-09T21:01:25.590019855) [Msg] Found no publishers on /clock, adding root clock topic
(2023-03-09T21:01:25.590310194) (2023-03-09T21:01:25.590331204) [Dbg] [SimulationRunner.cc:491] Creating PostUpdate worker threads: 13
(2023-03-09T21:01:25.590387484) (2023-03-09T21:01:25.590405524) [Dbg] [SimulationRunner.cc:502] Creating postupdate worker thread (0)
(2023-03-09T21:01:25.590525784) (2023-03-09T21:01:25.590545434) [Dbg] [SimulationRunner.cc:502] Creating postupdate worker thread (1)
(2023-03-09T21:01:25.590647224) (2023-03-09T21:01:25.590664834) [Dbg] [SimulationRunner.cc:502] Creating postupdate worker thread (2)
(2023-03-09T21:01:25.590751074) (2023-03-09T21:01:25.590769564) [Dbg] [SimulationRunner.cc:502] Creating postupdate worker thread (3)
(2023-03-09T21:01:25.590858864) (2023-03-09T21:01:25.590876444) [Dbg] [SimulationRunner.cc:502] Creating postupdate worker thread (4)
(2023-03-09T21:01:25.590964304) (2023-03-09T21:01:25.590983634) [Dbg] [SimulationRunner.cc:502] Creating postupdate worker thread (5)
(2023-03-09T21:01:25.591076714) (2023-03-09T21:01:25.591094853) [Dbg] [SimulationRunner.cc:502] Creating postupdate worker thread (6)
(2023-03-09T21:01:25.591179943) (2023-03-09T21:01:25.591196963) [Dbg] [SimulationRunner.cc:502] Creating postupdate worker thread (7)
(2023-03-09T21:01:25.591279463) (2023-03-09T21:01:25.591298363) [Dbg] [SimulationRunner.cc:502] Creating postupdate worker thread (8)
(2023-03-09T21:01:25.591388523) (2023-03-09T21:01:25.591406113) [Dbg] [SimulationRunner.cc:502] Creating postupdate worker thread (9)
(2023-03-09T21:01:25.591500953) (2023-03-09T21:01:25.591519403) [Dbg] [SimulationRunner.cc:502] Creating postupdate worker thread (10)
(2023-03-09T21:01:25.591613253) (2023-03-09T21:01:25.591630753) [Dbg] [SimulationRunner.cc:502] Creating postupdate worker thread (11)
(2023-03-09T21:01:25.690461342) (2023-03-09T21:01:25.690475872) [Msg] Particle emitter[simple_demo::dust_storm::link::dust_storm] subscribed to command messages on topic[/model/dust_storm/link/link/particle_emitter/dust_storm/cmd]
(2023-03-09T21:01:25.690625752) (2023-03-09T21:01:25.690635252) [Msg] Particle emitter[simple_demo::fog::link::fog] subscribed to command messages on topic[/model/fog/link/link/particle_emitter/fog/cmd]
(2023-03-09T21:01:25.691929950) (2023-03-09T21:01:25.691940450) [Msg] DetachableJoint subscribing to messages on [/Vessel_A/detach]
(2023-03-09T21:01:25.692026860) (2023-03-09T21:01:25.692037980) [Msg] DetachableJoint subscribing to messages on [/Vessel_A/detach]
(2023-03-09T21:01:25.692112390) (2023-03-09T21:01:25.692121060) [Msg] DetachableJoint subscribing to messages on [/Vessel_A/detach]
(2023-03-09T21:01:25.692197400) (2023-03-09T21:01:25.692207440) [Msg] DetachableJoint subscribing to messages on [/Vessel_A/detach]
(2023-03-09T21:01:25.692339380) (2023-03-09T21:01:25.692348440) [Msg] Address [base_station/target] bound to model [base_station] on topic [base_station/target]
(2023-03-09T21:01:25.692396700) (2023-03-09T21:01:25.692404440) [Dbg] [CommsEndpoint.cc:89] Succesfuly bound to [base_station/target] on topic [base_station/target]
(2023-03-09T21:01:25.692480380) (2023-03-09T21:01:25.692492200) [Msg] Address [base_station/video] bound to model [base_station] on topic [base_station/video]
(2023-03-09T21:01:25.692536880) (2023-03-09T21:01:25.692547330) [Dbg] [CommsEndpoint.cc:89] Succesfuly bound to [base_station/video] on topic [base_station/video]
(2023-03-09T21:01:25.775127118) (2023-03-09T21:01:25.775142038) [Dbg] [Physics.cc:1593] Creating detachable joint [170]
(2023-03-09T21:01:25.775289688) (2023-03-09T21:01:25.775299358) [Dbg] [Physics.cc:1593] Creating detachable joint [171]
(2023-03-09T21:01:25.775412298) (2023-03-09T21:01:25.775420988) [Dbg] [Physics.cc:1593] Creating detachable joint [172]
(2023-03-09T21:01:25.775758307) (2023-03-09T21:01:25.775770287) [Dbg] [Physics.cc:1593] Creating detachable joint [173]
(2023-03-09T21:01:25.776915936) (2023-03-09T21:01:25.776926246) [Dbg] [SimulationFeatures.cc:63] Simulation timestep set to: 0.004
(2023-03-09T21:01:25.788829391) (2023-03-09T21:01:25.788852361) [Msg] Serving scene information on [/world/simple_demo/scene/info]
(2023-03-09T21:01:25.789025201) (2023-03-09T21:01:25.789051501) [Msg] Serving graph information on [/world/simple_demo/scene/graph]
(2023-03-09T21:01:25.789210281) (2023-03-09T21:01:25.789229521) [Msg] Serving full state on [/world/simple_demo/state]
(2023-03-09T21:01:25.789395351) (2023-03-09T21:01:25.789421181) [Msg] Serving full state (async) on [/world/simple_demo/state_async]
(2023-03-09T21:01:25.789622870) (2023-03-09T21:01:25.789643410) [Msg] Publishing scene information on [/world/simple_demo/scene/info](2023-03-09T21:01:25.789706050) (2023-03-09T21:01:25.789725370) [Wrn] [Model.hh:69] Skipping serialization / deserialization for models with //pose/@relative_to attribute.
(2023-03-09T21:01:25.789871080) (2023-03-09T21:01:25.789892760) [Msg] Publishing entity deletions on [/world/simple_demo/scene/deletion]
(2023-03-09T21:01:25.790031590) (2023-03-09T21:01:25.790051640) [Msg] Publishing state changes on [/world/simple_demo/state]
(2023-03-09T21:01:25.790200970) (2023-03-09T21:01:25.790221220) [Msg] Publishing pose messages on [/world/simple_demo/pose/info]
(2023-03-09T21:01:25.790360400) (2023-03-09T21:01:25.790380690) [Msg] Publishing dynamic pose messages on [/world/simple_demo/dynamic_pose/info]
(2023-03-09T21:01:25.790508349) (2023-03-09T21:01:25.790520289) [Wrn] [Component.hh:144] Trying to serialize component with data type [N3sdf3v125WorldE], which doesn't have `operator<<`. Component will not be serialized.
(2023-03-09T21:01:25.790731579) (2023-03-09T21:01:25.790751499) [Dbg] [EntityComponentManager.cc:1587] Updated state thread iterators: 24 threads processing around 8 entities each.
(2023-03-09T21:01:25.814397920) (2023-03-09T21:01:25.814427410) [Dbg] [EntityComponentManager.cc:1587] Updated state thread iterators: 24 threads processing around 8 entities each.
(2023-03-09T21:01:51.30276194) (2023-03-09T21:01:51.30289924) [Msg] Linear velocity initialized to [0 0 0]
(2023-03-09T21:01:51.30342684) (2023-03-09T21:01:51.30351494) [Msg] Angular velocity initialized to [0 0 0]
(2023-03-09T21:01:51.30522734) (2023-03-09T21:01:51.30532394) [Msg] VelocityControl subscribing to twist messages on [/model/usv/cmd_vel]
(2023-03-09T21:01:51.30567164) (2023-03-09T21:01:51.30575954) [Dbg] [SystemManager.cc:58] Loaded system [ignition::gazebo::systems::VelocityControl] for entity [174]
(2023-03-09T21:01:51.32424092) (2023-03-09T21:01:51.32434542) [Dbg] [OdometryPublisher.cc:191] OdometryPublisher system plugin missing <dimensions>, defaults to "2"
(2023-03-09T21:01:51.32580501) (2023-03-09T21:01:51.32591431) [Msg] OdometryPublisher publishing odometry on [/model/usv/odometry]
(2023-03-09T21:01:51.32689071) (2023-03-09T21:01:51.32699971) [Msg] OdometryPublisher publishing odometry with covariance on [/model/usv/odometry_with_covariance]
(2023-03-09T21:01:51.32779191) (2023-03-09T21:01:51.32788891) [Msg] OdometryPublisher publishing Pose_V (TF) on [/model/usv/pose]
(2023-03-09T21:01:51.32826571) (2023-03-09T21:01:51.32836841) [Dbg] [SystemManager.cc:58] Loaded system [ignition::gazebo::systems::OdometryPublisher] for entity [174]
(2023-03-09T21:01:51.35560168) (2023-03-09T21:01:51.35573038) [Msg] Thruster listening to commands in [/model/usv/joint/left_engine_propeller_joint/cmd_thrust]
(2023-03-09T21:01:51.35641808) (2023-03-09T21:01:51.35666768) [Dbg] [Thruster.cc:288] Using velocity control for propeller joint.
(2023-03-09T21:01:51.35692118) (2023-03-09T21:01:51.35699858) [Dbg] [SystemManager.cc:58] Loaded system [ignition::gazebo::systems::Thruster] for entity [174]
(2023-03-09T21:01:51.38134124) (2023-03-09T21:01:51.38145754) [Dbg] [JointPositionController.cc:205] [JointPositionController] system parameters:
(2023-03-09T21:01:51.38178664) (2023-03-09T21:01:51.38187994) [Dbg] [JointPositionController.cc:206] p_gain: [1]
(2023-03-09T21:01:51.38222404) (2023-03-09T21:01:51.38231654) [Dbg] [JointPositionController.cc:207] i_gain: [0.1]
(2023-03-09T21:01:51.38263894) (2023-03-09T21:01:51.38276314) [Dbg] [JointPositionController.cc:208] d_gain: [0.01]
(2023-03-09T21:01:51.38308124) (2023-03-09T21:01:51.38317464) [Dbg] [JointPositionController.cc:209] i_max: [1]
(2023-03-09T21:01:51.38352204) (2023-03-09T21:01:51.38361574) [Dbg] [JointPositionController.cc:210] i_min: [-1]
(2023-03-09T21:01:51.38392704) (2023-03-09T21:01:51.38401844) [Dbg] [JointPositionController.cc:211] cmd_max: [1000]
(2023-03-09T21:01:51.38439884) (2023-03-09T21:01:51.38449334) [Dbg] [JointPositionController.cc:212] cmd_min: [-1000]
(2023-03-09T21:01:51.38487224) (2023-03-09T21:01:51.38498074) [Dbg] [JointPositionController.cc:213] cmd_offset: [0]
(2023-03-09T21:01:51.38533794) (2023-03-09T21:01:51.38545124) [Dbg] [JointPositionController.cc:214] Topic: [usv/left/thruster/joint/cmd_pos]
(2023-03-09T21:01:51.38580304) (2023-03-09T21:01:51.38588194) [Dbg] [JointPositionController.cc:215] initial_position: [0]
(2023-03-09T21:01:51.38635223) (2023-03-09T21:01:51.38646193) [Dbg] [SystemManager.cc:58] Loaded system [ignition::gazebo::systems::JointPositionController] for entity [174]
(2023-03-09T21:01:51.39036503) (2023-03-09T21:01:51.39048613) [Msg] Thruster listening to commands in [/model/usv/joint/right_engine_propeller_joint/cmd_thrust]
(2023-03-09T21:01:51.39116853) (2023-03-09T21:01:51.39128843) [Dbg] [Thruster.cc:288] Using velocity control for propeller joint.
(2023-03-09T21:01:51.39164243) (2023-03-09T21:01:51.39177313) [Dbg] [SystemManager.cc:58] Loaded system [ignition::gazebo::systems::Thruster] for entity [174]
(2023-03-09T21:01:51.39503292) (2023-03-09T21:01:51.39514612) [Dbg] [JointPositionController.cc:205] [JointPositionController] system parameters:
(2023-03-09T21:01:51.39541382) (2023-03-09T21:01:51.39550262) [Dbg] [JointPositionController.cc:206] p_gain: [1]
(2023-03-09T21:01:51.39585772) (2023-03-09T21:01:51.39595142) [Dbg] [JointPositionController.cc:207] i_gain: [0.1]
(2023-03-09T21:01:51.39629342) (2023-03-09T21:01:51.39638692) [Dbg] [JointPositionController.cc:208] d_gain: [0.01]
(2023-03-09T21:01:51.39682272) (2023-03-09T21:01:51.39692292) [Dbg] [JointPositionController.cc:209] i_max: [1]
(2023-03-09T21:01:51.39724872) (2023-03-09T21:01:51.39738762) [Dbg] [JointPositionController.cc:210] i_min: [-1]
(2023-03-09T21:01:51.39769652) (2023-03-09T21:01:51.39777132) [Dbg] [JointPositionController.cc:211] cmd_max: [1000]
(2023-03-09T21:01:51.39817192) (2023-03-09T21:01:51.39824582) [Dbg] [JointPositionController.cc:212] cmd_min: [-1000]
(2023-03-09T21:01:51.39859262) (2023-03-09T21:01:51.39866762) [Dbg] [JointPositionController.cc:213] cmd_offset: [0]
(2023-03-09T21:01:51.39893432) (2023-03-09T21:01:51.39902282) [Dbg] [JointPositionController.cc:214] Topic: [usv/right/thruster/joint/cmd_pos]
(2023-03-09T21:01:51.39929422) (2023-03-09T21:01:51.39938162) [Dbg] [JointPositionController.cc:215] initial_position: [0]
(2023-03-09T21:01:51.39973902) (2023-03-09T21:01:51.39985272) [Dbg] [SystemManager.cc:58] Loaded system [ignition::gazebo::systems::JointPositionController] for entity [174]
(2023-03-09T21:01:51.40249951) (2023-03-09T21:01:51.40261161) [Msg] Using Pierson-Moskowitz spectrum sampling wavefield model 
(2023-03-09T21:01:51.40393691) (2023-03-09T21:01:51.40409221) [Msg] Using Pierson-Moskowitz spectrum sampling wavefield model 
(2023-03-09T21:01:51.40500041) (2023-03-09T21:01:51.40515371) [Msg] Input Parameters:
(2023-03-09T21:01:51.40546701) (2023-03-09T21:01:51.40559321) [Msg] model:     PMS
(2023-03-09T21:01:51.40595531) (2023-03-09T21:01:51.40609501) [Msg] number:     3
(2023-03-09T21:01:51.40649351) (2023-03-09T21:01:51.40663701) [Msg] scale:      1.1
(2023-03-09T21:01:51.40705741) (2023-03-09T21:01:51.40719611) [Msg] angle:      0.4
(2023-03-09T21:01:51.40759881) (2023-03-09T21:01:51.40772991) [Msg] steepness:  0
(2023-03-09T21:01:51.40813701) (2023-03-09T21:01:51.40827411) [Msg] amplitude:  0
(2023-03-09T21:01:51.40867441) (2023-03-09T21:01:51.40882091) [Msg] period:     5
(2023-03-09T21:01:51.40927700) (2023-03-09T21:01:51.40943730) [Msg] direction:  1 0
(2023-03-09T21:01:51.40997700) (2023-03-09T21:01:51.41011870) [Msg] tau:  2
(2023-03-09T21:01:51.41053470) (2023-03-09T21:01:51.41067580) [Msg] gain:  0.3
(2023-03-09T21:01:51.41107430) (2023-03-09T21:01:51.41121520) [Msg] Derived Parameters:
(2023-03-09T21:01:51.41155270) (2023-03-09T21:01:51.41169880) [Msg] amplitudes:  0.0363502, 0.0392277, 0.0385703, 
(2023-03-09T21:01:51.41243140) (2023-03-09T21:01:51.41258530) [Msg] wavenumbers: 0.133171, 0.161136, 0.194975, 
(2023-03-09T21:01:51.41338410) (2023-03-09T21:01:51.41352770) [Msg] omegas:      1.1424, 1.25664, 1.3823, 
(2023-03-09T21:01:51.41425000) (2023-03-09T21:01:51.41439000) [Msg] periods:     (2023-03-09T21:01:51.41466100) (2023-03-09T21:01:51.41481070) [Msg] 5.5, (2023-03-09T21:01:51.41513000) (2023-03-09T21:01:51.41525870) [Msg] 5, (2023-03-09T21:01:51.41550710) (2023-03-09T21:01:51.41560200) [Msg] 4.54545, (2023-03-09T21:01:51.41580220) (2023-03-09T21:01:51.41588590) [Msg] 
(2023-03-09T21:01:51.41604680) (2023-03-09T21:01:51.41612980) [Msg] phases:      0, 0, 0, 
(2023-03-09T21:01:51.41654680) (2023-03-09T21:01:51.41663290) [Msg] steepnesses: 0, 0, 0, 
(2023-03-09T21:01:51.41705920) (2023-03-09T21:01:51.41714280) [Msg] directions:  (2023-03-09T21:01:51.41730980) (2023-03-09T21:01:51.41738700) [Msg] 0.921061 -0.389418; (2023-03-09T21:01:51.41766630) (2023-03-09T21:01:51.41775410) [Msg] 1 0; (2023-03-09T21:01:51.41801720) (2023-03-09T21:01:51.41810350) [Msg] 0.921061 0.389418; (2023-03-09T21:01:51.41838749) (2023-03-09T21:01:51.41847509) [Msg] 
(2023-03-09T21:01:51.41876379) (2023-03-09T21:01:51.41885939) [Dbg] [Surface.cc:161] Surface plugin successfully configured with the following parameters:
(2023-03-09T21:01:51.41911479) (2023-03-09T21:01:51.41920419) [Dbg] [Surface.cc:163]   <link_name>: base_link
(2023-03-09T21:01:51.41945549) (2023-03-09T21:01:51.41953829) [Dbg] [Surface.cc:164]   <vehicle_length>: 6
(2023-03-09T21:01:51.41979519) (2023-03-09T21:01:51.41988259) [Dbg] [Surface.cc:165]   <vehicle_width>: 3.3
(2023-03-09T21:01:51.42013119) (2023-03-09T21:01:51.42020949) [Dbg] [Surface.cc:166]   <hull_radius>: 0.27
(2023-03-09T21:01:51.42046349) (2023-03-09T21:01:51.42054709) [Dbg] [Surface.cc:167]   <num_samples>: 2
(2023-03-09T21:01:51.42079119) (2023-03-09T21:01:51.42088129) [Dbg] [Surface.cc:168]   <fluid_level>: 0.45
(2023-03-09T21:01:51.42113169) (2023-03-09T21:01:51.42121279) [Dbg] [Surface.cc:169]   <fluid_density>: 997.774
(2023-03-09T21:01:51.42151629) (2023-03-09T21:01:51.42160529) [Dbg] [SystemManager.cc:58] Loaded system [ignition::gazebo::systems::Surface] for entity [174]
(2023-03-09T21:01:51.42460399) (2023-03-09T21:01:51.42470969) [Dbg] [SimpleHydrodynamics.cc:167] SimpleHydrodynamics plugin successfully configured with the following parameters:
(2023-03-09T21:01:51.42496869) (2023-03-09T21:01:51.42505499) [Dbg] [SimpleHydrodynamics.cc:169]   <link_name>: base_link
(2023-03-09T21:01:51.42530009) (2023-03-09T21:01:51.42539049) [Dbg] [SimpleHydrodynamics.cc:170]   <xDotU>: 0
(2023-03-09T21:01:51.42565589) (2023-03-09T21:01:51.42574049) [Dbg] [SimpleHydrodynamics.cc:171]   <yDotV>: 0
(2023-03-09T21:01:51.42599339) (2023-03-09T21:01:51.42608209) [Dbg] [SimpleHydrodynamics.cc:172]   <zDotW>: 0.1
(2023-03-09T21:01:51.42633519) (2023-03-09T21:01:51.42642299) [Dbg] [SimpleHydrodynamics.cc:173]   <kDotP>: 0.1
(2023-03-09T21:01:51.42667659) (2023-03-09T21:01:51.42676359) [Dbg] [SimpleHydrodynamics.cc:174]   <mDotQ>: 0.1
(2023-03-09T21:01:51.42701599) (2023-03-09T21:01:51.42710509) [Dbg] [SimpleHydrodynamics.cc:175]   <nDotR>: 0
(2023-03-09T21:01:51.42734769) (2023-03-09T21:01:51.42743918) [Dbg] [SimpleHydrodynamics.cc:176]   <xU>: 51.3
(2023-03-09T21:01:51.42769168) (2023-03-09T21:01:51.42777978) [Dbg] [SimpleHydrodynamics.cc:177]   <xUU>: 72.4
(2023-03-09T21:01:51.42803478) (2023-03-09T21:01:51.42812358) [Dbg] [SimpleHydrodynamics.cc:178]   <yV>: 40
(2023-03-09T21:01:51.42837628) (2023-03-09T21:01:51.42846968) [Dbg] [SimpleHydrodynamics.cc:179]   <yVV>: 0
(2023-03-09T21:01:51.42883208) (2023-03-09T21:01:51.42896798) [Dbg] [SimpleHydrodynamics.cc:180]   <zW>: 500
(2023-03-09T21:01:51.42938588) (2023-03-09T21:01:51.42952268) [Dbg] [SimpleHydrodynamics.cc:181]   <zWW>: 0
(2023-03-09T21:01:51.42993148) (2023-03-09T21:01:51.43006768) [Dbg] [SimpleHydrodynamics.cc:182]   <kP>: 100
(2023-03-09T21:01:51.43048118) (2023-03-09T21:01:51.43061888) [Dbg] [SimpleHydrodynamics.cc:183]   <kPP>: 0
(2023-03-09T21:01:51.43103638) (2023-03-09T21:01:51.43117798) [Dbg] [SimpleHydrodynamics.cc:184]   <mQ>: 100
(2023-03-09T21:01:51.43165928) (2023-03-09T21:01:51.43180618) [Dbg] [SimpleHydrodynamics.cc:185]   <mQQ>: 0
(2023-03-09T21:01:51.43222518) (2023-03-09T21:01:51.43236138) [Dbg] [SimpleHydrodynamics.cc:186]   <nR>: 400
(2023-03-09T21:01:51.43278068) (2023-03-09T21:01:51.43293008) [Dbg] [SimpleHydrodynamics.cc:187]   <nRR>: 0
(2023-03-09T21:01:51.43339008) (2023-03-09T21:01:51.43354658) [Dbg] [SystemManager.cc:58] Loaded system [ignition::gazebo::systems::SimpleHydrodynamics] for entity [174]
(2023-03-09T21:01:51.46045005) (2023-03-09T21:01:51.46055685) [Dbg] [SystemManager.cc:58] Loaded system [ignition::gazebo::systems::PosePublisher] for entity [174]
(2023-03-09T21:01:51.46284545) (2023-03-09T21:01:51.46294545) [Msg] EntityDetector publishing messages on [/mbzirc/target_object_detector/placed]
(2023-03-09T21:01:51.46421804) (2023-03-09T21:01:51.46431404) [Dbg] [SystemManager.cc:58] Loaded system [mbzirc::EntityDetector] for entity [174]
(2023-03-09T21:01:51.46632994) (2023-03-09T21:01:51.46643644) [Msg] EntityDetector publishing messages on [/mbzirc/target_object_detector/placed]
(2023-03-09T21:01:51.46766724) (2023-03-09T21:01:51.46777144) [Dbg] [SystemManager.cc:58] Loaded system [mbzirc::EntityDetector] for entity [174]
(2023-03-09T21:01:51.46983734) (2023-03-09T21:01:51.46993464) [Msg] EntityDetector publishing messages on [/mbzirc/target_object_detector/placed]
(2023-03-09T21:01:51.47117134) (2023-03-09T21:01:51.47127444) [Dbg] [SystemManager.cc:58] Loaded system [mbzirc::EntityDetector] for entity [174]
(2023-03-09T21:01:51.47327933) (2023-03-09T21:01:51.47337533) [Msg] EntityDetector publishing messages on [/mbzirc/target_object_detector/placed]
(2023-03-09T21:01:51.47461303) (2023-03-09T21:01:51.47471473) [Dbg] [SystemManager.cc:58] Loaded system [mbzirc::EntityDetector] for entity [174]
(2023-03-09T21:01:51.47670283) (2023-03-09T21:01:51.47680823) [Dbg] [SystemManager.cc:58] Loaded system [ignition::gazebo::systems::CommsEndpoint] for entity [174]
(2023-03-09T21:01:51.48107703) (2023-03-09T21:01:51.48117343) [Dbg] [UserCommands.cc:1303] Created entity [174] named [usv]
(2023-03-09T21:01:51.56884712) (2023-03-09T21:01:51.56931652) [Dbg] [Sensors.cc:584] Initialization needed
(2023-03-09T21:01:51.57052982) (2023-03-09T21:01:51.57084172) [Dbg] [Sensors.cc:240] Initializing render context
(2023-03-09T21:01:51.57260092) (2023-03-09T21:01:51.57286532) [Msg] Loading plugin [ignition-rendering-ogre2]
(2023-03-09T21:01:51.57634431) (2023-03-09T21:01:51.57656211) [Dbg] [GameLogicPlugin.cc:1991] New Competitor Platform: usv with 0sensors
(2023-03-09T21:01:51.58044091) (2023-03-09T21:01:51.58082951) [Dbg] [ImuSensor.cc:148] IMU data for [usv::base_link::imu_sensor] advertised on [world/simple_demo/model/usv/link/base_link/sensor/imu_sensor/imu]
((((((((((((((((((((((((((((((((((((((((((() ) 2023-03-09T21:01:51.60715597) (2023-03-09T21:01:51.60760157) [Dbg] [SimulationRunner.cc:518] (2023-03-09T21:01:51.60797377) (2023-03-09T21:01:51.60814397) (2023-03-09T21:01:51.608477872023-03-09T21:01:51.60850407Exiting postupdate worker thread () (2023-03-09T21:01:51.60874787) 2023-03-09T21:01:51.608288472023-03-09T21:01:51.60828847) (2023-03-09T21:01:51.60920987) ) (2023-03-09T21:01:51.60891037) (2023-03-09T21:01:51.60988187) (2023-03-09T21:01:51.61025367) (2023-03-09T21:01:51.61048827) 2023-03-09T21:01:51.60939867) ((2023-03-09T21:01:51.609573272023-03-09T21:01:51.61116577) (2023-03-09T21:01:51.61140357) 2023-03-09T21:01:51.61120967)2023-03-09T21:01:51.61120967)) (2023-03-09T21:01:51.61189896) 2023-03-09T21:01:51.612094562023-03-09T21:01:51.61209456
) (2023-03-09T21:01:51.61243426) ) ) 2023-03-09T21:01:51.61269866) 
[Dbg] [SimulationRunner.cc:518] 
[Dbg] [SimulationRunner.cc:518] [Dbg] [SimulationRunner.cc:518] Exiting postupdate worker thread (8)
[Dbg] [SimulationRunner.cc:518] Exiting postupdate worker thread (10)
[Dbg] [SimulationRunner.cc:518] Exiting postupdate worker thread ([Dbg] [SimulationRunner.cc:518] 4)
[Dbg] [SimulationRunner.cc:518] Exiting postupdate worker thread (11)
[Dbg] [SimulationRunner.cc:518] Exiting postupdate worker thread ([Dbg] [SimulationRunner.cc:518] Exiting postupdate worker thread (6)
Exiting postupdate worker thread (9)
Exiting postupdate worker thread ([Dbg] [SimulationRunner.cc:518] Exiting postupdate worker thread (5)
Exiting postupdate worker thread (7)
Exiting postupdate worker thread (Exiting postupdate worker thread (0))


[Dbg] [SimulationRunner.cc:518] 3)
(2023-03-09T21:01:51.62035396) (2023-03-09T21:01:51.62056876) [Dbg] [SimulationRunner.cc:491] Creating PostUpdate worker threads: 22
(2023-03-09T21:01:51.62117955) (2023-03-09T21:01:51.62135655) [Dbg] [SimulationRunner.cc:502] Creating postupdate worker thread (0)
(2023-03-09T21:01:51.62227145) (2023-03-09T21:01:51.62245305) [Dbg] [SimulationRunner.cc:502] Creating postupdate worker thread (1)
(2023-03-09T21:01:51.62328075) (2023-03-09T21:01:51.62355265) [Dbg] [SimulationRunner.cc:502] Creating postupdate worker thread (2)
(2023-03-09T21:01:51.62456495) (2023-03-09T21:01:51.62475995) [Dbg] [SimulationRunner.cc:502] Creating postupdate worker thread (3)
(2023-03-09T21:01:51.62562865) (2023-03-09T21:01:51.62586015) [Dbg] [SimulationRunner.cc:502] Creating postupdate worker thread (4)
(2023-03-09T21:01:51.62680375) (2023-03-09T21:01:51.62696215) [Dbg] [SimulationRunner.cc:502] Creating postupdate worker thread (5)
(2023-03-09T21:01:51.62770705) (2023-03-09T21:01:51.62786395) [Dbg] [SimulationRunner.cc:502] Creating postupdate worker thread (6)
(2023-03-09T21:01:51.62859215) (2023-03-09T21:01:51.62875025) [Dbg] [SimulationRunner.cc:502] Creating postupdate worker thread (7)
(2023-03-09T21:01:51.62951325) (2023-03-09T21:01:51.62966915) [Dbg] [SimulationRunner.cc:502] Creating postupdate worker thread (8)
(2023-03-09T21:01:51.63055304) (2023-03-09T21:01:51.63071754) [Dbg] [SimulationRunner.cc:502] Creating postupdate worker thread (9)
(2023-03-09T21:01:51.63145964) (2023-03-09T21:01:51.63161734) [Dbg] [SimulationRunner.cc:502] Creating postupdate worker thread (10)
(2023-03-09T21:01:51.63233064) (2023-03-09T21:01:51.63248944) [Dbg] [SimulationRunner.cc:502] Creating postupdate worker thread (11)
(2023-03-09T21:01:51.63320824) (2023-03-09T21:01:51.63336214) [Dbg] [SimulationRunner.cc:502] Creating postupdate worker thread (12)
(2023-03-09T21:01:51.63409644) (2023-03-09T21:01:51.63424814) [Dbg] [SimulationRunner.cc:502] Creating postupdate worker thread (13)
(2023-03-09T21:01:51.63495374) (2023-03-09T21:01:51.63510924) [Dbg] [SimulationRunner.cc:502] Creating postupdate worker thread (14)
(2023-03-09T21:01:51.63583344) (2023-03-09T21:01:51.63603504) [Dbg] [SimulationRunner.cc:502] Creating postupdate worker thread (15)
(2023-03-09T21:01:51.63708894) (2023-03-09T21:01:51.63725704) [Dbg] [SimulationRunner.cc:502] Creating postupdate worker thread (16)
(2023-03-09T21:01:51.63808304) (2023-03-09T21:01:51.63824424) [Dbg] [SimulationRunner.cc:502] Creating postupdate worker thread (17)
(2023-03-09T21:01:51.63908973) (2023-03-09T21:01:51.63924933) [Dbg] [SimulationRunner.cc:502] Creating postupdate worker thread (18)
(2023-03-09T21:01:51.64007733) (2023-03-09T21:01:51.64023153) [Dbg] [SimulationRunner.cc:502] Creating postupdate worker thread (19)
(2023-03-09T21:01:51.64095353) (2023-03-09T21:01:51.64112203) [Dbg] [SimulationRunner.cc:502] Creating postupdate worker thread (20)
(2023-03-09T21:01:51.64724873) (2023-03-09T21:01:51.64743623) [Msg] Address [usv] bound to model [usv] on topic [model/usv/rx]
(2023-03-09T21:01:51.64823002) (2023-03-09T21:01:51.64838532) [Dbg] [CommsEndpoint.cc:89] Succesfuly bound to [usv] on topic [model/usv/rx]
(2023-03-09T21:01:51.476063253) (2023-03-09T21:01:51.476078453) [Dbg] [RenderUtil.cc:2529] Create scene [scene]
(2023-03-09T21:01:51.542457345) (2023-03-09T21:01:51.542479605) [Dbg] [Sensors.cc:254] Rendering Thread initialized
(2023-03-09T21:01:51.547635849) (2023-03-09T21:01:51.547674279) [Wrn] [Ogre2Heightmap.cc:125] Heightmap final sampling should be 2^n
 which differs from ogre1's 2^n+1
The last row and column will be cropped
size = (width * sampling) - sampling + 1
[257] = ([257] * [1]) - [1] + 1
(2023-03-09T21:01:51.589945739) (2023-03-09T21:01:51.589960789) [Msg] Loading heightmap: scene::Heightmap(65478)
(2023-03-09T21:01:51.589990229) (2023-03-09T21:01:51.589999679) [Msg] Heightmap loaded. Process took 0 ms.
(2023-03-09T21:01:55.386228728) (2023-03-09T21:01:55.386247688) [Dbg] [Ogre2ParticleEmitter.cc:514] Particle emitter initialized
(2023-03-09T21:01:55.386449587) (2023-03-09T21:01:55.386464687) [Dbg] [Ogre2ParticleEmitter.cc:514] Particle emitter initialized
(2023-03-09T21:01:55.386683407) (2023-03-09T21:01:55.386698477) [Dbg] [Ogre2ParticleEmitter.cc:514] Particle emitter initialized
(2023-03-09T21:01:55.959403860) (2023-03-09T21:01:55.959419810) [Dbg] [Ogre2ParticleEmitter.cc:514] Particle emitter initialized
(2023-03-09T21:01:55.959626849) (2023-03-09T21:01:55.959637339) [Dbg] [Ogre2ParticleEmitter.cc:514] Particle emitter initialized
(2023-03-09T21:01:55.959797859) (2023-03-09T21:01:55.959809489) [Dbg] [Ogre2ParticleEmitter.cc:514] Particle emitter initialized
(2023-03-09T21:01:55.974490442) (2023-03-09T21:01:55.974518502) [Dbg] [Lidar.cc:122] Laser scans for [usv::sensor_6::sensor_link::lidar] advertised on [world/simple_demo/model/usv/model/sensor_6/link/sensor_link/sensor/lidar/scan]
(2023-03-09T21:01:55.975015591) (2023-03-09T21:01:55.975034061) [Dbg] [GpuLidarSensor.cc:164] Lidar points for [usv::sensor_6::sensor_link::lidar] advertised on [world/simple_demo/model/usv/model/sensor_6/link/sensor_link/sensor/lidar/scan/points]
(2023-03-09T21:01:55.975455280) (2023-03-09T21:01:55.975477800) [Msg] Loading plugin [ignition-rendering-ogre2]
(2023-03-09T21:01:56.502099059) (2023-03-09T21:01:56.502124779) [Dbg] [EntityComponentManager.cc:1587] Updated state thread iterators: 24 threads processing around 10 entities each.
(2023-03-09T21:11:59.85158823) (2023-03-09T21:11:59.85190393) [Msg] Scoring has Started
(2023-03-09T21:11:59.85544923) (2023-03-09T21:11:59.85561483) [Err] [GameLogicPlugin.cc:2121] Invalid configuration detected: 
[usv] Initial Position (10 40 0.299843) is not in the starting area -15 -15 -5 15 15 5
(2023-03-09T22:15:59.25022251) (2023-03-09T22:15:59.25051901) [Msg] Time limit[3600s] reached.
(2023-03-09T22:15:59.25625321) (2023-03-09T22:15:59.25642911) [Msg] Scoring has finished. Elapsed real time: 3839 seconds. Elapsed sim time: 3600 seconds. 
(2023-03-09T22:19:14.482850254) (2023-03-09T22:19:14.482875834) [Dbg] [SignalHandler.cc:141] Received signal[2].
(2023-03-09T22:19:14.482936544) (2023-03-09T22:19:14.482954794) [Dbg] [ServerPrivate.cc:110] Server received signal[2]
(2023-03-09T22:19:14.483226634) (2023-03-09T22:19:14.483245984) [Dbg] [Sensors.cc:406] SensorsPrivate::Stop
(2023-03-09T22:19:14.486581597) (2023-03-09T22:19:14.486612897) [Dbg] [Sensors.cc:392] SensorsPrivate::RenderThread stopped
(2023-03-09T22:19:14.493507224) (2023-03-09T22:19:14.493530704) [Dbg] [ign.cc:410] Shutting down ign-gazebo-server
((((((((((2023-03-09T22:19:14.496797527) (2023-03-09T22:19:14.496828847) ([Dbg] [SimulationRunner.cc:518] (Exiting postupdate worker thread ((Exiting postupdate worker thread (1((1(((() (() (() (2023-03-09T22:19:14.496955787(2023-03-09T22:19:14.496955787) (2023-03-09T22:19:14.496993667) 2023-03-09T22:19:14.496924197) (2023-03-09T22:19:14.497065737) )[Dbg] [SimulationRunner.cc:518] 
2023-03-09T22:19:14.497803388) (2023-03-09T22:19:14.497833558) ) (2023-03-09T22:19:14.4970195772023-03-09T22:19:14.4978773582023-03-09T22:19:14.4970195772023-03-09T22:19:14.497877358) 2023-03-09T22:19:14.4970979872023-03-09T22:19:14.4979102082023-03-09T22:19:14.4970979872023-03-09T22:19:14.497910208) (2023-03-09T22:19:14.4981269482023-03-09T22:19:14.4981269482023-03-09T22:19:14.4978086782023-03-09T22:19:14.496773166) (2023-03-09T22:19:14.498188528) ((2023-03-09T22:19:14.498236248) (2023-03-09T22:19:14.498264948) ) (2023-03-09T22:19:14.498340808) (2023-03-09T22:19:14.498193838) (2023-03-09T22:19:14.498436128) (2023-03-09T22:19:14.498482088) (2023-03-09T22:19:14.498512029) (2023-03-09T22:19:14.498593969) 2023-03-09T22:19:14.498629489) (2023-03-09T22:19:14.498673349) 2023-03-09T22:19:14.498397198) () ) (2023-03-09T22:19:14.498803729) (2023-03-09T22:19:14.498846229) (2023-03-09T22:19:14.498876059) 2023-03-09T22:19:14.498600539)[Dbg] [SimulationRunner.cc:518] ) (2023-03-09T22:19:14.498933989) ) (2023-03-09T22:19:14.498739639) (2023-03-09T22:19:14.499031299) ) (Exiting postupdate worker thread (2023-03-09T22:19:14.499080929Exiting postupdate worker thread (2023-03-09T22:19:14.499080929) ) 2023-03-09T22:19:14.499121409) (2023-03-09T22:19:14.499152539) 3)
[Dbg] [SimulationRunner.cc:518] [Dbg] [SimulationRunner.cc:518] [Dbg] [SimulationRunner.cc:518] [Dbg] [SimulationRunner.cc:518] [Dbg] [SimulationRunner.cc:518] [Dbg] [SimulationRunner.cc:518] [Dbg] [SimulationRunner.cc:518] [Dbg] [SimulationRunner.cc:518] [Dbg] [SimulationRunner.cc:518] Exiting postupdate worker thread (7)
[Dbg] [SimulationRunner.cc:518] Exiting postupdate worker thread (20)
[Dbg] [SimulationRunner.cc:518] Exiting postupdate worker thread (4)
[Dbg] [SimulationRunner.cc:518] Exiting postupdate worker thread (15)
Exiting postupdate worker thread (11))[Dbg] [SimulationRunner.cc:518] Exiting postupdate worker thread (9)
Exiting postupdate worker thread (0)
[Dbg] [SimulationRunner.cc:518] Exiting postupdate worker thread (18[Dbg] [SimulationRunner.cc:518] [Dbg] [SimulationRunner.cc:518] 18[Dbg] [SimulationRunner.cc:518] [Dbg] [SimulationRunner.cc:518] [Dbg] [SimulationRunner.cc:518] Exiting postupdate worker thread (8)
Exiting postupdate worker thread (14)
Exiting postupdate worker thread (10)
)
Exiting postupdate worker thread (Exiting postupdate worker thread ([Dbg] [SimulationRunner.cc:518] [Dbg] [SimulationRunner.cc:518] [Dbg] [SimulationRunner.cc:518] Exiting postupdate worker thread (12)
Exiting postupdate worker thread ()
Exiting postupdate worker thread (62)
)
[Dbg] [SimulationRunner.cc:518] [Dbg] [SimulationRunner.cc:518] 19)
5)
17Exiting postupdate worker thread (16)

(2023-03-09T22:19:14.543855574) (2023-03-09T22:19:14.543870824) [Dbg] [Sensors.cc:406] SensorsPrivate::Stop
(2023-03-09T22:19:14.566089607) (2023-03-09T22:19:14.566112167) [Msg] Stopping recording
