(2023-03-11T18:22:17.82270623) (2023-03-11T18:22:17.82292073) [Msg] Ignition Gazebo Server v6.11.0
(2023-03-11T18:22:17.85847551) (2023-03-11T18:22:17.85869191) [Msg] Loading SDF world file[/home/developer/mbzirc_ws/install/share/mbzirc_ign/worlds/simple_demo.sdf].
(2023-03-11T18:22:17.397607786) (2023-03-11T18:22:17.397621956) [Msg] Serving entity system service on [/entity/system/add]
(2023-03-11T18:22:17.432345111) (2023-03-11T18:22:17.432360971) [Dbg] [Physics.cc:803] Loaded [ignition::physics::dartsim::Plugin] from library [/usr/lib/x86_64-linux-gnu/ign-physics-5/engine-plugins/libignition-physics-dartsim-plugin.so]
(2023-03-11T18:22:17.432419831) (2023-03-11T18:22:17.432428751) [Dbg] [SystemManager.cc:58] Loaded system [ignition::gazebo::systems::Physics] for entity [1]
(2023-03-11T18:22:17.434003359) (2023-03-11T18:22:17.434015799) [Msg] Create service on [/world/simple_demo/create]
(2023-03-11T18:22:17.434121779) (2023-03-11T18:22:17.434132039) [Msg] Remove service on [/world/simple_demo/remove]
(2023-03-11T18:22:17.434224989) (2023-03-11T18:22:17.434235229) [Msg] Pose service on [/world/simple_demo/set_pose]
(2023-03-11T18:22:17.434316119) (2023-03-11T18:22:17.434326789) [Msg] Pose service on [/world/simple_demo/set_pose_vector]
(2023-03-11T18:22:17.434445069) (2023-03-11T18:22:17.434455519) [Msg] Light configuration service on [/world/simple_demo/light_config]
(2023-03-11T18:22:17.434606459) (2023-03-11T18:22:17.434617729) [Msg] Physics service on [/world/simple_demo/set_physics]
(2023-03-11T18:22:17.434708759) (2023-03-11T18:22:17.434719139) [Msg] SphericalCoordinates service on [/world/simple_demo/set_spherical_coordinates]
(2023-03-11T18:22:17.434783569) (2023-03-11T18:22:17.434793459) [Msg] Enable collision service on [/world/simple_demo/enable_collision]
(2023-03-11T18:22:17.434854339) (2023-03-11T18:22:17.434863169) [Msg] Disable collision service on [/world/simple_demo/disable_collision]
(2023-03-11T18:22:17.434982129) (2023-03-11T18:22:17.434993589) [Msg] Material service on [/world/simple_demo/visual_config]
(2023-03-11T18:22:17.435078069) (2023-03-11T18:22:17.435089609) [Msg] Material service on [/world/simple_demo/wheel_slip]
(2023-03-11T18:22:17.435125089) (2023-03-11T18:22:17.435135549) [Dbg] [SystemManager.cc:58] Loaded system [ignition::gazebo::systems::UserCommands] for entity [1]
(2023-03-11T18:22:17.454050095) (2023-03-11T18:22:17.454059665) [Dbg] [Sensors.cc:479] Configuring Sensors system
(2023-03-11T18:22:17.454122525) (2023-03-11T18:22:17.454131195) [Dbg] [Sensors.cc:398] SensorsPrivate::Run
(2023-03-11T18:22:17.454201645) (2023-03-11T18:22:17.454212725) [Dbg] [SystemManager.cc:58] Loaded system [ignition::gazebo::systems::Sensors] for entity [1]2023-03-11T18:22:17.454245285) (2023-03-11T18:22:17.454291215) [Dbg] [Sensors.cc:378] SensorsPrivate::RenderThread started
(2023-03-11T18:22:17.454348805) (2023-03-11T18:22:17.454367835) [Dbg] [Sensors.cc:228] Waiting for init
(2023-03-11T18:22:17.455705364) (2023-03-11T18:22:17.455718284) [Dbg] [SystemManager.cc:58] Loaded system [ignition::gazebo::systems::AirPressure] for entity [1]
(2023-03-11T18:22:17.457162133) (2023-03-11T18:22:17.457173843) [Dbg] [SystemManager.cc:58] Loaded system [ignition::gazebo::systems::Altimeter] for entity [1]
(2023-03-11T18:22:17.458617062) (2023-03-11T18:22:17.458627772) [Dbg] [SystemManager.cc:58] Loaded system [ignition::gazebo::systems::Imu] for entity [1]
(2023-03-11T18:22:17.460029551) (2023-03-11T18:22:17.460040241) [Dbg] [SystemManager.cc:58] Loaded system [ignition::gazebo::systems::Magnetometer] for entity [1]
(2023-03-11T18:22:17.461474840) (2023-03-11T18:22:17.461486390) [Dbg] [SystemManager.cc:58] Loaded system [ignition::gazebo::systems::ForceTorque] for entity [1]
(2023-03-11T18:22:17.462550189) (2023-03-11T18:22:17.462560859) [Msg] Serving particle emitter information on [/world/simple_demo/particle_emitters]
(2023-03-11T18:22:17.462611599) (2023-03-11T18:22:17.462619949) [Dbg] [SystemManager.cc:58] Loaded system [ignition::gazebo::systems::ParticleEmitter2] for entity [1]
(2023-03-11T18:22:17.463775069) (2023-03-11T18:22:17.463796549) [Dbg] [SystemManager.cc:58] Loaded system [ignition::gazebo::systems::SceneBroadcaster] for entity [1]
(2023-03-11T18:22:17.464690148) (2023-03-11T18:22:17.464700328) [Dbg] [SystemManager.cc:58] Loaded system [ignition::gazebo::systems::Contact] for entity [1]
(2023-03-11T18:22:17.465741677) (2023-03-11T18:22:17.465752577) [Dbg] [RFComms.cc:385] Range configuration:
RF Configuration (range-based)
-- max_range: 500000
-- fading_exponent: 2.6
-- l0: 40
-- sigma: 10

(2023-03-11T18:22:17.465838937) (2023-03-11T18:22:17.465848717) [Dbg] [RFComms.cc:388] Radio configuration:
Radio Configuration
-- capacity: 1e+06
-- tx_power: 25
-- noise_floor: -90
-- modulation: QPSK

(2023-03-11T18:22:17.466061227) (2023-03-11T18:22:17.466072047) [Dbg] [Broker.cc:113] Broker services:
(2023-03-11T18:22:17.466097177) (2023-03-11T18:22:17.466105247) [Dbg] [Broker.cc:114]   Bind: [/broker/bind]
(2023-03-11T18:22:17.466134307) (2023-03-11T18:22:17.466142017) [Dbg] [Broker.cc:115]   Unbind: [/broker/unbind]
(2023-03-11T18:22:17.466169096) (2023-03-11T18:22:17.466177156) [Dbg] [Broker.cc:116] Broker topics:
(2023-03-11T18:22:17.466198796) (2023-03-11T18:22:17.466206736) [Dbg] [Broker.cc:117]   Incoming messages: [/broker/msgs]
(2023-03-11T18:22:17.466237566) (2023-03-11T18:22:17.466245846) [Dbg] [SystemManager.cc:58] Loaded system [ignition::gazebo::systems::RFComms] for entity [1]
(2023-03-11T18:22:17.468303464) (2023-03-11T18:22:17.468314654) [Dbg] [RFRange.cc:339] RFRange sensor range configuration:
RF Configuration (range-based)
-- max_range: 500000
-- fading_exponent: 2.6
-- l0: 40
-- sigma: 0.005
-- rssi_1: -15

(2023-03-11T18:22:17.468413144) (2023-03-11T18:22:17.468423534) [Dbg] [RFRange.cc:342] RFRange sensor radio configuration:
Radio Configuration
-- tx_power: 25
-- noise_floor: -90

(2023-03-11T18:22:17.468497524) (2023-03-11T18:22:17.468507004) [Dbg] [SystemManager.cc:58] Loaded system [ignition::gazebo::systems::RFRange] for entity [1]
(2023-03-11T18:22:17.471851522) (2023-03-11T18:22:17.471861601) [Msg] Overwriting existing file [/tmp/ign/mbzirc/playback/state.tlog]
(2023-03-11T18:22:17.561456157) (2023-03-11T18:22:17.561475917) [Msg] Recording to log file [/tmp/ign/mbzirc/playback/state.tlog]
(2023-03-11T18:22:17.561524977) (2023-03-11T18:22:17.561534017) [Dbg] [LogRecord.cc:334] Recording default topic[/playback/sdf].
(2023-03-11T18:22:17.561559576) (2023-03-11T18:22:17.561568896) [Dbg] [LogRecord.cc:335] Recording default topic[/world/simple_demo/changed_state].
(2023-03-11T18:22:17.597165762) (2023-03-11T18:22:17.597184352) [Dbg] [SystemManager.cc:58] Loaded system [ignition::gazebo::systems::LogRecord] for entity [1]
(2023-03-11T18:22:17.599428070) (2023-03-11T18:22:17.599444760) [Dbg] [SystemManager.cc:58] Loaded system [ignition::gazebo::systems::WindEffects] for entity [1]
(2023-03-11T18:22:17.602912457) (2023-03-11T18:22:17.602926007) [Msg] MBZIRC log path: /tmp/ign/mbzirc/logs
(2023-03-11T18:22:17.603224307) (2023-03-11T18:22:17.603233607) [Msg] Run duration set to 3600 seconds.
(2023-03-11T18:22:17.603291107) (2023-03-11T18:22:17.603301017) [Msg] Geofence boundary min: -70 -70 -25, max: 70 70 121.92
(2023-03-11T18:22:17.603385617) (2023-03-11T18:22:17.603395627) [Msg] Start area boundary min: -15 -15 -5, max: 15 15 5
(2023-03-11T18:22:17.603466187) (2023-03-11T18:22:17.603476807) [Msg] Setup duration set to 600 seconds.
(2023-03-11T18:22:17.603507147) (2023-03-11T18:22:17.603517227) [Msg] Target vessel: Vessel A
(2023-03-11T18:22:17.603568467) (2023-03-11T18:22:17.603577727) [Msg]   Small object: small_blue_box_a
(2023-03-11T18:22:17.603604946) (2023-03-11T18:22:17.603614746) [Msg]   Small object: small_blue_box_a_duplicate
(2023-03-11T18:22:17.603642936) (2023-03-11T18:22:17.603651306) [Msg]   Large object: large_dry_box_a
(2023-03-11T18:22:17.603677896) (2023-03-11T18:22:17.603686756) [Msg]   Large object: large_dry_box_a_duplicate
(2023-03-11T18:22:17.604731715) (2023-03-11T18:22:17.604746365) [Msg] Starting MBZIRC
(2023-03-11T18:22:17.604863575) (2023-03-11T18:22:17.604876835) [Dbg] [SystemManager.cc:58] Loaded system [mbzirc::GameLogicPlugin] for entity [1]
(2023-03-11T18:22:17.610254752) (2023-03-11T18:22:17.610266832) [Msg] Using Pierson-Moskowitz spectrum sampling wavefield model 
(2023-03-11T18:22:17.610546931) (2023-03-11T18:22:17.610557051) [Msg] Using Pierson-Moskowitz spectrum sampling wavefield model 
(2023-03-11T18:22:17.980962914) (2023-03-11T18:22:17.980989544) [Msg] Input Parameters:
(2023-03-11T18:22:17.981047624) (2023-03-11T18:22:17.981067154) [Msg] model:     PMS
(2023-03-11T18:22:17.981145504) (2023-03-11T18:22:17.981171414) [Msg] number:     3
(2023-03-11T18:22:17.981229124) (2023-03-11T18:22:17.981255554) [Msg] scale:      1.1
(2023-03-11T18:22:17.981337344) (2023-03-11T18:22:17.981358554) [Msg] angle:      0.4
(2023-03-11T18:22:17.981416944) (2023-03-11T18:22:17.981437194) [Msg] steepness:  0
(2023-03-11T18:22:17.981492794) (2023-03-11T18:22:17.981513644) [Msg] amplitude:  0
(2023-03-11T18:22:17.981569444) (2023-03-11T18:22:17.981589293) [Msg] period:     5
(2023-03-11T18:22:17.981644903) (2023-03-11T18:22:17.981664303) [Msg] direction:  1 0
(2023-03-11T18:22:17.981747763) (2023-03-11T18:22:17.981767143) [Msg] tau:  2
(2023-03-11T18:22:17.981821723) (2023-03-11T18:22:17.981841623) [Msg] gain:  0.3
(2023-03-11T18:22:17.981897543) (2023-03-11T18:22:17.981917073) [Msg] Derived Parameters:
(2023-03-11T18:22:17.981964193) (2023-03-11T18:22:17.981984553) [Msg] amplitudes:  0.0363502, 0.0392277, 0.0385703, 
(2023-03-11T18:22:17.982108863) (2023-03-11T18:22:17.982128463) [Msg] wavenumbers: 0.133171, 0.161136, 0.194975, 
(2023-03-11T18:22:17.982226613) (2023-03-11T18:22:17.982245753) [Msg] omegas:      1.1424, 1.25664, 1.3823, 
(2023-03-11T18:22:17.982343543) (2023-03-11T18:22:17.982363333) [Msg] periods:     (2023-03-11T18:22:17.982411043) (2023-03-11T18:22:17.982431403) [Msg] 5.5, (2023-03-11T18:22:17.982479043) (2023-03-11T18:22:17.982498513) [Msg] 5, (2023-03-11T18:22:17.982543373) (2023-03-11T18:22:17.982563083) [Msg] 4.54545, (2023-03-11T18:22:17.982608213) (2023-03-11T18:22:17.982627013) [Msg] 
(2023-03-11T18:22:17.982665253) (2023-03-11T18:22:17.982684893) [Msg] phases:      0, 0, 0, 
(2023-03-11T18:22:17.982781233) (2023-03-11T18:22:17.982801223) [Msg] steepnesses: 0, 0, 0, 
(2023-03-11T18:22:17.982897343) (2023-03-11T18:22:17.982916963) [Msg] directions:  (2023-03-11T18:22:17.982962033) (2023-03-11T18:22:17.982981903) [Msg] 0.921061 -0.389418; (2023-03-11T18:22:17.983050773) (2023-03-11T18:22:17.983070873) [Msg] 1 0; (2023-03-11T18:22:17.983134223) (2023-03-11T18:22:17.983153662) [Msg] 0.921061 0.389418; (2023-03-11T18:22:17.983216852) (2023-03-11T18:22:17.983237082) [Msg] 
(2023-03-11T18:22:17.983958912) (2023-03-11T18:22:17.983981862) [Dbg] [SystemManager.cc:58] Loaded system [ignition::gazebo::systems::WaveVisual] for entity [23]
(2023-03-11T18:22:17.989020869) (2023-03-11T18:22:17.989044229) [Msg] Using Pierson-Moskowitz spectrum sampling wavefield model 
(2023-03-11T18:22:17.989467268) (2023-03-11T18:22:17.989491358) [Msg] Using Pierson-Moskowitz spectrum sampling wavefield model 
(2023-03-11T18:22:17.989583168) (2023-03-11T18:22:17.989604088) [Msg] Input Parameters:
(2023-03-11T18:22:17.989651828) (2023-03-11T18:22:17.989672268) [Msg] model:     PMS
(2023-03-11T18:22:17.989727248) (2023-03-11T18:22:17.989747348) [Msg] number:     3
(2023-03-11T18:22:17.989783958) (2023-03-11T18:22:17.989792668) [Msg] scale:      1.1
(2023-03-11T18:22:17.989817608) (2023-03-11T18:22:17.989826228) [Msg] angle:      0.4
(2023-03-11T18:22:17.989850728) (2023-03-11T18:22:17.989858538) [Msg] steepness:  0
(2023-03-11T18:22:17.989883988) (2023-03-11T18:22:17.989892218) [Msg] amplitude:  0
(2023-03-11T18:22:17.989916978) (2023-03-11T18:22:17.989925318) [Msg] period:     5
(2023-03-11T18:22:17.989948108) (2023-03-11T18:22:17.989956798) [Msg] direction:  1 0
(2023-03-11T18:22:17.989987898) (2023-03-11T18:22:17.989996428) [Msg] tau:  2
(2023-03-11T18:22:17.990020938) (2023-03-11T18:22:17.990029538) [Msg] gain:  0.3
(2023-03-11T18:22:17.990053768) (2023-03-11T18:22:17.990062358) [Msg] Derived Parameters:
(2023-03-11T18:22:17.990093168) (2023-03-11T18:22:17.990102028) [Msg] amplitudes:  0.0363502, 0.0392277, 0.0385703, 
(2023-03-11T18:22:17.990146528) (2023-03-11T18:22:17.990155858) [Msg] wavenumbers: 0.133171, 0.161136, 0.194975, 
(2023-03-11T18:22:17.990198207) (2023-03-11T18:22:17.990206747) [Msg] omegas:      1.1424, 1.25664, 1.3823, 
(2023-03-11T18:22:17.990249537) (2023-03-11T18:22:17.990257897) [Msg] periods:     (2023-03-11T18:22:17.990274167) (2023-03-11T18:22:17.990282647) [Msg] 5.5, (2023-03-11T18:22:17.990305257) (2023-03-11T18:22:17.990313967) [Msg] 5, (2023-03-11T18:22:17.990332877) (2023-03-11T18:22:17.990341877) [Msg] 4.54545, (2023-03-11T18:22:17.990361247) (2023-03-11T18:22:17.990368877) [Msg] 
(2023-03-11T18:22:17.990383347) (2023-03-11T18:22:17.990391867) [Msg] phases:      0, 0, 0, 
(2023-03-11T18:22:17.990430237) (2023-03-11T18:22:17.990437607) [Msg] steepnesses: 0, 0, 0, 
(2023-03-11T18:22:17.990475247) (2023-03-11T18:22:17.990482907) [Msg] directions:  (2023-03-11T18:22:17.990499347) (2023-03-11T18:22:17.990508097) [Msg] 0.921061 -0.389418; (2023-03-11T18:22:17.990536207) (2023-03-11T18:22:17.990544267) [Msg] 1 0; (2023-03-11T18:22:17.990571607) (2023-03-11T18:22:17.990580367) [Msg] 0.921061 0.389418; (2023-03-11T18:22:17.990608277) (2023-03-11T18:22:17.990616727) [Msg] 
(2023-03-11T18:22:17.990659217) (2023-03-11T18:22:17.990669067) [Dbg] [Surface.cc:161] Surface plugin successfully configured with the following parameters:
(2023-03-11T18:22:17.990698897) (2023-03-11T18:22:17.990707447) [Dbg] [Surface.cc:163]   <link_name>: link
(2023-03-11T18:22:17.990731847) (2023-03-11T18:22:17.990740157) [Dbg] [Surface.cc:164]   <vehicle_length>: 6
(2023-03-11T18:22:17.990765637) (2023-03-11T18:22:17.990773857) [Dbg] [Surface.cc:165]   <vehicle_width>: 3.3
(2023-03-11T18:22:17.990798697) (2023-03-11T18:22:17.990807157) [Dbg] [Surface.cc:166]   <hull_radius>: 1.9
(2023-03-11T18:22:17.990830637) (2023-03-11T18:22:17.990839397) [Dbg] [Surface.cc:167]   <num_samples>: 2
(2023-03-11T18:22:17.990861657) (2023-03-11T18:22:17.990870417) [Dbg] [Surface.cc:168]   <fluid_level>: 0.45
(2023-03-11T18:22:17.990895017) (2023-03-11T18:22:17.990904127) [Dbg] [Surface.cc:169]   <fluid_density>: 997.774
(2023-03-11T18:22:17.990943157) (2023-03-11T18:22:17.990952267) [Dbg] [SystemManager.cc:58] Loaded system [ignition::gazebo::systems::Surface] for entity [24]
(2023-03-11T18:22:17.992679295) (2023-03-11T18:22:17.992689935) [Dbg] [SimpleHydrodynamics.cc:167] SimpleHydrodynamics plugin successfully configured with the following parameters:
(2023-03-11T18:22:17.992717675) (2023-03-11T18:22:17.992726655) [Dbg] [SimpleHydrodynamics.cc:169]   <link_name>: link
(2023-03-11T18:22:17.992753405) (2023-03-11T18:22:17.992762255) [Dbg] [SimpleHydrodynamics.cc:170]   <xDotU>: 0
(2023-03-11T18:22:17.992788905) (2023-03-11T18:22:17.992799115) [Dbg] [SimpleHydrodynamics.cc:171]   <yDotV>: 0
(2023-03-11T18:22:17.992824645) (2023-03-11T18:22:17.992833475) [Dbg] [SimpleHydrodynamics.cc:172]   <zDotW>: 0.1
(2023-03-11T18:22:17.992860055) (2023-03-11T18:22:17.992868995) [Dbg] [SimpleHydrodynamics.cc:173]   <kDotP>: 0.1
(2023-03-11T18:22:17.992895054) (2023-03-11T18:22:17.992905174) [Dbg] [SimpleHydrodynamics.cc:174]   <mDotQ>: 0.1
(2023-03-11T18:22:17.992929394) (2023-03-11T18:22:17.992938104) [Dbg] [SimpleHydrodynamics.cc:175]   <nDotR>: 0
(2023-03-11T18:22:17.992962434) (2023-03-11T18:22:17.992970724) [Dbg] [SimpleHydrodynamics.cc:176]   <xU>: 510.3
(2023-03-11T18:22:17.992995284) (2023-03-11T18:22:17.993004364) [Dbg] [SimpleHydrodynamics.cc:177]   <xUU>: 720.4
(2023-03-11T18:22:17.993030364) (2023-03-11T18:22:17.993039404) [Dbg] [SimpleHydrodynamics.cc:178]   <yV>: 400
(2023-03-11T18:22:17.993066024) (2023-03-11T18:22:17.993074184) [Dbg] [SimpleHydrodynamics.cc:179]   <yVV>: 0
(2023-03-11T18:22:17.993109074) (2023-03-11T18:22:17.993118374) [Dbg] [SimpleHydrodynamics.cc:180]   <zW>: 5000
(2023-03-11T18:22:17.993146434) (2023-03-11T18:22:17.993157634) [Dbg] [SimpleHydrodynamics.cc:181]   <zWW>: 0
(2023-03-11T18:22:17.993184714) (2023-03-11T18:22:17.993193374) [Dbg] [SimpleHydrodynamics.cc:182]   <kP>: 500
(2023-03-11T18:22:17.993222574) (2023-03-11T18:22:17.993231874) [Dbg] [SimpleHydrodynamics.cc:183]   <kPP>: 0
(2023-03-11T18:22:17.993257144) (2023-03-11T18:22:17.993265904) [Dbg] [SimpleHydrodynamics.cc:184]   <mQ>: 500
(2023-03-11T18:22:17.993291584) (2023-03-11T18:22:17.993301834) [Dbg] [SimpleHydrodynamics.cc:185]   <mQQ>: 0
(2023-03-11T18:22:17.993327114) (2023-03-11T18:22:17.993335544) [Dbg] [SimpleHydrodynamics.cc:186]   <nR>: 15000
(2023-03-11T18:22:17.993361124) (2023-03-11T18:22:17.993369674) [Dbg] [SimpleHydrodynamics.cc:187]   <nRR>: 0
(2023-03-11T18:22:17.993401084) (2023-03-11T18:22:17.993411484) [Dbg] [SystemManager.cc:58] Loaded system [ignition::gazebo::systems::SimpleHydrodynamics] for entity [24]
(2023-03-11T18:22:17.994747273) (2023-03-11T18:22:17.994757653) [Dbg] [SystemManager.cc:58] Loaded system [ignition::gazebo::systems::DetachableJoint] for entity [28]
(2023-03-11T18:22:17.995230643) (2023-03-11T18:22:17.995240773) [Dbg] [SystemManager.cc:58] Loaded system [ignition::gazebo::systems::DetachableJoint] for entity [44]
(2023-03-11T18:22:17.996021672) (2023-03-11T18:22:17.996031672) [Dbg] [SystemManager.cc:58] Loaded system [ignition::gazebo::systems::DetachableJoint] for entity [60]
(2023-03-11T18:22:17.996789742) (2023-03-11T18:22:17.996800442) [Dbg] [SystemManager.cc:58] Loaded system [ignition::gazebo::systems::DetachableJoint] for entity [112]
(2023-03-11T18:22:17.997933811) (2023-03-11T18:22:17.997944301) [Dbg] [SystemManager.cc:58] Loaded system [ignition::gazebo::systems::CommsEndpoint] for entity [164]
(2023-03-11T18:22:17.998115591) (2023-03-11T18:22:17.998126351) [Dbg] [SystemManager.cc:58] Loaded system [ignition::gazebo::systems::CommsEndpoint] for entity [164]
(2023-03-11T18:22:17.999566880) (2023-03-11T18:22:17.999577010) [Dbg] [SystemManager.cc:58] Loaded system [mbzirc::BaseStation] for entity [164]
(2023-03-11T18:22:18.1341949) (2023-03-11T18:22:18.1353239) [Msg] EntityDetector publishing messages on [/mbzirc/target_object_detector/dropped]
(2023-03-11T18:22:18.1507969) (2023-03-11T18:22:18.1519249) [Dbg] [SystemManager.cc:58] Loaded system [mbzirc::EntityDetector] for entity [168]
(2023-03-11T18:22:18.1604909) (2023-03-11T18:22:18.1615099) [Msg] Loaded level [3]
(2023-03-11T18:22:18.1887859) (2023-03-11T18:22:18.1898599) [Msg] Serving world controls on [/world/simple_demo/control], [/world/simple_demo/control/state] and [/world/simple_demo/playback/control]
(2023-03-11T18:22:18.2008819) (2023-03-11T18:22:18.2018429) [Msg] Serving GUI information on [/world/simple_demo/gui/info]
(2023-03-11T18:22:18.2055369) (2023-03-11T18:22:18.2063789) [Msg] World [simple_demo] initialized with [4ms] physics profile.
(2023-03-11T18:22:18.2178308) (2023-03-11T18:22:18.2188508) [Msg] Serving world SDF generation service on [/world/simple_demo/generate_world_sdf]
(2023-03-11T18:22:18.2267848) (2023-03-11T18:22:18.2277338) [Msg] Serving world names on [/gazebo/worlds]
(2023-03-11T18:22:18.2343228) (2023-03-11T18:22:18.2352658) [Msg] Resource path add service on [/gazebo/resource_paths/add].
(2023-03-11T18:22:18.2419478) (2023-03-11T18:22:18.2428718) [Msg] Resource path get service on [/gazebo/resource_paths/get].
(2023-03-11T18:22:18.2520798) (2023-03-11T18:22:18.2532348) [Msg] Resource path resolve service on [/gazebo/resource_paths/resolve].
(2023-03-11T18:22:18.102755346) (2023-03-11T18:22:18.102775966) [Msg] Resource paths published on [/gazebo/resource_paths].
(2023-03-11T18:22:18.102991876) (2023-03-11T18:22:18.103022696) [Msg] Server control service on [/server_control].
(2023-03-11T18:22:18.103245826) (2023-03-11T18:22:18.103269546) [Msg] Found no publishers on /stats, adding root stats topic
(2023-03-11T18:22:18.103499386) (2023-03-11T18:22:18.103520216) [Msg] Found no publishers on /clock, adding root clock topic
(2023-03-11T18:22:18.103846866) (2023-03-11T18:22:18.103868816) [Dbg] [SimulationRunner.cc:491] Creating PostUpdate worker threads: 13
(2023-03-11T18:22:18.103926516) (2023-03-11T18:22:18.103944736) [Dbg] [SimulationRunner.cc:502] Creating postupdate worker thread (0)
(2023-03-11T18:22:18.104077656) (2023-03-11T18:22:18.104094586) [Dbg] [SimulationRunner.cc:502] Creating postupdate worker thread (1)
(2023-03-11T18:22:18.104183436) (2023-03-11T18:22:18.104201296) [Dbg] [SimulationRunner.cc:502] Creating postupdate worker thread (2)
(2023-03-11T18:22:18.104288665) (2023-03-11T18:22:18.104305765) [Dbg] [SimulationRunner.cc:502] Creating postupdate worker thread (3)
(2023-03-11T18:22:18.104396675) (2023-03-11T18:22:18.104415515) [Dbg] [SimulationRunner.cc:502] Creating postupdate worker thread (4)
(2023-03-11T18:22:18.104510775) (2023-03-11T18:22:18.104529945) [Dbg] [SimulationRunner.cc:502] Creating postupdate worker thread (5)
(2023-03-11T18:22:18.104616815) (2023-03-11T18:22:18.104635475) [Dbg] [SimulationRunner.cc:502] Creating postupdate worker thread (6)
(2023-03-11T18:22:18.104720655) (2023-03-11T18:22:18.104746265) [Dbg] [SimulationRunner.cc:502] Creating postupdate worker thread (7)
(2023-03-11T18:22:18.104870195) (2023-03-11T18:22:18.104895585) [Dbg] [SimulationRunner.cc:502] Creating postupdate worker thread (8)
(2023-03-11T18:22:18.105007205) (2023-03-11T18:22:18.105030775) [Dbg] [SimulationRunner.cc:502] Creating postupdate worker thread (9)
(2023-03-11T18:22:18.105165355) (2023-03-11T18:22:18.105188585) [Dbg] [SimulationRunner.cc:502] Creating postupdate worker thread (10)
(2023-03-11T18:22:18.105311505) (2023-03-11T18:22:18.105332705) [Dbg] [SimulationRunner.cc:502] Creating postupdate worker thread (11)
(2023-03-11T18:22:18.204281204) (2023-03-11T18:22:18.204305424) [Msg] Particle emitter[simple_demo::dust_storm::link::dust_storm] subscribed to command messages on topic[/model/dust_storm/link/link/particle_emitter/dust_storm/cmd]
(2023-03-11T18:22:18.204490854) (2023-03-11T18:22:18.204506414) [Msg] Particle emitter[simple_demo::fog::link::fog] subscribed to command messages on topic[/model/fog/link/link/particle_emitter/fog/cmd]
(2023-03-11T18:22:18.206434432) (2023-03-11T18:22:18.206455412) [Msg] DetachableJoint subscribing to messages on [/Vessel_A/detach]
(2023-03-11T18:22:18.206654112) (2023-03-11T18:22:18.206676202) [Msg] DetachableJoint subscribing to messages on [/Vessel_A/detach]
(2023-03-11T18:22:18.206846621) (2023-03-11T18:22:18.206866111) [Msg] DetachableJoint subscribing to messages on [/Vessel_A/detach]
(2023-03-11T18:22:18.207033111) (2023-03-11T18:22:18.207053631) [Msg] DetachableJoint subscribing to messages on [/Vessel_A/detach]
(2023-03-11T18:22:18.207272311) (2023-03-11T18:22:18.207296121) [Msg] Address [base_station/target] bound to model [base_station] on topic [base_station/target]
(2023-03-11T18:22:18.207386501) (2023-03-11T18:22:18.207405521) [Dbg] [CommsEndpoint.cc:89] Succesfuly bound to [base_station/target] on topic [base_station/target]
(2023-03-11T18:22:18.207566031) (2023-03-11T18:22:18.207590951) [Msg] Address [base_station/video] bound to model [base_station] on topic [base_station/video]
(2023-03-11T18:22:18.207680560) (2023-03-11T18:22:18.207698100) [Dbg] [CommsEndpoint.cc:89] Succesfuly bound to [base_station/video] on topic [base_station/video]
(2023-03-11T18:22:18.284936045) (2023-03-11T18:22:18.284950845) [Dbg] [Physics.cc:1593] Creating detachable joint [170]
(2023-03-11T18:22:18.285113195) (2023-03-11T18:22:18.285122995) [Dbg] [Physics.cc:1593] Creating detachable joint [171]
(2023-03-11T18:22:18.285239054) (2023-03-11T18:22:18.285249254) [Dbg] [Physics.cc:1593] Creating detachable joint [172]
(2023-03-11T18:22:18.285562524) (2023-03-11T18:22:18.285573244) [Dbg] [Physics.cc:1593] Creating detachable joint [173]
(2023-03-11T18:22:18.286788043) (2023-03-11T18:22:18.286799313) [Dbg] [SimulationFeatures.cc:63] Simulation timestep set to: 0.004
(2023-03-11T18:22:18.297237837) (2023-03-11T18:22:18.297264097) [Msg] Serving scene information on [/world/simple_demo/scene/info]
(2023-03-11T18:22:18.297456487) (2023-03-11T18:22:18.297482317) [Msg] Serving graph information on [/world/simple_demo/scene/graph]
(2023-03-11T18:22:18.297658326) (2023-03-11T18:22:18.297684016) [Msg] Serving full state on [/world/simple_demo/state]
(2023-03-11T18:22:18.297849836) (2023-03-11T18:22:18.297870726) [Msg] Serving full state (async) on [/world/simple_demo/state_async]
(2023-03-11T18:22:18.298039466) (2023-03-11T18:22:18.298059066) [Msg] Publishing scene information on [/world/simple_demo/scene/info]
(2023-03-11T18:22:18.298228776) (2023-03-11T18:22:18.298249656) [Msg] Publishing entity deletions on [/world/simple_demo/scene/deletion]
(2023-03-11T18:22:18.298377376) (2023-03-11T18:22:18.298397556) [Msg] Publishing state changes on [/world/simple_demo/state]
(2023-03-11T18:22:18.298562146) (2023-03-11T18:22:18.298582496) [Msg] Publishing pose messages on [/world/simple_demo/pose/info]
(2023-03-11T18:22:18.298731886) (2023-03-11T18:22:18.298753066) [Msg] Publishing dynamic pose messages on [/world/simple_demo/dynamic_pose/info]
(2023-03-11T18:22:18.299137586) (2023-03-11T18:22:18.299159876) [Dbg] [EntityComponentManager.cc:1587] Updated state thread iterators: 24 threads processing around 8 entities each.
(2023-03-11T18:22:18.299544365) (2023-03-11T18:22:18.299569155) [Wrn] [Model.hh:69] Skipping serialization / deserialization for models with //pose/@relative_to attribute.
(2023-03-11T18:22:18.299991865) (2023-03-11T18:22:18.300015135) [Wrn] [Component.hh:144] Trying to serialize component with data type [N3sdf3v125WorldE], which doesn't have `operator<<`. Component will not be serialized.
(2023-03-11T18:22:18.325770776) (2023-03-11T18:22:18.325792146) [Dbg] [EntityComponentManager.cc:1587] Updated state thread iterators: 24 threads processing around 8 entities each.
(2023-03-11T18:22:24.673820286) (2023-03-11T18:22:24.673833086) [Msg] Linear velocity initialized to [0 0 0]
(2023-03-11T18:22:24.673883056) (2023-03-11T18:22:24.673892156) [Msg] Angular velocity initialized to [0 0 0]
(2023-03-11T18:22:24.674083306) (2023-03-11T18:22:24.674093096) [Msg] VelocityControl subscribing to twist messages on [/model/usv/cmd_vel]
(2023-03-11T18:22:24.674128616) (2023-03-11T18:22:24.674138516) [Dbg] [SystemManager.cc:58] Loaded system [ignition::gazebo::systems::VelocityControl] for entity [174]
(2023-03-11T18:22:24.675154105) (2023-03-11T18:22:24.675165525) [Dbg] [OdometryPublisher.cc:191] OdometryPublisher system plugin missing <dimensions>, defaults to "2"
(2023-03-11T18:22:24.675315535) (2023-03-11T18:22:24.675328035) [Msg] OdometryPublisher publishing odometry on [/model/usv/odometry]
(2023-03-11T18:22:24.675437615) (2023-03-11T18:22:24.675448785) [Msg] OdometryPublisher publishing odometry with covariance on [/model/usv/odometry_with_covariance]
(2023-03-11T18:22:24.675540655) (2023-03-11T18:22:24.675551355) [Msg] OdometryPublisher publishing Pose_V (TF) on [/model/usv/pose]
(2023-03-11T18:22:24.675585175) (2023-03-11T18:22:24.675594405) [Dbg] [SystemManager.cc:58] Loaded system [ignition::gazebo::systems::OdometryPublisher] for entity [174]
(2023-03-11T18:22:24.676880524) (2023-03-11T18:22:24.676892674) [Msg] Thruster listening to commands in [/model/usv/joint/left_engine_propeller_joint/cmd_thrust]
(2023-03-11T18:22:24.676964724) (2023-03-11T18:22:24.676974014) [Dbg] [Thruster.cc:288] Using velocity control for propeller joint.
(2023-03-11T18:22:24.677002274) (2023-03-11T18:22:24.677011844) [Dbg] [SystemManager.cc:58] Loaded system [ignition::gazebo::systems::Thruster] for entity [174]
(2023-03-11T18:22:24.678089233) (2023-03-11T18:22:24.678100513) [Dbg] [JointPositionController.cc:205] [JointPositionController] system parameters:
(2023-03-11T18:22:24.678125903) (2023-03-11T18:22:24.678134723) [Dbg] [JointPositionController.cc:206] p_gain: [1]
(2023-03-11T18:22:24.678166453) (2023-03-11T18:22:24.678175903) [Dbg] [JointPositionController.cc:207] i_gain: [0.1]
(2023-03-11T18:22:24.678204783) (2023-03-11T18:22:24.678213223) [Dbg] [JointPositionController.cc:208] d_gain: [0.01]
(2023-03-11T18:22:24.678242683) (2023-03-11T18:22:24.678250723) [Dbg] [JointPositionController.cc:209] i_max: [1]
(2023-03-11T18:22:24.678279123) (2023-03-11T18:22:24.678288083) [Dbg] [JointPositionController.cc:210] i_min: [-1]
(2023-03-11T18:22:24.678316033) (2023-03-11T18:22:24.678333473) [Dbg] [JointPositionController.cc:211] cmd_max: [1000]
(2023-03-11T18:22:24.678364153) (2023-03-11T18:22:24.678373303) [Dbg] [JointPositionController.cc:212] cmd_min: [-1000]
(2023-03-11T18:22:24.678403403) (2023-03-11T18:22:24.678412673) [Dbg] [JointPositionController.cc:213] cmd_offset: [0]
(2023-03-11T18:22:24.678441883) (2023-03-11T18:22:24.678451143) [Dbg] [JointPositionController.cc:214] Topic: [usv/left/thruster/joint/cmd_pos]
(2023-03-11T18:22:24.678480483) (2023-03-11T18:22:24.678489243) [Dbg] [JointPositionController.cc:215] initial_position: [0]
(2023-03-11T18:22:24.678522583) (2023-03-11T18:22:24.678531653) [Dbg] [SystemManager.cc:58] Loaded system [ignition::gazebo::systems::JointPositionController] for entity [174]
(2023-03-11T18:22:24.678861873) (2023-03-11T18:22:24.678875743) [Msg] Thruster listening to commands in [/model/usv/joint/right_engine_propeller_joint/cmd_thrust]
(2023-03-11T18:22:24.678931363) (2023-03-11T18:22:24.678941413) [Dbg] [Thruster.cc:288] Using velocity control for propeller joint.
(2023-03-11T18:22:24.678974433) (2023-03-11T18:22:24.678986593) [Dbg] [SystemManager.cc:58] Loaded system [ignition::gazebo::systems::Thruster] for entity [174]
(2023-03-11T18:22:24.679307902) (2023-03-11T18:22:24.679323162) [Dbg] [JointPositionController.cc:205] [JointPositionController] system parameters:
(2023-03-11T18:22:24.679353922) (2023-03-11T18:22:24.679366152) [Dbg] [JointPositionController.cc:206] p_gain: [1]
(2023-03-11T18:22:24.679407872) (2023-03-11T18:22:24.679419712) [Dbg] [JointPositionController.cc:207] i_gain: [0.1]
(2023-03-11T18:22:24.679460602) (2023-03-11T18:22:24.679475232) [Dbg] [JointPositionController.cc:208] d_gain: [0.01]
(2023-03-11T18:22:24.679527442) (2023-03-11T18:22:24.679542832) [Dbg] [JointPositionController.cc:209] i_max: [1]
(2023-03-11T18:22:24.679592332) (2023-03-11T18:22:24.679607002) [Dbg] [JointPositionController.cc:210] i_min: [-1]
(2023-03-11T18:22:24.679653862) (2023-03-11T18:22:24.679666682) [Dbg] [JointPositionController.cc:211] cmd_max: [1000]
(2023-03-11T18:22:24.679708392) (2023-03-11T18:22:24.679721242) [Dbg] [JointPositionController.cc:212] cmd_min: [-1000]
(2023-03-11T18:22:24.679763722) (2023-03-11T18:22:24.679776232) [Dbg] [JointPositionController.cc:213] cmd_offset: [0]
(2023-03-11T18:22:24.679816702) (2023-03-11T18:22:24.679829202) [Dbg] [JointPositionController.cc:214] Topic: [usv/right/thruster/joint/cmd_pos]
(2023-03-11T18:22:24.679869462) (2023-03-11T18:22:24.679881582) [Dbg] [JointPositionController.cc:215] initial_position: [0]
(2023-03-11T18:22:24.679927262) (2023-03-11T18:22:24.679938682) [Dbg] [SystemManager.cc:58] Loaded system [ignition::gazebo::systems::JointPositionController] for entity [174]
(2023-03-11T18:22:24.680247082) (2023-03-11T18:22:24.680261552) [Msg] Using Pierson-Moskowitz spectrum sampling wavefield model 
(2023-03-11T18:22:24.680439352) (2023-03-11T18:22:24.680450612) [Msg] Using Pierson-Moskowitz spectrum sampling wavefield model 
(2023-03-11T18:22:24.680516332) (2023-03-11T18:22:24.680525532) [Msg] Input Parameters:
(2023-03-11T18:22:24.680546392) (2023-03-11T18:22:24.680554782) [Msg] model:     PMS
(2023-03-11T18:22:24.680583642) (2023-03-11T18:22:24.680592522) [Msg] number:     3
(2023-03-11T18:22:24.680617222) (2023-03-11T18:22:24.680625732) [Msg] scale:      1.1
(2023-03-11T18:22:24.680653682) (2023-03-11T18:22:24.680662152) [Msg] angle:      0.4
(2023-03-11T18:22:24.680687242) (2023-03-11T18:22:24.680695952) [Msg] steepness:  0
(2023-03-11T18:22:24.680722542) (2023-03-11T18:22:24.680733952) [Msg] amplitude:  0
(2023-03-11T18:22:24.680759002) (2023-03-11T18:22:24.680768992) [Msg] period:     5
(2023-03-11T18:22:24.680794262) (2023-03-11T18:22:24.680803782) [Msg] direction:  1 0
(2023-03-11T18:22:24.680838662) (2023-03-11T18:22:24.680847431) [Msg] tau:  2
(2023-03-11T18:22:24.680872101) (2023-03-11T18:22:24.680879991) [Msg] gain:  0.3
(2023-03-11T18:22:24.680905811) (2023-03-11T18:22:24.680917061) [Msg] Derived Parameters:
(2023-03-11T18:22:24.680939601) (2023-03-11T18:22:24.680948191) [Msg] amplitudes:  0.0363502, 0.0392277, 0.0385703, 
(2023-03-11T18:22:24.680999791) (2023-03-11T18:22:24.681009331) [Msg] wavenumbers: 0.133171, 0.161136, 0.194975, 
(2023-03-11T18:22:24.681054981) (2023-03-11T18:22:24.681062511) [Msg] omegas:      1.1424, 1.25664, 1.3823, 
(2023-03-11T18:22:24.681125141) (2023-03-11T18:22:24.681136151) [Msg] periods:     (2023-03-11T18:22:24.681156101) (2023-03-11T18:22:24.681164961) [Msg] 5.5, (2023-03-11T18:22:24.681185281) (2023-03-11T18:22:24.681193601) [Msg] 5, (2023-03-11T18:22:24.681217641) (2023-03-11T18:22:24.681226861) [Msg] 4.54545, (2023-03-11T18:22:24.681250341) (2023-03-11T18:22:24.681259421) [Msg] 
(2023-03-11T18:22:24.681276711) (2023-03-11T18:22:24.681284301) [Msg] phases:      0, 0, 0, 
(2023-03-11T18:22:24.681331921) (2023-03-11T18:22:24.681340331) [Msg] steepnesses: 0, 0, 0, 
(2023-03-11T18:22:24.681383841) (2023-03-11T18:22:24.681393451) [Msg] directions:  (2023-03-11T18:22:24.681413191) (2023-03-11T18:22:24.681424021) [Msg] 0.921061 -0.389418; (2023-03-11T18:22:24.681452351) (2023-03-11T18:22:24.681461331) [Msg] 1 0; (2023-03-11T18:22:24.681489821) (2023-03-11T18:22:24.681500511) [Msg] 0.921061 0.389418; (2023-03-11T18:22:24.681532591) (2023-03-11T18:22:24.681541891) [Msg] 
(2023-03-11T18:22:24.681573361) (2023-03-11T18:22:24.681581731) [Dbg] [Surface.cc:161] Surface plugin successfully configured with the following parameters:
(2023-03-11T18:22:24.681609831) (2023-03-11T18:22:24.681617641) [Dbg] [Surface.cc:163]   <link_name>: base_link
(2023-03-11T18:22:24.681643541) (2023-03-11T18:22:24.681652251) [Dbg] [Surface.cc:164]   <vehicle_length>: 6
(2023-03-11T18:22:24.681677791) (2023-03-11T18:22:24.681686391) [Dbg] [Surface.cc:165]   <vehicle_width>: 3.3
(2023-03-11T18:22:24.681714781) (2023-03-11T18:22:24.681723891) [Dbg] [Surface.cc:166]   <hull_radius>: 0.27
(2023-03-11T18:22:24.681753801) (2023-03-11T18:22:24.681762721) [Dbg] [Surface.cc:167]   <num_samples>: 2
(2023-03-11T18:22:24.681786911) (2023-03-11T18:22:24.681795761) [Dbg] [Surface.cc:168]   <fluid_level>: 0.45
(2023-03-11T18:22:24.681824871) (2023-03-11T18:22:24.681833461) [Dbg] [Surface.cc:169]   <fluid_density>: 997.774
(2023-03-11T18:22:24.681864701) (2023-03-11T18:22:24.681873491) [Dbg] [SystemManager.cc:58] Loaded system [ignition::gazebo::systems::Surface] for entity [174]
(2023-03-11T18:22:24.682188511) (2023-03-11T18:22:24.682198991) [Dbg] [SimpleHydrodynamics.cc:167] SimpleHydrodynamics plugin successfully configured with the following parameters:
(2023-03-11T18:22:24.682225791) (2023-03-11T18:22:24.682234301) [Dbg] [SimpleHydrodynamics.cc:169]   <link_name>: base_link
(2023-03-11T18:22:24.682258671) (2023-03-11T18:22:24.682267421) [Dbg] [SimpleHydrodynamics.cc:170]   <xDotU>: 0
(2023-03-11T18:22:24.682293341) (2023-03-11T18:22:24.682302011) [Dbg] [SimpleHydrodynamics.cc:171]   <yDotV>: 0
(2023-03-11T18:22:24.682326591) (2023-03-11T18:22:24.682335521) [Dbg] [SimpleHydrodynamics.cc:172]   <zDotW>: 0.1
(2023-03-11T18:22:24.682361911) (2023-03-11T18:22:24.682370841) [Dbg] [SimpleHydrodynamics.cc:173]   <kDotP>: 0.1
(2023-03-11T18:22:24.682396091) (2023-03-11T18:22:24.682405040) [Dbg] [SimpleHydrodynamics.cc:174]   <mDotQ>: 0.1
(2023-03-11T18:22:24.682430840) (2023-03-11T18:22:24.682439480) [Dbg] [SimpleHydrodynamics.cc:175]   <nDotR>: 0
(2023-03-11T18:22:24.682464670) (2023-03-11T18:22:24.682474050) [Dbg] [SimpleHydrodynamics.cc:176]   <xU>: 51.3
(2023-03-11T18:22:24.682499850) (2023-03-11T18:22:24.682508560) [Dbg] [SimpleHydrodynamics.cc:177]   <xUU>: 72.4
(2023-03-11T18:22:24.682536540) (2023-03-11T18:22:24.682544960) [Dbg] [SimpleHydrodynamics.cc:178]   <yV>: 40
(2023-03-11T18:22:24.682570680) (2023-03-11T18:22:24.682578910) [Dbg] [SimpleHydrodynamics.cc:179]   <yVV>: 0
(2023-03-11T18:22:24.682603760) (2023-03-11T18:22:24.682612350) [Dbg] [SimpleHydrodynamics.cc:180]   <zW>: 500
(2023-03-11T18:22:24.682643110) (2023-03-11T18:22:24.682651570) [Dbg] [SimpleHydrodynamics.cc:181]   <zWW>: 0
(2023-03-11T18:22:24.682681080) (2023-03-11T18:22:24.682690760) [Dbg] [SimpleHydrodynamics.cc:182]   <kP>: 100
(2023-03-11T18:22:24.682724350) (2023-03-11T18:22:24.682732520) [Dbg] [SimpleHydrodynamics.cc:183]   <kPP>: 0
(2023-03-11T18:22:24.682757150) (2023-03-11T18:22:24.682765640) [Dbg] [SimpleHydrodynamics.cc:184]   <mQ>: 100
(2023-03-11T18:22:24.682791020) (2023-03-11T18:22:24.682802630) [Dbg] [SimpleHydrodynamics.cc:185]   <mQQ>: 0
(2023-03-11T18:22:24.682829500) (2023-03-11T18:22:24.682837610) [Dbg] [SimpleHydrodynamics.cc:186]   <nR>: 400
(2023-03-11T18:22:24.682863110) (2023-03-11T18:22:24.682873560) [Dbg] [SimpleHydrodynamics.cc:187]   <nRR>: 0
(2023-03-11T18:22:24.682905540) (2023-03-11T18:22:24.682914770) [Dbg] [SystemManager.cc:58] Loaded system [ignition::gazebo::systems::SimpleHydrodynamics] for entity [174]
(2023-03-11T18:22:24.684363529) (2023-03-11T18:22:24.684380239) [Dbg] [SystemManager.cc:58] Loaded system [ignition::gazebo::systems::PosePublisher] for entity [174]
(2023-03-11T18:22:24.684679769) (2023-03-11T18:22:24.684693179) [Msg] EntityDetector publishing messages on [/mbzirc/target_object_detector/placed]
(2023-03-11T18:22:24.684867989) (2023-03-11T18:22:24.684882289) [Dbg] [SystemManager.cc:58] Loaded system [mbzirc::EntityDetector] for entity [174]
(2023-03-11T18:22:24.685156409) (2023-03-11T18:22:24.685170389) [Msg] EntityDetector publishing messages on [/mbzirc/target_object_detector/placed]
(2023-03-11T18:22:24.685348918) (2023-03-11T18:22:24.685363248) [Dbg] [SystemManager.cc:58] Loaded system [mbzirc::EntityDetector] for entity [174]
(2023-03-11T18:22:24.685620738) (2023-03-11T18:22:24.685632648) [Msg] EntityDetector publishing messages on [/mbzirc/target_object_detector/placed]
(2023-03-11T18:22:24.685806808) (2023-03-11T18:22:24.685819968) [Dbg] [SystemManager.cc:58] Loaded system [mbzirc::EntityDetector] for entity [174]
(2023-03-11T18:22:24.686085908) (2023-03-11T18:22:24.686098878) [Msg] EntityDetector publishing messages on [/mbzirc/target_object_detector/placed]
(2023-03-11T18:22:24.686265767) (2023-03-11T18:22:24.686280197) [Dbg] [SystemManager.cc:58] Loaded system [mbzirc::EntityDetector] for entity [174]
(2023-03-11T18:22:24.686544527) (2023-03-11T18:22:24.686557687) [Dbg] [SystemManager.cc:58] Loaded system [ignition::gazebo::systems::CommsEndpoint] for entity [174]
(2023-03-11T18:22:24.687174476) (2023-03-11T18:22:24.687189696) [Dbg] [UserCommands.cc:1303] Created entity [174] named [usv]
(2023-03-11T18:22:24.696088560) (2023-03-11T18:22:24.696125920) [Dbg] [Sensors.cc:584] Initialization needed
(2023-03-11T18:22:24.696216720) (2023-03-11T18:22:24.696248690) [Dbg] [Sensors.cc:240] Initializing render context
(2023-03-11T18:22:24.696426680) (2023-03-11T18:22:24.696457120) [Msg] Loading plugin [ignition-rendering-ogre2]
((2023-03-11T18:22:24.696759439) (2023-03-11T18:22:24.696777929) (2023-03-11T18:22:24.696803739) ) New Competitor Platform: usv with 0sensors
[Dbg] [ImuSensor.cc:148] IMU data for [usv::base_link::imu_sensor] advertised on [world/simple_demo/model/usv/link/base_link/sensor/imu_sensor/imu]
(2023-03-11T18:22:24.700798827((2023-03-11T18:22:24.700827017) (2023-03-11T18:22:24.700859867) [Dbg] [SimulationRunner.cc:518] Exiting postupdate worker thread (Exiting postupdate worker thread () (2023-03-11T18:22:24.700934637) (2023-03-11T18:22:24.700983117) (2023-03-11T18:22:24.701007197) 2023-03-11T18:22:24.701029797) (2023-03-11T18:22:24.701056317) 11(2023-03-11T18:22:24.701274717) (((2023-03-11T18:22:24.701330816) (2023-03-11T18:22:24.701345486) 2023-03-11T18:22:24.701356596) (2023-03-11T18:22:24.701310167) (((((2023-03-11T18:22:24.701435856) (2023-03-11T18:22:24.701460576) 2023-03-11T18:22:24.701494806) (2023-03-11T18:22:24.701396916) (2023-03-11T18:22:24.7014995262023-03-11T18:22:24.701557356) ) ) (2023-03-11T18:22:24.701620536) 2023-03-11T18:22:24.701438616) 2023-03-11T18:22:24.701639076) 
2023-03-11T18:22:24.701696336) (2023-03-11T18:22:24.701748776) [Dbg] [SimulationRunner.cc:518] Exiting postupdate worker thread ([Dbg] [SimulationRunner.cc:518] Exiting postupdate worker thread (4)
[Dbg] [SimulationRunner.cc:518] [Dbg] [SimulationRunner.cc:518] [Dbg] [SimulationRunner.cc:518] [Dbg] [SimulationRunner.cc:518] Exiting postupdate worker thread ([Dbg] [SimulationRunner.cc:518] 9)
[Dbg] [SimulationRunner.cc:518] [Dbg] [SimulationRunner.cc:518] Exiting postupdate worker thread ([Dbg] [SimulationRunner.cc:518] Exiting postupdate worker thread (Exiting postupdate worker thread (5)
[Dbg] [SimulationRunner.cc:518] Exiting postupdate worker thread ([Dbg] [SimulationRunner.cc:518] Exiting postupdate worker thread (Exiting postupdate worker thread (8)
Exiting postupdate worker thread (2)
Exiting postupdate worker thread ([Dbg] [SimulationRunner.cc:518] [Dbg] [SimulationRunner.cc:518] Exiting postupdate worker thread (Exiting postupdate worker thread (0)
3)
Exiting postupdate worker thread (76)
1)
10)
)
(2023-03-11T18:22:24.702582376) (2023-03-11T18:22:24.702597056) [Dbg] [SimulationRunner.cc:491] Creating PostUpdate worker threads: 22
(2023-03-11T18:22:24.702630566) (2023-03-11T18:22:24.702639626) [Dbg] [SimulationRunner.cc:502] Creating postupdate worker thread (0)
(2023-03-11T18:22:24.702701966) (2023-03-11T18:22:24.702712026) [Dbg] [SimulationRunner.cc:502] Creating postupdate worker thread (1)
(2023-03-11T18:22:24.702754846) (2023-03-11T18:22:24.702763116) [Dbg] [SimulationRunner.cc:502] Creating postupdate worker thread (2)
(2023-03-11T18:22:24.702844376) (2023-03-11T18:22:24.702857376) [Dbg] [SimulationRunner.cc:502] Creating postupdate worker thread (3)
(2023-03-11T18:22:24.702916995) (2023-03-11T18:22:24.702929515) [Dbg] [SimulationRunner.cc:502] Creating postupdate worker thread (4)
(2023-03-11T18:22:24.703003295) (2023-03-11T18:22:24.703013695) [Dbg] [SimulationRunner.cc:502] Creating postupdate worker thread (5)
(2023-03-11T18:22:24.703071205) (2023-03-11T18:22:24.703081075) [Dbg] [SimulationRunner.cc:502] Creating postupdate worker thread (6)
(2023-03-11T18:22:24.703127575) (2023-03-11T18:22:24.703135515) [Dbg] [SimulationRunner.cc:502] Creating postupdate worker thread (7)
(2023-03-11T18:22:24.703192305) (2023-03-11T18:22:24.703204365) [Dbg] [SimulationRunner.cc:502] Creating postupdate worker thread (8)
(2023-03-11T18:22:24.703263995) (2023-03-11T18:22:24.703273625) [Dbg] [SimulationRunner.cc:502] Creating postupdate worker thread (9)
(2023-03-11T18:22:24.703341635) (2023-03-11T18:22:24.703354145) [Dbg] [SimulationRunner.cc:502] Creating postupdate worker thread (10)
(2023-03-11T18:22:24.703410045) (2023-03-11T18:22:24.703420755) [Dbg] [SimulationRunner.cc:502] Creating postupdate worker thread (11)
(2023-03-11T18:22:24.703475375) (2023-03-11T18:22:24.703485705) [Dbg] [SimulationRunner.cc:502] Creating postupdate worker thread (12)
(2023-03-11T18:22:24.703541405) (2023-03-11T18:22:24.703550315) [Dbg] [SimulationRunner.cc:502] Creating postupdate worker thread (13)
(2023-03-11T18:22:24.703604965) (2023-03-11T18:22:24.703614155) [Dbg] [SimulationRunner.cc:502] Creating postupdate worker thread (14)
(2023-03-11T18:22:24.703671485) (2023-03-11T18:22:24.703685685) [Dbg] [SimulationRunner.cc:502] Creating postupdate worker thread (15)
(2023-03-11T18:22:24.703764905) (2023-03-11T18:22:24.703781295) [Dbg] [SimulationRunner.cc:502] Creating postupdate worker thread (16)
(2023-03-11T18:22:24.703850045) (2023-03-11T18:22:24.703861515) [Dbg] [SimulationRunner.cc:502] Creating postupdate worker thread (17)
(2023-03-11T18:22:24.703927125) (2023-03-11T18:22:24.703940535) [Dbg] [SimulationRunner.cc:502] Creating postupdate worker thread (18)
(2023-03-11T18:22:24.704008185) (2023-03-11T18:22:24.704018075) [Dbg] [SimulationRunner.cc:502] Creating postupdate worker thread (19)
(2023-03-11T18:22:24.704083165) (2023-03-11T18:22:24.704095145) [Dbg] [SimulationRunner.cc:502] Creating postupdate worker thread (20)
(2023-03-11T18:22:24.704615984) (2023-03-11T18:22:24.704629264) [Msg] Address [usv] bound to model [usv] on topic [model/usv/rx]
(2023-03-11T18:22:24.704691834) (2023-03-11T18:22:24.704705324) [Dbg] [CommsEndpoint.cc:89] Succesfuly bound to [usv] on topic [model/usv/rx]
(2023-03-11T18:22:25.52326402) (2023-03-11T18:22:25.52338912) [Dbg] [RenderUtil.cc:2529] Create scene [scene]
(2023-03-11T18:22:25.99928080) (2023-03-11T18:22:25.99952110) [Dbg] [Sensors.cc:254] Rendering Thread initialized
(2023-03-11T18:22:25.104347517) (2023-03-11T18:22:25.104357797) [Wrn] [Ogre2Heightmap.cc:125] Heightmap final sampling should be 2^n
 which differs from ogre1's 2^n+1
The last row and column will be cropped
size = (width * sampling) - sampling + 1
[257] = ([257] * [1]) - [1] + 1
(2023-03-11T18:22:25.109230154) (2023-03-11T18:22:25.109242974) [Msg] Loading heightmap: scene::Heightmap(65478)
(2023-03-11T18:22:25.109272534) (2023-03-11T18:22:25.109280344) [Msg] Heightmap loaded. Process took 0 ms.
(2023-03-11T18:22:28.824478415) (2023-03-11T18:22:28.824494885) [Dbg] [Ogre2ParticleEmitter.cc:514] Particle emitter initialized
(2023-03-11T18:22:28.824673175) (2023-03-11T18:22:28.824686815) [Dbg] [Ogre2ParticleEmitter.cc:514] Particle emitter initialized
(2023-03-11T18:22:28.824892584) (2023-03-11T18:22:28.824907194) [Dbg] [Ogre2ParticleEmitter.cc:514] Particle emitter initialized
(2023-03-11T18:22:29.412534226) (2023-03-11T18:22:29.412549366) [Dbg] [Ogre2ParticleEmitter.cc:514] Particle emitter initialized
(2023-03-11T18:22:29.412721396) (2023-03-11T18:22:29.412730536) [Dbg] [Ogre2ParticleEmitter.cc:514] Particle emitter initialized
(2023-03-11T18:22:29.412858826) (2023-03-11T18:22:29.412868626) [Dbg] [Ogre2ParticleEmitter.cc:514] Particle emitter initialized
(2023-03-11T18:22:29.424729038) (2023-03-11T18:22:29.424749398) [Dbg] [Lidar.cc:122] Laser scans for [usv::sensor_6::sensor_link::lidar] advertised on [world/simple_demo/model/usv/model/sensor_6/link/sensor_link/sensor/lidar/scan]
(2023-03-11T18:22:29.425085948) (2023-03-11T18:22:29.425111198) [Dbg] [GpuLidarSensor.cc:164] Lidar points for [usv::sensor_6::sensor_link::lidar] advertised on [world/simple_demo/model/usv/model/sensor_6/link/sensor_link/sensor/lidar/scan/points]
(2023-03-11T18:22:29.425390048) (2023-03-11T18:22:29.425401448) [Msg] Loading plugin [ignition-rendering-ogre2]
(2023-03-11T18:22:29.571754698) (2023-03-11T18:22:29.571791658) [Dbg] [EntityComponentManager.cc:1587] Updated state thread iterators: 24 threads processing around 10 entities each.
(2023-03-11T18:23:56.883537113) (2023-03-11T18:23:56.883565363) [Msg] Scoring has Started
(2023-03-11T18:23:56.883956443) (2023-03-11T18:23:56.883975053) [Err] [GameLogicPlugin.cc:2121] Invalid configuration detected: 
[usv] Initial Position (10 40 0.299843) is not in the starting area -15 -15 -5 15 15 5
(2023-03-11T18:33:22.976131510) (2023-03-11T18:33:22.976153040) [Dbg] [EntityComponentManager.cc:1587] Updated state thread iterators: 24 threads processing around 10 entities each.
(2023-03-11T18:35:15.679723098) (2023-03-11T18:35:15.679751118) [Dbg] [SignalHandler.cc:141] Received signal[2].
(2023-03-11T18:35:15.679817138) (2023-03-11T18:35:15.679836678) [Dbg] [ServerPrivate.cc:110] Server received signal[2]
(2023-03-11T18:35:15.679898028) (2023-03-11T18:35:15.679917578) [Dbg] [Sensors.cc:406] SensorsPrivate::Stop
(2023-03-11T18:35:15.681862420) (2023-03-11T18:35:15.681876540) [Dbg] [Sensors.cc:392] SensorsPrivate::RenderThread stopped
(2023-03-11T18:35:15.686148783) (2023-03-11T18:35:15.686167023) [Dbg] [ign.cc:410] Shutting down ign-gazebo-server
(2023-03-11T18:35:15.688994345) (2023-03-11T18:35:15.689028505) [Dbg] [SimulationRunner.cc:518] ((2023-03-11T18:35:15.689079175(2023-03-11T18:35:15.689079175((((2023-03-11T18:35:15.689217825(2023-03-11T18:35:15.689217825(2023-03-11T18:35:15.689260425) (2023-03-11T18:35:15.689288075) (2023-03-11T18:35:15.689123605) (2023-03-11T18:35:15.689365685) (2023-03-11T18:35:15.689398255) (2023-03-11T18:35:15.689425265) ((2023-03-11T18:35:15.6893421352023-03-11T18:35:15.690085316) (2023-03-11T18:35:15.690110626) (2023-03-11T18:35:15.690146986) (2023-03-11T18:35:15.690178516) 2023-03-11T18:35:15.690203276) () (2023-03-11T18:35:15.690276836) 2023-03-11T18:35:15.689001215) (2023-03-11T18:35:15.690062626) (2023-03-11T18:35:15.690373606) ) ) 2023-03-11T18:35:15.690389546) (2023-03-11T18:35:15.690426396) ) (2023-03-11T18:35:15.690464736) (2023-03-11T18:35:15.6902092862023-03-11T18:35:15.6907150272023-03-11T18:35:15.6902092862023-03-11T18:35:15.690715027) (2023-03-11T18:35:15.6907771072023-03-11T18:35:15.690777107) (2023-03-11T18:35:15.690821977) ) (2023-03-11T18:35:15.690868477) 2023-03-11T18:35:15.690803757) (2023-03-11T18:35:15.689195325) (2023-03-11T18:35:15.690975647) 2023-03-11T18:35:15.690995777) 2023-03-11T18:35:15.690944097) 2023-03-11T18:35:15.690348666Exiting postupdate worker thread ([Dbg] [SimulationRunner.cc:518] (2023-03-11T18:35:15.691094467(2023-03-11T18:35:15.691094467) (2023-03-11T18:35:15.691130237) ) (2023-03-11T18:35:15.6911647472023-03-11T18:35:15.691176797) Exiting postupdate worker thread ([Dbg] [SimulationRunner.cc:518] [Dbg] [SimulationRunner.cc:518] Exiting postupdate worker thread (16) 2023-03-11T18:35:15.691212337) (2023-03-11T18:35:15.691288607) ) ) )
[Dbg] [SimulationRunner.cc:518] Exiting postupdate worker thread (1)5)
[Dbg] [SimulationRunner.cc:518] Exiting postupdate worker thread ([Dbg] [SimulationRunner.cc:518] 4)
[Dbg] [SimulationRunner.cc:518] [Dbg] [SimulationRunner.cc:518] [Dbg] [SimulationRunner.cc:518] Exiting postupdate worker thread (17)
Exiting postupdate worker thread ([Dbg] [SimulationRunner.cc:518] 4Exiting postupdate worker thread (0)
Exiting postupdate worker thread (6)
[Dbg] [SimulationRunner.cc:518] [Dbg] [SimulationRunner.cc:518] Exiting postupdate worker thread (19)
[Dbg] [SimulationRunner.cc:518] Exiting postupdate worker thread (3)
[Dbg] [SimulationRunner.cc:518] [Dbg] [SimulationRunner.cc:518] [Dbg] [SimulationRunner.cc:518] [Dbg] [SimulationRunner.cc:518] Exiting postupdate worker thread (18)
Exiting postupdate worker thread (7Exiting postupdate worker thread (
9)
Exiting postupdate worker thread ([Dbg] [SimulationRunner.cc:518] [Dbg] [SimulationRunner.cc:518] Exiting postupdate worker thread (10)
Exiting postupdate worker thread (Exiting postupdate worker thread (Exiting postupdate worker thread (Exiting postupdate worker thread (2)
[Dbg] [SimulationRunner.cc:518] Exiting postupdate worker thread (12)
Exiting postupdate worker thread (11)

)
8)

8Exiting postupdate worker thread (15)
Exiting postupdate worker thread (13)20)

(2023-03-11T18:35:15.727578118) (2023-03-11T18:35:15.727592278) [Dbg] [Sensors.cc:406] SensorsPrivate::Stop
(2023-03-11T18:35:15.751445358) (2023-03-11T18:35:15.751465228) [Msg] Stopping recording
(2023-03-11T18:35:15.767494252) (2023-03-11T18:35:15.767516402) [Msg] Scoring has finished. Elapsed real time: 678 seconds. Elapsed sim time: 638 seconds. 
