(2023-05-19T11:32:30.536649735) (2023-05-19T11:32:30.536679595) [Msg] Ignition Gazebo Server v6.11.0
(2023-05-19T11:32:30.540253601) (2023-05-19T11:32:30.540276321) [Msg] Loading SDF world file[/home/developer/mbzirc_ws/install/share/mbzirc_ign/worlds/simple_demo.sdf].
(2023-05-19T11:32:30.858299071) (2023-05-19T11:32:30.858312951) [Msg] Serving entity system service on [/entity/system/add]
(2023-05-19T11:32:30.931406759) (2023-05-19T11:32:30.931421749) [Dbg] [Physics.cc:803] Loaded [ignition::physics::dartsim::Plugin] from library [/usr/lib/x86_64-linux-gnu/ign-physics-5/engine-plugins/libignition-physics-dartsim-plugin.so]
(2023-05-19T11:32:30.931482430) (2023-05-19T11:32:30.931490540) [Dbg] [SystemManager.cc:58] Loaded system [ignition::gazebo::systems::Physics] for entity [1]
(2023-05-19T11:32:30.934744535) (2023-05-19T11:32:30.934758705) [Msg] Create service on [/world/simple_demo/create]
(2023-05-19T11:32:30.934892495) (2023-05-19T11:32:30.934904865) [Msg] Remove service on [/world/simple_demo/remove]
(2023-05-19T11:32:30.935032555) (2023-05-19T11:32:30.935046435) [Msg] Pose service on [/world/simple_demo/set_pose]
(2023-05-19T11:32:30.935154406) (2023-05-19T11:32:30.935168306) [Msg] Pose service on [/world/simple_demo/set_pose_vector]
(2023-05-19T11:32:30.935352486) (2023-05-19T11:32:30.935368286) [Msg] Light configuration service on [/world/simple_demo/light_config]
(2023-05-19T11:32:30.935566006) (2023-05-19T11:32:30.935580606) [Msg] Physics service on [/world/simple_demo/set_physics]
(2023-05-19T11:32:30.935705206) (2023-05-19T11:32:30.935715616) [Msg] SphericalCoordinates service on [/world/simple_demo/set_spherical_coordinates]
(2023-05-19T11:32:30.935787387) (2023-05-19T11:32:30.935798927) [Msg] Enable collision service on [/world/simple_demo/enable_collision]
(2023-05-19T11:32:30.935872737) (2023-05-19T11:32:30.935881977) [Msg] Disable collision service on [/world/simple_demo/disable_collision]
(2023-05-19T11:32:30.936018747) (2023-05-19T11:32:30.936028877) [Msg] Material service on [/world/simple_demo/visual_config]
(2023-05-19T11:32:30.936124147) (2023-05-19T11:32:30.936133827) [Msg] Material service on [/world/simple_demo/wheel_slip]
(2023-05-19T11:32:30.936172827) (2023-05-19T11:32:30.936180987) [Dbg] [SystemManager.cc:58] Loaded system [ignition::gazebo::systems::UserCommands] for entity [1]
(2023-05-19T11:32:30.960499707) (2023-05-19T11:32:30.960512467) [Dbg] [Sensors.cc:479] Configuring Sensors system
(2023-05-19T11:32:30.960581177) (2023-05-19T11:32:30.960590117) [Dbg] [Sensors.cc:398] SensorsPrivate::Run
(2023-05-19T11:32:30.960670077) (2023-05-19T11:32:30.960680447) [Dbg] [SystemManager.cc:58] Loaded system [ignition::gazebo::systems::Sensors] for entity [1]
(2023-05-19T11:32:30.960759007) (2023-05-19T11:32:30.960786317) [Dbg] [Sensors.cc:378] SensorsPrivate::RenderThread started
(2023-05-19T11:32:30.960842677) (2023-05-19T11:32:30.960860807) [Dbg] [Sensors.cc:228] Waiting for init
(2023-05-19T11:32:30.962911851) (2023-05-19T11:32:30.962924371) [Dbg] [SystemManager.cc:58] Loaded system [ignition::gazebo::systems::AirPressure] for entity [1]
(2023-05-19T11:32:30.965746595) (2023-05-19T11:32:30.965757005) [Dbg] [SystemManager.cc:58] Loaded system [ignition::gazebo::systems::Altimeter] for entity [1]
(2023-05-19T11:32:30.968134809) (2023-05-19T11:32:30.968145009) [Dbg] [SystemManager.cc:58] Loaded system [ignition::gazebo::systems::Imu] for entity [1]
(2023-05-19T11:32:30.970527663) (2023-05-19T11:32:30.970537813) [Dbg] [SystemManager.cc:58] Loaded system [ignition::gazebo::systems::Magnetometer] for entity [1]
(2023-05-19T11:32:30.973192956) (2023-05-19T11:32:30.973206906) [Dbg] [SystemManager.cc:58] Loaded system [ignition::gazebo::systems::ForceTorque] for entity [1]
(2023-05-19T11:32:30.975318559) (2023-05-19T11:32:30.975333419) [Msg] Serving particle emitter information on [/world/simple_demo/particle_emitters]
(2023-05-19T11:32:30.975394349) (2023-05-19T11:32:30.975407229) [Dbg] [SystemManager.cc:58] Loaded system [ignition::gazebo::systems::ParticleEmitter2] for entity [1]
(2023-05-19T11:32:30.978630984) (2023-05-19T11:32:30.978652464) [Dbg] [SystemManager.cc:58] Loaded system [ignition::gazebo::systems::SceneBroadcaster] for entity [1]
(2023-05-19T11:32:30.980684838) (2023-05-19T11:32:30.980697618) [Dbg] [SystemManager.cc:58] Loaded system [ignition::gazebo::systems::Contact] for entity [1]
(2023-05-19T11:32:30.982682681) (2023-05-19T11:32:30.982696541) [Dbg] [RFComms.cc:385] Range configuration:
RF Configuration (range-based)
-- max_range: 500000
-- fading_exponent: 2.6
-- l0: 40
-- sigma: 10

(2023-05-19T11:32:30.982816121) (2023-05-19T11:32:30.982825101) [Dbg] [RFComms.cc:388] Radio configuration:
Radio Configuration
-- capacity: 1e+06
-- tx_power: 25
-- noise_floor: -90
-- modulation: QPSK

(2023-05-19T11:32:30.983284982) (2023-05-19T11:32:30.983294992) [Dbg] [Broker.cc:113] Broker services:
(2023-05-19T11:32:30.983318192) (2023-05-19T11:32:30.983325972) [Dbg] [Broker.cc:114]   Bind: [/broker/bind]
(2023-05-19T11:32:30.983353072) (2023-05-19T11:32:30.983361642) [Dbg] [Broker.cc:115]   Unbind: [/broker/unbind]
(2023-05-19T11:32:30.983394132) (2023-05-19T11:32:30.983405932) [Dbg] [Broker.cc:116] Broker topics:
(2023-05-19T11:32:30.983433762) (2023-05-19T11:32:30.983444812) [Dbg] [Broker.cc:117]   Incoming messages: [/broker/msgs]
(2023-05-19T11:32:30.983473682) (2023-05-19T11:32:30.983484372) [Dbg] [SystemManager.cc:58] Loaded system [ignition::gazebo::systems::RFComms] for entity [1]
(2023-05-19T11:32:30.990144283) (2023-05-19T11:32:30.990154433) [Dbg] [RFRange.cc:339] RFRange sensor range configuration:
RF Configuration (range-based)
-- max_range: 500000
-- fading_exponent: 2.6
-- l0: 40
-- sigma: 0.005
-- rssi_1: -15

(2023-05-19T11:32:30.990266013) (2023-05-19T11:32:30.990274803) [Dbg] [RFRange.cc:342] RFRange sensor radio configuration:
Radio Configuration
-- tx_power: 25
-- noise_floor: -90

(2023-05-19T11:32:30.990358573) (2023-05-19T11:32:30.990372473) [Dbg] [SystemManager.cc:58] Loaded system [ignition::gazebo::systems::RFRange] for entity [1]
(2023-05-19T11:32:30.995921372) (2023-05-19T11:32:30.995935942) [Msg] Recording to log file [/tmp/ign/mbzirc/playback/state.tlog]
(2023-05-19T11:32:30.995981962) (2023-05-19T11:32:30.995996912) [Dbg] [LogRecord.cc:334] Recording default topic[/playback/sdf].
(2023-05-19T11:32:30.996034972) (2023-05-19T11:32:30.996048382) [Dbg] [LogRecord.cc:335] Recording default topic[/world/simple_demo/changed_state].
(2023-05-19T11:32:31.29576237) (2023-05-19T11:32:31.29594047) [Dbg] [SystemManager.cc:58] Loaded system [ignition::gazebo::systems::LogRecord] for entity [1]
(2023-05-19T11:32:31.33272343) (2023-05-19T11:32:31.33293943) [Dbg] [SystemManager.cc:58] Loaded system [ignition::gazebo::systems::WindEffects] for entity [1]
(2023-05-19T11:32:31.45521803) (2023-05-19T11:32:31.45534663) [Msg] MBZIRC log path: /tmp/ign/mbzirc/logs
(2023-05-19T11:32:31.45582013) (2023-05-19T11:32:31.45590103) [Wrn] [Filesystem.cc:140] The path [/tmp/ign/mbzirc/logs] does not refer to a directory nor to a file
(2023-05-19T11:32:31.45726023) (2023-05-19T11:32:31.45735183) [Msg] Run duration set to 3600 seconds.
(2023-05-19T11:32:31.45794483) (2023-05-19T11:32:31.45803953) [Msg] Geofence boundary min: -70 -70 -25, max: 70 70 121.92
(2023-05-19T11:32:31.45884743) (2023-05-19T11:32:31.45895713) [Msg] Start area boundary min: -15 -15 -5, max: 15 15 5
(2023-05-19T11:32:31.45975853) (2023-05-19T11:32:31.45987963) [Msg] Setup duration set to 600 seconds.
(2023-05-19T11:32:31.46019923) (2023-05-19T11:32:31.46029613) [Msg] Target vessel: Vessel A
(2023-05-19T11:32:31.46085334) (2023-05-19T11:32:31.46095534) [Msg]   Small object: small_blue_box_a
(2023-05-19T11:32:31.46122474) (2023-05-19T11:32:31.46131344) [Msg]   Small object: small_blue_box_a_duplicate
(2023-05-19T11:32:31.46157864) (2023-05-19T11:32:31.46166294) [Msg]   Large object: large_dry_box_a
(2023-05-19T11:32:31.46196404) (2023-05-19T11:32:31.46210364) [Msg]   Large object: large_dry_box_a_duplicate
(2023-05-19T11:32:31.47379186) (2023-05-19T11:32:31.47393386) [Msg] Starting MBZIRC
(2023-05-19T11:32:31.47529126) (2023-05-19T11:32:31.47541066) [Dbg] [SystemManager.cc:58] Loaded system [mbzirc::GameLogicPlugin] for entity [1]
(2023-05-19T11:32:31.59642456) (2023-05-19T11:32:31.59658326) [Msg] Using Pierson-Moskowitz spectrum sampling wavefield model 
(2023-05-19T11:32:31.60191536) (2023-05-19T11:32:31.60206366) [Msg] Using Pierson-Moskowitz spectrum sampling wavefield model 
(2023-05-19T11:32:31.437112442) (2023-05-19T11:32:31.437133612) [Msg] Input Parameters:
(2023-05-19T11:32:31.437178322) (2023-05-19T11:32:31.437195832) [Msg] model:     PMS
(2023-05-19T11:32:31.437247092) (2023-05-19T11:32:31.437263592) [Msg] number:     3
(2023-05-19T11:32:31.437312842) (2023-05-19T11:32:31.437330882) [Msg] scale:      1.1
(2023-05-19T11:32:31.437384073) (2023-05-19T11:32:31.437399363) [Msg] angle:      0.4
(2023-05-19T11:32:31.437445163) (2023-05-19T11:32:31.437460273) [Msg] steepness:  0
(2023-05-19T11:32:31.437505363) (2023-05-19T11:32:31.437521103) [Msg] amplitude:  0
(2023-05-19T11:32:31.437565443) (2023-05-19T11:32:31.437582473) [Msg] period:     5
(2023-05-19T11:32:31.437627583) (2023-05-19T11:32:31.437643553) [Msg] direction:  1 0
(2023-05-19T11:32:31.437707733) (2023-05-19T11:32:31.437724173) [Msg] tau:  2
(2023-05-19T11:32:31.437767713) (2023-05-19T11:32:31.437783713) [Msg] gain:  0.3
(2023-05-19T11:32:31.437829253) (2023-05-19T11:32:31.437846363) [Msg] Derived Parameters:
(2023-05-19T11:32:31.437883073) (2023-05-19T11:32:31.437898863) [Msg] amplitudes:  0.0363502, 0.0392277, 0.0385703, 
(2023-05-19T11:32:31.438003924) (2023-05-19T11:32:31.438019704) [Msg] wavenumbers: 0.133171, 0.161136, 0.194975, 
(2023-05-19T11:32:31.438121674) (2023-05-19T11:32:31.438141684) [Msg] omegas:      1.1424, 1.25664, 1.3823, 
(2023-05-19T11:32:31.438263394) (2023-05-19T11:32:31.438286484) [Msg] periods:     (2023-05-19T11:32:31.438346154) (2023-05-19T11:32:31.438371654) [Msg] 5.5, (2023-05-19T11:32:31.438418844) (2023-05-19T11:32:31.438434984) [Msg] 5, (2023-05-19T11:32:31.438489334) (2023-05-19T11:32:31.438511894) [Msg] 4.54545, (2023-05-19T11:32:31.438566674) (2023-05-19T11:32:31.438591734) [Msg] 
(2023-05-19T11:32:31.438634845) (2023-05-19T11:32:31.438658745) [Msg] phases:      0, 0, 0, 
(2023-05-19T11:32:31.438774395) (2023-05-19T11:32:31.438798985) [Msg] steepnesses: 0, 0, 0, 
(2023-05-19T11:32:31.438915285) (2023-05-19T11:32:31.438935905) [Msg] directions:  (2023-05-19T11:32:31.438984225) (2023-05-19T11:32:31.439009665) [Msg] 0.921061 -0.389418; (2023-05-19T11:32:31.439087025) (2023-05-19T11:32:31.439108715) [Msg] 1 0; (2023-05-19T11:32:31.439188545) (2023-05-19T11:32:31.439215385) [Msg] 0.921061 0.389418; (2023-05-19T11:32:31.439312736) (2023-05-19T11:32:31.439338476) [Msg] 
(2023-05-19T11:32:31.440008807) (2023-05-19T11:32:31.440035167) [Dbg] [SystemManager.cc:58] Loaded system [ignition::gazebo::systems::WaveVisual] for entity [23]
(2023-05-19T11:32:31.447286189) (2023-05-19T11:32:31.447296599) [Msg] Using Pierson-Moskowitz spectrum sampling wavefield model 
(2023-05-19T11:32:31.447489319) (2023-05-19T11:32:31.447498989) [Msg] Using Pierson-Moskowitz spectrum sampling wavefield model 
(2023-05-19T11:32:31.447544839) (2023-05-19T11:32:31.447553359) [Msg] Input Parameters:
(2023-05-19T11:32:31.447573069) (2023-05-19T11:32:31.447580839) [Msg] model:     PMS
(2023-05-19T11:32:31.447605999) (2023-05-19T11:32:31.447617049) [Msg] number:     3
(2023-05-19T11:32:31.447651129) (2023-05-19T11:32:31.447662659) [Msg] scale:      1.1
(2023-05-19T11:32:31.447697469) (2023-05-19T11:32:31.447708779) [Msg] angle:      0.4
(2023-05-19T11:32:31.447741139) (2023-05-19T11:32:31.447753089) [Msg] steepness:  0
(2023-05-19T11:32:31.447785189) (2023-05-19T11:32:31.447796769) [Msg] amplitude:  0
(2023-05-19T11:32:31.447830299) (2023-05-19T11:32:31.447839639) [Msg] period:     5
(2023-05-19T11:32:31.447866720) (2023-05-19T11:32:31.447874790) [Msg] direction:  1 0
(2023-05-19T11:32:31.447904230) (2023-05-19T11:32:31.447914250) [Msg] tau:  2
(2023-05-19T11:32:31.447936550) (2023-05-19T11:32:31.447944150) [Msg] gain:  0.3
(2023-05-19T11:32:31.447971210) (2023-05-19T11:32:31.447982280) [Msg] Derived Parameters:
(2023-05-19T11:32:31.448016570) (2023-05-19T11:32:31.448028410) [Msg] amplitudes:  0.0363502, 0.0392277, 0.0385703, 
(2023-05-19T11:32:31.448097450) (2023-05-19T11:32:31.448109800) [Msg] wavenumbers: 0.133171, 0.161136, 0.194975, 
(2023-05-19T11:32:31.448160850) (2023-05-19T11:32:31.448169100) [Msg] omegas:      1.1424, 1.25664, 1.3823, 
(2023-05-19T11:32:31.448230540) (2023-05-19T11:32:31.448243650) [Msg] periods:     (2023-05-19T11:32:31.448267240) (2023-05-19T11:32:31.448278470) [Msg] 5.5, (2023-05-19T11:32:31.448306510) (2023-05-19T11:32:31.448318680) [Msg] 5, (2023-05-19T11:32:31.448345500) (2023-05-19T11:32:31.448356800) [Msg] 4.54545, (2023-05-19T11:32:31.448385120) (2023-05-19T11:32:31.448396690) [Msg] 
(2023-05-19T11:32:31.448419550) (2023-05-19T11:32:31.448431150) [Msg] phases:      0, 0, 0, 
(2023-05-19T11:32:31.448488131) (2023-05-19T11:32:31.448499951) [Msg] steepnesses: 0, 0, 0, 
(2023-05-19T11:32:31.448546221) (2023-05-19T11:32:31.448555571) [Msg] directions:  (2023-05-19T11:32:31.448583761) (2023-05-19T11:32:31.448591771) [Msg] 0.921061 -0.389418; (2023-05-19T11:32:31.448618921) (2023-05-19T11:32:31.448627621) [Msg] 1 0; (2023-05-19T11:32:31.448656311) (2023-05-19T11:32:31.448664081) [Msg] 0.921061 0.389418; (2023-05-19T11:32:31.448689591) (2023-05-19T11:32:31.448697901) [Msg] 
(2023-05-19T11:32:31.448737301) (2023-05-19T11:32:31.448746411) [Dbg] [Surface.cc:161] Surface plugin successfully configured with the following parameters:
(2023-05-19T11:32:31.448775361) (2023-05-19T11:32:31.448784161) [Dbg] [Surface.cc:163]   <link_name>: link
(2023-05-19T11:32:31.448809981) (2023-05-19T11:32:31.448819001) [Dbg] [Surface.cc:164]   <vehicle_length>: 6
(2023-05-19T11:32:31.448848531) (2023-05-19T11:32:31.448857411) [Dbg] [Surface.cc:165]   <vehicle_width>: 3.3
(2023-05-19T11:32:31.448880581) (2023-05-19T11:32:31.448889621) [Dbg] [Surface.cc:166]   <hull_radius>: 1.9
(2023-05-19T11:32:31.448917201) (2023-05-19T11:32:31.448925641) [Dbg] [Surface.cc:167]   <num_samples>: 2
(2023-05-19T11:32:31.448950651) (2023-05-19T11:32:31.448959951) [Dbg] [Surface.cc:168]   <fluid_level>: 0.45
(2023-05-19T11:32:31.448984901) (2023-05-19T11:32:31.448992841) [Dbg] [Surface.cc:169]   <fluid_density>: 997.774
(2023-05-19T11:32:31.449038671) (2023-05-19T11:32:31.449046761) [Dbg] [SystemManager.cc:58] Loaded system [ignition::gazebo::systems::Surface] for entity [24]
(2023-05-19T11:32:31.454098490) (2023-05-19T11:32:31.454109250) [Dbg] [SimpleHydrodynamics.cc:167] SimpleHydrodynamics plugin successfully configured with the following parameters:
(2023-05-19T11:32:31.454136450) (2023-05-19T11:32:31.454145750) [Dbg] [SimpleHydrodynamics.cc:169]   <link_name>: link
(2023-05-19T11:32:31.454169940) (2023-05-19T11:32:31.454177720) [Dbg] [SimpleHydrodynamics.cc:170]   <xDotU>: 0
(2023-05-19T11:32:31.454206540) (2023-05-19T11:32:31.454216050) [Dbg] [SimpleHydrodynamics.cc:171]   <yDotV>: 0
(2023-05-19T11:32:31.454238680) (2023-05-19T11:32:31.454246820) [Dbg] [SimpleHydrodynamics.cc:172]   <zDotW>: 0.1
(2023-05-19T11:32:31.454269970) (2023-05-19T11:32:31.454278070) [Dbg] [SimpleHydrodynamics.cc:173]   <kDotP>: 0.1
(2023-05-19T11:32:31.454309930) (2023-05-19T11:32:31.454320330) [Dbg] [SimpleHydrodynamics.cc:174]   <mDotQ>: 0.1
(2023-05-19T11:32:31.454343710) (2023-05-19T11:32:31.454351620) [Dbg] [SimpleHydrodynamics.cc:175]   <nDotR>: 0
(2023-05-19T11:32:31.454376940) (2023-05-19T11:32:31.454387900) [Dbg] [SimpleHydrodynamics.cc:176]   <xU>: 510.3
(2023-05-19T11:32:31.454417730) (2023-05-19T11:32:31.454425920) [Dbg] [SimpleHydrodynamics.cc:177]   <xUU>: 720.4
(2023-05-19T11:32:31.454450790) (2023-05-19T11:32:31.454462020) [Dbg] [SimpleHydrodynamics.cc:178]   <yV>: 400
(2023-05-19T11:32:31.454496180) (2023-05-19T11:32:31.454507600) [Dbg] [SimpleHydrodynamics.cc:179]   <yVV>: 0
(2023-05-19T11:32:31.454536870) (2023-05-19T11:32:31.454545260) [Dbg] [SimpleHydrodynamics.cc:180]   <zW>: 5000
(2023-05-19T11:32:31.454568300) (2023-05-19T11:32:31.454578450) [Dbg] [SimpleHydrodynamics.cc:181]   <zWW>: 0
(2023-05-19T11:32:31.454601060) (2023-05-19T11:32:31.454610570) [Dbg] [SimpleHydrodynamics.cc:182]   <kP>: 500
(2023-05-19T11:32:31.454645621) (2023-05-19T11:32:31.454653881) [Dbg] [SimpleHydrodynamics.cc:183]   <kPP>: 0
(2023-05-19T11:32:31.454676271) (2023-05-19T11:32:31.454685721) [Dbg] [SimpleHydrodynamics.cc:184]   <mQ>: 500
(2023-05-19T11:32:31.454719371) (2023-05-19T11:32:31.454728891) [Dbg] [SimpleHydrodynamics.cc:185]   <mQQ>: 0
(2023-05-19T11:32:31.454751961) (2023-05-19T11:32:31.454759561) [Dbg] [SimpleHydrodynamics.cc:186]   <nR>: 15000
(2023-05-19T11:32:31.454787361) (2023-05-19T11:32:31.454795471) [Dbg] [SimpleHydrodynamics.cc:187]   <nRR>: 0
(2023-05-19T11:32:31.454823261) (2023-05-19T11:32:31.454834581) [Dbg] [SystemManager.cc:58] Loaded system [ignition::gazebo::systems::SimpleHydrodynamics] for entity [24]
(2023-05-19T11:32:31.457338715) (2023-05-19T11:32:31.457352765) [Dbg] [SystemManager.cc:58] Loaded system [ignition::gazebo::systems::DetachableJoint] for entity [28]
(2023-05-19T11:32:31.457874836) (2023-05-19T11:32:31.457886146) [Dbg] [SystemManager.cc:58] Loaded system [ignition::gazebo::systems::DetachableJoint] for entity [44]
(2023-05-19T11:32:31.458693157) (2023-05-19T11:32:31.458703357) [Dbg] [SystemManager.cc:58] Loaded system [ignition::gazebo::systems::DetachableJoint] for entity [60]
(2023-05-19T11:32:31.459520928) (2023-05-19T11:32:31.459533358) [Dbg] [SystemManager.cc:58] Loaded system [ignition::gazebo::systems::DetachableJoint] for entity [112]
(2023-05-19T11:32:31.461535011) (2023-05-19T11:32:31.461545521) [Dbg] [SystemManager.cc:58] Loaded system [ignition::gazebo::systems::CommsEndpoint] for entity [164]
(2023-05-19T11:32:31.461737781) (2023-05-19T11:32:31.461750241) [Dbg] [SystemManager.cc:58] Loaded system [ignition::gazebo::systems::CommsEndpoint] for entity [164]
(2023-05-19T11:32:31.466888789) (2023-05-19T11:32:31.466902789) [Dbg] [SystemManager.cc:58] Loaded system [mbzirc::BaseStation] for entity [164]
(2023-05-19T11:32:31.473715610) (2023-05-19T11:32:31.473744670) [Msg] EntityDetector publishing messages on [/mbzirc/target_object_detector/dropped]
(2023-05-19T11:32:31.474005260) (2023-05-19T11:32:31.474025320) [Dbg] [SystemManager.cc:58] Loaded system [mbzirc::EntityDetector] for entity [168]
(2023-05-19T11:32:31.474188170) (2023-05-19T11:32:31.474208230) [Msg] Loaded level [3]
(2023-05-19T11:32:31.474646971) (2023-05-19T11:32:31.474662741) [Msg] Serving world controls on [/world/simple_demo/control], [/world/simple_demo/control/state] and [/world/simple_demo/playback/control]
(2023-05-19T11:32:31.474853071) (2023-05-19T11:32:31.474868821) [Msg] Serving GUI information on [/world/simple_demo/gui/info]
(2023-05-19T11:32:31.474923702) (2023-05-19T11:32:31.474938362) [Msg] World [simple_demo] initialized with [4ms] physics profile.
(2023-05-19T11:32:31.475148252) (2023-05-19T11:32:31.475165062) [Msg] Serving world SDF generation service on [/world/simple_demo/generate_world_sdf]
(2023-05-19T11:32:31.475325052) (2023-05-19T11:32:31.475341282) [Msg] Serving world names on [/gazebo/worlds]
(2023-05-19T11:32:31.475450392) (2023-05-19T11:32:31.475465172) [Msg] Resource path add service on [/gazebo/resource_paths/add].
(2023-05-19T11:32:31.575726655) (2023-05-19T11:32:31.575746955) [Msg] Resource path get service on [/gazebo/resource_paths/get].
(2023-05-19T11:32:31.575910325) (2023-05-19T11:32:31.575939115) [Msg] Resource path resolve service on [/gazebo/resource_paths/resolve].
(2023-05-19T11:32:31.576093786) (2023-05-19T11:32:31.576114946) [Msg] Resource paths published on [/gazebo/resource_paths].
(2023-05-19T11:32:31.576326226) (2023-05-19T11:32:31.576346576) [Msg] Server control service on [/server_control].
(2023-05-19T11:32:31.576588266) (2023-05-19T11:32:31.576618366) [Msg] Found no publishers on /stats, adding root stats topic
(2023-05-19T11:32:31.576810007) (2023-05-19T11:32:31.576831277) [Msg] Found no publishers on /clock, adding root clock topic
(2023-05-19T11:32:31.677356358) (2023-05-19T11:32:31.677380438) [Dbg] [SimulationRunner.cc:491] Creating PostUpdate worker threads: 13
(2023-05-19T11:32:31.677458358) (2023-05-19T11:32:31.677494628) [Dbg] [SimulationRunner.cc:502] Creating postupdate worker thread (0)
(2023-05-19T11:32:31.677649238) (2023-05-19T11:32:31.677675678) [Dbg] [SimulationRunner.cc:502] Creating postupdate worker thread (1)
(2023-05-19T11:32:31.677806389) (2023-05-19T11:32:31.677830839) [Dbg] [SimulationRunner.cc:502] Creating postupdate worker thread (2)
(2023-05-19T11:32:31.677958339) (2023-05-19T11:32:31.677987039) [Dbg] [SimulationRunner.cc:502] Creating postupdate worker thread (3)
(2023-05-19T11:32:31.678119119) (2023-05-19T11:32:31.678147649) [Dbg] [SimulationRunner.cc:502] Creating postupdate worker thread (4)
(2023-05-19T11:32:31.678257709) (2023-05-19T11:32:31.678275929) [Dbg] [SimulationRunner.cc:502] Creating postupdate worker thread (5)
(2023-05-19T11:32:31.678381580) (2023-05-19T11:32:31.678402240) [Dbg] [SimulationRunner.cc:502] Creating postupdate worker thread (6)
(2023-05-19T11:32:31.678513080) (2023-05-19T11:32:31.678535380) [Dbg] [SimulationRunner.cc:502] Creating postupdate worker thread (7)
(2023-05-19T11:32:31.678636790) (2023-05-19T11:32:31.678654810) [Dbg] [SimulationRunner.cc:502] Creating postupdate worker thread (8)
(2023-05-19T11:32:31.678758280) (2023-05-19T11:32:31.678776510) [Dbg] [SimulationRunner.cc:502] Creating postupdate worker thread (9)
(2023-05-19T11:32:31.678872930) (2023-05-19T11:32:31.678897990) [Dbg] [SimulationRunner.cc:502] Creating postupdate worker thread (10)
(2023-05-19T11:32:31.679005651) (2023-05-19T11:32:31.679025221) [Dbg] [SimulationRunner.cc:502] Creating postupdate worker thread (11)
(2023-05-19T11:32:31.679604602) (2023-05-19T11:32:31.679631352) [Msg] Particle emitter[simple_demo::dust_storm::link::dust_storm] subscribed to command messages on topic[/model/dust_storm/link/link/particle_emitter/dust_storm/cmd]
(2023-05-19T11:32:31.679855982) (2023-05-19T11:32:31.679875462) [Msg] Particle emitter[simple_demo::fog::link::fog] subscribed to command messages on topic[/model/fog/link/link/particle_emitter/fog/cmd]
(2023-05-19T11:32:31.681978615) (2023-05-19T11:32:31.681999875) [Msg] DetachableJoint subscribing to messages on [/Vessel_A/detach]
(2023-05-19T11:32:31.682177216) (2023-05-19T11:32:31.682196166) [Msg] DetachableJoint subscribing to messages on [/Vessel_A/detach]
(2023-05-19T11:32:31.682380216) (2023-05-19T11:32:31.682405966) [Msg] DetachableJoint subscribing to messages on [/Vessel_A/detach]
(2023-05-19T11:32:31.682599816) (2023-05-19T11:32:31.682624796) [Msg] DetachableJoint subscribing to messages on [/Vessel_A/detach]
(2023-05-19T11:32:31.682867597) (2023-05-19T11:32:31.682892717) [Msg] Address [base_station/target] bound to model [base_station] on topic [base_station/target]
(2023-05-19T11:32:31.683014867) (2023-05-19T11:32:31.683038927) [Dbg] [CommsEndpoint.cc:89] Succesfuly bound to [base_station/target] on topic [base_station/target]
(2023-05-19T11:32:31.683240527) (2023-05-19T11:32:31.683264678) [Msg] Address [base_station/video] bound to model [base_station] on topic [base_station/video]
(2023-05-19T11:32:31.683366428) (2023-05-19T11:32:31.683390728) [Dbg] [CommsEndpoint.cc:89] Succesfuly bound to [base_station/video] on topic [base_station/video]
(2023-05-19T11:32:31.768880715) (2023-05-19T11:32:31.768895405) [Dbg] [Physics.cc:1593] Creating detachable joint [170]
(2023-05-19T11:32:31.769059255) (2023-05-19T11:32:31.769069815) [Dbg] [Physics.cc:1593] Creating detachable joint [171]
(2023-05-19T11:32:31.769200595) (2023-05-19T11:32:31.769211805) [Dbg] [Physics.cc:1593] Creating detachable joint [172]
(2023-05-19T11:32:31.769516366) (2023-05-19T11:32:31.769528416) [Dbg] [Physics.cc:1593] Creating detachable joint [173]
(2023-05-19T11:32:31.770691807) (2023-05-19T11:32:31.770706967) [Dbg] [SimulationFeatures.cc:63] Simulation timestep set to: 0.004
(2023-05-19T11:32:31.781712695) (2023-05-19T11:32:31.781740935) [Msg] Serving scene information on [/world/simple_demo/scene/info]
(2023-05-19T11:32:31.781915546) (2023-05-19T11:32:31.781963706) [Msg] Serving graph information on [/world/simple_demo/scene/graph]
(2023-05-19T11:32:31.782131506) (2023-05-19T11:32:31.782153036) [Msg] Serving full state on [/world/simple_demo/state]
(2023-05-19T11:32:31.782341726) (2023-05-19T11:32:31.782363106) [Msg] Serving full state (async) on [/world/simple_demo/state_async]
(2023-05-19T11:32:31.782544267) (2023-05-19T11:32:31.782567387) [Msg] Publishing scene information on [/world/simple_demo/scene/info]
(2023-05-19T11:32:31.782782277) (2023-05-19T11:32:31.782806177) [Msg] Publishing entity deletions on [/world/simple_demo/scene/deletion]
(2023-05-19T11:32:31.782940337) (2023-05-19T11:32:31.782961447) [Msg] 2023-05-19T11:32:31.782994987) (2023-05-19T11:32:31.783032917) [Wrn] [Model.hh:69] Skipping serialization / deserialization for models Publishing state changes on [with //pose/@relative_to attribute.
/world/simple_demo/state]
(2023-05-19T11:32:31.783247168) (2023-05-19T11:32:31.783270858) [Msg] Publishing pose messages on [/world/simple_demo/pose/info]
(2023-05-19T11:32:31.783445578) (2023-05-19T11:32:31.783466008) [Msg] Publishing dynamic pose messages on [/world/simple_demo/dynamic_pose/info]
(2023-05-19T11:32:31.783896279) (2023-05-19T11:32:31.783920149) [Dbg] [EntityComponentManager.cc:1587] Updated state thread iterators: 24 threads processing around 8 entities each.
(2023-05-19T11:32:31.784453710) (2023-05-19T11:32:31.784472300) [Wrn] [Component.hh:144] Trying to serialize component with data type [N3sdf3v125WorldE], which doesn't have `operator<<`. Component will not be serialized.
(2023-05-19T11:32:31.808613849) (2023-05-19T11:32:31.808627029) [Dbg] [EntityComponentManager.cc:1587] Updated state thread iterators: 24 threads processing around 8 entities each.
(2023-05-19T11:32:47.59448842) (2023-05-19T11:32:47.59464482) [Msg] Linear velocity initialized to [0 0 0]
(2023-05-19T11:32:47.59539482) (2023-05-19T11:32:47.59551342) [Msg] Angular velocity initialized to [0 0 0]
(2023-05-19T11:32:47.59765942) (2023-05-19T11:32:47.59778513) [Msg] VelocityControl subscribing to twist messages on [/model/usv/cmd_vel]
(2023-05-19T11:32:47.59814303) (2023-05-19T11:32:47.59823273) [Dbg] [SystemManager.cc:58] Loaded system [ignition::gazebo::systems::VelocityControl] for entity [174]
(2023-05-19T11:32:47.62495707) (2023-05-19T11:32:47.62506367) [Msg] Thruster listening to commands in [/model/usv/joint/left_engine_propeller_joint/cmd_thrust]
(2023-05-19T11:32:47.62569667) (2023-05-19T11:32:47.62578877) [Dbg] [Thruster.cc:288] Using velocity control for propeller joint.
(2023-05-19T11:32:47.62605147) (2023-05-19T11:32:47.62614137) [Dbg] [SystemManager.cc:58] Loaded system [ignition::gazebo::systems::Thruster] for entity [174]
(2023-05-19T11:32:47.65988413) (2023-05-19T11:32:47.66008633) [Dbg] [JointPositionController.cc:205] [JointPositionController] system parameters:
(2023-05-19T11:32:47.66053823) (2023-05-19T11:32:47.66068383) [Dbg] [JointPositionController.cc:206] p_gain: [1]
(2023-05-19T11:32:47.66116803) (2023-05-19T11:32:47.66130703) [Dbg] [JointPositionController.cc:207] i_gain: [0.1]
(2023-05-19T11:32:47.66174843) (2023-05-19T11:32:47.66186453) [Dbg] [JointPositionController.cc:208] d_gain: [0.01]
(2023-05-19T11:32:47.66229763) (2023-05-19T11:32:47.66244023) [Dbg] [JointPositionController.cc:209] i_max: [1]
(2023-05-19T11:32:47.66288413) (2023-05-19T11:32:47.66301833) [Dbg] [JointPositionController.cc:210] i_min: [-1]
(2023-05-19T11:32:47.66347453) (2023-05-19T11:32:47.66361833) [Dbg] [JointPositionController.cc:211] cmd_max: [1000]
(2023-05-19T11:32:47.66403513) (2023-05-19T11:32:47.66416483) [Dbg] [JointPositionController.cc:212] cmd_min: [-1000]
(2023-05-19T11:32:47.66477423) (2023-05-19T11:32:47.66492973) [Dbg] [JointPositionController.cc:213] cmd_offset: [0]
(2023-05-19T11:32:47.66536163) (2023-05-19T11:32:47.66549153) [Dbg] [JointPositionController.cc:214] Topic: [usv/left/thruster/joint/cmd_pos]
(2023-05-19T11:32:47.66590124) (2023-05-19T11:32:47.66602044) [Dbg] [JointPositionController.cc:215] initial_position: [0]
(2023-05-19T11:32:47.66650014) (2023-05-19T11:32:47.66662784) [Dbg] [SystemManager.cc:58] Loaded system [ignition::gazebo::systems::JointPositionController] for entity [174]
(2023-05-19T11:32:47.67168144) (2023-05-19T11:32:47.67183815) [Msg] Thruster listening to commands in [/model/usv/joint/right_engine_propeller_joint/cmd_thrust]
(2023-05-19T11:32:47.67294155) (2023-05-19T11:32:47.67316235) [Dbg] [Thruster.cc:288] Using velocity control for propeller joint.
(2023-05-19T11:32:47.67351245) (2023-05-19T11:32:47.67363635) [Dbg] [SystemManager.cc:58] Loaded system [ignition::gazebo::systems::Thruster] for entity [174]
(2023-05-19T11:32:47.67739805) (2023-05-19T11:32:47.67754885) [Dbg] [JointPositionController.cc:205] [JointPositionController] system parameters:
(2023-05-19T11:32:47.67789876) (2023-05-19T11:32:47.67804326) [Dbg] [JointPositionController.cc:206] p_gain: [1]
(2023-05-19T11:32:47.67850826) (2023-05-19T11:32:47.67864876) [Dbg] [JointPositionController.cc:207] i_gain: [0.1]
(2023-05-19T11:32:47.67910706) (2023-05-19T11:32:47.67924536) [Dbg] [JointPositionController.cc:208] d_gain: [0.01]
(2023-05-19T11:32:47.67968906) (2023-05-19T11:32:47.67982576) [Dbg] [JointPositionController.cc:209] i_max: [1]
(2023-05-19T11:32:47.68027886) (2023-05-19T11:32:47.68041476) [Dbg] [JointPositionController.cc:210] i_min: [-1]
(2023-05-19T11:32:47.68087026) (2023-05-19T11:32:47.68100956) [Dbg] [JointPositionController.cc:211] cmd_max: [1000]
(2023-05-19T11:32:47.68146316) (2023-05-19T11:32:47.68159816) [Dbg] [JointPositionController.cc:212] cmd_min: [-1000]
(2023-05-19T11:32:47.68205546) (2023-05-19T11:32:47.68219156) [Dbg] [JointPositionController.cc:213] cmd_offset: [0]
(2023-05-19T11:32:47.68265176) (2023-05-19T11:32:47.68278736) [Dbg] [JointPositionController.cc:214] Topic: [usv/right/thruster/joint/cmd_pos]
(2023-05-19T11:32:47.68323186) (2023-05-19T11:32:47.68337196) [Dbg] [JointPositionController.cc:215] initial_position: [0]
(2023-05-19T11:32:47.68387846) (2023-05-19T11:32:47.68401996) [Dbg] [SystemManager.cc:58] Loaded system [ignition::gazebo::systems::JointPositionController] for entity [174]
(2023-05-19T11:32:47.68728667) (2023-05-19T11:32:47.68743547) [Msg] Using Pierson-Moskowitz spectrum sampling wavefield model 
(2023-05-19T11:32:47.68931287) (2023-05-19T11:32:47.68947207) [Msg] Using Pierson-Moskowitz spectrum sampling wavefield model 
(2023-05-19T11:32:47.69038838) (2023-05-19T11:32:47.69054148) [Msg] Input Parameters:
(2023-05-19T11:32:47.69087468) (2023-05-19T11:32:47.69101378) [Msg] model:     PMS
(2023-05-19T11:32:47.69140098) (2023-05-19T11:32:47.69154098) [Msg] number:     3
(2023-05-19T11:32:47.69193388) (2023-05-19T11:32:47.69207408) [Msg] scale:      1.1
(2023-05-19T11:32:47.69248888) (2023-05-19T11:32:47.69262868) [Msg] angle:      0.4
(2023-05-19T11:32:47.69304038) (2023-05-19T11:32:47.69317818) [Msg] steepness:  0
(2023-05-19T11:32:47.69359708) (2023-05-19T11:32:47.69373498) [Msg] amplitude:  0
(2023-05-19T11:32:47.69413068) (2023-05-19T11:32:47.69426598) [Msg] period:     5
(2023-05-19T11:32:47.69465788) (2023-05-19T11:32:47.69479768) [Msg] direction:  1 0
(2023-05-19T11:32:47.69530518) (2023-05-19T11:32:47.69545118) [Msg] tau:  2
(2023-05-19T11:32:47.69583848) (2023-05-19T11:32:47.69596458) [Msg] gain:  0.3
(2023-05-19T11:32:47.69638519) (2023-05-19T11:32:47.69651399) [Msg] Derived Parameters:
(2023-05-19T11:32:47.69683909) (2023-05-19T11:32:47.69697159) [Msg] amplitudes:  0.0363502, 0.0392277, 0.0385703, 
(2023-05-19T11:32:47.69766039) (2023-05-19T11:32:47.69780269) [Msg] wavenumbers: 0.133171, 0.161136, 0.194975, 
(2023-05-19T11:32:47.69848559) (2023-05-19T11:32:47.69861849) [Msg] omegas:      1.1424, 1.25664, 1.3823, 
(2023-05-19T11:32:47.69930649) (2023-05-19T11:32:47.69944539) [Msg] periods:     (2023-05-19T11:32:47.69970719) (2023-05-19T11:32:47.69984799) [Msg] 5.5, (2023-05-19T11:32:47.70016909) (2023-05-19T11:32:47.70030129) [Msg] 5, (2023-05-19T11:32:47.70061639) (2023-05-19T11:32:47.70074659) [Msg] 4.54545, (2023-05-19T11:32:47.70105319) (2023-05-19T11:32:47.70119799) [Msg] 
(2023-05-19T11:32:47.70144719) (2023-05-19T11:32:47.70158389) [Msg] phases:      0, 0, 0, 
(2023-05-19T11:32:47.70224559) (2023-05-19T11:32:47.70237949) [Msg] steepnesses: 0, 0, 0, 
(2023-05-19T11:32:47.70311680) (2023-05-19T11:32:47.70326100) [Msg] directions:  (2023-05-19T11:32:47.70352610) (2023-05-19T11:32:47.70364840) [Msg] 0.921061 -0.389418; (2023-05-19T11:32:47.70408150) (2023-05-19T11:32:47.70421620) [Msg] 1 0; (2023-05-19T11:32:47.70465470) (2023-05-19T11:32:47.70479030) [Msg] 0.921061 0.389418; (2023-05-19T11:32:47.70520370) (2023-05-19T11:32:47.70534150) [Msg] 
(2023-05-19T11:32:47.70573820) (2023-05-19T11:32:47.70586610) [Dbg] [Surface.cc:161] Surface plugin successfully configured with the following parameters:
(2023-05-19T11:32:47.70622690) (2023-05-19T11:32:47.70636020) [Dbg] [Surface.cc:163]   <link_name>: base_link
(2023-05-19T11:32:47.70673130) (2023-05-19T11:32:47.70685280) [Dbg] [Surface.cc:164]   <vehicle_length>: 6
(2023-05-19T11:32:47.70724800) (2023-05-19T11:32:47.70737490) [Dbg] [Surface.cc:165]   <vehicle_width>: 3.3
(2023-05-19T11:32:47.70776270) (2023-05-19T11:32:47.70789160) [Dbg] [Surface.cc:166]   <hull_radius>: 0.27
(2023-05-19T11:32:47.70828950) (2023-05-19T11:32:47.70842980) [Dbg] [Surface.cc:167]   <num_samples>: 2
(2023-05-19T11:32:47.70881621) (2023-05-19T11:32:47.70895061) [Dbg] [Surface.cc:168]   <fluid_level>: 0.45
(2023-05-19T11:32:47.70933951) (2023-05-19T11:32:47.70947531) [Dbg] [Surface.cc:169]   <fluid_density>: 997.774
(2023-05-19T11:32:47.70992321) (2023-05-19T11:32:47.71006371) [Dbg] [SystemManager.cc:58] Loaded system [ignition::gazebo::systems::Surface] for entity [174]
(2023-05-19T11:32:47.71455901) (2023-05-19T11:32:47.71472631) [Dbg] [SimpleHydrodynamics.cc:167] SimpleHydrodynamics plugin successfully configured with the following parameters:
(2023-05-19T11:32:47.71512472) (2023-05-19T11:32:47.71527212) [Dbg] [SimpleHydrodynamics.cc:169]   <link_name>: base_link
(2023-05-19T11:32:47.71564702) (2023-05-19T11:32:47.71578492) [Dbg] [SimpleHydrodynamics.cc:170]   <xDotU>: 0
(2023-05-19T11:32:47.71619022) (2023-05-19T11:32:47.71633062) [Dbg] [SimpleHydrodynamics.cc:171]   <yDotV>: 0
(2023-05-19T11:32:47.71671702) (2023-05-19T11:32:47.71685972) [Dbg] [SimpleHydrodynamics.cc:172]   <zDotW>: 0.1
(2023-05-19T11:32:47.71724452) (2023-05-19T11:32:47.71739022) [Dbg] [SimpleHydrodynamics.cc:173]   <kDotP>: 0.1
(2023-05-19T11:32:47.71777952) (2023-05-19T11:32:47.71790952) [Dbg] [SimpleHydrodynamics.cc:174]   <mDotQ>: 0.1
(2023-05-19T11:32:47.71828382) (2023-05-19T11:32:47.71840812) [Dbg] [SimpleHydrodynamics.cc:175]   <nDotR>: 0
(2023-05-19T11:32:47.71877182) (2023-05-19T11:32:47.71889412) [Dbg] [SimpleHydrodynamics.cc:176]   <xU>: 51.3
(2023-05-19T11:32:47.71926572) (2023-05-19T11:32:47.71940672) [Dbg] [SimpleHydrodynamics.cc:177]   <xUU>: 72.4
(2023-05-19T11:32:47.71981632) (2023-05-19T11:32:47.71995202) [Dbg] [SimpleHydrodynamics.cc:178]   <yV>: 40
(2023-05-19T11:32:47.72036042) (2023-05-19T11:32:47.72049472) [Dbg] [SimpleHydrodynamics.cc:179]   <yVV>: 0
(2023-05-19T11:32:47.72089582) (2023-05-19T11:32:47.72101822) [Dbg] [SimpleHydrodynamics.cc:180]   <zW>: 500
(2023-05-19T11:32:47.72139313) (2023-05-19T11:32:47.72151773) [Dbg] [SimpleHydrodynamics.cc:181]   <zWW>: 0
(2023-05-19T11:32:47.72189053) (2023-05-19T11:32:47.72201533) [Dbg] [SimpleHydrodynamics.cc:182]   <kP>: 100
(2023-05-19T11:32:47.72240053) (2023-05-19T11:32:47.72252563) [Dbg] [SimpleHydrodynamics.cc:183]   <kPP>: 0
(2023-05-19T11:32:47.72290483) (2023-05-19T11:32:47.72303883) [Dbg] [SimpleHydrodynamics.cc:184]   <mQ>: 100
(2023-05-19T11:32:47.72343293) (2023-05-19T11:32:47.72357903) [Dbg] [SimpleHydrodynamics.cc:185]   <mQQ>: 0
(2023-05-19T11:32:47.72396553) (2023-05-19T11:32:47.72409983) [Dbg] [SimpleHydrodynamics.cc:186]   <nR>: 400
(2023-05-19T11:32:47.72447853) (2023-05-19T11:32:47.72461553) [Dbg] [SimpleHydrodynamics.cc:187]   <nRR>: 0
(2023-05-19T11:32:47.72504763) (2023-05-19T11:32:47.72517573) [Dbg] [SystemManager.cc:58] Loaded system [ignition::gazebo::systems::SimpleHydrodynamics] for entity [174]
(2023-05-19T11:32:47.75236448) (2023-05-19T11:32:47.75249158) [Dbg] [SystemManager.cc:58] Loaded system [ignition::gazebo::systems::PosePublisher] for entity [174]
(2023-05-19T11:32:47.75520398) (2023-05-19T11:32:47.75539318) [Msg] EntityDetector publishing messages on [/mbzirc/target_object_detector/placed]
(2023-05-19T11:32:47.75699958) (2023-05-19T11:32:47.75710878) [Dbg] [SystemManager.cc:58] Loaded system [mbzirc::EntityDetector] for entity [174]
(2023-05-19T11:32:47.75957569) (2023-05-19T11:32:47.75969159) [Msg] EntityDetector publishing messages on [/mbzirc/target_object_detector/placed]
(2023-05-19T11:32:47.76112459) (2023-05-19T11:32:47.76125529) [Dbg] [SystemManager.cc:58] Loaded system [mbzirc::EntityDetector] for entity [174]
(2023-05-19T11:32:47.76361149) (2023-05-19T11:32:47.76376379) [Msg] EntityDetector publishing messages on [/mbzirc/target_object_detector/placed]
(2023-05-19T11:32:47.76520490) (2023-05-19T11:32:47.76534110) [Dbg] [SystemManager.cc:58] Loaded system [mbzirc::EntityDetector] for entity [174]
(2023-05-19T11:32:47.76770520) (2023-05-19T11:32:47.76783640) [Msg] EntityDetector publishing messages on [/mbzirc/target_object_detector/placed]
(2023-05-19T11:32:47.76936180) (2023-05-19T11:32:47.76948000) [Dbg] [SystemManager.cc:58] Loaded system [mbzirc::EntityDetector] for entity [174]
(2023-05-19T11:32:47.77164221) (2023-05-19T11:32:47.77176011) [Dbg] [SystemManager.cc:58] Loaded system [ignition::gazebo::systems::CommsEndpoint] for entity [174]
(2023-05-19T11:32:47.77699442) (2023-05-19T11:32:47.77711082) [Dbg] [UserCommands.cc:1303] Created entity [174] named [usv]
(2023-05-19T11:32:47.87196597) (2023-05-19T11:32:47.87242927) [Dbg] [Sensors.cc:584] Initialization needed
(2023-05-19T11:32:47.87335947) (2023-05-19T11:32:47.87358447) [Dbg] [Sensors.cc:240] Initializing render context
(2023-05-19T11:32:47.87480827) (2023-05-19T11:32:47.87498727) [Msg] Loading plugin [ignition-rendering-ogre2]
(2023-05-19T11:32:47.88022148) (2023-05-19T11:32:47.88049608) [Dbg] [ImuSensor.cc:148] IMU data for [usv::base_link::imu_sensor] advertised on [world/simple_demo/model/usv/link/base_link/sensor/imu_sensor/imu](
2023-05-19T11:32:47.88155289) (2023-05-19T11:32:47.88197369) [Dbg] [GameLogicPlugin.cc:1991] New Competitor Platform: usv with 0sensors
((2023-05-19T11:32:47.89884561) (2023-05-19T11:32:47.89910431) ([Dbg] [SimulationRunner.cc:518] Exiting postupdate worker thread (3)
(((2023-05-19T11:32:47.90032342((2023-05-19T11:32:47.900135322023-05-19T11:32:47.90068682) (2023-05-19T11:32:47.90096162) [Dbg] [SimulationRunner.cc:518] [Dbg] [SimulationRunner.cc:518] 2023-05-19T11:32:47.899769512023-05-19T11:32:47.90046982[Dbg] [SimulationRunner.cc:518] 2023-05-19T11:32:47.899769512023-05-19T11:32:47.900469822023-05-19T11:32:47.90153582) (2023-05-19T11:32:47.90188892) ) () ((2023-05-19T11:32:47.90250832) () (() ) 2023-05-19T11:32:47.90159732) (2023-05-19T11:32:47.90338542) (2023-05-19T11:32:47.90380492) ) (2023-05-19T11:32:47.90431812) Exiting postupdate worker thread (2023-05-19T11:32:47.90466992) (2023-05-19T11:32:47.9052581262023-05-19T11:32:47.905258126)2023-05-19T11:32:47.90470912) (2023-05-19T11:32:47.90588742) 2023-05-19T11:32:47.90493992) (2023-05-19T11:32:47.90635603
) ) 2023-05-19T11:32:47.90559652) ([Dbg] [SimulationRunner.cc:518] 2023-05-19T11:32:47.90717833) [Dbg] [SimulationRunner.cc:518] [Dbg] [SimulationRunner.cc:518] [Dbg] [SimulationRunner.cc:518] Exiting postupdate worker thread (Exiting postupdate worker thread (7)
[Dbg] [SimulationRunner.cc:518] Exiting postupdate worker thread ([Dbg] [SimulationRunner.cc:518] 5[Dbg] [SimulationRunner.cc:518] Exiting postupdate worker thread (11)
[Dbg] [SimulationRunner.cc:518] Exiting postupdate worker thread ([Dbg] [SimulationRunner.cc:518] Exiting postupdate worker thread ([Dbg] [SimulationRunner.cc:518] Exiting postupdate worker thread ([Dbg] [SimulationRunner.cc:518] [Dbg] [SimulationRunner.cc:518] Exiting postupdate worker thread ([Dbg] [SimulationRunner.cc:518] 8)
))Exiting postupdate worker thread (4)
[Dbg] [SimulationRunner.cc:518] Exiting postupdate worker thread (2Exiting postupdate worker thread (9)
Exiting postupdate worker thread (10)
Exiting postupdate worker thread (0)
[Dbg] [SimulationRunner.cc:518] 2Exiting postupdate worker thread ())Exiting postupdate worker thread (1)

(2023-05-19T11:32:47.91487504) (2023-05-19T11:32:47.91499814) [Dbg] [SimulationRunner.cc:491] Creating PostUpdate worker threads: 21
(2023-05-19T11:32:47.91538914) (2023-05-19T11:32:47.91548424) [Dbg] [SimulationRunner.cc:502] Creating postupdate worker thread (0)
(2023-05-19T11:32:47.91605304) (2023-05-19T11:32:47.91614034) [Dbg] [SimulationRunner.cc:502] Creating postupdate worker thread (1)
(2023-05-19T11:32:47.91659374) (2023-05-19T11:32:47.91669814) [Dbg] [SimulationRunner.cc:502] Creating postupdate worker thread (2)
(2023-05-19T11:32:47.91732304) (2023-05-19T11:32:47.91741054) [Dbg] [SimulationRunner.cc:502] Creating postupdate worker thread (3)
(2023-05-19T11:32:47.91782094) (2023-05-19T11:32:47.91790104) [Dbg] [SimulationRunner.cc:502] Creating postupdate worker thread (4)
(2023-05-19T11:32:47.91846215) (2023-05-19T11:32:47.91857595) [Dbg] [SimulationRunner.cc:502] Creating postupdate worker thread (5)
(2023-05-19T11:32:47.91923705) (2023-05-19T11:32:47.91936315) [Dbg] [SimulationRunner.cc:502] Creating postupdate worker thread (6)
(2023-05-19T11:32:47.91999385) (2023-05-19T11:32:47.92012915) [Dbg] [SimulationRunner.cc:502] Creating postupdate worker thread (7)
(2023-05-19T11:32:47.92075705) (2023-05-19T11:32:47.92088135) [Dbg] [SimulationRunner.cc:502] Creating postupdate worker thread (8)
(2023-05-19T11:32:47.92148555) (2023-05-19T11:32:47.92158145) [Dbg] [SimulationRunner.cc:502] Creating postupdate worker thread (9)
(2023-05-19T11:32:47.92221365) (2023-05-19T11:32:47.92236005) [Dbg] [SimulationRunner.cc:502] Creating postupdate worker thread (10)
(2023-05-19T11:32:47.92304775) (2023-05-19T11:32:47.92314285) [Dbg] [SimulationRunner.cc:502] Creating postupdate worker thread (11)
(2023-05-19T11:32:47.92372095) (2023-05-19T11:32:47.92383405) [Dbg] [SimulationRunner.cc:502] Creating postupdate worker thread (12)
(2023-05-19T11:32:47.92437325) (2023-05-19T11:32:47.92445975) [Dbg] [SimulationRunner.cc:502] Creating postupdate worker thread (13)
(2023-05-19T11:32:47.92504856) (2023-05-19T11:32:47.92513826) [Dbg] [SimulationRunner.cc:502] Creating postupdate worker thread (14)
(2023-05-19T11:32:47.92558626) (2023-05-19T11:32:47.92566846) [Dbg] [SimulationRunner.cc:502] Creating postupdate worker thread (15)
(2023-05-19T11:32:47.92612446) (2023-05-19T11:32:47.92620686) [Dbg] [SimulationRunner.cc:502] Creating postupdate worker thread (16)
(2023-05-19T11:32:47.92666886) (2023-05-19T11:32:47.92676716) [Dbg] [SimulationRunner.cc:502] Creating postupdate worker thread (17)
(2023-05-19T11:32:47.92728856) (2023-05-19T11:32:47.92737386) [Dbg] [SimulationRunner.cc:502] Creating postupdate worker thread (18)
(2023-05-19T11:32:47.92796866) (2023-05-19T11:32:47.92806146) [Dbg] [SimulationRunner.cc:502] Creating postupdate worker thread (19)
(2023-05-19T11:32:47.93233667) (2023-05-19T11:32:47.93245687) [Msg] Address [usv] bound to model [usv] on topic [model/usv/rx]
(2023-05-19T11:32:47.93299417) (2023-05-19T11:32:47.93309037) [Dbg] [CommsEndpoint.cc:89] Succesfuly bound to [usv] on topic [model/usv/rx]
(2023-05-19T11:32:47.450581756) (2023-05-19T11:32:47.450594876) [Dbg] [RenderUtil.cc:2529] Create scene [scene]
(2023-05-19T11:32:47.501879607) (2023-05-19T11:32:47.501892927) [Dbg] [Sensors.cc:254] Rendering Thread initialized
(2023-05-19T11:32:47.506102574) (2023-05-19T11:32:47.506116184) [Wrn] [Ogre2Heightmap.cc:125] Heightmap final sampling should be 2^n
 which differs from ogre1's 2^n+1
The last row and column will be cropped
size = (width * sampling) - sampling + 1
[257] = ([257] * [1]) - [1] + 1
(2023-05-19T11:32:47.539932409) (2023-05-19T11:32:47.539947739) [Msg] Loading heightmap: scene::Heightmap(65478)
(2023-05-19T11:32:47.539978879) (2023-05-19T11:32:47.539987609) [Msg] Heightmap loaded. Process took 0 ms.
(2023-05-19T11:32:51.245004246) (2023-05-19T11:32:51.245025086) [Dbg] [Ogre2ParticleEmitter.cc:514] Particle emitter initialized
(2023-05-19T11:32:51.245251256) (2023-05-19T11:32:51.245269536) [Dbg] [Ogre2ParticleEmitter.cc:514] Particle emitter initialized
(2023-05-19T11:32:51.245522367) (2023-05-19T11:32:51.245551757) [Dbg] [Ogre2ParticleEmitter.cc:514] Particle emitter initialized
(2023-05-19T11:32:51.818555296) (2023-05-19T11:32:51.818572416) [Dbg] [Ogre2ParticleEmitter.cc:514] Particle emitter initialized
(2023-05-19T11:32:51.818785546) (2023-05-19T11:32:51.818795196) [Dbg] [Ogre2ParticleEmitter.cc:514] Particle emitter initialized
(2023-05-19T11:32:51.818931116) (2023-05-19T11:32:51.818943296) [Dbg] [Ogre2ParticleEmitter.cc:514] Particle emitter initialized
(2023-05-19T11:32:51.831455327) (2023-05-19T11:32:51.831471647) [Dbg] [Lidar.cc:122] Laser scans for [usv::sensor_6::sensor_link::lidar] advertised on [world/simple_demo/model/usv/model/sensor_6/link/sensor_link/sensor/lidar/scan]
(2023-05-19T11:32:51.831764627) (2023-05-19T11:32:51.831777327) [Dbg] [GpuLidarSensor.cc:164] Lidar points for [usv::sensor_6::sensor_link::lidar] advertised on [world/simple_demo/model/usv/model/sensor_6/link/sensor_link/sensor/lidar/scan/points]
(2023-05-19T11:32:51.832085848) (2023-05-19T11:32:51.832098438) [Msg] Loading plugin [ignition-rendering-ogre2]
(2023-05-19T11:32:52.321857952) (2023-05-19T11:32:52.321872242) [Dbg] [EntityComponentManager.cc:1587] Updated state thread iterators: 24 threads processing around 10 entities each.
(2023-05-19T11:33:25.697164900) (2023-05-19T11:33:25.697194160) [Msg] Scoring has Started
(2023-05-19T11:33:25.697551840) (2023-05-19T11:33:25.697571100) [Err] [GameLogicPlugin.cc:2121] Invalid configuration detected: 
[usv] Initial Position (10 40 0.299843) is not in the starting area -15 -15 -5 15 15 5
(2023-05-19T11:33:54.338294953) (2023-05-19T11:33:54.338331213) [Dbg] [SignalHandler.cc:141] Received signal[2].
(2023-05-19T11:33:54.338415683) (2023-05-19T11:33:54.338439133) [Dbg] [ServerPrivate.cc:110] Server received signal[2]
(2023-05-19T11:33:54.338525994) (2023-05-19T11:33:54.338549704) [Dbg] [Sensors.cc:406] SensorsPrivate::Stop
(2023-05-19T11:33:54.345643846) (2023-05-19T11:33:54.345658046) [Dbg] [Sensors.cc:392] SensorsPrivate::RenderThread stopped
(2023-05-19T11:33:54.351114086) (2023-05-19T11:33:54.351138266) [Dbg] [ign.cc:410] Shutting down ign-gazebo-server
((2023-05-19T11:33:54.354777062) (2023-05-19T11:33:54.354798352) ((((((2023-05-19T11:33:54.354871612(2023-05-19T11:33:54.354871612((2023-05-19T11:33:54.355164912) (2023-05-19T11:33:54.355198652) (2023-05-19T11:33:54.3548569022023-05-19T11:33:54.355286423) (2023-05-19T11:33:54.355320773) ) (2023-05-19T11:33:54.355358083) 2023-05-19T11:33:54.355169902) ((2023-05-19T11:33:54.355403673) () () (2023-05-19T11:33:54.355452693) 2023-05-19T11:33:54.355481103) ) ) ) (2023-05-19T11:33:54.355552813) 2023-05-19T11:33:54.355569693) (2023-05-19T11:33:54.355614313) ((2023-05-19T11:33:54.355652403) 2023-05-19T11:33:54.355531383) (2023-05-19T11:33:54.355701623) (2023-05-19T11:33:54.355743223) (2023-05-19T11:33:54.355766053) ((2023-05-19T11:33:54.3557923932023-05-19T11:33:54.3558128332023-05-19T11:33:54.355812833) ((2023-05-19T11:33:54.355842794) 2023-05-19T11:33:54.355861874) 2023-05-19T11:33:54.355861874) 2023-05-19T11:33:54.3558700842023-05-19T11:33:54.355861874) 2023-05-19T11:33:54.355870084) () ) (2023-05-19T11:33:54.355976104) 2023-05-19T11:33:54.355866104) (2023-05-19T11:33:54.356029534) ) (Exiting postupdate worker thread (2023-05-19T11:33:54.356076274) (2023-05-19T11:33:54.356113704) (2023-05-19T11:33:54.3559440342023-05-19T11:33:54.356147054) ) (2023-05-19T11:33:54.356184404) ) (2023-05-19T11:33:54.356222814) 112023-05-19T11:33:54.356070704) )
[Dbg] [SimulationRunner.cc:518] Exiting postupdate worker thread ([Dbg] [SimulationRunner.cc:518] 19)
[Dbg] [SimulationRunner.cc:518] Exiting postupdate worker thread (Exiting postupdate worker thread (Exiting postupdate worker thread (Exiting postupdate worker thread (1)
[Dbg] [SimulationRunner.cc:518] Exiting postupdate worker thread (14)
12)
[Dbg] [SimulationRunner.cc:518] [Dbg] [SimulationRunner.cc:518] [Dbg] [SimulationRunner.cc:518] Exiting postupdate worker thread (0)
[Dbg] [SimulationRunner.cc:518] Exiting postupdate worker thread (2)
Exiting postupdate worker thread ([Dbg] [SimulationRunner.cc:518] [Dbg] [SimulationRunner.cc:518] [Dbg] [SimulationRunner.cc:518] Exiting postupdate worker thread (Exiting postupdate worker thread (17)

[Dbg] [SimulationRunner.cc:518] Exiting postupdate worker thread (3)
10)[Dbg] [SimulationRunner.cc:518] Exiting postupdate worker thread (18)
Exiting postupdate worker thread (8)
Exiting postupdate worker thread (5)

[Dbg] [SimulationRunner.cc:518] [Dbg] [SimulationRunner.cc:518] Exiting postupdate worker thread (9)
Exiting postupdate worker thread (15Exiting postupdate worker thread (Exiting postupdate worker thread ([Dbg] [SimulationRunner.cc:518] [Dbg] [SimulationRunner.cc:518] Exiting postupdate worker thread (
)
7)
6)
[Dbg] [SimulationRunner.cc:518] Exiting postupdate worker thread (4)
Exiting postupdate worker thread (13)
(2023-05-19T11:33:54.395769300) (2023-05-19T11:33:54.395784410) [Dbg] [Sensors.cc:406] SensorsPrivate::Stop
(2023-05-19T11:33:54.413136618) (2023-05-19T11:33:54.413159288) [Msg] Stopping recording
(2023-05-19T11:33:54.472589748) (2023-05-19T11:33:54.472610408) [Msg] Scoring has finished. Elapsed real time: 28 seconds. Elapsed sim time: 27 seconds. 
