(2023-03-02T15:35:10.766277811) (2023-03-02T15:35:10.766299491) [Msg] Ignition Gazebo Server v6.11.0
(2023-03-02T15:35:10.769826941) (2023-03-02T15:35:10.769845951) [Msg] Loading SDF world file[/home/developer/mbzirc_ws/install/share/mbzirc_ign/worlds/simple_demo.sdf].
(2023-03-02T15:35:11.81839146) (2023-03-02T15:35:11.81852866) [Msg] Serving entity system service on [/entity/system/add]
(2023-03-02T15:35:11.120746196) (2023-03-02T15:35:11.120761636) [Dbg] [Physics.cc:803] Loaded [ignition::physics::dartsim::Plugin] from library [/usr/lib/x86_64-linux-gnu/ign-physics-5/engine-plugins/libignition-physics-dartsim-plugin.so]
(2023-03-02T15:35:11.120823276) (2023-03-02T15:35:11.120834376) [Dbg] [SystemManager.cc:58] Loaded system [ignition::gazebo::systems::Physics] for entity [1]
(2023-03-02T15:35:11.122395956) (2023-03-02T15:35:11.122406566) [Msg] Create service on [/world/simple_demo/create]
(2023-03-02T15:35:11.122509266) (2023-03-02T15:35:11.122520146) [Msg] Remove service on [/world/simple_demo/remove]
(2023-03-02T15:35:11.122612116) (2023-03-02T15:35:11.122622956) [Msg] Pose service on [/world/simple_demo/set_pose]
(2023-03-02T15:35:11.122707546) (2023-03-02T15:35:11.122717966) [Msg] Pose service on [/world/simple_demo/set_pose_vector]
(2023-03-02T15:35:11.122832776) (2023-03-02T15:35:11.122842346) [Msg] Light configuration service on [/world/simple_demo/light_config]
(2023-03-02T15:35:11.122995186) (2023-03-02T15:35:11.123004586) [Msg] Physics service on [/world/simple_demo/set_physics]
(2023-03-02T15:35:11.123100846) (2023-03-02T15:35:11.123110366) [Msg] SphericalCoordinates service on [/world/simple_demo/set_spherical_coordinates]
(2023-03-02T15:35:11.123172746) (2023-03-02T15:35:11.123181506) [Msg] Enable collision service on [/world/simple_demo/enable_collision]
(2023-03-02T15:35:11.123238876) (2023-03-02T15:35:11.123247346) [Msg] Disable collision service on [/world/simple_demo/disable_collision]
(2023-03-02T15:35:11.123360676) (2023-03-02T15:35:11.123371566) [Msg] Material service on [/world/simple_demo/visual_config]
(2023-03-02T15:35:11.123455656) (2023-03-02T15:35:11.123466666) [Msg] Material service on [/world/simple_demo/wheel_slip]
(2023-03-02T15:35:11.123502416) (2023-03-02T15:35:11.123512046) [Dbg] [SystemManager.cc:58] Loaded system [ignition::gazebo::systems::UserCommands] for entity [1]
(2023-03-02T15:35:11.142697726) (2023-03-02T15:35:11.142707956) [Dbg] [Sensors.cc:479] Configuring Sensors system
(2023-03-02T15:35:11.142769056) (2023-03-02T15:35:11.142778446) [Dbg] [Sensors.cc:398] SensorsPrivate::Run
(2023-03-02T15:35:11.142842536) (2023-03-02T15:35:11.142852726) [Dbg] [SystemManager.cc:58] Loaded system [ignition::gazebo::systems::Sensors] for entity [(1]

2023-03-02T15:35:11.142920236) (2023-03-02T15:35:11.142949656) [Dbg] [Sensors.cc:378] SensorsPrivate::RenderThread started
(2023-03-02T15:35:11.143009666) (2023-03-02T15:35:11.143029386) [Dbg] [Sensors.cc:228] Waiting for init
(2023-03-02T15:35:11.144348995) (2023-03-02T15:35:11.144361195) [Dbg] [SystemManager.cc:58] Loaded system [ignition::gazebo::systems::AirPressure] for entity [1]
(2023-03-02T15:35:11.145833615) (2023-03-02T15:35:11.145844325) [Dbg] [SystemManager.cc:58] Loaded system [ignition::gazebo::systems::Altimeter] for entity [1]
(2023-03-02T15:35:11.147313465) (2023-03-02T15:35:11.147324335) [Dbg] [SystemManager.cc:58] Loaded system [ignition::gazebo::systems::Imu] for entity [1]
(2023-03-02T15:35:11.148749814) (2023-03-02T15:35:11.148760654) [Dbg] [SystemManager.cc:58] Loaded system [ignition::gazebo::systems::Magnetometer] for entity [1]
(2023-03-02T15:35:11.150218205) (2023-03-02T15:35:11.150229015) [Dbg] [SystemManager.cc:58] Loaded system [ignition::gazebo::systems::ForceTorque] for entity [1]
(2023-03-02T15:35:11.151298085) (2023-03-02T15:35:11.151310295) [Msg] Serving particle emitter information on [/world/simple_demo/particle_emitters]
(2023-03-02T15:35:11.151359935) (2023-03-02T15:35:11.151370365) [Dbg] [SystemManager.cc:58] Loaded system [ignition::gazebo::systems::ParticleEmitter2] for entity [1]
(2023-03-02T15:35:11.152591995) (2023-03-02T15:35:11.152611515) [Dbg] [SystemManager.cc:58] Loaded system [ignition::gazebo::systems::SceneBroadcaster] for entity [1]
(2023-03-02T15:35:11.153600515) (2023-03-02T15:35:11.153611335) [Dbg] [SystemManager.cc:58] Loaded system [ignition::gazebo::systems::Contact] for entity [1]
(2023-03-02T15:35:11.154654335) (2023-03-02T15:35:11.154666165) [Dbg] [RFComms.cc:385] Range configuration:
RF Configuration (range-based)
-- max_range: 500000
-- fading_exponent: 2.6
-- l0: 40
-- sigma: 10

(2023-03-02T15:35:11.154760895) (2023-03-02T15:35:11.154771035) [Dbg] [RFComms.cc:388] Radio configuration:
Radio Configuration
-- capacity: 1e+06
-- tx_power: 25
-- noise_floor: -90
-- modulation: QPSK

(2023-03-02T15:35:11.155004305) (2023-03-02T15:35:11.155015755) [Dbg] [Broker.cc:113] Broker services:
(2023-03-02T15:35:11.155042275) (2023-03-02T15:35:11.155051675) [Dbg] [Broker.cc:114]   Bind: [/broker/bind]
(2023-03-02T15:35:11.155082665) (2023-03-02T15:35:11.155092685) [Dbg] [Broker.cc:115]   Unbind: [/broker/unbind]
(2023-03-02T15:35:11.155122895) (2023-03-02T15:35:11.155131545) [Dbg] [Broker.cc:116] Broker topics:
(2023-03-02T15:35:11.155155625) (2023-03-02T15:35:11.155163945) [Dbg] [Broker.cc:117]   Incoming messages: [/broker/msgs]
(2023-03-02T15:35:11.155199245) (2023-03-02T15:35:11.155208175) [Dbg] [SystemManager.cc:58] Loaded system [ignition::gazebo::systems::RFComms] for entity [1]
(2023-03-02T15:35:11.157343415) (2023-03-02T15:35:11.157354875) [Dbg] [RFRange.cc:339] RFRange sensor range configuration:
RF Configuration (range-based)
-- max_range: 500000
-- fading_exponent: 2.6
-- l0: 40
-- sigma: 0.005
-- rssi_1: -15

(2023-03-02T15:35:11.157458515) (2023-03-02T15:35:11.157467515) [Dbg] [RFRange.cc:342] RFRange sensor radio configuration:
Radio Configuration
-- tx_power: 25
-- noise_floor: -90

(2023-03-02T15:35:11.157542715) (2023-03-02T15:35:11.157552505) [Dbg] [SystemManager.cc:58] Loaded system [ignition::gazebo::systems::RFRange] for entity [1]
(2023-03-02T15:35:11.160991446) (2023-03-02T15:35:11.161002226) [Msg] Overwriting existing file [/tmp/ign/mbzirc/playback/state.tlog]
(2023-03-02T15:35:11.301960753) (2023-03-02T15:35:11.301980033) [Msg] Recording to log file [/tmp/ign/mbzirc/playback/state.tlog]
(2023-03-02T15:35:11.302042713) (2023-03-02T15:35:11.302050883) [Dbg] [LogRecord.cc:334] Recording default topic[/playback/sdf].
(2023-03-02T15:35:11.302074073) (2023-03-02T15:35:11.302081703) [Dbg] [LogRecord.cc:335] Recording default topic[/world/simple_demo/changed_state].
(2023-03-02T15:35:11.349502942) (2023-03-02T15:35:11.349524882) [Dbg] [SystemManager.cc:58] Loaded system [ignition::gazebo::systems::LogRecord] for entity [1]
(2023-03-02T15:35:11.352201122) (2023-03-02T15:35:11.352223792) [Dbg] [SystemManager.cc:58] Loaded system [ignition::gazebo::systems::WindEffects] for entity [1]
(2023-03-02T15:35:11.357003253) (2023-03-02T15:35:11.357024753) [Msg] MBZIRC log path: /tmp/ign/mbzirc/logs
(2023-03-02T15:35:11.357541113) (2023-03-02T15:35:11.357560743) [Msg] Run duration set to 3600 seconds.
(2023-03-02T15:35:11.357665533) (2023-03-02T15:35:11.357684053) [Msg] Geofence boundary min: -70 -70 -25, max: 70 70 121.92
(2023-03-02T15:35:11.357836963) (2023-03-02T15:35:11.357854693) [Msg] Start area boundary min: -15 -15 -5, max: 15 15 5
(2023-03-02T15:35:11.357992293) (2023-03-02T15:35:11.358010523) [Msg] Setup duration set to 600 seconds.
(2023-03-02T15:35:11.358068333) (2023-03-02T15:35:11.358085883) [Msg] Target vessel: Vessel A
(2023-03-02T15:35:11.358180753) (2023-03-02T15:35:11.358198813) [Msg]   Small object: small_blue_box_a
(2023-03-02T15:35:11.358267532) (2023-03-02T15:35:11.358289172) [Msg]   Small object: small_blue_box_a_duplicate
(2023-03-02T15:35:11.358352562) (2023-03-02T15:35:11.358374562) [Msg]   Large object: large_dry_box_a
(2023-03-02T15:35:11.358434512) (2023-03-02T15:35:11.358454152) [Msg]   Large object: large_dry_box_a_duplicate
(2023-03-02T15:35:11.360177412) (2023-03-02T15:35:11.360187822) [Msg] Starting MBZIRC
(2023-03-02T15:35:11.360295892) (2023-03-02T15:35:11.360305042) [Dbg] [SystemManager.cc:58] Loaded system [mbzirc::GameLogicPlugin] for entity [1]
(2023-03-02T15:35:11.365562431) (2023-03-02T15:35:11.365572791) [Msg] Using Pierson-Moskowitz spectrum sampling wavefield model 
(2023-03-02T15:35:11.365836191) (2023-03-02T15:35:11.365846281) [Msg] Using Pierson-Moskowitz spectrum sampling wavefield model 
(2023-03-02T15:35:11.665834057) (2023-03-02T15:35:11.665859987) [Msg] Input Parameters:
(2023-03-02T15:35:11.665924467) (2023-03-02T15:35:11.665947527) [Msg] model:     PMS
(2023-03-02T15:35:11.666026867) (2023-03-02T15:35:11.666051437) [Msg] number:     3
(2023-03-02T15:35:11.666123087) (2023-03-02T15:35:11.666149307) [Msg] scale:      1.1
(2023-03-02T15:35:11.666229987) (2023-03-02T15:35:11.666255727) [Msg] angle:      0.4
(2023-03-02T15:35:11.666325927) (2023-03-02T15:35:11.666344527) [Msg] steepness:  0
(2023-03-02T15:35:11.666410747) (2023-03-02T15:35:11.666436947) [Msg] amplitude:  0
(2023-03-02T15:35:11.666510027) (2023-03-02T15:35:11.666536137) [Msg] period:     5
(2023-03-02T15:35:11.666609127) (2023-03-02T15:35:11.666636247) [Msg] direction:  1 0
(2023-03-02T15:35:11.666744877) (2023-03-02T15:35:11.666771557) [Msg] tau:  2
(2023-03-02T15:35:11.666845067) (2023-03-02T15:35:11.666871997) [Msg] gain:  0.3
(2023-03-02T15:35:11.666943577) (2023-03-02T15:35:11.666962077) [Msg] Derived Parameters:
(2023-03-02T15:35:11.667011537) (2023-03-02T15:35:11.667036427) [Msg] amplitudes:  0.0363502, 0.0392277, 0.0385703, 
(2023-03-02T15:35:11.667186297) (2023-03-02T15:35:11.667209787) [Msg] wavenumbers: 0.133171, 0.161136, 0.194975, 
(2023-03-02T15:35:11.667329717) (2023-03-02T15:35:11.667354197) [Msg] omegas:      1.1424, 1.25664, 1.3823, 
(2023-03-02T15:35:11.667449987) (2023-03-02T15:35:11.667468157) [Msg] periods:     (2023-03-02T15:35:11.667528417) (2023-03-02T15:35:11.667546467) [Msg] 5.5, (2023-03-02T15:35:11.667592717) (2023-03-02T15:35:11.667610297) [Msg] 5, (2023-03-02T15:35:11.667652417) (2023-03-02T15:35:11.667669767) [Msg] 4.54545, (2023-03-02T15:35:11.667711687) (2023-03-02T15:35:11.667737377) [Msg] 
(2023-03-02T15:35:11.667787017) (2023-03-02T15:35:11.667810217) [Msg] phases:      0, 0, 0, 
(2023-03-02T15:35:11.667907007) (2023-03-02T15:35:11.667929717) [Msg] steepnesses: 0, 0, 0, 
(2023-03-02T15:35:11.668043677) (2023-03-02T15:35:11.668063697) [Msg] directions:  (2023-03-02T15:35:11.668123847) (2023-03-02T15:35:11.668149877) [Msg] 0.921061 -0.389418; (2023-03-02T15:35:11.668241537) (2023-03-02T15:35:11.668267727) [Msg] 1 0; (2023-03-02T15:35:11.668351197) (2023-03-02T15:35:11.668377467) [Msg] 0.921061 0.389418; (2023-03-02T15:35:11.668462547) (2023-03-02T15:35:11.668489668) [Msg] 
(2023-03-02T15:35:11.669357018) (2023-03-02T15:35:11.669382668) [Dbg] [SystemManager.cc:58] Loaded system [ignition::gazebo::systems::WaveVisual] for entity [23]
(2023-03-02T15:35:11.674319337) (2023-03-02T15:35:11.674328937) [Msg] Using Pierson-Moskowitz spectrum sampling wavefield model 
(2023-03-02T15:35:11.674538707) (2023-03-02T15:35:11.674550697) [Msg] Using Pierson-Moskowitz spectrum sampling wavefield model 
(2023-03-02T15:35:11.674596457) (2023-03-02T15:35:11.674606387) [Msg] Input Parameters:
(2023-03-02T15:35:11.674635527) (2023-03-02T15:35:11.674648407) [Msg] model:     PMS
(2023-03-02T15:35:11.674680387) (2023-03-02T15:35:11.674689737) [Msg] number:     3
(2023-03-02T15:35:11.674720227) (2023-03-02T15:35:11.674729157) [Msg] scale:      1.1
(2023-03-02T15:35:11.674755157) (2023-03-02T15:35:11.674767267) [Msg] angle:      0.4
(2023-03-02T15:35:11.674795337) (2023-03-02T15:35:11.674805647) [Msg] steepness:  0
(2023-03-02T15:35:11.674834347) (2023-03-02T15:35:11.674846917) [Msg] amplitude:  0
(2023-03-02T15:35:11.674873907) (2023-03-02T15:35:11.674882117) [Msg] period:     5
(2023-03-02T15:35:11.674913697) (2023-03-02T15:35:11.674926507) [Msg] direction:  1 0
(2023-03-02T15:35:11.674961187) (2023-03-02T15:35:11.674970567) [Msg] tau:  2
(2023-03-02T15:35:11.675002897) (2023-03-02T15:35:11.675012607) [Msg] gain:  0.3
(2023-03-02T15:35:11.675039947) (2023-03-02T15:35:11.675050857) [Msg] Derived Parameters:
(2023-03-02T15:35:11.675086247) (2023-03-02T15:35:11.675095527) [Msg] amplitudes:  0.0363502, 0.0392277, 0.0385703, 
(2023-03-02T15:35:11.675146447) (2023-03-02T15:35:11.675156187) [Msg] wavenumbers: 0.133171, 0.161136, 0.194975, 
(2023-03-02T15:35:11.675211377) (2023-03-02T15:35:11.675221097) [Msg] omegas:      1.1424, 1.25664, 1.3823, 
(2023-03-02T15:35:11.675276867) (2023-03-02T15:35:11.675286827) [Msg] periods:     (2023-03-02T15:35:11.675304917) (2023-03-02T15:35:11.675313167) [Msg] 5.5, (2023-03-02T15:35:11.675337307) (2023-03-02T15:35:11.675346167) [Msg] 5, (2023-03-02T15:35:11.675366957) (2023-03-02T15:35:11.675376267) [Msg] 4.54545, (2023-03-02T15:35:11.675402898) (2023-03-02T15:35:11.675412928) [Msg] 
(2023-03-02T15:35:11.675429078) (2023-03-02T15:35:11.675437818) [Msg] phases:      0, 0, 0, 
(2023-03-02T15:35:11.675492878) (2023-03-02T15:35:11.675503728) [Msg] steepnesses: 0, 0, 0, 
(2023-03-02T15:35:11.675546728) (2023-03-02T15:35:11.675555608) [Msg] directions:  (2023-03-02T15:35:11.675571728) (2023-03-02T15:35:11.675581268) [Msg] 0.921061 -0.389418; (2023-03-02T15:35:11.675609558) (2023-03-02T15:35:11.675618108) [Msg] 1 0; (2023-03-02T15:35:11.675646128) (2023-03-02T15:35:11.675654878) [Msg] 0.921061 0.389418; (2023-03-02T15:35:11.675683808) (2023-03-02T15:35:11.675695198) [Msg] 
(2023-03-02T15:35:11.675732918) (2023-03-02T15:35:11.675742758) [Dbg] [Surface.cc:161] Surface plugin successfully configured with the following parameters:
(2023-03-02T15:35:11.675779208) (2023-03-02T15:35:11.675789078) [Dbg] [Surface.cc:163]   <link_name>: link
(2023-03-02T15:35:11.675817148) (2023-03-02T15:35:11.675828778) [Dbg] [Surface.cc:164]   <vehicle_length>: 6
(2023-03-02T15:35:11.675864768) (2023-03-02T15:35:11.675874518) [Dbg] [Surface.cc:165]   <vehicle_width>: 3.3
(2023-03-02T15:35:11.675901978) (2023-03-02T15:35:11.675913678) [Dbg] [Surface.cc:166]   <hull_radius>: 1.9
(2023-03-02T15:35:11.675946858) (2023-03-02T15:35:11.675956548) [Dbg] [Surface.cc:167]   <num_samples>: 2
(2023-03-02T15:35:11.675982928) (2023-03-02T15:35:11.675993018) [Dbg] [Surface.cc:168]   <fluid_level>: 0.45
(2023-03-02T15:35:11.676026328) (2023-03-02T15:35:11.676035328) [Dbg] [Surface.cc:169]   <fluid_density>: 997.774
(2023-03-02T15:35:11.676081088) (2023-03-02T15:35:11.676090258) [Dbg] [SystemManager.cc:58] Loaded system [ignition::gazebo::systems::Surface] for entity [24]
(2023-03-02T15:35:11.677911138) (2023-03-02T15:35:11.677923148) [Dbg] [SimpleHydrodynamics.cc:167] SimpleHydrodynamics plugin successfully configured with the following parameters:
(2023-03-02T15:35:11.677954768) (2023-03-02T15:35:11.677963758) [Dbg] [SimpleHydrodynamics.cc:169]   <link_name>: link
(2023-03-02T15:35:11.677991818) (2023-03-02T15:35:11.678001298) [Dbg] [SimpleHydrodynamics.cc:170]   <xDotU>: 0
(2023-03-02T15:35:11.678028348) (2023-03-02T15:35:11.678038108) [Dbg] [SimpleHydrodynamics.cc:171]   <yDotV>: 0
(2023-03-02T15:35:11.678063118) (2023-03-02T15:35:11.678072608) [Dbg] [SimpleHydrodynamics.cc:172]   <zDotW>: 0.1
(2023-03-02T15:35:11.678098748) (2023-03-02T15:35:11.678107478) [Dbg] [SimpleHydrodynamics.cc:173]   <kDotP>: 0.1
(2023-03-02T15:35:11.678133668) (2023-03-02T15:35:11.678141998) [Dbg] [SimpleHydrodynamics.cc:174]   <mDotQ>: 0.1
(2023-03-02T15:35:11.678170098) (2023-03-02T15:35:11.678178608) [Dbg] [SimpleHydrodynamics.cc:175]   <nDotR>: 0
(2023-03-02T15:35:11.678206278) (2023-03-02T15:35:11.678215938) [Dbg] [SimpleHydrodynamics.cc:176]   <xU>: 510.3
(2023-03-02T15:35:11.678242198) (2023-03-02T15:35:11.678251358) [Dbg] [SimpleHydrodynamics.cc:177]   <xUU>: 720.4
(2023-03-02T15:35:11.678278668) (2023-03-02T15:35:11.678288058) [Dbg] [SimpleHydrodynamics.cc:178]   <yV>: 400
(2023-03-02T15:35:11.678314678) (2023-03-02T15:35:11.678324868) [Dbg] [SimpleHydrodynamics.cc:179]   <yVV>: 0
(2023-03-02T15:35:11.678351288) (2023-03-02T15:35:11.678360198) [Dbg] [SimpleHydrodynamics.cc:180]   <zW>: 5000
(2023-03-02T15:35:11.678386778) (2023-03-02T15:35:11.678395738) [Dbg] [SimpleHydrodynamics.cc:181]   <zWW>: 0
(2023-03-02T15:35:11.678422928) (2023-03-02T15:35:11.678433298) [Dbg] [SimpleHydrodynamics.cc:182]   <kP>: 500
(2023-03-02T15:35:11.678468948) (2023-03-02T15:35:11.678478518) [Dbg] [SimpleHydrodynamics.cc:183]   <kPP>: 0
(2023-03-02T15:35:11.678505548) (2023-03-02T15:35:11.678513848) [Dbg] [SimpleHydrodynamics.cc:184]   <mQ>: 500
(2023-03-02T15:35:11.678540078) (2023-03-02T15:35:11.678549038) [Dbg] [SimpleHydrodynamics.cc:185]   <mQQ>: 0
(2023-03-02T15:35:11.678575258) (2023-03-02T15:35:11.678583628) [Dbg] [SimpleHydrodynamics.cc:186]   <nR>: 15000
(2023-03-02T15:35:11.678612108) (2023-03-02T15:35:11.678620938) [Dbg] [SimpleHydrodynamics.cc:187]   <nRR>: 0
(2023-03-02T15:35:11.678650478) (2023-03-02T15:35:11.678659178) [Dbg] [SystemManager.cc:58] Loaded system [ignition::gazebo::systems::SimpleHydrodynamics] for entity [24]
(2023-03-02T15:35:11.680022917) (2023-03-02T15:35:11.680034247) [Dbg] [SystemManager.cc:58] Loaded system [ignition::gazebo::systems::DetachableJoint] for entity [28]
(2023-03-02T15:35:11.680529247) (2023-03-02T15:35:11.680540167) [Dbg] [SystemManager.cc:58] Loaded system [ignition::gazebo::systems::DetachableJoint] for entity [44]
(2023-03-02T15:35:11.681361707) (2023-03-02T15:35:11.681372997) [Dbg] [SystemManager.cc:58] Loaded system [ignition::gazebo::systems::DetachableJoint] for entity [60]
(2023-03-02T15:35:11.682162577) (2023-03-02T15:35:11.682174557) [Dbg] [SystemManager.cc:58] Loaded system [ignition::gazebo::systems::DetachableJoint] for entity [112]
(2023-03-02T15:35:11.683348107) (2023-03-02T15:35:11.683358097) [Dbg] [SystemManager.cc:58] Loaded system [ignition::gazebo::systems::CommsEndpoint] for entity [164]
(2023-03-02T15:35:11.683534947) (2023-03-02T15:35:11.683545507) [Dbg] [SystemManager.cc:58] Loaded system [ignition::gazebo::systems::CommsEndpoint] for entity [164]
(2023-03-02T15:35:11.685002186) (2023-03-02T15:35:11.685013976) [Dbg] [SystemManager.cc:58] Loaded system [mbzirc::BaseStation] for entity [164]
(2023-03-02T15:35:11.686776707) (2023-03-02T15:35:11.686788077) [Msg] EntityDetector publishing messages on [/mbzirc/target_object_detector/dropped]
(2023-03-02T15:35:11.686943067) (2023-03-02T15:35:11.686955167) [Dbg] [SystemManager.cc:58] Loaded system [mbzirc::EntityDetector] for entity [168]
(2023-03-02T15:35:11.687041427) (2023-03-02T15:35:11.687051327) [Msg] Loaded level [3]
(2023-03-02T15:35:11.687305767) (2023-03-02T15:35:11.687318087) [Msg] Serving world controls on [/world/simple_demo/control], [/world/simple_demo/control/state] and [/world/simple_demo/playback/control]
(2023-03-02T15:35:11.687450047) (2023-03-02T15:35:11.687462357) [Msg] Serving GUI information on [/world/simple_demo/gui/info]
(2023-03-02T15:35:11.687509857) (2023-03-02T15:35:11.687521927) [Msg] World [simple_demo] initialized with [4ms] physics profile.
(2023-03-02T15:35:11.687658767) (2023-03-02T15:35:11.687670427) [Msg] Serving world SDF generation service on [/world/simple_demo/generate_world_sdf]
(2023-03-02T15:35:11.687759237) (2023-03-02T15:35:11.687769727) [Msg] Serving world names on [/gazebo/worlds]
(2023-03-02T15:35:11.687852187) (2023-03-02T15:35:11.687864787) [Msg] Resource path add service on [/gazebo/resource_paths/add].
(2023-03-02T15:35:11.687942867) (2023-03-02T15:35:11.687955347) [Msg] Resource path get service on [/gazebo/resource_paths/get].
(2023-03-02T15:35:11.788245845) (2023-03-02T15:35:11.788270895) [Msg] Resource path resolve service on [/gazebo/resource_paths/resolve].
(2023-03-02T15:35:11.788556595) (2023-03-02T15:35:11.788585395) [Msg] Resource paths published on [/gazebo/resource_paths].
(2023-03-02T15:35:11.788822975) (2023-03-02T15:35:11.788849405) [Msg] Server control service on [/server_control].
(2023-03-02T15:35:11.789102405) (2023-03-02T15:35:11.789124975) [Msg] Found no publishers on /stats, adding root stats topic
(2023-03-02T15:35:11.789332285) (2023-03-02T15:35:11.789360605) [Msg] Found no publishers on /clock, adding root clock topic
(2023-03-02T15:35:11.789690625) (2023-03-02T15:35:11.789715245) [Dbg] [SimulationRunner.cc:491] Creating PostUpdate worker threads: 13
(2023-03-02T15:35:11.789800215) (2023-03-02T15:35:11.789838025) [Dbg] [SimulationRunner.cc:502] Creating postupdate worker thread (0)
(2023-03-02T15:35:11.789990895) (2023-03-02T15:35:11.790013915) [Dbg] [SimulationRunner.cc:502] Creating postupdate worker thread (1)
(2023-03-02T15:35:11.790129175) (2023-03-02T15:35:11.790150845) [Dbg] [SimulationRunner.cc:502] Creating postupdate worker thread (2)
(2023-03-02T15:35:11.790252435) (2023-03-02T15:35:11.790273545) [Dbg] [SimulationRunner.cc:502] Creating postupdate worker thread (3)
(2023-03-02T15:35:11.790384975) (2023-03-02T15:35:11.790406065) [Dbg] [SimulationRunner.cc:502] Creating postupdate worker thread (4)
(2023-03-02T15:35:11.790511395) (2023-03-02T15:35:11.790532465) [Dbg] [SimulationRunner.cc:502] Creating postupdate worker thread (5)
(2023-03-02T15:35:11.790632085) (2023-03-02T15:35:11.790653245) [Dbg] [SimulationRunner.cc:502] Creating postupdate worker thread (6)
(2023-03-02T15:35:11.790754335) (2023-03-02T15:35:11.790775605) [Dbg] [SimulationRunner.cc:502] Creating postupdate worker thread (7)
(2023-03-02T15:35:11.790875995) (2023-03-02T15:35:11.790896765) [Dbg] [SimulationRunner.cc:502] Creating postupdate worker thread (8)
(2023-03-02T15:35:11.790995255) (2023-03-02T15:35:11.791016195) [Dbg] [SimulationRunner.cc:502] Creating postupdate worker thread (9)
(2023-03-02T15:35:11.791115345) (2023-03-02T15:35:11.791136475) [Dbg] [SimulationRunner.cc:502] Creating postupdate worker thread (10)
(2023-03-02T15:35:11.791237365) (2023-03-02T15:35:11.791258935) [Dbg] [SimulationRunner.cc:502] Creating postupdate worker thread (11)
(2023-03-02T15:35:11.889785114) (2023-03-02T15:35:11.889804764) [Msg] Particle emitter[simple_demo::dust_storm::link::dust_storm] subscribed to command messages on topic[/model/dust_storm/link/link/particle_emitter/dust_storm/cmd]
(2023-03-02T15:35:11.890025783) (2023-03-02T15:35:11.890054303) [Msg] Particle emitter[simple_demo::fog::link::fog] subscribed to command messages on topic[/model/fog/link/link/particle_emitter/fog/cmd]
(2023-03-02T15:35:11.891987063) (2023-03-02T15:35:11.892007953) [Msg] DetachableJoint subscribing to messages on [/Vessel_A/detach]
(2023-03-02T15:35:11.892179623) (2023-03-02T15:35:11.892201363) [Msg] DetachableJoint subscribing to messages on [/Vessel_A/detach]
(2023-03-02T15:35:11.892364533) (2023-03-02T15:35:11.892384143) [Msg] DetachableJoint subscribing to messages on [/Vessel_A/detach]
(2023-03-02T15:35:11.892544303) (2023-03-02T15:35:11.892564883) [Msg] DetachableJoint subscribing to messages on [/Vessel_A/detach]
(2023-03-02T15:35:11.892789443) (2023-03-02T15:35:11.892808343) [Msg] Address [base_station/target] bound to model [base_station] on topic [base_station/target]
(2023-03-02T15:35:11.892894533) (2023-03-02T15:35:11.892911143) [Dbg] [CommsEndpoint.cc:89] Succesfuly bound to [base_station/target] on topic [base_station/target]
(2023-03-02T15:35:11.893073863) (2023-03-02T15:35:11.893095003) [Msg] Address [base_station/video] bound to model [base_station] on topic [base_station/video]
(2023-03-02T15:35:11.893184983) (2023-03-02T15:35:11.893203003) [Dbg] [CommsEndpoint.cc:89] Succesfuly bound to [base_station/video] on topic [base_station/video]
(2023-03-02T15:35:11.969786803) (2023-03-02T15:35:11.969800183) [Dbg] [Physics.cc:1593] Creating detachable joint [170]
(2023-03-02T15:35:11.969958023) (2023-03-02T15:35:11.969968103) [Dbg] [Physics.cc:1593] Creating detachable joint [171]
(2023-03-02T15:35:11.970111923) (2023-03-02T15:35:11.970120983) [Dbg] [Physics.cc:1593] Creating detachable joint [172]
(2023-03-02T15:35:11.970424223) (2023-03-02T15:35:11.970436523) [Dbg] [Physics.cc:1593] Creating detachable joint [173]
(2023-03-02T15:35:11.971614402) (2023-03-02T15:35:11.971626602) [Dbg] [SimulationFeatures.cc:63] Simulation timestep set to: 0.004
(2023-03-02T15:35:11.981191622) (2023-03-02T15:35:11.981202452) [Msg] Serving scene information on [/world/simple_demo/scene/info]
(2023-03-02T15:35:11.981313842) (2023-03-02T15:35:11.981323412) [Msg] Serving graph information on [/world/simple_demo/scene/graph]
(2023-03-02T15:35:11.981442802) (2023-03-02T15:35:11.981468482) [Msg] Serving full state on [/world/simple_demo/state]
(2023-03-02T15:35:11.981567612) (2023-03-02T15:35:11.981581132) [Msg] Serving full state (async) on [/world/simple_demo/state_async]
(2023-03-02T15:35:11.981700002) (2023-03-02T15:35:11.981710122) [Msg] Publishing scene information on [/world/simple_demo/scene/info]
(2023-03-02T15:35:11.981814512) (2023-03-02T15:35:11.981827232) [Msg] Publishing entity deletions on [/world/simple_demo/scene/deletion]
(2023-03-02T15:35:11.981907242) (2023-03-02T15:35:11.981918032) [Msg] Publishing state changes on [/world/simple_demo/state]
(2023-03-02T15:35:11.982013342) (2023-03-02T15:35:11.982028602) [Msg] Publishing pose messages on [/world/simple_demo/pose/info]
(2023-03-02T15:35:11.982123892) (2023-03-02T15:35:11.982134752) [Msg] Publishing dynamic pose messages on [/world/simple_demo/dynamic_pose/info]
(2023-03-02T15:35:11.982361262) (2023-03-02T15:35:11.982372862) [Dbg] [EntityComponentManager.cc:1587] Updated state thread iterators: 24 threads processing around 8 entities each.
(2023-03-02T15:35:11.982705012) (2023-03-02T15:35:11.982734482) [Wrn] [Model.hh:69] Skipping serialization / deserialization for models with //pose/@relative_to attribute.
(2023-03-02T15:35:11.983136252) (2023-03-02T15:35:11.983165512) [Wrn] [Component.hh:144] Trying to serialize component with data type [N3sdf3v125WorldE], which doesn't have `operator<<`. Component will not be serialized.
(2023-03-02T15:35:12.10277122) (2023-03-02T15:35:12.10300812) [Dbg] [EntityComponentManager.cc:1587] Updated state thread iterators: 24 threads processing around 8 entities each.
(2023-03-02T15:35:44.57066621) (2023-03-02T15:35:44.57080421) [Msg] Linear velocity initialized to [0 0 0]
(2023-03-02T15:35:44.57135031) (2023-03-02T15:35:44.57143391) [Msg] Angular velocity initialized to [0 0 0]
(2023-03-02T15:35:44.57343361) (2023-03-02T15:35:44.57352741) [Msg] VelocityControl subscribing to twist messages on [/model/usv/cmd_vel]
(2023-03-02T15:35:44.57387391) (2023-03-02T15:35:44.57395411) [Dbg] [SystemManager.cc:58] Loaded system [ignition::gazebo::systems::VelocityControl] for entity [174]
(2023-03-02T15:35:44.58393432) (2023-03-02T15:35:44.58403662) [Dbg] [OdometryPublisher.cc:191] OdometryPublisher system plugin missing <dimensions>, defaults to "2"
(2023-03-02T15:35:44.58553962) (2023-03-02T15:35:44.58566492) [Msg] OdometryPublisher publishing odometry on [/model/usv/odometry]
(2023-03-02T15:35:44.58695832) (2023-03-02T15:35:44.58706892) [Msg] OdometryPublisher publishing odometry with covariance on [/model/usv/odometry_with_covariance]
(2023-03-02T15:35:44.58801972) (2023-03-02T15:35:44.58816532) [Msg] OdometryPublisher publishing Pose_V (TF) on [/model/usv/pose]
(2023-03-02T15:35:44.58867252) (2023-03-02T15:35:44.58880702) [Dbg] [SystemManager.cc:58] Loaded system [ignition::gazebo::systems::OdometryPublisher] for entity [174]
(2023-03-02T15:35:44.60261622) (2023-03-02T15:35:44.60272692) [Msg] Thruster listening to commands in [/model/usv/joint/left_engine_propeller_joint/cmd_thrust]
(2023-03-02T15:35:44.60354112) (2023-03-02T15:35:44.60364402) [Dbg] [Thruster.cc:288] Using velocity control for propeller joint.
(2023-03-02T15:35:44.60390312) (2023-03-02T15:35:44.60398562) [Dbg] [SystemManager.cc:58] Loaded system [ignition::gazebo::systems::Thruster] for entity [174]
(2023-03-02T15:35:44.61505472) (2023-03-02T15:35:44.61517982) [Dbg] [JointPositionController.cc:205] [JointPositionController] system parameters:
(2023-03-02T15:35:44.61544812) (2023-03-02T15:35:44.61552562) [Dbg] [JointPositionController.cc:206] p_gain: [1]
(2023-03-02T15:35:44.61583822) (2023-03-02T15:35:44.61591812) [Dbg] [JointPositionController.cc:207] i_gain: [0.1]
(2023-03-02T15:35:44.61621792) (2023-03-02T15:35:44.61630222) [Dbg] [JointPositionController.cc:208] d_gain: [0.01]
(2023-03-02T15:35:44.61662422) (2023-03-02T15:35:44.61670902) [Dbg] [JointPositionController.cc:209] i_max: [1]
(2023-03-02T15:35:44.61697402) (2023-03-02T15:35:44.61704972) [Dbg] [JointPositionController.cc:210] i_min: [-1]
(2023-03-02T15:35:44.61731922) (2023-03-02T15:35:44.61749822) [Dbg] [JointPositionController.cc:211] cmd_max: [1000]
(2023-03-02T15:35:44.61780252) (2023-03-02T15:35:44.61789952) [Dbg] [JointPositionController.cc:212] cmd_min: [-1000]
(2023-03-02T15:35:44.61819782) (2023-03-02T15:35:44.61828842) [Dbg] [JointPositionController.cc:213] cmd_offset: [0]
(2023-03-02T15:35:44.61860532) (2023-03-02T15:35:44.61869442) [Dbg] [JointPositionController.cc:214] Topic: [usv/left/thruster/joint/cmd_pos]
(2023-03-02T15:35:44.61900852) (2023-03-02T15:35:44.61910092) [Dbg] [JointPositionController.cc:215] initial_position: [0]
(2023-03-02T15:35:44.61945132) (2023-03-02T15:35:44.61953542) [Dbg] [SystemManager.cc:58] Loaded system [ignition::gazebo::systems::JointPositionController] for entity [174]
(2023-03-02T15:35:44.62282932) (2023-03-02T15:35:44.62295472) [Msg] Thruster listening to commands in [/model/usv/joint/right_engine_propeller_joint/cmd_thrust]
(2023-03-02T15:35:44.62349122) (2023-03-02T15:35:44.62361242) [Dbg] [Thruster.cc:288] Using velocity control for propeller joint.
(2023-03-02T15:35:44.62388992) (2023-03-02T15:35:44.62398482) [Dbg] [SystemManager.cc:58] Loaded system [ignition::gazebo::systems::Thruster] for entity [174]
(2023-03-02T15:35:44.62683382) (2023-03-02T15:35:44.62695302) [Dbg] [JointPositionController.cc:205] [JointPositionController] system parameters:
(2023-03-02T15:35:44.62720702) (2023-03-02T15:35:44.62729852) [Dbg] [JointPositionController.cc:206] p_gain: [1]
(2023-03-02T15:35:44.62761382) (2023-03-02T15:35:44.62773462) [Dbg] [JointPositionController.cc:207] i_gain: [0.1]
(2023-03-02T15:35:44.62822042) (2023-03-02T15:35:44.62831572) [Dbg] [JointPositionController.cc:208] d_gain: [0.01]
(2023-03-02T15:35:44.62863592) (2023-03-02T15:35:44.62872082) [Dbg] [JointPositionController.cc:209] i_max: [1]
(2023-03-02T15:35:44.62911012) (2023-03-02T15:35:44.62923442) [Dbg] [JointPositionController.cc:210] i_min: [-1]
(2023-03-02T15:35:44.62962152) (2023-03-02T15:35:44.62974972) [Dbg] [JointPositionController.cc:211] cmd_max: [1000]
(2023-03-02T15:35:44.63013892) (2023-03-02T15:35:44.63025392) [Dbg] [JointPositionController.cc:212] cmd_min: [-1000]
(2023-03-02T15:35:44.63066672) (2023-03-02T15:35:44.63079202) [Dbg] [JointPositionController.cc:213] cmd_offset: [0]
(2023-03-02T15:35:44.63117542) (2023-03-02T15:35:44.63128802) [Dbg] [JointPositionController.cc:214] Topic: [usv/right/thruster/joint/cmd_pos]
(2023-03-02T15:35:44.63166962) (2023-03-02T15:35:44.63178862) [Dbg] [JointPositionController.cc:215] initial_position: [0]
(2023-03-02T15:35:44.63222512) (2023-03-02T15:35:44.63232272) [Dbg] [SystemManager.cc:58] Loaded system [ignition::gazebo::systems::JointPositionController] for entity [174]
(2023-03-02T15:35:44.63491462) (2023-03-02T15:35:44.63502572) [Msg] Using Pierson-Moskowitz spectrum sampling wavefield model 
(2023-03-02T15:35:44.63642162) (2023-03-02T15:35:44.63650882) [Msg] Using Pierson-Moskowitz spectrum sampling wavefield model 
(2023-03-02T15:35:44.63719242) (2023-03-02T15:35:44.63727542) [Msg] Input Parameters:
(2023-03-02T15:35:44.63748752) (2023-03-02T15:35:44.63759612) [Msg] model:     PMS
(2023-03-02T15:35:44.63790162) (2023-03-02T15:35:44.63799382) [Msg] number:     3
(2023-03-02T15:35:44.63824552) (2023-03-02T15:35:44.63834312) [Msg] scale:      1.1
(2023-03-02T15:35:44.63869422) (2023-03-02T15:35:44.63881142) [Msg] angle:      0.4
(2023-03-02T15:35:44.63913712) (2023-03-02T15:35:44.63925332) [Msg] steepness:  0
(2023-03-02T15:35:44.63952952) (2023-03-02T15:35:44.63962262) [Msg] amplitude:  0
(2023-03-02T15:35:44.63995202) (2023-03-02T15:35:44.64004652) [Msg] period:     5
(2023-03-02T15:35:44.64037542) (2023-03-02T15:35:44.64046212) [Msg] direction:  1 0
(2023-03-02T15:35:44.64084242) (2023-03-02T15:35:44.64093562) [Msg] tau:  2
(2023-03-02T15:35:44.64118472) (2023-03-02T15:35:44.64128832) [Msg] gain:  0.3
(2023-03-02T15:35:44.64158872) (2023-03-02T15:35:44.64168742) [Msg] Derived Parameters:
(2023-03-02T15:35:44.64191232) (2023-03-02T15:35:44.64202392) [Msg] amplitudes:  0.0363502, 0.0392277, 0.0385703, 
(2023-03-02T15:35:44.64260762) (2023-03-02T15:35:44.64273042) [Msg] wavenumbers: 0.133171, 0.161136, 0.194975, 
(2023-03-02T15:35:44.64336602) (2023-03-02T15:35:44.64350542) [Msg] omegas:      1.1424, 1.25664, 1.3823, 
(2023-03-02T15:35:44.64400052) (2023-03-02T15:35:44.64408442) [Msg] periods:     (2023-03-02T15:35:44.64431612) (2023-03-02T15:35:44.64442082) [Msg] 5.5, (2023-03-02T15:35:44.64467672) (2023-03-02T15:35:44.64476472) [Msg] 5, (2023-03-02T15:35:44.64500572) (2023-03-02T15:35:44.64510292) [Msg] 4.54545, (2023-03-02T15:35:44.64531612) (2023-03-02T15:35:44.64542142) [Msg] 
(2023-03-02T15:35:44.64560122) (2023-03-02T15:35:44.64570282) [Msg] phases:      0, 0, 0, 
(2023-03-02T15:35:44.64625042) (2023-03-02T15:35:44.64637912) [Msg] steepnesses: 0, 0, 0, 
(2023-03-02T15:35:44.64688002) (2023-03-02T15:35:44.64700152) [Msg] directions:  (2023-03-02T15:35:44.64719302) (2023-03-02T15:35:44.64728722) [Msg] 0.921061 -0.389418; (2023-03-02T15:35:44.64764002) (2023-03-02T15:35:44.64774872) [Msg] 1 0; (2023-03-02T15:35:44.64804282) (2023-03-02T15:35:44.64813842) [Msg] 0.921061 0.389418; (2023-03-02T15:35:44.64842632) (2023-03-02T15:35:44.64852282) [Msg] 
(2023-03-02T15:35:44.64881182) (2023-03-02T15:35:44.64890272) [Dbg] [Surface.cc:161] Surface plugin successfully configured with the following parameters:
(2023-03-02T15:35:44.64917812) (2023-03-02T15:35:44.64926612) [Dbg] [Surface.cc:163]   <link_name>: base_link
(2023-03-02T15:35:44.64951542) (2023-03-02T15:35:44.64959012) [Dbg] [Surface.cc:164]   <vehicle_length>: 6
(2023-03-02T15:35:44.64985542) (2023-03-02T15:35:44.64995072) [Dbg] [Surface.cc:165]   <vehicle_width>: 3.3
(2023-03-02T15:35:44.65021132) (2023-03-02T15:35:44.65030092) [Dbg] [Surface.cc:166]   <hull_radius>: 0.27
(2023-03-02T15:35:44.65056372) (2023-03-02T15:35:44.65064332) [Dbg] [Surface.cc:167]   <num_samples>: 2
(2023-03-02T15:35:44.65092602) (2023-03-02T15:35:44.65101992) [Dbg] [Surface.cc:168]   <fluid_level>: 0.45
(2023-03-02T15:35:44.65125012) (2023-03-02T15:35:44.65134002) [Dbg] [Surface.cc:169]   <fluid_density>: 997.774
(2023-03-02T15:35:44.65162202) (2023-03-02T15:35:44.65170342) [Dbg] [SystemManager.cc:58] Loaded system [ignition::gazebo::systems::Surface] for entity [174]
(2023-03-02T15:35:44.65480392) (2023-03-02T15:35:44.65497622) [Dbg] [SimpleHydrodynamics.cc:167] SimpleHydrodynamics plugin successfully configured with the following parameters:
(2023-03-02T15:35:44.65522382) (2023-03-02T15:35:44.65530252) [Dbg] [SimpleHydrodynamics.cc:169]   <link_name>: base_link
(2023-03-02T15:35:44.65556012) (2023-03-02T15:35:44.65564362) [Dbg] [SimpleHydrodynamics.cc:170]   <xDotU>: 0
(2023-03-02T15:35:44.65588712) (2023-03-02T15:35:44.65596822) [Dbg] [SimpleHydrodynamics.cc:171]   <yDotV>: 0
(2023-03-02T15:35:44.65621852) (2023-03-02T15:35:44.65629602) [Dbg] [SimpleHydrodynamics.cc:172]   <zDotW>: 0.1
(2023-03-02T15:35:44.65656182) (2023-03-02T15:35:44.65665492) [Dbg] [SimpleHydrodynamics.cc:173]   <kDotP>: 0.1
(2023-03-02T15:35:44.65691982) (2023-03-02T15:35:44.65699572) [Dbg] [SimpleHydrodynamics.cc:174]   <mDotQ>: 0.1
(2023-03-02T15:35:44.65726162) (2023-03-02T15:35:44.65735852) [Dbg] [SimpleHydrodynamics.cc:175]   <nDotR>: 0
(2023-03-02T15:35:44.65762292) (2023-03-02T15:35:44.65771312) [Dbg] [SimpleHydrodynamics.cc:176]   <xU>: 51.3
(2023-03-02T15:35:44.65798022) (2023-03-02T15:35:44.65807052) [Dbg] [SimpleHydrodynamics.cc:177]   <xUU>: 72.4
(2023-03-02T15:35:44.65833062) (2023-03-02T15:35:44.65840922) [Dbg] [SimpleHydrodynamics.cc:178]   <yV>: 40
(2023-03-02T15:35:44.65864492) (2023-03-02T15:35:44.65872632) [Dbg] [SimpleHydrodynamics.cc:179]   <yVV>: 0
(2023-03-02T15:35:44.65895972) (2023-03-02T15:35:44.65904042) [Dbg] [SimpleHydrodynamics.cc:180]   <zW>: 500
(2023-03-02T15:35:44.65927032) (2023-03-02T15:35:44.65935142) [Dbg] [SimpleHydrodynamics.cc:181]   <zWW>: 0
(2023-03-02T15:35:44.65958352) (2023-03-02T15:35:44.65966512) [Dbg] [SimpleHydrodynamics.cc:182]   <kP>: 100
(2023-03-02T15:35:44.65995752) (2023-03-02T15:35:44.66005932) [Dbg] [SimpleHydrodynamics.cc:183]   <kPP>: 0
(2023-03-02T15:35:44.66040122) (2023-03-02T15:35:44.66054682) [Dbg] [SimpleHydrodynamics.cc:184]   <mQ>: 100
(2023-03-02T15:35:44.66088222) (2023-03-02T15:35:44.66102562) [Dbg] [SimpleHydrodynamics.cc:185]   <mQQ>: 0
(2023-03-02T15:35:44.66137212) (2023-03-02T15:35:44.66146652) [Dbg] [SimpleHydrodynamics.cc:186]   <nR>: 400
(2023-03-02T15:35:44.66174022) (2023-03-02T15:35:44.66186102) [Dbg] [SimpleHydrodynamics.cc:187]   <nRR>: 0
(2023-03-02T15:35:44.66228822) (2023-03-02T15:35:44.66238932) [Dbg] [SystemManager.cc:58] Loaded system [ignition::gazebo::systems::SimpleHydrodynamics] for entity [174]
(2023-03-02T15:35:44.67639621) (2023-03-02T15:35:44.67650071) [Dbg] [SystemManager.cc:58] Loaded system [ignition::gazebo::systems::PosePublisher] for entity [174]
(2023-03-02T15:35:44.67893201) (2023-03-02T15:35:44.67905501) [Msg] EntityDetector publishing messages on [/mbzirc/target_object_detector/placed]
(2023-03-02T15:35:44.68046631) (2023-03-02T15:35:44.68058841) [Dbg] [SystemManager.cc:58] Loaded system [mbzirc::EntityDetector] for entity [174]
(2023-03-02T15:35:44.68287571) (2023-03-02T15:35:44.68298711) [Msg] EntityDetector publishing messages on [/mbzirc/target_object_detector/placed]
(2023-03-02T15:35:44.68424531) (2023-03-02T15:35:44.68436271) [Dbg] [SystemManager.cc:58] Loaded system [mbzirc::EntityDetector] for entity [174]
(2023-03-02T15:35:44.68659701) (2023-03-02T15:35:44.68670501) [Msg] EntityDetector publishing messages on [/mbzirc/target_object_detector/placed]
(2023-03-02T15:35:44.68796711) (2023-03-02T15:35:44.68807281) [Dbg] [SystemManager.cc:58] Loaded system [mbzirc::EntityDetector] for entity [174]
(2023-03-02T15:35:44.69026321) (2023-03-02T15:35:44.69036561) [Msg] EntityDetector publishing messages on [/mbzirc/target_object_detector/placed]
(2023-03-02T15:35:44.69161561) (2023-03-02T15:35:44.69171621) [Dbg] [SystemManager.cc:58] Loaded system [mbzirc::EntityDetector] for entity [174]
(2023-03-02T15:35:44.69382181) (2023-03-02T15:35:44.69393471) [Dbg] [SystemManager.cc:58] Loaded system [ignition::gazebo::systems::CommsEndpoint] for entity [174]
(2023-03-02T15:35:44.69804501) (2023-03-02T15:35:44.69815371) [Dbg] [UserCommands.cc:1303] Created entity [174] named [usv]
(2023-03-02T15:35:44.78849562) (2023-03-02T15:35:44.78940332) [Dbg] [Sensors.cc:584] Initialization needed
(2023-03-02T15:35:44.79064422) (2023-03-02T15:35:44.79088462) [Dbg] [Sensors.cc:240] Initializing render context
(2023-03-02T15:35:44.79240472) (2023-03-02T15:35:44.79258922) [Msg] Loading plugin [ignition-rendering-ogre2]
(2023-03-02T15:35:44.79733062) ((((2023-03-02T15:35:44.79787322) ) (2023-03-02T15:35:44.79827942) [Dbg] [ImuSensor.cc:148] [Dbg] [ImuSensor.cc:148] [Dbg] [GameLogicPlugin.cc:1991] New Competitor Platform: usv with 0sensors
IMU data for [usv::base_link::imu_sensor] advertised on [world/simple_demo/model/usv/link/base_link/sensor/imu_sensor/imu]
((((((((((((((((((((((((((((((((() (2023-03-02T15:35:44.82339562) 2023-03-02T15:35:44.82359382) ((2023-03-02T15:35:44.82379882(2023-03-02T15:35:44.823798822023-03-02T15:35:44.82400972) (2023-03-02T15:35:44.82426092) 2023-03-02T15:35:44.82442482) (2023-03-02T15:35:44.82471312) ) () ) ) 2023-03-02T15:35:44.82319362) (2023-03-02T15:35:44.82567512) 2023-03-02T15:35:44.82599722[Dbg] [SimulationRunner.cc:518] ) (2023-03-02T15:35:44.826474122023-03-02T15:35:44.82647412) 2023-03-02T15:35:44.82608812) (2023-03-02T15:35:44.82720252) 2023-03-02T15:35:44.82573682) (2023-03-02T15:35:44.82777512) 2023-03-02T15:35:44.827834722023-03-02T15:35:44.82816502) (2023-03-02T15:35:44.82842282) ) (2023-03-02T15:35:44.82871782(2023-03-02T15:35:44.82899272) Exiting postupdate worker thread () 5)
Exiting postupdate worker thread ([Dbg] [SimulationRunner.cc:518] [Dbg] [SimulationRunner.cc:518] Exiting postupdate worker thread (Exiting postupdate worker thread (3[Dbg] [SimulationRunner.cc:518] Exiting postupdate worker thread (6)
Exiting postupdate worker thread ()
[Dbg] [SimulationRunner.cc:518] Exiting postupdate worker thread (0)
[Dbg] [SimulationRunner.cc:518] Exiting postupdate worker thread (9)
[Dbg] [SimulationRunner.cc:518] [Dbg] [SimulationRunner.cc:518] [Dbg] [SimulationRunner.cc:518] Exiting postupdate worker thread (10)
[Dbg] [SimulationRunner.cc:518] [Dbg] [SimulationRunner.cc:518] [Dbg] [SimulationRunner.cc:518] Exiting postupdate worker thread (11)Exiting postupdate worker thread (10Exiting postupdate worker thread (1)
Exiting postupdate worker thread (2)
)
Exiting postupdate worker thread (8)
4)
(2023-03-02T15:35:44.83883162) (2023-03-02T15:35:44.83906142) [Dbg] [SimulationRunner.cc:491] Creating PostUpdate worker threads: 22
(2023-03-02T15:35:44.83975012) (2023-03-02T15:35:44.83994822) [Dbg] [SimulationRunner.cc:502] Creating postupdate worker thread (0)
(2023-03-02T15:35:44.84103712) (2023-03-02T15:35:44.84127162) [Dbg] [SimulationRunner.cc:502] Creating postupdate worker thread (1)
(2023-03-02T15:35:44.84215122) (2023-03-02T15:35:44.84234632) [Dbg] [SimulationRunner.cc:502] Creating postupdate worker thread (2)
(2023-03-02T15:35:44.84321412) (2023-03-02T15:35:44.84340392) [Dbg] [SimulationRunner.cc:502] Creating postupdate worker thread (3)
(2023-03-02T15:35:44.84420402) (2023-03-02T15:35:44.84438862) [Dbg] [SimulationRunner.cc:502] Creating postupdate worker thread (4)
(2023-03-02T15:35:44.84535242) (2023-03-02T15:35:44.84554282) [Dbg] [SimulationRunner.cc:502] Creating postupdate worker thread (5)
(2023-03-02T15:35:44.84639062) (2023-03-02T15:35:44.84655962) [Dbg] [SimulationRunner.cc:502] Creating postupdate worker thread (6)
(2023-03-02T15:35:44.84737402) (2023-03-02T15:35:44.84754852) [Dbg] [SimulationRunner.cc:502] Creating postupdate worker thread (7)
(2023-03-02T15:35:44.84836132) (2023-03-02T15:35:44.84853702) [Dbg] [SimulationRunner.cc:502] Creating postupdate worker thread (8)
(2023-03-02T15:35:44.84945932) (2023-03-02T15:35:44.84963222) [Dbg] [SimulationRunner.cc:502] Creating postupdate worker thread (9)
(2023-03-02T15:35:44.85045772) (2023-03-02T15:35:44.85063532) [Dbg] [SimulationRunner.cc:502] Creating postupdate worker thread (10)
(2023-03-02T15:35:44.85145292) (2023-03-02T15:35:44.85163152) [Dbg] [SimulationRunner.cc:502] Creating postupdate worker thread (11)
(2023-03-02T15:35:44.85286712) (2023-03-02T15:35:44.85305572) [Dbg] [SimulationRunner.cc:502] Creating postupdate worker thread (12)
(2023-03-02T15:35:44.85399512) (2023-03-02T15:35:44.85418101) [Dbg] [SimulationRunner.cc:502] Creating postupdate worker thread (13)
(2023-03-02T15:35:44.85500671) (2023-03-02T15:35:44.85518491) [Dbg] [SimulationRunner.cc:502] Creating postupdate worker thread (14)
(2023-03-02T15:35:44.85603691) (2023-03-02T15:35:44.85621561) [Dbg] [SimulationRunner.cc:502] Creating postupdate worker thread (15)
(2023-03-02T15:35:44.85704921) (2023-03-02T15:35:44.85723131) [Dbg] [SimulationRunner.cc:502] Creating postupdate worker thread (16)
(2023-03-02T15:35:44.85811721) (2023-03-02T15:35:44.85830221) [Dbg] [SimulationRunner.cc:502] Creating postupdate worker thread (17)
(2023-03-02T15:35:44.85914411) (2023-03-02T15:35:44.85934041) [Dbg] [SimulationRunner.cc:502] Creating postupdate worker thread (18)
(2023-03-02T15:35:44.86021091) (2023-03-02T15:35:44.86038351) [Dbg] [SimulationRunner.cc:502] Creating postupdate worker thread (19)
(2023-03-02T15:35:44.86122351) (2023-03-02T15:35:44.86140091) [Dbg] [SimulationRunner.cc:502] Creating postupdate worker thread (20)
(2023-03-02T15:35:44.86728711) (2023-03-02T15:35:44.86747811) [Msg] Address [usv] bound to model [usv] on topic [model/usv/rx]
(2023-03-02T15:35:44.86822071) (2023-03-02T15:35:44.86836401) [Dbg] [CommsEndpoint.cc:89] Succesfuly bound to [usv] on topic [model/usv/rx]
(2023-03-02T15:35:44.414321367) (2023-03-02T15:35:44.414334167) [Dbg] [RenderUtil.cc:2529] Create scene [scene]
(2023-03-02T15:35:44.453787636) (2023-03-02T15:35:44.453801906) [Dbg] [Sensors.cc:254] Rendering Thread initialized
(2023-03-02T15:35:44.458086396) (2023-03-02T15:35:44.458097956) [Wrn] [Ogre2Heightmap.cc:125] Heightmap final sampling should be 2^n
 which differs from ogre1's 2^n+1
The last row and column will be cropped
size = (width * sampling) - sampling + 1
[257] = ([257] * [1]) - [1] + 1
(2023-03-02T15:35:44.462509765) (2023-03-02T15:35:44.462528575) [Msg] Loading heightmap: scene::Heightmap(65478)
(2023-03-02T15:35:44.462557335) (2023-03-02T15:35:44.462566695) [Msg] Heightmap loaded. Process took 0 ms.
(2023-03-02T15:35:48.122201212) (2023-03-02T15:35:48.122219112) [Dbg] [Ogre2ParticleEmitter.cc:514] Particle emitter initialized
(2023-03-02T15:35:48.122413982) (2023-03-02T15:35:48.122430592) [Dbg] [Ogre2ParticleEmitter.cc:514] Particle emitter initialized
(2023-03-02T15:35:48.122646672) (2023-03-02T15:35:48.122662902) [Dbg] [Ogre2ParticleEmitter.cc:514] Particle emitter initialized
(2023-03-02T15:35:48.697665175) (2023-03-02T15:35:48.697682425) [Dbg] [Ogre2ParticleEmitter.cc:514] Particle emitter initialized
(2023-03-02T15:35:48.697896185) (2023-03-02T15:35:48.697906765) [Dbg] [Ogre2ParticleEmitter.cc:514] Particle emitter initialized
(2023-03-02T15:35:48.698033525) (2023-03-02T15:35:48.698045815) [Dbg] [Ogre2ParticleEmitter.cc:514] Particle emitter initialized
(2023-03-02T15:35:48.709562575) (2023-03-02T15:35:48.709580495) [Dbg] [Lidar.cc:122] Laser scans for [usv::sensor_6::sensor_link::lidar] advertised on [world/simple_demo/model/usv/model/sensor_6/link/sensor_link/sensor/lidar/scan]
(2023-03-02T15:35:48.709842625) (2023-03-02T15:35:48.709857695) [Dbg] [GpuLidarSensor.cc:164] Lidar points for [usv::sensor_6::sensor_link::lidar] advertised on [world/simple_demo/model/usv/model/sensor_6/link/sensor_link/sensor/lidar/scan/points]
(2023-03-02T15:35:48.710145785) (2023-03-02T15:35:48.710156105) [Msg] Loading plugin [ignition-rendering-ogre2]
(2023-03-02T15:35:48.850114902) (2023-03-02T15:35:48.850152692) [Dbg] [EntityComponentManager.cc:1587] Updated state thread iterators: 24 threads processing around 10 entities each.
(2023-03-02T15:37:18.853430461) (2023-03-02T15:37:18.853452841) [Msg] Scoring has Started
(2023-03-02T15:37:18.853831241) (2023-03-02T15:37:18.853851611) [Err] [GameLogicPlugin.cc:2121] Invalid configuration detected: 
[usv] Initial Position (10 40 0.299843) is not in the starting area -15 -15 -5 15 15 5
(2023-03-02T16:10:26.327188544) (2023-03-02T16:10:26.327208554) [Dbg] [SignalHandler.cc:141] Received signal[2].
(2023-03-02T16:10:26.327255594) (2023-03-02T16:10:26.327267634) [Dbg] [ServerPrivate.cc:110] Server received signal[2]
(2023-03-02T16:10:26.327309995) (2023-03-02T16:10:26.327323655) [Dbg] [Sensors.cc:406] SensorsPrivate::Stop
(2023-03-02T16:10:26.329913578) (2023-03-02T16:10:26.329932258) [Dbg] [Sensors.cc:392] SensorsPrivate::RenderThread stopped
(2023-03-02T16:10:26.337452228) (2023-03-02T16:10:26.337477918) [Dbg] [ign.cc:410] Shutting down ign-gazebo-server
(((2023-03-02T16:10:26.340833895) (2023-03-02T16:10:26.340854726) (2023-03-02T16:10:26.340877336) ((2023-03-02T16:10:26.340910856) ([Dbg] [SimulationRunner.cc:518] 2023-03-02T16:10:26.340940396) (((2023-03-02T16:10:26.340991356) (2023-03-02T16:10:26.341008296) ((2023-03-02T16:10:26.3410557272023-03-02T16:10:26.3410557272023-03-02T16:10:26.341061897) (2023-03-02T16:10:26.341116007) (2023-03-02T16:10:26.3410239162023-03-02T16:10:26.341170177) (2023-03-02T16:10:26.341216918) 2023-03-02T16:10:26.341246608) (2023-03-02T16:10:26.341277478) (2023-03-02T16:10:26.341313648) (2023-03-02T16:10:26.341336178) 2023-03-02T16:10:26.341027587) (2023-03-02T16:10:26.3413772582023-03-02T16:10:26.3413772582023-03-02T16:10:26.3409757862023-03-02T16:10:26.341402129) (2023-03-02T16:10:26.3414333392023-03-02T16:10:26.341433339() ((2023-03-02T16:10:26.341484199) () () [Dbg] [SimulationRunner.cc:518] [Dbg] [SimulationRunner.cc:518] ) (2023-03-02T16:10:26.341635670) (2023-03-02T16:10:26.341657600) 2023-03-02T16:10:26.341575830) 2023-03-02T16:10:26.341594890) Exiting postupdate worker thread (Exiting postupdate worker thread ([Dbg] [SimulationRunner.cc:518] Exiting postupdate worker thread (1()()2023-03-02T16:10:26.3415303892023-03-02T16:10:26.341820771) (2023-03-02T16:10:26.341855121) ) 2023-03-02T16:10:26.3417552012023-03-02T16:10:26.341777001) 2023-03-02T16:10:26.3417552012023-03-02T16:10:26.3417770012023-03-02T16:10:26.341880991
) (2023-03-02T16:10:26.341961932) ) ([Dbg] [SimulationRunner.cc:518] 2023-03-02T16:10:26.342023542) ) (2023-03-02T16:10:26.342083462() ) (2023-03-02T16:10:26.3411758372023-03-02T16:10:26.3421606732023-03-02T16:10:26.3411758372023-03-02T16:10:26.342160673) (2023-03-02T16:10:26.342200023) ) (2023-03-02T16:10:26.3422426732023-03-02T16:10:26.342242673Exiting postupdate worker thread () ) ) ) Exiting postupdate worker thread ([Dbg] [SimulationRunner.cc:518] [Dbg] [SimulationRunner.cc:518] Exiting postupdate worker thread (16)
Exiting postupdate worker thread ([Dbg] [SimulationRunner.cc:518] 18)
[Dbg] [SimulationRunner.cc:518] [Dbg] [SimulationRunner.cc:518] [Dbg] [SimulationRunner.cc:518] [Dbg] [SimulationRunner.cc:518] [Dbg] [SimulationRunner.cc:518] Exiting postupdate worker thread (2)
Exiting postupdate worker thread (14)
8)
[Dbg] [SimulationRunner.cc:518] [Dbg] [SimulationRunner.cc:518] Exiting postupdate worker thread (Exiting postupdate worker thread (15)
Exiting postupdate worker thread (4)
Exiting postupdate worker thread (9Exiting postupdate worker thread (Exiting postupdate worker thread (19)
[Dbg] [SimulationRunner.cc:518] 10Exiting postupdate worker thread (3)
Exiting postupdate worker thread (Exiting postupdate worker thread (9Exiting postupdate worker thread (Exiting postupdate worker thread (053)
Exiting postupdate worker thread (20)
)
13)
)

)
)
[Dbg] [SimulationRunner.cc:518] Exiting postupdate worker thread (17)
)
11)
6)
(2023-03-02T16:10:26.379151691) (2023-03-02T16:10:26.379166101) [Dbg] [Sensors.cc:406] SensorsPrivate::Stop
(2023-03-02T16:10:26.400237594) (2023-03-02T16:10:26.400252004) [Msg] Stopping recording
(2023-03-02T16:10:26.400922368) (2023-03-02T16:10:26.400937708) [Msg] Scoring has finished. Elapsed real time: 1987 seconds. Elapsed sim time: 1889 seconds. 
