(2023-03-24T21:33:57.552292417) (2023-03-24T21:33:57.552307677) [Msg] Ignition Gazebo Server v6.11.0
(2023-03-24T21:33:57.555931402) (2023-03-24T21:33:57.555955812) [Msg] Loading SDF world file[/home/developer/mbzirc_ws/install/share/mbzirc_ign/worlds/simple_demo.sdf].
(2023-03-24T21:33:57.860192505) (2023-03-24T21:33:57.860216155) [Msg] Serving entity system service on [/entity/system/add]
(2023-03-24T21:33:57.894772720) (2023-03-24T21:33:57.894789890) [Dbg] [Physics.cc:803] Loaded [ignition::physics::dartsim::Plugin] from library [/usr/lib/x86_64-linux-gnu/ign-physics-5/engine-plugins/libignition-physics-dartsim-plugin.so]
(2023-03-24T21:33:57.894863650) (2023-03-24T21:33:57.894874500) [Dbg] [SystemManager.cc:58] Loaded system [ignition::gazebo::systems::Physics] for entity [1]
(2023-03-24T21:33:57.896508962) (2023-03-24T21:33:57.896522762) [Msg] Create service on [/world/simple_demo/create]
(2023-03-24T21:33:57.896662553) (2023-03-24T21:33:57.896675863) [Msg] Remove service on [/world/simple_demo/remove]
(2023-03-24T21:33:57.896798163) (2023-03-24T21:33:57.896810753) [Msg] Pose service on [/world/simple_demo/set_pose]
(2023-03-24T21:33:57.896916303) (2023-03-24T21:33:57.896928693) [Msg] Pose service on [/world/simple_demo/set_pose_vector]
(2023-03-24T21:33:57.897077043) (2023-03-24T21:33:57.897091663) [Msg] Light configuration service on [/world/simple_demo/light_config]
(2023-03-24T21:33:57.897291193) (2023-03-24T21:33:57.897305883) [Msg] Physics service on [/world/simple_demo/set_physics]
(2023-03-24T21:33:57.897430203) (2023-03-24T21:33:57.897443583) [Msg] SphericalCoordinates service on [/world/simple_demo/set_spherical_coordinates]
(2023-03-24T21:33:57.897528534) (2023-03-24T21:33:57.897541334) [Msg] Enable collision service on [/world/simple_demo/enable_collision]
(2023-03-24T21:33:57.897622454) (2023-03-24T21:33:57.897634014) [Msg] Disable collision service on [/world/simple_demo/disable_collision]
(2023-03-24T21:33:57.897788924) (2023-03-24T21:33:57.897802184) [Msg] Material service on [/world/simple_demo/visual_config]
(2023-03-24T21:33:57.897910244) (2023-03-24T21:33:57.897923824) [Msg] Material service on [/world/simple_demo/wheel_slip]
(2023-03-24T21:33:57.897973274) (2023-03-24T21:33:57.897984174) [Dbg] [SystemManager.cc:58] Loaded system [ignition::gazebo::systems::UserCommands] for entity [1]
(2023-03-24T21:33:57.917421315) (2023-03-24T21:33:57.917435195) [Dbg] [Sensors.cc:479] Configuring Sensors system
(2023-03-24T21:33:57.917510615) (2023-03-24T21:33:57.917523665) [Dbg] [Sensors.cc:398] SensorsPrivate::Run
(2023-03-24T21:33:57.917612405) (2023-03-24T21:33:57.917626405) [Dbg] [SystemManager.cc:58] Loaded system [ignition::gazebo::systems::Sensors] for entity [1]
(2023-03-24T21:33:57.917711345) (2023-03-24T21:33:57.917739545) [Dbg] [Sensors.cc:378] SensorsPrivate::RenderThread started
(2023-03-24T21:33:57.917791485) (2023-03-24T21:33:57.917808495) [Dbg] [Sensors.cc:228] Waiting for init
(2023-03-24T21:33:57.919174467) (2023-03-24T21:33:57.919189587) [Dbg] [SystemManager.cc:58] Loaded system [ignition::gazebo::systems::AirPressure] for entity [1]
(2023-03-24T21:33:57.920660238) (2023-03-24T21:33:57.920675798) [Dbg] [SystemManager.cc:58] Loaded system [ignition::gazebo::systems::Altimeter] for entity [1]
(2023-03-24T21:33:57.922164799) (2023-03-24T21:33:57.922179779) [Dbg] [SystemManager.cc:58] Loaded system [ignition::gazebo::systems::Imu] for entity [1]
(2023-03-24T21:33:57.923657140) (2023-03-24T21:33:57.923673021) [Dbg] [SystemManager.cc:58] Loaded system [ignition::gazebo::systems::Magnetometer] for entity [1]
(2023-03-24T21:33:57.925157712) (2023-03-24T21:33:57.925172202) [Dbg] [SystemManager.cc:58] Loaded system [ignition::gazebo::systems::ForceTorque] for entity [1]
(2023-03-24T21:33:57.926282984) (2023-03-24T21:33:57.926298384) [Msg] Serving particle emitter information on [/world/simple_demo/particle_emitters]
(2023-03-24T21:33:57.926364554) (2023-03-24T21:33:57.926377574) [Dbg] [SystemManager.cc:58] Loaded system [ignition::gazebo::systems::ParticleEmitter2] for entity [1]
(2023-03-24T21:33:57.927706725) (2023-03-24T21:33:57.927730925) [Dbg] [SystemManager.cc:58] Loaded system [ignition::gazebo::systems::SceneBroadcaster] for entity [1]
(2023-03-24T21:33:57.928687006) (2023-03-24T21:33:57.928701496) [Dbg] [SystemManager.cc:58] Loaded system [ignition::gazebo::systems::Contact] for entity [1]
(2023-03-24T21:33:57.929766718) (2023-03-24T21:33:57.929781128) [Dbg] [RFComms.cc:385] Range configuration:
RF Configuration (range-based)
-- max_range: 500000
-- fading_exponent: 2.6
-- l0: 40
-- sigma: 10

(2023-03-24T21:33:57.929904038) (2023-03-24T21:33:57.929916148) [Dbg] [RFComms.cc:388] Radio configuration:
Radio Configuration
-- capacity: 1e+06
-- tx_power: 25
-- noise_floor: -90
-- modulation: QPSK

(2023-03-24T21:33:57.930197198) (2023-03-24T21:33:57.930210078) [Dbg] [Broker.cc:113] Broker services:
(2023-03-24T21:33:57.930243598) (2023-03-24T21:33:57.930256388) [Dbg] [Broker.cc:114]   Bind: [/broker/bind]
(2023-03-24T21:33:57.930296648) (2023-03-24T21:33:57.930308078) [Dbg] [Broker.cc:115]   Unbind: [/broker/unbind]
(2023-03-24T21:33:57.930348678) (2023-03-24T21:33:57.930360558) [Dbg] [Broker.cc:116] Broker topics:
(2023-03-24T21:33:57.930390008) (2023-03-24T21:33:57.930402678) [Dbg] [Broker.cc:117]   Incoming messages: [/broker/msgs]
(2023-03-24T21:33:57.930476928) (2023-03-24T21:33:57.930489928) [Dbg] [SystemManager.cc:58] Loaded system [ignition::gazebo::systems::RFComms] for entity [1]
(2023-03-24T21:33:57.932645591) (2023-03-24T21:33:57.932660391) [Dbg] [RFRange.cc:339] RFRange sensor range configuration:
RF Configuration (range-based)
-- max_range: 500000
-- fading_exponent: 2.6
-- l0: 40
-- sigma: 0.005
-- rssi_1: -15

(2023-03-24T21:33:57.932801401) (2023-03-24T21:33:57.932813641) [Dbg] [RFRange.cc:342] RFRange sensor radio configuration:
Radio Configuration
-- tx_power: 25
-- noise_floor: -90

(2023-03-24T21:33:57.932913861) (2023-03-24T21:33:57.932926661) [Dbg] [SystemManager.cc:58] Loaded system [ignition::gazebo::systems::RFRange] for entity [1]
(2023-03-24T21:33:57.936363494) (2023-03-24T21:33:57.936378974) [Msg] Overwriting existing file [/tmp/ign/mbzirc/playback/state.tlog]
(2023-03-24T21:33:57.940174918) (2023-03-24T21:33:57.940189378) [Msg] Recording to log file [/tmp/ign/mbzirc/playback/state.tlog]
(2023-03-24T21:33:57.940234638) (2023-03-24T21:33:57.940246508) [Dbg] [LogRecord.cc:334] Recording default topic[/playback/sdf].
(2023-03-24T21:33:57.940282558) (2023-03-24T21:33:57.940294258) [Dbg] [LogRecord.cc:335] Recording default topic[/world/simple_demo/changed_state].
(2023-03-24T21:33:57.975906665) (2023-03-24T21:33:57.975928845) [Dbg] [SystemManager.cc:58] Loaded system [ignition::gazebo::systems::LogRecord] for entity [1]
(2023-03-24T21:33:57.978095677) (2023-03-24T21:33:57.978119877) [Dbg] [SystemManager.cc:58] Loaded system [ignition::gazebo::systems::WindEffects] for entity [1]
(2023-03-24T21:33:57.982025211) (2023-03-24T21:33:57.982049241) [Msg] MBZIRC log path: /tmp/ign/mbzirc/logs
(2023-03-24T21:33:57.982534322) (2023-03-24T21:33:57.982555222) [Msg] Run duration set to 3600 seconds.
(2023-03-24T21:33:57.982667012) (2023-03-24T21:33:57.982687402) [Msg] Geofence boundary min: -70 -70 -25, max: 70 70 121.92
(2023-03-24T21:33:57.982857032) (2023-03-24T21:33:57.982877162) [Msg] Start area boundary min: -15 -15 -5, max: 15 15 5
(2023-03-24T21:33:57.983026663) (2023-03-24T21:33:57.983045563) [Msg] Setup duration set to 600 seconds.
(2023-03-24T21:33:57.983107773) (2023-03-24T21:33:57.983126013) [Msg] Target vessel: Vessel A
(2023-03-24T21:33:57.983225993) (2023-03-24T21:33:57.983244943) [Msg]   Small object: small_blue_box_a
(2023-03-24T21:33:57.983300263) (2023-03-24T21:33:57.983319623) [Msg]   Small object: small_blue_box_a_duplicate
(2023-03-24T21:33:57.983375293) (2023-03-24T21:33:57.983393403) [Msg]   Large object: large_dry_box_a
(2023-03-24T21:33:57.983447593) (2023-03-24T21:33:57.983464323) [Msg]   Large object: large_dry_box_a_duplicate
(2023-03-24T21:33:57.985047545) (2023-03-24T21:33:57.985061825) [Msg] Starting MBZIRC
(2023-03-24T21:33:57.985189045) (2023-03-24T21:33:57.985202245) [Dbg] [SystemManager.cc:58] Loaded system [mbzirc::GameLogicPlugin] for entity [1]
(2023-03-24T21:33:57.990290199) (2023-03-24T21:33:57.990305749) [Msg] Using Pierson-Moskowitz spectrum sampling wavefield model 
(2023-03-24T21:33:57.990621750) (2023-03-24T21:33:57.990635760) [Msg] Using Pierson-Moskowitz spectrum sampling wavefield model 
(2023-03-24T21:33:58.452109337) (2023-03-24T21:33:58.452142167) [Msg] Input Parameters:
(2023-03-24T21:33:58.452210107) (2023-03-24T21:33:58.452232187) [Msg] model:     PMS
(2023-03-24T21:33:58.452302817) (2023-03-24T21:33:58.452324187) [Msg] number:     3
(2023-03-24T21:33:58.452391518) (2023-03-24T21:33:58.452413388) [Msg] scale:      1.1
(2023-03-24T21:33:58.452481068) (2023-03-24T21:33:58.452503218) [Msg] angle:      0.4
(2023-03-24T21:33:58.452566908) (2023-03-24T21:33:58.452588018) [Msg] steepness:  0
(2023-03-24T21:33:58.452649358) (2023-03-24T21:33:58.452670488) [Msg] amplitude:  0
(2023-03-24T21:33:58.452732278) (2023-03-24T21:33:58.452754188) [Msg] period:     5
(2023-03-24T21:33:58.452816178) (2023-03-24T21:33:58.452837798) [Msg] direction:  1 0
(2023-03-24T21:33:58.452930828) (2023-03-24T21:33:58.452952988) [Msg] tau:  2
(2023-03-24T21:33:58.453014588) (2023-03-24T21:33:58.453036178) [Msg] gain:  0.3
(2023-03-24T21:33:58.453102308) (2023-03-24T21:33:58.453124458) [Msg] Derived Parameters:
(2023-03-24T21:33:58.453178758) (2023-03-24T21:33:58.453201778) [Msg] amplitudes:  0.0363502, 0.0392277, 0.0385703, 
(2023-03-24T21:33:58.453355579) (2023-03-24T21:33:58.453378409) [Msg] wavenumbers: 0.133171, 0.161136, 0.194975, 
(2023-03-24T21:33:58.453495829) (2023-03-24T21:33:58.453518149) [Msg] omegas:      1.1424, 1.25664, 1.3823, 
(2023-03-24T21:33:58.453636429) (2023-03-24T21:33:58.453658719) [Msg] periods:     (2023-03-24T21:33:58.453716919) (2023-03-24T21:33:58.453739439) [Msg] 5.5, (2023-03-24T21:33:58.453796649) (2023-03-24T21:33:58.453819379) [Msg] 5, (2023-03-24T21:33:58.453873479) (2023-03-24T21:33:58.453897159) [Msg] 4.54545, (2023-03-24T21:33:58.453953529) (2023-03-24T21:33:58.453975879) [Msg] 
(2023-03-24T21:33:58.454018049) (2023-03-24T21:33:58.454038979) [Msg] phases:      0, 0, 0, 
(2023-03-24T21:33:58.454148570) (2023-03-24T21:33:58.454170720) [Msg] steepnesses: 0, 0, 0, 
(2023-03-24T21:33:58.454279640) (2023-03-24T21:33:58.454300990) [Msg] directions:  (2023-03-24T21:33:58.454351950) (2023-03-24T21:33:58.454373440) [Msg] 0.921061 -0.389418; (2023-03-24T21:33:58.454485210) (2023-03-24T21:33:58.454509830) [Msg] 1 0; (2023-03-24T21:33:58.454586530) (2023-03-24T21:33:58.454610600) [Msg] 0.921061 0.389418; (2023-03-24T21:33:58.454688780) (2023-03-24T21:33:58.454711270) [Msg] 
(2023-03-24T21:33:58.455383631) (2023-03-24T21:33:58.455403331) [Dbg] [SystemManager.cc:58] Loaded system [ignition::gazebo::systems::WaveVisual] for entity [23]
(2023-03-24T21:33:58.459073515) (2023-03-24T21:33:58.459094455) [Msg] Using Pierson-Moskowitz spectrum sampling wavefield model 
(2023-03-24T21:33:58.459461495) (2023-03-24T21:33:58.459481735) [Msg] Using Pierson-Moskowitz spectrum sampling wavefield model 
(2023-03-24T21:33:58.459562665) (2023-03-24T21:33:58.459579555) [Msg] Input Parameters:
(2023-03-24T21:33:58.459620065) (2023-03-24T21:33:58.459636535) [Msg] model:     PMS
(2023-03-24T21:33:58.459685285) (2023-03-24T21:33:58.459703085) [Msg] number:     3
(2023-03-24T21:33:58.459751116) (2023-03-24T21:33:58.459768116) [Msg] scale:      1.1
(2023-03-24T21:33:58.459821846) (2023-03-24T21:33:58.459840916) [Msg] angle:      0.4
(2023-03-24T21:33:58.459892516) (2023-03-24T21:33:58.459909956) [Msg] steepness:  0
(2023-03-24T21:33:58.459964286) (2023-03-24T21:33:58.459982886) [Msg] amplitude:  0
(2023-03-24T21:33:58.460036216) (2023-03-24T21:33:58.460055236) [Msg] period:     5
(2023-03-24T21:33:58.460107566) (2023-03-24T21:33:58.460126046) [Msg] direction:  1 0
(2023-03-24T21:33:58.460196896) (2023-03-24T21:33:58.460216086) [Msg] tau:  2
(2023-03-24T21:33:58.460269746) (2023-03-24T21:33:58.460288376) [Msg] gain:  0.3
(2023-03-24T21:33:58.460342906) (2023-03-24T21:33:58.460362166) [Msg] Derived Parameters:
(2023-03-24T21:33:58.460420756) (2023-03-24T21:33:58.460438736) [Msg] amplitudes:  0.0363502, 0.0392277, 0.0385703, 
(2023-03-24T21:33:58.460535596) (2023-03-24T21:33:58.460553576) [Msg] wavenumbers: 0.133171, 0.161136, 0.194975, 
(2023-03-24T21:33:58.460650456) (2023-03-24T21:33:58.460669046) [Msg] omegas:      1.1424, 1.25664, 1.3823, 
(2023-03-24T21:33:58.460767626) (2023-03-24T21:33:58.460784176) [Msg] periods:     (2023-03-24T21:33:58.460815336) (2023-03-24T21:33:58.460831616) [Msg] 5.5, (2023-03-24T21:33:58.460872476) (2023-03-24T21:33:58.460896646) [Msg] 5, (2023-03-24T21:33:58.460937086) (2023-03-24T21:33:58.460953886) [Msg] 4.54545, (2023-03-24T21:33:58.460993206) (2023-03-24T21:33:58.461009516) [Msg] 
(2023-03-24T21:33:58.461041796) (2023-03-24T21:33:58.461059916) [Msg] phases:      0, 0, 0, 
(2023-03-24T21:33:58.461151377) (2023-03-24T21:33:58.461169587) [Msg] steepnesses: 0, 0, 0, 
(2023-03-24T21:33:58.461259797) (2023-03-24T21:33:58.461277417) [Msg] directions:  (2023-03-24T21:33:58.461310367) (2023-03-24T21:33:58.461326837) [Msg] 0.921061 -0.389418; (2023-03-24T21:33:58.461385527) (2023-03-24T21:33:58.461402977) [Msg] 1 0; (2023-03-24T21:33:58.461456707) (2023-03-24T21:33:58.461472817) [Msg] 0.921061 0.389418; (2023-03-24T21:33:58.461531037) (2023-03-24T21:33:58.461549277) [Msg] 
(2023-03-24T21:33:58.461620497) (2023-03-24T21:33:58.461639617) [Dbg] [Surface.cc:161] Surface plugin successfully configured with the following parameters:
(2023-03-24T21:33:58.461697527) (2023-03-24T21:33:58.461716747) [Dbg] [Surface.cc:163]   <link_name>: link
(2023-03-24T21:33:58.461771277) (2023-03-24T21:33:58.461790247) [Dbg] [Surface.cc:164]   <vehicle_length>: 6
(2023-03-24T21:33:58.461843697) (2023-03-24T21:33:58.461860117) [Dbg] [Surface.cc:165]   <vehicle_width>: 3.3
(2023-03-24T21:33:58.461913747) (2023-03-24T21:33:58.461932087) [Dbg] [Surface.cc:166]   <hull_radius>: 1.9
(2023-03-24T21:33:58.461987627) (2023-03-24T21:33:58.462006787) [Dbg] [Surface.cc:167]   <num_samples>: 2
(2023-03-24T21:33:58.462061427) (2023-03-24T21:33:58.462080267) [Dbg] [Surface.cc:168]   <fluid_level>: 0.45
(2023-03-24T21:33:58.462135557) (2023-03-24T21:33:58.462152977) [Dbg] [Surface.cc:169]   <fluid_density>: 997.774
(2023-03-24T21:33:58.462236427) (2023-03-24T21:33:58.462255047) [Dbg] [SystemManager.cc:58] Loaded system [ignition::gazebo::systems::Surface] for entity [24]
(2023-03-24T21:33:58.464290170) (2023-03-24T21:33:58.464304850) [Dbg] [SimpleHydrodynamics.cc:167] SimpleHydrodynamics plugin successfully configured with the following parameters:
(2023-03-24T21:33:58.464342410) (2023-03-24T21:33:58.464354500) [Dbg] [SimpleHydrodynamics.cc:169]   <link_name>: link
(2023-03-24T21:33:58.464389900) (2023-03-24T21:33:58.464402910) [Dbg] [SimpleHydrodynamics.cc:170]   <xDotU>: 0
(2023-03-24T21:33:58.464438030) (2023-03-24T21:33:58.464449150) [Dbg] [SimpleHydrodynamics.cc:171]   <yDotV>: 0
(2023-03-24T21:33:58.464485060) (2023-03-24T21:33:58.464496450) [Dbg] [SimpleHydrodynamics.cc:172]   <zDotW>: 0.1
(2023-03-24T21:33:58.464531710) (2023-03-24T21:33:58.464543160) [Dbg] [SimpleHydrodynamics.cc:173]   <kDotP>: 0.1
(2023-03-24T21:33:58.464577320) (2023-03-24T21:33:58.464588960) [Dbg] [SimpleHydrodynamics.cc:174]   <mDotQ>: 0.1
(2023-03-24T21:33:58.464621930) (2023-03-24T21:33:58.464633320) [Dbg] [SimpleHydrodynamics.cc:175]   <nDotR>: 0
(2023-03-24T21:33:58.464665760) (2023-03-24T21:33:58.464675880) [Dbg] [SimpleHydrodynamics.cc:176]   <xU>: 510.3
(2023-03-24T21:33:58.464708580) (2023-03-24T21:33:58.464718850) [Dbg] [SimpleHydrodynamics.cc:177]   <xUU>: 720.4
(2023-03-24T21:33:58.464749980) (2023-03-24T21:33:58.464762030) [Dbg] [SimpleHydrodynamics.cc:178]   <yV>: 400
(2023-03-24T21:33:58.464795860) (2023-03-24T21:33:58.464807700) [Dbg] [SimpleHydrodynamics.cc:179]   <yVV>: 0
(2023-03-24T21:33:58.464841800) (2023-03-24T21:33:58.464854470) [Dbg] [SimpleHydrodynamics.cc:180]   <zW>: 5000
(2023-03-24T21:33:58.464889120) (2023-03-24T21:33:58.464901850) [Dbg] [SimpleHydrodynamics.cc:181]   <zWW>: 0
(2023-03-24T21:33:58.464936320) (2023-03-24T21:33:58.464947910) [Dbg] [SimpleHydrodynamics.cc:182]   <kP>: 500
(2023-03-24T21:33:58.464987980) (2023-03-24T21:33:58.464999740) [Dbg] [SimpleHydrodynamics.cc:183]   <kPP>: 0
(2023-03-24T21:33:58.465033250) (2023-03-24T21:33:58.465044540) [Dbg] [SimpleHydrodynamics.cc:184]   <mQ>: 500
(2023-03-24T21:33:58.465079821) (2023-03-24T21:33:58.465091771) [Dbg] [SimpleHydrodynamics.cc:185]   <mQQ>: 0
(2023-03-24T21:33:58.465127211) (2023-03-24T21:33:58.465139431) [Dbg] [SimpleHydrodynamics.cc:186]   <nR>: 15000
(2023-03-24T21:33:58.465176481) (2023-03-24T21:33:58.465188841) [Dbg] [SimpleHydrodynamics.cc:187]   <nRR>: 0
(2023-03-24T21:33:58.465229581) (2023-03-24T21:33:58.465242151) [Dbg] [SystemManager.cc:58] Loaded system [ignition::gazebo::systems::SimpleHydrodynamics] for entity [24]
(2023-03-24T21:33:58.466614232) (2023-03-24T21:33:58.466628622) [Dbg] [SystemManager.cc:58] Loaded system [ignition::gazebo::systems::DetachableJoint] for entity [28]
(2023-03-24T21:33:58.467160003) (2023-03-24T21:33:58.467174273) [Dbg] [SystemManager.cc:58] Loaded system [ignition::gazebo::systems::DetachableJoint] for entity [44]
(2023-03-24T21:33:58.468002064) (2023-03-24T21:33:58.468014604) [Dbg] [SystemManager.cc:58] Loaded system [ignition::gazebo::systems::DetachableJoint] for entity [60]
(2023-03-24T21:33:58.468823615) (2023-03-24T21:33:58.468838575) [Dbg] [SystemManager.cc:58] Loaded system [ignition::gazebo::systems::DetachableJoint] for entity [112]
(2023-03-24T21:33:58.470033776) (2023-03-24T21:33:58.470048516) [Dbg] [SystemManager.cc:58] Loaded system [ignition::gazebo::systems::CommsEndpoint] for entity [164]
(2023-03-24T21:33:58.470268147) (2023-03-24T21:33:58.470282137) [Dbg] [SystemManager.cc:58] Loaded system [ignition::gazebo::systems::CommsEndpoint] for entity [164]
(2023-03-24T21:33:58.471803118) (2023-03-24T21:33:58.471818158) [Dbg] [SystemManager.cc:58] Loaded system [mbzirc::BaseStation] for entity [164]
(2023-03-24T21:33:58.473572979) (2023-03-24T21:33:58.473586919) [Msg] EntityDetector publishing messages on [/mbzirc/target_object_detector/dropped]
(2023-03-24T21:33:58.473772029) (2023-03-24T21:33:58.473786409) [Dbg] [SystemManager.cc:58] Loaded system [mbzirc::EntityDetector] for entity [168]
(2023-03-24T21:33:58.473897539) (2023-03-24T21:33:58.473910469) [Msg] Loaded level [3]
(2023-03-24T21:33:58.474208429) (2023-03-24T21:33:58.474222209) [Msg] Serving world controls on [/world/simple_demo/control], [/world/simple_demo/control/state] and [/world/simple_demo/playback/control]
(2023-03-24T21:33:58.474374800) (2023-03-24T21:33:58.474388330) [Msg] Serving GUI information on [/world/simple_demo/gui/info]
(2023-03-24T21:33:58.474444730) (2023-03-24T21:33:58.474457150) [Msg] World [simple_demo] initialized with [4ms] physics profile.
(2023-03-24T21:33:58.474610100) (2023-03-24T21:33:58.474622820) [Msg] Serving world SDF generation service on [/world/simple_demo/generate_world_sdf]
(2023-03-24T21:33:58.474727000) (2023-03-24T21:33:58.474740670) [Msg] Serving world names on [/gazebo/worlds]
(2023-03-24T21:33:58.474827060) (2023-03-24T21:33:58.474839960) [Msg] Resource path add service on [/gazebo/resource_paths/add].
(2023-03-24T21:33:58.474932200) (2023-03-24T21:33:58.474945980) [Msg] Resource path get service on [/gazebo/resource_paths/get].
(2023-03-24T21:33:58.575190835) (2023-03-24T21:33:58.575221675) [Msg] Resource path resolve service on [/gazebo/resource_paths/resolve].
(2023-03-24T21:33:58.575430405) (2023-03-24T21:33:58.575462955) [Msg] Resource paths published on [/gazebo/resource_paths].
(2023-03-24T21:33:58.575759455) (2023-03-24T21:33:58.575789965) [Msg] Server control service on [/server_control].
(2023-03-24T21:33:58.576097986) (2023-03-24T21:33:58.576131616) [Msg] Found no publishers on /stats, adding root stats topic
(2023-03-24T21:33:58.576383576) (2023-03-24T21:33:58.576411446) [Msg] Found no publishers on /clock, adding root clock topic
(2023-03-24T21:33:58.676802700) (2023-03-24T21:33:58.676832500) [Dbg] [SimulationRunner.cc:491] Creating PostUpdate worker threads: 13
(2023-03-24T21:33:58.676910620) (2023-03-24T21:33:58.676944450) [Dbg] [SimulationRunner.cc:502] Creating postupdate worker thread (0)
(2023-03-24T21:33:58.677104490) (2023-03-24T21:33:58.677130180) [Dbg] [SimulationRunner.cc:502] Creating postupdate worker thread (1)
(2023-03-24T21:33:58.677254690) (2023-03-24T21:33:58.677279490) [Dbg] [SimulationRunner.cc:502] Creating postupdate worker thread (2)
(2023-03-24T21:33:58.677403780) (2023-03-24T21:33:58.677429370) [Dbg] [SimulationRunner.cc:502] Creating postupdate worker thread (3)
(2023-03-24T21:33:58.677550550) (2023-03-24T21:33:58.677575220) [Dbg] [SimulationRunner.cc:502] Creating postupdate worker thread (4)
(2023-03-24T21:33:58.677698290) (2023-03-24T21:33:58.677723440) [Dbg] [SimulationRunner.cc:502] Creating postupdate worker thread (5)
(2023-03-24T21:33:58.677841220) (2023-03-24T21:33:58.677865970) [Dbg] [SimulationRunner.cc:502] Creating postupdate worker thread (6)
(2023-03-24T21:33:58.677985650) (2023-03-24T21:33:58.678011500) [Dbg] [SimulationRunner.cc:502] Creating postupdate worker thread (7)
(2023-03-24T21:33:58.678136861) (2023-03-24T21:33:58.678163781) [Dbg] [SimulationRunner.cc:502] Creating postupdate worker thread (8)
(2023-03-24T21:33:58.678289821) (2023-03-24T21:33:58.678315501) [Dbg] [SimulationRunner.cc:502] Creating postupdate worker thread (9)
(2023-03-24T21:33:58.678453841) (2023-03-24T21:33:58.678482691) [Dbg] [SimulationRunner.cc:502] Creating postupdate worker thread (10)
(2023-03-24T21:33:58.678608191) (2023-03-24T21:33:58.678633781) [Dbg] [SimulationRunner.cc:502] Creating postupdate worker thread (11)
(2023-03-24T21:33:58.679142272) (2023-03-24T21:33:58.679163912) [Msg] Particle emitter[simple_demo::dust_storm::link::dust_storm] subscribed to command messages on topic[/model/dust_storm/link/link/particle_emitter/dust_storm/cmd]
(2023-03-24T21:33:58.679382942) (2023-03-24T21:33:58.679403982) [Msg] Particle emitter[simple_demo::fog::link::fog] subscribed to command messages on topic[/model/fog/link/link/particle_emitter/fog/cmd]
(2023-03-24T21:33:58.681100734) (2023-03-24T21:33:58.681123674) [Msg] DetachableJoint subscribing to messages on [/Vessel_A/detach]
(2023-03-24T21:33:58.681271994) (2023-03-24T21:33:58.681289364) [Msg] DetachableJoint subscribing to messages on [/Vessel_A/detach]
(2023-03-24T21:33:58.681433284) (2023-03-24T21:33:58.681451464) [Msg] DetachableJoint subscribing to messages on [/Vessel_A/detach]
(2023-03-24T21:33:58.681593494) (2023-03-24T21:33:58.681611524) [Msg] DetachableJoint subscribing to messages on [/Vessel_A/detach]
(2023-03-24T21:33:58.681823665) (2023-03-24T21:33:58.681842195) [Msg] Address [base_station/target] bound to model [base_station] on topic [base_station/target]
(2023-03-24T21:33:58.681939585) (2023-03-24T21:33:58.681958265) [Dbg] [CommsEndpoint.cc:89] Succesfuly bound to [base_station/target] on topic [base_station/target]
(2023-03-24T21:33:58.682105595) (2023-03-24T21:33:58.682125885) [Msg] Address [base_station/video] bound to model [base_station] on topic [base_station/video]
(2023-03-24T21:33:58.682220425) (2023-03-24T21:33:58.682239685) [Dbg] [CommsEndpoint.cc:89] Succesfuly bound to [base_station/video] on topic [base_station/video]
(2023-03-24T21:33:58.757208272) (2023-03-24T21:33:58.757226973) [Dbg] [Physics.cc:1593] Creating detachable joint [170]
(2023-03-24T21:33:58.757422693) (2023-03-24T21:33:58.757438493) [Dbg] [Physics.cc:1593] Creating detachable joint [171]
(2023-03-24T21:33:58.757600713) (2023-03-24T21:33:58.757614563) [Dbg] [Physics.cc:1593] Creating detachable joint [172]
(2023-03-24T21:33:58.757993843) (2023-03-24T21:33:58.758008713) [Dbg] [Physics.cc:1593] Creating detachable joint [173]
(2023-03-24T21:33:58.759255474) (2023-03-24T21:33:58.759269404) [Dbg] [SimulationFeatures.cc:63] Simulation timestep set to: 0.004
(2023-03-24T21:33:58.769654216) (2023-03-24T21:33:58.769677077) [Msg] Serving scene information on [/world/simple_demo/scene/info]
(2023-03-24T21:33:58.769874947) (2023-03-24T21:33:58.769894677) [Msg] Serving graph information on [/world/simple_demo/scene/graph]
(2023-03-24T21:33:58.770076017) (2023-03-24T21:33:58.770113357) [Msg] Serving full state on [/world/simple_demo/state]
(2023-03-24T21:33:58.770314277) (2023-03-24T21:33:58.770334867) [Msg] Serving full state (async) on [/world/simple_demo/state_async]
(2023-03-24T21:33:58.770561067) (2023-03-24T21:33:58.770580857) [Msg] Publishing scene information on [/world/simple_demo/scene/info]
(2023-03-24T21:33:58.770783228) (2023-03-24T21:33:58.770809568) [Msg] Publishing entity deletions on [/world/simple_demo/scene/deletion]
(2023-03-24T21:33:58.770957698) (2023-03-24T21:33:58.770979568) [Msg] Publishing state changes on [/world/simple_demo/state]
(2023-03-24T21:33:58.771121848) (2023-03-24T21:33:58.771144138) [Msg] Publishing pose messages on [/world/simple_demo/pose/info]
(2023-03-24T21:33:58.771284668) (2023-03-24T21:33:58.771300978) [Msg] Publishing dynamic pose messages on [/world/simple_demo/dynamic_pose/info]
(2023-03-24T21:33:58.771598208) (2023-03-24T21:33:58.771614548) [Dbg] [EntityComponentManager.cc:1587] Updated state thread iterators: 24 threads processing around 8 entities each.
(2023-03-24T21:33:58.772027529) (2023-03-24T21:33:58.772053489) ([Wrn] [Model.hh:69] 2023-03-24T21:33:58.772105299) ) (2023-03-24T21:33:58.772151969) with //pose/@relative_to attribute.Skipping serialization / deserialization for models with //pose/@relative_to attribute.

(2023-03-24T21:33:58.772482809) (2023-03-24T21:33:58.772511049) [Wrn] [Component.hh:144] Trying to serialize component with data type [N3sdf3v125WorldE], which doesn't have `operator<<`. Component will not be serialized.
(2023-03-24T21:33:58.799216556) (2023-03-24T21:33:58.799239436) [Dbg] [EntityComponentManager.cc:1587] Updated state thread iterators: 24 threads processing around 8 entities each.
(2023-03-24T21:34:02.837827469) (2023-03-24T21:34:02.837841739) [Msg] Linear velocity initialized to [0 0 0]
(2023-03-24T21:34:02.837895509) (2023-03-24T21:34:02.837906439) [Msg] Angular velocity initialized to [0 0 0]
(2023-03-24T21:34:02.838123839) (2023-03-24T21:34:02.838137850) [Msg] VelocityControl subscribing to twist messages on [/model/usv/cmd_vel]
(2023-03-24T21:34:02.838176490) (2023-03-24T21:34:02.838185600) [Dbg] [SystemManager.cc:58] Loaded system [ignition::gazebo::systems::VelocityControl] for entity [174]
(2023-03-24T21:34:02.839247261) (2023-03-24T21:34:02.839258521) [Dbg] [OdometryPublisher.cc:191] OdometryPublisher system plugin missing <dimensions>, defaults to "2"
(2023-03-24T21:34:02.839423331) (2023-03-24T21:34:02.839433441) [Msg] OdometryPublisher publishing odometry on [/model/usv/odometry]
(2023-03-24T21:34:02.839550711) (2023-03-24T21:34:02.839560971) [Msg] OdometryPublisher publishing odometry with covariance on [/model/usv/odometry_with_covariance]
(2023-03-24T21:34:02.839654651) (2023-03-24T21:34:02.839666771) [Msg] OdometryPublisher publishing Pose_V (TF) on [/model/usv/pose]
(2023-03-24T21:34:02.839704201) (2023-03-24T21:34:02.839715521) [Dbg] [SystemManager.cc:58] Loaded system [ignition::gazebo::systems::OdometryPublisher] for entity [174]
(2023-03-24T21:34:02.840997663) (2023-03-24T21:34:02.841012393) [Msg] Thruster listening to commands in [/model/usv/joint/left_engine_propeller_joint/cmd_thrust]
(2023-03-24T21:34:02.841087603) (2023-03-24T21:34:02.841097063) [Dbg] [Thruster.cc:288] Using velocity control for propeller joint.
(2023-03-24T21:34:02.841122923) (2023-03-24T21:34:02.841131523) [Dbg] [SystemManager.cc:58] Loaded system [ignition::gazebo::systems::Thruster] for entity [174]
(2023-03-24T21:34:02.842210614) (2023-03-24T21:34:02.842221164) [Dbg] [JointPositionController.cc:205] [JointPositionController] system parameters:
(2023-03-24T21:34:02.842246024) (2023-03-24T21:34:02.842253644) [Dbg] [JointPositionController.cc:206] p_gain: [1]
(2023-03-24T21:34:02.842280504) (2023-03-24T21:34:02.842289384) [Dbg] [JointPositionController.cc:207] i_gain: [0.1]
(2023-03-24T21:34:02.842318234) (2023-03-24T21:34:02.842326834) [Dbg] [JointPositionController.cc:208] d_gain: [0.01]
(2023-03-24T21:34:02.842356144) (2023-03-24T21:34:02.842364934) [Dbg] [JointPositionController.cc:209] i_max: [1]
(2023-03-24T21:34:02.842401154) (2023-03-24T21:34:02.842410275) [Dbg] [JointPositionController.cc:210] i_min: [-1]
(2023-03-24T21:34:02.842447105) (2023-03-24T21:34:02.842455855) [Dbg] [JointPositionController.cc:211] cmd_max: [1000]
(2023-03-24T21:34:02.842484935) (2023-03-24T21:34:02.842494115) [Dbg] [JointPositionController.cc:212] cmd_min: [-1000]
(2023-03-24T21:34:02.842523475) (2023-03-24T21:34:02.842533485) [Dbg] [JointPositionController.cc:213] cmd_offset: [0]
(2023-03-24T21:34:02.842576305) (2023-03-24T21:34:02.842585975) [Dbg] [JointPositionController.cc:214] Topic: [usv/left/thruster/joint/cmd_pos]
(2023-03-24T21:34:02.842615485) (2023-03-24T21:34:02.842626835) [Dbg] [JointPositionController.cc:215] initial_position: [0]
(2023-03-24T21:34:02.842666405) (2023-03-24T21:34:02.842675795) [Dbg] [SystemManager.cc:58] Loaded system [ignition::gazebo::systems::JointPositionController] for entity [174]
(2023-03-24T21:34:02.842999635) (2023-03-24T21:34:02.843010745) [Msg] Thruster listening to commands in [/model/usv/joint/right_engine_propeller_joint/cmd_thrust]
(2023-03-24T21:34:02.843070525) (2023-03-24T21:34:02.843084135) [Dbg] [Thruster.cc:288] Using velocity control for propeller joint.
(2023-03-24T21:34:02.843123995) (2023-03-24T21:34:02.843136875) [Dbg] [SystemManager.cc:58] Loaded system [ignition::gazebo::systems::Thruster] for entity [174]
(2023-03-24T21:34:02.843404555) (2023-03-24T21:34:02.843415505) [Dbg] [JointPositionController.cc:205] [JointPositionController] system parameters:
(2023-03-24T21:34:02.843444565) (2023-03-24T21:34:02.843457885) [Dbg] [JointPositionController.cc:206] p_gain: [1]
(2023-03-24T21:34:02.843504865) (2023-03-24T21:34:02.843517845) [Dbg] [JointPositionController.cc:207] i_gain: [0.1]
(2023-03-24T21:34:02.843549785) (2023-03-24T21:34:02.843561245) [Dbg] [JointPositionController.cc:208] d_gain: [0.01]
(2023-03-24T21:34:02.843597695) (2023-03-24T21:34:02.843607835) [Dbg] [JointPositionController.cc:209] i_max: [1]
(2023-03-24T21:34:02.843642575) (2023-03-24T21:34:02.843655725) [Dbg] [JointPositionController.cc:210] i_min: [-1]
(2023-03-24T21:34:02.843686715) (2023-03-24T21:34:02.843695175) [Dbg] [JointPositionController.cc:211] cmd_max: [1000]
(2023-03-24T21:34:02.843734285) (2023-03-24T21:34:02.843747865) [Dbg] [JointPositionController.cc:212] cmd_min: [-1000]
(2023-03-24T21:34:02.843793976) (2023-03-24T21:34:02.843806816) [Dbg] [JointPositionController.cc:213] cmd_offset: [0]
(2023-03-24T21:34:02.843849806) (2023-03-24T21:34:02.843861116) [Dbg] [JointPositionController.cc:214] Topic: [usv/right/thruster/joint/cmd_pos]
(2023-03-24T21:34:02.843890296) (2023-03-24T21:34:02.843902116) [Dbg] [JointPositionController.cc:215] initial_position: [0]
(2023-03-24T21:34:02.843935336) (2023-03-24T21:34:02.843945146) [Dbg] [SystemManager.cc:58] Loaded system [ignition::gazebo::systems::JointPositionController] for entity [174]
(2023-03-24T21:34:02.844204676) (2023-03-24T21:34:02.844215216) [Msg] Using Pierson-Moskowitz spectrum sampling wavefield model 
(2023-03-24T21:34:02.844350746) (2023-03-24T21:34:02.844360766) [Msg] Using Pierson-Moskowitz spectrum sampling wavefield model 
(2023-03-24T21:34:02.844431486) (2023-03-24T21:34:02.844441696) [Msg] Input Parameters:
(2023-03-24T21:34:02.844471826) (2023-03-24T21:34:02.844485726) [Msg] model:     PMS
(2023-03-24T21:34:02.844524096) (2023-03-24T21:34:02.844537506) [Msg] number:     3
(2023-03-24T21:34:02.844569906) (2023-03-24T21:34:02.844579136) [Msg] scale:      1.1
(2023-03-24T21:34:02.844607306) (2023-03-24T21:34:02.844620096) [Msg] angle:      0.4
(2023-03-24T21:34:02.844657566) (2023-03-24T21:34:02.844667576) [Msg] steepness:  0
(2023-03-24T21:34:02.844695836) (2023-03-24T21:34:02.844704466) [Msg] amplitude:  0
(2023-03-24T21:34:02.844741336) (2023-03-24T21:34:02.844753976) [Msg] period:     5
(2023-03-24T21:34:02.844779846) (2023-03-24T21:34:02.844789576) [Msg] direction:  1 0
(2023-03-24T21:34:02.844831366) (2023-03-24T21:34:02.844840136) [Msg] tau:  2
(2023-03-24T21:34:02.844865626) (2023-03-24T21:34:02.844873846) [Msg] gain:  0.3
(2023-03-24T21:34:02.844910916) (2023-03-24T21:34:02.844920046) [Msg] Derived Parameters:
(2023-03-24T21:34:02.844942666) (2023-03-24T21:34:02.844951936) [Msg] amplitudes:  0.0363502, 0.0392277, 0.0385703, 
(2023-03-24T21:34:02.845020846) (2023-03-24T21:34:02.845035266) [Msg] wavenumbers: 0.133171, 0.161136, 0.194975, 
(2023-03-24T21:34:02.845104836) (2023-03-24T21:34:02.845119256) [Msg] omegas:      1.1424, 1.25664, 1.3823, 
(2023-03-24T21:34:02.845172016) (2023-03-24T21:34:02.845180966) [Msg] periods:     (2023-03-24T21:34:02.845197047) (2023-03-24T21:34:02.845206947) [Msg] 5.5, (2023-03-24T21:34:02.845232017) (2023-03-24T21:34:02.845244187) [Msg] 5, (2023-03-24T21:34:02.845264397) (2023-03-24T21:34:02.845272887) [Msg] 4.54545, (2023-03-24T21:34:02.845292667) (2023-03-24T21:34:02.845306067) [Msg] 
(2023-03-24T21:34:02.845330277) (2023-03-24T21:34:02.845339827) [Msg] phases:      0, 0, 0, 
(2023-03-24T21:34:02.845393047) (2023-03-24T21:34:02.845405907) [Msg] steepnesses: 0, 0, 0, 
(2023-03-24T21:34:02.845451977) (2023-03-24T21:34:02.845465497) [Msg] directions:  (2023-03-24T21:34:02.845484887) (2023-03-24T21:34:02.845493457) [Msg] 0.921061 -0.389418; (2023-03-24T21:34:02.845527957) (2023-03-24T21:34:02.845540687) [Msg] 1 0; (2023-03-24T21:34:02.845567967) (2023-03-24T21:34:02.845575917) [Msg] 0.921061 0.389418; (2023-03-24T21:34:02.845607927) (2023-03-24T21:34:02.845623477) [Msg] 
(2023-03-24T21:34:02.845662027) (2023-03-24T21:34:02.845674937) [Dbg] [Surface.cc:161] Surface plugin successfully configured with the following parameters:
(2023-03-24T21:34:02.845713417) (2023-03-24T21:34:02.845726367) [Dbg] [Surface.cc:163]   <link_name>: base_link
(2023-03-24T21:34:02.845764667) (2023-03-24T21:34:02.845777067) [Dbg] [Surface.cc:164]   <vehicle_length>: 6
(2023-03-24T21:34:02.845816437) (2023-03-24T21:34:02.845830227) [Dbg] [Surface.cc:165]   <vehicle_width>: 3.3
(2023-03-24T21:34:02.845868957) (2023-03-24T21:34:02.845879867) [Dbg] [Surface.cc:166]   <hull_radius>: 0.27
(2023-03-24T21:34:02.845906417) (2023-03-24T21:34:02.845916177) [Dbg] [Surface.cc:167]   <num_samples>: 2
(2023-03-24T21:34:02.845947177) (2023-03-24T21:34:02.845956507) [Dbg] [Surface.cc:168]   <fluid_level>: 0.45
(2023-03-24T21:34:02.845983947) (2023-03-24T21:34:02.845994047) [Dbg] [Surface.cc:169]   <fluid_density>: 997.774
(2023-03-24T21:34:02.846026827) (2023-03-24T21:34:02.846034987) [Dbg] [SystemManager.cc:58] Loaded system [ignition::gazebo::systems::Surface] for entity [174]
(2023-03-24T21:34:02.846359727) (2023-03-24T21:34:02.846371127) [Dbg] [SimpleHydrodynamics.cc:167] SimpleHydrodynamics plugin successfully configured with the following parameters:
(2023-03-24T21:34:02.846398517) (2023-03-24T21:34:02.846407237) [Dbg] [SimpleHydrodynamics.cc:169]   <link_name>: base_link
(2023-03-24T21:34:02.846453537) (2023-03-24T21:34:02.846475167) [Dbg] [SimpleHydrodynamics.cc:170]   <xDotU>: 0
(2023-03-24T21:34:02.846509327) (2023-03-24T21:34:02.846517737) [Dbg] [SimpleHydrodynamics.cc:171]   <yDotV>: 0
(2023-03-24T21:34:02.846543458) (2023-03-24T21:34:02.846552558) [Dbg] [SimpleHydrodynamics.cc:172]   <zDotW>: 0.1
(2023-03-24T21:34:02.846580518) (2023-03-24T21:34:02.846589078) [Dbg] [SimpleHydrodynamics.cc:173]   <kDotP>: 0.1
(2023-03-24T21:34:02.846615268) (2023-03-24T21:34:02.846624158) [Dbg] [SimpleHydrodynamics.cc:174]   <mDotQ>: 0.1
(2023-03-24T21:34:02.846650768) (2023-03-24T21:34:02.846659718) [Dbg] [SimpleHydrodynamics.cc:175]   <nDotR>: 0
(2023-03-24T21:34:02.846685688) (2023-03-24T21:34:02.846694588) [Dbg] [SimpleHydrodynamics.cc:176]   <xU>: 51.3
(2023-03-24T21:34:02.846720828) (2023-03-24T21:34:02.846730108) [Dbg] [SimpleHydrodynamics.cc:177]   <xUU>: 72.4
(2023-03-24T21:34:02.846759268) (2023-03-24T21:34:02.846768238) [Dbg] [SimpleHydrodynamics.cc:178]   <yV>: 40
(2023-03-24T21:34:02.846794298) (2023-03-24T21:34:02.846802588) [Dbg] [SimpleHydrodynamics.cc:179]   <yVV>: 0
(2023-03-24T21:34:02.846825188) (2023-03-24T21:34:02.846835938) [Dbg] [SimpleHydrodynamics.cc:180]   <zW>: 500
(2023-03-24T21:34:02.846860668) (2023-03-24T21:34:02.846868508) [Dbg] [SimpleHydrodynamics.cc:181]   <zWW>: 0
(2023-03-24T21:34:02.846899628) (2023-03-24T21:34:02.846907738) [Dbg] [SimpleHydrodynamics.cc:182]   <kP>: 100
(2023-03-24T21:34:02.846937018) (2023-03-24T21:34:02.846948648) [Dbg] [SimpleHydrodynamics.cc:183]   <kPP>: 0
(2023-03-24T21:34:02.846989638) (2023-03-24T21:34:02.847001458) [Dbg] [SimpleHydrodynamics.cc:184]   <mQ>: 100
(2023-03-24T21:34:02.847038388) (2023-03-24T21:34:02.847049588) [Dbg] [SimpleHydrodynamics.cc:185]   <mQQ>: 0
(2023-03-24T21:34:02.847090438) (2023-03-24T21:34:02.847105158) [Dbg] [SimpleHydrodynamics.cc:186]   <nR>: 400
(2023-03-24T21:34:02.847139738) (2023-03-24T21:34:02.847150828) [Dbg] [SimpleHydrodynamics.cc:187]   <nRR>: 0
(2023-03-24T21:34:02.847195348) (2023-03-24T21:34:02.847206578) [Dbg] [SystemManager.cc:58] Loaded system [ignition::gazebo::systems::SimpleHydrodynamics] for entity [174]
(2023-03-24T21:34:02.848527260) (2023-03-24T21:34:02.848541380) [Dbg] [SystemManager.cc:58] Loaded system [ignition::gazebo::systems::PosePublisher] for entity [174]
(2023-03-24T21:34:02.848794770) (2023-03-24T21:34:02.848805530) [Msg] EntityDetector publishing messages on [/mbzirc/target_object_detector/placed]
(2023-03-24T21:34:02.848961100) (2023-03-24T21:34:02.848974680) [Dbg] [SystemManager.cc:58] Loaded system [mbzirc::EntityDetector] for entity [174]
(2023-03-24T21:34:02.849203671) (2023-03-24T21:34:02.849216101) [Msg] EntityDetector publishing messages on [/mbzirc/target_object_detector/placed]
(2023-03-24T21:34:02.849342771) (2023-03-24T21:34:02.849354251) [Dbg] [SystemManager.cc:58] Loaded system [mbzirc::EntityDetector] for entity [174]
(2023-03-24T21:34:02.849579671) (2023-03-24T21:34:02.849590921) [Msg] EntityDetector publishing messages on [/mbzirc/target_object_detector/placed]
(2023-03-24T21:34:02.849719711) (2023-03-24T21:34:02.849729731) [Dbg] [SystemManager.cc:58] Loaded system [mbzirc::EntityDetector] for entity [174]
(2023-03-24T21:34:02.849959162) (2023-03-24T21:34:02.849972092) [Msg] EntityDetector publishing messages on [/mbzirc/target_object_detector/placed]
(2023-03-24T21:34:02.850113782) (2023-03-24T21:34:02.850126422) [Dbg] [SystemManager.cc:58] Loaded system [mbzirc::EntityDetector] for entity [174]
(2023-03-24T21:34:02.850337602) (2023-03-24T21:34:02.850350322) [Dbg] [SystemManager.cc:58] Loaded system [ignition::gazebo::systems::CommsEndpoint] for entity [174]
(2023-03-24T21:34:02.850785072) (2023-03-24T21:34:02.850797502) [Dbg] [UserCommands.cc:1303] Created entity [174] named [usv]
(2023-03-24T21:34:02.859543031) (2023-03-24T21:34:02.859574661) [Dbg] [Sensors.cc:584] Initialization needed
(2023-03-24T21:34:02.859650491) (2023-03-24T21:34:02.859668971) [Dbg] [Sensors.cc:240] Initializing render context
(2023-03-24T21:34:02.859798141) (2023-03-24T21:34:02.859816581) [Msg] Loading plugin [ignition-rendering-ogre2]
(2023-03-24T21:34:02.860257632) (2023-03-24T21:34:02.860287952) [Dbg] [ImuSensor.cc:148] [Dbg] [ImuSensor.cc:148] 2023-03-24T21:34:02.860313362) (2023-03-24T21:34:02.860350662) [Dbg] [GameLogicPlugin.cc:1991] IMU data for [New Competitor Platform: usv with 0sensors
usv::base_link::imu_sensor] advertised on [world/simple_demo/model/usv/link/base_link/sensor/imu_sensor/imu]
(((2023-03-24T21:34:02.862328984) (2023-03-24T21:34:02.862366684) ([Dbg] [SimulationRunner.cc:518] (2023-03-24T21:34:02.862417344) (2023-03-24T21:34:02.862429834) ((2023-03-24T21:34:02.862465974(2023-03-24T21:34:02.862492374) (2023-03-24T21:34:02.862516264) ) (2023-03-24T21:34:02.862550554) (2023-03-24T21:34:02.862578864) 2023-03-24T21:34:02.862302194) (2023-03-24T21:34:02.862626944) [Dbg] [SimulationRunner.cc:518] [Dbg] [SimulationRunner.cc:518] (2023-03-24T21:34:02.862686335) (2023-03-24T21:34:02.8627141152023-03-24T21:34:02.8626533052023-03-24T21:34:02.8627141152023-03-24T21:34:02.862653305) ) (2023-03-24T21:34:02.862403294) (2023-03-24T21:34:02.862779585) 2023-03-24T21:34:02.862749935) (2023-03-24T21:34:02.862830085) (2023-03-24T21:34:02.862855275) ) (Exiting postupdate worker thread (2023-03-24T21:34:02.862915455) 2023-03-24T21:34:02.862895805) ((2023-03-24T21:34:02.862991825) [Dbg] [SimulationRunner.cc:518] 2[Dbg] [SimulationRunner.cc:518] 2023-03-24T21:34:02.863015655) ((Exiting postupdate worker thread (2023-03-24T21:34:02.863064305) 0)
Exiting postupdate worker thread (7)
Exiting postupdate worker thread (Exiting postupdate worker thread ([Dbg] [SimulationRunner.cc:518] Exiting postupdate worker thread (6)
Exiting postupdate worker thread (8)
[Dbg] [SimulationRunner.cc:518] Exiting postupdate worker thread (3)
1)
[Dbg] [SimulationRunner.cc:518] [Dbg] [SimulationRunner.cc:518] [Dbg] [SimulationRunner.cc:518] [Dbg] [SimulationRunner.cc:518] [Dbg] [SimulationRunner.cc:518] Exiting postupdate worker thread (9)
Exiting postupdate worker thread (4[Dbg] [SimulationRunner.cc:518] )Exiting postupdate worker thread (10
Exiting postupdate worker thread ()11)

)11
)
(2023-03-24T21:34:02.864081466) (2023-03-24T21:34:02.864109406) [Dbg] [SimulationRunner.cc:491] Creating PostUpdate worker threads: 22
(2023-03-24T21:34:02.864179126) (2023-03-24T21:34:02.864197596) [Dbg] [SimulationRunner.cc:502] Creating postupdate worker thread (0)
(2023-03-24T21:34:02.864293626) (2023-03-24T21:34:02.864312646) [Dbg] [SimulationRunner.cc:502] Creating postupdate worker thread (1)
(2023-03-24T21:34:02.864387427) (2023-03-24T21:34:02.864406117) [Dbg] [SimulationRunner.cc:502] Creating postupdate worker thread (2)
(2023-03-24T21:34:02.864486997) (2023-03-24T21:34:02.864512197) [Dbg] [SimulationRunner.cc:502] Creating postupdate worker thread (3)
(2023-03-24T21:34:02.864597717) (2023-03-24T21:34:02.864616327) [Dbg] [SimulationRunner.cc:502] Creating postupdate worker thread (4)
(2023-03-24T21:34:02.864815747) (2023-03-24T21:34:02.864837007) [Dbg] [SimulationRunner.cc:502] Creating postupdate worker thread (5)
(2023-03-24T21:34:02.864932177) (2023-03-24T21:34:02.864954787) [Dbg] [SimulationRunner.cc:502] Creating postupdate worker thread (6)
(2023-03-24T21:34:02.865077047) (2023-03-24T21:34:02.865100807) [Dbg] [SimulationRunner.cc:502] Creating postupdate worker thread (7)
(2023-03-24T21:34:02.865215558) (2023-03-24T21:34:02.865234198) [Dbg] [SimulationRunner.cc:502] Creating postupdate worker thread (8)
(2023-03-24T21:34:02.865318128) (2023-03-24T21:34:02.865336968) [Dbg] [SimulationRunner.cc:502] Creating postupdate worker thread (9)
(2023-03-24T21:34:02.865420858) (2023-03-24T21:34:02.865437978) [Dbg] [SimulationRunner.cc:502] Creating postupdate worker thread (10)
(2023-03-24T21:34:02.865520058) (2023-03-24T21:34:02.865537598) [Dbg] [SimulationRunner.cc:502] Creating postupdate worker thread (11)
(2023-03-24T21:34:02.865648858) (2023-03-24T21:34:02.865672148) [Dbg] [SimulationRunner.cc:502] Creating postupdate worker thread (12)
(2023-03-24T21:34:02.865788408) (2023-03-24T21:34:02.865808428) [Dbg] [SimulationRunner.cc:502] Creating postupdate worker thread (13)
(2023-03-24T21:34:02.865931368) (2023-03-24T21:34:02.865955258) [Dbg] [SimulationRunner.cc:502] Creating postupdate worker thread (14)
(2023-03-24T21:34:02.866055269) (2023-03-24T21:34:02.866076439) [Dbg] [SimulationRunner.cc:502] Creating postupdate worker thread (15)
(2023-03-24T21:34:02.866191209) (2023-03-24T21:34:02.866209869) [Dbg] [SimulationRunner.cc:502] Creating postupdate worker thread (16)
(2023-03-24T21:34:02.866327789) (2023-03-24T21:34:02.866347459) [Dbg] [SimulationRunner.cc:502] Creating postupdate worker thread (17)
(2023-03-24T21:34:02.866474819) (2023-03-24T21:34:02.866503289) [Dbg] [SimulationRunner.cc:502] Creating postupdate worker thread (18)
(2023-03-24T21:34:02.866636389) (2023-03-24T21:34:02.866657889) [Dbg] [SimulationRunner.cc:502] Creating postupdate worker thread (19)
(2023-03-24T21:34:02.866771409) (2023-03-24T21:34:02.866795709) [Dbg] [SimulationRunner.cc:502] Creating postupdate worker thread (20)
(2023-03-24T21:34:02.867457430) (2023-03-24T21:34:02.867483430) [Msg] Address [usv] bound to model [usv] on topic [model/usv/rx]
(2023-03-24T21:34:02.867589880) (2023-03-24T21:34:02.867614280) [Dbg] [CommsEndpoint.cc:89] Succesfuly bound to [usv] on topic [model/usv/rx]
(2023-03-24T21:34:03.307235396) (2023-03-24T21:34:03.307260026) [Dbg] [RenderUtil.cc:2529] Create scene [scene]
(2023-03-24T21:34:03.378554350) (2023-03-24T21:34:03.378570560) [Dbg] [Sensors.cc:254] Rendering Thread initialized
(2023-03-24T21:34:03.382911355) (2023-03-24T21:34:03.382923795) [Wrn] [Ogre2Heightmap.cc:125] Heightmap final sampling should be 2^n
 which differs from ogre1's 2^n+1
The last row and column will be cropped
size = (width * sampling) - sampling + 1
[257] = ([257] * [1]) - [1] + 1
(2023-03-24T21:34:03.389408821) (2023-03-24T21:34:03.389431591) [Msg] Loading heightmap: scene::Heightmap(65478)
(2023-03-24T21:34:03.389486621) (2023-03-24T21:34:03.389500481) [Msg] Heightmap loaded. Process took 0 ms.
(2023-03-24T21:34:07.377925656) (2023-03-24T21:34:07.377956346) [Dbg] [Ogre2ParticleEmitter.cc:514] Particle emitter initialized
(2023-03-24T21:34:07.378251177) (2023-03-24T21:34:07.378270647) [Dbg] [Ogre2ParticleEmitter.cc:514] Particle emitter initialized
(2023-03-24T21:34:07.378605527) (2023-03-24T21:34:07.378629017) [Dbg] [Ogre2ParticleEmitter.cc:514] Particle emitter initialized
(2023-03-24T21:34:07.946525858) (2023-03-24T21:34:07.946542728) [Dbg] [Ogre2ParticleEmitter.cc:514] Particle emitter initialized
(2023-03-24T21:34:07.946753128) (2023-03-24T21:34:07.946765028) [Dbg] [Ogre2ParticleEmitter.cc:514] Particle emitter initialized
(2023-03-24T21:34:07.946920088) (2023-03-24T21:34:07.946931238) [Dbg] [Ogre2ParticleEmitter.cc:514] Particle emitter initialized
(2023-03-24T21:34:07.958361630) (2023-03-24T21:34:07.958381100) [Dbg] [Lidar.cc:122] Laser scans for [usv::sensor_6::sensor_link::lidar] advertised on [world/simple_demo/model/usv/model/sensor_6/link/sensor_link/sensor/lidar/scan]
(2023-03-24T21:34:07.958724860) (2023-03-24T21:34:07.958741010) [Dbg] [GpuLidarSensor.cc:164] Lidar points for [usv::sensor_6::sensor_link::lidar] advertised on [world/simple_demo/model/usv/model/sensor_6/link/sensor_link/sensor/lidar/scan/points]
(2023-03-24T21:34:07.959046621) (2023-03-24T21:34:07.959058291) [Msg] Loading plugin [ignition-rendering-ogre2]
(2023-03-24T21:34:08.113024371) (2023-03-24T21:34:08.113052101) [Dbg] [EntityComponentManager.cc:1587] Updated state thread iterators: 24 threads processing around 10 entities each.
(2023-03-24T21:36:09.410340570) (2023-03-24T21:36:09.410361770) [Msg] Scoring has Started
(2023-03-24T21:36:09.410647380) (2023-03-24T21:36:09.410661240) [Err] [GameLogicPlugin.cc:2121] Invalid configuration detected: 
[usv] Initial Position (10 40 0.299843) is not in the starting area -15 -15 -5 15 15 5
(2023-03-24T21:43:58.527460376) (2023-03-24T21:43:58.527480666) [Dbg] [SignalHandler.cc:141] Received signal[2].
(2023-03-24T21:43:58.527527556) (2023-03-24T21:43:58.527541156) [Dbg] [ServerPrivate.cc:110] Server received signal[2]
(2023-03-24T21:43:58.527584386) (2023-03-24T21:43:58.527597856) [Dbg] [Sensors.cc:406] SensorsPrivate::Stop
(2023-03-24T21:43:58.530247269) (2023-03-24T21:43:58.530267609) [Dbg] [Sensors.cc:392] SensorsPrivate::RenderThread stopped
(2023-03-24T21:43:58.537276949) (2023-03-24T21:43:58.537296239) [Dbg] [ign.cc:410] Shutting down ign-gazebo-server
((((((((((((((2023-03-24T21:43:58.540194852) (2023-03-24T21:43:58.540217652) ([Dbg] [SimulationRunner.cc:518] ((2023-03-24T21:43:58.540279593) (2023-03-24T21:43:58.540308403() 2023-03-24T21:43:58.540142572) ((2023-03-24T21:43:58.540373223) (2023-03-24T21:43:58.540412693) (2023-03-24T21:43:58.540429983) () 2023-03-24T21:43:58.540473043) 2023-03-24T21:43:58.540473043) 2023-03-24T21:43:58.5404730432023-03-24T21:43:58.540471353) 2023-03-24T21:43:58.5404730432023-03-24T21:43:58.540471353(2023-03-24T21:43:58.540497393) (Exiting postupdate worker thread (2023-03-24T21:43:58.540547373) (2023-03-24T21:43:58.540575023) (2023-03-24T21:43:58.540610353) (2023-03-24T21:43:58.540669723) (2023-03-24T21:43:58.540709163) 2023-03-24T21:43:58.540179682) (2023-03-24T21:43:58.540765803) 2023-03-24T21:43:58.5405169432023-03-24T21:43:58.540516943) (2023-03-24T21:43:58.540137102) ((2023-03-24T21:43:58.540851513) 2023-03-24T21:43:58.540635103) (2023-03-24T21:43:58.5404431932023-03-24T21:43:58.540912463) ) 2023-03-24T21:43:58.540970103) (2023-03-24T21:43:58.541015493) 2023-03-24T21:43:58.540815643) 2023-03-24T21:43:58.540975843) (2023-03-24T21:43:58.541106334) (2023-03-24T21:43:58.541147614) 2023-03-24T21:43:58.540102062) (2023-03-24T21:43:58.5409557832023-03-24T21:43:58.541212304) 2023-03-24T21:43:58.540675413) (2023-03-24T21:43:58.541266644) )2023-03-24T21:43:58.541067913
2023-03-24T21:43:58.541067913
) (2023-03-24T21:43:58.541340054) 2023-03-24T21:43:58.540739113) () ((2023-03-24T21:43:58.541413514) () ) 2023-03-24T21:43:58.541430254) 
[Dbg] [SimulationRunner.cc:518] Exiting postupdate worker thread (19)
2023-03-24T21:43:58.541459484) [Dbg] [SimulationRunner.cc:518] Exiting postupdate worker thread (4)
[Dbg] [SimulationRunner.cc:518] Exiting postupdate worker thread (9)
Exiting postupdate worker thread (1[Dbg] [SimulationRunner.cc:518] )
[Dbg] [SimulationRunner.cc:518] Exiting postupdate worker thread (6)
[Dbg] [SimulationRunner.cc:518] Exiting postupdate worker thread (11)
[Dbg] [SimulationRunner.cc:518] Exiting postupdate worker thread (8)
[Dbg] [SimulationRunner.cc:518] Exiting postupdate worker thread (0)
[Dbg] [SimulationRunner.cc:518] Exiting postupdate worker thread (2)
Exiting postupdate worker thread ([Dbg] [SimulationRunner.cc:518] Exiting postupdate worker thread (20)
Exiting postupdate worker thread (16)
10)
[Dbg] [SimulationRunner.cc:518] Exiting postupdate worker thread (17)
Exiting postupdate worker thread (3)
[Dbg] [SimulationRunner.cc:518] Exiting postupdate worker thread (1[Dbg] [SimulationRunner.cc:518] Exiting postupdate worker thread (12)

[Dbg] [SimulationRunner.cc:518] [Dbg] [SimulationRunner.cc:518] [Dbg] [SimulationRunner.cc:518] Exiting postupdate worker thread (14Exiting postupdate worker thread ()15)
)
Exiting postupdate worker thread (5)
5Exiting postupdate worker thread ()
Exiting postupdate worker thread (7)
(2023-03-24T21:43:58.577498151) (2023-03-24T21:43:58.577514911) [Dbg] [Sensors.cc:406] SensorsPrivate::Stop
(2023-03-24T21:43:58.594553673) (2023-03-24T21:43:58.594568693) [Msg] Stopping recording
(2023-03-24T21:43:58.595225804) (2023-03-24T21:43:58.595236104) [Msg] Scoring has finished. Elapsed real time: 469 seconds. Elapsed sim time: 433 seconds. 
