(2023-03-12T02:40:43.462490736) (2023-03-12T02:40:43.462512066) [Msg] Ignition Gazebo Server v6.11.0
(2023-03-12T02:40:43.466166999) (2023-03-12T02:40:43.466186849) [Msg] Loading SDF world file[/home/developer/mbzirc_ws/install/share/mbzirc_ign/worlds/simple_demo.sdf].
(2023-03-12T02:40:43.779854590) (2023-03-12T02:40:43.779869420) [Msg] Serving entity system service on [/entity/system/add]
(2023-03-12T02:40:43.814603057) (2023-03-12T02:40:43.814619017) [Dbg] [Physics.cc:803] Loaded [ignition::physics::dartsim::Plugin] from library [/usr/lib/x86_64-linux-gnu/ign-physics-5/engine-plugins/libignition-physics-dartsim-plugin.so]
(2023-03-12T02:40:43.814699107) (2023-03-12T02:40:43.814723817) [Dbg] [SystemManager.cc:58] Loaded system [ignition::gazebo::systems::Physics] for entity [1]
(2023-03-12T02:40:43.816335988) (2023-03-12T02:40:43.816346998) [Msg] Create service on [/world/simple_demo/create]
(2023-03-12T02:40:43.816461348) (2023-03-12T02:40:43.816470408) [Msg] Remove service on [/world/simple_demo/remove]
(2023-03-12T02:40:43.816604078) (2023-03-12T02:40:43.816614568) [Msg] Pose service on [/world/simple_demo/set_pose]
(2023-03-12T02:40:43.816698478) (2023-03-12T02:40:43.816709568) [Msg] Pose service on [/world/simple_demo/set_pose_vector]
(2023-03-12T02:40:43.816828268) (2023-03-12T02:40:43.816839938) [Msg] Light configuration service on [/world/simple_demo/light_config]
(2023-03-12T02:40:43.817002459) (2023-03-12T02:40:43.817013099) [Msg] Physics service on [/world/simple_demo/set_physics]
(2023-03-12T02:40:43.817122889) (2023-03-12T02:40:43.817132999) [Msg] SphericalCoordinates service on [/world/simple_demo/set_spherical_coordinates]
(2023-03-12T02:40:43.817201419) (2023-03-12T02:40:43.817212889) [Msg] Enable collision service on [/world/simple_demo/enable_collision]
(2023-03-12T02:40:43.817289189) (2023-03-12T02:40:43.817299489) [Msg] Disable collision service on [/world/simple_demo/disable_collision]
(2023-03-12T02:40:43.817433879) (2023-03-12T02:40:43.817444639) [Msg] Material service on [/world/simple_demo/visual_config]
(2023-03-12T02:40:43.817540259) (2023-03-12T02:40:43.817563609) [Msg] Material service on [/world/simple_demo/wheel_slip]
(2023-03-12T02:40:43.817622679) (2023-03-12T02:40:43.817633889) [Dbg] [SystemManager.cc:58] Loaded system [ignition::gazebo::systems::UserCommands] for entity [1]
(2023-03-12T02:40:43.837258473) (2023-03-12T02:40:43.837269833) [Dbg] [Sensors.cc:479] Configuring Sensors system
(2023-03-12T02:40:43.837332743) (2023-03-12T02:40:43.837340693) [Dbg] [Sensors.cc:398] SensorsPrivate::Run
(2023-03-12T02:40:43.837418343) (2023-03-12T02:40:43.837428103) [Dbg] [SystemManager.cc:58] Loaded system [ignition::gazebo::systems::Sensors] for entity [1]
(2023-03-12T02:40:43.837478353) (2023-03-12T02:40:43.837520523) [Dbg] [Sensors.cc:378] SensorsPrivate::RenderThread started
(2023-03-12T02:40:43.837583903) (2023-03-12T02:40:43.837602503) [Dbg] [Sensors.cc:228] Waiting for init
(2023-03-12T02:40:43.838897924) (2023-03-12T02:40:43.838909514) [Dbg] [SystemManager.cc:58] Loaded system [ignition::gazebo::systems::AirPressure] for entity [1]
(2023-03-12T02:40:43.840388525) (2023-03-12T02:40:43.840400545) [Dbg] [SystemManager.cc:58] Loaded system [ignition::gazebo::systems::Altimeter] for entity [1]
(2023-03-12T02:40:43.841860466) (2023-03-12T02:40:43.841871456) [Dbg] [SystemManager.cc:58] Loaded system [ignition::gazebo::systems::Imu] for entity [1]
(2023-03-12T02:40:43.843274427) (2023-03-12T02:40:43.843286217) [Dbg] [SystemManager.cc:58] Loaded system [ignition::gazebo::systems::Magnetometer] for entity [1]
(2023-03-12T02:40:43.844747338) (2023-03-12T02:40:43.844759448) [Dbg] [SystemManager.cc:58] Loaded system [ignition::gazebo::systems::ForceTorque] for entity [1]
(2023-03-12T02:40:43.845868769) (2023-03-12T02:40:43.845880409) [Msg] Serving particle emitter information on [/world/simple_demo/particle_emitters]
(2023-03-12T02:40:43.845931299) (2023-03-12T02:40:43.845940419) [Dbg] [SystemManager.cc:58] Loaded system [ignition::gazebo::systems::ParticleEmitter2] for entity [1]
(2023-03-12T02:40:43.847160780) (2023-03-12T02:40:43.847183170) [Dbg] [SystemManager.cc:58] Loaded system [ignition::gazebo::systems::SceneBroadcaster] for entity [1]
(2023-03-12T02:40:43.848120121) (2023-03-12T02:40:43.848131511) [Dbg] [SystemManager.cc:58] Loaded system [ignition::gazebo::systems::Contact] for entity [1]
(2023-03-12T02:40:43.849169742) (2023-03-12T02:40:43.849180832) [Dbg] [RFComms.cc:385] Range configuration:
RF Configuration (range-based)
-- max_range: 500000
-- fading_exponent: 2.6
-- l0: 40
-- sigma: 10

(2023-03-12T02:40:43.849268192) (2023-03-12T02:40:43.849278282) [Dbg] [RFComms.cc:388] Radio configuration:
Radio Configuration
-- capacity: 1e+06
-- tx_power: 25
-- noise_floor: -90
-- modulation: QPSK

(2023-03-12T02:40:43.849502482) (2023-03-12T02:40:43.849512262) [Dbg] [Broker.cc:113] Broker services:
(2023-03-12T02:40:43.849537962) (2023-03-12T02:40:43.849545732) [Dbg] [Broker.cc:114]   Bind: [/broker/bind]
(2023-03-12T02:40:43.849571952) (2023-03-12T02:40:43.849579772) [Dbg] [Broker.cc:115]   Unbind: [/broker/unbind]
(2023-03-12T02:40:43.849607832) (2023-03-12T02:40:43.849615812) [Dbg] [Broker.cc:116] Broker topics:
(2023-03-12T02:40:43.849635852) (2023-03-12T02:40:43.849644032) [Dbg] [Broker.cc:117]   Incoming messages: [/broker/msgs]
(2023-03-12T02:40:43.849674772) (2023-03-12T02:40:43.849685002) [Dbg] [SystemManager.cc:58] Loaded system [ignition::gazebo::systems::RFComms] for entity [1]
(2023-03-12T02:40:43.851935474) (2023-03-12T02:40:43.851947424) [Dbg] [RFRange.cc:339] RFRange sensor range configuration:
RF Configuration (range-based)
-- max_range: 500000
-- fading_exponent: 2.6
-- l0: 40
-- sigma: 0.005
-- rssi_1: -15

(2023-03-12T02:40:43.852052014) (2023-03-12T02:40:43.852061494) [Dbg] [RFRange.cc:342] RFRange sensor radio configuration:
Radio Configuration
-- tx_power: 25
-- noise_floor: -90

(2023-03-12T02:40:43.852138074) (2023-03-12T02:40:43.852148464) [Dbg] [SystemManager.cc:58] Loaded system [ignition::gazebo::systems::RFRange] for entity [1]
(2023-03-12T02:40:43.855549496) (2023-03-12T02:40:43.855562086) [Msg] Overwriting existing file [/tmp/ign/mbzirc/playback/state.tlog]
(2023-03-12T02:40:43.858419728) (2023-03-12T02:40:43.858430998) [Msg] Recording to log file [/tmp/ign/mbzirc/playback/state.tlog]
(2023-03-12T02:40:43.858466568) (2023-03-12T02:40:43.858477288) [Dbg] [LogRecord.cc:334] Recording default topic[/playback/sdf].
(2023-03-12T02:40:43.858504758) (2023-03-12T02:40:43.858514648) [Dbg] [LogRecord.cc:335] Recording default topic[/world/simple_demo/changed_state].
(2023-03-12T02:40:43.901174251) (2023-03-12T02:40:43.901196221) [Dbg] [SystemManager.cc:58] Loaded system [ignition::gazebo::systems::LogRecord] for entity [1]
(2023-03-12T02:40:43.903827363) (2023-03-12T02:40:43.903849703) [Dbg] [SystemManager.cc:58] Loaded system [ignition::gazebo::systems::WindEffects] for entity [1]
(2023-03-12T02:40:43.908702946) (2023-03-12T02:40:43.908723656) [Msg] MBZIRC log path: /tmp/ign/mbzirc/logs
(2023-03-12T02:40:43.909274866) (2023-03-12T02:40:43.909292096) [Msg] Run duration set to 3600 seconds.
(2023-03-12T02:40:43.909410367) (2023-03-12T02:40:43.909428697) [Msg] Geofence boundary min: -70 -70 -25, max: 70 70 121.92
(2023-03-12T02:40:43.909597387) (2023-03-12T02:40:43.909619027) [Msg] Start area boundary min: -15 -15 -5, max: 15 15 5
(2023-03-12T02:40:43.909799427) (2023-03-12T02:40:43.909823927) [Msg] Setup duration set to 600 seconds.
(2023-03-12T02:40:43.909902057) (2023-03-12T02:40:43.909926147) [Msg] Target vessel: Vessel A
(2023-03-12T02:40:43.910039727) (2023-03-12T02:40:43.910066057) [Msg]   Small object: small_blue_box_a
(2023-03-12T02:40:43.910141517) (2023-03-12T02:40:43.910167727) [Msg]   Small object: small_blue_box_a_duplicate
(2023-03-12T02:40:43.910237967) (2023-03-12T02:40:43.910260757) [Msg]   Large object: large_dry_box_a
(2023-03-12T02:40:43.910321207) (2023-03-12T02:40:43.910339107) [Msg]   Large object: large_dry_box_a_duplicate
(2023-03-12T02:40:43.911889758) (2023-03-12T02:40:43.911900828) [Msg] Starting MBZIRC
(2023-03-12T02:40:43.912018788) (2023-03-12T02:40:43.912029508) [Dbg] [SystemManager.cc:58] Loaded system [mbzirc::GameLogicPlugin] for entity [1]
(2023-03-12T02:40:43.917200132) (2023-03-12T02:40:43.917210262) [Msg] Using Pierson-Moskowitz spectrum sampling wavefield model 
(2023-03-12T02:40:43.917474802) (2023-03-12T02:40:43.917485012) [Msg] Using Pierson-Moskowitz spectrum sampling wavefield model 
(2023-03-12T02:40:44.362404833) (2023-03-12T02:40:44.362437233) [Msg] Input Parameters:
(2023-03-12T02:40:44.362513083) (2023-03-12T02:40:44.362538413) [Msg] model:     PMS
(2023-03-12T02:40:44.362608683) (2023-03-12T02:40:44.362628633) [Msg] number:     3
(2023-03-12T02:40:44.362684643) (2023-03-12T02:40:44.362704843) [Msg] scale:      1.1
(2023-03-12T02:40:44.362758683) (2023-03-12T02:40:44.362774603) [Msg] angle:      0.4
(2023-03-12T02:40:44.362817063) (2023-03-12T02:40:44.362832493) [Msg] steepness:  0
(2023-03-12T02:40:44.362882063) (2023-03-12T02:40:44.362903873) [Msg] amplitude:  0
(2023-03-12T02:40:44.362946703) (2023-03-12T02:40:44.362962723) [Msg] period:     5
(2023-03-12T02:40:44.363006113) (2023-03-12T02:40:44.363021693) [Msg] direction:  1 0
(2023-03-12T02:40:44.363088273) (2023-03-12T02:40:44.363104253) [Msg] tau:  2
(2023-03-12T02:40:44.363148354) (2023-03-12T02:40:44.363164264) [Msg] gain:  0.3
(2023-03-12T02:40:44.363272054) (2023-03-12T02:40:44.363289134) [Msg] Derived Parameters:
(2023-03-12T02:40:44.363325994) (2023-03-12T02:40:44.363341254) [Msg] amplitudes:  0.0363502, 0.0392277, 0.0385703, 
(2023-03-12T02:40:44.363454494) (2023-03-12T02:40:44.363472804) [Msg] wavenumbers: 0.133171, 0.161136, 0.194975, 
(2023-03-12T02:40:44.363558894) (2023-03-12T02:40:44.363577044) [Msg] omegas:      1.1424, 1.25664, 1.3823, 
(2023-03-12T02:40:44.363660024) (2023-03-12T02:40:44.363677754) [Msg] periods:     (2023-03-12T02:40:44.363733224) (2023-03-12T02:40:44.363749304) [Msg] 5.5, (2023-03-12T02:40:44.363792304) (2023-03-12T02:40:44.363809704) [Msg] 5, (2023-03-12T02:40:44.363850424) (2023-03-12T02:40:44.363867044) [Msg] 4.54545, (2023-03-12T02:40:44.363906744) (2023-03-12T02:40:44.363922704) [Msg] 
(2023-03-12T02:40:44.363953774) (2023-03-12T02:40:44.363970064) [Msg] phases:      0, 0, 0, 
(2023-03-12T02:40:44.364052094) (2023-03-12T02:40:44.364068794) [Msg] steepnesses: 0, 0, 0, 
(2023-03-12T02:40:44.364146364) (2023-03-12T02:40:44.364163884) [Msg] directions:  (2023-03-12T02:40:44.364203594) (2023-03-12T02:40:44.364221344) [Msg] 0.921061 -0.389418; (2023-03-12T02:40:44.364280834) (2023-03-12T02:40:44.364298104) [Msg] 1 0; (2023-03-12T02:40:44.364349244) (2023-03-12T02:40:44.364365814) [Msg] 0.921061 0.389418; (2023-03-12T02:40:44.364421814) (2023-03-12T02:40:44.364439424) [Msg] 
(2023-03-12T02:40:44.365246555) (2023-03-12T02:40:44.365266265) [Dbg] [SystemManager.cc:58] Loaded system [ignition::gazebo::systems::WaveVisual] for entity [23]
(2023-03-12T02:40:44.369326689) (2023-03-12T02:40:44.369337809) [Msg] Using Pierson-Moskowitz spectrum sampling wavefield model 
(2023-03-12T02:40:44.369529079) (2023-03-12T02:40:44.369539369) [Msg] Using Pierson-Moskowitz spectrum sampling wavefield model 
(2023-03-12T02:40:44.369581929) (2023-03-12T02:40:44.369591279) [Msg] Input Parameters:
(2023-03-12T02:40:44.369612539) (2023-03-12T02:40:44.369621659) [Msg] model:     PMS
(2023-03-12T02:40:44.369645129) (2023-03-12T02:40:44.369654699) [Msg] number:     3
(2023-03-12T02:40:44.369677539) (2023-03-12T02:40:44.369687009) [Msg] scale:      1.1
(2023-03-12T02:40:44.369711969) (2023-03-12T02:40:44.369720269) [Msg] angle:      0.4
(2023-03-12T02:40:44.369744609) (2023-03-12T02:40:44.369753239) [Msg] steepness:  0
(2023-03-12T02:40:44.369777019) (2023-03-12T02:40:44.369786519) [Msg] amplitude:  0
(2023-03-12T02:40:44.369809829) (2023-03-12T02:40:44.369817559) [Msg] period:     5
(2023-03-12T02:40:44.369841909) (2023-03-12T02:40:44.369851309) [Msg] direction:  1 0
(2023-03-12T02:40:44.369882489) (2023-03-12T02:40:44.369891009) [Msg] tau:  2
(2023-03-12T02:40:44.369915339) (2023-03-12T02:40:44.369923829) [Msg] gain:  0.3
(2023-03-12T02:40:44.369947649) (2023-03-12T02:40:44.369956429) [Msg] Derived Parameters:
(2023-03-12T02:40:44.369989449) (2023-03-12T02:40:44.369997579) [Msg] amplitudes:  0.0363502, 0.0392277, 0.0385703, 
(2023-03-12T02:40:44.370039700) (2023-03-12T02:40:44.370048370) [Msg] wavenumbers: 0.133171, 0.161136, 0.194975, 
(2023-03-12T02:40:44.370091510) (2023-03-12T02:40:44.370099700) [Msg] omegas:      1.1424, 1.25664, 1.3823, 
(2023-03-12T02:40:44.370142670) (2023-03-12T02:40:44.370151990) [Msg] periods:     (2023-03-12T02:40:44.370167920) (2023-03-12T02:40:44.370176630) [Msg] 5.5, (2023-03-12T02:40:44.370197250) (2023-03-12T02:40:44.370205560) [Msg] 5, (2023-03-12T02:40:44.370226770) (2023-03-12T02:40:44.370236410) [Msg] 4.54545, (2023-03-12T02:40:44.370257000) (2023-03-12T02:40:44.370264830) [Msg] 
(2023-03-12T02:40:44.370280890) (2023-03-12T02:40:44.370289740) [Msg] phases:      0, 0, 0, 
(2023-03-12T02:40:44.370334040) (2023-03-12T02:40:44.370342440) [Msg] steepnesses: 0, 0, 0, 
(2023-03-12T02:40:44.370384330) (2023-03-12T02:40:44.370393650) [Msg] directions:  (2023-03-12T02:40:44.370409200) (2023-03-12T02:40:44.370417160) [Msg] 0.921061 -0.389418; (2023-03-12T02:40:44.370446300) (2023-03-12T02:40:44.370455590) [Msg] 1 0; (2023-03-12T02:40:44.370481960) (2023-03-12T02:40:44.370491210) [Msg] 0.921061 0.389418; (2023-03-12T02:40:44.370517740) (2023-03-12T02:40:44.370526260) [Msg] 
(2023-03-12T02:40:44.370562850) (2023-03-12T02:40:44.370571410) [Dbg] [Surface.cc:161] Surface plugin successfully configured with the following parameters:
(2023-03-12T02:40:44.370598430) (2023-03-12T02:40:44.370607050) [Dbg] [Surface.cc:163]   <link_name>: link
(2023-03-12T02:40:44.370632420) (2023-03-12T02:40:44.370641010) [Dbg] [Surface.cc:164]   <vehicle_length>: 6
(2023-03-12T02:40:44.370667290) (2023-03-12T02:40:44.370675360) [Dbg] [Surface.cc:165]   <vehicle_width>: 3.3
(2023-03-12T02:40:44.370700400) (2023-03-12T02:40:44.370708800) [Dbg] [Surface.cc:166]   <hull_radius>: 1.9
(2023-03-12T02:40:44.370733390) (2023-03-12T02:40:44.370742070) [Dbg] [Surface.cc:167]   <num_samples>: 2
(2023-03-12T02:40:44.370769420) (2023-03-12T02:40:44.370777850) [Dbg] [Surface.cc:168]   <fluid_level>: 0.45
(2023-03-12T02:40:44.370802090) (2023-03-12T02:40:44.370810560) [Dbg] [Surface.cc:169]   <fluid_density>: 997.774
(2023-03-12T02:40:44.370851470) (2023-03-12T02:40:44.370860560) [Dbg] [SystemManager.cc:58] Loaded system [ignition::gazebo::systems::Surface] for entity [24]
(2023-03-12T02:40:44.372713872) (2023-03-12T02:40:44.372725142) [Dbg] [SimpleHydrodynamics.cc:167] SimpleHydrodynamics plugin successfully configured with the following parameters:
(2023-03-12T02:40:44.372754892) (2023-03-12T02:40:44.372764682) [Dbg] [SimpleHydrodynamics.cc:169]   <link_name>: link
(2023-03-12T02:40:44.372790602) (2023-03-12T02:40:44.372800202) [Dbg] [SimpleHydrodynamics.cc:170]   <xDotU>: 0
(2023-03-12T02:40:44.372829892) (2023-03-12T02:40:44.372838362) [Dbg] [SimpleHydrodynamics.cc:171]   <yDotV>: 0
(2023-03-12T02:40:44.372861632) (2023-03-12T02:40:44.372869392) [Dbg] [SimpleHydrodynamics.cc:172]   <zDotW>: 0.1
(2023-03-12T02:40:44.372894152) (2023-03-12T02:40:44.372903432) [Dbg] [SimpleHydrodynamics.cc:173]   <kDotP>: 0.1
(2023-03-12T02:40:44.372925732) (2023-03-12T02:40:44.372933842) [Dbg] [SimpleHydrodynamics.cc:174]   <mDotQ>: 0.1
(2023-03-12T02:40:44.372957252) (2023-03-12T02:40:44.372965102) [Dbg] [SimpleHydrodynamics.cc:175]   <nDotR>: 0
(2023-03-12T02:40:44.372989012) (2023-03-12T02:40:44.372996922) [Dbg] [SimpleHydrodynamics.cc:176]   <xU>: 510.3
(2023-03-12T02:40:44.373020352) (2023-03-12T02:40:44.373028422) [Dbg] [SimpleHydrodynamics.cc:177]   <xUU>: 720.4
(2023-03-12T02:40:44.373051402) (2023-03-12T02:40:44.373059082) [Dbg] [SimpleHydrodynamics.cc:178]   <yV>: 400
(2023-03-12T02:40:44.373083362) (2023-03-12T02:40:44.373092272) [Dbg] [SimpleHydrodynamics.cc:179]   <yVV>: 0
(2023-03-12T02:40:44.373116512) (2023-03-12T02:40:44.373124342) [Dbg] [SimpleHydrodynamics.cc:180]   <zW>: 5000
(2023-03-12T02:40:44.373147402) (2023-03-12T02:40:44.373155472) [Dbg] [SimpleHydrodynamics.cc:181]   <zWW>: 0
(2023-03-12T02:40:44.373178092) (2023-03-12T02:40:44.373186082) [Dbg] [SimpleHydrodynamics.cc:182]   <kP>: 500
(2023-03-12T02:40:44.373213423) (2023-03-12T02:40:44.373221523) [Dbg] [SimpleHydrodynamics.cc:183]   <kPP>: 0
(2023-03-12T02:40:44.373246353) (2023-03-12T02:40:44.373254903) [Dbg] [SimpleHydrodynamics.cc:184]   <mQ>: 500
(2023-03-12T02:40:44.373278243) (2023-03-12T02:40:44.373285793) [Dbg] [SimpleHydrodynamics.cc:185]   <mQQ>: 0
(2023-03-12T02:40:44.373312743) (2023-03-12T02:40:44.373321243) [Dbg] [SimpleHydrodynamics.cc:186]   <nR>: 15000
(2023-03-12T02:40:44.373344843) (2023-03-12T02:40:44.373353633) [Dbg] [SimpleHydrodynamics.cc:187]   <nRR>: 0
(2023-03-12T02:40:44.373381963) (2023-03-12T02:40:44.373391953) [Dbg] [SystemManager.cc:58] Loaded system [ignition::gazebo::systems::SimpleHydrodynamics] for entity [24]
(2023-03-12T02:40:44.374821304) (2023-03-12T02:40:44.374832954) [Dbg] [SystemManager.cc:58] Loaded system [ignition::gazebo::systems::DetachableJoint] for entity [28]
(2023-03-12T02:40:44.375320914) (2023-03-12T02:40:44.375331094) [Dbg] [SystemManager.cc:58] Loaded system [ignition::gazebo::systems::DetachableJoint] for entity [44]
(2023-03-12T02:40:44.376150715) (2023-03-12T02:40:44.376160595) [Dbg] [SystemManager.cc:58] Loaded system [ignition::gazebo::systems::DetachableJoint] for entity [60]
(2023-03-12T02:40:44.376925225) (2023-03-12T02:40:44.376936675) [Dbg] [SystemManager.cc:58] Loaded system [ignition::gazebo::systems::DetachableJoint] for entity [112]
(2023-03-12T02:40:44.378098886) (2023-03-12T02:40:44.378111466) [Dbg] [SystemManager.cc:58] Loaded system [ignition::gazebo::systems::CommsEndpoint] for entity [164]
(2023-03-12T02:40:44.378285116) (2023-03-12T02:40:44.378296786) [Dbg] [SystemManager.cc:58] Loaded system [ignition::gazebo::systems::CommsEndpoint] for entity [164]
(2023-03-12T02:40:44.379827197) (2023-03-12T02:40:44.379843667) [Dbg] [SystemManager.cc:58] Loaded system [mbzirc::BaseStation] for entity [164]
(2023-03-12T02:40:44.381790009) (2023-03-12T02:40:44.381800629) [Msg] EntityDetector publishing messages on [/mbzirc/target_object_detector/dropped]
(2023-03-12T02:40:44.381974799) (2023-03-12T02:40:44.381985339) [Dbg] [SystemManager.cc:58] Loaded system [mbzirc::EntityDetector] for entity [168]
(2023-03-12T02:40:44.382076509) (2023-03-12T02:40:44.382086919) [Msg] Loaded level [3]
(2023-03-12T02:40:44.382358779) (2023-03-12T02:40:44.382369349) [Msg] Serving world controls on [/world/simple_demo/control], [/world/simple_demo/control/state] and [/world/simple_demo/playback/control]
(2023-03-12T02:40:44.382482979) (2023-03-12T02:40:44.382493609) [Msg] Serving GUI information on [/world/simple_demo/gui/info]
(2023-03-12T02:40:44.382529739) (2023-03-12T02:40:44.382539699) [Msg] World [simple_demo] initialized with [4ms] physics profile.
(2023-03-12T02:40:44.382679849) (2023-03-12T02:40:44.382689759) [Msg] Serving world SDF generation service on [/world/simple_demo/generate_world_sdf]
(2023-03-12T02:40:44.382773769) (2023-03-12T02:40:44.382783729) [Msg] Serving world names on [/gazebo/worlds]
(2023-03-12T02:40:44.382849199) (2023-03-12T02:40:44.382858869) [Msg] Resource path add service on [/gazebo/resource_paths/add].
(2023-03-12T02:40:44.382925279) (2023-03-12T02:40:44.382934629) [Msg] Resource path get service on [/gazebo/resource_paths/get].
(2023-03-12T02:40:44.383000520) (2023-03-12T02:40:44.383010410) [Msg] Resource path resolve service on [/gazebo/resource_paths/resolve].
(2023-03-12T02:40:44.383087930) (2023-03-12T02:40:44.383102790) [Msg] Resource paths published on [/gazebo/resource_paths].
(2023-03-12T02:40:44.483465963) (2023-03-12T02:40:44.483493393) [Msg] Server control service on [/server_control].
(2023-03-12T02:40:44.483764293) (2023-03-12T02:40:44.483784703) [Msg] Found no publishers on /stats, adding root stats topic
(2023-03-12T02:40:44.483999394) (2023-03-12T02:40:44.484021394) [Msg] Found no publishers on /clock, adding root clock topic
(2023-03-12T02:40:44.484364784) (2023-03-12T02:40:44.484384594) [Dbg] [SimulationRunner.cc:491] Creating PostUpdate worker threads: 13
(2023-03-12T02:40:44.484438204) (2023-03-12T02:40:44.484465254) [Dbg] [SimulationRunner.cc:502] Creating postupdate worker thread (0)
(2023-03-12T02:40:44.484586964) (2023-03-12T02:40:44.484606024) [Dbg] [SimulationRunner.cc:502] Creating postupdate worker thread (1)
(2023-03-12T02:40:44.484697234) (2023-03-12T02:40:44.484715914) [Dbg] [SimulationRunner.cc:502] Creating postupdate worker thread (2)
(2023-03-12T02:40:44.484835574) (2023-03-12T02:40:44.484855064) [Dbg] [SimulationRunner.cc:502] Creating postupdate worker thread (3)
(2023-03-12T02:40:44.484948434) (2023-03-12T02:40:44.484968044) [Dbg] [SimulationRunner.cc:502] Creating postupdate worker thread (4)
(2023-03-12T02:40:44.485058854) (2023-03-12T02:40:44.485077994) [Dbg] [SimulationRunner.cc:502] Creating postupdate worker thread (5)
(2023-03-12T02:40:44.485162654) (2023-03-12T02:40:44.485181334) [Dbg] [SimulationRunner.cc:502] Creating postupdate worker thread (6)
(2023-03-12T02:40:44.485321545) (2023-03-12T02:40:44.485348315) [Dbg] [SimulationRunner.cc:502] Creating postupdate worker thread (7)
(2023-03-12T02:40:44.485483205) (2023-03-12T02:40:44.485510065) [Dbg] [SimulationRunner.cc:502] Creating postupdate worker thread (8)
(2023-03-12T02:40:44.485628465) (2023-03-12T02:40:44.485651785) [Dbg] [SimulationRunner.cc:502] Creating postupdate worker thread (9)
(2023-03-12T02:40:44.485769735) (2023-03-12T02:40:44.485793565) [Dbg] [SimulationRunner.cc:502] Creating postupdate worker thread (10)
(2023-03-12T02:40:44.485914935) (2023-03-12T02:40:44.485934575) [Dbg] [SimulationRunner.cc:502] Creating postupdate worker thread (11)
(2023-03-12T02:40:44.584617289) (2023-03-12T02:40:44.584643579) [Msg] Particle emitter[simple_demo::dust_storm::link::dust_storm] subscribed to command messages on topic[/model/dust_storm/link/link/particle_emitter/dust_storm/cmd]
(2023-03-12T02:40:44.584884509) (2023-03-12T02:40:44.584905209) [Msg] Particle emitter[simple_demo::fog::link::fog] subscribed to command messages on topic[/model/fog/link/link/particle_emitter/fog/cmd]
(2023-03-12T02:40:44.587070581) (2023-03-12T02:40:44.587094741) [Msg] DetachableJoint subscribing to messages on [/Vessel_A/detach]
(2023-03-12T02:40:44.587249581) (2023-03-12T02:40:44.587269171) [Msg] DetachableJoint subscribing to messages on [/Vessel_A/detach]
(2023-03-12T02:40:44.587437721) (2023-03-12T02:40:44.587458031) [Msg] DetachableJoint subscribing to messages on [/Vessel_A/detach]
(2023-03-12T02:40:44.587615251) (2023-03-12T02:40:44.587635251) [Msg] DetachableJoint subscribing to messages on [/Vessel_A/detach]
(2023-03-12T02:40:44.587897152) (2023-03-12T02:40:44.587938172) [Msg] Address [base_station/target] bound to model [base_station] on topic [base_station/target]
(2023-03-12T02:40:44.588031942) (2023-03-12T02:40:44.588050092) [Dbg] [CommsEndpoint.cc:89] Succesfuly bound to [base_station/target] on topic [base_station/target]
(2023-03-12T02:40:44.588198962) (2023-03-12T02:40:44.588228072) [Msg] Address [base_station/video] bound to model [base_station] on topic [base_station/video]
(2023-03-12T02:40:44.588320562) (2023-03-12T02:40:44.588340492) [Dbg] [CommsEndpoint.cc:89] Succesfuly bound to [base_station/video] on topic [base_station/video]
(2023-03-12T02:40:44.667899911) (2023-03-12T02:40:44.667915761) [Dbg] [Physics.cc:1593] Creating detachable joint [170]
(2023-03-12T02:40:44.668069461) (2023-03-12T02:40:44.668079201) [Dbg] [Physics.cc:1593] Creating detachable joint [171]
(2023-03-12T02:40:44.668196331) (2023-03-12T02:40:44.668206991) [Dbg] [Physics.cc:1593] Creating detachable joint [172]
(2023-03-12T02:40:44.668557901) (2023-03-12T02:40:44.668569711) [Dbg] [Physics.cc:1593] Creating detachable joint [173]
(2023-03-12T02:40:44.669753232) (2023-03-12T02:40:44.669763972) [Dbg] [SimulationFeatures.cc:63] Simulation timestep set to: 0.004
(2023-03-12T02:40:44.680273499) (2023-03-12T02:40:44.680294659) [Msg] Serving scene information on [/world/simple_demo/scene/info]
(2023-03-12T02:40:44.680433410) (2023-03-12T02:40:44.680447340) [Msg] Serving graph information on [/world/simple_demo/scene/graph]
(2023-03-12T02:40:44.680572120) (2023-03-12T02:40:44.680606660) [Msg] Serving full state on [/world/simple_demo/state]
(2023-03-12T02:40:44.680779340) (2023-03-12T02:40:44.680803860) [Msg] Serving full state (async) on [/world/simple_demo/state_async]
(2023-03-12T02:40:44.681006740) (2023-03-12T02:40:44.681034620) [Msg] Publishing scene information on [/world/simple_demo/scene/info]
(2023-03-12T02:40:44.681235220) (2023-03-12T02:40:44.681263080) [Msg] Publishing entity deletions on [/world/simple_demo/scene/deletion]
(2023-03-12T02:40:44.681406450) (2023-03-12T02:40:44.681430800) [Msg] Publishing state changes on [/world/simple_demo/state]
(2023-03-12T02:40:44.681599570) (2023-03-12T02:40:44.681622370) [Msg] Publishing pose messages on [/world/simple_demo/pose/info]
(2023-03-12T02:40:44.681785380) (2023-03-12T02:40:44.681811590) [Msg] Publishing dynamic pose messages on [/world/simple_demo/dynamic_pose/info]
(2023-03-12T02:40:44.682267081) (2023-03-12T02:40:44.682292951) [Dbg] [EntityComponentManager.cc:1587] Updated state thread iterators: 24 threads processing around 8 entities each.
((2023-03-12T02:40:44.682718901) (2023-03-12T02:40:44.6827992912023-03-12T02:40:44.6827567312023-03-12T02:40:44.6827992912023-03-12T02:40:44.682756731) ) (2023-03-12T02:40:44.682854971) Skipping serialization / deserialization for models Skipping serialization / deserialization for models with //pose/@relative_to attribute.


(2023-03-12T02:40:44.683174321) (2023-03-12T02:40:44.683199461) [Wrn] [Component.hh:144] Trying to serialize component with data type [N3sdf3v125WorldE], which doesn't have `operator<<`. Component will not be serialized.
(2023-03-12T02:40:44.708139451) (2023-03-12T02:40:44.708168511) [Dbg] [EntityComponentManager.cc:1587] Updated state thread iterators: 24 threads processing around 8 entities each.
(2023-03-12T02:41:05.807615744) (2023-03-12T02:41:05.807628724) [Msg] Linear velocity initialized to [0 0 0]
(2023-03-12T02:41:05.807679754) (2023-03-12T02:41:05.807699774) [Msg] Angular velocity initialized to [0 0 0]
(2023-03-12T02:41:05.807909234) (2023-03-12T02:41:05.807921704) [Msg] VelocityControl subscribing to twist messages on [/model/usv/cmd_vel]
(2023-03-12T02:41:05.807963964) (2023-03-12T02:41:05.807973194) [Dbg] [SystemManager.cc:58] Loaded system [ignition::gazebo::systems::VelocityControl] for entity [174]
(2023-03-12T02:41:05.809121445) (2023-03-12T02:41:05.809134005) [Dbg] [OdometryPublisher.cc:191] OdometryPublisher system plugin missing <dimensions>, defaults to "2"
(2023-03-12T02:41:05.809309315) (2023-03-12T02:41:05.809322345) [Msg] OdometryPublisher publishing odometry on [/model/usv/odometry]
(2023-03-12T02:41:05.809430425) (2023-03-12T02:41:05.809443155) [Msg] OdometryPublisher publishing odometry with covariance on [/model/usv/odometry_with_covariance]
(2023-03-12T02:41:05.809536355) (2023-03-12T02:41:05.809546965) [Msg] OdometryPublisher publishing Pose_V (TF) on [/model/usv/pose]
(2023-03-12T02:41:05.809579276) (2023-03-12T02:41:05.809588176) [Dbg] [SystemManager.cc:58] Loaded system [ignition::gazebo::systems::OdometryPublisher] for entity [174]
(2023-03-12T02:41:05.811008477) (2023-03-12T02:41:05.811020947) [Msg] Thruster listening to commands in [/model/usv/joint/left_engine_propeller_joint/cmd_thrust]
(2023-03-12T02:41:05.811093287) (2023-03-12T02:41:05.811103287) [Dbg] [Thruster.cc:288] Using velocity control for propeller joint.
(2023-03-12T02:41:05.811134317) (2023-03-12T02:41:05.811146637) [Dbg] [SystemManager.cc:58] Loaded system [ignition::gazebo::systems::Thruster] for entity [174]
(2023-03-12T02:41:05.812300557) (2023-03-12T02:41:05.812312887) [Dbg] [JointPositionController.cc:205] [JointPositionController] system parameters:
(2023-03-12T02:41:05.812339977) (2023-03-12T02:41:05.812349537) [Dbg] [JointPositionController.cc:206] p_gain: [1]
(2023-03-12T02:41:05.812384218) (2023-03-12T02:41:05.812393798) [Dbg] [JointPositionController.cc:207] i_gain: [0.1]
(2023-03-12T02:41:05.812429008) (2023-03-12T02:41:05.812440518) [Dbg] [JointPositionController.cc:208] d_gain: [0.01]
(2023-03-12T02:41:05.812476388) (2023-03-12T02:41:05.812489188) [Dbg] [JointPositionController.cc:209] i_max: [1]
(2023-03-12T02:41:05.812531378) (2023-03-12T02:41:05.812540918) [Dbg] [JointPositionController.cc:210] i_min: [-1]
(2023-03-12T02:41:05.812572968) (2023-03-12T02:41:05.812584428) [Dbg] [JointPositionController.cc:211] cmd_max: [1000]
(2023-03-12T02:41:05.812618718) (2023-03-12T02:41:05.812630258) [Dbg] [JointPositionController.cc:212] cmd_min: [-1000]
(2023-03-12T02:41:05.812667538) (2023-03-12T02:41:05.812677278) [Dbg] [JointPositionController.cc:213] cmd_offset: [0]
(2023-03-12T02:41:05.812709118) (2023-03-12T02:41:05.812718018) [Dbg] [JointPositionController.cc:214] Topic: [usv/left/thruster/joint/cmd_pos]
(2023-03-12T02:41:05.812748498) (2023-03-12T02:41:05.812757278) [Dbg] [JointPositionController.cc:215] initial_position: [0]
(2023-03-12T02:41:05.812790148) (2023-03-12T02:41:05.812798908) [Dbg] [SystemManager.cc:58] Loaded system [ignition::gazebo::systems::JointPositionController] for entity [174]
(2023-03-12T02:41:05.813131808) (2023-03-12T02:41:05.813144248) [Msg] Thruster listening to commands in [/model/usv/joint/right_engine_propeller_joint/cmd_thrust]
(2023-03-12T02:41:05.813199098) (2023-03-12T02:41:05.813209328) [Dbg] [Thruster.cc:288] Using velocity control for propeller joint.
(2023-03-12T02:41:05.813238828) (2023-03-12T02:41:05.813248738) [Dbg] [SystemManager.cc:58] Loaded system [ignition::gazebo::systems::Thruster] for entity [174]
(2023-03-12T02:41:05.813515118) (2023-03-12T02:41:05.813528818) [Dbg] [JointPositionController.cc:205] [JointPositionController] system parameters:
(2023-03-12T02:41:05.813552068) (2023-03-12T02:41:05.813560688) [Dbg] [JointPositionController.cc:206] p_gain: [1]
(2023-03-12T02:41:05.813592828) (2023-03-12T02:41:05.813601828) [Dbg] [JointPositionController.cc:207] i_gain: [0.1]
(2023-03-12T02:41:05.813631978) (2023-03-12T02:41:05.813641408) [Dbg] [JointPositionController.cc:208] d_gain: [0.01]
(2023-03-12T02:41:05.813671528) (2023-03-12T02:41:05.813681158) [Dbg] [JointPositionController.cc:209] i_max: [1]
(2023-03-12T02:41:05.813711418) (2023-03-12T02:41:05.813719608) [Dbg] [JointPositionController.cc:210] i_min: [-1]
(2023-03-12T02:41:05.813751758) (2023-03-12T02:41:05.813761828) [Dbg] [JointPositionController.cc:211] cmd_max: [1000]
(2023-03-12T02:41:05.813796289) (2023-03-12T02:41:05.813806129) [Dbg] [JointPositionController.cc:212] cmd_min: [-1000]
(2023-03-12T02:41:05.813838369) (2023-03-12T02:41:05.813848459) [Dbg] [JointPositionController.cc:213] cmd_offset: [0]
(2023-03-12T02:41:05.813880759) (2023-03-12T02:41:05.813889579) [Dbg] [JointPositionController.cc:214] Topic: [usv/right/thruster/joint/cmd_pos]
(2023-03-12T02:41:05.813917159) (2023-03-12T02:41:05.813927049) [Dbg] [JointPositionController.cc:215] initial_position: [0]
(2023-03-12T02:41:05.813963669) (2023-03-12T02:41:05.813972589) [Dbg] [SystemManager.cc:58] Loaded system [ignition::gazebo::systems::JointPositionController] for entity [174]
(2023-03-12T02:41:05.814219079) (2023-03-12T02:41:05.814230889) [Msg] Using Pierson-Moskowitz spectrum sampling wavefield model 
(2023-03-12T02:41:05.814373779) (2023-03-12T02:41:05.814384819) [Msg] Using Pierson-Moskowitz spectrum sampling wavefield model 
(2023-03-12T02:41:05.814451409) (2023-03-12T02:41:05.814463049) [Msg] Input Parameters:
(2023-03-12T02:41:05.814485189) (2023-03-12T02:41:05.814494409) [Msg] model:     PMS
(2023-03-12T02:41:05.814518499) (2023-03-12T02:41:05.814527439) [Msg] number:     3
(2023-03-12T02:41:05.814552959) (2023-03-12T02:41:05.814562609) [Msg] scale:      1.1
(2023-03-12T02:41:05.814589379) (2023-03-12T02:41:05.814597809) [Msg] angle:      0.4
(2023-03-12T02:41:05.814625449) (2023-03-12T02:41:05.814634399) [Msg] steepness:  0
(2023-03-12T02:41:05.814661199) (2023-03-12T02:41:05.814670079) [Msg] amplitude:  0
(2023-03-12T02:41:05.814696609) (2023-03-12T02:41:05.814706239) [Msg] period:     5
(2023-03-12T02:41:05.814733749) (2023-03-12T02:41:05.814744659) [Msg] direction:  1 0
(2023-03-12T02:41:05.814781689) (2023-03-12T02:41:05.814793329) [Msg] tau:  2
(2023-03-12T02:41:05.814824439) (2023-03-12T02:41:05.814839629) [Msg] gain:  0.3
(2023-03-12T02:41:05.814867269) (2023-03-12T02:41:05.814877289) [Msg] Derived Parameters:
(2023-03-12T02:41:05.814901389) (2023-03-12T02:41:05.814911349) [Msg] amplitudes:  0.0363502, 0.0392277, 0.0385703, 
(2023-03-12T02:41:05.814959359) (2023-03-12T02:41:05.814969609) [Msg] wavenumbers: 0.133171, 0.161136, 0.194975, 
(2023-03-12T02:41:05.815029049) (2023-03-12T02:41:05.815042189) [Msg] omegas:      1.1424, 1.25664, 1.3823, 
(2023-03-12T02:41:05.815092059) (2023-03-12T02:41:05.815102049) [Msg] periods:     (2023-03-12T02:41:05.815120269) (2023-03-12T02:41:05.815130239) [Msg] 5.5, (2023-03-12T02:41:05.815152199) (2023-03-12T02:41:05.815162140) [Msg] 5, (2023-03-12T02:41:05.815182860) (2023-03-12T02:41:05.815191990) [Msg] 4.54545, (2023-03-12T02:41:05.815213530) (2023-03-12T02:41:05.815222620) [Msg] 
(2023-03-12T02:41:05.815241180) (2023-03-12T02:41:05.815249790) [Msg] phases:      0, 0, 0, 
(2023-03-12T02:41:05.815296090) (2023-03-12T02:41:05.815305850) [Msg] steepnesses: 0, 0, 0, 
(2023-03-12T02:41:05.815353820) (2023-03-12T02:41:05.815363480) [Msg] directions:  (2023-03-12T02:41:05.815384340) (2023-03-12T02:41:05.815393720) [Msg] 0.921061 -0.389418; (2023-03-12T02:41:05.815426360) (2023-03-12T02:41:05.815436490) [Msg] 1 0; (2023-03-12T02:41:05.815468550) (2023-03-12T02:41:05.815478180) [Msg] 0.921061 0.389418; (2023-03-12T02:41:05.815510460) (2023-03-12T02:41:05.815520490) [Msg] 
(2023-03-12T02:41:05.815550740) (2023-03-12T02:41:05.815560230) [Dbg] [Surface.cc:161] Surface plugin successfully configured with the following parameters:
(2023-03-12T02:41:05.815588530) (2023-03-12T02:41:05.815599350) [Dbg] [Surface.cc:163]   <link_name>: base_link
(2023-03-12T02:41:05.815625030) (2023-03-12T02:41:05.815635450) [Dbg] [Surface.cc:164]   <vehicle_length>: 6
(2023-03-12T02:41:05.815664230) (2023-03-12T02:41:05.815674180) [Dbg] [Surface.cc:165]   <vehicle_width>: 3.3
(2023-03-12T02:41:05.815721140) (2023-03-12T02:41:05.815732090) [Dbg] [Surface.cc:166]   <hull_radius>: 0.27
(2023-03-12T02:41:05.815757870) (2023-03-12T02:41:05.815767620) [Dbg] [Surface.cc:167]   <num_samples>: 2
(2023-03-12T02:41:05.815797560) (2023-03-12T02:41:05.815808050) [Dbg] [Surface.cc:168]   <fluid_level>: 0.45
(2023-03-12T02:41:05.815836870) (2023-03-12T02:41:05.815846540) [Dbg] [Surface.cc:169]   <fluid_density>: 997.774
(2023-03-12T02:41:05.815879410) (2023-03-12T02:41:05.815889020) [Dbg] [SystemManager.cc:58] Loaded system [ignition::gazebo::systems::Surface] for entity [174]
(2023-03-12T02:41:05.816205900) (2023-03-12T02:41:05.816218260) [Dbg] [SimpleHydrodynamics.cc:167] SimpleHydrodynamics plugin successfully configured with the following parameters:
(2023-03-12T02:41:05.816249060) (2023-03-12T02:41:05.816259040) [Dbg] [SimpleHydrodynamics.cc:169]   <link_name>: base_link
(2023-03-12T02:41:05.816286710) (2023-03-12T02:41:05.816296560) [Dbg] [SimpleHydrodynamics.cc:170]   <xDotU>: 0
(2023-03-12T02:41:05.816325090) (2023-03-12T02:41:05.816336660) [Dbg] [SimpleHydrodynamics.cc:171]   <yDotV>: 0
(2023-03-12T02:41:05.816366210) (2023-03-12T02:41:05.816376220) [Dbg] [SimpleHydrodynamics.cc:172]   <zDotW>: 0.1
(2023-03-12T02:41:05.816405610) (2023-03-12T02:41:05.816416220) [Dbg] [SimpleHydrodynamics.cc:173]   <kDotP>: 0.1
(2023-03-12T02:41:05.816444370) (2023-03-12T02:41:05.816454350) [Dbg] [SimpleHydrodynamics.cc:174]   <mDotQ>: 0.1
(2023-03-12T02:41:05.816484380) (2023-03-12T02:41:05.816493400) [Dbg] [SimpleHydrodynamics.cc:175]   <nDotR>: 0
(2023-03-12T02:41:05.816522500) (2023-03-12T02:41:05.816532330) [Dbg] [SimpleHydrodynamics.cc:176]   <xU>: 51.3
(2023-03-12T02:41:05.816561001) (2023-03-12T02:41:05.816570861) [Dbg] [SimpleHydrodynamics.cc:177]   <xUU>: 72.4
(2023-03-12T02:41:05.816601721) (2023-03-12T02:41:05.816610731) [Dbg] [SimpleHydrodynamics.cc:178]   <yV>: 40
(2023-03-12T02:41:05.816637831) (2023-03-12T02:41:05.816648271) [Dbg] [SimpleHydrodynamics.cc:179]   <yVV>: 0
(2023-03-12T02:41:05.816676891) (2023-03-12T02:41:05.816686511) [Dbg] [SimpleHydrodynamics.cc:180]   <zW>: 500
(2023-03-12T02:41:05.816715741) (2023-03-12T02:41:05.816731571) [Dbg] [SimpleHydrodynamics.cc:181]   <zWW>: 0
(2023-03-12T02:41:05.816762271) (2023-03-12T02:41:05.816772381) [Dbg] [SimpleHydrodynamics.cc:182]   <kP>: 100
(2023-03-12T02:41:05.816803441) (2023-03-12T02:41:05.816813581) [Dbg] [SimpleHydrodynamics.cc:183]   <kPP>: 0
(2023-03-12T02:41:05.816842451) (2023-03-12T02:41:05.816853311) [Dbg] [SimpleHydrodynamics.cc:184]   <mQ>: 100
(2023-03-12T02:41:05.816882641) (2023-03-12T02:41:05.816892531) [Dbg] [SimpleHydrodynamics.cc:185]   <mQQ>: 0
(2023-03-12T02:41:05.816922891) (2023-03-12T02:41:05.816932161) [Dbg] [SimpleHydrodynamics.cc:186]   <nR>: 400
(2023-03-12T02:41:05.816960291) (2023-03-12T02:41:05.816972051) [Dbg] [SimpleHydrodynamics.cc:187]   <nRR>: 0
(2023-03-12T02:41:05.817004061) (2023-03-12T02:41:05.817014531) [Dbg] [SystemManager.cc:58] Loaded system [ignition::gazebo::systems::SimpleHydrodynamics] for entity [174]
(2023-03-12T02:41:05.818295602) (2023-03-12T02:41:05.818308882) [Dbg] [SystemManager.cc:58] Loaded system [ignition::gazebo::systems::PosePublisher] for entity [174]
(2023-03-12T02:41:05.818559032) (2023-03-12T02:41:05.818571062) [Msg] EntityDetector publishing messages on [/mbzirc/target_object_detector/placed]
(2023-03-12T02:41:05.818715962) (2023-03-12T02:41:05.818728652) [Dbg] [SystemManager.cc:58] Loaded system [mbzirc::EntityDetector] for entity [174]
(2023-03-12T02:41:05.818946222) (2023-03-12T02:41:05.818959052) [Msg] EntityDetector publishing messages on [/mbzirc/target_object_detector/placed]
(2023-03-12T02:41:05.819098462) (2023-03-12T02:41:05.819109932) [Dbg] [SystemManager.cc:58] Loaded system [mbzirc::EntityDetector] for entity [174]
(2023-03-12T02:41:05.819327202) (2023-03-12T02:41:05.819339272) [Msg] EntityDetector publishing messages on [/mbzirc/target_object_detector/placed]
(2023-03-12T02:41:05.819476573) (2023-03-12T02:41:05.819487973) [Dbg] [SystemManager.cc:58] Loaded system [mbzirc::EntityDetector] for entity [174]
(2023-03-12T02:41:05.819719183) (2023-03-12T02:41:05.819729223) [Msg] EntityDetector publishing messages on [/mbzirc/target_object_detector/placed]
(2023-03-12T02:41:05.819867353) (2023-03-12T02:41:05.819879363) [Dbg] [SystemManager.cc:58] Loaded system [mbzirc::EntityDetector] for entity [174]
(2023-03-12T02:41:05.820082453) (2023-03-12T02:41:05.820094703) [Dbg] [SystemManager.cc:58] Loaded system [ignition::gazebo::systems::CommsEndpoint] for entity [174]
(2023-03-12T02:41:05.820541164) (2023-03-12T02:41:05.820553104) [Dbg] [UserCommands.cc:1303] Created entity [174] named [usv]
(2023-03-12T02:41:05.829752532) (2023-03-12T02:41:05.829797142) [Dbg] [Sensors.cc:584] Initialization needed
(2023-03-12T02:41:05.829897772) (2023-03-12T02:41:05.829921212) [Dbg] [Sensors.cc:240] Initializing render context
(2023-03-12T02:41:05.830075572) (2023-03-12T02:41:05.830092282) [Msg] Loading plugin [ignition-rendering-ogre2]
(2023-03-12T02:41:05.830415342) (2023-03-12T02:41:05.830429032) [Dbg] [GameLogicPlugin.cc:1991] New Competitor Platform: usv with 0sensors
(2023-03-12T02:41:05.830497022) (2023-03-12T02:41:05.830521172) [Dbg] [ImuSensor.cc:148] IMU data for [usv::base_link::imu_sensor] advertised on [world/simple_demo/model/usv/link/base_link/sensor/imu_sensor/imu]
(2023-03-12T02:41:05.832911584) (2023-03-12T02:41:05.8329256642023-03-12T02:41:05.832925664(2023-03-12T02:41:05.832925664((2023-03-12T02:41:05.832949694) ) ((2023-03-12T02:41:05.832996564(2023-03-12T02:41:05.8329921042023-03-12T02:41:05.832996564(2023-03-12T02:41:05.8329921042023-03-12T02:41:05.832996564(2023-03-12T02:41:05.832992104(2023-03-12T02:41:05.832912114) ) 2023-03-12T02:41:05.833091424) (2023-03-12T02:41:05.833121594) ([Dbg] [SimulationRunner.cc:518] (2023-03-12T02:41:05.833161434) 2023-03-12T02:41:05.833096334) (2023-03-12T02:41:05.833199984) (2023-03-12T02:41:05.833248744) 2023-03-12T02:41:05.833028304) (2023-03-12T02:41:05.833292974) 2023-03-12T02:41:05.833239444) (2023-03-12T02:41:05.833363464) ) 2023-03-12T02:41:05.833264574) (2023-03-12T02:41:05.833425924) ) (2023-03-12T02:41:05.8330512142023-03-12T02:41:05.833463144) ) (Exiting postupdate worker thread (88) )
) (2023-03-12T02:41:05.833612245) [Dbg] [SimulationRunner.cc:518] ) ([Dbg] [SimulationRunner.cc:518] [Dbg] [SimulationRunner.cc:518] Exiting postupdate worker thread (0)2023-03-12T02:41:05.833680285) 
[Dbg] [SimulationRunner.cc:518] Exiting postupdate worker thread (3)
[Dbg] [SimulationRunner.cc:518] [Dbg] [SimulationRunner.cc:518] [Dbg] [SimulationRunner.cc:518] Exiting postupdate worker thread (10)
Exiting postupdate worker thread (9)
[Dbg] [SimulationRunner.cc:518] [Dbg] [SimulationRunner.cc:518] Exiting postupdate worker thread (5)
[Dbg] [SimulationRunner.cc:518] Exiting postupdate worker thread (2)
Exiting postupdate worker thread (11)
Exiting postupdate worker thread (Exiting postupdate worker thread (Exiting postupdate worker thread (Exiting postupdate worker thread (6)
))
)
)
(2023-03-12T02:41:05.834466215) (2023-03-12T02:41:05.834479275) [Dbg] [SimulationRunner.cc:491] Creating PostUpdate worker threads: 22
(2023-03-12T02:41:05.834510125) (2023-03-12T02:41:05.834520215) [Dbg] [SimulationRunner.cc:502] Creating postupdate worker thread (0)
(2023-03-12T02:41:05.834571665) (2023-03-12T02:41:05.834581155) [Dbg] [SimulationRunner.cc:502] Creating postupdate worker thread (1)
(2023-03-12T02:41:05.834632455) (2023-03-12T02:41:05.834641615) [Dbg] [SimulationRunner.cc:502] Creating postupdate worker thread (2)
(2023-03-12T02:41:05.834681145) (2023-03-12T02:41:05.834690765) [Dbg] [SimulationRunner.cc:502] Creating postupdate worker thread (3)
(2023-03-12T02:41:05.834730995) (2023-03-12T02:41:05.834740295) [Dbg] [SimulationRunner.cc:502] Creating postupdate worker thread (4)
(2023-03-12T02:41:05.834798575) (2023-03-12T02:41:05.834809835) [Dbg] [SimulationRunner.cc:502] Creating postupdate worker thread (5)
(2023-03-12T02:41:05.834860785) (2023-03-12T02:41:05.834869935) [Dbg] [SimulationRunner.cc:502] Creating postupdate worker thread (6)
(2023-03-12T02:41:05.834919515) (2023-03-12T02:41:05.834928385) [Dbg] [SimulationRunner.cc:502] Creating postupdate worker thread (7)
(2023-03-12T02:41:05.834976385) (2023-03-12T02:41:05.834985205) [Dbg] [SimulationRunner.cc:502] Creating postupdate worker thread (8)
(2023-03-12T02:41:05.835031516) (2023-03-12T02:41:05.835041026) [Dbg] [SimulationRunner.cc:502] Creating postupdate worker thread (9)
(2023-03-12T02:41:05.835090436) (2023-03-12T02:41:05.835099856) [Dbg] [SimulationRunner.cc:502] Creating postupdate worker thread (10)
(2023-03-12T02:41:05.835145476) (2023-03-12T02:41:05.835155686) [Dbg] [SimulationRunner.cc:502] Creating postupdate worker thread (11)
(2023-03-12T02:41:05.835203726) (2023-03-12T02:41:05.835212956) [Dbg] [SimulationRunner.cc:502] Creating postupdate worker thread (12)
(2023-03-12T02:41:05.835260806) (2023-03-12T02:41:05.835270656) [Dbg] [SimulationRunner.cc:502] Creating postupdate worker thread (13)
(2023-03-12T02:41:05.835317336) (2023-03-12T02:41:05.835326976) [Dbg] [SimulationRunner.cc:502] Creating postupdate worker thread (14)
(2023-03-12T02:41:05.835371916) (2023-03-12T02:41:05.835381356) [Dbg] [SimulationRunner.cc:502] Creating postupdate worker thread (15)
(2023-03-12T02:41:05.835426966) (2023-03-12T02:41:05.835435636) [Dbg] [SimulationRunner.cc:502] Creating postupdate worker thread (16)
(2023-03-12T02:41:05.835481406) (2023-03-12T02:41:05.835491246) [Dbg] [SimulationRunner.cc:502] Creating postupdate worker thread (17)
(2023-03-12T02:41:05.835537866) (2023-03-12T02:41:05.835549056) [Dbg] [SimulationRunner.cc:502] Creating postupdate worker thread (18)
(2023-03-12T02:41:05.835596896) (2023-03-12T02:41:05.835606806) [Dbg] [SimulationRunner.cc:502] Creating postupdate worker thread (19)
(2023-03-12T02:41:05.835668016) (2023-03-12T02:41:05.835678856) [Dbg] [SimulationRunner.cc:502] Creating postupdate worker thread (20)
(2023-03-12T02:41:05.836145336) (2023-03-12T02:41:05.836159296) [Msg] Address [usv] bound to model [usv] on topic [model/usv/rx]
(2023-03-12T02:41:05.836206066) (2023-03-12T02:41:05.836215026) [Dbg] [CommsEndpoint.cc:89] Succesfuly bound to [usv] on topic [model/usv/rx]
(2023-03-12T02:41:06.289807451) (2023-03-12T02:41:06.289823701) [Dbg] [RenderUtil.cc:2529] Create scene [scene]
(2023-03-12T02:41:06.349072329) (2023-03-12T02:41:06.349094659) [Dbg] [Sensors.cc:254] Rendering Thread initialized
(2023-03-12T02:41:06.354729785) (2023-03-12T02:41:06.354753965) [Wrn] [Ogre2Heightmap.cc:125] Heightmap final sampling should be 2^n
 which differs from ogre1's 2^n+1
The last row and column will be cropped
size = (width * sampling) - sampling + 1
[257] = ([257] * [1]) - [1] + 1
(2023-03-12T02:41:06.379930845) (2023-03-12T02:41:06.379954505) [Msg] Loading heightmap: scene::Heightmap(65478)
(2023-03-12T02:41:06.380009475) (2023-03-12T02:41:06.380024575) [Msg] Heightmap loaded. Process took 0 ms.
(2023-03-12T02:41:10.134062558) (2023-03-12T02:41:10.134089948) [Dbg] [Ogre2ParticleEmitter.cc:514] Particle emitter initialized
(2023-03-12T02:41:10.134369088) (2023-03-12T02:41:10.134392379) [Dbg] [Ogre2ParticleEmitter.cc:514] Particle emitter initialized
(2023-03-12T02:41:10.134706849) (2023-03-12T02:41:10.134730429) [Dbg] [Ogre2ParticleEmitter.cc:514] Particle emitter initialized
(2023-03-12T02:41:10.702281595) (2023-03-12T02:41:10.702296575) [Dbg] [Ogre2ParticleEmitter.cc:514] Particle emitter initialized
(2023-03-12T02:41:10.702471516) (2023-03-12T02:41:10.702480456) [Dbg] [Ogre2ParticleEmitter.cc:514] Particle emitter initialized
(2023-03-12T02:41:10.702599466) (2023-03-12T02:41:10.702608846) [Dbg] [Ogre2ParticleEmitter.cc:514] Particle emitter initialized
(2023-03-12T02:41:10.719403330) (2023-03-12T02:41:10.719424160) [Dbg] [Lidar.cc:122] Laser scans for [usv::sensor_6::sensor_link::lidar] advertised on [world/simple_demo/model/usv/model/sensor_6/link/sensor_link/sensor/lidar/scan]
(2023-03-12T02:41:10.719665580) (2023-03-12T02:41:10.719681240) [Dbg] [GpuLidarSensor.cc:164] Lidar points for [usv::sensor_6::sensor_link::lidar] advertised on [world/simple_demo/model/usv/model/sensor_6/link/sensor_link/sensor/lidar/scan/points]
(2023-03-12T02:41:10.719971200) (2023-03-12T02:41:10.719983220) [Msg] Loading plugin [ignition-rendering-ogre2]
(2023-03-12T02:41:10.861231718) (2023-03-12T02:41:10.861256028) [Dbg] [EntityComponentManager.cc:1587] Updated state thread iterators: 24 threads processing around 10 entities each.
(2023-03-12T02:41:24.989658340) (2023-03-12T02:41:24.989678370) [Msg] Scoring has Started
(2023-03-12T02:41:24.989946391) (2023-03-12T02:41:24.989963691) [Err] [GameLogicPlugin.cc:2121] Invalid configuration detected: 
[usv] Initial Position (10 40 0.299843) is not in the starting area -15 -15 -5 15 15 5
(2023-03-12T02:43:51.180699237) (2023-03-12T02:43:51.180715347) [Dbg] [SignalHandler.cc:141] Received signal[2].
(2023-03-12T02:43:51.180745817) (2023-03-12T02:43:51.180753547) [Dbg] [ServerPrivate.cc:110] Server received signal[2]
(2023-03-12T02:43:51.180783167) (2023-03-12T02:43:51.180792897) [Dbg] [Sensors.cc:406] SensorsPrivate::Stop
(2023-03-12T02:43:51.183354500) (2023-03-12T02:43:51.183388490) [Dbg] [Sensors.cc:392] SensorsPrivate::RenderThread stopped
(2023-03-12T02:43:51.191706572) (2023-03-12T02:43:51.191731662) [Dbg] [ign.cc:410] Shutting down ign-gazebo-server
(((((((((((((((((((((((((((2023-03-12T02:43:51.194952066) ((2023-03-12T02:43:51.194974516) ([Dbg] [SimulationRunner.cc:518] (2023-03-12T02:43:51.1950459262023-03-12T02:43:51.1950459262023-03-12T02:43:51.195051566) ) (2023-03-12T02:43:51.194929766(2023-03-12T02:43:51.194929766(2023-03-12T02:43:51.194929766(2023-03-12T02:43:51.194929766(2023-03-12T02:43:51.1950246662023-03-12T02:43:51.195128866) (2023-03-12T02:43:51.195158076) ) (2023-03-12T02:43:51.195196726) ) ) (() ((2023-03-12T02:43:51.1953150062023-03-12T02:43:51.195315006(2023-03-12T02:43:51.195339166) () 2023-03-12T02:43:51.195247186) 2023-03-12T02:43:51.195263466(2023-03-12T02:43:51.195263466() (2023-03-12T02:43:51.195450896) ) (2023-03-12T02:43:51.196328037) 2023-03-12T02:43:51.195381366) () 2023-03-12T02:43:51.195304926) 2023-03-12T02:43:51.195436476) (2023-03-12T02:43:51.196482998) 2023-03-12T02:43:51.195366786) (2023-03-12T02:43:51.196539348) 2023-03-12T02:43:51.195104546) () 2023-03-12T02:43:51.196609768) 2023-03-12T02:43:51.196539588) [Dbg] [SimulationRunner.cc:518] 2023-03-12T02:43:51.196512038) (2023-03-12T02:43:51.196720258) ) ) (2023-03-12T02:43:51.196776598) 2023-03-12T02:43:51.196633398) (2023-03-12T02:43:51.196834268) 2023-03-12T02:43:51.196855088) (Exiting postupdate worker thread (13((2023-03-12T02:43:51.1969026582023-03-12T02:43:51.1969604682023-03-12T02:43:51.1969026582023-03-12T02:43:51.196960468) ) 2023-03-12T02:43:51.1969420782023-03-12T02:43:51.197014619) (2023-03-12T02:43:51.197047309) ) ) (2023-03-12T02:43:51.197107089) )
[Dbg] [SimulationRunner.cc:518] [Dbg] [SimulationRunner.cc:518] Exiting postupdate worker thread (Exiting postupdate worker thread (10)
[Dbg] [SimulationRunner.cc:518] [Dbg] [SimulationRunner.cc:518] [Dbg] [SimulationRunner.cc:518] [Dbg] [SimulationRunner.cc:518] Exiting postupdate worker thread (3)
[Dbg] [SimulationRunner.cc:518] Exiting postupdate worker thread (4)
[Dbg] [SimulationRunner.cc:518] Exiting postupdate worker thread (14)
[Dbg] [SimulationRunner.cc:518] Exiting postupdate worker thread (18)
Exiting postupdate worker thread (8)
[Dbg] [SimulationRunner.cc:518] [Dbg] [SimulationRunner.cc:518] [Dbg] [SimulationRunner.cc:518] Exiting postupdate worker thread (20)
[Dbg] [SimulationRunner.cc:518] [Dbg] [SimulationRunner.cc:518] Exiting postupdate worker thread (6)
Exiting postupdate worker thread (Exiting postupdate worker thread (Exiting postupdate worker thread (9))[Dbg] [SimulationRunner.cc:518] Exiting postupdate worker thread (11)
[Dbg] [SimulationRunner.cc:518] Exiting postupdate worker thread ([Dbg] [SimulationRunner.cc:518] Exiting postupdate worker thread ([Dbg] [SimulationRunner.cc:518] Exiting postupdate worker thread (16)
7)
Exiting postupdate worker thread (1)
[Dbg] [SimulationRunner.cc:518] Exiting postupdate worker thread (5)
Exiting postupdate worker thread (17)
)
[Dbg] [SimulationRunner.cc:518] 
Exiting postupdate worker thread (19)
Exiting postupdate worker thread (15)

2)
Exiting postupdate worker thread (0)
(2023-03-12T02:43:51.236527752) (2023-03-12T02:43:51.236542842) [Dbg] [Sensors.cc:406] SensorsPrivate::Stop
(2023-03-12T02:43:51.258720322) (2023-03-12T02:43:51.258736762) [Msg] Stopping recording
(2023-03-12T02:43:51.259337553) (2023-03-12T02:43:51.259349243) [Msg] Scoring has finished. Elapsed real time: 146 seconds. Elapsed sim time: 138 seconds. 
