(2023-04-19T19:10:09.159374211) (2023-04-19T19:10:09.159397381) [Msg] Ignition Gazebo Server v6.11.0
(2023-04-19T19:10:09.162994139) (2023-04-19T19:10:09.163015089) [Msg] Loading SDF world file[/home/developer/mbzirc_ws/install/share/mbzirc_ign/worlds/simple_demo.sdf].
(2023-04-19T19:10:09.466994952) (2023-04-19T19:10:09.467008532) [Msg] Serving entity system service on [/entity/system/add]
(2023-04-19T19:10:09.501755636) (2023-04-19T19:10:09.501770046) [Dbg] [Physics.cc:803] Loaded [ignition::physics::dartsim::Plugin] from library [/usr/lib/x86_64-linux-gnu/ign-physics-5/engine-plugins/libignition-physics-dartsim-plugin.so]
(2023-04-19T19:10:09.501825956) (2023-04-19T19:10:09.501834506) [Dbg] [SystemManager.cc:58] Loaded system [ignition::gazebo::systems::Physics] for entity [1]
(2023-04-19T19:10:09.503385085) (2023-04-19T19:10:09.503397615) [Msg] Create service on [/world/simple_demo/create]
(2023-04-19T19:10:09.503499315) (2023-04-19T19:10:09.503510445) [Msg] Remove service on [/world/simple_demo/remove]
(2023-04-19T19:10:09.503601664) (2023-04-19T19:10:09.503612774) [Msg] Pose service on [/world/simple_demo/set_pose]
(2023-04-19T19:10:09.503694804) (2023-04-19T19:10:09.503704584) [Msg] Pose service on [/world/simple_demo/set_pose_vector]
(2023-04-19T19:10:09.503820484) (2023-04-19T19:10:09.503831714) [Msg] Light configuration service on [/world/simple_demo/light_config]
(2023-04-19T19:10:09.503984904) (2023-04-19T19:10:09.503994644) [Msg] Physics service on [/world/simple_demo/set_physics]
(2023-04-19T19:10:09.504088904) (2023-04-19T19:10:09.504098304) [Msg] SphericalCoordinates service on [/world/simple_demo/set_spherical_coordinates]
(2023-04-19T19:10:09.504166254) (2023-04-19T19:10:09.504176204) [Msg] Enable collision service on [/world/simple_demo/enable_collision]
(2023-04-19T19:10:09.504237074) (2023-04-19T19:10:09.504246864) [Msg] Disable collision service on [/world/simple_demo/disable_collision]
(2023-04-19T19:10:09.504366584) (2023-04-19T19:10:09.504376784) [Msg] Material service on [/world/simple_demo/visual_config]
(2023-04-19T19:10:09.504458584) (2023-04-19T19:10:09.504468154) [Msg] Material service on [/world/simple_demo/wheel_slip]
(2023-04-19T19:10:09.504503614) (2023-04-19T19:10:09.504513034) [Dbg] [SystemManager.cc:58] Loaded system [ignition::gazebo::systems::UserCommands] for entity [1]
(2023-04-19T19:10:09.524163268) (2023-04-19T19:10:09.524173228) [Dbg] [Sensors.cc:479] Configuring Sensors system
(2023-04-19T19:10:09.524231988) (2023-04-19T19:10:09.524240798) [Dbg] [Sensors.cc:398] SensorsPrivate::Run
(2023-04-19T19:10:09.524311418) (2023-04-19T19:10:09.524321518) [Dbg] [SystemManager.cc:58] (Loaded system [(Loaded system [ignition::gazebo::systems::Sensors2023-04-19T19:10:09.524352678) (2023-04-19T19:10:09.524376878) 11[Dbg] [Sensors.cc:378] ]
SensorsPrivate::RenderThread started
(2023-04-19T19:10:09.524442998) (2023-04-19T19:10:09.524460878) [Dbg] [Sensors.cc:228] Waiting for init
(2023-04-19T19:10:09.525850067) (2023-04-19T19:10:09.525861787) [Dbg] [SystemManager.cc:58] Loaded system [ignition::gazebo::systems::AirPressure] for entity [1]
(2023-04-19T19:10:09.527314536) (2023-04-19T19:10:09.527325996) [Dbg] [SystemManager.cc:58] Loaded system [ignition::gazebo::systems::Altimeter] for entity [1]
(2023-04-19T19:10:09.528793635) (2023-04-19T19:10:09.528803905) [Dbg] [SystemManager.cc:58] Loaded system [ignition::gazebo::systems::Imu] for entity [1]
(2023-04-19T19:10:09.530223814) (2023-04-19T19:10:09.530233774) [Dbg] [SystemManager.cc:58] Loaded system [ignition::gazebo::systems::Magnetometer] for entity [1]
(2023-04-19T19:10:09.531703463) (2023-04-19T19:10:09.531714193) [Dbg] [SystemManager.cc:58] Loaded system [ignition::gazebo::systems::ForceTorque] for entity [1]
(2023-04-19T19:10:09.532826372) (2023-04-19T19:10:09.532838952) [Msg] Serving particle emitter information on [/world/simple_demo/particle_emitters]
(2023-04-19T19:10:09.532889842) (2023-04-19T19:10:09.532899062) [Dbg] [SystemManager.cc:58] Loaded system [ignition::gazebo::systems::ParticleEmitter2] for entity [1]
(2023-04-19T19:10:09.534125581) (2023-04-19T19:10:09.534146231) [Dbg] [SystemManager.cc:58] Loaded system [ignition::gazebo::systems::SceneBroadcaster] for entity [1]
(2023-04-19T19:10:09.535075030) (2023-04-19T19:10:09.535086130) [Dbg] [SystemManager.cc:58] Loaded system [ignition::gazebo::systems::Contact] for entity [1]
(2023-04-19T19:10:09.536109848) (2023-04-19T19:10:09.536121648) [Dbg] [RFComms.cc:385] Range configuration:
RF Configuration (range-based)
-- max_range: 500000
-- fading_exponent: 2.6
-- l0: 40
-- sigma: 10

(2023-04-19T19:10:09.536209838) (2023-04-19T19:10:09.536218318) [Dbg] [RFComms.cc:388] Radio configuration:
Radio Configuration
-- capacity: 1e+06
-- tx_power: 25
-- noise_floor: -90
-- modulation: QPSK

(2023-04-19T19:10:09.536434298) (2023-04-19T19:10:09.536444918) [Dbg] [Broker.cc:113] Broker services:
(2023-04-19T19:10:09.536469248) (2023-04-19T19:10:09.536477208) [Dbg] [Broker.cc:114]   Bind: [/broker/bind]
(2023-04-19T19:10:09.536506178) (2023-04-19T19:10:09.536514578) [Dbg] [Broker.cc:115]   Unbind: [/broker/unbind]
(2023-04-19T19:10:09.536540408) (2023-04-19T19:10:09.536549628) [Dbg] [Broker.cc:116] Broker topics:
(2023-04-19T19:10:09.536569688) (2023-04-19T19:10:09.536577438) [Dbg] [Broker.cc:117]   Incoming messages: [/broker/msgs]
(2023-04-19T19:10:09.536611488) (2023-04-19T19:10:09.536621528) [Dbg] [SystemManager.cc:58] Loaded system [ignition::gazebo::systems::RFComms] for entity [1]
(2023-04-19T19:10:09.538723736) (2023-04-19T19:10:09.538734256) [Dbg] [RFRange.cc:339] RFRange sensor range configuration:
RF Configuration (range-based)
-- max_range: 500000
-- fading_exponent: 2.6
-- l0: 40
-- sigma: 0.005
-- rssi_1: -15

(2023-04-19T19:10:09.538835956) (2023-04-19T19:10:09.538844056) [Dbg] [RFRange.cc:342] RFRange sensor radio configuration:
Radio Configuration
-- tx_power: 25
-- noise_floor: -90

(2023-04-19T19:10:09.538910156) (2023-04-19T19:10:09.538918426) [Dbg] [SystemManager.cc:58] Loaded system [ignition::gazebo::systems::RFRange] for entity [1]
(2023-04-19T19:10:09.542283304) (2023-04-19T19:10:09.542293634) [Msg] Overwriting existing file [/tmp/ign/mbzirc/playback/state.tlog]
(2023-04-19T19:10:09.580545324) (2023-04-19T19:10:09.580559834) [Msg] Recording to log file [/tmp/ign/mbzirc/playback/state.tlog]
(2023-04-19T19:10:09.580604884) (2023-04-19T19:10:09.580613404) [Dbg] [LogRecord.cc:334] Recording default topic[/playback/sdf].
(2023-04-19T19:10:09.580638394) (2023-04-19T19:10:09.580647364) [Dbg] [LogRecord.cc:335] Recording default topic[/world/simple_demo/changed_state].
(2023-04-19T19:10:09.616958297) (2023-04-19T19:10:09.616976107) [Dbg] [SystemManager.cc:58] Loaded system [ignition::gazebo::systems::LogRecord] for entity [1]
(2023-04-19T19:10:09.619100525) (2023-04-19T19:10:09.619117355) [Dbg] [SystemManager.cc:58] Loaded system [ignition::gazebo::systems::WindEffects] for entity [1]
(2023-04-19T19:10:09.623003221) (2023-04-19T19:10:09.623020821) [Msg] MBZIRC log path: /tmp/ign/mbzirc/logs
(2023-04-19T19:10:09.623421471) (2023-04-19T19:10:09.623435501) [Msg] Run duration set to 3600 seconds.
(2023-04-19T19:10:09.623515061) (2023-04-19T19:10:09.623527891) [Msg] Geofence boundary min: -70 -70 -25, max: 70 70 121.92
(2023-04-19T19:10:09.623646421) (2023-04-19T19:10:09.623660391) [Msg] Start area boundary min: -15 -15 -5, max: 15 15 5
(2023-04-19T19:10:09.623764661) (2023-04-19T19:10:09.623778951) [Msg] Setup duration set to 600 seconds.
(2023-04-19T19:10:09.623823911) (2023-04-19T19:10:09.623837041) [Msg] Target vessel: Vessel A
(2023-04-19T19:10:09.623912711) (2023-04-19T19:10:09.623927081) [Msg]   Small object: small_blue_box_a
(2023-04-19T19:10:09.623965921) (2023-04-19T19:10:09.623979481) [Msg]   Small object: small_blue_box_a_duplicate
(2023-04-19T19:10:09.624019091) (2023-04-19T19:10:09.624031791) [Msg]   Large object: large_dry_box_a
(2023-04-19T19:10:09.624069671) (2023-04-19T19:10:09.624081461) [Msg]   Large object: large_dry_box_a_duplicate
(2023-04-19T19:10:09.625698680) (2023-04-19T19:10:09.625708850) [Msg] Starting MBZIRC
(2023-04-19T19:10:09.625804679) (2023-04-19T19:10:09.625813649) [Dbg] [SystemManager.cc:58] Loaded system [mbzirc::GameLogicPlugin] for entity [1]
(2023-04-19T19:10:09.630703895) (2023-04-19T19:10:09.630714415) [Msg] Using Pierson-Moskowitz spectrum sampling wavefield model 
(2023-04-19T19:10:09.630979025) (2023-04-19T19:10:09.630988175) [Msg] Using Pierson-Moskowitz spectrum sampling wavefield model 
(2023-04-19T19:10:10.59233033) (2023-04-19T19:10:10.59258193) [Msg] Input Parameters:
(2023-04-19T19:10:10.59310883) (2023-04-19T19:10:10.59328763) [Msg] model:     PMS
(2023-04-19T19:10:10.59382943) (2023-04-19T19:10:10.59401153) [Msg] number:     3
(2023-04-19T19:10:10.59451263) (2023-04-19T19:10:10.59468603) [Msg] scale:      1.1
(2023-04-19T19:10:10.59523033) (2023-04-19T19:10:10.59539983) [Msg] angle:      0.4
(2023-04-19T19:10:10.59588203) (2023-04-19T19:10:10.59606863) [Msg] steepness:  0
(2023-04-19T19:10:10.59655783) (2023-04-19T19:10:10.59673333) [Msg] amplitude:  0
(2023-04-19T19:10:10.59721733) (2023-04-19T19:10:10.59738873) [Msg] period:     5
(2023-04-19T19:10:10.59786853) (2023-04-19T19:10:10.59803563) [Msg] direction:  1 0
(2023-04-19T19:10:10.59876392) (2023-04-19T19:10:10.59892912) [Msg] tau:  2
(2023-04-19T19:10:10.59941122) (2023-04-19T19:10:10.59957942) [Msg] gain:  0.3
(2023-04-19T19:10:10.60005582) (2023-04-19T19:10:10.60021352) [Msg] Derived Parameters:
(2023-04-19T19:10:10.60061862) (2023-04-19T19:10:10.60078332) [Msg] amplitudes:  0.0363502, 0.0392277, 0.0385703, 
(2023-04-19T19:10:10.60201602) (2023-04-19T19:10:10.60218882) [Msg] wavenumbers: 0.133171, 0.161136, 0.194975, 
(2023-04-19T19:10:10.60311262) (2023-04-19T19:10:10.60328842) [Msg] omegas:      1.1424, 1.25664, 1.3823, 
(2023-04-19T19:10:10.60413242) (2023-04-19T19:10:10.60430512) [Msg] periods:     (2023-04-19T19:10:10.60476572) (2023-04-19T19:10:10.60494172) [Msg] 5.5, (2023-04-19T19:10:10.60536612) (2023-04-19T19:10:10.60553292) [Msg] 5, (2023-04-19T19:10:10.60596052) (2023-04-19T19:10:10.60618432) [Msg] 4.54545, (2023-04-19T19:10:10.60676342) (2023-04-19T19:10:10.60694522) [Msg] 
(2023-04-19T19:10:10.60739072) (2023-04-19T19:10:10.60756302) [Msg] phases:      0, 0, 0, 
(2023-04-19T19:10:10.60840001) (2023-04-19T19:10:10.60858061) [Msg] steepnesses: 0, 0, 0, 
(2023-04-19T19:10:10.60944301) (2023-04-19T19:10:10.60962711) [Msg] directions:  (2023-04-19T19:10:10.61004141) (2023-04-19T19:10:10.61021341) [Msg] 0.921061 -0.389418; (2023-04-19T19:10:10.61079921) (2023-04-19T19:10:10.61097431) [Msg] 1 0; (2023-04-19T19:10:10.61150721) (2023-04-19T19:10:10.61167561) [Msg] 0.921061 0.389418; (2023-04-19T19:10:10.61242351) (2023-04-19T19:10:10.61258641) [Msg] 
(2023-04-19T19:10:10.61992281) (2023-04-19T19:10:10.62009461) [Dbg] [SystemManager.cc:58] Loaded system [ignition::gazebo::systems::WaveVisual] for entity [23]
(2023-04-19T19:10:10.66513358) (2023-04-19T19:10:10.66532438) [Msg] Using Pierson-Moskowitz spectrum sampling wavefield model 
(2023-04-19T19:10:10.66897338) (2023-04-19T19:10:10.66917478) [Msg] Using Pierson-Moskowitz spectrum sampling wavefield model 
(2023-04-19T19:10:10.66998338) (2023-04-19T19:10:10.67016507) [Msg] Input Parameters:
(2023-04-19T19:10:10.67059907) (2023-04-19T19:10:10.67078607) [Msg] model:     PMS
(2023-04-19T19:10:10.67145467) (2023-04-19T19:10:10.67164437) [Msg] number:     3
(2023-04-19T19:10:10.67215937) (2023-04-19T19:10:10.67234217) [Msg] scale:      1.1
(2023-04-19T19:10:10.67287867) (2023-04-19T19:10:10.67306327) [Msg] angle:      0.4
(2023-04-19T19:10:10.67357677) (2023-04-19T19:10:10.67376197) [Msg] steepness:  0
(2023-04-19T19:10:10.67426747) (2023-04-19T19:10:10.67445727) [Msg] amplitude:  0
(2023-04-19T19:10:10.67496147) (2023-04-19T19:10:10.67514867) [Msg] period:     5
(2023-04-19T19:10:10.67565197) (2023-04-19T19:10:10.67583177) [Msg] direction:  1 0
(2023-04-19T19:10:10.67650767) (2023-04-19T19:10:10.67668127) [Msg] tau:  2
(2023-04-19T19:10:10.67718837) (2023-04-19T19:10:10.67736357) [Msg] gain:  0.3
(2023-04-19T19:10:10.67788137) (2023-04-19T19:10:10.67806007) [Msg] Derived Parameters:
(2023-04-19T19:10:10.67854457) (2023-04-19T19:10:10.67872117) [Msg] amplitudes:  0.0363502, 0.0392277, 0.0385703, 
(2023-04-19T19:10:10.67974357) (2023-04-19T19:10:10.67991857) [Msg] wavenumbers: 0.133171, 0.161136, 0.194975, 
(2023-04-19T19:10:10.68080157) (2023-04-19T19:10:10.68097467) [Msg] omegas:      1.1424, 1.25664, 1.3823, 
(2023-04-19T19:10:10.68186037) (2023-04-19T19:10:10.68204187) [Msg] periods:     (2023-04-19T19:10:10.68238707) (2023-04-19T19:10:10.68256547) [Msg] 5.5, (2023-04-19T19:10:10.68298177) (2023-04-19T19:10:10.68315387) [Msg] 5, (2023-04-19T19:10:10.68357907) (2023-04-19T19:10:10.68377927) [Msg] 4.54545, (2023-04-19T19:10:10.68429807) (2023-04-19T19:10:10.68448157) [Msg] 
(2023-04-19T19:10:10.68494287) (2023-04-19T19:10:10.68518317) [Msg] phases:      0, 0, 0, 
(2023-04-19T19:10:10.68615696) (2023-04-19T19:10:10.68633566) [Msg] steepnesses: 0, 0, 0, 
(2023-04-19T19:10:10.68768346) (2023-04-19T19:10:10.68788106) [Msg] directions:  (2023-04-19T19:10:10.68833716) (2023-04-19T19:10:10.68854466) [Msg] 0.921061 -0.389418; (2023-04-19T19:10:10.68918436) (2023-04-19T19:10:10.68941636) [Msg] 1 0; (2023-04-19T19:10:10.68998186) (2023-04-19T19:10:10.69020066) [Msg] 0.921061 0.389418; (2023-04-19T19:10:10.69094086) (2023-04-19T19:10:10.69119606) [Msg] 
(2023-04-19T19:10:10.69204686) (2023-04-19T19:10:10.69229046) [Dbg] [Surface.cc:161] Surface plugin successfully configured with the following parameters:
(2023-04-19T19:10:10.69295446) (2023-04-19T19:10:10.69314996) [Dbg] [Surface.cc:163]   <link_name>: link
(2023-04-19T19:10:10.69379946) (2023-04-19T19:10:10.69404276) [Dbg] [Surface.cc:164]   <vehicle_length>: 6
(2023-04-19T19:10:10.69466916) (2023-04-19T19:10:10.69487936) [Dbg] [Surface.cc:165]   <vehicle_width>: 3.3
(2023-04-19T19:10:10.69549325) (2023-04-19T19:10:10.69569585) [Dbg] [Surface.cc:166]   <hull_radius>: 1.9
(2023-04-19T19:10:10.69628215) (2023-04-19T19:10:10.69636745) [Dbg] [Surface.cc:167]   <num_samples>: 2
(2023-04-19T19:10:10.69662125) (2023-04-19T19:10:10.69673035) [Dbg] [Surface.cc:168]   <fluid_level>: 0.45
(2023-04-19T19:10:10.69705985) (2023-04-19T19:10:10.69716035) [Dbg] [Surface.cc:169]   <fluid_density>: 997.774
(2023-04-19T19:10:10.69763095) (2023-04-19T19:10:10.69773325) [Dbg] [SystemManager.cc:58] Loaded system [ignition::gazebo::systems::Surface] for entity [24]
(2023-04-19T19:10:10.71516453) (2023-04-19T19:10:10.71526453) [Dbg] [SimpleHydrodynamics.cc:167] SimpleHydrodynamics plugin successfully configured with the following parameters:
(2023-04-19T19:10:10.71553993) (2023-04-19T19:10:10.71562773) [Dbg] [SimpleHydrodynamics.cc:169]   <link_name>: link
(2023-04-19T19:10:10.71588573) (2023-04-19T19:10:10.71596863) [Dbg] [SimpleHydrodynamics.cc:170]   <xDotU>: 0
(2023-04-19T19:10:10.71623293) (2023-04-19T19:10:10.71632033) [Dbg] [SimpleHydrodynamics.cc:171]   <yDotV>: 0
(2023-04-19T19:10:10.71657703) (2023-04-19T19:10:10.71665833) [Dbg] [SimpleHydrodynamics.cc:172]   <zDotW>: 0.1
(2023-04-19T19:10:10.71690493) (2023-04-19T19:10:10.71699693) [Dbg] [SimpleHydrodynamics.cc:173]   <kDotP>: 0.1
(2023-04-19T19:10:10.71724353) (2023-04-19T19:10:10.71732973) [Dbg] [SimpleHydrodynamics.cc:174]   <mDotQ>: 0.1
(2023-04-19T19:10:10.71757423) (2023-04-19T19:10:10.71765853) [Dbg] [SimpleHydrodynamics.cc:175]   <nDotR>: 0
(2023-04-19T19:10:10.71790793) (2023-04-19T19:10:10.71798743) [Dbg] [SimpleHydrodynamics.cc:176]   <xU>: 510.3
(2023-04-19T19:10:10.71823923) (2023-04-19T19:10:10.71832863) [Dbg] [SimpleHydrodynamics.cc:177]   <xUU>: 720.4
(2023-04-19T19:10:10.71858863) (2023-04-19T19:10:10.71867313) [Dbg] [SimpleHydrodynamics.cc:178]   <yV>: 400
(2023-04-19T19:10:10.71890813) (2023-04-19T19:10:10.71898893) [Dbg] [SimpleHydrodynamics.cc:179]   <yVV>: 0
(2023-04-19T19:10:10.71920393) (2023-04-19T19:10:10.71928053) [Dbg] [SimpleHydrodynamics.cc:180]   <zW>: 5000
(2023-04-19T19:10:10.71953173) (2023-04-19T19:10:10.71961053) [Dbg] [SimpleHydrodynamics.cc:181]   <zWW>: 0
(2023-04-19T19:10:10.71985173) (2023-04-19T19:10:10.71993663) [Dbg] [SimpleHydrodynamics.cc:182]   <kP>: 500
(2023-04-19T19:10:10.72017613) (2023-04-19T19:10:10.72025933) [Dbg] [SimpleHydrodynamics.cc:183]   <kPP>: 0
(2023-04-19T19:10:10.72055453) (2023-04-19T19:10:10.72064223) [Dbg] [SimpleHydrodynamics.cc:184]   <mQ>: 500
(2023-04-19T19:10:10.72088063) (2023-04-19T19:10:10.72096543) [Dbg] [SimpleHydrodynamics.cc:185]   <mQQ>: 0
(2023-04-19T19:10:10.72121083) (2023-04-19T19:10:10.72129473) [Dbg] [SimpleHydrodynamics.cc:186]   <nR>: 15000
(2023-04-19T19:10:10.72155143) (2023-04-19T19:10:10.72162993) [Dbg] [SimpleHydrodynamics.cc:187]   <nRR>: 0
(2023-04-19T19:10:10.72190583) (2023-04-19T19:10:10.72198913) [Dbg] [SystemManager.cc:58] Loaded system [ignition::gazebo::systems::SimpleHydrodynamics] for entity [24]
(2023-04-19T19:10:10.73611111) (2023-04-19T19:10:10.73623951) [Dbg] [SystemManager.cc:58] Loaded system [ignition::gazebo::systems::DetachableJoint] for entity [28]
(2023-04-19T19:10:10.74103971) (2023-04-19T19:10:10.74113691) [Dbg] [SystemManager.cc:58] Loaded system [ignition::gazebo::systems::DetachableJoint] for entity [44]
(2023-04-19T19:10:10.74899911) (2023-04-19T19:10:10.74909371) [Dbg] [SystemManager.cc:58] Loaded system [ignition::gazebo::systems::DetachableJoint] for entity [60]
(2023-04-19T19:10:10.75674870) (2023-04-19T19:10:10.75684330) [Dbg] [SystemManager.cc:58] Loaded system [ignition::gazebo::systems::DetachableJoint] for entity [112]
(2023-04-19T19:10:10.76836809) (2023-04-19T19:10:10.76848699) [Dbg] [SystemManager.cc:58] Loaded system [ignition::gazebo::systems::CommsEndpoint] for entity [164]
(2023-04-19T19:10:10.77020349) (2023-04-19T19:10:10.77030349) [Dbg] [SystemManager.cc:58] Loaded system [ignition::gazebo::systems::CommsEndpoint] for entity [164]
(2023-04-19T19:10:10.78474708) (2023-04-19T19:10:10.78486688) [Dbg] [SystemManager.cc:58] Loaded system [mbzirc::BaseStation] for entity [164]
(2023-04-19T19:10:10.80190157) (2023-04-19T19:10:10.80202437) [Msg] EntityDetector publishing messages on [/mbzirc/target_object_detector/dropped]
(2023-04-19T19:10:10.80358407) (2023-04-19T19:10:10.80370217) [Dbg] [SystemManager.cc:58] Loaded system [mbzirc::EntityDetector] for entity [168]
(2023-04-19T19:10:10.80455787) (2023-04-19T19:10:10.80465337) [Msg] Loaded level [3]
(2023-04-19T19:10:10.80776887) (2023-04-19T19:10:10.80789587) [Msg] Serving world controls on [/world/simple_demo/control], [/world/simple_demo/control/state] and [/world/simple_demo/playback/control]
(2023-04-19T19:10:10.80909407) (2023-04-19T19:10:10.80922887) [Msg] Serving GUI information on [/world/simple_demo/gui/info]
(2023-04-19T19:10:10.80959367) (2023-04-19T19:10:10.80968977) [Msg] World [simple_demo] initialized with [4ms] physics profile.
(2023-04-19T19:10:10.81092286) (2023-04-19T19:10:10.81105346) [Msg] Serving world SDF generation service on [/world/simple_demo/generate_world_sdf]
(2023-04-19T19:10:10.81191386) (2023-04-19T19:10:10.81204396) [Msg] Serving world names on [/gazebo/worlds]
(2023-04-19T19:10:10.81296426) (2023-04-19T19:10:10.81307676) [Msg] Resource path add service on [/gazebo/resource_paths/add].
(2023-04-19T19:10:10.81379076) (2023-04-19T19:10:10.81397946) [Msg] Resource path get service on [/gazebo/resource_paths/get].
(2023-04-19T19:10:10.181658037) (2023-04-19T19:10:10.181678747) [Msg] Resource path resolve service on [/gazebo/resource_paths/resolve].
(2023-04-19T19:10:10.181863737) (2023-04-19T19:10:10.181889437) [Msg] Resource paths published on [/gazebo/resource_paths].
(2023-04-19T19:10:10.182114747) (2023-04-19T19:10:10.182133997) [Msg] Server control service on [/server_control].
(2023-04-19T19:10:10.182391897) (2023-04-19T19:10:10.182412847) [Msg] Found no publishers on /stats, adding root stats topic
(2023-04-19T19:10:10.182630077) (2023-04-19T19:10:10.182650917) [Msg] Found no publishers on /clock, adding root clock topic
(2023-04-19T19:10:10.182964637) (2023-04-19T19:10:10.182985287) [Dbg] [SimulationRunner.cc:491] Creating PostUpdate worker threads: 13
(2023-04-19T19:10:10.183041286) (2023-04-19T19:10:10.183058386) [Dbg] [SimulationRunner.cc:502] Creating postupdate worker thread (0)
(2023-04-19T19:10:10.183176086) (2023-04-19T19:10:10.183194086) [Dbg] [SimulationRunner.cc:502] Creating postupdate worker thread (1)
(2023-04-19T19:10:10.183320156) (2023-04-19T19:10:10.183339206) [Dbg] [SimulationRunner.cc:502] Creating postupdate worker thread (2)
(2023-04-19T19:10:10.183438036) (2023-04-19T19:10:10.183456856) [Dbg] [SimulationRunner.cc:502] Creating postupdate worker thread (3)
(2023-04-19T19:10:10.183546126) (2023-04-19T19:10:10.183566156) [Dbg] [SimulationRunner.cc:502] Creating postupdate worker thread (4)
(2023-04-19T19:10:10.183659446) (2023-04-19T19:10:10.183678626) [Dbg] [SimulationRunner.cc:502] Creating postupdate worker thread (5)
(2023-04-19T19:10:10.183768496) (2023-04-19T19:10:10.183785166) [Dbg] [SimulationRunner.cc:502] Creating postupdate worker thread (6)
(2023-04-19T19:10:10.183895886) (2023-04-19T19:10:10.183921286) [Dbg] [SimulationRunner.cc:502] Creating postupdate worker thread (7)
(2023-04-19T19:10:10.184035126) (2023-04-19T19:10:10.184056186) [Dbg] [SimulationRunner.cc:502] Creating postupdate worker thread (8)
(2023-04-19T19:10:10.184161266) (2023-04-19T19:10:10.184184606) [Dbg] [SimulationRunner.cc:502] Creating postupdate worker thread (9)
(2023-04-19T19:10:10.184280216) (2023-04-19T19:10:10.184302096) [Dbg] [SimulationRunner.cc:502] Creating postupdate worker thread (10)
(2023-04-19T19:10:10.184400756) (2023-04-19T19:10:10.184425526) [Dbg] [SimulationRunner.cc:502] Creating postupdate worker thread (11)
(2023-04-19T19:10:10.283247189) (2023-04-19T19:10:10.283277049) [Msg] Particle emitter[simple_demo::dust_storm::link::dust_storm] subscribed to command messages on topic[/model/dust_storm/link/link/particle_emitter/dust_storm/cmd]
(2023-04-19T19:10:10.283539909) (2023-04-19T19:10:10.283561939) [Msg] Particle emitter[simple_demo::fog::link::fog] subscribed to command messages on topic[/model/fog/link/link/particle_emitter/fog/cmd]
(2023-04-19T19:10:10.285809478) (2023-04-19T19:10:10.285834138) [Msg] DetachableJoint subscribing to messages on [/Vessel_A/detach]
(2023-04-19T19:10:10.286004138) (2023-04-19T19:10:10.286026308) [Msg] DetachableJoint subscribing to messages on [/Vessel_A/detach]
(2023-04-19T19:10:10.286179167) (2023-04-19T19:10:10.286200057) [Msg] DetachableJoint subscribing to messages on [/Vessel_A/detach]
(2023-04-19T19:10:10.286362087) (2023-04-19T19:10:10.286383737) [Msg] DetachableJoint subscribing to messages on [/Vessel_A/detach]
(2023-04-19T19:10:10.286623127) (2023-04-19T19:10:10.286646097) [Msg] Address [base_station/target] bound to model [base_station] on topic [base_station/target]
(2023-04-19T19:10:10.286752057) (2023-04-19T19:10:10.286772777) [Dbg] [CommsEndpoint.cc:89] Succesfuly bound to [base_station/target] on topic [base_station/target]
(2023-04-19T19:10:10.286935247) (2023-04-19T19:10:10.286957127) [Msg] Address [base_station/video] bound to model [base_station] on topic [base_station/video]
(2023-04-19T19:10:10.287057117) (2023-04-19T19:10:10.287077317) [Dbg] [CommsEndpoint.cc:89] Succesfuly bound to [base_station/video] on topic [base_station/video]
(2023-04-19T19:10:10.360013739) (2023-04-19T19:10:10.360028699) [Dbg] [Physics.cc:1593] Creating detachable joint [170]
(2023-04-19T19:10:10.360170079) (2023-04-19T19:10:10.360179029) [Dbg] [Physics.cc:1593] Creating detachable joint [171]
(2023-04-19T19:10:10.360288479) (2023-04-19T19:10:10.360297379) [Dbg] [Physics.cc:1593] Creating detachable joint [172]
(2023-04-19T19:10:10.360569389) (2023-04-19T19:10:10.360579649) [Dbg] [Physics.cc:1593] Creating detachable joint [173]
(2023-04-19T19:10:10.361705588) (2023-04-19T19:10:10.361715378) [Dbg] [SimulationFeatures.cc:63] Simulation timestep set to: 0.004
(2023-04-19T19:10:10.371838070) (2023-04-19T19:10:10.371871600) [Msg] Serving scene information on [/world/simple_demo/scene/info]
(2023-04-19T19:10:10.372093280) (2023-04-19T19:10:10.372121110) [Msg] Serving graph information on [/world/simple_demo/scene/graph]
(2023-04-19T19:10:10.372332219) (2023-04-19T19:10:10.372359839) [Msg] Serving full state on [/world/simple_demo/state]
(2023-04-19T19:10:10.372568039) (2023-04-19T19:10:10.372597509) [Msg] Serving full state (async) on [/world/simple_demo/state_async]
(2023-04-19T19:10:10.372861449) (2023-04-19T19:10:10.372888519) [Msg] Publishing scene information on [/world/simple_demo/scene/info]
(2023-04-19T19:10:10.373127639) (2023-04-19T19:10:10.373155919) [Msg] Publishing entity deletions on [/world/simple_demo/scene/deletion]
(2023-04-19T19:10:10.373335149) (2023-04-19T19:10:10.373363029) [Msg] Publishing state changes on [/world/simple_demo/state]
(2023-04-19T19:10:10.373564258) (2023-04-19T19:10:10.373593658) [Msg] Publishing pose messages on [/world/simple_demo/pose/info]
(2023-04-19T19:10:10.373801188) (2023-04-19T19:10:10.373828908) [Msg] Publishing dynamic pose messages on [/world/simple_demo/dynamic_pose/info]
(2023-04-19T19:10:10.374305648) (2023-04-19T19:10:10.374335048) [Dbg] [EntityComponentManager.cc:1587] Updated state thread iterators: 24 threads processing around 8 entities each.
(2023-04-19T19:10:10.374726078) (2023-04-19T19:10:10.374747888) [Wrn] [Model.hh:69] Skipping serialization / deserialization for models with //pose/@relative_to attribute.
(2023-04-19T19:10:10.375290797) (2023-04-19T19:10:10.375332807) [Wrn] [Component.hh:144] Trying to serialize component with data type [N3sdf3v125WorldE], which doesn't have `operator<<`. Component will not be serialized.
(2023-04-19T19:10:10.401686097) (2023-04-19T19:10:10.401713537) [Dbg] [EntityComponentManager.cc:1587] Updated state thread iterators: 24 threads processing around 8 entities each.
(2023-04-19T19:10:14.680129809) (2023-04-19T19:10:14.680145129) [Msg] Linear velocity initialized to [0 0 0]
(2023-04-19T19:10:14.680197489) (2023-04-19T19:10:14.680206199) [Msg] Angular velocity initialized to [0 0 0]
(2023-04-19T19:10:14.680422919) (2023-04-19T19:10:14.680432459) [Msg] VelocityControl subscribing to twist messages on [/model/usv/cmd_vel]
(2023-04-19T19:10:14.680466279) (2023-04-19T19:10:14.680475809) [Dbg] [SystemManager.cc:58] Loaded system [ignition::gazebo::systems::VelocityControl] for entity [174]
(2023-04-19T19:10:14.681512318) (2023-04-19T19:10:14.681525598) [Dbg] [OdometryPublisher.cc:191] OdometryPublisher system plugin missing <dimensions>, defaults to "2"
(2023-04-19T19:10:14.681696428) (2023-04-19T19:10:14.681711058) [Msg] OdometryPublisher publishing odometry on [/model/usv/odometry]
(2023-04-19T19:10:14.681837928) (2023-04-19T19:10:14.681851718) [Msg] OdometryPublisher publishing odometry with covariance on [/model/usv/odometry_with_covariance]
(2023-04-19T19:10:14.681961308) (2023-04-19T19:10:14.681972778) [Msg] OdometryPublisher publishing Pose_V (TF) on [/model/usv/pose]
(2023-04-19T19:10:14.682005768) (2023-04-19T19:10:14.682013448) [Dbg] [SystemManager.cc:58] Loaded system [ignition::gazebo::systems::OdometryPublisher] for entity [174]
(2023-04-19T19:10:14.683357137) (2023-04-19T19:10:14.683368997) [Msg] Thruster listening to commands in [/model/usv/joint/left_engine_propeller_joint/cmd_thrust]
(2023-04-19T19:10:14.683451357) (2023-04-19T19:10:14.683461547) [Dbg] [Thruster.cc:288] Using velocity control for propeller joint.
(2023-04-19T19:10:14.683488047) (2023-04-19T19:10:14.683496137) [Dbg] [SystemManager.cc:58] Loaded system [ignition::gazebo::systems::Thruster] for entity [174]
(2023-04-19T19:10:14.684593946) (2023-04-19T19:10:14.684604136) [Dbg] [JointPositionController.cc:205] [JointPositionController] system parameters:
(2023-04-19T19:10:14.684629096) (2023-04-19T19:10:14.684636876) [Dbg] [JointPositionController.cc:206] p_gain: [1]
(2023-04-19T19:10:14.684666356) (2023-04-19T19:10:14.684675336) [Dbg] [JointPositionController.cc:207] i_gain: [0.1]
(2023-04-19T19:10:14.684707646) (2023-04-19T19:10:14.684715586) [Dbg] [JointPositionController.cc:208] d_gain: [0.01]
(2023-04-19T19:10:14.684758346) (2023-04-19T19:10:14.684769226) [Dbg] [JointPositionController.cc:209] i_max: [1]
(2023-04-19T19:10:14.684800766) (2023-04-19T19:10:14.684809226) [Dbg] [JointPositionController.cc:210] i_min: [-1]
(2023-04-19T19:10:14.684838456) (2023-04-19T19:10:14.684846656) [Dbg] [JointPositionController.cc:211] cmd_max: [1000]
(2023-04-19T19:10:14.684876506) (2023-04-19T19:10:14.684884186) [Dbg] [JointPositionController.cc:212] cmd_min: [-1000]
(2023-04-19T19:10:14.684920696) (2023-04-19T19:10:14.684929996) [Dbg] [JointPositionController.cc:213] cmd_offset: [0]
(2023-04-19T19:10:14.684959496) (2023-04-19T19:10:14.684967596) [Dbg] [JointPositionController.cc:214] Topic: [usv/left/thruster/joint/cmd_pos]
(2023-04-19T19:10:14.684994816) (2023-04-19T19:10:14.685003266) [Dbg] [JointPositionController.cc:215] initial_position: [0]
(2023-04-19T19:10:14.685037506) (2023-04-19T19:10:14.685046406) [Dbg] [SystemManager.cc:58] Loaded system [ignition::gazebo::systems::JointPositionController] for entity [174]
(2023-04-19T19:10:14.685373095) (2023-04-19T19:10:14.685384995) [Msg] Thruster listening to commands in [/model/usv/joint/right_engine_propeller_joint/cmd_thrust]
(2023-04-19T19:10:14.685438865) (2023-04-19T19:10:14.685448715) [Dbg] [Thruster.cc:288] Using velocity control for propeller joint.
(2023-04-19T19:10:14.685476435) (2023-04-19T19:10:14.685487205) [Dbg] [SystemManager.cc:58] Loaded system [ignition::gazebo::systems::Thruster] for entity [174]
(2023-04-19T19:10:14.685762255) (2023-04-19T19:10:14.685773485) [Dbg] [JointPositionController.cc:205] [JointPositionController] system parameters:
(2023-04-19T19:10:14.685795265) (2023-04-19T19:10:14.685805985) [Dbg] [JointPositionController.cc:206] p_gain: [1]
(2023-04-19T19:10:14.685839405) (2023-04-19T19:10:14.685848265) [Dbg] [JointPositionController.cc:207] i_gain: [0.1]
(2023-04-19T19:10:14.685876675) (2023-04-19T19:10:14.685885465) [Dbg] [JointPositionController.cc:208] d_gain: [0.01]
(2023-04-19T19:10:14.685917315) (2023-04-19T19:10:14.685926325) [Dbg] [JointPositionController.cc:209] i_max: [1]
(2023-04-19T19:10:14.685955195) (2023-04-19T19:10:14.685964645) [Dbg] [JointPositionController.cc:210] i_min: [-1]
(2023-04-19T19:10:14.686001905) (2023-04-19T19:10:14.686013665) [Dbg] [JointPositionController.cc:211] cmd_max: [1000]
(2023-04-19T19:10:14.686050055) (2023-04-19T19:10:14.686059355) [Dbg] [JointPositionController.cc:212] cmd_min: [-1000]
(2023-04-19T19:10:14.686096355) (2023-04-19T19:10:14.686106555) [Dbg] [JointPositionController.cc:213] cmd_offset: [0]
(2023-04-19T19:10:14.686139165) (2023-04-19T19:10:14.686148495) [Dbg] [JointPositionController.cc:214] Topic: [usv/right/thruster/joint/cmd_pos]
(2023-04-19T19:10:14.686175075) (2023-04-19T19:10:14.686187355) [Dbg] [JointPositionController.cc:215] initial_position: [0]
(2023-04-19T19:10:14.686232024) (2023-04-19T19:10:14.686244774) [Dbg] [SystemManager.cc:58] Loaded system [ignition::gazebo::systems::JointPositionController] for entity [174]
(2023-04-19T19:10:14.686568994) (2023-04-19T19:10:14.686581724) [Msg] Using Pierson-Moskowitz spectrum sampling wavefield model 
(2023-04-19T19:10:14.686762604) (2023-04-19T19:10:14.686775954) [Msg] Using Pierson-Moskowitz spectrum sampling wavefield model 
(2023-04-19T19:10:14.686852814) (2023-04-19T19:10:14.686865424) [Msg] Input Parameters:
(2023-04-19T19:10:14.686885334) (2023-04-19T19:10:14.686894904) [Msg] model:     PMS
(2023-04-19T19:10:14.686921264) (2023-04-19T19:10:14.686930734) [Msg] number:     3
(2023-04-19T19:10:14.686955764) (2023-04-19T19:10:14.686965404) [Msg] scale:      1.1
(2023-04-19T19:10:14.686993504) (2023-04-19T19:10:14.687001224) [Msg] angle:      0.4
(2023-04-19T19:10:14.687026574) (2023-04-19T19:10:14.687035204) [Msg] steepness:  0
(2023-04-19T19:10:14.687062674) (2023-04-19T19:10:14.687072794) [Msg] amplitude:  0
(2023-04-19T19:10:14.687094174) (2023-04-19T19:10:14.687105883) [Msg] period:     5
(2023-04-19T19:10:14.687127433) (2023-04-19T19:10:14.687135743) [Msg] direction:  1 0
(2023-04-19T19:10:14.687169313) (2023-04-19T19:10:14.687179643) [Msg] tau:  2
(2023-04-19T19:10:14.687205673) (2023-04-19T19:10:14.687216363) [Msg] gain:  0.3
(2023-04-19T19:10:14.687242253) (2023-04-19T19:10:14.687251583) [Msg] Derived Parameters:
(2023-04-19T19:10:14.687273073) (2023-04-19T19:10:14.687285403) [Msg] amplitudes:  0.0363502, 0.0392277, 0.0385703, 
(2023-04-19T19:10:14.687334883) (2023-04-19T19:10:14.687342863) [Msg] wavenumbers: 0.133171, 0.161136, 0.194975, 
(2023-04-19T19:10:14.687390513) (2023-04-19T19:10:14.687398633) [Msg] omegas:      1.1424, 1.25664, 1.3823, 
(2023-04-19T19:10:14.687443223) (2023-04-19T19:10:14.687451373) [Msg] periods:     (2023-04-19T19:10:14.687466933) (2023-04-19T19:10:14.687475933) [Msg] 5.5, (2023-04-19T19:10:14.687495793) (2023-04-19T19:10:14.687503813) [Msg] 5, (2023-04-19T19:10:14.687523303) (2023-04-19T19:10:14.687532163) [Msg] 4.54545, (2023-04-19T19:10:14.687551473) (2023-04-19T19:10:14.687560273) [Msg] 
(2023-04-19T19:10:14.687577383) (2023-04-19T19:10:14.687585513) [Msg] phases:      0, 0, 0, 
(2023-04-19T19:10:14.687630153) (2023-04-19T19:10:14.687638043) [Msg] steepnesses: 0, 0, 0, 
(2023-04-19T19:10:14.687680323) (2023-04-19T19:10:14.687687683) [Msg] directions:  (2023-04-19T19:10:14.687703873) (2023-04-19T19:10:14.687712303) [Msg] 0.921061 -0.389418; (2023-04-19T19:10:14.687739453) (2023-04-19T19:10:14.687748353) [Msg] 1 0; (2023-04-19T19:10:14.687774963) (2023-04-19T19:10:14.687783713) [Msg] 0.921061 0.389418; (2023-04-19T19:10:14.687812653) (2023-04-19T19:10:14.687820723) [Msg] 
(2023-04-19T19:10:14.687851453) (2023-04-19T19:10:14.687861703) [Dbg] [Surface.cc:161] Surface plugin successfully configured with the following parameters:
(2023-04-19T19:10:14.687888683) (2023-04-19T19:10:14.687900633) [Dbg] [Surface.cc:163]   <link_name>: base_link
(2023-04-19T19:10:14.687928713) (2023-04-19T19:10:14.687937533) [Dbg] [Surface.cc:164]   <vehicle_length>: 6
(2023-04-19T19:10:14.687962283) (2023-04-19T19:10:14.687970433) [Dbg] [Surface.cc:165]   <vehicle_width>: 3.3
(2023-04-19T19:10:14.687993953) (2023-04-19T19:10:14.688001953) [Dbg] [Surface.cc:166]   <hull_radius>: 0.27
(2023-04-19T19:10:14.688024782) (2023-04-19T19:10:14.688032452) [Dbg] [Surface.cc:167]   <num_samples>: 2
(2023-04-19T19:10:14.688054082) (2023-04-19T19:10:14.688062502) [Dbg] [Surface.cc:168]   <fluid_level>: 0.45
(2023-04-19T19:10:14.688087132) (2023-04-19T19:10:14.688095252) [Dbg] [Surface.cc:169]   <fluid_density>: 997.774
(2023-04-19T19:10:14.688122432) (2023-04-19T19:10:14.688131092) [Dbg] [SystemManager.cc:58] Loaded system [ignition::gazebo::systems::Surface] for entity [174]
(2023-04-19T19:10:14.688437642) (2023-04-19T19:10:14.688448572) [Dbg] [SimpleHydrodynamics.cc:167] SimpleHydrodynamics plugin successfully configured with the following parameters:
(2023-04-19T19:10:14.688485312) (2023-04-19T19:10:14.688497952) [Dbg] [SimpleHydrodynamics.cc:169]   <link_name>: base_link
(2023-04-19T19:10:14.688533312) (2023-04-19T19:10:14.688546712) [Dbg] [SimpleHydrodynamics.cc:170]   <xDotU>: 0
(2023-04-19T19:10:14.688583832) (2023-04-19T19:10:14.688597142) [Dbg] [SimpleHydrodynamics.cc:171]   <yDotV>: 0
(2023-04-19T19:10:14.688639752) (2023-04-19T19:10:14.688652912) [Dbg] [SimpleHydrodynamics.cc:172]   <zDotW>: 0.1
(2023-04-19T19:10:14.688691722) (2023-04-19T19:10:14.688704552) [Dbg] [SimpleHydrodynamics.cc:173]   <kDotP>: 0.1
(2023-04-19T19:10:14.688756132) (2023-04-19T19:10:14.688767982) [Dbg] [SimpleHydrodynamics.cc:174]   <mDotQ>: 0.1
(2023-04-19T19:10:14.688804322) (2023-04-19T19:10:14.688818592) [Dbg] [SimpleHydrodynamics.cc:175]   <nDotR>: 0
(2023-04-19T19:10:14.688864132) (2023-04-19T19:10:14.688875942) [Dbg] [SimpleHydrodynamics.cc:176]   <xU>: 51.3
(2023-04-19T19:10:14.688913642) (2023-04-19T19:10:14.688923632) [Dbg] [SimpleHydrodynamics.cc:177]   <xUU>: 72.4
(2023-04-19T19:10:14.688956132) (2023-04-19T19:10:14.688965112) [Dbg] [SimpleHydrodynamics.cc:178]   <yV>: 40
(2023-04-19T19:10:14.688989272) (2023-04-19T19:10:14.688998042) [Dbg] [SimpleHydrodynamics.cc:179]   <yVV>: 0
(2023-04-19T19:10:14.689021082) (2023-04-19T19:10:14.689030642) [Dbg] [SimpleHydrodynamics.cc:180]   <zW>: 500
(2023-04-19T19:10:14.689056222) (2023-04-19T19:10:14.689063692) [Dbg] [SimpleHydrodynamics.cc:181]   <zWW>: 0
(2023-04-19T19:10:14.689086271) (2023-04-19T19:10:14.689093861) [Dbg] [SimpleHydrodynamics.cc:182]   <kP>: 100
(2023-04-19T19:10:14.689116301) (2023-04-19T19:10:14.689125381) [Dbg] [SimpleHydrodynamics.cc:183]   <kPP>: 0
(2023-04-19T19:10:14.689149381) (2023-04-19T19:10:14.689157181) [Dbg] [SimpleHydrodynamics.cc:184]   <mQ>: 100
(2023-04-19T19:10:14.689196241) (2023-04-19T19:10:14.689205171) [Dbg] [SimpleHydrodynamics.cc:185]   <mQQ>: 0
(2023-04-19T19:10:14.689230791) (2023-04-19T19:10:14.689238831) [Dbg] [SimpleHydrodynamics.cc:186]   <nR>: 400
(2023-04-19T19:10:14.689265571) (2023-04-19T19:10:14.689274371) [Dbg] [SimpleHydrodynamics.cc:187]   <nRR>: 0
(2023-04-19T19:10:14.689302231) (2023-04-19T19:10:14.689314581) [Dbg] [SystemManager.cc:58] Loaded system [ignition::gazebo::systems::SimpleHydrodynamics] for entity [174]
(2023-04-19T19:10:14.690857000) (2023-04-19T19:10:14.690867980) [Dbg] [SystemManager.cc:58] Loaded system [ignition::gazebo::systems::PosePublisher] for entity [174]
(2023-04-19T19:10:14.691124100) (2023-04-19T19:10:14.691137020) [Msg] EntityDetector publishing messages on [/mbzirc/target_object_detector/placed]
(2023-04-19T19:10:14.691293450) (2023-04-19T19:10:14.691306120) [Dbg] [SystemManager.cc:58] Loaded system [mbzirc::EntityDetector] for entity [174]
(2023-04-19T19:10:14.691532930) (2023-04-19T19:10:14.691545740) [Msg] EntityDetector publishing messages on [/mbzirc/target_object_detector/placed]
(2023-04-19T19:10:14.691700590) (2023-04-19T19:10:14.691711320) [Dbg] [SystemManager.cc:58] Loaded system [mbzirc::EntityDetector] for entity [174]
(2023-04-19T19:10:14.691932470) (2023-04-19T19:10:14.691943520) [Msg] EntityDetector publishing messages on [/mbzirc/target_object_detector/placed]
(2023-04-19T19:10:14.692092220) (2023-04-19T19:10:14.692103880) [Dbg] [SystemManager.cc:58] Loaded system [mbzirc::EntityDetector] for entity [174]
(2023-04-19T19:10:14.692348419) (2023-04-19T19:10:14.692359179) [Msg] EntityDetector publishing messages on [/mbzirc/target_object_detector/placed]
(2023-04-19T19:10:14.692516959) (2023-04-19T19:10:14.692531259) [Dbg] [SystemManager.cc:58] Loaded system [mbzirc::EntityDetector] for entity [174]
(2023-04-19T19:10:14.692772649) (2023-04-19T19:10:14.692783719) [Dbg] [SystemManager.cc:58] Loaded system [ignition::gazebo::systems::CommsEndpoint] for entity [174]
(2023-04-19T19:10:14.693233829) (2023-04-19T19:10:14.693244349) [Dbg] [UserCommands.cc:1303] Created entity [174] named [usv]
(2023-04-19T19:10:14.702383821) (2023-04-19T19:10:14.702430571) [Dbg] [Sensors.cc:584] Initialization needed
(2023-04-19T19:10:14.702534541) (2023-04-19T19:10:14.702557971) [Dbg] [Sensors.cc:240] Initializing render context
(2023-04-19T19:10:14.702708341) (2023-04-19T19:10:14.702730781) [Msg] Loading plugin [ignition-rendering-ogre2]
(2023-04-19T19:10:14.703173361) ((2023-04-19T19:10:14.703196621) ) (2023-04-19T19:10:14.703272471) [Dbg] [GameLogicPlugin.cc:1991] New Competitor Platform: usv with 0sensors
IMU data for [usv::base_link::imu_sensor] advertised on [world/simple_demo/model/usv/link/base_link/sensor/imu_sensor/imu]
(((((((((((((((((((((((2023-04-19T19:10:14.705913099((2023-04-19T19:10:14.7059130992023-04-19T19:10:14.705948379) (2023-04-19T19:10:14.706004619) [Dbg] [SimulationRunner.cc:518] () (2023-04-19T19:10:14.7060740992023-04-19T19:10:14.706074099) 2023-04-19T19:10:14.7059202592023-04-19T19:10:14.7059202592023-04-19T19:10:14.705952279) (2023-04-19T19:10:14.706124559) ) 2023-04-19T19:10:14.706141399(2023-04-19T19:10:14.706141399(2023-04-19T19:10:14.706141399(2023-04-19T19:10:14.706177379) (2023-04-19T19:10:14.706204729) Exiting postupdate worker thread (2023-04-19T19:10:14.7062252392023-04-19T19:10:14.70618193911)
) (2023-04-19T19:10:14.7063001692023-04-19T19:10:14.706300169) (2023-04-19T19:10:14.7062749892023-04-19T19:10:14.706339089) ) 2023-04-19T19:10:14.706379269) ) () () (2023-04-19T19:10:14.7064925182023-04-19T19:10:14.706492518) ) ) (2023-04-19T19:10:14.706546628) ) [Dbg] [SimulationRunner.cc:518] [Dbg] [SimulationRunner.cc:518] [Dbg] [SimulationRunner.cc:518] 2023-04-19T19:10:14.705950929) ([Dbg] [SimulationRunner.cc:518] [Dbg] [SimulationRunner.cc:518] [Dbg] [SimulationRunner.cc:518] [Dbg] [SimulationRunner.cc:518] [Dbg] [SimulationRunner.cc:518] [Dbg] [SimulationRunner.cc:518] 2023-04-19T19:10:14.706660468) [Dbg] [SimulationRunner.cc:518] [Dbg] [SimulationRunner.cc:518] [Dbg] [SimulationRunner.cc:518] [Dbg] [SimulationRunner.cc:518] Exiting postupdate worker thread ([Dbg] [SimulationRunner.cc:518] 0Exiting postupdate worker thread (9)
[Dbg] [SimulationRunner.cc:518] [Dbg] [SimulationRunner.cc:518] [Dbg] [SimulationRunner.cc:518] Exiting postupdate worker thread (10)
Exiting postupdate worker thread (6)
Exiting postupdate worker thread (Exiting postupdate worker thread ([Dbg] [SimulationRunner.cc:518] Exiting postupdate worker thread (7)
[Dbg] [SimulationRunner.cc:518] Exiting postupdate worker thread (84Exiting postupdate worker thread (3Exiting postupdate worker thread (Exiting postupdate worker thread ([Dbg] [SimulationRunner.cc:518] Exiting postupdate worker thread (1)
)Exiting postupdate worker thread (
)
2)
)
)
)
(2023-04-19T19:10:14.707718178) (2023-04-19T19:10:14.707731838) [Dbg] [SimulationRunner.cc:491] Creating PostUpdate worker threads: 22
(2023-04-19T19:10:14.707765858) (2023-04-19T19:10:14.707775668) [Dbg] [SimulationRunner.cc:502] Creating postupdate worker thread (0)
(2023-04-19T19:10:14.707846198) (2023-04-19T19:10:14.707857148) [Dbg] [SimulationRunner.cc:502] Creating postupdate worker thread (1)
(2023-04-19T19:10:14.707907158) (2023-04-19T19:10:14.707917178) [Dbg] [SimulationRunner.cc:502] Creating postupdate worker thread (2)
(2023-04-19T19:10:14.707981358) (2023-04-19T19:10:14.707992408) [Dbg] [SimulationRunner.cc:502] Creating postupdate worker thread (3)
(2023-04-19T19:10:14.708053557) (2023-04-19T19:10:14.708063677) [Dbg] [SimulationRunner.cc:502] Creating postupdate worker thread (4)
(2023-04-19T19:10:14.708130767) (2023-04-19T19:10:14.708143367) [Dbg] [SimulationRunner.cc:502] Creating postupdate worker thread (5)
(2023-04-19T19:10:14.708198447) (2023-04-19T19:10:14.708208487) [Dbg] [SimulationRunner.cc:502] Creating postupdate worker thread (6)
(2023-04-19T19:10:14.708268437) (2023-04-19T19:10:14.708276857) [Dbg] [SimulationRunner.cc:502] Creating postupdate worker thread (7)
(2023-04-19T19:10:14.708335577) (2023-04-19T19:10:14.708344937) [Dbg] [SimulationRunner.cc:502] Creating postupdate worker thread (8)
(2023-04-19T19:10:14.708402367) (2023-04-19T19:10:14.708413217) [Dbg] [SimulationRunner.cc:502] Creating postupdate worker thread (9)
(2023-04-19T19:10:14.708468637) (2023-04-19T19:10:14.708478037) [Dbg] [SimulationRunner.cc:502] Creating postupdate worker thread (10)
(2023-04-19T19:10:14.708527387) (2023-04-19T19:10:14.708539647) [Dbg] [SimulationRunner.cc:502] Creating postupdate worker thread (11)
(2023-04-19T19:10:14.708593067) (2023-04-19T19:10:14.708603697) [Dbg] [SimulationRunner.cc:502] Creating postupdate worker thread (12)
(2023-04-19T19:10:14.708654417) (2023-04-19T19:10:14.708662917) [Dbg] [SimulationRunner.cc:502] Creating postupdate worker thread (13)
(2023-04-19T19:10:14.708726497) (2023-04-19T19:10:14.708737497) [Dbg] [SimulationRunner.cc:502] Creating postupdate worker thread (14)
(2023-04-19T19:10:14.708793597) (2023-04-19T19:10:14.708804197) [Dbg] [SimulationRunner.cc:502] Creating postupdate worker thread (15)
(2023-04-19T19:10:14.708854517) (2023-04-19T19:10:14.708863177) [Dbg] [SimulationRunner.cc:502] Creating postupdate worker thread (16)
(2023-04-19T19:10:14.708916457) (2023-04-19T19:10:14.708925697) [Dbg] [SimulationRunner.cc:502] Creating postupdate worker thread (17)
(2023-04-19T19:10:14.708974807) (2023-04-19T19:10:14.708985627) [Dbg] [SimulationRunner.cc:502] Creating postupdate worker thread (18)
(2023-04-19T19:10:14.709039197) (2023-04-19T19:10:14.709047927) [Dbg] [SimulationRunner.cc:502] Creating postupdate worker thread (19)
(2023-04-19T19:10:14.709101187) (2023-04-19T19:10:14.709111347) [Dbg] [SimulationRunner.cc:502] Creating postupdate worker thread (20)
(2023-04-19T19:10:14.709721906) (2023-04-19T19:10:14.709732706) [Msg] Address [usv] bound to model [usv] on topic [model/usv/rx]
(2023-04-19T19:10:14.709782536) (2023-04-19T19:10:14.709791526) [Dbg] [CommsEndpoint.cc:89] Succesfuly bound to [usv] on topic [model/usv/rx]
(2023-04-19T19:10:15.113121074) (2023-04-19T19:10:15.113133284) [Dbg] [RenderUtil.cc:2529] Create scene [scene]
(2023-04-19T19:10:15.152574103) (2023-04-19T19:10:15.152589303) [Dbg] [Sensors.cc:254] Rendering Thread initialized
(2023-04-19T19:10:15.156823759) (2023-04-19T19:10:15.156835939) [Wrn] [Ogre2Heightmap.cc:125] Heightmap final sampling should be 2^n
 which differs from ogre1's 2^n+1
The last row and column will be cropped
size = (width * sampling) - sampling + 1
[257] = ([257] * [1]) - [1] + 1
(2023-04-19T19:10:15.161569846) (2023-04-19T19:10:15.161581186) [Msg] Loading heightmap: scene::Heightmap(65478)
(2023-04-19T19:10:15.161608896) (2023-04-19T19:10:15.161617736) [Msg] Heightmap loaded. Process took 0 ms.
(2023-04-19T19:10:18.924984519) (2023-04-19T19:10:18.925009899) [Dbg] [Ogre2ParticleEmitter.cc:514] Particle emitter initialized
(2023-04-19T19:10:18.925293679) (2023-04-19T19:10:18.925317139) [Dbg] [Ogre2ParticleEmitter.cc:514] Particle emitter initialized
(2023-04-19T19:10:18.925623639) (2023-04-19T19:10:18.925645138) [Dbg] [Ogre2ParticleEmitter.cc:514] Particle emitter initialized
(2023-04-19T19:10:19.477410601) (2023-04-19T19:10:19.477425901) [Dbg] [Ogre2ParticleEmitter.cc:514] Particle emitter initialized
(2023-04-19T19:10:19.477617381) (2023-04-19T19:10:19.477627591) [Dbg] [Ogre2ParticleEmitter.cc:514] Particle emitter initialized
(2023-04-19T19:10:19.477768431) (2023-04-19T19:10:19.477778721) [Dbg] [Ogre2ParticleEmitter.cc:514] Particle emitter initialized
(2023-04-19T19:10:19.489591833) (2023-04-19T19:10:19.489611033) [Dbg] [Lidar.cc:122] Laser scans for [usv::sensor_6::sensor_link::lidar] advertised on [world/simple_demo/model/usv/model/sensor_6/link/sensor_link/sensor/lidar/scan]
(2023-04-19T19:10:19.490038362) (2023-04-19T19:10:19.490050842) [Dbg] [GpuLidarSensor.cc:164] Lidar points for [usv::sensor_6::sensor_link::lidar] advertised on [world/simple_demo/model/usv/model/sensor_6/link/sensor_link/sensor/lidar/scan/points]
(2023-04-19T19:10:19.490321332) (2023-04-19T19:10:19.490330582) [Msg] Loading plugin [ignition-rendering-ogre2]
(2023-04-19T19:10:19.627256985) (2023-04-19T19:10:19.627279585) [Dbg] [EntityComponentManager.cc:1587] Updated state thread iterators: 24 threads processing around 10 entities each.
(2023-04-19T19:10:40.539413684) (2023-04-19T19:10:40.539435034) [Msg] Scoring has Started
(2023-04-19T19:10:40.539757043) (2023-04-19T19:10:40.539773143) [Err] [GameLogicPlugin.cc:2121] Invalid configuration detected: 
[usv] Initial Position (10 40 0.299843) is not in the starting area -15 -15 -5 15 15 5
(2023-04-19T19:15:55.721990725) (2023-04-19T19:15:55.722005425) [Err] [JointFeatures.cc:157] Invalid joint velocity value [nan] commanded on joint [left_chassis_engine_joint DOF 0]. The command will be ignored
(2023-04-19T19:15:55.722084256) (2023-04-19T19:15:55.722100196) [Err] [JointFeatures.cc:157] Invalid joint velocity value [nan] commanded on joint [right_chassis_engine_joint DOF 0]. The command will be ignored
