(2023-03-09T22:19:33.963708535) (2023-03-09T22:19:33.963732225) [Msg] Ignition Gazebo Server v6.11.0
(2023-03-09T22:19:33.967345927) (2023-03-09T22:19:33.967368337) [Msg] Loading SDF world file[/home/developer/mbzirc_ws/install/share/mbzirc_ign/worlds/simple_demo.sdf].
(2023-03-09T22:19:34.290693109) (2023-03-09T22:19:34.290707249) [Msg] Serving entity system service on [/entity/system/add]
(2023-03-09T22:19:34.344615692) (2023-03-09T22:19:34.344632402) [Dbg] [Physics.cc:803] Loaded [ignition::physics::dartsim::Plugin] from library [/usr/lib/x86_64-linux-gnu/ign-physics-5/engine-plugins/libignition-physics-dartsim-plugin.so]
(2023-03-09T22:19:34.344696252) (2023-03-09T22:19:34.344704732) [Dbg] [SystemManager.cc:58] Loaded system [ignition::gazebo::systems::Physics] for entity [1]
(2023-03-09T22:19:34.346767574) (2023-03-09T22:19:34.346779514) [Msg] Create service on [/world/simple_demo/create]
(2023-03-09T22:19:34.346882024) (2023-03-09T22:19:34.346891594) [Msg] Remove service on [/world/simple_demo/remove]
(2023-03-09T22:19:34.346985084) (2023-03-09T22:19:34.346995994) [Msg] Pose service on [/world/simple_demo/set_pose]
(2023-03-09T22:19:34.347080524) (2023-03-09T22:19:34.347090434) [Msg] Pose service on [/world/simple_demo/set_pose_vector]
(2023-03-09T22:19:34.347206184) (2023-03-09T22:19:34.347216874) [Msg] Light configuration service on [/world/simple_demo/light_config]
(2023-03-09T22:19:34.347369354) (2023-03-09T22:19:34.347380134) [Msg] Physics service on [/world/simple_demo/set_physics]
(2023-03-09T22:19:34.347475644) (2023-03-09T22:19:34.347485994) [Msg] SphericalCoordinates service on [/world/simple_demo/set_spherical_coordinates]
(2023-03-09T22:19:34.347552124) (2023-03-09T22:19:34.347571054) [Msg] Enable collision service on [/world/simple_demo/enable_collision]
(2023-03-09T22:19:34.347634745) (2023-03-09T22:19:34.347644525) [Msg] Disable collision service on [/world/simple_demo/disable_collision]
(2023-03-09T22:19:34.347781725) (2023-03-09T22:19:34.347792095) [Msg] Material service on [/world/simple_demo/visual_config]
(2023-03-09T22:19:34.347877175) (2023-03-09T22:19:34.347887635) [Msg] Material service on [/world/simple_demo/wheel_slip]
(2023-03-09T22:19:34.347923765) (2023-03-09T22:19:34.347932995) [Dbg] [SystemManager.cc:58] Loaded system [ignition::gazebo::systems::UserCommands] for entity [1]
(2023-03-09T22:19:34.366711294) (2023-03-09T22:19:34.366721344) [Dbg] [Sensors.cc:479] Configuring Sensors system
(2023-03-09T22:19:34.366779864) (2023-03-09T22:19:34.366789304) [Dbg] [Sensors.cc:398] SensorsPrivate::Run
(2023-03-09T22:19:34.366861604) (2023-03-09T22:19:34.366873494) [Dbg] [SystemManager.cc:58] Loaded system [(ignition::gazebo::systems::Sensors] for entity [1]
2023-03-09T22:19:34.366919944) (2023-03-09T22:19:34.366960534) [Dbg] [Sensors.cc:378] SensorsPrivate::RenderThread started
(2023-03-09T22:19:34.367014334) (2023-03-09T22:19:34.367032074) [Dbg] [Sensors.cc:228] Waiting for init
(2023-03-09T22:19:34.368520705) (2023-03-09T22:19:34.368531095) [Dbg] [SystemManager.cc:58] Loaded system [ignition::gazebo::systems::AirPressure] for entity [1]
(2023-03-09T22:19:34.370246217) (2023-03-09T22:19:34.370256957) [Dbg] [SystemManager.cc:58] Loaded system [ignition::gazebo::systems::Altimeter] for entity [1]
(2023-03-09T22:19:34.371768619) (2023-03-09T22:19:34.371781109) [Dbg] [SystemManager.cc:58] Loaded system [ignition::gazebo::systems::Imu] for entity [1]
(2023-03-09T22:19:34.373474471) (2023-03-09T22:19:34.373485831) [Dbg] [SystemManager.cc:58] Loaded system [ignition::gazebo::systems::Magnetometer] for entity [1]
(2023-03-09T22:19:34.375173953) (2023-03-09T22:19:34.375183833) [Dbg] [SystemManager.cc:58] Loaded system [ignition::gazebo::systems::ForceTorque] for entity [1]
(2023-03-09T22:19:34.376458584) (2023-03-09T22:19:34.376469754) [Msg] Serving particle emitter information on [/world/simple_demo/particle_emitters]
(2023-03-09T22:19:34.376517624) (2023-03-09T22:19:34.376526654) [Dbg] [SystemManager.cc:58] Loaded system [ignition::gazebo::systems::ParticleEmitter2] for entity [1]
(2023-03-09T22:19:34.379224456) (2023-03-09T22:19:34.379243706) [Dbg] [SystemManager.cc:58] Loaded system [ignition::gazebo::systems::SceneBroadcaster] for entity [1]
(2023-03-09T22:19:34.381930029) (2023-03-09T22:19:34.381953659) [Dbg] [SystemManager.cc:58] Loaded system [ignition::gazebo::systems::Contact] for entity [1]
(2023-03-09T22:19:34.384268552) (2023-03-09T22:19:34.384290932) [Dbg] [RFComms.cc:385] Range configuration:
RF Configuration (range-based)
-- max_range: 500000
-- fading_exponent: 2.6
-- l0: 40
-- sigma: 10

(2023-03-09T22:19:34.384463382) (2023-03-09T22:19:34.384481162) [Dbg] [RFComms.cc:388] Radio configuration:
Radio Configuration
-- capacity: 1e+06
-- tx_power: 25
-- noise_floor: -90
-- modulation: QPSK

(2023-03-09T22:19:34.384891613) (2023-03-09T22:19:34.384912503) [Dbg] [Broker.cc:113] Broker services:
(2023-03-09T22:19:34.384959683) (2023-03-09T22:19:34.384977973) [Dbg] [Broker.cc:114]   Bind: [/broker/bind]
(2023-03-09T22:19:34.385036123) (2023-03-09T22:19:34.385053383) [Dbg] [Broker.cc:115]   Unbind: [/broker/unbind]
(2023-03-09T22:19:34.385109243) (2023-03-09T22:19:34.385126253) [Dbg] [Broker.cc:116] Broker topics:
(2023-03-09T22:19:34.385167833) (2023-03-09T22:19:34.385184783) [Dbg] [Broker.cc:117]   Incoming messages: [/broker/msgs]
(2023-03-09T22:19:34.385248283) (2023-03-09T22:19:34.385266743) [Dbg] [SystemManager.cc:58] Loaded system [ignition::gazebo::systems::RFComms] for entity [1]
(2023-03-09T22:19:34.388720317) (2023-03-09T22:19:34.388731377) [Dbg] [RFRange.cc:339] RFRange sensor range configuration:
RF Configuration (range-based)
-- max_range: 500000
-- fading_exponent: 2.6
-- l0: 40
-- sigma: 0.005
-- rssi_1: -15

(2023-03-09T22:19:34.388832117) (2023-03-09T22:19:34.388842107) [Dbg] [RFRange.cc:342] RFRange sensor radio configuration:
Radio Configuration
-- tx_power: 25
-- noise_floor: -90

(2023-03-09T22:19:34.388913057) (2023-03-09T22:19:34.388922227) [Dbg] [SystemManager.cc:58] Loaded system [ignition::gazebo::systems::RFRange] for entity [1]
(2023-03-09T22:19:34.392500420) (2023-03-09T22:19:34.392511860) [Msg] Overwriting existing file [/tmp/ign/mbzirc/playback/state.tlog]
(2023-03-09T22:19:34.556065682) (2023-03-09T22:19:34.556084842) [Msg] Recording to log file [/tmp/ign/mbzirc/playback/state.tlog]
(2023-03-09T22:19:34.556134672) (2023-03-09T22:19:34.556142912) [Dbg] [LogRecord.cc:334] Recording default topic[/playback/sdf].
(2023-03-09T22:19:34.556168102) (2023-03-09T22:19:34.556176972) [Dbg] [LogRecord.cc:335] Recording default topic[/world/simple_demo/changed_state].
(2023-03-09T22:19:34.592585279) (2023-03-09T22:19:34.592609019) [Dbg] [SystemManager.cc:58] Loaded system [ignition::gazebo::systems::LogRecord] for entity [1]
(2023-03-09T22:19:34.595558671) (2023-03-09T22:19:34.595579891) [Dbg] [SystemManager.cc:58] Loaded system [ignition::gazebo::systems::WindEffects] for entity [1]
(2023-03-09T22:19:34.600239096) (2023-03-09T22:19:34.600250346) [Msg] MBZIRC log path: /tmp/ign/mbzirc/logs
(2023-03-09T22:19:34.600603297) (2023-03-09T22:19:34.600612707) [Msg] Run duration set to 3600 seconds.
(2023-03-09T22:19:34.600671377) (2023-03-09T22:19:34.600681157) [Msg] Geofence boundary min: -70 -70 -25, max: 70 70 121.92
(2023-03-09T22:19:34.600767577) (2023-03-09T22:19:34.600777417) [Msg] Start area boundary min: -15 -15 -5, max: 15 15 5
(2023-03-09T22:19:34.600867897) (2023-03-09T22:19:34.600883007) [Msg] Setup duration set to 600 seconds.
(2023-03-09T22:19:34.600926967) (2023-03-09T22:19:34.600942397) [Msg] Target vessel: Vessel A
(2023-03-09T22:19:34.601013867) (2023-03-09T22:19:34.601030137) [Msg]   Small object: small_blue_box_a
(2023-03-09T22:19:34.601073087) (2023-03-09T22:19:34.601087817) [Msg]   Small object: small_blue_box_a_duplicate
(2023-03-09T22:19:34.601128387) (2023-03-09T22:19:34.601142797) [Msg]   Large object: large_dry_box_a
(2023-03-09T22:19:34.601186877) (2023-03-09T22:19:34.601202987) [Msg]   Large object: large_dry_box_a_duplicate
(2023-03-09T22:19:34.602518929) (2023-03-09T22:19:34.602530329) [Msg] Starting MBZIRC
(2023-03-09T22:19:34.602633149) (2023-03-09T22:19:34.602643169) [Dbg] [SystemManager.cc:58] Loaded system [mbzirc::GameLogicPlugin] for entity [1]
(2023-03-09T22:19:34.607859753) (2023-03-09T22:19:34.607871783) [Msg] Using Pierson-Moskowitz spectrum sampling wavefield model 
(2023-03-09T22:19:34.608138354) (2023-03-09T22:19:34.608147804) [Msg] Using Pierson-Moskowitz spectrum sampling wavefield model 
(2023-03-09T22:19:34.863713217) (2023-03-09T22:19:34.863736567) [Msg] Input Parameters:
(2023-03-09T22:19:34.863786367) (2023-03-09T22:19:34.863801867) [Msg] model:     PMS
(2023-03-09T22:19:34.863852287) (2023-03-09T22:19:34.863869197) [Msg] number:     3
(2023-03-09T22:19:34.863918467) (2023-03-09T22:19:34.863935087) [Msg] scale:      1.1
(2023-03-09T22:19:34.863987377) (2023-03-09T22:19:34.864004067) [Msg] angle:      0.4
(2023-03-09T22:19:34.864053107) (2023-03-09T22:19:34.864069797) [Msg] steepness:  0
(2023-03-09T22:19:34.864116067) (2023-03-09T22:19:34.864133407) [Msg] amplitude:  0
(2023-03-09T22:19:34.864179447) (2023-03-09T22:19:34.864196407) [Msg] period:     5
(2023-03-09T22:19:34.864242277) (2023-03-09T22:19:34.864260927) [Msg] direction:  1 0
(2023-03-09T22:19:34.864331428) (2023-03-09T22:19:34.864347958) [Msg] tau:  2
(2023-03-09T22:19:34.864395648) (2023-03-09T22:19:34.864412298) [Msg] gain:  0.3
(2023-03-09T22:19:34.864459058) (2023-03-09T22:19:34.864476128) [Msg] Derived Parameters:
(2023-03-09T22:19:34.864515798) (2023-03-09T22:19:34.864533088) [Msg] amplitudes:  0.0363502, 0.0392277, 0.0385703, 
(2023-03-09T22:19:34.864644788) (2023-03-09T22:19:34.864661908) [Msg] wavenumbers: 0.133171, 0.161136, 0.194975, 
(2023-03-09T22:19:34.864747518) (2023-03-09T22:19:34.864765028) [Msg] omegas:      1.1424, 1.25664, 1.3823, 
(2023-03-09T22:19:34.864850008) (2023-03-09T22:19:34.864867268) [Msg] periods:     (2023-03-09T22:19:34.864911138) (2023-03-09T22:19:34.864928658) [Msg] 5.5, (2023-03-09T22:19:34.864971788) (2023-03-09T22:19:34.864989238) [Msg] 5, (2023-03-09T22:19:34.865028638) (2023-03-09T22:19:34.865045958) [Msg] 4.54545, (2023-03-09T22:19:34.865085358) (2023-03-09T22:19:34.865102758) [Msg] 
(2023-03-09T22:19:34.865134568) (2023-03-09T22:19:34.865151269) [Msg] phases:      0, 0, 0, 
(2023-03-09T22:19:34.865235089) (2023-03-09T22:19:34.865251749) [Msg] steepnesses: 0, 0, 0, 
(2023-03-09T22:19:34.865332789) (2023-03-09T22:19:34.865350119) [Msg] directions:  (2023-03-09T22:19:34.865389109) (2023-03-09T22:19:34.865405659) [Msg] 0.921061 -0.389418; (2023-03-09T22:19:34.865465839) (2023-03-09T22:19:34.865483039) [Msg] 1 0; (2023-03-09T22:19:34.865536319) (2023-03-09T22:19:34.865553359) [Msg] 0.921061 0.389418; (2023-03-09T22:19:34.865608689) (2023-03-09T22:19:34.865626189) [Msg] 
(2023-03-09T22:19:34.866357750) (2023-03-09T22:19:34.866376580) [Dbg] [SystemManager.cc:58] Loaded system [ignition::gazebo::systems::WaveVisual] for entity [23]
(2023-03-09T22:19:34.871354686) (2023-03-09T22:19:34.871380126) [Msg] Using Pierson-Moskowitz spectrum sampling wavefield model 
(2023-03-09T22:19:34.871818876) (2023-03-09T22:19:34.871843876) [Msg] Using Pierson-Moskowitz spectrum sampling wavefield model 
(2023-03-09T22:19:34.871935256) (2023-03-09T22:19:34.871956156) [Msg] Input Parameters:
(2023-03-09T22:19:34.872003226) (2023-03-09T22:19:34.872023046) [Msg] model:     PMS
(2023-03-09T22:19:34.872055146) (2023-03-09T22:19:34.872065236) [Msg] number:     3
(2023-03-09T22:19:34.872089996) (2023-03-09T22:19:34.872099496) [Msg] scale:      1.1
(2023-03-09T22:19:34.872126396) (2023-03-09T22:19:34.872135846) [Msg] angle:      0.4
(2023-03-09T22:19:34.872161226) (2023-03-09T22:19:34.872170106) [Msg] steepness:  0
(2023-03-09T22:19:34.872194776) (2023-03-09T22:19:34.872203736) [Msg] amplitude:  0
(2023-03-09T22:19:34.872227837) (2023-03-09T22:19:34.872236207) [Msg] period:     5
(2023-03-09T22:19:34.872262367) (2023-03-09T22:19:34.872270957) [Msg] direction:  1 0
(2023-03-09T22:19:34.872302707) (2023-03-09T22:19:34.872311047) [Msg] tau:  2
(2023-03-09T22:19:34.872335157) (2023-03-09T22:19:34.872343607) [Msg] gain:  0.3
(2023-03-09T22:19:34.872367957) (2023-03-09T22:19:34.872375867) [Msg] Derived Parameters:
(2023-03-09T22:19:34.872411097) (2023-03-09T22:19:34.872422447) [Msg] amplitudes:  0.0363502, 0.0392277, 0.0385703, 
(2023-03-09T22:19:34.872486027) (2023-03-09T22:19:34.872499297) [Msg] wavenumbers: 0.133171, 0.161136, 0.194975, 
(2023-03-09T22:19:34.872562957) (2023-03-09T22:19:34.872575217) [Msg] omegas:      1.1424, 1.25664, 1.3823, 
(2023-03-09T22:19:34.872639227) (2023-03-09T22:19:34.872652547) [Msg] periods:     (2023-03-09T22:19:34.872676677) (2023-03-09T22:19:34.872689147) [Msg] 5.5, (2023-03-09T22:19:34.872723567) (2023-03-09T22:19:34.872737927) [Msg] 5, (2023-03-09T22:19:34.872770837) (2023-03-09T22:19:34.872783797) [Msg] 4.54545, (2023-03-09T22:19:34.872817847) (2023-03-09T22:19:34.872830877) [Msg] 
(2023-03-09T22:19:34.872857617) (2023-03-09T22:19:34.872870527) [Msg] phases:      0, 0, 0, 
(2023-03-09T22:19:34.872942527) (2023-03-09T22:19:34.872956847) [Msg] steepnesses: 0, 0, 0, 
(2023-03-09T22:19:34.873028917) (2023-03-09T22:19:34.873043357) [Msg] directions:  (2023-03-09T22:19:34.873070057) (2023-03-09T22:19:34.873084467) [Msg] 0.921061 -0.389418; (2023-03-09T22:19:34.873125507) (2023-03-09T22:19:34.873137527) [Msg] 1 0; (2023-03-09T22:19:34.873181367) (2023-03-09T22:19:34.873195057) [Msg] 0.921061 0.389418; (2023-03-09T22:19:34.873239627) (2023-03-09T22:19:34.873253817) [Msg] 
(2023-03-09T22:19:34.873308147) (2023-03-09T22:19:34.873322917) [Dbg] [Surface.cc:161] Surface plugin successfully configured with the following parameters:
(2023-03-09T22:19:34.873367197) (2023-03-09T22:19:34.873381227) [Dbg] [Surface.cc:163]   <link_name>: link
(2023-03-09T22:19:34.873421917) (2023-03-09T22:19:34.873433227) [Dbg] [Surface.cc:164]   <vehicle_length>: 6
(2023-03-09T22:19:34.873472037) (2023-03-09T22:19:34.873483967) [Dbg] [Surface.cc:165]   <vehicle_width>: 3.3
(2023-03-09T22:19:34.873520017) (2023-03-09T22:19:34.873533077) [Dbg] [Surface.cc:166]   <hull_radius>: 1.9
(2023-03-09T22:19:34.873574777) (2023-03-09T22:19:34.873586697) [Dbg] [Surface.cc:167]   <num_samples>: 2
(2023-03-09T22:19:34.873627228) (2023-03-09T22:19:34.873641848) [Dbg] [Surface.cc:168]   <fluid_level>: 0.45
(2023-03-09T22:19:34.873683568) (2023-03-09T22:19:34.873697028) [Dbg] [Surface.cc:169]   <fluid_density>: 997.774
(2023-03-09T22:19:34.873762268) (2023-03-09T22:19:34.873776248) [Dbg] [SystemManager.cc:58] Loaded system [ignition::gazebo::systems::Surface] for entity [24]
(2023-03-09T22:19:34.875589939) (2023-03-09T22:19:34.875601429) [Dbg] [SimpleHydrodynamics.cc:167] SimpleHydrodynamics plugin successfully configured with the following parameters:
(2023-03-09T22:19:34.875629609) (2023-03-09T22:19:34.875637549) [Dbg] [SimpleHydrodynamics.cc:169]   <link_name>: link
(2023-03-09T22:19:34.875669789) (2023-03-09T22:19:34.875678229) [Dbg] [SimpleHydrodynamics.cc:170]   <xDotU>: 0
(2023-03-09T22:19:34.875706989) (2023-03-09T22:19:34.875715619) [Dbg] [SimpleHydrodynamics.cc:171]   <yDotV>: 0
(2023-03-09T22:19:34.875739919) (2023-03-09T22:19:34.875748709) [Dbg] [SimpleHydrodynamics.cc:172]   <zDotW>: 0.1
(2023-03-09T22:19:34.875773199) (2023-03-09T22:19:34.875781949) [Dbg] [SimpleHydrodynamics.cc:173]   <kDotP>: 0.1
(2023-03-09T22:19:34.875807259) (2023-03-09T22:19:34.875815129) [Dbg] [SimpleHydrodynamics.cc:174]   <mDotQ>: 0.1
(2023-03-09T22:19:34.875839409) (2023-03-09T22:19:34.875848349) [Dbg] [SimpleHydrodynamics.cc:175]   <nDotR>: 0
(2023-03-09T22:19:34.875872889) (2023-03-09T22:19:34.875881819) [Dbg] [SimpleHydrodynamics.cc:176]   <xU>: 510.3
(2023-03-09T22:19:34.875907649) (2023-03-09T22:19:34.875915469) [Dbg] [SimpleHydrodynamics.cc:177]   <xUU>: 720.4
(2023-03-09T22:19:34.875940599) (2023-03-09T22:19:34.875949009) [Dbg] [SimpleHydrodynamics.cc:178]   <yV>: 400
(2023-03-09T22:19:34.875974549) (2023-03-09T22:19:34.875982719) [Dbg] [SimpleHydrodynamics.cc:179]   <yVV>: 0
(2023-03-09T22:19:34.876007249) (2023-03-09T22:19:34.876015519) [Dbg] [SimpleHydrodynamics.cc:180]   <zW>: 5000
(2023-03-09T22:19:34.876039889) (2023-03-09T22:19:34.876048229) [Dbg] [SimpleHydrodynamics.cc:181]   <zWW>: 0
(2023-03-09T22:19:34.876073699) (2023-03-09T22:19:34.876082419) [Dbg] [SimpleHydrodynamics.cc:182]   <kP>: 500
(2023-03-09T22:19:34.876110639) (2023-03-09T22:19:34.876119140) [Dbg] [SimpleHydrodynamics.cc:183]   <kPP>: 0
(2023-03-09T22:19:34.876142270) (2023-03-09T22:19:34.876151030) [Dbg] [SimpleHydrodynamics.cc:184]   <mQ>: 500
(2023-03-09T22:19:34.876176720) (2023-03-09T22:19:34.876185680) [Dbg] [SimpleHydrodynamics.cc:185]   <mQQ>: 0
(2023-03-09T22:19:34.876209880) (2023-03-09T22:19:34.876217960) [Dbg] [SimpleHydrodynamics.cc:186]   <nR>: 15000
(2023-03-09T22:19:34.876242230) (2023-03-09T22:19:34.876250960) [Dbg] [SimpleHydrodynamics.cc:187]   <nRR>: 0
(2023-03-09T22:19:34.876280660) (2023-03-09T22:19:34.876289290) [Dbg] [SystemManager.cc:58] Loaded system [ignition::gazebo::systems::SimpleHydrodynamics] for entity [24]
(2023-03-09T22:19:34.881285566) (2023-03-09T22:19:34.881294816) [Dbg] [SystemManager.cc:58] Loaded system [ignition::gazebo::systems::DetachableJoint] for entity [28]
(2023-03-09T22:19:34.881770326) (2023-03-09T22:19:34.881780396) [Dbg] [SystemManager.cc:58] Loaded system [ignition::gazebo::systems::DetachableJoint] for entity [44]
(2023-03-09T22:19:34.882567967) (2023-03-09T22:19:34.882579047) [Dbg] [SystemManager.cc:58] Loaded system [ignition::gazebo::systems::DetachableJoint] for entity [60]
(2023-03-09T22:19:34.883344018) (2023-03-09T22:19:34.883355828) [Dbg] [SystemManager.cc:58] Loaded system [ignition::gazebo::systems::DetachableJoint] for entity [112]
(2023-03-09T22:19:34.884771999) (2023-03-09T22:19:34.884783519) [Dbg] [SystemManager.cc:58] Loaded system [ignition::gazebo::systems::CommsEndpoint] for entity [164]
(2023-03-09T22:19:34.884954039) (2023-03-09T22:19:34.884965459) [Dbg] [SystemManager.cc:58] Loaded system [ignition::gazebo::systems::CommsEndpoint] for entity [164]
(2023-03-09T22:19:34.886426150) (2023-03-09T22:19:34.886438750) [Dbg] [SystemManager.cc:58] Loaded system [mbzirc::BaseStation] for entity [164]
(2023-03-09T22:19:34.888215972) (2023-03-09T22:19:34.888227832) [Msg] EntityDetector publishing messages on [/mbzirc/target_object_detector/dropped]
(2023-03-09T22:19:34.888381032) (2023-03-09T22:19:34.888391712) [Dbg] [SystemManager.cc:58] Loaded system [mbzirc::EntityDetector] for entity [168]
(2023-03-09T22:19:34.888478802) (2023-03-09T22:19:34.888487822) [Msg] Loaded level [3]
(2023-03-09T22:19:34.888751722) (2023-03-09T22:19:34.888762592) [Msg] Serving world controls on [/world/simple_demo/control], [/world/simple_demo/control/state] and [/world/simple_demo/playback/control]
(2023-03-09T22:19:34.888871363) (2023-03-09T22:19:34.888881093) [Msg] Serving GUI information on [/world/simple_demo/gui/info]
(2023-03-09T22:19:34.888917883) (2023-03-09T22:19:34.888926253) [Msg] World [simple_demo] initialized with [4ms] physics profile.
(2023-03-09T22:19:34.889045073) (2023-03-09T22:19:34.889055123) [Msg] Serving world SDF generation service on [/world/simple_demo/generate_world_sdf]
(2023-03-09T22:19:34.889135413) (2023-03-09T22:19:34.889145153) [Msg] Serving world names on [/gazebo/worlds]
(2023-03-09T22:19:34.889209743) (2023-03-09T22:19:34.889218493) [Msg] Resource path add service on [/gazebo/resource_paths/add].
(2023-03-09T22:19:34.889282223) (2023-03-09T22:19:34.889292383) [Msg] Resource path get service on [/gazebo/resource_paths/get].
(2023-03-09T22:19:34.989559232) (2023-03-09T22:19:34.989581942) [Msg] Resource path resolve service on [/gazebo/resource_paths/resolve].
(2023-03-09T22:19:34.989733622) (2023-03-09T22:19:34.989756632) [Msg] Resource paths published on [/gazebo/resource_paths].
(2023-03-09T22:19:34.989960173) (2023-03-09T22:19:34.989978453) [Msg] Server control service on [/server_control].
(2023-03-09T22:19:34.990200013) (2023-03-09T22:19:34.990219783) [Msg] Found no publishers on /stats, adding root stats topic
(2023-03-09T22:19:34.990380053) (2023-03-09T22:19:34.990398283) [Msg] Found no publishers on /clock, adding root clock topic
(2023-03-09T22:19:34.990676983) (2023-03-09T22:19:34.990698773) [Dbg] [SimulationRunner.cc:491] Creating PostUpdate worker threads: 13
(2023-03-09T22:19:34.990754703) (2023-03-09T22:19:34.990782164) [Dbg] [SimulationRunner.cc:502] Creating postupdate worker thread (0)
(2023-03-09T22:19:34.990942984) (2023-03-09T22:19:34.990963704) [Dbg] [SimulationRunner.cc:502] Creating postupdate worker thread (1)
(2023-03-09T22:19:34.991058974) (2023-03-09T22:19:34.991079114) [Dbg] [SimulationRunner.cc:502] Creating postupdate worker thread (2)
(2023-03-09T22:19:34.991166614) (2023-03-09T22:19:34.991185634) [Dbg] [SimulationRunner.cc:502] Creating postupdate worker thread (3)
(2023-03-09T22:19:34.991275004) (2023-03-09T22:19:34.991293844) [Dbg] [SimulationRunner.cc:502] Creating postupdate worker thread (4)
(2023-03-09T22:19:34.991398674) (2023-03-09T22:19:34.991426614) [Dbg] [SimulationRunner.cc:502] Creating postupdate worker thread (5)
(2023-03-09T22:19:34.991560644) (2023-03-09T22:19:34.991590284) [Dbg] [SimulationRunner.cc:502] Creating postupdate worker thread (6)
(2023-03-09T22:19:34.991739045) (2023-03-09T22:19:34.991770345) [Dbg] [SimulationRunner.cc:502] Creating postupdate worker thread (7)
(2023-03-09T22:19:34.991918275) (2023-03-09T22:19:34.991947615) [Dbg] [SimulationRunner.cc:502] Creating postupdate worker thread (8)
(2023-03-09T22:19:34.992090275) (2023-03-09T22:19:34.992120855) [Dbg] [SimulationRunner.cc:502] Creating postupdate worker thread (9)
(2023-03-09T22:19:34.992270135) (2023-03-09T22:19:34.992298855) [Dbg] [SimulationRunner.cc:502] Creating postupdate worker thread (10)
(2023-03-09T22:19:34.992454265) (2023-03-09T22:19:34.992481636) [Dbg] [SimulationRunner.cc:502] Creating postupdate worker thread (11)
(2023-03-09T22:19:35.91143793) (2023-03-09T22:19:35.91169593) [Msg] Particle emitter[simple_demo::dust_storm::link::dust_storm] subscribed to command messages on topic[/model/dust_storm/link/link/particle_emitter/dust_storm/cmd]
(2023-03-09T22:19:35.91414553) (2023-03-09T22:19:35.91433823) [Msg] Particle emitter[simple_demo::fog::link::fog] subscribed to command messages on topic[/model/fog/link/link/particle_emitter/fog/cmd]
(2023-03-09T22:19:35.93468715) (2023-03-09T22:19:35.93490645) [Msg] DetachableJoint subscribing to messages on [/Vessel_A/detach]
(2023-03-09T22:19:35.93642866) (2023-03-09T22:19:35.93661606) [Msg] DetachableJoint subscribing to messages on [/Vessel_A/detach]
(2023-03-09T22:19:35.93797796) (2023-03-09T22:19:35.93817156) [Msg] DetachableJoint subscribing to messages on [/Vessel_A/detach]
(2023-03-09T22:19:35.93950106) (2023-03-09T22:19:35.93969226) [Msg] DetachableJoint subscribing to messages on [/Vessel_A/detach]
(2023-03-09T22:19:35.94185456) (2023-03-09T22:19:35.94204386) [Msg] Address [base_station/target] bound to model [base_station] on topic [base_station/target]
(2023-03-09T22:19:35.94296136) (2023-03-09T22:19:35.94314506) [Dbg] [CommsEndpoint.cc:89] Succesfuly bound to [base_station/target] on topic [base_station/target]
(2023-03-09T22:19:35.94457537) (2023-03-09T22:19:35.94476917) [Msg] Address [base_station/video] bound to model [base_station] on topic [base_station/video]
(2023-03-09T22:19:35.94564987) (2023-03-09T22:19:35.94582647) [Dbg] [CommsEndpoint.cc:89] Succesfuly bound to [base_station/video] on topic [base_station/video]
(2023-03-09T22:19:35.173505605) (2023-03-09T22:19:35.173524385) [Dbg] [Physics.cc:1593] Creating detachable joint [170]
(2023-03-09T22:19:35.173703285) (2023-03-09T22:19:35.173715216) [Dbg] [Physics.cc:1593] Creating detachable joint [171]
(2023-03-09T22:19:35.173861186) (2023-03-09T22:19:35.173873086) [Dbg] [Physics.cc:1593] Creating detachable joint [172]
(2023-03-09T22:19:35.174237906) (2023-03-09T22:19:35.174250656) [Dbg] [Physics.cc:1593] Creating detachable joint [173]
(2023-03-09T22:19:35.175705367) (2023-03-09T22:19:35.175719117) [Dbg] [SimulationFeatures.cc:63] Simulation timestep set to: 0.004
(2023-03-09T22:19:35.186577698) (2023-03-09T22:19:35.186601188) [Msg] Serving scene information on [/world/simple_demo/scene/info]
(2023-03-09T22:19:35.186763318) (2023-03-09T22:19:35.186779968) [Msg] Serving graph information on [/world/simple_demo/scene/graph]
(2023-03-09T22:19:35.186898088) (2023-03-09T22:19:35.186912748) [Msg] Serving full state on [/world/simple_demo/state]
(2023-03-09T22:19:35.187025258) (2023-03-09T22:19:35.187038798) [Msg] Serving full state (async) on [/world/simple_demo/state_async]
(2023-03-09T22:19:35.187163619) (2023-03-09T22:19:35.187183239) [Msg] Publishing scene information on [/world/simple_demo/scene/info]
(2023-03-09T22:19:35.187347539) (2023-03-09T22:19:35.187368579) [Msg] Publishing entity deletions on [/world/simple_demo/scene/deletion]
(2023-03-09T22:19:35.187489169) (2023-03-09T22:19:35.187511329) [Msg] Publishing state changes on [/world/simple_demo/state]
(2023-03-09T22:19:35.187668499) (2023-03-09T22:19:35.187687019) [Msg] Publishing pose messages on [/world/simple_demo/pose/info]
(2023-03-09T22:19:35.187807479) (2023-03-09T22:19:35.187827849) [Msg] Publishing dynamic pose messages on [/world/simple_demo/dynamic_pose/info]
(2023-03-09T22:19:35.188161960) (2023-03-09T22:19:35.188181210) [Dbg] [EntityComponentManager.cc:1587] Updated state thread iterators: 24 threads processing around 8 entities each.
(2023-03-09T22:19:35.188435160) (2023-03-09T22:19:35.188456670) [Wrn] [Model.hh:69] 2023-03-09T22:19:35.188472080) (2023-03-09T22:19:35.188524950) Skipping serialization / deserialization for models with //pose/@relative_to attribute.
[Wrn] [Model.hh:69] Skipping serialization / deserialization for models with //pose/@relative_to attribute.
(2023-03-09T22:19:35.188894911) (2023-03-09T22:19:35.188912871) [Wrn] [Component.hh:144] Trying to serialize component with data type [N3sdf3v125WorldE], which doesn't have `operator<<`. Component will not be serialized.
(2023-03-09T22:19:35.214390175) (2023-03-09T22:19:35.214416505) [Dbg] [EntityComponentManager.cc:1587] Updated state thread iterators: 24 threads processing around 8 entities each.
(2023-03-09T22:19:50.934469125) (2023-03-09T22:19:50.934482175) [Msg] Linear velocity initialized to [0 0 0]
(2023-03-09T22:19:50.934532575) (2023-03-09T22:19:50.934540315) [Msg] Angular velocity initialized to [0 0 0]
(2023-03-09T22:19:50.934695665) (2023-03-09T22:19:50.934706095) [Msg] VelocityControl subscribing to twist messages on [/model/usv/cmd_vel]
(2023-03-09T22:19:50.934740985) (2023-03-09T22:19:50.934749015) [Dbg] [SystemManager.cc:58] Loaded system [ignition::gazebo::systems::VelocityControl] for entity [174]
(2023-03-09T22:19:50.935998387) (2023-03-09T22:19:50.936009507) [Dbg] [OdometryPublisher.cc:191] OdometryPublisher system plugin missing <dimensions>, defaults to "2"
(2023-03-09T22:19:50.936182187) (2023-03-09T22:19:50.936191957) [Msg] OdometryPublisher publishing odometry on [/model/usv/odometry]
(2023-03-09T22:19:50.936289507) (2023-03-09T22:19:50.936300697) [Msg] OdometryPublisher publishing odometry with covariance on [/model/usv/odometry_with_covariance]
(2023-03-09T22:19:50.936402027) (2023-03-09T22:19:50.936412757) [Msg] OdometryPublisher publishing Pose_V (TF) on [/model/usv/pose]
(2023-03-09T22:19:50.936447257) (2023-03-09T22:19:50.936456107) [Dbg] [SystemManager.cc:58] Loaded system [ignition::gazebo::systems::OdometryPublisher] for entity [174]
(2023-03-09T22:19:50.938252799) (2023-03-09T22:19:50.938264029) [Msg] Thruster listening to commands in [/model/usv/joint/left_engine_propeller_joint/cmd_thrust]
(2023-03-09T22:19:50.938329269) (2023-03-09T22:19:50.938337579) [Dbg] [Thruster.cc:288] Using velocity control for propeller joint.
(2023-03-09T22:19:50.938360900) (2023-03-09T22:19:50.938368530) [Dbg] [SystemManager.cc:58] Loaded system [ignition::gazebo::systems::Thruster] for entity [174]
(2023-03-09T22:19:50.939624661) (2023-03-09T22:19:50.939635801) [Dbg] [JointPositionController.cc:205] [JointPositionController] system parameters:
(2023-03-09T22:19:50.939681021) (2023-03-09T22:19:50.939689491) [Dbg] [JointPositionController.cc:206] p_gain: [1]
(2023-03-09T22:19:50.939722191) (2023-03-09T22:19:50.939731101) [Dbg] [JointPositionController.cc:207] i_gain: [0.1]
(2023-03-09T22:19:50.939760331) (2023-03-09T22:19:50.939770021) [Dbg] [JointPositionController.cc:208] d_gain: [0.01]
(2023-03-09T22:19:50.939797581) (2023-03-09T22:19:50.939806551) [Dbg] [JointPositionController.cc:209] i_max: [1]
(2023-03-09T22:19:50.939842201) (2023-03-09T22:19:50.939849521) [Dbg] [JointPositionController.cc:210] i_min: [-1]
(2023-03-09T22:19:50.939878081) (2023-03-09T22:19:50.939886711) [Dbg] [JointPositionController.cc:211] cmd_max: [1000]
(2023-03-09T22:19:50.939916161) (2023-03-09T22:19:50.939924101) [Dbg] [JointPositionController.cc:212] cmd_min: [-1000]
(2023-03-09T22:19:50.939951871) (2023-03-09T22:19:50.939960241) [Dbg] [JointPositionController.cc:213] cmd_offset: [0]
(2023-03-09T22:19:50.939989081) (2023-03-09T22:19:50.939998991) [Dbg] [JointPositionController.cc:214] Topic: [usv/left/thruster/joint/cmd_pos]
(2023-03-09T22:19:50.940027811) (2023-03-09T22:19:50.940036751) [Dbg] [JointPositionController.cc:215] initial_position: [0]
(2023-03-09T22:19:50.940068371) (2023-03-09T22:19:50.940077311) [Dbg] [SystemManager.cc:58] Loaded system [ignition::gazebo::systems::JointPositionController] for entity [174]
(2023-03-09T22:19:50.940375412) (2023-03-09T22:19:50.940386642) [Msg] Thruster listening to commands in [/model/usv/joint/right_engine_propeller_joint/cmd_thrust]
(2023-03-09T22:19:50.940435212) (2023-03-09T22:19:50.940444162) [Dbg] [Thruster.cc:288] Using velocity control for propeller joint.
(2023-03-09T22:19:50.940468872) (2023-03-09T22:19:50.940477662) [Dbg] [SystemManager.cc:58] Loaded system [ignition::gazebo::systems::Thruster] for entity [174]
(2023-03-09T22:19:50.940719542) (2023-03-09T22:19:50.940730612) [Dbg] [JointPositionController.cc:205] [JointPositionController] system parameters:
(2023-03-09T22:19:50.940754522) (2023-03-09T22:19:50.940764282) [Dbg] [JointPositionController.cc:206] p_gain: [1]
(2023-03-09T22:19:50.940796412) (2023-03-09T22:19:50.940804972) [Dbg] [JointPositionController.cc:207] i_gain: [0.1]
(2023-03-09T22:19:50.940834572) (2023-03-09T22:19:50.940843532) [Dbg] [JointPositionController.cc:208] d_gain: [0.01]
(2023-03-09T22:19:50.940873272) (2023-03-09T22:19:50.940882792) [Dbg] [JointPositionController.cc:209] i_max: [1]
(2023-03-09T22:19:50.940912312) (2023-03-09T22:19:50.940920242) [Dbg] [JointPositionController.cc:210] i_min: [-1]
(2023-03-09T22:19:50.940949222) (2023-03-09T22:19:50.940958312) [Dbg] [JointPositionController.cc:211] cmd_max: [1000]
(2023-03-09T22:19:50.940986902) (2023-03-09T22:19:50.940995432) [Dbg] [JointPositionController.cc:212] cmd_min: [-1000]
(2023-03-09T22:19:50.941028172) (2023-03-09T22:19:50.941036482) [Dbg] [JointPositionController.cc:213] cmd_offset: [0]
(2023-03-09T22:19:50.941063372) (2023-03-09T22:19:50.941072082) [Dbg] [JointPositionController.cc:214] Topic: [usv/right/thruster/joint/cmd_pos]
(2023-03-09T22:19:50.941099722) (2023-03-09T22:19:50.941107742) [Dbg] [JointPositionController.cc:215] initial_position: [0]
(2023-03-09T22:19:50.941140132) (2023-03-09T22:19:50.941149472) [Dbg] [SystemManager.cc:58] Loaded system [ignition::gazebo::systems::JointPositionController] for entity [174]
(2023-03-09T22:19:50.941377242) (2023-03-09T22:19:50.941387822) [Msg] Using Pierson-Moskowitz spectrum sampling wavefield model 
(2023-03-09T22:19:50.941515022) (2023-03-09T22:19:50.941524402) [Msg] Using Pierson-Moskowitz spectrum sampling wavefield model 
(2023-03-09T22:19:50.941584912) (2023-03-09T22:19:50.941594012) [Msg] Input Parameters:
(2023-03-09T22:19:50.941624672) (2023-03-09T22:19:50.941636802) [Msg] model:     PMS
(2023-03-09T22:19:50.941664452) (2023-03-09T22:19:50.941676662) [Msg] number:     3
(2023-03-09T22:19:50.941709243) (2023-03-09T22:19:50.941721133) [Msg] scale:      1.1
(2023-03-09T22:19:50.941752703) (2023-03-09T22:19:50.941763853) [Msg] angle:      0.4
(2023-03-09T22:19:50.941793093) (2023-03-09T22:19:50.941801813) [Msg] steepness:  0
(2023-03-09T22:19:50.941834983) (2023-03-09T22:19:50.941844093) [Msg] amplitude:  0
(2023-03-09T22:19:50.941876933) (2023-03-09T22:19:50.941886383) [Msg] period:     5
(2023-03-09T22:19:50.941916173) (2023-03-09T22:19:50.941924753) [Msg] direction:  1 0
(2023-03-09T22:19:50.941966663) (2023-03-09T22:19:50.941980143) [Msg] tau:  2
(2023-03-09T22:19:50.942007293) (2023-03-09T22:19:50.942020993) [Msg] gain:  0.3
(2023-03-09T22:19:50.942056233) (2023-03-09T22:19:50.942065043) [Msg] Derived Parameters:
(2023-03-09T22:19:50.942087563) (2023-03-09T22:19:50.942098173) [Msg] amplitudes:  0.0363502, 0.0392277, 0.0385703, 
(2023-03-09T22:19:50.942159913) (2023-03-09T22:19:50.942170413) [Msg] wavenumbers: 0.133171, 0.161136, 0.194975, 
(2023-03-09T22:19:50.942226633) (2023-03-09T22:19:50.942236823) [Msg] omegas:      1.1424, 1.25664, 1.3823, 
(2023-03-09T22:19:50.942292243) (2023-03-09T22:19:50.942301913) [Msg] periods:     (2023-03-09T22:19:50.942323683) (2023-03-09T22:19:50.942336593) [Msg] 5.5, (2023-03-09T22:19:50.942364263) (2023-03-09T22:19:50.942374393) [Msg] 5, (2023-03-09T22:19:50.942400033) (2023-03-09T22:19:50.942409013) [Msg] 4.54545, (2023-03-09T22:19:50.942437163) (2023-03-09T22:19:50.942449423) [Msg] 
(2023-03-09T22:19:50.942471443) (2023-03-09T22:19:50.942482953) [Msg] phases:      0, 0, 0, 
(2023-03-09T22:19:50.942538103) (2023-03-09T22:19:50.942548763) [Msg] steepnesses: 0, 0, 0, 
(2023-03-09T22:19:50.942602283) (2023-03-09T22:19:50.942614523) [Msg] directions:  (2023-03-09T22:19:50.942634303) (2023-03-09T22:19:50.942643703) [Msg] 0.921061 -0.389418; (2023-03-09T22:19:50.942676483) (2023-03-09T22:19:50.942690163) [Msg] 1 0; (2023-03-09T22:19:50.942722853) (2023-03-09T22:19:50.942735533) [Msg] 0.921061 0.389418; (2023-03-09T22:19:50.942772073) (2023-03-09T22:19:50.942782673) [Msg] 
(2023-03-09T22:19:50.942816193) (2023-03-09T22:19:50.942827273) [Dbg] [Surface.cc:161] Surface plugin successfully configured with the following parameters:
(2023-03-09T22:19:50.942863103) (2023-03-09T22:19:50.942871913) [Dbg] [Surface.cc:163]   <link_name>: base_link
(2023-03-09T22:19:50.942903283) (2023-03-09T22:19:50.942914573) [Dbg] [Surface.cc:164]   <vehicle_length>: 6
(2023-03-09T22:19:50.942946063) (2023-03-09T22:19:50.942955853) [Dbg] [Surface.cc:165]   <vehicle_width>: 3.3
(2023-03-09T22:19:50.942985643) (2023-03-09T22:19:50.942994983) [Dbg] [Surface.cc:166]   <hull_radius>: 0.27
(2023-03-09T22:19:50.943020843) (2023-03-09T22:19:50.943028303) [Dbg] [Surface.cc:167]   <num_samples>: 2
(2023-03-09T22:19:50.943053423) (2023-03-09T22:19:50.943061943) [Dbg] [Surface.cc:168]   <fluid_level>: 0.45
(2023-03-09T22:19:50.943086033) (2023-03-09T22:19:50.943094673) [Dbg] [Surface.cc:169]   <fluid_density>: 997.774
(2023-03-09T22:19:50.943123714) (2023-03-09T22:19:50.943132114) [Dbg] [SystemManager.cc:58] Loaded system [ignition::gazebo::systems::Surface] for entity [174]
(2023-03-09T22:19:50.943431064) (2023-03-09T22:19:50.943443204) [Dbg] [SimpleHydrodynamics.cc:167] SimpleHydrodynamics plugin successfully configured with the following parameters:
(2023-03-09T22:19:50.943469854) (2023-03-09T22:19:50.943478864) [Dbg] [SimpleHydrodynamics.cc:169]   <link_name>: base_link
(2023-03-09T22:19:50.943504944) (2023-03-09T22:19:50.943513924) [Dbg] [SimpleHydrodynamics.cc:170]   <xDotU>: 0
(2023-03-09T22:19:50.943540144) (2023-03-09T22:19:50.943548014) [Dbg] [SimpleHydrodynamics.cc:171]   <yDotV>: 0
(2023-03-09T22:19:50.943573824) (2023-03-09T22:19:50.943582824) [Dbg] [SimpleHydrodynamics.cc:172]   <zDotW>: 0.1
(2023-03-09T22:19:50.943607824) (2023-03-09T22:19:50.943616624) [Dbg] [SimpleHydrodynamics.cc:173]   <kDotP>: 0.1
(2023-03-09T22:19:50.943640764) (2023-03-09T22:19:50.943649144) [Dbg] [SimpleHydrodynamics.cc:174]   <mDotQ>: 0.1
(2023-03-09T22:19:50.943687764) (2023-03-09T22:19:50.943696914) [Dbg] [SimpleHydrodynamics.cc:175]   <nDotR>: 0
(2023-03-09T22:19:50.943722234) (2023-03-09T22:19:50.943730044) [Dbg] [SimpleHydrodynamics.cc:176]   <xU>: 51.3
(2023-03-09T22:19:50.943756624) (2023-03-09T22:19:50.943765864) [Dbg] [SimpleHydrodynamics.cc:177]   <xUU>: 72.4
(2023-03-09T22:19:50.943793734) (2023-03-09T22:19:50.943801814) [Dbg] [SimpleHydrodynamics.cc:178]   <yV>: 40
(2023-03-09T22:19:50.943826964) (2023-03-09T22:19:50.943835264) [Dbg] [SimpleHydrodynamics.cc:179]   <yVV>: 0
(2023-03-09T22:19:50.943858964) (2023-03-09T22:19:50.943867774) [Dbg] [SimpleHydrodynamics.cc:180]   <zW>: 500
(2023-03-09T22:19:50.943894104) (2023-03-09T22:19:50.943906954) [Dbg] [SimpleHydrodynamics.cc:181]   <zWW>: 0
(2023-03-09T22:19:50.943932764) (2023-03-09T22:19:50.943941824) [Dbg] [SimpleHydrodynamics.cc:182]   <kP>: 100
(2023-03-09T22:19:50.943967244) (2023-03-09T22:19:50.943974874) [Dbg] [SimpleHydrodynamics.cc:183]   <kPP>: 0
(2023-03-09T22:19:50.944007204) (2023-03-09T22:19:50.944020024) [Dbg] [SimpleHydrodynamics.cc:184]   <mQ>: 100
(2023-03-09T22:19:50.944053244) (2023-03-09T22:19:50.944064414) [Dbg] [SimpleHydrodynamics.cc:185]   <mQQ>: 0
(2023-03-09T22:19:50.944099164) (2023-03-09T22:19:50.944113024) [Dbg] [SimpleHydrodynamics.cc:186]   <nR>: 400
(2023-03-09T22:19:50.944147854) (2023-03-09T22:19:50.944162334) [Dbg] [SimpleHydrodynamics.cc:187]   <nRR>: 0
(2023-03-09T22:19:50.944199845) (2023-03-09T22:19:50.944211335) [Dbg] [SystemManager.cc:58] Loaded system [ignition::gazebo::systems::SimpleHydrodynamics] for entity [174]
(2023-03-09T22:19:50.945877966) (2023-03-09T22:19:50.945888077) [Dbg] [SystemManager.cc:58] Loaded system [ignition::gazebo::systems::PosePublisher] for entity [174]
(2023-03-09T22:19:50.946125587) (2023-03-09T22:19:50.946136237) [Msg] EntityDetector publishing messages on [/mbzirc/target_object_detector/placed]
(2023-03-09T22:19:50.946278987) (2023-03-09T22:19:50.946289677) [Dbg] [SystemManager.cc:58] Loaded system [mbzirc::EntityDetector] for entity [174]
(2023-03-09T22:19:50.946502757) (2023-03-09T22:19:50.946514317) [Msg] EntityDetector publishing messages on [/mbzirc/target_object_detector/placed]
(2023-03-09T22:19:50.946642087) (2023-03-09T22:19:50.946651607) [Dbg] [SystemManager.cc:58] Loaded system [mbzirc::EntityDetector] for entity [174]
(2023-03-09T22:19:50.946865078) (2023-03-09T22:19:50.946875768) [Msg] EntityDetector publishing messages on [/mbzirc/target_object_detector/placed]
(2023-03-09T22:19:50.947004498) (2023-03-09T22:19:50.947016188) [Dbg] [SystemManager.cc:58] Loaded system [mbzirc::EntityDetector] for entity [174]
(2023-03-09T22:19:50.947228508) (2023-03-09T22:19:50.947238958) [Msg] EntityDetector publishing messages on [/mbzirc/target_object_detector/placed]
(2023-03-09T22:19:50.947373498) (2023-03-09T22:19:50.947386018) [Dbg] [SystemManager.cc:58] Loaded system [mbzirc::EntityDetector] for entity [174]
(2023-03-09T22:19:50.947586938) (2023-03-09T22:19:50.947597019) [Dbg] [SystemManager.cc:58] Loaded system [ignition::gazebo::systems::CommsEndpoint] for entity [174]
(2023-03-09T22:19:50.948039839) (2023-03-09T22:19:50.948049819) [Dbg] [UserCommands.cc:1303] Created entity [174] named [usv]
(2023-03-09T22:19:50.956981378) (2023-03-09T22:19:50.957016938) [Dbg] [Sensors.cc:584] Initialization needed
(2023-03-09T22:19:50.957121738) (2023-03-09T22:19:50.957148908) [Dbg] [Sensors.cc:240] Initializing render context
(2023-03-09T22:19:50.957295588) (2023-03-09T22:19:50.957318838) [Msg] Loading plugin [ignition-rendering-ogre2]
(2023-03-09T22:19:50.957530608) (2023-03-09T22:19:50.957551978) [Dbg] [ImuSensor.cc:148] IMU data for [usv::base_link::imu_sensor] advertised on [world/simple_demo/model/usv/link/base_link/sensor/imu_sensor/imu]
(2023-03-09T22:19:50.957814349) (2023-03-09T22:19:50.957838199) [Dbg] [GameLogicPlugin.cc:1991] New Competitor Platform: usv with 0sensors
((((((((((((((((((((((((((((((((((((((((((((2023-03-09T22:19:50.959513011) (2023-03-09T22:19:50.959534351) [Dbg] [SimulationRunner.cc:518] Exiting postupdate worker thread (62023-03-09T22:19:50.959573361) (2023-03-09T22:19:50.959622951) 2023-03-09T22:19:50.959575811) (2023-03-09T22:19:50.9595795212023-03-09T22:19:50.9596985812023-03-09T22:19:50.9595795212023-03-09T22:19:50.959698581) (2023-03-09T22:19:50.959741651) ) ) (2023-03-09T22:19:50.959795141) 2023-03-09T22:19:50.959566471) (2023-03-09T22:19:50.959840221) ) (2023-03-09T22:19:50.959879891(2023-03-09T22:19:50.959903801) (2023-03-09T22:19:50.959934421) 2023-03-09T22:19:50.959577671) (2023-03-09T22:19:50.9599804912023-03-09T22:19:50.959980491) () 2023-03-09T22:19:50.959860741) (2023-03-09T22:19:50.960065831) ) ()

2023-03-09T22:19:50.960108131) 2023-03-09T22:19:50.960009201) [Dbg] [SimulationRunner.cc:518] ) Exiting postupdate worker thread (4)
Exiting postupdate worker thread (8)
[Dbg] [SimulationRunner.cc:518] Exiting postupdate worker thread (1)
[Dbg] [SimulationRunner.cc:518] Exiting postupdate worker thread ([Dbg] [SimulationRunner.cc:518] Exiting postupdate worker thread (3)
[Dbg] [SimulationRunner.cc:518] Exiting postupdate worker thread (7)
Exiting postupdate worker thread (11)
Exiting postupdate worker thread (5)
Exiting postupdate worker thread (2)
0)
9)
Exiting postupdate worker thread (10)
(2023-03-09T22:19:50.960863052) (2023-03-09T22:19:50.960877312) [Dbg] [SimulationRunner.cc:491] Creating PostUpdate worker threads: 22
(2023-03-09T22:19:50.960919372) (2023-03-09T22:19:50.960931742) [Dbg] [SimulationRunner.cc:502] Creating postupdate worker thread (0)
(2023-03-09T22:19:50.960990582) (2023-03-09T22:19:50.961001582) [Dbg] [SimulationRunner.cc:502] Creating postupdate worker thread (1)
(2023-03-09T22:19:50.961067092) (2023-03-09T22:19:50.961076412) [Dbg] [SimulationRunner.cc:502] Creating postupdate worker thread (2)
(2023-03-09T22:19:50.961135582) (2023-03-09T22:19:50.961146562) [Dbg] [SimulationRunner.cc:502] Creating postupdate worker thread (3)
(2023-03-09T22:19:50.961188812) (2023-03-09T22:19:50.961196862) [Dbg] [SimulationRunner.cc:502] Creating postupdate worker thread (4)
(2023-03-09T22:19:50.961262142) (2023-03-09T22:19:50.961271872) [Dbg] [SimulationRunner.cc:502] Creating postupdate worker thread (5)
(2023-03-09T22:19:50.961340942) (2023-03-09T22:19:50.961351582) [Dbg] [SimulationRunner.cc:502] Creating postupdate worker thread (6)
(2023-03-09T22:19:50.961416662) (2023-03-09T22:19:50.961428792) [Dbg] [SimulationRunner.cc:502] Creating postupdate worker thread (7)
(2023-03-09T22:19:50.961491022) (2023-03-09T22:19:50.961504592) [Dbg] [SimulationRunner.cc:502] Creating postupdate worker thread (8)
(2023-03-09T22:19:50.961577092) (2023-03-09T22:19:50.961591632) [Dbg] [SimulationRunner.cc:502] Creating postupdate worker thread (9)
(2023-03-09T22:19:50.961655192) (2023-03-09T22:19:50.961664972) [Dbg] [SimulationRunner.cc:502] Creating postupdate worker thread (10)
(2023-03-09T22:19:50.961717702) (2023-03-09T22:19:50.961728372) [Dbg] [SimulationRunner.cc:502] Creating postupdate worker thread (11)
(2023-03-09T22:19:50.961784332) (2023-03-09T22:19:50.961793272) [Dbg] [SimulationRunner.cc:502] Creating postupdate worker thread (12)
(2023-03-09T22:19:50.961864602) (2023-03-09T22:19:50.961875192) [Dbg] [SimulationRunner.cc:502] Creating postupdate worker thread (13)
(2023-03-09T22:19:50.961929782) (2023-03-09T22:19:50.961940012) [Dbg] [SimulationRunner.cc:502] Creating postupdate worker thread (14)
(2023-03-09T22:19:50.961991942) (2023-03-09T22:19:50.962001412) [Dbg] [SimulationRunner.cc:502] Creating postupdate worker thread (15)
(2023-03-09T22:19:50.962052702) (2023-03-09T22:19:50.962062012) [Dbg] [SimulationRunner.cc:502] Creating postupdate worker thread (16)
(2023-03-09T22:19:50.962122603) (2023-03-09T22:19:50.962133173) [Dbg] [SimulationRunner.cc:502] Creating postupdate worker thread (17)
(2023-03-09T22:19:50.962192453) (2023-03-09T22:19:50.962203713) [Dbg] [SimulationRunner.cc:502] Creating postupdate worker thread (18)
(2023-03-09T22:19:50.962259973) (2023-03-09T22:19:50.962271313) [Dbg] [SimulationRunner.cc:502] Creating postupdate worker thread (19)
(2023-03-09T22:19:50.962326443) (2023-03-09T22:19:50.962338113) [Dbg] [SimulationRunner.cc:502] Creating postupdate worker thread (20)
(2023-03-09T22:19:50.962827843) (2023-03-09T22:19:50.962841643) [Msg] Address [usv] bound to model [usv] on topic [model/usv/rx]
(2023-03-09T22:19:50.962897323) (2023-03-09T22:19:50.962908463) [Dbg] [CommsEndpoint.cc:89] Succesfuly bound to [usv] on topic [model/usv/rx]
(2023-03-09T22:19:51.341713056) (2023-03-09T22:19:51.341723776) [Dbg] [RenderUtil.cc:2529] Create scene [scene]
(2023-03-09T22:19:51.407741041) (2023-03-09T22:19:51.407758141) [Dbg] [Sensors.cc:254] Rendering Thread initialized
(2023-03-09T22:19:51.412165186) (2023-03-09T22:19:51.412186676) [Wrn] [Ogre2Heightmap.cc:125] Heightmap final sampling should be 2^n
 which differs from ogre1's 2^n+1
The last row and column will be cropped
size = (width * sampling) - sampling + 1
[257] = ([257] * [1]) - [1] + 1
(2023-03-09T22:19:51.418501672) (2023-03-09T22:19:51.418518502) [Msg] Loading heightmap: scene::Heightmap(65478)
(2023-03-09T22:19:51.418560592) (2023-03-09T22:19:51.418573232) [Msg] Heightmap loaded. Process took 0 ms.
(2023-03-09T22:19:55.216303677) (2023-03-09T22:19:55.216324307) [Dbg] [Ogre2ParticleEmitter.cc:514] Particle emitter initialized
(2023-03-09T22:19:55.216539557) (2023-03-09T22:19:55.216556567) [Dbg] [Ogre2ParticleEmitter.cc:514] Particle emitter initialized
(2023-03-09T22:19:55.216876648) (2023-03-09T22:19:55.216901668) [Dbg] [Ogre2ParticleEmitter.cc:514] Particle emitter initialized
(2023-03-09T22:19:55.784449415) (2023-03-09T22:19:55.784464455) [Dbg] [Ogre2ParticleEmitter.cc:514] Particle emitter initialized
(2023-03-09T22:19:55.784633525) (2023-03-09T22:19:55.784642625) [Dbg] [Ogre2ParticleEmitter.cc:514] Particle emitter initialized
(2023-03-09T22:19:55.784766966) (2023-03-09T22:19:55.784776866) [Dbg] [Ogre2ParticleEmitter.cc:514] Particle emitter initialized
(2023-03-09T22:19:55.800425491) (2023-03-09T22:19:55.800448661) [Dbg] [Lidar.cc:122] Laser scans for [usv::sensor_6::sensor_link::lidar] advertised on [world/simple_demo/model/usv/model/sensor_6/link/sensor_link/sensor/lidar/scan]
(2023-03-09T22:19:55.800923271) (2023-03-09T22:19:55.800953781) [Dbg] [GpuLidarSensor.cc:164] Lidar points for [usv::sensor_6::sensor_link::lidar] advertised on [world/simple_demo/model/usv/model/sensor_6/link/sensor_link/sensor/lidar/scan/points]
(2023-03-09T22:19:55.801328182) (2023-03-09T22:19:55.801353382) [Msg] Loading plugin [ignition-rendering-ogre2]
(2023-03-09T22:19:55.957976386) (2023-03-09T22:19:55.958001216) [Dbg] [EntityComponentManager.cc:1587] Updated state thread iterators: 24 threads processing around 10 entities each.
(2023-03-09T22:30:11.550386796) (2023-03-09T22:30:11.550404346) [Msg] Scoring has Started
(2023-03-09T22:30:11.550669037) (2023-03-09T22:30:11.550680377) [Err] [GameLogicPlugin.cc:2121] Invalid configuration detected: 
[usv] Initial Position (10 40 0.299843) is not in the starting area -15 -15 -5 15 15 5
(2023-03-09T23:24:08.478234693) (2023-03-09T23:24:08.478260183) [Dbg] [EntityComponentManager.cc:1587] Updated state thread iterators: 24 threads processing around 10 entities each.
(2023-03-09T23:26:44.514626329) (2023-03-09T23:26:44.514646559) [Msg] Scoring has finished. Elapsed real time: 3392 seconds. Elapsed sim time: 3180 seconds. 
(2023-03-09T23:28:11.900128113) (2023-03-09T23:28:11.900153903) [Dbg] [SignalHandler.cc:141] Received signal[2].
(2023-03-09T23:28:11.900211593) (2023-03-09T23:28:11.900228973) [Dbg] [ServerPrivate.cc:110] Server received signal[2]
(2023-03-09T23:28:11.900281353) (2023-03-09T23:28:11.900298794) [Dbg] [Sensors.cc:406] SensorsPrivate::Stop
(2023-03-09T23:28:11.903342510) (2023-03-09T23:28:11.903380420) [Dbg] [Sensors.cc:392] SensorsPrivate::RenderThread stopped
(2023-03-09T23:28:11.912338068) (2023-03-09T23:28:11.912360469) [Dbg] [ign.cc:410] Shutting down ign-gazebo-server
(((((2023-03-09T23:28:11.915928446) (2023-03-09T23:28:11.915943736) ((2023-03-09T23:28:11.915976476) (2023-03-09T23:28:11.916004436) (2023-03-09T23:28:11.916036776) (2023-03-09T23:28:11.916059396) 2023-03-09T23:28:11.915910216) (2023-03-09T23:28:11.916095186) (2023-03-09T23:28:11.916135476) (2023-03-09T23:28:11.916166516) 2023-03-09T23:28:11.915616315) (2023-03-09T23:28:11.916225967) 2023-03-09T23:28:11.915693635) (2023-03-09T23:28:11.916293437) ((2023-03-09T23:28:11.916354477) (2023-03-09T23:28:11.916389277) 2023-03-09T23:28:11.915642915) ((2023-03-09T23:28:11.916436797) [Dbg] [SimulationRunner.cc:518] 2023-03-09T23:28:11.916367667) (2023-03-09T23:28:11.9164937272023-03-09T23:28:11.916493727((2023-03-09T23:28:11.916542077) (2023-03-09T23:28:11.916565117) Exiting postupdate worker thread (20)
2023-03-09T23:28:11.916527757[Dbg] [SimulationRunner.cc:518] [Dbg] [SimulationRunner.cc:518] Exiting postupdate worker thread (8)
() (2023-03-09T23:28:11.916764158) 2023-03-09T23:28:11.916658757) (2023-03-09T23:28:11.916819938) [Dbg] [SimulationRunner.cc:518] (2023-03-09T23:28:11.9168696482023-03-09T23:28:11.916869648(2023-03-09T23:28:11.916141876Exiting postupdate worker thread (2023-03-09T23:28:11.916910838) (2023-03-09T23:28:11.916943578) 2023-03-09T23:28:11.916971618) (2023-03-09T23:28:11.9170125082023-03-09T23:28:11.917012508) (2023-03-09T23:28:11.917040158) ) (2023-03-09T23:28:11.917080138) ) ) 2023-03-09T23:28:11.917146708) (2023-03-09T23:28:11.917177999) Exiting postupdate worker thread () (2023-03-09T23:28:11.917224259) 2023-03-09T23:28:11.916641487) (2023-03-09T23:28:11.917270919) 16
) (2023-03-09T23:28:11.917335019) [Dbg] [SimulationRunner.cc:518] Exiting postupdate worker thread (11)
[Dbg] [SimulationRunner.cc:518] Exiting postupdate worker thread (2)
[Dbg] [SimulationRunner.cc:518] Exiting postupdate worker thread (4)
[Dbg] [SimulationRunner.cc:518] [Dbg] [SimulationRunner.cc:518] Exiting postupdate worker thread (0)
Exiting postupdate worker thread (9)
Exiting postupdate worker thread (3)
[Dbg] [SimulationRunner.cc:518] Exiting postupdate worker thread (17)
[Dbg] [SimulationRunner.cc:518] Exiting postupdate worker thread (10)
[Dbg] [SimulationRunner.cc:518] [Dbg] [SimulationRunner.cc:518] [Dbg] [SimulationRunner.cc:518] Exiting postupdate worker thread (5)
[Dbg] [SimulationRunner.cc:518] [Dbg] [SimulationRunner.cc:518] [Dbg] [SimulationRunner.cc:518] [Dbg] [SimulationRunner.cc:518] [Dbg] [SimulationRunner.cc:518] Exiting postupdate worker thread ([Dbg] [SimulationRunner.cc:518] Exiting postupdate worker thread ([Dbg] [SimulationRunner.cc:518] [Dbg] [SimulationRunner.cc:518] 13)
Exiting postupdate worker thread (15)
[Dbg] [SimulationRunner.cc:518] [Dbg] [SimulationRunner.cc:518] Exiting postupdate worker thread (1)
Exiting postupdate worker thread (18Exiting postupdate worker thread (14)
19)
6)

Exiting postupdate worker thread ([Dbg] [SimulationRunner.cc:518] 
Exiting postupdate worker thread (7)
Exiting postupdate worker thread (12
(2023-03-09T23:28:11.954891039) (2023-03-09T23:28:11.954907069) [Dbg] [Sensors.cc:406] SensorsPrivate::Stop
(2023-03-09T23:28:11.975363301) (2023-03-09T23:28:11.975396521) [Msg] Stopping recording
