(2023-03-15T22:52:29.507125133) (2023-03-15T22:52:29.507147463) [Msg] Ignition Gazebo Server v6.11.0
(2023-03-15T22:52:29.510634816) (2023-03-15T22:52:29.510656936) [Msg] Loading SDF world file[/home/developer/mbzirc_ws/install/share/mbzirc_ign/worlds/simple_demo.sdf].
(2023-03-15T22:52:29.819014575) (2023-03-15T22:52:29.819029235) [Msg] Serving entity system service on [/entity/system/add]
(2023-03-15T22:52:29.853172549) (2023-03-15T22:52:29.853187219) [Dbg] [Physics.cc:803] Loaded [ignition::physics::dartsim::Plugin] from library [/usr/lib/x86_64-linux-gnu/ign-physics-5/engine-plugins/libignition-physics-dartsim-plugin.so]
(2023-03-15T22:52:29.853242350) (2023-03-15T22:52:29.853250410) [Dbg] [SystemManager.cc:58] Loaded system [ignition::gazebo::systems::Physics] for entity [1]
(2023-03-15T22:52:29.854757680) (2023-03-15T22:52:29.854769080) [Msg] Create service on [/world/simple_demo/create]
(2023-03-15T22:52:29.854869350) (2023-03-15T22:52:29.854880170) [Msg] Remove service on [/world/simple_demo/remove]
(2023-03-15T22:52:29.854970051) (2023-03-15T22:52:29.854979181) [Msg] Pose service on [/world/simple_demo/set_pose]
(2023-03-15T22:52:29.855058542) (2023-03-15T22:52:29.855067562) [Msg] Pose service on [/world/simple_demo/set_pose_vector]
(2023-03-15T22:52:29.855179472) (2023-03-15T22:52:29.855189802) [Msg] Light configuration service on [/world/simple_demo/light_config]
(2023-03-15T22:52:29.855337053) (2023-03-15T22:52:29.855346713) [Msg] Physics service on [/world/simple_demo/set_physics]
(2023-03-15T22:52:29.855436654) (2023-03-15T22:52:29.855446344) [Msg] SphericalCoordinates service on [/world/simple_demo/set_spherical_coordinates]
(2023-03-15T22:52:29.855510765) (2023-03-15T22:52:29.855520715) [Msg] Enable collision service on [/world/simple_demo/enable_collision]
(2023-03-15T22:52:29.855585385) (2023-03-15T22:52:29.855594775) [Msg] Disable collision service on [/world/simple_demo/disable_collision]
(2023-03-15T22:52:29.855714546) (2023-03-15T22:52:29.855724006) [Msg] Material service on [/world/simple_demo/visual_config]
(2023-03-15T22:52:29.855808667) (2023-03-15T22:52:29.855819887) [Msg] Material service on [/world/simple_demo/wheel_slip]
(2023-03-15T22:52:29.855855037) (2023-03-15T22:52:29.855863557) [Dbg] [SystemManager.cc:58] Loaded system [ignition::gazebo::systems::UserCommands] for entity [1]
(2023-03-15T22:52:29.874558860) (2023-03-15T22:52:29.874570470) [Dbg] [Sensors.cc:479] Configuring Sensors system
(2023-03-15T22:52:29.874628421) (2023-03-15T22:52:29.874636701) [Dbg] [Sensors.cc:398] SensorsPrivate::Run
(2023-03-15T22:52:29.874706791) (2023-03-15T22:52:29.874716791) [Dbg] [SystemManager.cc:58] Loaded system [ignition::gazebo::systems::Sensors] for entity [1](
(
2023-03-15T22:52:29.874782212) (2023-03-15T22:52:29.874808972) [Dbg] [Sensors.cc:378] SensorsPrivate::RenderThread started
(2023-03-15T22:52:29.874855422) (2023-03-15T22:52:29.874869062) [Dbg] [Sensors.cc:228] Waiting for init
(2023-03-15T22:52:29.876165121) (2023-03-15T22:52:29.876176441) [Dbg] [SystemManager.cc:58] Loaded system [ignition::gazebo::systems::AirPressure] for entity [1]
(2023-03-15T22:52:29.877631281) (2023-03-15T22:52:29.877643051) [Dbg] [SystemManager.cc:58] Loaded system [ignition::gazebo::systems::Altimeter] for entity [1]
(2023-03-15T22:52:29.879089080) (2023-03-15T22:52:29.879101250) [Dbg] [SystemManager.cc:58] Loaded system [ignition::gazebo::systems::Imu] for entity [1]
(2023-03-15T22:52:29.880596360) (2023-03-15T22:52:29.880608080) [Dbg] [SystemManager.cc:58] Loaded system [ignition::gazebo::systems::Magnetometer] for entity [1]
(2023-03-15T22:52:29.882067060) (2023-03-15T22:52:29.882076900) [Dbg] [SystemManager.cc:58] Loaded system [ignition::gazebo::systems::ForceTorque] for entity [1]
(2023-03-15T22:52:29.883134467) (2023-03-15T22:52:29.883144387) [Msg] Serving particle emitter information on [/world/simple_demo/particle_emitters]
(2023-03-15T22:52:29.883188237) (2023-03-15T22:52:29.883196157) [Dbg] [SystemManager.cc:58] Loaded system [ignition::gazebo::systems::ParticleEmitter2] for entity [1]
(2023-03-15T22:52:29.884375755) (2023-03-15T22:52:29.884395145) [Dbg] [SystemManager.cc:58] Loaded system [ignition::gazebo::systems::SceneBroadcaster] for entity [1]
(2023-03-15T22:52:29.885304441) (2023-03-15T22:52:29.885314351) [Dbg] [SystemManager.cc:58] Loaded system [ignition::gazebo::systems::Contact] for entity [1]
(2023-03-15T22:52:29.886326348) (2023-03-15T22:52:29.886336278) [Dbg] [RFComms.cc:385] Range configuration:
RF Configuration (range-based)
-- max_range: 500000
-- fading_exponent: 2.6
-- l0: 40
-- sigma: 10

(2023-03-15T22:52:29.886425149) (2023-03-15T22:52:29.886433019) [Dbg] [RFComms.cc:388] Radio configuration:
Radio Configuration
-- capacity: 1e+06
-- tx_power: 25
-- noise_floor: -90
-- modulation: QPSK

(2023-03-15T22:52:29.886648660) (2023-03-15T22:52:29.886657630) [Dbg] [Broker.cc:113] Broker services:
(2023-03-15T22:52:29.886687690) (2023-03-15T22:52:29.886695471) [Dbg] [Broker.cc:114]   Bind: [/broker/bind]
(2023-03-15T22:52:29.886723791) (2023-03-15T22:52:29.886732971) [Dbg] [Broker.cc:115]   Unbind: [/broker/unbind]
(2023-03-15T22:52:29.886761521) (2023-03-15T22:52:29.886770731) [Dbg] [Broker.cc:116] Broker topics:
(2023-03-15T22:52:29.886792801) (2023-03-15T22:52:29.886801441) [Dbg] [Broker.cc:117]   Incoming messages: [/broker/msgs]
(2023-03-15T22:52:29.886832111) (2023-03-15T22:52:29.886841031) [Dbg] [SystemManager.cc:58] Loaded system [ignition::gazebo::systems::RFComms] for entity [1]
(2023-03-15T22:52:29.888961025) (2023-03-15T22:52:29.888971776) [Dbg] [RFRange.cc:339] RFRange sensor range configuration:
RF Configuration (range-based)
-- max_range: 500000
-- fading_exponent: 2.6
-- l0: 40
-- sigma: 0.005
-- rssi_1: -15

(2023-03-15T22:52:29.889074256) (2023-03-15T22:52:29.889083776) [Dbg] [RFRange.cc:342] RFRange sensor radio configuration:
Radio Configuration
-- tx_power: 25
-- noise_floor: -90

(2023-03-15T22:52:29.889155577) (2023-03-15T22:52:29.889164537) [Dbg] [SystemManager.cc:58] Loaded system [ignition::gazebo::systems::RFRange] for entity [1]
(2023-03-15T22:52:29.892546219) (2023-03-15T22:52:29.892557539) [Msg] Overwriting existing file [/tmp/ign/mbzirc/playback/state.tlog]
(2023-03-15T22:52:30.9794470) (2023-03-15T22:52:30.9813830) [Msg] Recording to log file [/tmp/ign/mbzirc/playback/state.tlog]
(2023-03-15T22:52:30.9861600) (2023-03-15T22:52:30.9870470) [Dbg] [LogRecord.cc:334] Recording default topic[/playback/sdf].
(2023-03-15T22:52:30.9895671) (2023-03-15T22:52:30.9904781) [Dbg] [LogRecord.cc:335] Recording default topic[/world/simple_demo/changed_state].
(2023-03-15T22:52:30.56028293) (2023-03-15T22:52:30.56051734) [Dbg] [SystemManager.cc:58] Loaded system [ignition::gazebo::systems::LogRecord] for entity [1]
(2023-03-15T22:52:30.58647191) (2023-03-15T22:52:30.58666991) [Dbg] [SystemManager.cc:58] Loaded system [ignition::gazebo::systems::WindEffects] for entity [1]
(2023-03-15T22:52:30.63423352) (2023-03-15T22:52:30.63444502) [Msg] MBZIRC log path: /tmp/ign/mbzirc/logs
(2023-03-15T22:52:30.63941986) (2023-03-15T22:52:30.63961926) [Msg] Run duration set to 3600 seconds.
(2023-03-15T22:52:30.64087897) (2023-03-15T22:52:30.64105567) [Msg] Geofence boundary min: -70 -70 -25, max: 70 70 121.92
(2023-03-15T22:52:30.64260548) (2023-03-15T22:52:30.64277618) [Msg] Start area boundary min: -15 -15 -5, max: 15 15 5
(2023-03-15T22:52:30.64413429) (2023-03-15T22:52:30.64432469) [Msg] Setup duration set to 600 seconds.
(2023-03-15T22:52:30.64489249) (2023-03-15T22:52:30.64507429) [Msg] Target vessel: Vessel A
(2023-03-15T22:52:30.64597250) (2023-03-15T22:52:30.64615950) [Msg]   Small object: small_blue_box_a
(2023-03-15T22:52:30.64660500) (2023-03-15T22:52:30.64669340) [Msg]   Small object: small_blue_box_a_duplicate
(2023-03-15T22:52:30.64693371) (2023-03-15T22:52:30.64702221) [Msg]   Large object: large_dry_box_a
(2023-03-15T22:52:30.64725301) (2023-03-15T22:52:30.64733991) [Msg]   Large object: large_dry_box_a_duplicate
(2023-03-15T22:52:30.65732867) (2023-03-15T22:52:30.65746858) [Msg] Starting MBZIRC
(2023-03-15T22:52:30.65861958) (2023-03-15T22:52:30.65874678) [Dbg] [SystemManager.cc:58] Loaded system [mbzirc::GameLogicPlugin] for entity [1]
(2023-03-15T22:52:30.70895382) (2023-03-15T22:52:30.70905812) [Msg] Using Pierson-Moskowitz spectrum sampling wavefield model 
(2023-03-15T22:52:30.71157133) (2023-03-15T22:52:30.71166173) [Msg] Using Pierson-Moskowitz spectrum sampling wavefield model 
(2023-03-15T22:52:30.406194443) (2023-03-15T22:52:30.406218993) [Msg] Input Parameters:
(2023-03-15T22:52:30.406267894) (2023-03-15T22:52:30.406283974) [Msg] model:     PMS
(2023-03-15T22:52:30.406336194) (2023-03-15T22:52:30.406354544) [Msg] number:     3
(2023-03-15T22:52:30.406404105) (2023-03-15T22:52:30.406420875) [Msg] scale:      1.1
(2023-03-15T22:52:30.406477965) (2023-03-15T22:52:30.406495275) [Msg] angle:      0.4
(2023-03-15T22:52:30.406542636) (2023-03-15T22:52:30.406559716) [Msg] steepness:  0
(2023-03-15T22:52:30.406608956) (2023-03-15T22:52:30.406626016) [Msg] amplitude:  0
(2023-03-15T22:52:30.406673646) (2023-03-15T22:52:30.406690197) [Msg] period:     5
(2023-03-15T22:52:30.406738317) (2023-03-15T22:52:30.406755577) [Msg] direction:  1 0
(2023-03-15T22:52:30.406830597) (2023-03-15T22:52:30.406847938) [Msg] tau:  2
(2023-03-15T22:52:30.406896928) (2023-03-15T22:52:30.406913818) [Msg] gain:  0.3
(2023-03-15T22:52:30.406962678) (2023-03-15T22:52:30.406978608) [Msg] Derived Parameters:
(2023-03-15T22:52:30.407019329) (2023-03-15T22:52:30.407035409) [Msg] amplitudes:  0.0363502, 0.0392277, 0.0385703, 
(2023-03-15T22:52:30.407146120) (2023-03-15T22:52:30.407162330) [Msg] wavenumbers: 0.133171, 0.161136, 0.194975, 
(2023-03-15T22:52:30.407241110) (2023-03-15T22:52:30.407256690) [Msg] omegas:      1.1424, 1.25664, 1.3823, 
(2023-03-15T22:52:30.407341421) (2023-03-15T22:52:30.407358041) [Msg] periods:     (2023-03-15T22:52:30.407403781) (2023-03-15T22:52:30.407421411) [Msg] 5.5, (2023-03-15T22:52:30.407465412) (2023-03-15T22:52:30.407483242) [Msg] 5, (2023-03-15T22:52:30.407521302) (2023-03-15T22:52:30.407539022) [Msg] 4.54545, (2023-03-15T22:52:30.407580132) (2023-03-15T22:52:30.407597613) [Msg] 
(2023-03-15T22:52:30.407631033) (2023-03-15T22:52:30.407647723) [Msg] phases:      0, 0, 0, 
(2023-03-15T22:52:30.407734513) (2023-03-15T22:52:30.407752064) [Msg] steepnesses: 0, 0, 0, 
(2023-03-15T22:52:30.407836444) (2023-03-15T22:52:30.407853304) [Msg] directions:  (2023-03-15T22:52:30.407894994) (2023-03-15T22:52:30.407911925) [Msg] 0.921061 -0.389418; (2023-03-15T22:52:30.407973805) (2023-03-15T22:52:30.408003345) [Msg] 1 0; (2023-03-15T22:52:30.408059936) (2023-03-15T22:52:30.408077026) [Msg] 0.921061 0.389418; (2023-03-15T22:52:30.408133266) (2023-03-15T22:52:30.408150366) [Msg] 
(2023-03-15T22:52:30.408943701) (2023-03-15T22:52:30.408965482) [Dbg] [SystemManager.cc:58] Loaded system [ignition::gazebo::systems::WaveVisual] for entity [23]
(2023-03-15T22:52:30.414094755) (2023-03-15T22:52:30.414118976) [Msg] Using Pierson-Moskowitz spectrum sampling wavefield model 
(2023-03-15T22:52:30.414514198) (2023-03-15T22:52:30.414538268) [Msg] Using Pierson-Moskowitz spectrum sampling wavefield model 
(2023-03-15T22:52:30.414628899) (2023-03-15T22:52:30.414649569) [Msg] Input Parameters:
(2023-03-15T22:52:30.414697369) (2023-03-15T22:52:30.414717430) [Msg] model:     PMS
(2023-03-15T22:52:30.414771740) (2023-03-15T22:52:30.414791470) [Msg] number:     3
(2023-03-15T22:52:30.414846900) (2023-03-15T22:52:30.414866131) [Msg] scale:      1.1
(2023-03-15T22:52:30.414920841) (2023-03-15T22:52:30.414939041) [Msg] angle:      0.4
(2023-03-15T22:52:30.414992061) (2023-03-15T22:52:30.415010561) [Msg] steepness:  0
(2023-03-15T22:52:30.415066112) (2023-03-15T22:52:30.415086742) [Msg] amplitude:  0
(2023-03-15T22:52:30.415140962) (2023-03-15T22:52:30.415160332) [Msg] period:     5
(2023-03-15T22:52:30.415217153) (2023-03-15T22:52:30.415235233) [Msg] direction:  1 0
(2023-03-15T22:52:30.415304143) (2023-03-15T22:52:30.415322234) [Msg] tau:  2
(2023-03-15T22:52:30.415377214) (2023-03-15T22:52:30.415395364) [Msg] gain:  0.3
(2023-03-15T22:52:30.415449824) (2023-03-15T22:52:30.415468934) [Msg] Derived Parameters:
(2023-03-15T22:52:30.415520225) (2023-03-15T22:52:30.415552015) [Msg] amplitudes:  0.0363502, 0.0392277, 0.0385703, 
(2023-03-15T22:52:30.415651476) (2023-03-15T22:52:30.415670746) [Msg] wavenumbers: 0.133171, 0.161136, 0.194975, 
(2023-03-15T22:52:30.415768246) (2023-03-15T22:52:30.415788117) [Msg] omegas:      1.1424, 1.25664, 1.3823, 
(2023-03-15T22:52:30.415886567) (2023-03-15T22:52:30.415904727) [Msg] periods:     (2023-03-15T22:52:30.415943218) (2023-03-15T22:52:30.415963768) [Msg] 5.5, (2023-03-15T22:52:30.416035088) (2023-03-15T22:52:30.416055188) [Msg] 5, (2023-03-15T22:52:30.416100629) (2023-03-15T22:52:30.416120889) [Msg] 4.54545, (2023-03-15T22:52:30.416170209) (2023-03-15T22:52:30.416189819) [Msg] 
(2023-03-15T22:52:30.416226459) (2023-03-15T22:52:30.416246090) [Msg] phases:      0, 0, 0, 
(2023-03-15T22:52:30.416340190) (2023-03-15T22:52:30.416359860) [Msg] steepnesses: 0, 0, 0, 
(2023-03-15T22:52:30.416453511) (2023-03-15T22:52:30.416473781) [Msg] directions:  (2023-03-15T22:52:30.416510891) (2023-03-15T22:52:30.416530371) [Msg] 0.921061 -0.389418; (2023-03-15T22:52:30.416595372) (2023-03-15T22:52:30.416615262) [Msg] 1 0; (2023-03-15T22:52:30.416669512) (2023-03-15T22:52:30.416678722) [Msg] 0.921061 0.389418; (2023-03-15T22:52:30.416706573) (2023-03-15T22:52:30.416715673) [Msg] 
(2023-03-15T22:52:30.416750603) (2023-03-15T22:52:30.416758703) [Dbg] [Surface.cc:161] Surface plugin successfully configured with the following parameters:
(2023-03-15T22:52:30.416785093) (2023-03-15T22:52:30.416793923) [Dbg] [Surface.cc:163]   <link_name>: link
(2023-03-15T22:52:30.416816643) (2023-03-15T22:52:30.416824593) [Dbg] [Surface.cc:164]   <vehicle_length>: 6
(2023-03-15T22:52:30.416847964) (2023-03-15T22:52:30.416855534) [Dbg] [Surface.cc:165]   <vehicle_width>: 3.3
(2023-03-15T22:52:30.416879294) (2023-03-15T22:52:30.416892004) [Dbg] [Surface.cc:166]   <hull_radius>: 1.9
(2023-03-15T22:52:30.416914434) (2023-03-15T22:52:30.416922004) [Dbg] [Surface.cc:167]   <num_samples>: 2
(2023-03-15T22:52:30.416945624) (2023-03-15T22:52:30.416954734) [Dbg] [Surface.cc:168]   <fluid_level>: 0.45
(2023-03-15T22:52:30.416979644) (2023-03-15T22:52:30.416988855) [Dbg] [Surface.cc:169]   <fluid_density>: 997.774
(2023-03-15T22:52:30.417028875) (2023-03-15T22:52:30.417037775) [Dbg] [SystemManager.cc:58] Loaded system [ignition::gazebo::systems::Surface] for entity [24]
(2023-03-15T22:52:30.418773946) (2023-03-15T22:52:30.418785516) [Dbg] [SimpleHydrodynamics.cc:167] SimpleHydrodynamics plugin successfully configured with the following parameters:
(2023-03-15T22:52:30.418813597) (2023-03-15T22:52:30.418821827) [Dbg] [SimpleHydrodynamics.cc:169]   <link_name>: link
(2023-03-15T22:52:30.418846937) (2023-03-15T22:52:30.418855887) [Dbg] [SimpleHydrodynamics.cc:170]   <xDotU>: 0
(2023-03-15T22:52:30.418882897) (2023-03-15T22:52:30.418891687) [Dbg] [SimpleHydrodynamics.cc:171]   <yDotV>: 0
(2023-03-15T22:52:30.418916247) (2023-03-15T22:52:30.418924827) [Dbg] [SimpleHydrodynamics.cc:172]   <zDotW>: 0.1
(2023-03-15T22:52:30.418949577) (2023-03-15T22:52:30.418958308) [Dbg] [SimpleHydrodynamics.cc:173]   <kDotP>: 0.1
(2023-03-15T22:52:30.418983598) (2023-03-15T22:52:30.418992168) [Dbg] [SimpleHydrodynamics.cc:174]   <mDotQ>: 0.1
(2023-03-15T22:52:30.419016918) (2023-03-15T22:52:30.419025628) [Dbg] [SimpleHydrodynamics.cc:175]   <nDotR>: 0
(2023-03-15T22:52:30.419051368) (2023-03-15T22:52:30.419060648) [Dbg] [SimpleHydrodynamics.cc:176]   <xU>: 510.3
(2023-03-15T22:52:30.419086998) (2023-03-15T22:52:30.419096458) [Dbg] [SimpleHydrodynamics.cc:177]   <xUU>: 720.4
(2023-03-15T22:52:30.419123019) (2023-03-15T22:52:30.419131719) [Dbg] [SimpleHydrodynamics.cc:178]   <yV>: 400
(2023-03-15T22:52:30.419158399) (2023-03-15T22:52:30.419167099) [Dbg] [SimpleHydrodynamics.cc:179]   <yVV>: 0
(2023-03-15T22:52:30.419192479) (2023-03-15T22:52:30.419201689) [Dbg] [SimpleHydrodynamics.cc:180]   <zW>: 5000
(2023-03-15T22:52:30.419227039) (2023-03-15T22:52:30.419235469) [Dbg] [SimpleHydrodynamics.cc:181]   <zWW>: 0
(2023-03-15T22:52:30.419261910) (2023-03-15T22:52:30.419270860) [Dbg] [SimpleHydrodynamics.cc:182]   <kP>: 500
(2023-03-15T22:52:30.419301180) (2023-03-15T22:52:30.419309260) [Dbg] [SimpleHydrodynamics.cc:183]   <kPP>: 0
(2023-03-15T22:52:30.419334280) (2023-03-15T22:52:30.419342950) [Dbg] [SimpleHydrodynamics.cc:184]   <mQ>: 500
(2023-03-15T22:52:30.419367610) (2023-03-15T22:52:30.419376590) [Dbg] [SimpleHydrodynamics.cc:185]   <mQQ>: 0
(2023-03-15T22:52:30.419401630) (2023-03-15T22:52:30.419410761) [Dbg] [SimpleHydrodynamics.cc:186]   <nR>: 15000
(2023-03-15T22:52:30.419437431) (2023-03-15T22:52:30.419446311) [Dbg] [SimpleHydrodynamics.cc:187]   <nRR>: 0
(2023-03-15T22:52:30.419474471) (2023-03-15T22:52:30.419483101) [Dbg] [SystemManager.cc:58] Loaded system [ignition::gazebo::systems::SimpleHydrodynamics] for entity [24]
(2023-03-15T22:52:30.420823390) (2023-03-15T22:52:30.420834460) [Dbg] [SystemManager.cc:58] Loaded system [ignition::gazebo::systems::DetachableJoint] for entity [28]
(2023-03-15T22:52:30.421313063) (2023-03-15T22:52:30.421323603) [Dbg] [SystemManager.cc:58] Loaded system [ignition::gazebo::systems::DetachableJoint] for entity [44]
(2023-03-15T22:52:30.422114368) (2023-03-15T22:52:30.422125758) [Dbg] [SystemManager.cc:58] Loaded system [ignition::gazebo::systems::DetachableJoint] for entity [60]
(2023-03-15T22:52:30.422890033) (2023-03-15T22:52:30.422901594) [Dbg] [SystemManager.cc:58] Loaded system [ignition::gazebo::systems::DetachableJoint] for entity [112]
(2023-03-15T22:52:30.424066051) (2023-03-15T22:52:30.424078061) [Dbg] [SystemManager.cc:58] Loaded system [ignition::gazebo::systems::CommsEndpoint] for entity [164]
(2023-03-15T22:52:30.424249192) (2023-03-15T22:52:30.424260473) [Dbg] [SystemManager.cc:58] Loaded system [ignition::gazebo::systems::CommsEndpoint] for entity [164]
(2023-03-15T22:52:30.425698852) (2023-03-15T22:52:30.425710402) [Dbg] [SystemManager.cc:58] Loaded system [mbzirc::BaseStation] for entity [164]
(2023-03-15T22:52:30.427421263) (2023-03-15T22:52:30.427433073) [Msg] EntityDetector publishing messages on [/mbzirc/target_object_detector/dropped]
(2023-03-15T22:52:30.427587135) (2023-03-15T22:52:30.427597695) [Dbg] [SystemManager.cc:58] Loaded system [mbzirc::EntityDetector] for entity [168]
(2023-03-15T22:52:30.427683205) (2023-03-15T22:52:30.427692275) [Msg] Loaded level [3]
(2023-03-15T22:52:30.427957567) (2023-03-15T22:52:30.427968997) [Msg] Serving world controls on [/world/simple_demo/control], [/world/simple_demo/control/state] and [/world/simple_demo/playback/control]
(2023-03-15T22:52:30.428097878) (2023-03-15T22:52:30.428109318) [Msg] Serving GUI information on [/world/simple_demo/gui/info]
(2023-03-15T22:52:30.428145898) (2023-03-15T22:52:30.428155028) [Msg] World [simple_demo] initialized with [4ms] physics profile.
(2023-03-15T22:52:30.428272649) (2023-03-15T22:52:30.428282469) [Msg] Serving world SDF generation service on [/world/simple_demo/generate_world_sdf]
(2023-03-15T22:52:30.428364590) (2023-03-15T22:52:30.428373290) [Msg] Serving world names on [/gazebo/worlds]
(2023-03-15T22:52:30.428438780) (2023-03-15T22:52:30.428447630) [Msg] Resource path add service on [/gazebo/resource_paths/add].
(2023-03-15T22:52:30.428511821) (2023-03-15T22:52:30.428520411) [Msg] Resource path get service on [/gazebo/resource_paths/get].
(2023-03-15T22:52:30.428592651) (2023-03-15T22:52:30.428603061) [Msg] Resource path resolve service on [/gazebo/resource_paths/resolve].
(2023-03-15T22:52:30.528826039) (2023-03-15T22:52:30.528854570) [Msg] Resource paths published on [/gazebo/resource_paths].
(2023-03-15T22:52:30.529111731) (2023-03-15T22:52:30.529137212) [Msg] Server control service on [/server_control].
(2023-03-15T22:52:30.529353953) (2023-03-15T22:52:30.529373793) [Msg] Found no publishers on /stats, adding root stats topic
(2023-03-15T22:52:30.529602505) (2023-03-15T22:52:30.529623505) [Msg] Found no publishers on /clock, adding root clock topic
(2023-03-15T22:52:30.529945587) (2023-03-15T22:52:30.529967447) [Dbg] [SimulationRunner.cc:491] Creating PostUpdate worker threads: 13
(2023-03-15T22:52:30.530027367) (2023-03-15T22:52:30.530045128) [Dbg] [SimulationRunner.cc:502] Creating postupdate worker thread (0)
(2023-03-15T22:52:30.530178868) (2023-03-15T22:52:30.530198749) [Dbg] [SimulationRunner.cc:502] Creating postupdate worker thread (1)
(2023-03-15T22:52:30.530287109) (2023-03-15T22:52:30.530302849) [Dbg] [SimulationRunner.cc:502] Creating postupdate worker thread (2)
(2023-03-15T22:52:30.530388330) (2023-03-15T22:52:30.530405960) [Dbg] [SimulationRunner.cc:502] Creating postupdate worker thread (3)
(2023-03-15T22:52:30.530497651) (2023-03-15T22:52:30.530515381) [Dbg] [SimulationRunner.cc:502] Creating postupdate worker thread (4)
(2023-03-15T22:52:30.530610001) (2023-03-15T22:52:30.530628661) [Dbg] [SimulationRunner.cc:502] Creating postupdate worker thread (5)
(2023-03-15T22:52:30.530722102) (2023-03-15T22:52:30.530741722) [Dbg] [SimulationRunner.cc:502] Creating postupdate worker thread (6)
(2023-03-15T22:52:30.530830353) (2023-03-15T22:52:30.530849013) [Dbg] [SimulationRunner.cc:502] Creating postupdate worker thread (7)
(2023-03-15T22:52:30.530933773) (2023-03-15T22:52:30.530951944) [Dbg] [SimulationRunner.cc:502] Creating postupdate worker thread (8)
(2023-03-15T22:52:30.531052474) (2023-03-15T22:52:30.531069804) [Dbg] [SimulationRunner.cc:502] Creating postupdate worker thread (9)
(2023-03-15T22:52:30.531153055) (2023-03-15T22:52:30.531172335) [Dbg] [SimulationRunner.cc:502] Creating postupdate worker thread (10)
(2023-03-15T22:52:30.531261336) (2023-03-15T22:52:30.531281496) [Dbg] [SimulationRunner.cc:502] Creating postupdate worker thread (11)
(2023-03-15T22:52:30.630478447) (2023-03-15T22:52:30.630499287) [Msg] Particle emitter[simple_demo::dust_storm::link::dust_storm] subscribed to command messages on topic[/model/dust_storm/link/link/particle_emitter/dust_storm/cmd]
(2023-03-15T22:52:30.630696139) (2023-03-15T22:52:30.630715039) [Msg] Particle emitter[simple_demo::fog::link::fog] subscribed to command messages on topic[/model/fog/link/link/particle_emitter/fog/cmd]
(2023-03-15T22:52:30.632609041) (2023-03-15T22:52:30.632629441) [Msg] DetachableJoint subscribing to messages on [/Vessel_A/detach]
(2023-03-15T22:52:30.632780432) (2023-03-15T22:52:30.632800363) [Msg] DetachableJoint subscribing to messages on [/Vessel_A/detach]
(2023-03-15T22:52:30.632935033) (2023-03-15T22:52:30.632952784) [Msg] DetachableJoint subscribing to messages on [/Vessel_A/detach]
(2023-03-15T22:52:30.633093714) (2023-03-15T22:52:30.633112775) [Msg] DetachableJoint subscribing to messages on [/Vessel_A/detach]
(2023-03-15T22:52:30.633306636) (2023-03-15T22:52:30.633326916) [Msg] Address [base_station/target] bound to model [base_station] on topic [base_station/target]
(2023-03-15T22:52:30.633413947) (2023-03-15T22:52:30.633433167) [Dbg] [CommsEndpoint.cc:89] Succesfuly bound to [base_station/target] on topic [base_station/target]
(2023-03-15T22:52:30.633574248) (2023-03-15T22:52:30.633594088) [Msg] Address [base_station/video] bound to model [base_station] on topic [base_station/video]
(2023-03-15T22:52:30.633686068) (2023-03-15T22:52:30.633705199) [Dbg] [CommsEndpoint.cc:89] Succesfuly bound to [base_station/video] on topic [base_station/video]
(2023-03-15T22:52:30.708315608) (2023-03-15T22:52:30.708331848) [Dbg] [Physics.cc:1593] Creating detachable joint [170]
(2023-03-15T22:52:30.708480129) (2023-03-15T22:52:30.708490069) [Dbg] [Physics.cc:1593] Creating detachable joint [171]
(2023-03-15T22:52:30.708604170) (2023-03-15T22:52:30.708614170) [Dbg] [Physics.cc:1593] Creating detachable joint [172]
(2023-03-15T22:52:30.708923872) (2023-03-15T22:52:30.708935712) [Dbg] [Physics.cc:1593] Creating detachable joint [173]
(2023-03-15T22:52:30.710189650) (2023-03-15T22:52:30.710204010) [Dbg] [SimulationFeatures.cc:63] Simulation timestep set to: 0.004
(2023-03-15T22:52:30.720457828) (2023-03-15T22:52:30.720479988) [Msg] Serving scene information on [/world/simple_demo/scene/info]
(2023-03-15T22:52:30.720624629) (2023-03-15T22:52:30.720640969) [Msg] Serving graph information on [/world/simple_demo/scene/graph]
(2023-03-15T22:52:30.720770420) (2023-03-15T22:52:30.720787700) [Msg] Serving full state on [/world/simple_demo/state]
(2023-03-15T22:52:30.720921001) (2023-03-15T22:52:30.720938791) [Msg] Serving full state (async) on [(2023-03-15T22:52:30.720974291) (/world/simple_demo2023-03-15T22:52:30.720987221) /state_async[Wrn] [Model.hh:69] 
Skipping serialization / deserialization for models with //pose/@relative_to attribute.
(2023-03-15T22:52:30.721135882) (2023-03-15T22:52:30.721154542) [Msg] Publishing scene information on [/world/simple_demo/scene/info]
(2023-03-15T22:52:30.721309513) (2023-03-15T22:52:30.721328334) [Msg] Publishing entity deletions on [/world/simple_demo/scene/deletion]
(2023-03-15T22:52:30.721453874) (2023-03-15T22:52:30.721470854) [Msg] Publishing state changes on [/world/simple_demo/state]
(2023-03-15T22:52:30.721591485) (2023-03-15T22:52:30.721610535) [Msg] Publishing pose messages on [/world/simple_demo/pose/info]
(2023-03-15T22:52:30.721730976) (2023-03-15T22:52:30.721748356) [Msg] Publishing dynamic pose messages on [/world/simple_demo/(2023-03-15T22:52:30.721795217) (2023-03-15T22:52:30.721808937) [Wrn] [Component.hh:144] dynamic_pose/info]Trying to serialize component with data type [
Trying to serialize component with data type [
N3sdf3v125WorldE], which doesn't have `operator<<`. Component will not be serialized.
(2023-03-15T22:52:30.722088219) (2023-03-15T22:52:30.722105889) [Dbg] [EntityComponentManager.cc:1587] Updated state thread iterators: 24 threads processing around 8 entities each.
(2023-03-15T22:52:30.745917686) (2023-03-15T22:52:30.745940596) [Dbg] [EntityComponentManager.cc:1587] Updated state thread iterators: 24 threads processing around 8 entities each.
(2023-03-15T22:52:35.855722217) (2023-03-15T22:52:35.855742497) [Msg] Linear velocity initialized to [0 0 0]
(2023-03-15T22:52:35.855824327) (2023-03-15T22:52:35.855838537) [Msg] Angular velocity initialized to [0 0 0]
(2023-03-15T22:52:35.856088529) (2023-03-15T22:52:35.856104589) [Msg] VelocityControl subscribing to twist messages on [/model/usv/cmd_vel]
(2023-03-15T22:52:35.856158249) (2023-03-15T22:52:35.856172170) [Dbg] [SystemManager.cc:58] Loaded system [ignition::gazebo::systems::VelocityControl] for entity [174]
(2023-03-15T22:52:35.857669159) (2023-03-15T22:52:35.857685760) [Dbg] [OdometryPublisher.cc:191] OdometryPublisher system plugin missing <dimensions>, defaults to "2"
(2023-03-15T22:52:35.857886331) (2023-03-15T22:52:35.857902641) [Msg] OdometryPublisher publishing odometry on [/model/usv/odometry]
(2023-03-15T22:52:35.858046082) (2023-03-15T22:52:35.858062592) [Msg] OdometryPublisher publishing odometry with covariance on [/model/usv/odometry_with_covariance]
(2023-03-15T22:52:35.858183513) (2023-03-15T22:52:35.858198423) [Msg] OdometryPublisher publishing Pose_V (TF) on [/model/usv/pose]
(2023-03-15T22:52:35.858250013) (2023-03-15T22:52:35.858263043) [Dbg] [SystemManager.cc:58] Loaded system [ignition::gazebo::systems::OdometryPublisher] for entity [174]
(2023-03-15T22:52:35.860233816) (2023-03-15T22:52:35.860251026) [Msg] Thruster listening to commands in [/model/usv/joint/left_engine_propeller_joint/cmd_thrust]
(2023-03-15T22:52:35.860345287) (2023-03-15T22:52:35.860359997) [Dbg] [Thruster.cc:288] Using velocity control for propeller joint.
(2023-03-15T22:52:35.860401147) (2023-03-15T22:52:35.860414957) [Dbg] [SystemManager.cc:58] Loaded system [ignition::gazebo::systems::Thruster] for entity [174]
(2023-03-15T22:52:35.861588665) (2023-03-15T22:52:35.861600035) [Dbg] [JointPositionController.cc:205] [JointPositionController] system parameters:
(2023-03-15T22:52:35.861625365) (2023-03-15T22:52:35.861634065) [Dbg] [JointPositionController.cc:206] p_gain: [1]
(2023-03-15T22:52:35.861664155) (2023-03-15T22:52:35.861673765) [Dbg] [JointPositionController.cc:207] i_gain: [0.1]
(2023-03-15T22:52:35.861703095) (2023-03-15T22:52:35.861715315) [Dbg] [JointPositionController.cc:208] d_gain: [0.01]
(2023-03-15T22:52:35.861746826) (2023-03-15T22:52:35.861756256) [Dbg] [JointPositionController.cc:209] i_max: [1]
(2023-03-15T22:52:35.861784086) (2023-03-15T22:52:35.861791946) [Dbg] [JointPositionController.cc:210] i_min: [-1]
(2023-03-15T22:52:35.861829266) (2023-03-15T22:52:35.861839306) [Dbg] [JointPositionController.cc:211] cmd_max: [1000]
(2023-03-15T22:52:35.861868266) (2023-03-15T22:52:35.861877256) [Dbg] [JointPositionController.cc:212] cmd_min: [-1000]
(2023-03-15T22:52:35.861904047) (2023-03-15T22:52:35.861912867) [Dbg] [JointPositionController.cc:213] cmd_offset: [0]
(2023-03-15T22:52:35.861942507) (2023-03-15T22:52:35.861953417) [Dbg] [JointPositionController.cc:214] Topic: [usv/left/thruster/joint/cmd_pos]
(2023-03-15T22:52:35.861981677) (2023-03-15T22:52:35.861990627) [Dbg] [JointPositionController.cc:215] initial_position: [0]
(2023-03-15T22:52:35.862021907) (2023-03-15T22:52:35.862030107) [Dbg] [SystemManager.cc:58] Loaded system [ignition::gazebo::systems::JointPositionController] for entity [174]
(2023-03-15T22:52:35.862321289) (2023-03-15T22:52:35.862332809) [Msg] Thruster listening to commands in [/model/usv/joint/right_engine_propeller_joint/cmd_thrust]
(2023-03-15T22:52:35.862380619) (2023-03-15T22:52:35.862389550) [Dbg] [Thruster.cc:288] Using velocity control for propeller joint.
(2023-03-15T22:52:35.862414940) (2023-03-15T22:52:35.862423740) [Dbg] [SystemManager.cc:58] Loaded system [ignition::gazebo::systems::Thruster] for entity [174]
(2023-03-15T22:52:35.862662631) (2023-03-15T22:52:35.862672681) [Dbg] [JointPositionController.cc:205] [JointPositionController] system parameters:
(2023-03-15T22:52:35.862697251) (2023-03-15T22:52:35.862705601) [Dbg] [JointPositionController.cc:206] p_gain: [1]
(2023-03-15T22:52:35.862736392) (2023-03-15T22:52:35.862744332) [Dbg] [JointPositionController.cc:207] i_gain: [0.1]
(2023-03-15T22:52:35.862772112) (2023-03-15T22:52:35.862780122) [Dbg] [JointPositionController.cc:208] d_gain: [0.01]
(2023-03-15T22:52:35.862809142) (2023-03-15T22:52:35.862817992) [Dbg] [JointPositionController.cc:209] i_max: [1]
(2023-03-15T22:52:35.862846692) (2023-03-15T22:52:35.862854452) [Dbg] [JointPositionController.cc:210] i_min: [-1]
(2023-03-15T22:52:35.862882843) (2023-03-15T22:52:35.862892053) [Dbg] [JointPositionController.cc:211] cmd_max: [1000]
(2023-03-15T22:52:35.862921813) (2023-03-15T22:52:35.862930153) [Dbg] [JointPositionController.cc:212] cmd_min: [-1000]
(2023-03-15T22:52:35.862959033) (2023-03-15T22:52:35.862967803) [Dbg] [JointPositionController.cc:213] cmd_offset: [0]
(2023-03-15T22:52:35.862995823) (2023-03-15T22:52:35.863004803) [Dbg] [JointPositionController.cc:214] Topic: [usv/right/thruster/joint/cmd_pos]
(2023-03-15T22:52:35.863032453) (2023-03-15T22:52:35.863041234) [Dbg] [JointPositionController.cc:215] initial_position: [0]
(2023-03-15T22:52:35.863073444) (2023-03-15T22:52:35.863082074) [Dbg] [SystemManager.cc:58] Loaded system [ignition::gazebo::systems::JointPositionController] for entity [174]
(2023-03-15T22:52:35.863315495) (2023-03-15T22:52:35.863326565) [Msg] Using Pierson-Moskowitz spectrum sampling wavefield model 
(2023-03-15T22:52:35.863456916) (2023-03-15T22:52:35.863465886) [Msg] Using Pierson-Moskowitz spectrum sampling wavefield model 
(2023-03-15T22:52:35.863530597) (2023-03-15T22:52:35.863538847) [Msg] Input Parameters:
(2023-03-15T22:52:35.863560957) (2023-03-15T22:52:35.863569097) [Msg] model:     PMS
(2023-03-15T22:52:35.863594587) (2023-03-15T22:52:35.863603097) [Msg] number:     3
(2023-03-15T22:52:35.863627727) (2023-03-15T22:52:35.863636547) [Msg] scale:      1.1
(2023-03-15T22:52:35.863664557) (2023-03-15T22:52:35.863674987) [Msg] angle:      0.4
(2023-03-15T22:52:35.863700668) (2023-03-15T22:52:35.863712438) [Msg] steepness:  0
(2023-03-15T22:52:35.863738638) (2023-03-15T22:52:35.863749998) [Msg] amplitude:  0
(2023-03-15T22:52:35.863776908) (2023-03-15T22:52:35.863786048) [Msg] period:     5
(2023-03-15T22:52:35.863814548) (2023-03-15T22:52:35.863826328) [Msg] direction:  1 0
(2023-03-15T22:52:35.863862259) (2023-03-15T22:52:35.863871049) [Msg] tau:  2
(2023-03-15T22:52:35.863898499) (2023-03-15T22:52:35.863909859) [Msg] gain:  0.3
(2023-03-15T22:52:35.863939349) (2023-03-15T22:52:35.863950869) [Msg] Derived Parameters:
(2023-03-15T22:52:35.863972269) (2023-03-15T22:52:35.863992469) [Msg] amplitudes:  0.0363502, 0.0392277, 0.0385703, 
(2023-03-15T22:52:35.864045780) (2023-03-15T22:52:35.864057420) [Msg] wavenumbers: 0.133171, 0.161136, 0.194975, 
(2023-03-15T22:52:35.864106710) (2023-03-15T22:52:35.864117360) [Msg] omegas:      1.1424, 1.25664, 1.3823, 
(2023-03-15T22:52:35.864169121) (2023-03-15T22:52:35.864178511) [Msg] periods:     (2023-03-15T22:52:35.864195511) (2023-03-15T22:52:35.864204381) [Msg] 5.5, (2023-03-15T22:52:35.864224071) (2023-03-15T22:52:35.864235041) [Msg] 5, (2023-03-15T22:52:35.864256951) (2023-03-15T22:52:35.864267301) [Msg] 4.54545, (2023-03-15T22:52:35.864291021) (2023-03-15T22:52:35.864300081) [Msg] 
(2023-03-15T22:52:35.864317682) (2023-03-15T22:52:35.864326412) [Msg] phases:      0, 0, 0, 
(2023-03-15T22:52:35.864375892) (2023-03-15T22:52:35.864384772) [Msg] steepnesses: 0, 0, 0, 
(2023-03-15T22:52:35.864430832) (2023-03-15T22:52:35.864442002) [Msg] directions:  (2023-03-15T22:52:35.864459222) (2023-03-15T22:52:35.864468143) [Msg] 0.921061 -0.389418; (2023-03-15T22:52:35.864500573) (2023-03-15T22:52:35.864510543) [Msg] 1 0; (2023-03-15T22:52:35.864543703) (2023-03-15T22:52:35.864554593) [Msg] 0.921061 0.389418; (2023-03-15T22:52:35.864586143) (2023-03-15T22:52:35.864595753) [Msg] 
(2023-03-15T22:52:35.864622044) (2023-03-15T22:52:35.864631874) [Dbg] [Surface.cc:161] Surface plugin successfully configured with the following parameters:
(2023-03-15T22:52:35.864657474) (2023-03-15T22:52:35.864666594) [Dbg] [Surface.cc:163]   <link_name>: base_link
(2023-03-15T22:52:35.864691654) (2023-03-15T22:52:35.864700634) [Dbg] [Surface.cc:164]   <vehicle_length>: 6
(2023-03-15T22:52:35.864727664) (2023-03-15T22:52:35.864736404) [Dbg] [Surface.cc:165]   <vehicle_width>: 3.3
(2023-03-15T22:52:35.864764054) (2023-03-15T22:52:35.864773245) [Dbg] [Surface.cc:166]   <hull_radius>: 0.27
(2023-03-15T22:52:35.864798415) (2023-03-15T22:52:35.864807785) [Dbg] [Surface.cc:167]   <num_samples>: 2
(2023-03-15T22:52:35.864832395) (2023-03-15T22:52:35.864841795) [Dbg] [Surface.cc:168]   <fluid_level>: 0.45
(2023-03-15T22:52:35.864868225) (2023-03-15T22:52:35.864876295) [Dbg] [Surface.cc:169]   <fluid_density>: 997.774
(2023-03-15T22:52:35.864906705) (2023-03-15T22:52:35.864916175) [Dbg] [SystemManager.cc:58] Loaded system [ignition::gazebo::systems::Surface] for entity [174]
(2023-03-15T22:52:35.865212257) (2023-03-15T22:52:35.865223038) [Dbg] [SimpleHydrodynamics.cc:167] SimpleHydrodynamics plugin successfully configured with the following parameters:
(2023-03-15T22:52:35.865250158) (2023-03-15T22:52:35.865259058) [Dbg] [SimpleHydrodynamics.cc:169]   <link_name>: base_link
(2023-03-15T22:52:35.865284538) (2023-03-15T22:52:35.865293648) [Dbg] [SimpleHydrodynamics.cc:170]   <xDotU>: 0
(2023-03-15T22:52:35.865320498) (2023-03-15T22:52:35.865329368) [Dbg] [SimpleHydrodynamics.cc:171]   <yDotV>: 0
(2023-03-15T22:52:35.865356788) (2023-03-15T22:52:35.865365408) [Dbg] [SimpleHydrodynamics.cc:172]   <zDotW>: 0.1
(2023-03-15T22:52:35.865391679) (2023-03-15T22:52:35.865401129) [Dbg] [SimpleHydrodynamics.cc:173]   <kDotP>: 0.1
(2023-03-15T22:52:35.865427199) (2023-03-15T22:52:35.865436029) [Dbg] [SimpleHydrodynamics.cc:174]   <mDotQ>: 0.1
(2023-03-15T22:52:35.865463059) (2023-03-15T22:52:35.865471129) [Dbg] [SimpleHydrodynamics.cc:175]   <nDotR>: 0
(2023-03-15T22:52:35.865496749) (2023-03-15T22:52:35.865506159) [Dbg] [SimpleHydrodynamics.cc:176]   <xU>: 51.3
(2023-03-15T22:52:35.865532420) (2023-03-15T22:52:35.865541260) [Dbg] [SimpleHydrodynamics.cc:177]   <xUU>: 72.4
(2023-03-15T22:52:35.865570640) (2023-03-15T22:52:35.865580200) [Dbg] [SimpleHydrodynamics.cc:178]   <yV>: 40
(2023-03-15T22:52:35.865607390) (2023-03-15T22:52:35.865615590) [Dbg] [SimpleHydrodynamics.cc:179]   <yVV>: 0
(2023-03-15T22:52:35.865641240) (2023-03-15T22:52:35.865649560) [Dbg] [SimpleHydrodynamics.cc:180]   <zW>: 500
(2023-03-15T22:52:35.865675871) (2023-03-15T22:52:35.865684981) [Dbg] [SimpleHydrodynamics.cc:181]   <zWW>: 0
(2023-03-15T22:52:35.865716201) (2023-03-15T22:52:35.865727211) [Dbg] [SimpleHydrodynamics.cc:182]   <kP>: 100
(2023-03-15T22:52:35.865760761) (2023-03-15T22:52:35.865770271) [Dbg] [SimpleHydrodynamics.cc:183]   <kPP>: 0
(2023-03-15T22:52:35.865801511) (2023-03-15T22:52:35.865813051) [Dbg] [SimpleHydrodynamics.cc:184]   <mQ>: 100
(2023-03-15T22:52:35.865842562) (2023-03-15T22:52:35.865852212) [Dbg] [SimpleHydrodynamics.cc:185]   <mQQ>: 0
(2023-03-15T22:52:35.865879382) (2023-03-15T22:52:35.865888582) [Dbg] [SimpleHydrodynamics.cc:186]   <nR>: 400
(2023-03-15T22:52:35.865919942) (2023-03-15T22:52:35.865930242) [Dbg] [SimpleHydrodynamics.cc:187]   <nRR>: 0
(2023-03-15T22:52:35.865960642) (2023-03-15T22:52:35.865969372) [Dbg] [SystemManager.cc:58] Loaded system [ignition::gazebo::systems::SimpleHydrodynamics] for entity [174]
(2023-03-15T22:52:35.867238431) (2023-03-15T22:52:35.867248931) [Dbg] [SystemManager.cc:58] Loaded system [ignition::gazebo::systems::PosePublisher] for entity [174]
(2023-03-15T22:52:35.867483002) (2023-03-15T22:52:35.867493653) [Msg] EntityDetector publishing messages on [/mbzirc/target_object_detector/placed]
(2023-03-15T22:52:35.867623863) (2023-03-15T22:52:35.867633973) [Dbg] [SystemManager.cc:58] Loaded system [mbzirc::EntityDetector] for entity [174]
(2023-03-15T22:52:35.867842475) (2023-03-15T22:52:35.867853405) [Msg] EntityDetector publishing messages on [/mbzirc/target_object_detector/placed]
(2023-03-15T22:52:35.867981396) (2023-03-15T22:52:35.867999456) [Dbg] [SystemManager.cc:58] Loaded system [mbzirc::EntityDetector] for entity [174]
(2023-03-15T22:52:35.868208367) (2023-03-15T22:52:35.868219547) [Msg] EntityDetector publishing messages on [/mbzirc/target_object_detector/placed]
(2023-03-15T22:52:35.868348398) (2023-03-15T22:52:35.868358028) [Dbg] [SystemManager.cc:58] Loaded system [mbzirc::EntityDetector] for entity [174]
(2023-03-15T22:52:35.868566460) (2023-03-15T22:52:35.868576800) [Msg] EntityDetector publishing messages on [/mbzirc/target_object_detector/placed]
(2023-03-15T22:52:35.868705501) (2023-03-15T22:52:35.868714991) [Dbg] [SystemManager.cc:58] Loaded system [mbzirc::EntityDetector] for entity [174]
(2023-03-15T22:52:35.868904962) (2023-03-15T22:52:35.868916002) [Dbg] [SystemManager.cc:58] Loaded system [ignition::gazebo::systems::CommsEndpoint] for entity [174]
(2023-03-15T22:52:35.869277964) (2023-03-15T22:52:35.869288054) [Dbg] [UserCommands.cc:1303] Created entity [174] named [usv]
(2023-03-15T22:52:35.877817471) (2023-03-15T22:52:35.877857971) [Dbg] [Sensors.cc:584] Initialization needed
(2023-03-15T22:52:35.877948322) (2023-03-15T22:52:35.877970412) [Dbg] [Sensors.cc:240] Initializing render context
(2023-03-15T22:52:35.878105303) (2023-03-15T22:52:35.878122863) [Msg] Loading plugin [ignition-rendering-ogre2]
(2023-03-15T22:52:35.878488555) (2023-03-15T22:52:35.878509065) [Dbg] [ImuSensor.cc:148] IMU data for [usv::base_link::imu_sensor] advertised on [world/simple_demo/model/usv/link/base_link/sensor/imu_sensor/imu]
(2023-03-15T22:52:35.878658146) (2023-03-15T22:52:35.878686516) [Dbg] [GameLogicPlugin.cc:1991] New Competitor Platform: usv with 0sensors
(((((((((((((((((((((((((((((2023-03-15T22:52:35.880517509(2023-03-15T22:52:35.880517509(2023-03-15T22:52:35.880548179) (2023-03-15T22:52:35.880583009) ) (2023-03-15T22:52:35.880618019) (2023-03-15T22:52:35.880647469) [Dbg] [SimulationRunner.cc:518] Exiting postupdate worker thread (11)
2023-03-15T22:52:35.8807167602023-03-15T22:52:35.8805564992023-03-15T22:52:35.8805564992023-03-15T22:52:35.880759780) (2023-03-15T22:52:35.880782210) (() () (2023-03-15T22:52:35.880905151) ) [Dbg] [SimulationRunner.cc:518] 2023-03-15T22:52:35.880944571) (2023-03-15T22:52:35.880972182) ) (2023-03-15T22:52:35.8808856412023-03-15T22:52:35.881021032) ) (2023-03-15T22:52:35.8807580002023-03-15T22:52:35.881077572) 2023-03-15T22:52:35.880949311[Dbg] [SimulationRunner.cc:518] [Dbg] [SimulationRunner.cc:518] [Dbg] [SimulationRunner.cc:518] ) ) (2023-03-15T22:52:35.881179823) ) (Exiting postupdate worker thread (2023-03-15T22:52:35.881228223) ) (2023-03-15T22:52:35.881299864) ) Exiting postupdate worker thread (Exiting postupdate worker thread (0)
Exiting postupdate worker thread (Exiting postupdate worker thread (Exiting postupdate worker thread (6)

[Dbg] [SimulationRunner.cc:518] Exiting postupdate worker thread (3)
Exiting postupdate worker thread ([Dbg] [SimulationRunner.cc:518] [Dbg] [SimulationRunner.cc:518] [Dbg] [SimulationRunner.cc:518] [Dbg] [SimulationRunner.cc:518] Exiting postupdate worker thread (9)
Exiting postupdate worker thread (4)
Exiting postupdate worker thread ([Dbg] [SimulationRunner.cc:518] Exiting postupdate worker thread (7)
10[Dbg] [SimulationRunner.cc:518] 10[Dbg] [SimulationRunner.cc:518] 10[Dbg] [SimulationRunner.cc:518] Exiting postupdate worker thread ()
5)
Exiting postupdate worker thread (2)
1)
Exiting postupdate worker thread (8)
(2023-03-15T22:52:35.882354701) (2023-03-15T22:52:35.882380681) [Dbg] [SimulationRunner.cc:491] Creating PostUpdate worker threads: 22
(2023-03-15T22:52:35.882453191) (2023-03-15T22:52:35.882477791) [Dbg] [SimulationRunner.cc:502] Creating postupdate worker thread (0)
(2023-03-15T22:52:35.882585462) (2023-03-15T22:52:35.882604772) [Dbg] [SimulationRunner.cc:502] Creating postupdate worker thread (1)
(2023-03-15T22:52:35.882690123) (2023-03-15T22:52:35.882709343) [Dbg] [SimulationRunner.cc:502] Creating postupdate worker thread (2)
(2023-03-15T22:52:35.882806764) (2023-03-15T22:52:35.882827544) [Dbg] [SimulationRunner.cc:502] Creating postupdate worker thread (3)
(2023-03-15T22:52:35.882915954) (2023-03-15T22:52:35.882936574) [Dbg] [SimulationRunner.cc:502] Creating postupdate worker thread (4)
(2023-03-15T22:52:35.883044905) (2023-03-15T22:52:35.883062715) [Dbg] [SimulationRunner.cc:502] Creating postupdate worker thread (5)
(2023-03-15T22:52:35.883151606) (2023-03-15T22:52:35.883169736) [Dbg] [SimulationRunner.cc:502] Creating postupdate worker thread (6)
(2023-03-15T22:52:35.883254817) (2023-03-15T22:52:35.883272827) [Dbg] [SimulationRunner.cc:502] Creating postupdate worker thread (7)
(2023-03-15T22:52:35.883360647) (2023-03-15T22:52:35.883378497) [Dbg] [SimulationRunner.cc:502] Creating postupdate worker thread (8)
(2023-03-15T22:52:35.883462818) (2023-03-15T22:52:35.883482178) [Dbg] [SimulationRunner.cc:502] Creating postupdate worker thread (9)
(2023-03-15T22:52:35.883569579) (2023-03-15T22:52:35.883588399) [Dbg] [SimulationRunner.cc:502] Creating postupdate worker thread (10)
(2023-03-15T22:52:35.883673399) (2023-03-15T22:52:35.883693149) [Dbg] [SimulationRunner.cc:502] Creating postupdate worker thread (11)
(2023-03-15T22:52:35.883778490) (2023-03-15T22:52:35.883796250) [Dbg] [SimulationRunner.cc:502] Creating postupdate worker thread (12)
(2023-03-15T22:52:35.883881911) (2023-03-15T22:52:35.883899881) [Dbg] [SimulationRunner.cc:502] Creating postupdate worker thread (13)
(2023-03-15T22:52:35.883984361) (2023-03-15T22:52:35.884017082) [Dbg] [SimulationRunner.cc:502] Creating postupdate worker thread (14)
(2023-03-15T22:52:35.884105622) (2023-03-15T22:52:35.884124582) [Dbg] [SimulationRunner.cc:502] Creating postupdate worker thread (15)
(2023-03-15T22:52:35.884217123) (2023-03-15T22:52:35.884235613) [Dbg] [SimulationRunner.cc:502] Creating postupdate worker thread (16)
(2023-03-15T22:52:35.884320063) (2023-03-15T22:52:35.884338644) [Dbg] [SimulationRunner.cc:502] Creating postupdate worker thread (17)
(2023-03-15T22:52:35.884423064) (2023-03-15T22:52:35.884441674) [Dbg] [SimulationRunner.cc:502] Creating postupdate worker thread (18)
(2023-03-15T22:52:35.884532505) (2023-03-15T22:52:35.884554215) [Dbg] [SimulationRunner.cc:502] Creating postupdate worker thread (19)
(2023-03-15T22:52:35.884642475) (2023-03-15T22:52:35.884661356) [Dbg] [SimulationRunner.cc:502] Creating postupdate worker thread (20)
(2023-03-15T22:52:35.885334690) (2023-03-15T22:52:35.885356220) [Msg] Address [usv] bound to model [usv] on topic [model/usv/rx]
(2023-03-15T22:52:35.885444200) (2023-03-15T22:52:35.885461831) [Dbg] [CommsEndpoint.cc:89] Succesfuly bound to [usv] on topic [model/usv/rx]
(2023-03-15T22:52:36.311288504) (2023-03-15T22:52:36.311311024) [Dbg] [RenderUtil.cc:2529] Create scene [scene]
(2023-03-15T22:52:36.352285971) (2023-03-15T22:52:36.352301851) [Dbg] [Sensors.cc:254] Rendering Thread initialized
(2023-03-15T22:52:36.356545999) (2023-03-15T22:52:36.356556699) [Wrn] [Ogre2Heightmap.cc:125] Heightmap final sampling should be 2^n
 which differs from ogre1's 2^n+1
The last row and column will be cropped
size = (width * sampling) - sampling + 1
[257] = ([257] * [1]) - [1] + 1
(2023-03-15T22:52:36.361819104) (2023-03-15T22:52:36.361834394) [Msg] Loading heightmap: scene::Heightmap(65478)
(2023-03-15T22:52:36.361873644) (2023-03-15T22:52:36.361886104) [Msg] Heightmap loaded. Process took 0 ms.
(2023-03-15T22:52:40.140723670) (2023-03-15T22:52:40.140743520) [Dbg] [Ogre2ParticleEmitter.cc:514] Particle emitter initialized
(2023-03-15T22:52:40.140944872) (2023-03-15T22:52:40.140959462) [Dbg] [Ogre2ParticleEmitter.cc:514] Particle emitter initialized
(2023-03-15T22:52:40.141184663) (2023-03-15T22:52:40.141201293) [Dbg] [Ogre2ParticleEmitter.cc:514] Particle emitter initialized
(2023-03-15T22:52:40.713119446) (2023-03-15T22:52:40.713135186) [Dbg] [Ogre2ParticleEmitter.cc:514] Particle emitter initialized
(2023-03-15T22:52:40.713327277) (2023-03-15T22:52:40.713336567) [Dbg] [Ogre2ParticleEmitter.cc:514] Particle emitter initialized
(2023-03-15T22:52:40.713459838) (2023-03-15T22:52:40.713469658) [Dbg] [Ogre2ParticleEmitter.cc:514] Particle emitter initialized
(2023-03-15T22:52:40.729123230) (2023-03-15T22:52:40.729141520) [Dbg] [Lidar.cc:122] Laser scans for [usv::sensor_6::sensor_link::lidar] advertised on [world/simple_demo/model/usv/model/sensor_6/link/sensor_link/sensor/lidar/scan]
(2023-03-15T22:52:40.729388251) (2023-03-15T22:52:40.729399542) [Dbg] [GpuLidarSensor.cc:164] Lidar points for [usv::sensor_6::sensor_link::lidar] advertised on [world/simple_demo/model/usv/model/sensor_6/link/sensor_link/sensor/lidar/scan/points]
(2023-03-15T22:52:40.729663803) (2023-03-15T22:52:40.729673683) [Msg] Loading plugin [ignition-rendering-ogre2]
(2023-03-15T22:52:40.871522621) (2023-03-15T22:52:40.871559171) [Dbg] [EntityComponentManager.cc:1587] Updated state thread iterators: 24 threads processing around 10 entities each.
(2023-03-15T22:53:24.822143904) (2023-03-15T22:53:24.822166264) [Msg] Scoring has Started
(2023-03-15T22:53:24.822525576) (2023-03-15T22:53:24.822546607) [Err] [GameLogicPlugin.cc:2121] Invalid configuration detected: 
[usv] Initial Position (10 40 0.299843) is not in the starting area -15 -15 -5 15 15 5
(2023-03-15T23:03:53.109839818) (2023-03-15T23:03:53.109863338) [Dbg] [EntityComponentManager.cc:1587] Updated state thread iterators: 24 threads processing around 10 entities each.
(2023-03-15T23:12:18.911559453) (2023-03-15T23:12:18.911587483) [Dbg] [SignalHandler.cc:141] Received signal[2].
(2023-03-15T23:12:18.911665273) (2023-03-15T23:12:18.911693743) [Dbg] [ServerPrivate.cc:110] Server received signal[2]
(2023-03-15T23:12:18.911779354) (2023-03-15T23:12:18.911808484) [Dbg] [Sensors.cc:406] SensorsPrivate::Stop
(2023-03-15T23:12:18.914681340) (2023-03-15T23:12:18.914717390) [Dbg] [Sensors.cc:392] SensorsPrivate::RenderThread stopped
(2023-03-15T23:12:18.920199951) (2023-03-15T23:12:18.920219261) [Dbg] [ign.cc:410] Shutting down ign-gazebo-server
(((((2023-03-15T23:12:18.923392188) (2023-03-15T23:12:18.923419158) (((2023-03-15T23:12:18.923518578) (2023-03-15T23:12:18.923545528) (2023-03-15T23:12:18.923578698() (2023-03-15T23:12:18.923603808) ((2023-03-15T23:12:18.923686568) (2023-03-15T23:12:18.923730198) (((2023-03-15T23:12:18.923797308) (2023-03-15T23:12:18.923848589) 2023-03-15T23:12:18.923691738) (2023-03-15T23:12:18.9239062592023-03-15T23:12:18.923906259) ) (2023-03-15T23:12:18.923949049) 2023-03-15T23:12:18.923501758) ((2023-03-15T23:12:18.924012379) ) 2023-03-15T23:12:18.923365528(2023-03-15T23:12:18.924052879) 2023-03-15T23:12:18.923682148) (2023-03-15T23:12:18.9241020192023-03-15T23:12:18.923774178) (2023-03-15T23:12:18.924156329) 2023-03-15T23:12:18.923826019) (2023-03-15T23:12:18.924212899) (2023-03-15T23:12:18.924244299) (2023-03-15T23:12:18.924278889) ) 2023-03-15T23:12:18.924124049) (2023-03-15T23:12:18.924359370) [Dbg] [SimulationRunner.cc:518] 2023-03-15T23:12:18.923324827) () ) 2023-03-15T23:12:18.9236448782023-03-15T23:12:18.924470800(2023-03-15T23:12:18.9244957602023-03-15T23:12:18.924458070) (2023-03-15T23:12:18.9245287202023-03-15T23:12:18.924528720) () (2023-03-15T23:12:18.924573510) ) 2023-03-15T23:12:18.924444250) () (2023-03-15T23:12:18.924682990) ) 2023-03-15T23:12:18.924557050) 2023-03-15T23:12:18.924655870) () Exiting postupdate worker thread ([Dbg] [SimulationRunner.cc:518] Exiting postupdate worker thread (16)
[Dbg] [SimulationRunner.cc:518] [Dbg] [SimulationRunner.cc:518] Exiting postupdate worker thread (Exiting postupdate worker thread (3)
17)[Dbg] [SimulationRunner.cc:518] 
Exiting postupdate worker thread ([Dbg] [SimulationRunner.cc:518] 
17Exiting postupdate worker thread (14)
Exiting postupdate worker thread (Exiting postupdate worker thread ([Dbg] [SimulationRunner.cc:518] Exiting postupdate worker thread ([Dbg] [SimulationRunner.cc:518] Exiting postupdate worker thread ([Dbg] [SimulationRunner.cc:518] Exiting postupdate worker thread (11)
5)
Exiting postupdate worker thread (Exiting postupdate worker thread (Exiting postupdate worker thread (15)
Exiting postupdate worker thread (18)
Exiting postupdate worker thread (2)
[Dbg] [SimulationRunner.cc:518] Exiting postupdate worker thread (6)
0)
Exiting postupdate worker thread (Exiting postupdate worker thread (4)
Exiting postupdate worker thread ([Dbg] [SimulationRunner.cc:518] Exiting postupdate worker thread (13)
Exiting postupdate worker thread (8)
)
19)
109)

)
))120)

)
(2023-03-15T23:12:18.962669833) (2023-03-15T23:12:18.962687693) [Dbg] [Sensors.cc:406] SensorsPrivate::Stop
(2023-03-15T23:12:18.983083697) (2023-03-15T23:12:18.983100147) [Msg] Stopping recording
(2023-03-15T23:12:18.983791238) (2023-03-15T23:12:18.983805638) [Msg] Scoring has finished. Elapsed real time: 1134 seconds. Elapsed sim time: 1079 seconds. 
