(2023-03-11T15:52:38.534296481) (2023-03-11T15:52:38.534312951) [Msg] Ignition Gazebo Server v6.11.0
(2023-03-11T15:52:38.537939573) (2023-03-11T15:52:38.537959073) [Msg] Loading SDF world file[/home/developer/mbzirc_ws/install/share/mbzirc_ign/worlds/simple_demo.sdf].
(2023-03-11T15:52:38.855203847) (2023-03-11T15:52:38.855217727) [Msg] Serving entity system service on [/entity/system/add]
(2023-03-11T15:52:38.927132405) (2023-03-11T15:52:38.927153955) [Dbg] [Physics.cc:803] Loaded [ignition::physics::dartsim::Plugin] from library [/usr/lib/x86_64-linux-gnu/ign-physics-5/engine-plugins/libignition-physics-dartsim-plugin.so]
(2023-03-11T15:52:38.927240265) (2023-03-11T15:52:38.927253825) [Dbg] [SystemManager.cc:58] Loaded system [ignition::gazebo::systems::Physics] for entity [1]
(2023-03-11T15:52:38.930939187) (2023-03-11T15:52:38.930949937) [Msg] Create service on [/world/simple_demo/create]
(2023-03-11T15:52:38.931047607) (2023-03-11T15:52:38.931057617) [Msg] Remove service on [/world/simple_demo/remove]
(2023-03-11T15:52:38.931148377) (2023-03-11T15:52:38.931158487) [Msg] Pose service on [/world/simple_demo/set_pose]
(2023-03-11T15:52:38.931237747) (2023-03-11T15:52:38.931246967) [Msg] Pose service on [/world/simple_demo/set_pose_vector]
(2023-03-11T15:52:38.931361467) (2023-03-11T15:52:38.931371567) [Msg] Light configuration service on [/world/simple_demo/light_config]
(2023-03-11T15:52:38.931520097) (2023-03-11T15:52:38.931530207) [Msg] Physics service on [/world/simple_demo/set_physics]
(2023-03-11T15:52:38.931619267) (2023-03-11T15:52:38.931629107) [Msg] SphericalCoordinates service on [/world/simple_demo/set_spherical_coordinates]
(2023-03-11T15:52:38.931691897) (2023-03-11T15:52:38.931701457) [Msg] Enable collision service on [/world/simple_demo/enable_collision]
(2023-03-11T15:52:38.931767947) (2023-03-11T15:52:38.931777237) [Msg] Disable collision service on [/world/simple_demo/disable_collision]
(2023-03-11T15:52:38.931893567) (2023-03-11T15:52:38.931903667) [Msg] Material service on [/world/simple_demo/visual_config]
(2023-03-11T15:52:38.931992457) (2023-03-11T15:52:38.932004417) [Msg] Material service on [/world/simple_demo/wheel_slip]
(2023-03-11T15:52:38.932049387) (2023-03-11T15:52:38.932060767) [Dbg] [SystemManager.cc:58] Loaded system [ignition::gazebo::systems::UserCommands] for entity [1]
(2023-03-11T15:52:38.956371600) (2023-03-11T15:52:38.956381630) [Dbg] [Sensors.cc:479] Configuring Sensors system
(2023-03-11T15:52:38.956441461) (2023-03-11T15:52:38.956449431) [Dbg] [Sensors.cc:398] SensorsPrivate::Run
(2023-03-11T15:52:38.956530491) (2023-03-11T15:52:38.956539791) [Dbg] [SystemManager.cc:58] Loaded system [ignition::gazebo::systems::Sensors] for entity [1]
(2023-03-11T15:52:38.956609151) (2023-03-11T15:52:38.956636841) [Dbg] [Sensors.cc:378] SensorsPrivate::RenderThread started
(2023-03-11T15:52:38.956692491) (2023-03-11T15:52:38.956710611) [Dbg] [Sensors.cc:228] Waiting for init
(2023-03-11T15:52:38.958753291) (2023-03-11T15:52:38.958765251) [Dbg] [SystemManager.cc:58] Loaded system [ignition::gazebo::systems::AirPressure] for entity [1]
(2023-03-11T15:52:38.962230263) (2023-03-11T15:52:38.962241453) [Dbg] [SystemManager.cc:58] Loaded system [ignition::gazebo::systems::Altimeter] for entity [1]
(2023-03-11T15:52:38.965607495) (2023-03-11T15:52:38.965617285) [Dbg] [SystemManager.cc:58] Loaded system [ignition::gazebo::systems::Imu] for entity [1]
(2023-03-11T15:52:38.967990986) (2023-03-11T15:52:38.968002066) [Dbg] [SystemManager.cc:58] Loaded system [ignition::gazebo::systems::Magnetometer] for entity [1]
(2023-03-11T15:52:38.970490437) (2023-03-11T15:52:38.970501187) [Dbg] [SystemManager.cc:58] Loaded system [ignition::gazebo::systems::ForceTorque] for entity [1]
(2023-03-11T15:52:38.972557138) (2023-03-11T15:52:38.972568578) [Msg] Serving particle emitter information on [/world/simple_demo/particle_emitters]
(2023-03-11T15:52:38.972635938) (2023-03-11T15:52:38.972648708) [Dbg] [SystemManager.cc:58] Loaded system [ignition::gazebo::systems::ParticleEmitter2] for entity [1]
(2023-03-11T15:52:38.977173900) (2023-03-11T15:52:38.977217120) [Dbg] [SystemManager.cc:58] Loaded system [ignition::gazebo::systems::SceneBroadcaster] for entity [1]
(2023-03-11T15:52:38.980073522) (2023-03-11T15:52:38.980087052) [Dbg] [SystemManager.cc:58] Loaded system [ignition::gazebo::systems::Contact] for entity [1]
(2023-03-11T15:52:38.982079413) (2023-03-11T15:52:38.982095063) [Dbg] [RFComms.cc:385] Range configuration:
RF Configuration (range-based)
-- max_range: 500000
-- fading_exponent: 2.6
-- l0: 40
-- sigma: 10

(2023-03-11T15:52:38.982223264) (2023-03-11T15:52:38.982235984) [Dbg] [RFComms.cc:388] Radio configuration:
Radio Configuration
-- capacity: 1e+06
-- tx_power: 25
-- noise_floor: -90
-- modulation: QPSK

(2023-03-11T15:52:38.982751704) (2023-03-11T15:52:38.982768434) [Dbg] [Broker.cc:113] Broker services:
(2023-03-11T15:52:38.982806414) (2023-03-11T15:52:38.982819384) [Dbg] [Broker.cc:114]   Bind: [/broker/bind]
(2023-03-11T15:52:38.982859634) (2023-03-11T15:52:38.982872754) [Dbg] [Broker.cc:115]   Unbind: [/broker/unbind]
(2023-03-11T15:52:38.982912144) (2023-03-11T15:52:38.982924234) [Dbg] [Broker.cc:116] Broker topics:
(2023-03-11T15:52:38.982955474) (2023-03-11T15:52:38.982967384) [Dbg] [Broker.cc:117]   Incoming messages: [/broker/msgs]
(2023-03-11T15:52:38.983012124) (2023-03-11T15:52:38.983023994) [Dbg] [SystemManager.cc:58] Loaded system [ignition::gazebo::systems::RFComms] for entity [1]
(2023-03-11T15:52:38.989791267) (2023-03-11T15:52:38.989806437) [Dbg] [RFRange.cc:339] RFRange sensor range configuration:
RF Configuration (range-based)
-- max_range: 500000
-- fading_exponent: 2.6
-- l0: 40
-- sigma: 0.005
-- rssi_1: -15

(2023-03-11T15:52:38.989940907) (2023-03-11T15:52:38.989951987) [Dbg] [RFRange.cc:342] RFRange sensor radio configuration:
Radio Configuration
-- tx_power: 25
-- noise_floor: -90

(2023-03-11T15:52:38.990042527) (2023-03-11T15:52:38.990053797) [Dbg] [SystemManager.cc:58] Loaded system [ignition::gazebo::systems::RFRange] for entity [1]
(2023-03-11T15:52:39.285210330) (2023-03-11T15:52:39.285233320) [Msg] Recording to log file [/tmp/ign/mbzirc/playback/state.tlog]
(2023-03-11T15:52:39.285296640) (2023-03-11T15:52:39.285312920) [Dbg] [LogRecord.cc:334] Recording default topic[/playback/sdf].
(2023-03-11T15:52:39.285358620) (2023-03-11T15:52:39.285375540) [Dbg] [LogRecord.cc:335] Recording default topic[/world/simple_demo/changed_state].
(2023-03-11T15:52:39.484873433) (2023-03-11T15:52:39.484896153) [Dbg] [SystemManager.cc:58] Loaded system [ignition::gazebo::systems::LogRecord] for entity [1]
(2023-03-11T15:52:39.489002816) (2023-03-11T15:52:39.489025096) [Dbg] [SystemManager.cc:58] Loaded system [ignition::gazebo::systems::WindEffects] for entity [1]
(2023-03-11T15:52:39.500707953) (2023-03-11T15:52:39.500717733) [Msg] MBZIRC log path: /tmp/ign/mbzirc/logs
(2023-03-11T15:52:39.500762803) (2023-03-11T15:52:39.500770283) [Wrn] [Filesystem.cc:140] The path [/tmp/ign/mbzirc/logs] does not refer to a directory nor to a file
(2023-03-11T15:52:39.500903183) (2023-03-11T15:52:39.500911173) [Msg] Run duration set to 3600 seconds.
(2023-03-11T15:52:39.500962793) (2023-03-11T15:52:39.500973943) [Msg] Geofence boundary min: -70 -70 -25, max: 70 70 121.92
(2023-03-11T15:52:39.501048123) (2023-03-11T15:52:39.501057323) [Msg] Start area boundary min: -15 -15 -5, max: 15 15 5
(2023-03-11T15:52:39.501137953) (2023-03-11T15:52:39.501146153) [Msg] Setup duration set to 600 seconds.
(2023-03-11T15:52:39.501176573) (2023-03-11T15:52:39.501185243) [Msg] Target vessel: Vessel A
(2023-03-11T15:52:39.501235033) (2023-03-11T15:52:39.501242933) [Msg]   Small object: small_blue_box_a
(2023-03-11T15:52:39.501267023) (2023-03-11T15:52:39.501274463) [Msg]   Small object: small_blue_box_a_duplicate
(2023-03-11T15:52:39.501299913) (2023-03-11T15:52:39.501307893) [Msg]   Large object: large_dry_box_a
(2023-03-11T15:52:39.501337513) (2023-03-11T15:52:39.501350783) [Msg]   Large object: large_dry_box_a_duplicate
(2023-03-11T15:52:39.502441413) (2023-03-11T15:52:39.502457803) [Msg] Starting MBZIRC
(2023-03-11T15:52:39.502609363) (2023-03-11T15:52:39.502630213) [Dbg] [SystemManager.cc:58] Loaded system [mbzirc::GameLogicPlugin] for entity [1]
(2023-03-11T15:52:39.516380460) (2023-03-11T15:52:39.516391970) [Msg] Using Pierson-Moskowitz spectrum sampling wavefield model 
(2023-03-11T15:52:39.516934451) (2023-03-11T15:52:39.516944521) [Msg] Using Pierson-Moskowitz spectrum sampling wavefield model 
(2023-03-11T15:52:39.517057361) (2023-03-11T15:52:39.517067591) [Msg] Input Parameters:
(2023-03-11T15:52:39.517090621) (2023-03-11T15:52:39.517107481) [Msg] model:     PMS
(2023-03-11T15:52:39.517136421) (2023-03-11T15:52:39.517144431) [Msg] number:     3
(2023-03-11T15:52:39.517169591) (2023-03-11T15:52:39.517179981) [Msg] scale:      1.1
(2023-03-11T15:52:39.517207031) (2023-03-11T15:52:39.517216101) [Msg] angle:      0.4
(2023-03-11T15:52:39.517243441) (2023-03-11T15:52:39.517252631) [Msg] steepness:  0
(2023-03-11T15:52:39.517280271) (2023-03-11T15:52:39.517292101) [Msg] amplitude:  0
(2023-03-11T15:52:39.517327671) (2023-03-11T15:52:39.517340131) [Msg] period:     5
(2023-03-11T15:52:39.517376361) (2023-03-11T15:52:39.517389741) [Msg] direction:  1 0
(2023-03-11T15:52:39.517443521) (2023-03-11T15:52:39.517458071) [Msg] tau:  2
(2023-03-11T15:52:39.517494491) (2023-03-11T15:52:39.517507631) [Msg] gain:  0.3
(2023-03-11T15:52:39.517545451) (2023-03-11T15:52:39.517558191) [Msg] Derived Parameters:
(2023-03-11T15:52:39.517588241) (2023-03-11T15:52:39.517600711) [Msg] amplitudes:  0.0363502, 0.0392277, 0.0385703, 
(2023-03-11T15:52:39.517682281) (2023-03-11T15:52:39.517693581) [Msg] wavenumbers: 0.133171, 0.161136, 0.194975, 
(2023-03-11T15:52:39.517739421) (2023-03-11T15:52:39.517751881) [Msg] omegas:      1.1424, 1.25664, 1.3823, 
(2023-03-11T15:52:39.517814561) (2023-03-11T15:52:39.517823721) [Msg] periods:     (2023-03-11T15:52:39.517847371) (2023-03-11T15:52:39.517855981) [Msg] 5.5, (2023-03-11T15:52:39.517886951) (2023-03-11T15:52:39.517900241) [Msg] 5, (2023-03-11T15:52:39.517922951) (2023-03-11T15:52:39.517932061) [Msg] 4.54545, (2023-03-11T15:52:39.517951771) (2023-03-11T15:52:39.517965361) [Msg] 
(2023-03-11T15:52:39.517984171) (2023-03-11T15:52:39.517992671) [Msg] phases:      0, 0, 0, 
(2023-03-11T15:52:39.518042852) (2023-03-11T15:52:39.518055782) [Msg] steepnesses: 0, 0, 0, 
(2023-03-11T15:52:39.518099552) (2023-03-11T15:52:39.518110872) [Msg] directions:  (2023-03-11T15:52:39.518140532) (2023-03-11T15:52:39.518153512) [Msg] 0.921061 -0.389418; (2023-03-11T15:52:39.518199502) (2023-03-11T15:52:39.518214032) [Msg] 1 0; (2023-03-11T15:52:39.518256192) (2023-03-11T15:52:39.518269292) [Msg] 0.921061 0.389418; (2023-03-11T15:52:39.518312492) (2023-03-11T15:52:39.518324802) [Msg] 
(2023-03-11T15:52:39.518730502) (2023-03-11T15:52:39.518744342) [Dbg] [SystemManager.cc:58] Loaded system [ignition::gazebo::systems::WaveVisual] for entity [23]
(2023-03-11T15:52:39.524202794) (2023-03-11T15:52:39.524213145) [Msg] Using Pierson-Moskowitz spectrum sampling wavefield model 
(2023-03-11T15:52:39.524412025) (2023-03-11T15:52:39.524421885) [Msg] Using Pierson-Moskowitz spectrum sampling wavefield model 
(2023-03-11T15:52:39.524466585) (2023-03-11T15:52:39.524476245) [Msg] Input Parameters:
(2023-03-11T15:52:39.524503355) (2023-03-11T15:52:39.524516435) [Msg] model:     PMS
(2023-03-11T15:52:39.524545385) (2023-03-11T15:52:39.524554825) [Msg] number:     3
(2023-03-11T15:52:39.524582985) (2023-03-11T15:52:39.524594545) [Msg] scale:      1.1
(2023-03-11T15:52:39.524619735) (2023-03-11T15:52:39.524628695) [Msg] angle:      0.4
(2023-03-11T15:52:39.524654635) (2023-03-11T15:52:39.524662315) [Msg] steepness:  0
(2023-03-11T15:52:39.524687325) (2023-03-11T15:52:39.524696835) [Msg] amplitude:  0
(2023-03-11T15:52:39.524719135) (2023-03-11T15:52:39.524726675) [Msg] period:     5
(2023-03-11T15:52:39.524749195) (2023-03-11T15:52:39.524758415) [Msg] direction:  1 0
(2023-03-11T15:52:39.524790635) (2023-03-11T15:52:39.524799935) [Msg] tau:  2
(2023-03-11T15:52:39.524826165) (2023-03-11T15:52:39.524839465) [Msg] gain:  0.3
(2023-03-11T15:52:39.524867155) (2023-03-11T15:52:39.524876605) [Msg] Derived Parameters:
(2023-03-11T15:52:39.524905465) (2023-03-11T15:52:39.524917035) [Msg] amplitudes:  0.0363502, 0.0392277, 0.0385703, 
(2023-03-11T15:52:39.524983165) (2023-03-11T15:52:39.524994815) [Msg] wavenumbers: 0.133171, 0.161136, 0.194975, 
(2023-03-11T15:52:39.525057635) (2023-03-11T15:52:39.525067455) [Msg] omegas:      1.1424, 1.25664, 1.3823, 
(2023-03-11T15:52:39.525126865) (2023-03-11T15:52:39.525136475) [Msg] periods:     (2023-03-11T15:52:39.525153795) (2023-03-11T15:52:39.525162865) [Msg] 5.5, (2023-03-11T15:52:39.525186685) (2023-03-11T15:52:39.525195475) [Msg] 5, (2023-03-11T15:52:39.525216005) (2023-03-11T15:52:39.525224005) [Msg] 4.54545, (2023-03-11T15:52:39.525252885) (2023-03-11T15:52:39.525264905) [Msg] 
(2023-03-11T15:52:39.525281735) (2023-03-11T15:52:39.525290885) [Msg] phases:      0, 0, 0, 
(2023-03-11T15:52:39.525332795) (2023-03-11T15:52:39.525341435) [Msg] steepnesses: 0, 0, 0, 
(2023-03-11T15:52:39.525384555) (2023-03-11T15:52:39.525393185) [Msg] directions:  (2023-03-11T15:52:39.525410615) (2023-03-11T15:52:39.525419835) [Msg] 0.921061 -0.389418; (2023-03-11T15:52:39.525449925) (2023-03-11T15:52:39.525459045) [Msg] 1 0; (2023-03-11T15:52:39.525485925) (2023-03-11T15:52:39.525494655) [Msg] 0.921061 0.389418; (2023-03-11T15:52:39.525522285) (2023-03-11T15:52:39.525531015) [Msg] 
(2023-03-11T15:52:39.525566555) (2023-03-11T15:52:39.525575205) [Dbg] [Surface.cc:161] Surface plugin successfully configured with the following parameters:
(2023-03-11T15:52:39.525602535) (2023-03-11T15:52:39.525611635) [Dbg] [Surface.cc:163]   <link_name>: link
(2023-03-11T15:52:39.525634965) (2023-03-11T15:52:39.525642485) [Dbg] [Surface.cc:164]   <vehicle_length>: 6
(2023-03-11T15:52:39.525665605) (2023-03-11T15:52:39.525673445) [Dbg] [Surface.cc:165]   <vehicle_width>: 3.3
(2023-03-11T15:52:39.525697365) (2023-03-11T15:52:39.525705035) [Dbg] [Surface.cc:166]   <hull_radius>: 1.9
(2023-03-11T15:52:39.525730855) (2023-03-11T15:52:39.525739665) [Dbg] [Surface.cc:167]   <num_samples>: 2
(2023-03-11T15:52:39.525767235) (2023-03-11T15:52:39.525778405) [Dbg] [Surface.cc:168]   <fluid_level>: 0.45
(2023-03-11T15:52:39.525808285) (2023-03-11T15:52:39.525817175) [Dbg] [Surface.cc:169]   <fluid_density>: 997.774
(2023-03-11T15:52:39.525858725) (2023-03-11T15:52:39.525867335) [Dbg] [SystemManager.cc:58] Loaded system [ignition::gazebo::systems::Surface] for entity [24]
(2023-03-11T15:52:39.530896098) (2023-03-11T15:52:39.530906898) [Dbg] [SimpleHydrodynamics.cc:167] SimpleHydrodynamics plugin successfully configured with the following parameters:
(2023-03-11T15:52:39.530934748) (2023-03-11T15:52:39.530942258) [Dbg] [SimpleHydrodynamics.cc:169]   <link_name>: link
(2023-03-11T15:52:39.530964428) (2023-03-11T15:52:39.530971828) [Dbg] [SimpleHydrodynamics.cc:170]   <xDotU>: 0
(2023-03-11T15:52:39.530996168) (2023-03-11T15:52:39.531006618) [Dbg] [SimpleHydrodynamics.cc:171]   <yDotV>: 0
(2023-03-11T15:52:39.531030328) (2023-03-11T15:52:39.531039598) [Dbg] [SimpleHydrodynamics.cc:172]   <zDotW>: 0.1
(2023-03-11T15:52:39.531065348) (2023-03-11T15:52:39.531073798) [Dbg] [SimpleHydrodynamics.cc:173]   <kDotP>: 0.1
(2023-03-11T15:52:39.531100848) (2023-03-11T15:52:39.531112718) [Dbg] [SimpleHydrodynamics.cc:174]   <mDotQ>: 0.1
(2023-03-11T15:52:39.531140538) (2023-03-11T15:52:39.531149178) [Dbg] [SimpleHydrodynamics.cc:175]   <nDotR>: 0
(2023-03-11T15:52:39.531177548) (2023-03-11T15:52:39.531185918) [Dbg] [SimpleHydrodynamics.cc:176]   <xU>: 510.3
(2023-03-11T15:52:39.531214858) (2023-03-11T15:52:39.531226268) [Dbg] [SimpleHydrodynamics.cc:177]   <xUU>: 720.4
(2023-03-11T15:52:39.531258208) (2023-03-11T15:52:39.531267348) [Dbg] [SimpleHydrodynamics.cc:178]   <yV>: 400
(2023-03-11T15:52:39.531293698) (2023-03-11T15:52:39.531305488) [Dbg] [SimpleHydrodynamics.cc:179]   <yVV>: 0
(2023-03-11T15:52:39.531334178) (2023-03-11T15:52:39.531343388) [Dbg] [SimpleHydrodynamics.cc:180]   <zW>: 5000
(2023-03-11T15:52:39.531372688) (2023-03-11T15:52:39.531385588) [Dbg] [SimpleHydrodynamics.cc:181]   <zWW>: 0
(2023-03-11T15:52:39.531414778) (2023-03-11T15:52:39.531428178) [Dbg] [SimpleHydrodynamics.cc:182]   <kP>: 500
(2023-03-11T15:52:39.531459818) (2023-03-11T15:52:39.531472258) [Dbg] [SimpleHydrodynamics.cc:183]   <kPP>: 0
(2023-03-11T15:52:39.531500028) (2023-03-11T15:52:39.531508628) [Dbg] [SimpleHydrodynamics.cc:184]   <mQ>: 500
(2023-03-11T15:52:39.531535968) (2023-03-11T15:52:39.531545638) [Dbg] [SimpleHydrodynamics.cc:185]   <mQQ>: 0
(2023-03-11T15:52:39.531571758) (2023-03-11T15:52:39.531580328) [Dbg] [SimpleHydrodynamics.cc:186]   <nR>: 15000
(2023-03-11T15:52:39.531614228) (2023-03-11T15:52:39.531627448) [Dbg] [SimpleHydrodynamics.cc:187]   <nRR>: 0
(2023-03-11T15:52:39.531657108) (2023-03-11T15:52:39.531665808) [Dbg] [SystemManager.cc:58] Loaded system [ignition::gazebo::systems::SimpleHydrodynamics] for entity [24]
(2023-03-11T15:52:39.534163859) (2023-03-11T15:52:39.534173879) [Dbg] [SystemManager.cc:58] Loaded system [ignition::gazebo::systems::DetachableJoint] for entity [28]
(2023-03-11T15:52:39.534676900) (2023-03-11T15:52:39.534689520) [Dbg] [SystemManager.cc:58] Loaded system [ignition::gazebo::systems::DetachableJoint] for entity [44]
(2023-03-11T15:52:39.535496480) (2023-03-11T15:52:39.535509510) [Dbg] [SystemManager.cc:58] Loaded system [ignition::gazebo::systems::DetachableJoint] for entity [60]
(2023-03-11T15:52:39.536323511) (2023-03-11T15:52:39.536336481) [Dbg] [SystemManager.cc:58] Loaded system [ignition::gazebo::systems::DetachableJoint] for entity [112]
(2023-03-11T15:52:39.538382282) (2023-03-11T15:52:39.538392912) [Dbg] [SystemManager.cc:58] Loaded system [ignition::gazebo::systems::CommsEndpoint] for entity [164]
(2023-03-11T15:52:39.538586962) (2023-03-11T15:52:39.538597512) [Dbg] [SystemManager.cc:58] Loaded system [ignition::gazebo::systems::CommsEndpoint] for entity [164]
(2023-03-11T15:52:39.543834285) (2023-03-11T15:52:39.543845315) [Dbg] [SystemManager.cc:58] Loaded system [mbzirc::BaseStation] for entity [164]
(2023-03-11T15:52:39.550131689) (2023-03-11T15:52:39.550143179) [Msg] EntityDetector publishing messages on [/mbzirc/target_object_detector/dropped]
(2023-03-11T15:52:39.550303349) (2023-03-11T15:52:39.550314289) [Dbg] [SystemManager.cc:58] Loaded system [mbzirc::EntityDetector] for entity [168]
(2023-03-11T15:52:39.550421879) (2023-03-11T15:52:39.550433189) [Msg] Loaded level [3]
(2023-03-11T15:52:39.550720859) (2023-03-11T15:52:39.550732939) [Msg] Serving world controls on [/world/simple_demo/control], [/world/simple_demo/control/state] and [/world/simple_demo/playback/control]
(2023-03-11T15:52:39.550859499) (2023-03-11T15:52:39.550868689) [Msg] Serving GUI information on [/world/simple_demo/gui/info]
(2023-03-11T15:52:39.550903489) (2023-03-11T15:52:39.550914239) [Msg] World [simple_demo] initialized with [4ms] physics profile.
(2023-03-11T15:52:39.551047409) (2023-03-11T15:52:39.551061239) [Msg] Serving world SDF generation service on [/world/simple_demo/generate_world_sdf]
(2023-03-11T15:52:39.551169409) (2023-03-11T15:52:39.551178259) [Msg] Serving world names on [/gazebo/worlds]
(2023-03-11T15:52:39.551245769) (2023-03-11T15:52:39.551255719) [Msg] Resource path add service on [/gazebo/resource_paths/add].
(2023-03-11T15:52:39.551330559) (2023-03-11T15:52:39.551344009) [Msg] Resource path get service on [/gazebo/resource_paths/get].
(2023-03-11T15:52:39.651563091) (2023-03-11T15:52:39.651591521) [Msg] Resource path resolve service on [/gazebo/resource_paths/resolve].
(2023-03-11T15:52:39.651741961) (2023-03-11T15:52:39.651760261) [Msg] Resource paths published on [/gazebo/resource_paths].
(2023-03-11T15:52:39.651956291) (2023-03-11T15:52:39.651975281) [Msg] Server control service on [/server_control].
(2023-03-11T15:52:39.652172471) (2023-03-11T15:52:39.652190031) [Msg] Found no publishers on /stats, adding root stats topic
(2023-03-11T15:52:39.652399701) (2023-03-11T15:52:39.652420781) [Msg] Found no publishers on /clock, adding root clock topic
(2023-03-11T15:52:39.652692621) (2023-03-11T15:52:39.652712831) [Dbg] [SimulationRunner.cc:491] Creating PostUpdate worker threads: 13
(2023-03-11T15:52:39.652784301) (2023-03-11T15:52:39.652801881) [Dbg] [SimulationRunner.cc:502] Creating postupdate worker thread (0)
(2023-03-11T15:52:39.652939641) (2023-03-11T15:52:39.652962841) [Dbg] [SimulationRunner.cc:502] Creating postupdate worker thread (1)
(2023-03-11T15:52:39.653078971) (2023-03-11T15:52:39.653119031) [Dbg] [SimulationRunner.cc:502] Creating postupdate worker thread (2)
(2023-03-11T15:52:39.653262381) (2023-03-11T15:52:39.653288221) [Dbg] [SimulationRunner.cc:502] Creating postupdate worker thread (3)
(2023-03-11T15:52:39.653409261) (2023-03-11T15:52:39.653434791) [Dbg] [SimulationRunner.cc:502] Creating postupdate worker thread (4)
(2023-03-11T15:52:39.653528951) (2023-03-11T15:52:39.653545821) [Dbg] [SimulationRunner.cc:502] Creating postupdate worker thread (5)
(2023-03-11T15:52:39.653640231) (2023-03-11T15:52:39.653657661) [Dbg] [SimulationRunner.cc:502] Creating postupdate worker thread (6)
(2023-03-11T15:52:39.653743491) (2023-03-11T15:52:39.653767151) [Dbg] [SimulationRunner.cc:502] Creating postupdate worker thread (7)
(2023-03-11T15:52:39.653874371) (2023-03-11T15:52:39.653893811) [Dbg] [SimulationRunner.cc:502] Creating postupdate worker thread (8)
(2023-03-11T15:52:39.654001132) (2023-03-11T15:52:39.654022902) [Dbg] [SimulationRunner.cc:502] Creating postupdate worker thread (9)
(2023-03-11T15:52:39.654115152) (2023-03-11T15:52:39.654131862) [Dbg] [SimulationRunner.cc:502] Creating postupdate worker thread (10)
(2023-03-11T15:52:39.654230752) (2023-03-11T15:52:39.654254512) [Dbg] [SimulationRunner.cc:502] Creating postupdate worker thread (11)
(2023-03-11T15:52:39.753254073) (2023-03-11T15:52:39.753273633) [Msg] Particle emitter[simple_demo::dust_storm::link::dust_storm] subscribed to command messages on topic[/model/dust_storm/link/link/particle_emitter/dust_storm/cmd]
(2023-03-11T15:52:39.753501803) (2023-03-11T15:52:39.753518193) [Msg] Particle emitter[simple_demo::fog::link::fog] subscribed to command messages on topic[/model/fog/link/link/particle_emitter/fog/cmd]
(2023-03-11T15:52:39.755243714) (2023-03-11T15:52:39.755259684) [Msg] DetachableJoint subscribing to messages on [/Vessel_A/detach]
(2023-03-11T15:52:39.755407204) (2023-03-11T15:52:39.755425394) [Msg] DetachableJoint subscribing to messages on [/Vessel_A/detach]
(2023-03-11T15:52:39.755573654) (2023-03-11T15:52:39.755589104) [Msg] DetachableJoint subscribing to messages on [/Vessel_A/detach]
(2023-03-11T15:52:39.755729174) (2023-03-11T15:52:39.755742934) [Msg] DetachableJoint subscribing to messages on [/Vessel_A/detach]
(2023-03-11T15:52:39.755935685) (2023-03-11T15:52:39.755959705) [Msg] Address [base_station/target] bound to model [base_station] on topic [base_station/target]
(2023-03-11T15:52:39.756061025) (2023-03-11T15:52:39.756081635) [Dbg] [CommsEndpoint.cc:89] Succesfuly bound to [base_station/target] on topic [base_station/target]
(2023-03-11T15:52:39.756216695) (2023-03-11T15:52:39.756233035) [Msg] Address [base_station/video] bound to model [base_station] on topic [base_station/video]
(2023-03-11T15:52:39.756296725) (2023-03-11T15:52:39.756311495) [Dbg] [CommsEndpoint.cc:89] Succesfuly bound to [base_station/video] on topic [base_station/video]
(2023-03-11T15:52:39.839194948) (2023-03-11T15:52:39.839209018) [Dbg] [Physics.cc:1593] Creating detachable joint [170]
(2023-03-11T15:52:39.839368748) (2023-03-11T15:52:39.839379018) [Dbg] [Physics.cc:1593] Creating detachable joint [171]
(2023-03-11T15:52:39.839496938) (2023-03-11T15:52:39.839506028) [Dbg] [Physics.cc:1593] Creating detachable joint [172]
(2023-03-11T15:52:39.839798548) (2023-03-11T15:52:39.839808148) [Dbg] [Physics.cc:1593] Creating detachable joint [173]
(2023-03-11T15:52:39.840957679) (2023-03-11T15:52:39.840969259) [Dbg] [SimulationFeatures.cc:63] Simulation timestep set to: 0.004
(2023-03-11T15:52:39.851286275) (2023-03-11T15:52:39.851302335) [Msg] Serving scene information on [/world/simple_demo/scene/info]
(2023-03-11T15:52:39.851419065) (2023-03-11T15:52:39.851431625) [Msg] Serving graph information on [/world/simple_demo/scene/graph]
(2023-03-11T15:52:39.851544605) (2023-03-11T15:52:39.851554555) [Msg] Serving full state on [/world/simple_demo/state]
(2023-03-11T15:52:39.851638965) (2023-03-11T15:52:39.851653245) [Msg] Serving full state (async) on [/world/simple_demo/state_async]
(2023-03-11T15:52:39.851769825) (2023-03-11T15:52:39.851782775) [Msg] Publishing scene information on [/world/simple_demo/scene/info]
(2023-03-11T15:52:39.851879815) (2023-03-11T15:52:39.851889555) [Msg] Publishing entity deletions on [/world/simple_demo/scene/deletion]
(2023-03-11T15:52:39.851953645) (2023-03-11T15:52:39.851967495) [Msg] Publishing state changes on [/world/simple_demo/state]
(2023-03-11T15:52:39.852060805) (2023-03-11T15:52:39.852070885) [Msg] Publishing pose messages on [/world/simple_demo/pose/info]
(2023-03-11T15:52:39.852143745) (2023-03-11T15:52:39.852152055) [Msg] Publishing dynamic pose messages on [/world/simple_demo/dynamic_pose/info]
(2023-03-11T15:52:39.852349485) (2023-03-11T15:52:39.852359765) [Dbg] [EntityComponentManager.cc:1587] Updated state thread iterators: 24 threads processing around 8 entities each.
(2023-03-11T15:52:39.852749826) (2023-03-11T15:52:39.852782916) [Wrn] [Model.hh:69] Skipping serialization / deserialization for models with //pose/@relative_to attribute.
(2023-03-11T15:52:39.853185346) (2023-03-11T15:52:39.853214066) [Wrn] [Component.hh:144] Trying to serialize component with data type [N3sdf3v125WorldE], which doesn't have `operator<<`. Component will not be serialized.
(2023-03-11T15:52:39.880633700) (2023-03-11T15:52:39.880655630) [Dbg] [EntityComponentManager.cc:1587] Updated state thread iterators: 24 threads processing around 8 entities each.
(2023-03-11T15:52:54.138155062) (2023-03-11T15:52:54.138168902) [Msg] Linear velocity initialized to [0 0 0]
(2023-03-11T15:52:54.138218172) (2023-03-11T15:52:54.138226262) [Msg] Angular velocity initialized to [0 0 0]
(2023-03-11T15:52:54.138401552) (2023-03-11T15:52:54.138410852) [Msg] VelocityControl subscribing to twist messages on [/model/usv/cmd_vel]
(2023-03-11T15:52:54.138449882) (2023-03-11T15:52:54.138459662) [Dbg] [SystemManager.cc:58] Loaded system [ignition::gazebo::systems::VelocityControl] for entity [174]
(2023-03-11T15:52:54.140339312) (2023-03-11T15:52:54.140349632) [Dbg] [OdometryPublisher.cc:191] OdometryPublisher system plugin missing <dimensions>, defaults to "2"
(2023-03-11T15:52:54.140515092) (2023-03-11T15:52:54.140525622) [Msg] OdometryPublisher publishing odometry on [/model/usv/odometry]
(2023-03-11T15:52:54.140636422) (2023-03-11T15:52:54.140646802) [Msg] OdometryPublisher publishing odometry with covariance on [/model/usv/odometry_with_covariance]
(2023-03-11T15:52:54.140746972) (2023-03-11T15:52:54.140759162) [Msg] OdometryPublisher publishing Pose_V (TF) on [/model/usv/pose]
(2023-03-11T15:52:54.140808742) (2023-03-11T15:52:54.140821002) [Dbg] [SystemManager.cc:58] Loaded system [ignition::gazebo::systems::OdometryPublisher] for entity [174]
(2023-03-11T15:52:54.144356895) (2023-03-11T15:52:54.144381655) [Msg] Thruster listening to commands in [/model/usv/joint/left_engine_propeller_joint/cmd_thrust]
(2023-03-11T15:52:54.144510355) (2023-03-11T15:52:54.144532815) [Dbg] [Thruster.cc:288] Using velocity control for propeller joint.
(2023-03-11T15:52:54.144593675) (2023-03-11T15:52:54.144608615) [Dbg] [SystemManager.cc:58] Loaded system [ignition::gazebo::systems::Thruster] for entity [174]
(2023-03-11T15:52:54.147901496) (2023-03-11T15:52:54.147942086) [Dbg] [JointPositionController.cc:205] [JointPositionController] system parameters:
(2023-03-11T15:52:54.148011206) (2023-03-11T15:52:54.148037586) [Dbg] [JointPositionController.cc:206] p_gain: [1]
(2023-03-11T15:52:54.148126826) (2023-03-11T15:52:54.148152016) [Dbg] [JointPositionController.cc:207] i_gain: [0.1]
(2023-03-11T15:52:54.148239606) (2023-03-11T15:52:54.148268376) [Dbg] [JointPositionController.cc:208] d_gain: [0.01]
(2023-03-11T15:52:54.148360536) (2023-03-11T15:52:54.148381466) [Dbg] [JointPositionController.cc:209] i_max: [1]
(2023-03-11T15:52:54.148455986) (2023-03-11T15:52:54.148477406) [Dbg] [JointPositionController.cc:210] i_min: [-1]
(2023-03-11T15:52:54.148568916) (2023-03-11T15:52:54.148589336) [Dbg] [JointPositionController.cc:211] cmd_max: [1000]
(2023-03-11T15:52:54.148664966) (2023-03-11T15:52:54.148685026) [Dbg] [JointPositionController.cc:212] cmd_min: [-1000]
(2023-03-11T15:52:54.148761936) (2023-03-11T15:52:54.148783796) [Dbg] [JointPositionController.cc:213] cmd_offset: [0]
(2023-03-11T15:52:54.148880946) (2023-03-11T15:52:54.148911036) [Dbg] [JointPositionController.cc:214] Topic: [usv/left/thruster/joint/cmd_pos]
(2023-03-11T15:52:54.149006386) (2023-03-11T15:52:54.149035086) [Dbg] [JointPositionController.cc:215] initial_position: [0]
(2023-03-11T15:52:54.149176096) (2023-03-11T15:52:54.149206806) [Dbg] [SystemManager.cc:58] Loaded system [ignition::gazebo::systems::JointPositionController] for entity [174]
(2023-03-11T15:52:54.150027367) (2023-03-11T15:52:54.150039057) [Msg] Thruster listening to commands in [/model/usv/joint/right_engine_propeller_joint/cmd_thrust]
(2023-03-11T15:52:54.150108317) (2023-03-11T15:52:54.150122357) [Dbg] [Thruster.cc:288] Using velocity control for propeller joint.
(2023-03-11T15:52:54.150149607) (2023-03-11T15:52:54.150158537) [Dbg] [SystemManager.cc:58] Loaded system [ignition::gazebo::systems::Thruster] for entity [174]
(2023-03-11T15:52:54.150435077) (2023-03-11T15:52:54.150447047) [Dbg] [JointPositionController.cc:205] [JointPositionController] system parameters:
(2023-03-11T15:52:54.150481267) (2023-03-11T15:52:54.150494917) [Dbg] [JointPositionController.cc:206] p_gain: [1]
(2023-03-11T15:52:54.150536317) (2023-03-11T15:52:54.150546367) [Dbg] [JointPositionController.cc:207] i_gain: [0.1]
(2023-03-11T15:52:54.150578337) (2023-03-11T15:52:54.150588177) [Dbg] [JointPositionController.cc:208] d_gain: [0.01]
(2023-03-11T15:52:54.150625937) (2023-03-11T15:52:54.150634197) [Dbg] [JointPositionController.cc:209] i_max: [1]
(2023-03-11T15:52:54.150660857) (2023-03-11T15:52:54.150670317) [Dbg] [JointPositionController.cc:210] i_min: [-1]
(2023-03-11T15:52:54.150700817) (2023-03-11T15:52:54.150709187) [Dbg] [JointPositionController.cc:211] cmd_max: [1000]
(2023-03-11T15:52:54.150740057) (2023-03-11T15:52:54.150751027) [Dbg] [JointPositionController.cc:212] cmd_min: [-1000]
(2023-03-11T15:52:54.150782377) (2023-03-11T15:52:54.150791707) [Dbg] [JointPositionController.cc:213] cmd_offset: [0]
(2023-03-11T15:52:54.150823578) (2023-03-11T15:52:54.150833128) [Dbg] [JointPositionController.cc:214] Topic: [usv/right/thruster/joint/cmd_pos]
(2023-03-11T15:52:54.150864688) (2023-03-11T15:52:54.150874278) [Dbg] [JointPositionController.cc:215] initial_position: [0]
(2023-03-11T15:52:54.150909228) (2023-03-11T15:52:54.150919188) [Dbg] [SystemManager.cc:58] Loaded system [ignition::gazebo::systems::JointPositionController] for entity [174]
(2023-03-11T15:52:54.151202038) (2023-03-11T15:52:54.151212828) [Msg] Using Pierson-Moskowitz spectrum sampling wavefield model 
(2023-03-11T15:52:54.151351548) (2023-03-11T15:52:54.151360738) [Msg] Using Pierson-Moskowitz spectrum sampling wavefield model 
(2023-03-11T15:52:54.151425498) (2023-03-11T15:52:54.151433638) [Msg] Input Parameters:
(2023-03-11T15:52:54.151453728) (2023-03-11T15:52:54.151462288) [Msg] model:     PMS
(2023-03-11T15:52:54.151484598) (2023-03-11T15:52:54.151494208) [Msg] number:     3
(2023-03-11T15:52:54.151524868) (2023-03-11T15:52:54.151532818) [Msg] scale:      1.1
(2023-03-11T15:52:54.151565948) (2023-03-11T15:52:54.151577218) [Msg] angle:      0.4
(2023-03-11T15:52:54.151609718) (2023-03-11T15:52:54.151620298) [Msg] steepness:  0
(2023-03-11T15:52:54.151646088) (2023-03-11T15:52:54.151654378) [Msg] amplitude:  0
(2023-03-11T15:52:54.151684588) (2023-03-11T15:52:54.151696588) [Msg] period:     5
(2023-03-11T15:52:54.151721358) (2023-03-11T15:52:54.151730968) [Msg] direction:  1 0
(2023-03-11T15:52:54.151768038) (2023-03-11T15:52:54.151777058) [Msg] tau:  2
(2023-03-11T15:52:54.151801288) (2023-03-11T15:52:54.151816088) [Msg] gain:  0.3
(2023-03-11T15:52:54.151852778) (2023-03-11T15:52:54.151862518) [Msg] Derived Parameters:
(2023-03-11T15:52:54.151890268) (2023-03-11T15:52:54.151900508) [Msg] amplitudes:  0.0363502, 0.0392277, 0.0385703, 
(2023-03-11T15:52:54.151956418) (2023-03-11T15:52:54.151965468) [Msg] wavenumbers: 0.133171, 0.161136, 0.194975, 
(2023-03-11T15:52:54.152013458) (2023-03-11T15:52:54.152022868) [Msg] omegas:      1.1424, 1.25664, 1.3823, 
(2023-03-11T15:52:54.152082368) (2023-03-11T15:52:54.152093958) [Msg] periods:     (2023-03-11T15:52:54.152120908) (2023-03-11T15:52:54.152132048) [Msg] 5.5, (2023-03-11T15:52:54.152162578) (2023-03-11T15:52:54.152174068) [Msg] 5, (2023-03-11T15:52:54.152202129) (2023-03-11T15:52:54.152214399) [Msg] 4.54545, (2023-03-11T15:52:54.152242719) (2023-03-11T15:52:54.152254969) [Msg] 
(2023-03-11T15:52:54.152278829) (2023-03-11T15:52:54.152290229) [Msg] phases:      0, 0, 0, 
(2023-03-11T15:52:54.152348739) (2023-03-11T15:52:54.152361429) [Msg] steepnesses: 0, 0, 0, 
(2023-03-11T15:52:54.152419769) (2023-03-11T15:52:54.152431109) [Msg] directions:  (2023-03-11T15:52:54.152454029) (2023-03-11T15:52:54.152465289) [Msg] 0.921061 -0.389418; (2023-03-11T15:52:54.152505869) (2023-03-11T15:52:54.152516299) [Msg] 1 0; (2023-03-11T15:52:54.152552129) (2023-03-11T15:52:54.152561349) [Msg] 0.921061 0.389418; (2023-03-11T15:52:54.152593189) (2023-03-11T15:52:54.152602579) [Msg] 
(2023-03-11T15:52:54.152632359) (2023-03-11T15:52:54.152642989) [Dbg] [Surface.cc:161] Surface plugin successfully configured with the following parameters:
(2023-03-11T15:52:54.152679449) (2023-03-11T15:52:54.152690759) [Dbg] [Surface.cc:163]   <link_name>: base_link
(2023-03-11T15:52:54.152717649) (2023-03-11T15:52:54.152727889) [Dbg] [Surface.cc:164]   <vehicle_length>: 6
(2023-03-11T15:52:54.152756799) (2023-03-11T15:52:54.152764359) [Dbg] [Surface.cc:165]   <vehicle_width>: 3.3
(2023-03-11T15:52:54.152787739) (2023-03-11T15:52:54.152798649) [Dbg] [Surface.cc:166]   <hull_radius>: 0.27
(2023-03-11T15:52:54.152830649) (2023-03-11T15:52:54.152839489) [Dbg] [Surface.cc:167]   <num_samples>: 2
(2023-03-11T15:52:54.152866919) (2023-03-11T15:52:54.152880299) [Dbg] [Surface.cc:168]   <fluid_level>: 0.45
(2023-03-11T15:52:54.152920279) (2023-03-11T15:52:54.152933529) [Dbg] [Surface.cc:169]   <fluid_density>: 997.774
(2023-03-11T15:52:54.152979229) (2023-03-11T15:52:54.152992639) [Dbg] [SystemManager.cc:58] Loaded system [ignition::gazebo::systems::Surface] for entity [174]
(2023-03-11T15:52:54.153411239) (2023-03-11T15:52:54.153429019) [Dbg] [SimpleHydrodynamics.cc:167] SimpleHydrodynamics plugin successfully configured with the following parameters:
(2023-03-11T15:52:54.153471509) (2023-03-11T15:52:54.153485069) [Dbg] [SimpleHydrodynamics.cc:169]   <link_name>: base_link
(2023-03-11T15:52:54.153513739) (2023-03-11T15:52:54.153523459) [Dbg] [SimpleHydrodynamics.cc:170]   <xDotU>: 0
(2023-03-11T15:52:54.153555009) (2023-03-11T15:52:54.153564149) [Dbg] [SimpleHydrodynamics.cc:171]   <yDotV>: 0
(2023-03-11T15:52:54.153591079) (2023-03-11T15:52:54.153601979) [Dbg] [SimpleHydrodynamics.cc:172]   <zDotW>: 0.1
(2023-03-11T15:52:54.153632019) (2023-03-11T15:52:54.153642339) [Dbg] [SimpleHydrodynamics.cc:173]   <kDotP>: 0.1
(2023-03-11T15:52:54.153669859) (2023-03-11T15:52:54.153679169) [Dbg] [SimpleHydrodynamics.cc:174]   <mDotQ>: 0.1
(2023-03-11T15:52:54.153714939) (2023-03-11T15:52:54.153726519) [Dbg] [SimpleHydrodynamics.cc:175]   <nDotR>: 0
(2023-03-11T15:52:54.153754449) (2023-03-11T15:52:54.153763479) [Dbg] [SimpleHydrodynamics.cc:176]   <xU>: 51.3
(2023-03-11T15:52:54.153791419) (2023-03-11T15:52:54.153801399) [Dbg] [SimpleHydrodynamics.cc:177]   <xUU>: 72.4
(2023-03-11T15:52:54.153828029) (2023-03-11T15:52:54.153836889) [Dbg] [SimpleHydrodynamics.cc:178]   <yV>: 40
(2023-03-11T15:52:54.153864349) (2023-03-11T15:52:54.153873589) [Dbg] [SimpleHydrodynamics.cc:179]   <yVV>: 0
(2023-03-11T15:52:54.153901369) (2023-03-11T15:52:54.153909949) [Dbg] [SimpleHydrodynamics.cc:180]   <zW>: 500
(2023-03-11T15:52:54.153936009) (2023-03-11T15:52:54.153945059) [Dbg] [SimpleHydrodynamics.cc:181]   <zWW>: 0
(2023-03-11T15:52:54.153970189) (2023-03-11T15:52:54.153983469) [Dbg] [SimpleHydrodynamics.cc:182]   <kP>: 100
(2023-03-11T15:52:54.154010539) (2023-03-11T15:52:54.154020169) [Dbg] [SimpleHydrodynamics.cc:183]   <kPP>: 0
(2023-03-11T15:52:54.154045969) (2023-03-11T15:52:54.154054799) [Dbg] [SimpleHydrodynamics.cc:184]   <mQ>: 100
(2023-03-11T15:52:54.154084929) (2023-03-11T15:52:54.154093529) [Dbg] [SimpleHydrodynamics.cc:185]   <mQQ>: 0
(2023-03-11T15:52:54.154120009) (2023-03-11T15:52:54.154130219) [Dbg] [SimpleHydrodynamics.cc:186]   <nR>: 400
(2023-03-11T15:52:54.154167329) (2023-03-11T15:52:54.154178749) [Dbg] [SimpleHydrodynamics.cc:187]   <nRR>: 0
(2023-03-11T15:52:54.154208759) (2023-03-11T15:52:54.154217429) [Dbg] [SystemManager.cc:58] Loaded system [ignition::gazebo::systems::SimpleHydrodynamics] for entity [174]
(2023-03-11T15:52:54.156882710) (2023-03-11T15:52:54.156894420) [Dbg] [SystemManager.cc:58] Loaded system [ignition::gazebo::systems::PosePublisher] for entity [174]
(2023-03-11T15:52:54.157182280) (2023-03-11T15:52:54.157193520) [Msg] EntityDetector publishing messages on [/mbzirc/target_object_detector/placed]
(2023-03-11T15:52:54.157346010) (2023-03-11T15:52:54.157356540) [Dbg] [SystemManager.cc:58] Loaded system [mbzirc::EntityDetector] for entity [174]
(2023-03-11T15:52:54.157585261) (2023-03-11T15:52:54.157598171) [Msg] EntityDetector publishing messages on [/mbzirc/target_object_detector/placed]
(2023-03-11T15:52:54.157753281) (2023-03-11T15:52:54.157763881) [Dbg] [SystemManager.cc:58] Loaded system [mbzirc::EntityDetector] for entity [174]
(2023-03-11T15:52:54.157995081) (2023-03-11T15:52:54.158005821) [Msg] EntityDetector publishing messages on [/mbzirc/target_object_detector/placed]
(2023-03-11T15:52:54.158139821) (2023-03-11T15:52:54.158149621) [Dbg] [SystemManager.cc:58] Loaded system [mbzirc::EntityDetector] for entity [174]
(2023-03-11T15:52:54.158371561) (2023-03-11T15:52:54.158383691) [Msg] EntityDetector publishing messages on [/mbzirc/target_object_detector/placed]
(2023-03-11T15:52:54.158539681) (2023-03-11T15:52:54.158553201) [Dbg] [SystemManager.cc:58] Loaded system [mbzirc::EntityDetector] for entity [174]
(2023-03-11T15:52:54.158770431) (2023-03-11T15:52:54.158783531) [Dbg] [SystemManager.cc:58] Loaded system [ignition::gazebo::systems::CommsEndpoint] for entity [174]
(2023-03-11T15:52:54.159232062) (2023-03-11T15:52:54.159243042) [Dbg] [UserCommands.cc:1303] Created entity [174] named [usv]
(2023-03-11T15:52:54.168211736) (2023-03-11T15:52:54.168262276) [Dbg] [Sensors.cc:584] Initialization needed
(2023-03-11T15:52:54.168386596) (2023-03-11T15:52:54.168412956) [Dbg] [Sensors.cc:240] Initializing render context
(2023-03-11T15:52:54.168554327) (2023-03-11T15:52:54.168578547) [Msg] Loading plugin [ignition-rendering-ogre2]
(2023-03-11T15:52:54.168862517) (2023-03-11T15:52:54.168884987) [Dbg] [ImuSensor.cc:148] IMU data for [usv::base_link::imu_sensor] advertised on [world/simple_demo/model/usv/link/base_link/sensor/imu_sensor/imu]
(2023-03-11T15:52:54.169149737) (2023-03-11T15:52:54.169187887) [Dbg] [GameLogicPlugin.cc:1991] New Competitor Platform: usv with 0sensors
(((2023-03-11T15:52:54.171760989((2023-03-11T15:52:54.171760989((() (2023-03-11T15:52:54.171897369) ) (2023-03-11T15:52:54.171936549) (2023-03-11T15:52:54.171800579) (2023-03-11T15:52:54.171993779) (2023-03-11T15:52:54.172015199) () (((2023-03-11T15:52:54.172081759) ((2023-03-11T15:52:54.172138859) 2023-03-11T15:52:54.1720326592023-03-11T15:52:54.172032659[Dbg] [SimulationRunner.cc:518] [Dbg] [SimulationRunner.cc:518] 2023-03-11T15:52:54.172032659[Dbg] [SimulationRunner.cc:518] [Dbg] [SimulationRunner.cc:518] ) (2023-03-11T15:52:54.172210019) [Dbg] [SimulationRunner.cc:518] [Dbg] [SimulationRunner.cc:518] [Dbg] [SimulationRunner.cc:518] [Dbg] [SimulationRunner.cc:518] 2023-03-11T15:52:54.172244999) (2023-03-11T15:52:54.172284029) () 2023-03-11T15:52:54.172136489) (2023-03-11T15:52:54.172371539) Exiting postupdate worker thread () () (2023-03-11T15:52:54.172459219) 2023-03-11T15:52:54.172325749) Exiting postupdate worker thread (2023-03-11T15:52:54.172430469) () 2023-03-11T15:52:54.172567059) Exiting postupdate worker thread ([Dbg] [SimulationRunner.cc:518] Exiting postupdate worker thread (8)0)
2)
[Dbg] [SimulationRunner.cc:518] [Dbg] [SimulationRunner.cc:518] Exiting postupdate worker thread (11)
[Dbg] [SimulationRunner.cc:518] Exiting postupdate worker thread (9)
[Dbg] [SimulationRunner.cc:518] Exiting postupdate worker thread (6)
Exiting postupdate worker thread (1)

Exiting postupdate worker thread (Exiting postupdate worker thread (Exiting postupdate worker thread ([Dbg] [SimulationRunner.cc:518] 10Exiting postupdate worker thread (7)
3)
Exiting postupdate worker thread (5)
[Dbg] [SimulationRunner.cc:518] [Dbg] [SimulationRunner.cc:518] )
Exiting postupdate worker thread (4)
(2023-03-11T15:52:54.173559420) (2023-03-11T15:52:54.173580500) [Dbg] [SimulationRunner.cc:491] Creating PostUpdate worker threads: 22
(2023-03-11T15:52:54.173637430) (2023-03-11T15:52:54.173653350) [Dbg] [SimulationRunner.cc:502] Creating postupdate worker thread (0)
(2023-03-11T15:52:54.173736910) (2023-03-11T15:52:54.173751750) [Dbg] [SimulationRunner.cc:502] Creating postupdate worker thread (1)
(2023-03-11T15:52:54.173819360) (2023-03-11T15:52:54.173833870) [Dbg] [SimulationRunner.cc:502] Creating postupdate worker thread (2)
(2023-03-11T15:52:54.173916880) (2023-03-11T15:52:54.173932420) [Dbg] [SimulationRunner.cc:502] Creating postupdate worker thread (3)
(2023-03-11T15:52:54.174012950) (2023-03-11T15:52:54.174030840) [Dbg] [SimulationRunner.cc:502] Creating postupdate worker thread (4)
(2023-03-11T15:52:54.174132460) (2023-03-11T15:52:54.174154920) [Dbg] [SimulationRunner.cc:502] Creating postupdate worker thread (5)
(2023-03-11T15:52:54.174238960) (2023-03-11T15:52:54.174257380) [Dbg] [SimulationRunner.cc:502] Creating postupdate worker thread (6)
(2023-03-11T15:52:54.174334830) (2023-03-11T15:52:54.174351090) [Dbg] [SimulationRunner.cc:502] Creating postupdate worker thread (7)
(2023-03-11T15:52:54.174429920) (2023-03-11T15:52:54.174449890) [Dbg] [SimulationRunner.cc:502] Creating postupdate worker thread (8)
(2023-03-11T15:52:54.174525220) (2023-03-11T15:52:54.174539780) [Dbg] [SimulationRunner.cc:502] Creating postupdate worker thread (9)
(2023-03-11T15:52:54.174611400) (2023-03-11T15:52:54.174626030) [Dbg] [SimulationRunner.cc:502] Creating postupdate worker thread (10)
(2023-03-11T15:52:54.174698020) (2023-03-11T15:52:54.174712940) [Dbg] [SimulationRunner.cc:502] Creating postupdate worker thread (11)
(2023-03-11T15:52:54.174788910) (2023-03-11T15:52:54.174804100) [Dbg] [SimulationRunner.cc:502] Creating postupdate worker thread (12)
(2023-03-11T15:52:54.174880190) (2023-03-11T15:52:54.174896630) [Dbg] [SimulationRunner.cc:502] Creating postupdate worker thread (13)
(2023-03-11T15:52:54.174972920) (2023-03-11T15:52:54.174988410) [Dbg] [SimulationRunner.cc:502] Creating postupdate worker thread (14)
(2023-03-11T15:52:54.175063660) (2023-03-11T15:52:54.175081380) [Dbg] [SimulationRunner.cc:502] Creating postupdate worker thread (15)
(2023-03-11T15:52:54.175161410) (2023-03-11T15:52:54.175177160) [Dbg] [SimulationRunner.cc:502] Creating postupdate worker thread (16)
(2023-03-11T15:52:54.175249780) (2023-03-11T15:52:54.175265930) [Dbg] [SimulationRunner.cc:502] Creating postupdate worker thread (17)
(2023-03-11T15:52:54.175339640) (2023-03-11T15:52:54.175355560) [Dbg] [SimulationRunner.cc:502] Creating postupdate worker thread (18)
(2023-03-11T15:52:54.175432940) (2023-03-11T15:52:54.175448960) [Dbg] [SimulationRunner.cc:502] Creating postupdate worker thread (19)
(2023-03-11T15:52:54.175522660) (2023-03-11T15:52:54.175539990) [Dbg] [SimulationRunner.cc:502] Creating postupdate worker thread (20)
(2023-03-11T15:52:54.176159591) (2023-03-11T15:52:54.176178771) [Msg] Address [usv] bound to model [usv] on topic [model/usv/rx]
(2023-03-11T15:52:54.176257051) (2023-03-11T15:52:54.176274041) [Dbg] [CommsEndpoint.cc:89] Succesfuly bound to [usv] on topic [model/usv/rx]
(2023-03-11T15:52:54.630645276) (2023-03-11T15:52:54.630657276) [Dbg] [RenderUtil.cc:2529] Create scene [scene]
(2023-03-11T15:52:54.694602040) (2023-03-11T15:52:54.694618410) [Dbg] [Sensors.cc:254] Rendering Thread initialized
(2023-03-11T15:52:54.698956772) (2023-03-11T15:52:54.698969142) [Wrn] [Ogre2Heightmap.cc:125] Heightmap final sampling should be 2^n
 which differs from ogre1's 2^n+1
The last row and column will be cropped
size = (width * sampling) - sampling + 1
[257] = ([257] * [1]) - [1] + 1
(2023-03-11T15:52:54.740868464) (2023-03-11T15:52:54.740886554) [Msg] Loading heightmap: scene::Heightmap(65478)
(2023-03-11T15:52:54.740923504) (2023-03-11T15:52:54.740933854) [Msg] Heightmap loaded. Process took 0 ms.
(2023-03-11T15:52:58.560793507) (2023-03-11T15:52:58.560814977) [Dbg] [Ogre2ParticleEmitter.cc:514] Particle emitter initialized
(2023-03-11T15:52:58.561043228) (2023-03-11T15:52:58.561060288) [Dbg] [Ogre2ParticleEmitter.cc:514] Particle emitter initialized
(2023-03-11T15:52:58.561321328) (2023-03-11T15:52:58.561339498) [Dbg] [Ogre2ParticleEmitter.cc:514] Particle emitter initialized
(2023-03-11T15:52:59.189527344) (2023-03-11T15:52:59.189543334) [Dbg] [Ogre2ParticleEmitter.cc:514] Particle emitter initialized
(2023-03-11T15:52:59.189722364) (2023-03-11T15:52:59.189731694) [Dbg] [Ogre2ParticleEmitter.cc:514] Particle emitter initialized
(2023-03-11T15:52:59.189855214) (2023-03-11T15:52:59.189864504) [Dbg] [Ogre2ParticleEmitter.cc:514] Particle emitter initialized
(2023-03-11T15:52:59.221878420) (2023-03-11T15:52:59.221892870) [Dbg] [Lidar.cc:122] Laser scans for [usv::sensor_6::sensor_link::lidar] advertised on [world/simple_demo/model/usv/model/sensor_6/link/sensor_link/sensor/lidar/scan]
(2023-03-11T15:52:59.222218620) (2023-03-11T15:52:59.222230230) [Dbg] [GpuLidarSensor.cc:164] Lidar points for [usv::sensor_6::sensor_link::lidar] advertised on [world/simple_demo/model/usv/model/sensor_6/link/sensor_link/sensor/lidar/scan/points]
(2023-03-11T15:52:59.222535610) (2023-03-11T15:52:59.222545630) [Msg] Loading plugin [ignition-rendering-ogre2]
(2023-03-11T15:52:59.805170783) (2023-03-11T15:52:59.805199143) [Dbg] [EntityComponentManager.cc:1587] Updated state thread iterators: 24 threads processing around 10 entities each.
(2023-03-11T16:03:17.576528184) (2023-03-11T16:03:17.576556284) [Msg] Scoring has Started
(2023-03-11T16:03:17.576996964) (2023-03-11T16:03:17.577024324) [Err] [GameLogicPlugin.cc:2121] Invalid configuration detected: 
[usv] Initial Position (10 40 0.299843) is not in the starting area -15 -15 -5 15 15 5
(2023-03-11T16:51:47.559235616) (2023-03-11T16:51:47.559257216) [Dbg] [SignalHandler.cc:141] Received signal[2].
(2023-03-11T16:51:47.559303736) (2023-03-11T16:51:47.559316836) [Dbg] [ServerPrivate.cc:110] Server received signal[2]
(2023-03-11T16:51:47.559361926) (2023-03-11T16:51:47.559376846) [Dbg] [Sensors.cc:406] SensorsPrivate::Stop
(2023-03-11T16:51:47.561413887) (2023-03-11T16:51:47.561435817) [Dbg] [Sensors.cc:392] SensorsPrivate::RenderThread stopped
(2023-03-11T16:51:47.567906270) (2023-03-11T16:51:47.567928050) [Dbg] [ign.cc:410] Shutting down ign-gazebo-server
(((((((2023-03-11T16:51:47.570985262) (2023-03-11T16:51:47.571017432) [Dbg] [SimulationRunner.cc:518] (((2023-03-11T16:51:47.571124092) (2023-03-11T16:51:47.571153242) 2023-03-11T16:51:47.570981702) ((2023-03-11T16:51:47.571209942) 2023-03-11T16:51:47.571234802) ((2023-03-11T16:51:47.571430143) ) 2023-03-11T16:51:47.571068982(2023-03-11T16:51:47.5711281822023-03-11T16:51:47.571099042() 2023-03-11T16:51:47.571068982(2023-03-11T16:51:47.5711281822023-03-11T16:51:47.571099042() 2023-03-11T16:51:47.571068982(2023-03-11T16:51:47.5711281822023-03-11T16:51:47.571099042() 2023-03-11T16:51:47.571068982(2023-03-11T16:51:47.5711281822023-03-11T16:51:47.571099042((2023-03-11T16:51:47.571475423(2023-03-11T16:51:47.571475423) (2023-03-11T16:51:47.571504173) ) ((2023-03-11T16:51:47.571555933) Exiting postupdate worker thread (10)
(2023-03-11T16:51:47.571646863) () (2023-03-11T16:51:47.571713343) 2023-03-11T16:51:47.571732923) (2023-03-11T16:51:47.571770273) 2023-03-11T16:51:47.571791563) ((2023-03-11T16:51:47.5717413032023-03-11T16:51:47.5718508732023-03-11T16:51:47.5717413032023-03-11T16:51:47.5718508732023-03-11T16:51:47.5717413032023-03-11T16:51:47.5718508732023-03-11T16:51:47.5718974932023-03-11T16:51:47.5719230832023-03-11T16:51:47.571828223) ) ([Dbg] [SimulationRunner.cc:518] Exiting postupdate worker thread (2023-03-11T16:51:47.571963983) ) () (2023-03-11T16:51:47.572026923) 132023-03-11T16:51:47.571685243[Dbg] [SimulationRunner.cc:518] Exiting postupdate worker thread ([Dbg] [SimulationRunner.cc:518] 2023-03-11T16:51:47.571685243[Dbg] [SimulationRunner.cc:518] Exiting postupdate worker thread ([Dbg] [SimulationRunner.cc:518] ) ((2023-03-11T16:51:47.572121813) (() (2023-03-11T16:51:47.572163953) ) (2023-03-11T16:51:47.572206433) 2023-03-11T16:51:47.572012923) 2023-03-11T16:51:47.572253853) (2023-03-11T16:51:47.572533443) ) (2023-03-11T16:51:47.572559423) ) (2023-03-11T16:51:47.572605803) [Dbg] [SimulationRunner.cc:518] 2023-03-11T16:51:47.5725630232023-03-11T16:51:47.572563023[Dbg] [SimulationRunner.cc:518] ) () 2023-03-11T16:51:47.572610223) (Exiting postupdate worker thread (2023-03-11T16:51:47.572855474) 112023-03-11T16:51:47.572802784)2023-03-11T16:51:47.572802784)) 
[Dbg] [SimulationRunner.cc:518] Exiting postupdate worker thread (14)
[Dbg] [SimulationRunner.cc:518] Exiting postupdate worker thread (6)
[Dbg] [SimulationRunner.cc:518] Exiting postupdate worker thread (12)
Exiting postupdate worker thread (Exiting postupdate worker thread ([Dbg] [SimulationRunner.cc:518] Exiting postupdate worker thread (9)
[Dbg] [SimulationRunner.cc:518] Exiting postupdate worker thread (17)
[Dbg] [SimulationRunner.cc:518] Exiting postupdate worker thread (15)
)Exiting postupdate worker thread ([Dbg] [SimulationRunner.cc:518] Exiting postupdate worker thread ([Dbg] [SimulationRunner.cc:518] 8)[Dbg] [SimulationRunner.cc:518] Exiting postupdate worker thread ([Dbg] [SimulationRunner.cc:518] 1[Dbg] [SimulationRunner.cc:518] Exiting postupdate worker thread ([Dbg] [SimulationRunner.cc:518] 1Exiting postupdate worker thread (Exiting postupdate worker thread ([Dbg] [SimulationRunner.cc:518] Exiting postupdate worker thread ([Dbg] [SimulationRunner.cc:518] 18Exiting postupdate worker thread (19)
0)
3)

7)4)
Exiting postupdate worker thread (2)
Exiting postupdate worker thread ([Dbg] [SimulationRunner.cc:518] Exiting postupdate worker thread ()

5)
16)
)
[Dbg] [SimulationRunner.cc:518] Exiting postupdate worker thread (Exiting postupdate worker thread (20)
18)
(2023-03-11T16:51:47.610849253) (2023-03-11T16:51:47.610866723) [Dbg] [Sensors.cc:406] SensorsPrivate::Stop
(2023-03-11T16:51:47.629438103) (2023-03-11T16:51:47.629454153) [Msg] Stopping recording
(2023-03-11T16:51:47.630183013) (2023-03-11T16:51:47.630194293) [Msg] Scoring has finished. Elapsed real time: 2910 seconds. Elapsed sim time: 2734 seconds. 
