[  3%] [34m[1mGenerating C code for ROS interfaces[0m
[  6%] [34m[1mGenerating C++ code for ROS interfaces[0m
[  9%] [32mBuilding C object CMakeFiles/mbzirc_interfaces__rosidl_generator_c.dir/rosidl_generator_c/mbzirc_interfaces/action/detail/dock__functions.c.o[0m
[  9%] Built target mbzirc_interfaces__cpp
[ 12%] [34m[1mGenerating C++ type support dispatch for ROS interfaces[0m
[ 16%] [34m[1mGenerating C++ type support for eProsima Fast-RTPS[0m
[ 19%] [34m[1mGenerating C++ introspection for ROS interfaces[0m
[ 22%] [32m[1mLinking C shared library libmbzirc_interfaces__rosidl_generator_c.so[0m
[ 22%] Built target mbzirc_interfaces__rosidl_generator_c
[ 25%] [34m[1mGenerating C type support dispatch for ROS interfaces[0m
[ 29%] [34m[1mGenerating C introspection for ROS interfaces[0m
[ 32%] [32mBuilding CXX object CMakeFiles/mbzirc_interfaces__rosidl_typesupport_cpp.dir/rosidl_typesupport_cpp/mbzirc_interfaces/action/dock__type_support.cpp.o[0m
[ 35%] [32mBuilding CXX object CMakeFiles/mbzirc_interfaces__rosidl_typesupport_introspection_cpp.dir/rosidl_typesupport_introspection_cpp/mbzirc_interfaces/action/detail/dock__type_support.cpp.o[0m
[ 38%] [32mBuilding CXX object CMakeFiles/mbzirc_interfaces__rosidl_typesupport_c.dir/rosidl_typesupport_c/mbzirc_interfaces/action/dock__type_support.cpp.o[0m
[ 41%] [32mBuilding CXX object CMakeFiles/mbzirc_interfaces__rosidl_typesupport_fastrtps_cpp.dir/rosidl_typesupport_fastrtps_cpp/mbzirc_interfaces/action/detail/dds_fastrtps/dock__type_support.cpp.o[0m
[ 45%] [32m[1mLinking CXX shared library libmbzirc_interfaces__rosidl_typesupport_c.so[0m
[ 45%] Built target mbzirc_interfaces__rosidl_typesupport_c
[ 48%] [32mBuilding C object CMakeFiles/mbzirc_interfaces__rosidl_typesupport_introspection_c.dir/rosidl_typesupport_introspection_c/mbzirc_interfaces/action/detail/dock__type_support.c.o[0m
[ 51%] [32m[1mLinking C shared library libmbzirc_interfaces__rosidl_typesupport_introspection_c.so[0m
[ 51%] Built target mbzirc_interfaces__rosidl_typesupport_introspection_c
[ 54%] [32m[1mLinking CXX shared library libmbzirc_interfaces__rosidl_typesupport_cpp.so[0m
[ 54%] Built target mbzirc_interfaces__rosidl_typesupport_cpp
[ 58%] [32m[1mLinking CXX shared library libmbzirc_interfaces__rosidl_typesupport_introspection_cpp.so[0m
[ 58%] Built target mbzirc_interfaces__rosidl_typesupport_introspection_cpp
[ 61%] [32m[1mLinking CXX shared library libmbzirc_interfaces__rosidl_typesupport_fastrtps_cpp.so[0m
[ 61%] Built target mbzirc_interfaces__rosidl_typesupport_fastrtps_cpp
[ 64%] [34m[1mGenerating C type support for eProsima Fast-RTPS[0m
[ 67%] [32mBuilding CXX object CMakeFiles/mbzirc_interfaces__rosidl_typesupport_fastrtps_c.dir/rosidl_typesupport_fastrtps_c/mbzirc_interfaces/action/detail/dock__type_support_c.cpp.o[0m
[ 70%] [32m[1mLinking CXX shared library libmbzirc_interfaces__rosidl_typesupport_fastrtps_c.so[0m
[ 70%] Built target mbzirc_interfaces__rosidl_typesupport_fastrtps_c
[ 70%] Built target mbzirc_interfaces
[ 74%] [34m[1mGenerating Python code for ROS interfaces[0m
[ 74%] Built target mbzirc_interfaces__py
[ 77%] [32mBuilding C object CMakeFiles/mbzirc_interfaces__python.dir/rosidl_generator_py/mbzirc_interfaces/action/_dock_s.c.o[0m
[ 80%] [32m[1mLinking C shared library rosidl_generator_py/mbzirc_interfaces/libmbzirc_interfaces__python.so[0m
[ 80%] Built target mbzirc_interfaces__python
[ 83%] [32mBuilding C object CMakeFiles/mbzirc_interfaces__rosidl_typesupport_fastrtps_c__pyext.dir/rosidl_generator_py/mbzirc_interfaces/_mbzirc_interfaces_s.ep.rosidl_typesupport_fastrtps_c.c.o[0m
[ 87%] [32mBuilding C object CMakeFiles/mbzirc_interfaces__rosidl_typesupport_introspection_c__pyext.dir/rosidl_generator_py/mbzirc_interfaces/_mbzirc_interfaces_s.ep.rosidl_typesupport_introspection_c.c.o[0m
[ 90%] [32mBuilding C object CMakeFiles/mbzirc_interfaces__rosidl_typesupport_c__pyext.dir/rosidl_generator_py/mbzirc_interfaces/_mbzirc_interfaces_s.ep.rosidl_typesupport_c.c.o[0m
[ 93%] [32m[1mLinking CXX shared library rosidl_generator_py/mbzirc_interfaces/mbzirc_interfaces_s__rosidl_typesupport_fastrtps_c.cpython-38-x86_64-linux-gnu.so[0m
[ 96%] [32m[1mLinking C shared library rosidl_generator_py/mbzirc_interfaces/mbzirc_interfaces_s__rosidl_typesupport_c.cpython-38-x86_64-linux-gnu.so[0m
[100%] [32m[1mLinking C shared library rosidl_generator_py/mbzirc_interfaces/mbzirc_interfaces_s__rosidl_typesupport_introspection_c.cpython-38-x86_64-linux-gnu.so[0m
[100%] Built target mbzirc_interfaces__rosidl_typesupport_c__pyext
[100%] Built target mbzirc_interfaces__rosidl_typesupport_fastrtps_c__pyext
[100%] Built target mbzirc_interfaces__rosidl_typesupport_introspection_c__pyext
