[0.297s] Invoking command in '/home/victor/USV-DOCK/ws/build/mbzirc_interfaces': CMAKE_PREFIX_PATH=/opt/ros/foxy /home/victor/.local/bin/cmake --build /home/victor/USV-DOCK/ws/build/mbzirc_interfaces -- -j8 -l8
[0.572s] [  3%] [34m[1mGenerating C code for ROS interfaces[0m
[0.572s] [  6%] [34m[1mGenerating C++ code for ROS interfaces[0m
[1.087s] [  9%] [32mBuilding C object CMakeFiles/mbzirc_interfaces__rosidl_generator_c.dir/rosidl_generator_c/mbzirc_interfaces/action/detail/dock__functions.c.o[0m
[1.188s] [  9%] Built target mbzirc_interfaces__cpp
[1.194s] [ 12%] [34m[1mGenerating C++ type support dispatch for ROS interfaces[0m
[1.197s] [ 16%] [34m[1mGenerating C++ type support for eProsima Fast-RTPS[0m
[1.203s] [ 19%] [34m[1mGenerating C++ introspection for ROS interfaces[0m
[1.371s] [ 22%] [32m[1mLinking C shared library libmbzirc_interfaces__rosidl_generator_c.so[0m
[1.459s] [ 22%] Built target mbzirc_interfaces__rosidl_generator_c
[1.467s] [ 25%] [34m[1mGenerating C type support dispatch for ROS interfaces[0m
[1.495s] [ 29%] [34m[1mGenerating C introspection for ROS interfaces[0m
[1.940s] [ 32%] [32mBuilding CXX object CMakeFiles/mbzirc_interfaces__rosidl_typesupport_cpp.dir/rosidl_typesupport_cpp/mbzirc_interfaces/action/dock__type_support.cpp.o[0m
[1.952s] [ 35%] [32mBuilding CXX object CMakeFiles/mbzirc_interfaces__rosidl_typesupport_introspection_cpp.dir/rosidl_typesupport_introspection_cpp/mbzirc_interfaces/action/detail/dock__type_support.cpp.o[0m
[2.054s] [ 38%] [32mBuilding CXX object CMakeFiles/mbzirc_interfaces__rosidl_typesupport_c.dir/rosidl_typesupport_c/mbzirc_interfaces/action/dock__type_support.cpp.o[0m
[2.109s] [ 41%] [32mBuilding CXX object CMakeFiles/mbzirc_interfaces__rosidl_typesupport_fastrtps_cpp.dir/rosidl_typesupport_fastrtps_cpp/mbzirc_interfaces/action/detail/dds_fastrtps/dock__type_support.cpp.o[0m
[2.135s] [ 45%] [32m[1mLinking CXX shared library libmbzirc_interfaces__rosidl_typesupport_c.so[0m
[2.183s] [ 45%] Built target mbzirc_interfaces__rosidl_typesupport_c
[2.297s] [ 48%] [32mBuilding C object CMakeFiles/mbzirc_interfaces__rosidl_typesupport_introspection_c.dir/rosidl_typesupport_introspection_c/mbzirc_interfaces/action/detail/dock__type_support.c.o[0m
[2.373s] [ 51%] [32m[1mLinking C shared library libmbzirc_interfaces__rosidl_typesupport_introspection_c.so[0m
[2.404s] [ 51%] Built target mbzirc_interfaces__rosidl_typesupport_introspection_c
[2.421s] [ 54%] [32m[1mLinking CXX shared library libmbzirc_interfaces__rosidl_typesupport_cpp.so[0m
[2.452s] [ 54%] Built target mbzirc_interfaces__rosidl_typesupport_cpp
[2.575s] [ 58%] [32m[1mLinking CXX shared library libmbzirc_interfaces__rosidl_typesupport_introspection_cpp.so[0m
[2.643s] [ 58%] Built target mbzirc_interfaces__rosidl_typesupport_introspection_cpp
[2.714s] [ 61%] [32m[1mLinking CXX shared library libmbzirc_interfaces__rosidl_typesupport_fastrtps_cpp.so[0m
[2.793s] [ 61%] Built target mbzirc_interfaces__rosidl_typesupport_fastrtps_cpp
[2.796s] [ 64%] [34m[1mGenerating C type support for eProsima Fast-RTPS[0m
[3.159s] [ 67%] [32mBuilding CXX object CMakeFiles/mbzirc_interfaces__rosidl_typesupport_fastrtps_c.dir/rosidl_typesupport_fastrtps_c/mbzirc_interfaces/action/detail/dock__type_support_c.cpp.o[0m
[3.820s] [ 70%] [32m[1mLinking CXX shared library libmbzirc_interfaces__rosidl_typesupport_fastrtps_c.so[0m
[3.958s] [ 70%] Built target mbzirc_interfaces__rosidl_typesupport_fastrtps_c
[3.970s] [ 70%] Built target mbzirc_interfaces
[3.982s] [ 74%] [34m[1mGenerating Python code for ROS interfaces[0m
[5.697s] [ 74%] Built target mbzirc_interfaces__py
[5.708s] [ 77%] [32mBuilding C object CMakeFiles/mbzirc_interfaces__python.dir/rosidl_generator_py/mbzirc_interfaces/action/_dock_s.c.o[0m
[6.202s] [ 80%] [32m[1mLinking C shared library rosidl_generator_py/mbzirc_interfaces/libmbzirc_interfaces__python.so[0m
[6.259s] [ 80%] Built target mbzirc_interfaces__python
[6.282s] [ 83%] [32mBuilding C object CMakeFiles/mbzirc_interfaces__rosidl_typesupport_fastrtps_c__pyext.dir/rosidl_generator_py/mbzirc_interfaces/_mbzirc_interfaces_s.ep.rosidl_typesupport_fastrtps_c.c.o[0m
[6.365s] [ 87%] [32mBuilding C object CMakeFiles/mbzirc_interfaces__rosidl_typesupport_introspection_c__pyext.dir/rosidl_generator_py/mbzirc_interfaces/_mbzirc_interfaces_s.ep.rosidl_typesupport_introspection_c.c.o[0m
[6.369s] [ 90%] [32mBuilding C object CMakeFiles/mbzirc_interfaces__rosidl_typesupport_c__pyext.dir/rosidl_generator_py/mbzirc_interfaces/_mbzirc_interfaces_s.ep.rosidl_typesupport_c.c.o[0m
[6.551s] [ 93%] [32m[1mLinking CXX shared library rosidl_generator_py/mbzirc_interfaces/mbzirc_interfaces_s__rosidl_typesupport_fastrtps_c.cpython-38-x86_64-linux-gnu.so[0m
[6.631s] [ 96%] [32m[1mLinking C shared library rosidl_generator_py/mbzirc_interfaces/mbzirc_interfaces_s__rosidl_typesupport_c.cpython-38-x86_64-linux-gnu.so[0m
[6.687s] [100%] [32m[1mLinking C shared library rosidl_generator_py/mbzirc_interfaces/mbzirc_interfaces_s__rosidl_typesupport_introspection_c.cpython-38-x86_64-linux-gnu.so[0m
[6.695s] [100%] Built target mbzirc_interfaces__rosidl_typesupport_c__pyext
[6.761s] [100%] Built target mbzirc_interfaces__rosidl_typesupport_fastrtps_c__pyext
[6.771s] [100%] Built target mbzirc_interfaces__rosidl_typesupport_introspection_c__pyext
