(2023-02-28T22:53:45.338194629) (2023-02-28T22:53:45.338207999) [Msg] Ignition Gazebo Server v6.11.0
(2023-02-28T22:53:45.341763792) (2023-02-28T22:53:45.341777482) [Msg] Loading SDF world file[/home/developer/mbzirc_ws/install/share/mbzirc_ign/worlds/simple_demo.sdf].
(2023-02-28T22:53:45.657020653) (2023-02-28T22:53:45.657034513) [Msg] Serving entity system service on [/entity/system/add]
(2023-02-28T22:53:45.690829844) (2023-02-28T22:53:45.690844604) [Dbg] [Physics.cc:803] Loaded [ignition::physics::dartsim::Plugin] from library [/usr/lib/x86_64-linux-gnu/ign-physics-5/engine-plugins/libignition-physics-dartsim-plugin.so]
(2023-02-28T22:53:45.690906634) (2023-02-28T22:53:45.690916424) [Dbg] [SystemManager.cc:58] Loaded system [ignition::gazebo::systems::Physics] for entity [1]
(2023-02-28T22:53:45.692457870) (2023-02-28T22:53:45.692468670) [Msg] Create service on [/world/simple_demo/create]
(2023-02-28T22:53:45.692580490) (2023-02-28T22:53:45.692592030) [Msg] Remove service on [/world/simple_demo/remove]
(2023-02-28T22:53:45.692693891) (2023-02-28T22:53:45.692702751) [Msg] Pose service on [/world/simple_demo/set_pose]
(2023-02-28T22:53:45.692789731) (2023-02-28T22:53:45.692799191) [Msg] Pose service on [/world/simple_demo/set_pose_vector]
(2023-02-28T22:53:45.692920122) (2023-02-28T22:53:45.692929362) [Msg] Light configuration service on [/world/simple_demo/light_config]
(2023-02-28T22:53:45.693083882) (2023-02-28T22:53:45.693092842) [Msg] Physics service on [/world/simple_demo/set_physics]
(2023-02-28T22:53:45.693191783) (2023-02-28T22:53:45.693202983) [Msg] SphericalCoordinates service on [/world/simple_demo/set_spherical_coordinates]
(2023-02-28T22:53:45.693277483) (2023-02-28T22:53:45.693287003) [Msg] Enable collision service on [/world/simple_demo/enable_collision]
(2023-02-28T22:53:45.693359483) (2023-02-28T22:53:45.693368563) [Msg] Disable collision service on [/world/simple_demo/disable_collision]
(2023-02-28T22:53:45.693494904) (2023-02-28T22:53:45.693505694) [Msg] Material service on [/world/simple_demo/visual_config]
(2023-02-28T22:53:45.693601604) (2023-02-28T22:53:45.693612174) [Msg] Material service on [/world/simple_demo/wheel_slip]
(2023-02-28T22:53:45.693650134) (2023-02-28T22:53:45.693661194) [Dbg] [SystemManager.cc:58] Loaded system [ignition::gazebo::systems::UserCommands] for entity [1]
(2023-02-28T22:53:45.712444630) (2023-02-28T22:53:45.712455260) [Dbg] [Sensors.cc:479] Configuring Sensors system
(2023-02-28T22:53:45.712515611) (2023-02-28T22:53:45.712524871) [Dbg] [Sensors.cc:398] SensorsPrivate::Run
(2023-02-28T22:53:45.712599001) (2023-02-28T22:53:45.712607421) [Dbg] [SystemManager.cc:58] Loaded system [ignition::gazebo::systems::Sensors] for entity [1]
(2023-02-28T22:53:45.712652621) (2023-02-28T22:53:45.712701571) [Dbg] [Sensors.cc:378] SensorsPrivate::RenderThread started
(2023-02-28T22:53:45.712756712) (2023-02-28T22:53:45.712778842) [Dbg] [Sensors.cc:228] Waiting for init
(2023-02-28T22:53:45.714040947) (2023-02-28T22:53:45.714054027) [Dbg] [SystemManager.cc:58] Loaded system [ignition::gazebo::systems::AirPressure] for entity [1]
(2023-02-28T22:53:45.715492862) (2023-02-28T22:53:45.715504072) [Dbg] [SystemManager.cc:58] Loaded system [ignition::gazebo::systems::Altimeter] for entity [1]
(2023-02-28T22:53:45.716954678) (2023-02-28T22:53:45.716965238) [Dbg] [SystemManager.cc:58] Loaded system [ignition::gazebo::systems::Imu] for entity [1]
(2023-02-28T22:53:45.718389403) (2023-02-28T22:53:45.718401993) [Dbg] [SystemManager.cc:58] Loaded system [ignition::gazebo::systems::Magnetometer] for entity [1]
(2023-02-28T22:53:45.719815538) (2023-02-28T22:53:45.719827138) [Dbg] [SystemManager.cc:58] Loaded system [ignition::gazebo::systems::ForceTorque] for entity [1]
(2023-02-28T22:53:45.720894381) (2023-02-28T22:53:45.720906091) [Msg] Serving particle emitter information on [/world/simple_demo/particle_emitters]
(2023-02-28T22:53:45.720957731) (2023-02-28T22:53:45.720967251) [Dbg] [SystemManager.cc:58] Loaded system [ignition::gazebo::systems::ParticleEmitter2] for entity [1]
(2023-02-28T22:53:45.722145806) (2023-02-28T22:53:45.722165506) [Dbg] [SystemManager.cc:58] Loaded system [ignition::gazebo::systems::SceneBroadcaster] for entity [1]
(2023-02-28T22:53:45.723077749) (2023-02-28T22:53:45.723088759) [Dbg] [SystemManager.cc:58] Loaded system [ignition::gazebo::systems::Contact] for entity [1]
(2023-02-28T22:53:45.724096902) (2023-02-28T22:53:45.724108112) [Dbg] [RFComms.cc:385] Range configuration:
RF Configuration (range-based)
-- max_range: 500000
-- fading_exponent: 2.6
-- l0: 40
-- sigma: 10

(2023-02-28T22:53:45.724196033) (2023-02-28T22:53:45.724205893) [Dbg] [RFComms.cc:388] Radio configuration:
Radio Configuration
-- capacity: 1e+06
-- tx_power: 25
-- noise_floor: -90
-- modulation: QPSK

(2023-02-28T22:53:45.724467604) (2023-02-28T22:53:45.724479844) [Dbg] [Broker.cc:113] Broker services:
(2023-02-28T22:53:45.724509094) (2023-02-28T22:53:45.724519804) [Dbg] [Broker.cc:114]   Bind: [/broker/bind]
(2023-02-28T22:53:45.724556384) (2023-02-28T22:53:45.724566004) [Dbg] [Broker.cc:115]   Unbind: [/broker/unbind]
(2023-02-28T22:53:45.724601684) (2023-02-28T22:53:45.724612754) [Dbg] [Broker.cc:116] Broker topics:
(2023-02-28T22:53:45.724638924) (2023-02-28T22:53:45.724649974) [Dbg] [Broker.cc:117]   Incoming messages: [/broker/msgs]
(2023-02-28T22:53:45.724682584) (2023-02-28T22:53:45.724691474) [Dbg] [SystemManager.cc:58] Loaded system [ignition::gazebo::systems::RFComms] for entity [1]
(2023-02-28T22:53:45.726730992) (2023-02-28T22:53:45.726740022) [Dbg] [RFRange.cc:339] RFRange sensor range configuration:
RF Configuration (range-based)
-- max_range: 500000
-- fading_exponent: 2.6
-- l0: 40
-- sigma: 0.005
-- rssi_1: -15

(2023-02-28T22:53:45.726834333) (2023-02-28T22:53:45.726843443) [Dbg] [RFRange.cc:342] RFRange sensor radio configuration:
Radio Configuration
-- tx_power: 25
-- noise_floor: -90

(2023-02-28T22:53:45.726911253) (2023-02-28T22:53:45.726919343) [Dbg] [SystemManager.cc:58] Loaded system [ignition::gazebo::systems::RFRange] for entity [1]
(2023-02-28T22:53:45.730184755) (2023-02-28T22:53:45.730195215) [Msg] Overwriting existing file [/tmp/ign/mbzirc/playback/state.tlog]
(2023-02-28T22:53:45.741850077) (2023-02-28T22:53:45.741863957) [Msg] Recording to log file [/tmp/ign/mbzirc/playback/state.tlog]
(2023-02-28T22:53:45.741905697) (2023-02-28T22:53:45.741914937) [Dbg] [LogRecord.cc:334] Recording default topic[/playback/sdf].
(2023-02-28T22:53:45.741940567) (2023-02-28T22:53:45.741949607) [Dbg] [LogRecord.cc:335] Recording default topic[/world/simple_demo/changed_state].
(2023-02-28T22:53:45.779067650) (2023-02-28T22:53:45.779090140) [Dbg] [SystemManager.cc:58] Loaded system [ignition::gazebo::systems::LogRecord] for entity [1]
(2023-02-28T22:53:45.781695029) (2023-02-28T22:53:45.781716139) [Dbg] [SystemManager.cc:58] Loaded system [ignition::gazebo::systems::WindEffects] for entity [1]
(2023-02-28T22:53:45.785989415) (2023-02-28T22:53:45.785999495) [Msg] MBZIRC log path: /tmp/ign/mbzirc/logs
(2023-02-28T22:53:45.786254196) (2023-02-28T22:53:45.786263306) [Msg] Run duration set to 3600 seconds.
(2023-02-28T22:53:45.786318486) (2023-02-28T22:53:45.786327476) [Msg] Geofence boundary min: -70 -70 -25, max: 70 70 121.92
(2023-02-28T22:53:45.786406626) (2023-02-28T22:53:45.786415726) [Msg] Start area boundary min: -15 -15 -5, max: 15 15 5
(2023-02-28T22:53:45.786484766) (2023-02-28T22:53:45.786494386) [Msg] Setup duration set to 600 seconds.
(2023-02-28T22:53:45.786523137) (2023-02-28T22:53:45.786531857) [Msg] Target vessel: Vessel A
(2023-02-28T22:53:45.786578567) (2023-02-28T22:53:45.786587707) [Msg]   Small object: small_blue_box_a
(2023-02-28T22:53:45.786613197) (2023-02-28T22:53:45.786622397) [Msg]   Small object: small_blue_box_a_duplicate
(2023-02-28T22:53:45.786647627) (2023-02-28T22:53:45.786656877) [Msg]   Large object: large_dry_box_a
(2023-02-28T22:53:45.786681147) (2023-02-28T22:53:45.786689297) [Msg]   Large object: large_dry_box_a_duplicate
(2023-02-28T22:53:45.787711971) (2023-02-28T22:53:45.787725691) [Msg] Starting MBZIRC
(2023-02-28T22:53:45.787841402) (2023-02-28T22:53:45.787850422) [Dbg] [SystemManager.cc:58] Loaded system [mbzirc::GameLogicPlugin] for entity [1]
(2023-02-28T22:53:45.792942219) (2023-02-28T22:53:45.792959800) [Msg] Using Pierson-Moskowitz spectrum sampling wavefield model 
(2023-02-28T22:53:45.793351491) (2023-02-28T22:53:45.793365461) [Msg] Using Pierson-Moskowitz spectrum sampling wavefield model 
(2023-02-28T22:53:46.237498700) (2023-02-28T22:53:46.237521350) [Msg] Input Parameters:
(2023-02-28T22:53:46.237565720) (2023-02-28T22:53:46.237581600) [Msg] model:     PMS
(2023-02-28T22:53:46.237630341) (2023-02-28T22:53:46.237646981) [Msg] number:     3
(2023-02-28T22:53:46.237696051) (2023-02-28T22:53:46.237712801) [Msg] scale:      1.1
(2023-02-28T22:53:46.237765461) (2023-02-28T22:53:46.237782361) [Msg] angle:      0.4
(2023-02-28T22:53:46.237830711) (2023-02-28T22:53:46.237848331) [Msg] steepness:  0
(2023-02-28T22:53:46.237896701) (2023-02-28T22:53:46.237914832) [Msg] amplitude:  0
(2023-02-28T22:53:46.237963232) (2023-02-28T22:53:46.237980242) [Msg] period:     5
(2023-02-28T22:53:46.238032802) (2023-02-28T22:53:46.238050802) [Msg] direction:  1 0
(2023-02-28T22:53:46.238119062) (2023-02-28T22:53:46.238136072) [Msg] tau:  2
(2023-02-28T22:53:46.238182922) (2023-02-28T22:53:46.238200872) [Msg] gain:  0.3
(2023-02-28T22:53:46.238247493) (2023-02-28T22:53:46.238265283) [Msg] Derived Parameters:
(2023-02-28T22:53:46.238306013) (2023-02-28T22:53:46.238323983) [Msg] amplitudes:  0.0363502, 0.0392277, 0.0385703, 
(2023-02-28T22:53:46.238432763) (2023-02-28T22:53:46.238450263) [Msg] wavenumbers: 0.133171, 0.161136, 0.194975, 
(2023-02-28T22:53:46.238539714) (2023-02-28T22:53:46.238557374) [Msg] omegas:      1.1424, 1.25664, 1.3823, 
(2023-02-28T22:53:46.238643334) (2023-02-28T22:53:46.238661154) [Msg] periods:     (2023-02-28T22:53:46.238702624) (2023-02-28T22:53:46.238719724) [Msg] 5.5, (2023-02-28T22:53:46.238763684) (2023-02-28T22:53:46.238781134) [Msg] 5, (2023-02-28T22:53:46.238821595) (2023-02-28T22:53:46.238839385) [Msg] 4.54545, (2023-02-28T22:53:46.238881205) (2023-02-28T22:53:46.238897135) [Msg] 
(2023-02-28T22:53:46.238930555) (2023-02-28T22:53:46.238947725) [Msg] phases:      0, 0, 0, 
(2023-02-28T22:53:46.239033625) (2023-02-28T22:53:46.239050405) [Msg] steepnesses: 0, 0, 0, 
(2023-02-28T22:53:46.239129206) (2023-02-28T22:53:46.239145116) [Msg] directions:  (2023-02-28T22:53:46.239184366) (2023-02-28T22:53:46.239202146) [Msg] 0.921061 -0.389418; (2023-02-28T22:53:46.239262216) (2023-02-28T22:53:46.239278976) [Msg] 1 0; (2023-02-28T22:53:46.239336956) (2023-02-28T22:53:46.239353676) [Msg] 0.921061 0.389418; (2023-02-28T22:53:46.239411877) (2023-02-28T22:53:46.239429177) [Msg] 
(2023-02-28T22:53:46.240021379) (2023-02-28T22:53:46.240040979) [Dbg] [SystemManager.cc:58] Loaded system [ignition::gazebo::systems::WaveVisual] for entity [23]
(2023-02-28T22:53:46.244323634) (2023-02-28T22:53:46.244344884) [Msg] Using Pierson-Moskowitz spectrum sampling wavefield model 
(2023-02-28T22:53:46.244715745) (2023-02-28T22:53:46.244736395) [Msg] Using Pierson-Moskowitz spectrum sampling wavefield model 
(2023-02-28T22:53:46.244788585) (2023-02-28T22:53:46.244798295) [Msg] Input Parameters:
(2023-02-28T22:53:46.244817425) (2023-02-28T22:53:46.244827775) [Msg] model:     PMS
(2023-02-28T22:53:46.244848675) (2023-02-28T22:53:46.244857375) [Msg] number:     3
(2023-02-28T22:53:46.244879005) (2023-02-28T22:53:46.244886725) [Msg] scale:      1.1
(2023-02-28T22:53:46.244913526) (2023-02-28T22:53:46.244921616) [Msg] angle:      0.4
(2023-02-28T22:53:46.244944026) (2023-02-28T22:53:46.244951996) [Msg] steepness:  0
(2023-02-28T22:53:46.244980446) (2023-02-28T22:53:46.244988256) [Msg] amplitude:  0
(2023-02-28T22:53:46.245012146) (2023-02-28T22:53:46.245020886) [Msg] period:     5
(2023-02-28T22:53:46.245044676) (2023-02-28T22:53:46.245053756) [Msg] direction:  1 0
(2023-02-28T22:53:46.245085236) (2023-02-28T22:53:46.245093946) [Msg] tau:  2
(2023-02-28T22:53:46.245118726) (2023-02-28T22:53:46.245127246) [Msg] gain:  0.3
(2023-02-28T22:53:46.245151386) (2023-02-28T22:53:46.245160016) [Msg] Derived Parameters:
(2023-02-28T22:53:46.245190616) (2023-02-28T22:53:46.245200117) [Msg] amplitudes:  0.0363502, 0.0392277, 0.0385703, 
(2023-02-28T22:53:46.245244247) (2023-02-28T22:53:46.245253237) [Msg] wavenumbers: 0.133171, 0.161136, 0.194975, 
(2023-02-28T22:53:46.245297237) (2023-02-28T22:53:46.245306307) [Msg] omegas:      1.1424, 1.25664, 1.3823, 
(2023-02-28T22:53:46.245349967) (2023-02-28T22:53:46.245357817) [Msg] periods:     (2023-02-28T22:53:46.245372307) (2023-02-28T22:53:46.245379997) [Msg] 5.5, (2023-02-28T22:53:46.245400257) (2023-02-28T22:53:46.245408727) [Msg] 5, (2023-02-28T22:53:46.245428877) (2023-02-28T22:53:46.245436717) [Msg] 4.54545, (2023-02-28T22:53:46.245456917) (2023-02-28T22:53:46.245465447) [Msg] 
(2023-02-28T22:53:46.245481617) (2023-02-28T22:53:46.245490498) [Msg] phases:      0, 0, 0, 
(2023-02-28T22:53:46.245530798) (2023-02-28T22:53:46.245538758) [Msg] steepnesses: 0, 0, 0, 
(2023-02-28T22:53:46.245581948) (2023-02-28T22:53:46.245590348) [Msg] directions:  (2023-02-28T22:53:46.245607578) (2023-02-28T22:53:46.245616338) [Msg] 0.921061 -0.389418; (2023-02-28T22:53:46.245644638) (2023-02-28T22:53:46.245652418) [Msg] 1 0; (2023-02-28T22:53:46.245680398) (2023-02-28T22:53:46.245688878) [Msg] 0.921061 0.389418; (2023-02-28T22:53:46.245716148) (2023-02-28T22:53:46.245724898) [Msg] 
(2023-02-28T22:53:46.245760548) (2023-02-28T22:53:46.245769018) [Dbg] [Surface.cc:161] Surface plugin successfully configured with the following parameters:
(2023-02-28T22:53:46.245796699) (2023-02-28T22:53:46.245805599) [Dbg] [Surface.cc:163]   <link_name>: link
(2023-02-28T22:53:46.245830509) (2023-02-28T22:53:46.245838009) [Dbg] [Surface.cc:164]   <vehicle_length>: 6
(2023-02-28T22:53:46.245862759) (2023-02-28T22:53:46.245871689) [Dbg] [Surface.cc:165]   <vehicle_width>: 3.3
(2023-02-28T22:53:46.245896799) (2023-02-28T22:53:46.245905709) [Dbg] [Surface.cc:166]   <hull_radius>: 1.9
(2023-02-28T22:53:46.245929989) (2023-02-28T22:53:46.245937859) [Dbg] [Surface.cc:167]   <num_samples>: 2
(2023-02-28T22:53:46.245963159) (2023-02-28T22:53:46.245972219) [Dbg] [Surface.cc:168]   <fluid_level>: 0.45
(2023-02-28T22:53:46.245996089) (2023-02-28T22:53:46.246005689) [Dbg] [Surface.cc:169]   <fluid_density>: 997.774
(2023-02-28T22:53:46.246044689) (2023-02-28T22:53:46.246052429) [Dbg] [SystemManager.cc:58] Loaded system [ignition::gazebo::systems::Surface] for entity [24]
(2023-02-28T22:53:46.247747765) (2023-02-28T22:53:46.247756765) [Dbg] [SimpleHydrodynamics.cc:167] SimpleHydrodynamics plugin successfully configured with the following parameters:
(2023-02-28T22:53:46.247781495) (2023-02-28T22:53:46.247789185) [Dbg] [SimpleHydrodynamics.cc:169]   <link_name>: link
(2023-02-28T22:53:46.247811995) (2023-02-28T22:53:46.247819876) [Dbg] [SimpleHydrodynamics.cc:170]   <xDotU>: 0
(2023-02-28T22:53:46.247843626) (2023-02-28T22:53:46.247851366) [Dbg] [SimpleHydrodynamics.cc:171]   <yDotV>: 0
(2023-02-28T22:53:46.247873556) (2023-02-28T22:53:46.247881346) [Dbg] [SimpleHydrodynamics.cc:172]   <zDotW>: 0.1
(2023-02-28T22:53:46.247904356) (2023-02-28T22:53:46.247913096) [Dbg] [SimpleHydrodynamics.cc:173]   <kDotP>: 0.1
(2023-02-28T22:53:46.247936056) (2023-02-28T22:53:46.247943486) [Dbg] [SimpleHydrodynamics.cc:174]   <mDotQ>: 0.1
(2023-02-28T22:53:46.247967806) (2023-02-28T22:53:46.247975216) [Dbg] [SimpleHydrodynamics.cc:175]   <nDotR>: 0
(2023-02-28T22:53:46.248000206) (2023-02-28T22:53:46.248009306) [Dbg] [SimpleHydrodynamics.cc:176]   <xU>: 510.3
(2023-02-28T22:53:46.248034106) (2023-02-28T22:53:46.248042316) [Dbg] [SimpleHydrodynamics.cc:177]   <xUU>: 720.4
(2023-02-28T22:53:46.248067756) (2023-02-28T22:53:46.248076216) [Dbg] [SimpleHydrodynamics.cc:178]   <yV>: 400
(2023-02-28T22:53:46.248100806) (2023-02-28T22:53:46.248110177) [Dbg] [SimpleHydrodynamics.cc:179]   <yVV>: 0
(2023-02-28T22:53:46.248134927) (2023-02-28T22:53:46.248143837) [Dbg] [SimpleHydrodynamics.cc:180]   <zW>: 5000
(2023-02-28T22:53:46.248169267) (2023-02-28T22:53:46.248177737) [Dbg] [SimpleHydrodynamics.cc:181]   <zWW>: 0
(2023-02-28T22:53:46.248203187) (2023-02-28T22:53:46.248212487) [Dbg] [SimpleHydrodynamics.cc:182]   <kP>: 500
(2023-02-28T22:53:46.248241767) (2023-02-28T22:53:46.248251227) [Dbg] [SimpleHydrodynamics.cc:183]   <kPP>: 0
(2023-02-28T22:53:46.248275737) (2023-02-28T22:53:46.248285697) [Dbg] [SimpleHydrodynamics.cc:184]   <mQ>: 500
(2023-02-28T22:53:46.248311527) (2023-02-28T22:53:46.248320857) [Dbg] [SimpleHydrodynamics.cc:185]   <mQQ>: 0
(2023-02-28T22:53:46.248346367) (2023-02-28T22:53:46.248355147) [Dbg] [SimpleHydrodynamics.cc:186]   <nR>: 15000
(2023-02-28T22:53:46.248380477) (2023-02-28T22:53:46.248389497) [Dbg] [SimpleHydrodynamics.cc:187]   <nRR>: 0
(2023-02-28T22:53:46.248430168) (2023-02-28T22:53:46.248439468) [Dbg] [SystemManager.cc:58] Loaded system [ignition::gazebo::systems::SimpleHydrodynamics] for entity [24]
(2023-02-28T22:53:46.249744732) (2023-02-28T22:53:46.249753742) [Dbg] [SystemManager.cc:58] Loaded system [ignition::gazebo::systems::DetachableJoint] for entity [28]
(2023-02-28T22:53:46.250217704) (2023-02-28T22:53:46.250227004) [Dbg] [SystemManager.cc:58] Loaded system [ignition::gazebo::systems::DetachableJoint] for entity [44]
(2023-02-28T22:53:46.250984216) (2023-02-28T22:53:46.250994736) [Dbg] [SystemManager.cc:58] Loaded system [ignition::gazebo::systems::DetachableJoint] for entity [60]
(2023-02-28T22:53:46.251735469) (2023-02-28T22:53:46.251746519) [Dbg] [SystemManager.cc:58] Loaded system [ignition::gazebo::systems::DetachableJoint] for entity [112]
(2023-02-28T22:53:46.252878743) (2023-02-28T22:53:46.252889663) [Dbg] [SystemManager.cc:58] Loaded system [ignition::gazebo::systems::CommsEndpoint] for entity [164]
(2023-02-28T22:53:46.253059974) (2023-02-28T22:53:46.253070654) [Dbg] [SystemManager.cc:58] Loaded system [ignition::gazebo::systems::CommsEndpoint] for entity [164]
(2023-02-28T22:53:46.254480749) (2023-02-28T22:53:46.254491909) [Dbg] [SystemManager.cc:58] Loaded system [mbzirc::BaseStation] for entity [164]
(2023-02-28T22:53:46.256170806) (2023-02-28T22:53:46.256180526) [Msg] EntityDetector publishing messages on [/mbzirc/target_object_detector/dropped]
(2023-02-28T22:53:46.256331417) (2023-02-28T22:53:46.256342207) [Dbg] [SystemManager.cc:58] Loaded system [mbzirc::EntityDetector] for entity [168]
(2023-02-28T22:53:46.256440757) (2023-02-28T22:53:46.256450397) [Msg] Loaded level [3]
(2023-02-28T22:53:46.256723918) (2023-02-28T22:53:46.256734528) [Msg] Serving world controls on [/world/simple_demo/control], [/world/simple_demo/control/state] and [/world/simple_demo/playback/control]
(2023-02-28T22:53:46.256851338) (2023-02-28T22:53:46.256862018) [Msg] Serving GUI information on [/world/simple_demo/gui/info]
(2023-02-28T22:53:46.256898718) (2023-02-28T22:53:46.256907719) [Msg] World [simple_demo] initialized with [4ms] physics profile.
(2023-02-28T22:53:46.257026099) (2023-02-28T22:53:46.257036049) [Msg] Serving world SDF generation service on [/world/simple_demo/generate_world_sdf]
(2023-02-28T22:53:46.257119999) (2023-02-28T22:53:46.257129969) [Msg] Serving world names on [/gazebo/worlds]
(2023-02-28T22:53:46.257200370) (2023-02-28T22:53:46.257210800) [Msg] Resource path add service on [/gazebo/resource_paths/add].
(2023-02-28T22:53:46.257286510) (2023-02-28T22:53:46.257296930) [Msg] Resource path get service on [/gazebo/resource_paths/get].
(2023-02-28T22:53:46.357557253) (2023-02-28T22:53:46.357576953) [Msg] Resource path resolve service on [/gazebo/resource_paths/resolve].
(2023-02-28T22:53:46.357722014) (2023-02-28T22:53:46.357753244) [Msg] Resource paths published on [/gazebo/resource_paths].
(2023-02-28T22:53:46.358004085) (2023-02-28T22:53:46.358025885) [Msg] Server control service on [/server_control].
(2023-02-28T22:53:46.358241345) (2023-02-28T22:53:46.358261576) [Msg] Found no publishers on /stats, adding root stats topic
(2023-02-28T22:53:46.358464926) (2023-02-28T22:53:46.358486806) [Msg] Found no publishers on /clock, adding root clock topic
(2023-02-28T22:53:46.358789247) (2023-02-28T22:53:46.358812127) [Dbg] [SimulationRunner.cc:491] Creating PostUpdate worker threads: 13
(2023-02-28T22:53:46.358869058) (2023-02-28T22:53:46.358896198) [Dbg] [SimulationRunner.cc:502] Creating postupdate worker thread (0)
(2023-02-28T22:53:46.359011658) (2023-02-28T22:53:46.359030268) [Dbg] [SimulationRunner.cc:502] Creating postupdate worker thread (1)
(2023-02-28T22:53:46.359133069) (2023-02-28T22:53:46.359152009) [Dbg] [SimulationRunner.cc:502] Creating postupdate worker thread (2)
(2023-02-28T22:53:46.359242409) (2023-02-28T22:53:46.359260989) [Dbg] [SimulationRunner.cc:502] Creating postupdate worker thread (3)
(2023-02-28T22:53:46.359350609) (2023-02-28T22:53:46.359367139) [Dbg] [SimulationRunner.cc:502] Creating postupdate worker thread (4)
(2023-02-28T22:53:46.359456000) (2023-02-28T22:53:46.359474940) [Dbg] [SimulationRunner.cc:502] Creating postupdate worker thread (5)
(2023-02-28T22:53:46.359561310) (2023-02-28T22:53:46.359578530) [Dbg] [SimulationRunner.cc:502] Creating postupdate worker thread (6)
(2023-02-28T22:53:46.359664050) (2023-02-28T22:53:46.359681170) [Dbg] [SimulationRunner.cc:502] Creating postupdate worker thread (7)
(2023-02-28T22:53:46.359775161) (2023-02-28T22:53:46.359791941) [Dbg] [SimulationRunner.cc:502] Creating postupdate worker thread (8)
(2023-02-28T22:53:46.359874561) (2023-02-28T22:53:46.359891101) [Dbg] [SimulationRunner.cc:502] Creating postupdate worker thread (9)
(2023-02-28T22:53:46.359974811) (2023-02-28T22:53:46.359991561) [Dbg] [SimulationRunner.cc:502] Creating postupdate worker thread (10)
(2023-02-28T22:53:46.360080622) (2023-02-28T22:53:46.360098542) [Dbg] [SimulationRunner.cc:502] Creating postupdate worker thread (11)
(2023-02-28T22:53:46.458924130) (2023-02-28T22:53:46.458952510) [Msg] Particle emitter[simple_demo::dust_storm::link::dust_storm] subscribed to command messages on topic[/model/dust_storm/link/link/particle_emitter/dust_storm/cmd]
(2023-02-28T22:53:46.459173141) (2023-02-28T22:53:46.459195901) [Msg] Particle emitter[simple_demo::fog::link::fog] subscribed to command messages on topic[/model/fog/link/link/particle_emitter/fog/cmd]
(2023-02-28T22:53:46.461031877) (2023-02-28T22:53:46.461053298) [Msg] DetachableJoint subscribing to messages on [/Vessel_A/detach]
(2023-02-28T22:53:46.461220768) (2023-02-28T22:53:46.461238018) [Msg] DetachableJoint subscribing to messages on [/Vessel_A/detach]
(2023-02-28T22:53:46.461399319) (2023-02-28T22:53:46.461419669) [Msg] DetachableJoint subscribing to messages on [/Vessel_A/detach]
(2023-02-28T22:53:46.461579079) (2023-02-28T22:53:46.461599799) [Msg] DetachableJoint subscribing to messages on [/Vessel_A/detach]
(2023-02-28T22:53:46.461814690) (2023-02-28T22:53:46.461838490) [Msg] Address [base_station/target] bound to model [base_station] on topic [base_station/target]
(2023-02-28T22:53:46.461929441) (2023-02-28T22:53:46.461947261) [Dbg] [CommsEndpoint.cc:89] Succesfuly bound to [base_station/target] on topic [base_station/target]
(2023-02-28T22:53:46.462111031) (2023-02-28T22:53:46.462132371) [Msg] Address [base_station/video] bound to model [base_station] on topic [base_station/video]
(2023-02-28T22:53:46.462219722) (2023-02-28T22:53:46.462237762) [Dbg] [CommsEndpoint.cc:89] Succesfuly bound to [base_station/video] on topic [base_station/video]
(2023-02-28T22:53:46.536919885) (2023-02-28T22:53:46.536933175) [Dbg] [Physics.cc:1593] Creating detachable joint [170]
(2023-02-28T22:53:46.537083716) (2023-02-28T22:53:46.537092276) [Dbg] [Physics.cc:1593] Creating detachable joint [171]
(2023-02-28T22:53:46.537203786) (2023-02-28T22:53:46.537212086) [Dbg] [Physics.cc:1593] Creating detachable joint [172]
(2023-02-28T22:53:46.537485517) (2023-02-28T22:53:46.537494497) [Dbg] [Physics.cc:1593] Creating detachable joint [173]
(2023-02-28T22:53:46.538670431) (2023-02-28T22:53:46.538679731) [Dbg] [SimulationFeatures.cc:63] Simulation timestep set to: 0.004
(2023-02-28T22:53:46.548545385) (2023-02-28T22:53:46.548574945) [Msg] Serving scene information on [/world/simple_demo/scene/info]
(2023-02-28T22:53:46.548759126) (2023-02-28T22:53:46.548778356) [Msg] Serving graph information on [/world/simple_demo/scene/graph]
(2023-02-28T22:53:46.548954467) (2023-02-28T22:53:46.548987537) [Msg] Serving full state on [/world/simple_demo/state]
(2023-02-28T22:53:46.549156247) (2023-02-28T22:53:46.549176087) [Msg] Serving full state (async) on [/world/simple_demo/state_async]
(2023-02-28T22:53:46.549364268) ((2023-02-28T22:53:46.549400788) (2023-02-28T22:53:46.549416718) ) [Msg] [Wrn] [Model.hh:69] Publishing scene information on [/world/simple_demo/scene/info]
Skipping serialization / deserialization for models with //pose/@relative_to attribute.
(2023-02-28T22:53:46.549618489) (2023-02-28T22:53:46.549644059) [Msg] Publishing entity deletions on [/world/simple_demo/scene/deletion]
(2023-02-28T22:53:46.549809279) (2023-02-28T22:53:46.549834920) [Msg] Publishing state changes on [/world/simple_demo/state]
(2023-02-28T22:53:46.550001460) (2023-02-28T22:53:46.550020520) [Msg] Publishing pose messages on [/world/simple_demo/pose/info]
(2023-02-28T22:53:46.550165301) (2023-02-28T22:53:46.550184281) [Msg] Publishing dynamic pose messages on [/world/simple_demo/dynamic_pose/info]
(2023-02-28T22:53:46.550386981) (2023-02-28T22:53:46.550400082) [Wrn] [Component.hh:144] Trying to serialize component with data type [N3sdf3v125WorldE], which doesn't have `operator<<`. Component will not be serialized.
(2023-02-28T22:53:46.550558532) (2023-02-28T22:53:46.550580242) [Dbg] [EntityComponentManager.cc:1587] Updated state thread iterators: 24 threads processing around 8 entities each.
(2023-02-28T22:53:46.574431308) (2023-02-28T22:53:46.574461558) [Dbg] [EntityComponentManager.cc:1587] Updated state thread iterators: 24 threads processing around 8 entities each.
(2023-02-28T22:54:00.146918590) (2023-02-28T22:54:00.146930900) [Msg] Linear velocity initialized to [0 0 0]
(2023-02-28T22:54:00.146996250) (2023-02-28T22:54:00.147006050) [Msg] Angular velocity initialized to [0 0 0]
(2023-02-28T22:54:00.147192860) (2023-02-28T22:54:00.147203910) [Msg] VelocityControl subscribing to twist messages on [/model/usv/cmd_vel]
(2023-02-28T22:54:00.147243420) (2023-02-28T22:54:00.147253231) [Dbg] [SystemManager.cc:58] Loaded system [ignition::gazebo::systems::VelocityControl] for entity [174]
(2023-02-28T22:54:00.148319033) (2023-02-28T22:54:00.148332443) [Dbg] [OdometryPublisher.cc:191] OdometryPublisher system plugin missing <dimensions>, defaults to "2"
(2023-02-28T22:54:00.148501454) (2023-02-28T22:54:00.148510804) [Msg] OdometryPublisher publishing odometry on [/model/usv/odometry]
(2023-02-28T22:54:00.148632304) (2023-02-28T22:54:00.148641434) [Msg] OdometryPublisher publishing odometry with covariance on [/model/usv/odometry_with_covariance]
(2023-02-28T22:54:00.148753424) (2023-02-28T22:54:00.148766484) [Msg] OdometryPublisher publishing Pose_V (TF) on [/model/usv/pose]
(2023-02-28T22:54:00.148808454) (2023-02-28T22:54:00.148824194) [Dbg] [SystemManager.cc:58] Loaded system [ignition::gazebo::systems::OdometryPublisher] for entity [174]
(2023-02-28T22:54:00.150252598) (2023-02-28T22:54:00.150265648) [Msg] Thruster listening to commands in [/model/usv/joint/left_engine_propeller_joint/cmd_thrust]
(2023-02-28T22:54:00.150341368) (2023-02-28T22:54:00.150353248) [Dbg] [Thruster.cc:288] Using velocity control for propeller joint.
(2023-02-28T22:54:00.150386678) (2023-02-28T22:54:00.150397468) [Dbg] [SystemManager.cc:58] Loaded system [ignition::gazebo::systems::Thruster] for entity [174]
(2023-02-28T22:54:00.151477331) (2023-02-28T22:54:00.151490601) [Dbg] [JointPositionController.cc:205] [JointPositionController] system parameters:
(2023-02-28T22:54:00.151519571) (2023-02-28T22:54:00.151527741) [Dbg] [JointPositionController.cc:206] p_gain: [1]
(2023-02-28T22:54:00.151562381) (2023-02-28T22:54:00.151574781) [Dbg] [JointPositionController.cc:207] i_gain: [0.1]
(2023-02-28T22:54:00.151612632) (2023-02-28T22:54:00.151622162) [Dbg] [JointPositionController.cc:208] d_gain: [0.01]
(2023-02-28T22:54:00.151650442) (2023-02-28T22:54:00.151660872) [Dbg] [JointPositionController.cc:209] i_max: [1]
(2023-02-28T22:54:00.151703432) (2023-02-28T22:54:00.151716212) [Dbg] [JointPositionController.cc:210] i_min: [-1]
(2023-02-28T22:54:00.151762262) (2023-02-28T22:54:00.151784872) [Dbg] [JointPositionController.cc:211] cmd_max: [1000]
(2023-02-28T22:54:00.151828972) (2023-02-28T22:54:00.151841562) [Dbg] [JointPositionController.cc:212] cmd_min: [-1000]
(2023-02-28T22:54:00.151872402) (2023-02-28T22:54:00.151881662) [Dbg] [JointPositionController.cc:213] cmd_offset: [0]
(2023-02-28T22:54:00.151909752) (2023-02-28T22:54:00.151919032) [Dbg] [JointPositionController.cc:214] Topic: [usv/left/thruster/joint/cmd_pos]
(2023-02-28T22:54:00.151947972) (2023-02-28T22:54:00.151958892) [Dbg] [JointPositionController.cc:215] initial_position: [0]
(2023-02-28T22:54:00.151995563) (2023-02-28T22:54:00.152005093) [Dbg] [SystemManager.cc:58] Loaded system [ignition::gazebo::systems::JointPositionController] for entity [174]
(2023-02-28T22:54:00.152316413) (2023-02-28T22:54:00.152331023) [Msg] Thruster listening to commands in [/model/usv/joint/right_engine_propeller_joint/cmd_thrust]
(2023-02-28T22:54:00.152391104) (2023-02-28T22:54:00.152424624) [Dbg] [Thruster.cc:288] Using velocity control for propeller joint.
(2023-02-28T22:54:00.152458644) (2023-02-28T22:54:00.152470064) [Dbg] [SystemManager.cc:58] Loaded system [ignition::gazebo::systems::Thruster] for entity [174]
(2023-02-28T22:54:00.152734395) (2023-02-28T22:54:00.152747335) [Dbg] [JointPositionController.cc:205] [JointPositionController] system parameters:
(2023-02-28T22:54:00.152774915) (2023-02-28T22:54:00.152784485) [Dbg] [JointPositionController.cc:206] p_gain: [1]
(2023-02-28T22:54:00.152818365) (2023-02-28T22:54:00.152831125) [Dbg] [JointPositionController.cc:207] i_gain: [0.1]
(2023-02-28T22:54:00.152876915) (2023-02-28T22:54:00.152890295) [Dbg] [JointPositionController.cc:208] d_gain: [0.01]
(2023-02-28T22:54:00.152932795) (2023-02-28T22:54:00.152941985) [Dbg] [JointPositionController.cc:209] i_max: [1]
(2023-02-28T22:54:00.152971785) (2023-02-28T22:54:00.152982295) [Dbg] [JointPositionController.cc:210] i_min: [-1]
(2023-02-28T22:54:00.153013595) (2023-02-28T22:54:00.153021795) [Dbg] [JointPositionController.cc:211] cmd_max: [1000]
(2023-02-28T22:54:00.153054915) (2023-02-28T22:54:00.153064296) [Dbg] [JointPositionController.cc:212] cmd_min: [-1000]
(2023-02-28T22:54:00.153095366) (2023-02-28T22:54:00.153104206) [Dbg] [JointPositionController.cc:213] cmd_offset: [0]
(2023-02-28T22:54:00.153134466) (2023-02-28T22:54:00.153143666) [Dbg] [JointPositionController.cc:214] Topic: [usv/right/thruster/joint/cmd_pos]
(2023-02-28T22:54:00.153172996) (2023-02-28T22:54:00.153184486) [Dbg] [JointPositionController.cc:215] initial_position: [0]
(2023-02-28T22:54:00.153220986) (2023-02-28T22:54:00.153230716) [Dbg] [SystemManager.cc:58] Loaded system [ignition::gazebo::systems::JointPositionController] for entity [174]
(2023-02-28T22:54:00.153487777) (2023-02-28T22:54:00.153498347) [Msg] Using Pierson-Moskowitz spectrum sampling wavefield model 
(2023-02-28T22:54:00.153630217) (2023-02-28T22:54:00.153640587) [Msg] Using Pierson-Moskowitz spectrum sampling wavefield model 
(2023-02-28T22:54:00.153705157) (2023-02-28T22:54:00.153714307) [Msg] Input Parameters:
(2023-02-28T22:54:00.153740358) (2023-02-28T22:54:00.153749358) [Msg] model:     PMS
(2023-02-28T22:54:00.153773938) (2023-02-28T22:54:00.153785518) [Msg] number:     3
(2023-02-28T22:54:00.153812018) (2023-02-28T22:54:00.153823418) [Msg] scale:      1.1
(2023-02-28T22:54:00.153855538) (2023-02-28T22:54:00.153864738) [Msg] angle:      0.4
(2023-02-28T22:54:00.153895508) (2023-02-28T22:54:00.153907878) [Msg] steepness:  0
(2023-02-28T22:54:00.153943768) (2023-02-28T22:54:00.153955638) [Msg] amplitude:  0
(2023-02-28T22:54:00.153987568) (2023-02-28T22:54:00.153997148) [Msg] period:     5
(2023-02-28T22:54:00.154028158) (2023-02-28T22:54:00.154039878) [Msg] direction:  1 0
(2023-02-28T22:54:00.154080179) (2023-02-28T22:54:00.154091499) [Msg] tau:  2
(2023-02-28T22:54:00.154121379) (2023-02-28T22:54:00.154134159) [Msg] gain:  0.3
(2023-02-28T22:54:00.154170189) (2023-02-28T22:54:00.154182779) [Msg] Derived Parameters:
(2023-02-28T22:54:00.154213339) (2023-02-28T22:54:00.154225979) [Msg] amplitudes:  0.0363502, 0.0392277, 0.0385703, 
(2023-02-28T22:54:00.154287739) (2023-02-28T22:54:00.154298379) [Msg] wavenumbers: 0.133171, 0.161136, 0.194975, 
(2023-02-28T22:54:00.154344609) (2023-02-28T22:54:00.154353909) [Msg] omegas:      1.1424, 1.25664, 1.3823, 
(2023-02-28T22:54:00.154398469) (2023-02-28T22:54:00.154405870) [Msg] periods:     (2023-02-28T22:54:00.154423930) (2023-02-28T22:54:00.154433040) [Msg] 5.5, (2023-02-28T22:54:00.154453020) (2023-02-28T22:54:00.154462190) [Msg] 5, (2023-02-28T22:54:00.154482370) (2023-02-28T22:54:00.154491180) [Msg] 4.54545, (2023-02-28T22:54:00.154511850) (2023-02-28T22:54:00.154521430) [Msg] 
(2023-02-28T22:54:00.154538240) (2023-02-28T22:54:00.154546240) [Msg] phases:      0, 0, 0, 
(2023-02-28T22:54:00.154589380) (2023-02-28T22:54:00.154601010) [Msg] steepnesses: 0, 0, 0, 
(2023-02-28T22:54:00.154643600) (2023-02-28T22:54:00.154652310) [Msg] directions:  (2023-02-28T22:54:00.154668700) (2023-02-28T22:54:00.154677400) [Msg] 0.921061 -0.389418; (2023-02-28T22:54:00.154706890) (2023-02-28T22:54:00.154715350) [Msg] 1 0; (2023-02-28T22:54:00.154741401) (2023-02-28T22:54:00.154749941) [Msg] 0.921061 0.389418; (2023-02-28T22:54:00.154779411) (2023-02-28T22:54:00.154787901) [Msg] 
(2023-02-28T22:54:00.154815131) (2023-02-28T22:54:00.154823871) [Dbg] [Surface.cc:161] Surface plugin successfully configured with the following parameters:
(2023-02-28T22:54:00.154850471) (2023-02-28T22:54:00.154859691) [Dbg] [Surface.cc:163]   <link_name>: base_link
(2023-02-28T22:54:00.154888351) (2023-02-28T22:54:00.154903131) [Dbg] [Surface.cc:164]   <vehicle_length>: 6
(2023-02-28T22:54:00.154939651) (2023-02-28T22:54:00.154948701) [Dbg] [Surface.cc:165]   <vehicle_width>: 3.3
(2023-02-28T22:54:00.154977801) (2023-02-28T22:54:00.154986821) [Dbg] [Surface.cc:166]   <hull_radius>: 0.27
(2023-02-28T22:54:00.155020761) (2023-02-28T22:54:00.155029281) [Dbg] [Surface.cc:167]   <num_samples>: 2
(2023-02-28T22:54:00.155054451) (2023-02-28T22:54:00.155062491) [Dbg] [Surface.cc:168]   <fluid_level>: 0.45
(2023-02-28T22:54:00.155094112) (2023-02-28T22:54:00.155105032) [Dbg] [Surface.cc:169]   <fluid_density>: 997.774
(2023-02-28T22:54:00.155136732) (2023-02-28T22:54:00.155145702) [Dbg] [SystemManager.cc:58] Loaded system [ignition::gazebo::systems::Surface] for entity [174]
(2023-02-28T22:54:00.155444613) (2023-02-28T22:54:00.155455693) [Dbg] [SimpleHydrodynamics.cc:167] SimpleHydrodynamics plugin successfully configured with the following parameters:
(2023-02-28T22:54:00.155479663) (2023-02-28T22:54:00.155487523) [Dbg] [SimpleHydrodynamics.cc:169]   <link_name>: base_link
(2023-02-28T22:54:00.155512063) (2023-02-28T22:54:00.155519993) [Dbg] [SimpleHydrodynamics.cc:170]   <xDotU>: 0
(2023-02-28T22:54:00.155544633) (2023-02-28T22:54:00.155553743) [Dbg] [SimpleHydrodynamics.cc:171]   <yDotV>: 0
(2023-02-28T22:54:00.155576933) (2023-02-28T22:54:00.155584823) [Dbg] [SimpleHydrodynamics.cc:172]   <zDotW>: 0.1
(2023-02-28T22:54:00.155609313) (2023-02-28T22:54:00.155616903) [Dbg] [SimpleHydrodynamics.cc:173]   <kDotP>: 0.1
(2023-02-28T22:54:00.155640293) (2023-02-28T22:54:00.155649173) [Dbg] [SimpleHydrodynamics.cc:174]   <mDotQ>: 0.1
(2023-02-28T22:54:00.155672323) (2023-02-28T22:54:00.155680363) [Dbg] [SimpleHydrodynamics.cc:175]   <nDotR>: 0
(2023-02-28T22:54:00.155703423) (2023-02-28T22:54:00.155711503) [Dbg] [SimpleHydrodynamics.cc:176]   <xU>: 51.3
(2023-02-28T22:54:00.155734483) (2023-02-28T22:54:00.155742483) [Dbg] [SimpleHydrodynamics.cc:177]   <xUU>: 72.4
(2023-02-28T22:54:00.155767824) (2023-02-28T22:54:00.155775984) [Dbg] [SimpleHydrodynamics.cc:178]   <yV>: 40
(2023-02-28T22:54:00.155799124) (2023-02-28T22:54:00.155807254) [Dbg] [SimpleHydrodynamics.cc:179]   <yVV>: 0
(2023-02-28T22:54:00.155834654) (2023-02-28T22:54:00.155845164) [Dbg] [SimpleHydrodynamics.cc:180]   <zW>: 500
(2023-02-28T22:54:00.155876364) (2023-02-28T22:54:00.155887454) [Dbg] [SimpleHydrodynamics.cc:181]   <zWW>: 0
(2023-02-28T22:54:00.155911244) (2023-02-28T22:54:00.155919414) [Dbg] [SimpleHydrodynamics.cc:182]   <kP>: 100
(2023-02-28T22:54:00.155959364) (2023-02-28T22:54:00.155971524) [Dbg] [SimpleHydrodynamics.cc:183]   <kPP>: 0
(2023-02-28T22:54:00.155997644) (2023-02-28T22:54:00.156006224) [Dbg] [SimpleHydrodynamics.cc:184]   <mQ>: 100
(2023-02-28T22:54:00.156031864) (2023-02-28T22:54:00.156040984) [Dbg] [SimpleHydrodynamics.cc:185]   <mQQ>: 0
(2023-02-28T22:54:00.156068254) (2023-02-28T22:54:00.156076394) [Dbg] [SimpleHydrodynamics.cc:186]   <nR>: 400
(2023-02-28T22:54:00.156102635) (2023-02-28T22:54:00.156111325) [Dbg] [SimpleHydrodynamics.cc:187]   <nRR>: 0
(2023-02-28T22:54:00.156144875) (2023-02-28T22:54:00.156153475) [Dbg] [SystemManager.cc:58] Loaded system [ignition::gazebo::systems::SimpleHydrodynamics] for entity [174]
(2023-02-28T22:54:00.157425538) (2023-02-28T22:54:00.157435358) [Dbg] [SystemManager.cc:58] Loaded system [ignition::gazebo::systems::PosePublisher] for entity [174]
(2023-02-28T22:54:00.157671749) (2023-02-28T22:54:00.157682269) [Msg] EntityDetector publishing messages on [/mbzirc/target_object_detector/placed]
(2023-02-28T22:54:00.157817579) (2023-02-28T22:54:00.157828679) [Dbg] [SystemManager.cc:58] Loaded system [mbzirc::EntityDetector] for entity [174]
(2023-02-28T22:54:00.158040090) (2023-02-28T22:54:00.158050780) [Msg] EntityDetector publishing messages on [/mbzirc/target_object_detector/placed]
(2023-02-28T22:54:00.158183960) (2023-02-28T22:54:00.158195110) [Dbg] [SystemManager.cc:58] Loaded system [mbzirc::EntityDetector] for entity [174]
(2023-02-28T22:54:00.158405661) (2023-02-28T22:54:00.158416321) [Msg] EntityDetector publishing messages on [/mbzirc/target_object_detector/placed]
(2023-02-28T22:54:00.158544051) (2023-02-28T22:54:00.158554851) [Dbg] [SystemManager.cc:58] Loaded system [mbzirc::EntityDetector] for entity [174]
(2023-02-28T22:54:00.158766151) (2023-02-28T22:54:00.158776291) [Msg] EntityDetector publishing messages on [/mbzirc/target_object_detector/placed]
(2023-02-28T22:54:00.158908722) (2023-02-28T22:54:00.158920252) [Dbg] [SystemManager.cc:58] Loaded system [mbzirc::EntityDetector] for entity [174]
(2023-02-28T22:54:00.159109882) (2023-02-28T22:54:00.159120222) [Dbg] [SystemManager.cc:58] Loaded system [ignition::gazebo::systems::CommsEndpoint] for entity [174]
(2023-02-28T22:54:00.159503473) (2023-02-28T22:54:00.159514013) [Dbg] [UserCommands.cc:1303] Created entity [174] named [usv]
(2023-02-28T22:54:00.168552408) (2023-02-28T22:54:00.168586238) [Dbg] [Sensors.cc:584] Initialization needed
(2023-02-28T22:54:00.168670588) (2023-02-28T22:54:00.168686478) [Dbg] [Sensors.cc:240] Initializing render context
(2023-02-28T22:54:00.168797679) (2023-02-28T22:54:00.168809959) [Msg] Loading plugin [ignition-rendering-ogre2]
(2023-02-28T22:54:00.169265680) (2023-02-28T22:54:00.169289400) [Dbg] [ImuSensor.cc:148] IMU data for [usv::base_link::imu_sensor] advertised on [world/simple_demo/model/usv/link/base_link/sensor/imu_sensor/imu]
(2023-02-28T22:54:00.169423401) (2023-02-28T22:54:00.169447011) [Dbg] [GameLogicPlugin.cc:1991] New Competitor Platform: usv with 0sensors
((((((((((((((((((((((((((2023-02-28T22:54:00.1722380592023-02-28T22:54:00.1722380592023-02-28T22:54:00.172244489) ((((2023-02-28T22:54:00.172328249) (2023-02-28T22:54:00.172375139) ([Dbg] [SimulationRunner.cc:518] Exiting postupdate worker thread (8)
(2023-02-28T22:54:00.172468220) (2023-02-28T22:54:00.172496670) 2023-02-28T22:54:00.172217589) (2023-02-28T22:54:00.1725463202023-02-28T22:54:00.172554520) (2023-02-28T22:54:00.172590230) 2023-02-28T22:54:00.172473450) (2023-02-28T22:54:00.1723565992023-02-28T22:54:00.172666640) (2023-02-28T22:54:00.172697700) [Dbg] [SimulationRunner.cc:518] Exiting postupdate worker thread () Exiting postupdate worker thread () (2023-02-28T22:54:00.1726460402023-02-28T22:54:00.172760690) ) () (2023-02-28T22:54:00.172840041) ) 5[Dbg] [SimulationRunner.cc:518] 2023-02-28T22:54:00.172843971Exiting postupdate worker thread (2023-02-28T22:54:00.172823451) () (2023-02-28T22:54:00.1729396312023-02-28T22:54:00.172966001) ) [Dbg] [SimulationRunner.cc:518] 0([Dbg] [SimulationRunner.cc:518] Exiting postupdate worker thread (2023-02-28T22:54:00.173010651) 11)
[Dbg] [SimulationRunner.cc:518] [Dbg] [SimulationRunner.cc:518] [Dbg] [SimulationRunner.cc:518] )
[Dbg] [SimulationRunner.cc:518] Exiting postupdate worker thread (10)
)
[Dbg] [SimulationRunner.cc:518] Exiting postupdate worker thread (3)
[Dbg] [SimulationRunner.cc:518] [Dbg] [SimulationRunner.cc:518] Exiting postupdate worker thread (1)
Exiting postupdate worker thread (9)
Exiting postupdate worker thread (4)
6)
Exiting postupdate worker thread ([Dbg] [SimulationRunner.cc:518] [Dbg] [SimulationRunner.cc:518] 7)
Exiting postupdate worker thread (2)
(2023-02-28T22:54:00.173794213) (2023-02-28T22:54:00.173811153) [Dbg] [SimulationRunner.cc:491] Creating PostUpdate worker threads: 22
(2023-02-28T22:54:00.173856863) (2023-02-28T22:54:00.173871103) [Dbg] [SimulationRunner.cc:502] Creating postupdate worker thread (0)
(2023-02-28T22:54:00.173947523) (2023-02-28T22:54:00.173961223) [Dbg] [SimulationRunner.cc:502] Creating postupdate worker thread (1)
(2023-02-28T22:54:00.174018154) (2023-02-28T22:54:00.174030674) [Dbg] [SimulationRunner.cc:502] Creating postupdate worker thread (2)
(2023-02-28T22:54:00.174100864) (2023-02-28T22:54:00.174115754) [Dbg] [SimulationRunner.cc:502] Creating postupdate worker thread (3)
(2023-02-28T22:54:00.174180044) (2023-02-28T22:54:00.174194014) [Dbg] [SimulationRunner.cc:502] Creating postupdate worker thread (4)
(2023-02-28T22:54:00.174270484) (2023-02-28T22:54:00.174285424) [Dbg] [SimulationRunner.cc:502] Creating postupdate worker thread (5)
(2023-02-28T22:54:00.174359894) (2023-02-28T22:54:00.174374075) [Dbg] [SimulationRunner.cc:502] Creating postupdate worker thread (6)
(2023-02-28T22:54:00.174446145) (2023-02-28T22:54:00.174461055) [Dbg] [SimulationRunner.cc:502] Creating postupdate worker thread (7)
(2023-02-28T22:54:00.174531835) (2023-02-28T22:54:00.174546335) [Dbg] [SimulationRunner.cc:502] Creating postupdate worker thread (8)
(2023-02-28T22:54:00.174617225) (2023-02-28T22:54:00.174630665) [Dbg] [SimulationRunner.cc:502] Creating postupdate worker thread (9)
(2023-02-28T22:54:00.174704725) (2023-02-28T22:54:00.174720055) [Dbg] [SimulationRunner.cc:502] Creating postupdate worker thread (10)
(2023-02-28T22:54:00.174791346) (2023-02-28T22:54:00.174806086) [Dbg] [SimulationRunner.cc:502] Creating postupdate worker thread (11)
(2023-02-28T22:54:00.174878966) (2023-02-28T22:54:00.174893166) [Dbg] [SimulationRunner.cc:502] Creating postupdate worker thread (12)
(2023-02-28T22:54:00.174964566) (2023-02-28T22:54:00.174979566) [Dbg] [SimulationRunner.cc:502] Creating postupdate worker thread (13)
(2023-02-28T22:54:00.175049906) (2023-02-28T22:54:00.175064616) [Dbg] [SimulationRunner.cc:502] Creating postupdate worker thread (14)
(2023-02-28T22:54:00.175135436) (2023-02-28T22:54:00.175148666) [Dbg] [SimulationRunner.cc:502] Creating postupdate worker thread (15)
(2023-02-28T22:54:00.175216317) (2023-02-28T22:54:00.175229717) [Dbg] [SimulationRunner.cc:502] Creating postupdate worker thread (16)
(2023-02-28T22:54:00.175302317) (2023-02-28T22:54:00.175317127) [Dbg] [SimulationRunner.cc:502] Creating postupdate worker thread (17)
(2023-02-28T22:54:00.175388297) (2023-02-28T22:54:00.175403687) [Dbg] [SimulationRunner.cc:502] Creating postupdate worker thread (18)
(2023-02-28T22:54:00.175478927) (2023-02-28T22:54:00.175493987) [Dbg] [SimulationRunner.cc:502] Creating postupdate worker thread (19)
(2023-02-28T22:54:00.175574998) (2023-02-28T22:54:00.175590248) [Dbg] [SimulationRunner.cc:502] Creating postupdate worker thread (20)
(2023-02-28T22:54:00.176126849) (2023-02-28T22:54:00.176143339) [Msg] Address [usv] bound to model [usv] on topic [model/usv/rx]
(2023-02-28T22:54:00.176215639) (2023-02-28T22:54:00.176229449) [Dbg] [CommsEndpoint.cc:89] Succesfuly bound to [usv] on topic [model/usv/rx]
(2023-02-28T22:54:00.532842328) (2023-02-28T22:54:00.532855378) [Dbg] [RenderUtil.cc:2529] Create scene [scene]
(2023-02-28T22:54:00.571682793) (2023-02-28T22:54:00.571700133) [Dbg] [Sensors.cc:254] Rendering Thread initialized
(2023-02-28T22:54:00.576476467) (2023-02-28T22:54:00.576490437) [Wrn] [Ogre2Heightmap.cc:125] Heightmap final sampling should be 2^n
 which differs from ogre1's 2^n+1
The last row and column will be cropped
size = (width * sampling) - sampling + 1
[257] = ([257] * [1]) - [1] + 1
(2023-02-28T22:54:00.581133109) (2023-02-28T22:54:00.581144749) [Msg] Loading heightmap: scene::Heightmap(65478)
(2023-02-28T22:54:00.581173039) (2023-02-28T22:54:00.581182439) [Msg] Heightmap loaded. Process took 0 ms.
(2023-02-28T22:54:04.225042476) (2023-02-28T22:54:04.225053946) [Dbg] [Ogre2ParticleEmitter.cc:514] Particle emitter initialized
(2023-02-28T22:54:04.225184066) (2023-02-28T22:54:04.225194146) [Dbg] [Ogre2ParticleEmitter.cc:514] Particle emitter initialized
(2023-02-28T22:54:04.225340846) (2023-02-28T22:54:04.225351166) [Dbg] [Ogre2ParticleEmitter.cc:514] Particle emitter initialized
(2023-02-28T22:54:04.792349539) (2023-02-28T22:54:04.792366999) [Dbg] [Ogre2ParticleEmitter.cc:514] Particle emitter initialized
(2023-02-28T22:54:04.792557680) (2023-02-28T22:54:04.792570050) [Dbg] [Ogre2ParticleEmitter.cc:514] Particle emitter initialized
(2023-02-28T22:54:04.792701970) (2023-02-28T22:54:04.792712830) [Dbg] [Ogre2ParticleEmitter.cc:514] Particle emitter initialized
(2023-02-28T22:54:04.803936259) (2023-02-28T22:54:04.803953849) [Dbg] [Lidar.cc:122] Laser scans for [usv::sensor_6::sensor_link::lidar] advertised on [world/simple_demo/model/usv/model/sensor_6/link/sensor_link/sensor/lidar/scan]
(2023-02-28T22:54:04.804208959) (2023-02-28T22:54:04.804223079) [Dbg] [GpuLidarSensor.cc:164] Lidar points for [usv::sensor_6::sensor_link::lidar] advertised on [world/simple_demo/model/usv/model/sensor_6/link/sensor_link/sensor/lidar/scan/points]
(2023-02-28T22:54:04.804504600) (2023-02-28T22:54:04.804516040) [Msg] Loading plugin [ignition-rendering-ogre2]
(2023-02-28T22:54:04.947805169) (2023-02-28T22:54:04.947831369) [Dbg] [EntityComponentManager.cc:1587] Updated state thread iterators: 24 threads processing around 10 entities each.
(2023-02-28T22:55:16.346659583) (2023-02-28T22:55:16.346680353) [Dbg] [SignalHandler.cc:141] Received signal[2].
(2023-02-28T22:55:16.346725523) (2023-02-28T22:55:16.346739263) [Dbg] [ServerPrivate.cc:110] Server received signal[2]
(2023-02-28T22:55:16.346781183) (2023-02-28T22:55:16.346795343) [Dbg] [Sensors.cc:406] SensorsPrivate::Stop
(2023-02-28T22:55:16.349445740) (2023-02-28T22:55:16.349464410) [Dbg] [Sensors.cc:392] SensorsPrivate::RenderThread stopped
(2023-02-28T22:55:16.355212685) (2023-02-28T22:55:16.355230555) [Dbg] [ign.cc:410] Shutting down ign-gazebo-server
(((((((((2023-02-28T22:55:16.358450442) (2023-02-28T22:55:16.358489522) ([Dbg] [SimulationRunner.cc:518] (Exiting postupdate worker thread ((11()()2023-02-28T22:55:16.3585662522023-02-28T22:55:16.358566252) (2023-02-28T22:55:16.358598882) ((((2023-02-28T22:55:16.3584249122023-02-28T22:55:16.359577101) (2023-02-28T22:55:16.359612901) 2023-02-28T22:55:16.359640951) (2023-02-28T22:55:16.359665471) ) 2023-02-28T22:55:16.3595324312023-02-28T22:55:16.359713261) (2023-02-28T22:55:16.359738031) (2023-02-28T22:55:16.359763611) ((((((2023-02-28T22:55:16.3598172012023-02-28T22:55:16.3598172012023-02-28T22:55:16.3597101912023-02-28T22:55:16.359837771) 2023-02-28T22:55:16.359872501) (2023-02-28T22:55:16.359927781) ) (((2023-02-28T22:55:16.359988341) (2023-02-28T22:55:16.360023271) (2023-02-28T22:55:16.360049411) ) (2023-02-28T22:55:16.360095021) 2023-02-28T22:55:16.359991981) (2023-02-28T22:55:16.360147330) 2023-02-28T22:55:16.359906751) (2023-02-28T22:55:16.360193250) [Dbg] [SimulationRunner.cc:518] [Dbg] [SimulationRunner.cc:518] 2023-02-28T22:55:16.359878061) (2023-02-28T22:55:16.3595569212023-02-28T22:55:16.360270750) ) (2023-02-28T22:55:16.360311980) 2023-02-28T22:55:16.359493891) (2023-02-28T22:55:16.360365470) ) (2023-02-28T22:55:16.360435530) ) (2023-02-28T22:55:16.360487610) ) ) (2023-02-28T22:55:16.360547690) ) 2023-02-28T22:55:16.360553090) (2023-02-28T22:55:16.360615500) [Dbg] [SimulationRunner.cc:518] [Dbg] [SimulationRunner.cc:518] [Dbg] [SimulationRunner.cc:518] ) (Exiting postupdate worker thread (2023-02-28T22:55:16.36066893032023-02-28T22:55:16.3606689303) )
Exiting postupdate worker thread (Exiting postupdate worker thread ([Dbg] [SimulationRunner.cc:518] Exiting postupdate worker thread (9)
[Dbg] [SimulationRunner.cc:518] Exiting postupdate worker thread (10)
[Dbg] [SimulationRunner.cc:518] Exiting postupdate worker thread (17)
Exiting postupdate worker thread (1)
[Dbg] [SimulationRunner.cc:518] Exiting postupdate worker thread (7)
[Dbg] [SimulationRunner.cc:518] Exiting postupdate worker thread (16)
[Dbg] [SimulationRunner.cc:518] Exiting postupdate worker thread (12)
[Dbg] [SimulationRunner.cc:518] Exiting postupdate worker thread (15)
Exiting postupdate worker thread (Exiting postupdate worker thread (2)
[Dbg] [SimulationRunner.cc:518] Exiting postupdate worker thread (0)
[Dbg] [SimulationRunner.cc:518] [Dbg] [SimulationRunner.cc:518] [Dbg] [SimulationRunner.cc:518] [Dbg] [SimulationRunner.cc:518] [Dbg] [SimulationRunner.cc:518] Exiting postupdate worker thread (6)
Exiting postupdate worker thread (13)
[Dbg] [SimulationRunner.cc:518] Exiting postupdate worker thread (5)
Exiting postupdate worker thread (18)
[Dbg] [SimulationRunner.cc:518] 14)
19)
[Dbg] [SimulationRunner.cc:518] 
[Dbg] [SimulationRunner.cc:518] Exiting postupdate worker thread (Exiting postupdate worker thread (8)
4)
)
(2023-02-28T22:55:16.397186224) (2023-02-28T22:55:16.397199744) [Dbg] [Sensors.cc:406] SensorsPrivate::Stop
(2023-02-28T22:55:16.419118563) (2023-02-28T22:55:16.419134173) [Msg] Stopping recording
