(2023-04-19T21:27:48.736583160) (2023-04-19T21:27:48.736606011) [Msg] Ignition Gazebo Server v6.11.0
(2023-04-19T21:27:48.740182086) (2023-04-19T21:27:48.740203006) [Msg] Loading SDF world file[/home/developer/mbzirc_ws/install/share/mbzirc_ign/worlds/simple_demo.sdf].
(2023-04-19T21:27:49.51743481) (2023-04-19T21:27:49.51760091) [Msg] Serving entity system service on [/entity/system/add]
(2023-04-19T21:27:49.87689455) (2023-04-19T21:27:49.87706165) [Dbg] [Physics.cc:803] Loaded [ignition::physics::dartsim::Plugin] from library [/usr/lib/x86_64-linux-gnu/ign-physics-5/engine-plugins/libignition-physics-dartsim-plugin.so]
(2023-04-19T21:27:49.87769775) (2023-04-19T21:27:49.87778255) [Dbg] [SystemManager.cc:58] Loaded system [ignition::gazebo::systems::Physics] for entity [1]
(2023-04-19T21:27:49.89469068) (2023-04-19T21:27:49.89484418) [Msg] Create service on [/world/simple_demo/create]
(2023-04-19T21:27:49.89610488) (2023-04-19T21:27:49.89620688) [Msg] Remove service on [/world/simple_demo/remove]
(2023-04-19T21:27:49.89725839) (2023-04-19T21:27:49.89736069) [Msg] Pose service on [/world/simple_demo/set_pose]
(2023-04-19T21:27:49.89835859) (2023-04-19T21:27:49.89845759) [Msg] Pose service on [/world/simple_demo/set_pose_vector]
(2023-04-19T21:27:49.89971589) (2023-04-19T21:27:49.89982039) [Msg] Light configuration service on [/world/simple_demo/light_config]
(2023-04-19T21:27:49.90146560) (2023-04-19T21:27:49.90156990) [Msg] Physics service on [/world/simple_demo/set_physics]
(2023-04-19T21:27:49.90263930) (2023-04-19T21:27:49.90274620) [Msg] SphericalCoordinates service on [/world/simple_demo/set_spherical_coordinates]
(2023-04-19T21:27:49.90347170) (2023-04-19T21:27:49.90358220) [Msg] Enable collision service on [/world/simple_demo/enable_collision]
(2023-04-19T21:27:49.90433370) (2023-04-19T21:27:49.90443520) [Msg] Disable collision service on [/world/simple_demo/disable_collision]
(2023-04-19T21:27:49.90575850) (2023-04-19T21:27:49.90586350) [Msg] Material service on [/world/simple_demo/visual_config]
(2023-04-19T21:27:49.90685431) (2023-04-19T21:27:49.90695061) [Msg] Material service on [/world/simple_demo/wheel_slip]
(2023-04-19T21:27:49.90729521) (2023-04-19T21:27:49.90738651) [Dbg] [SystemManager.cc:58] Loaded system [ignition::gazebo::systems::UserCommands] for entity [1]
(2023-04-19T21:27:49.110264946) (2023-04-19T21:27:49.110280276) [Dbg] [Sensors.cc:479] Configuring Sensors system
(2023-04-19T21:27:49.110361666) (2023-04-19T21:27:49.110371286) [Dbg] [Sensors.cc:398] SensorsPrivate::Run
(2023-04-19T21:27:49.110443696) (2023-04-19T21:27:49.110452426) [Dbg] [SystemManager.cc:58] Loaded system [ignition::gazebo::systems::Sensors] for entity [1]
2023-04-19T21:27:49.110495886) (2023-04-19T21:27:49.110529646) [Dbg] [Sensors.cc:378] SensorsPrivate::RenderThread started
(2023-04-19T21:27:49.110582387) (2023-04-19T21:27:49.110600757) [Dbg] [Sensors.cc:228] Waiting for init
(2023-04-19T21:27:49.111991749) (2023-04-19T21:27:49.112002219) [Dbg] [SystemManager.cc:58] Loaded system [ignition::gazebo::systems::AirPressure] for entity [1]
(2023-04-19T21:27:49.113481722) (2023-04-19T21:27:49.113493382) [Dbg] [SystemManager.cc:58] Loaded system [ignition::gazebo::systems::Altimeter] for entity [1]
(2023-04-19T21:27:49.114969895) (2023-04-19T21:27:49.114982355) [Dbg] [SystemManager.cc:58] Loaded system [ignition::gazebo::systems::Imu] for entity [1]
(2023-04-19T21:27:49.116419117) (2023-04-19T21:27:49.116430987) [Dbg] [SystemManager.cc:58] Loaded system [ignition::gazebo::systems::Magnetometer] for entity [1]
(2023-04-19T21:27:49.119039471) (2023-04-19T21:27:49.119064951) [Dbg] [SystemManager.cc:58] Loaded system [ignition::gazebo::systems::ForceTorque] for entity [1]
(2023-04-19T21:27:49.121265835) (2023-04-19T21:27:49.121277485) [Msg] Serving particle emitter information on [/world/simple_demo/particle_emitters]
(2023-04-19T21:27:49.121326605) (2023-04-19T21:27:49.121336485) [Dbg] [SystemManager.cc:58] Loaded system [ignition::gazebo::systems::ParticleEmitter2] for entity [1]
(2023-04-19T21:27:49.122551778) (2023-04-19T21:27:49.122562568) [Dbg] [SystemManager.cc:58] Loaded system [ignition::gazebo::systems::SceneBroadcaster] for entity [1]
(2023-04-19T21:27:49.123508490) (2023-04-19T21:27:49.123518990) [Dbg] [SystemManager.cc:58] Loaded system [ignition::gazebo::systems::Contact] for entity [1]
(2023-04-19T21:27:49.124590412) (2023-04-19T21:27:49.124601192) [Dbg] [RFComms.cc:385] Range configuration:
RF Configuration (range-based)
-- max_range: 500000
-- fading_exponent: 2.6
-- l0: 40
-- sigma: 10

(2023-04-19T21:27:49.124688572) (2023-04-19T21:27:49.124697022) [Dbg] [RFComms.cc:388] Radio configuration:
Radio Configuration
-- capacity: 1e+06
-- tx_power: 25
-- noise_floor: -90
-- modulation: QPSK

(2023-04-19T21:27:49.124935293) (2023-04-19T21:27:49.124945573) [Dbg] [Broker.cc:113] Broker services:
(2023-04-19T21:27:49.124970723) (2023-04-19T21:27:49.124981283) [Dbg] [Broker.cc:114]   Bind: [/broker/bind]
(2023-04-19T21:27:49.125015743) (2023-04-19T21:27:49.125024253) [Dbg] [Broker.cc:115]   Unbind: [/broker/unbind]
(2023-04-19T21:27:49.125052873) (2023-04-19T21:27:49.125061673) [Dbg] [Broker.cc:116] Broker topics:
(2023-04-19T21:27:49.125081803) (2023-04-19T21:27:49.125090613) [Dbg] [Broker.cc:117]   Incoming messages: [/broker/msgs]
(2023-04-19T21:27:49.125122953) (2023-04-19T21:27:49.125131233) [Dbg] [SystemManager.cc:58] Loaded system [ignition::gazebo::systems::RFComms] for entity [1]
(2023-04-19T21:27:49.127317396) (2023-04-19T21:27:49.127328526) [Dbg] [RFRange.cc:339] RFRange sensor range configuration:
RF Configuration (range-based)
-- max_range: 500000
-- fading_exponent: 2.6
-- l0: 40
-- sigma: 0.005
-- rssi_1: -15

(2023-04-19T21:27:49.127430547) (2023-04-19T21:27:49.127439937) [Dbg] [RFRange.cc:342] RFRange sensor radio configuration:
Radio Configuration
-- tx_power: 25
-- noise_floor: -90

(2023-04-19T21:27:49.127512667) (2023-04-19T21:27:49.127522737) [Dbg] [SystemManager.cc:58] Loaded system [ignition::gazebo::systems::RFRange] for entity [1]
(2023-04-19T21:27:49.130885133) (2023-04-19T21:27:49.130896243) [Msg] Overwriting existing file [/tmp/ign/mbzirc/playback/state.tlog]
(2023-04-19T21:27:49.133876979) (2023-04-19T21:27:49.133888089) [Msg] Recording to log file [/tmp/ign/mbzirc/playback/state.tlog]
(2023-04-19T21:27:49.133921809) (2023-04-19T21:27:49.133931089) [Dbg] [LogRecord.cc:334] Recording default topic[/playback/sdf].
(2023-04-19T21:27:49.133957539) (2023-04-19T21:27:49.133967459) [Dbg] [LogRecord.cc:335] Recording default topic[/world/simple_demo/changed_state].
(2023-04-19T21:27:49.177797438) (2023-04-19T21:27:49.177820148) [Dbg] [SystemManager.cc:58] Loaded system [ignition::gazebo::systems::LogRecord] for entity [1]
(2023-04-19T21:27:49.180427873) (2023-04-19T21:27:49.180451713) [Dbg] [SystemManager.cc:58] Loaded system [ignition::gazebo::systems::WindEffects] for entity [1]
(2023-04-19T21:27:49.185197281) (2023-04-19T21:27:49.185210031) [Msg] MBZIRC log path: /tmp/ign/mbzirc/logs
(2023-04-19T21:27:49.185494262) (2023-04-19T21:27:49.185503732) [Msg] Run duration set to 3600 seconds.
(2023-04-19T21:27:49.185560762) (2023-04-19T21:27:49.185570012) [Msg] Geofence boundary min: -70 -70 -25, max: 70 70 121.92
(2023-04-19T21:27:49.185651152) (2023-04-19T21:27:49.185659552) [Msg] Start area boundary min: -15 -15 -5, max: 15 15 5
(2023-04-19T21:27:49.185731332) (2023-04-19T21:27:49.185740262) [Msg] Setup duration set to 600 seconds.
(2023-04-19T21:27:49.185771582) (2023-04-19T21:27:49.185780302) [Msg] Target vessel: Vessel A
(2023-04-19T21:27:49.185833682) (2023-04-19T21:27:49.185842692) [Msg]   Small object: small_blue_box_a
(2023-04-19T21:27:49.185869352) (2023-04-19T21:27:49.185877732) [Msg]   Small object: small_blue_box_a_duplicate
(2023-04-19T21:27:49.185903602) (2023-04-19T21:27:49.185911762) [Msg]   Large object: large_dry_box_a
(2023-04-19T21:27:49.185937822) (2023-04-19T21:27:49.185946362) [Msg]   Large object: large_dry_box_a_duplicate
(2023-04-19T21:27:49.186882254) (2023-04-19T21:27:49.186893784) [Msg] Starting MBZIRC
(2023-04-19T21:27:49.186997824) (2023-04-19T21:27:49.187009294) [Dbg] [SystemManager.cc:58] Loaded system [mbzirc::GameLogicPlugin] for entity [1]
(2023-04-19T21:27:49.192169784) (2023-04-19T21:27:49.192181544) [Msg] Using Pierson-Moskowitz spectrum sampling wavefield model 
(2023-04-19T21:27:49.192445075) (2023-04-19T21:27:49.192456325) [Msg] Using Pierson-Moskowitz spectrum sampling wavefield model 
(2023-04-19T21:27:49.635004064) (2023-04-19T21:27:49.635031264) [Msg] Input Parameters:
(2023-04-19T21:27:49.635081564) (2023-04-19T21:27:49.635098464) [Msg] model:     PMS
(2023-04-19T21:27:49.635151714) (2023-04-19T21:27:49.635167434) [Msg] number:     3
(2023-04-19T21:27:49.635216704) (2023-04-19T21:27:49.635233594) [Msg] scale:      1.1
(2023-04-19T21:27:49.635288064) (2023-04-19T21:27:49.635304604) [Msg] angle:      0.4
(2023-04-19T21:27:49.635352824) (2023-04-19T21:27:49.635369184) [Msg] steepness:  0
(2023-04-19T21:27:49.635416654) (2023-04-19T21:27:49.635433734) [Msg] amplitude:  0
(2023-04-19T21:27:49.635481375) (2023-04-19T21:27:49.635498495) [Msg] period:     5
(2023-04-19T21:27:49.635547025) (2023-04-19T21:27:49.635562795) [Msg] direction:  1 0
(2023-04-19T21:27:49.635636525) (2023-04-19T21:27:49.635652715) [Msg] tau:  2
(2023-04-19T21:27:49.635698205) (2023-04-19T21:27:49.635714585) [Msg] gain:  0.3
(2023-04-19T21:27:49.635763705) (2023-04-19T21:27:49.635780525) [Msg] Derived Parameters:
(2023-04-19T21:27:49.635820045) (2023-04-19T21:27:49.635837305) [Msg] amplitudes:  0.0363502, 0.0392277, 0.0385703, 
(2023-04-19T21:27:49.635950845) (2023-04-19T21:27:49.635967755) [Msg] wavenumbers: 0.133171, 0.161136, 0.194975, 
(2023-04-19T21:27:49.636051575) (2023-04-19T21:27:49.636068125) [Msg] omegas:      1.1424, 1.25664, 1.3823, 
(2023-04-19T21:27:49.636150776) (2023-04-19T21:27:49.636167646) [Msg] periods:     (2023-04-19T21:27:49.636213346) (2023-04-19T21:27:49.636229726) [Msg] 5.5, (2023-04-19T21:27:49.636273996) (2023-04-19T21:27:49.636291886) [Msg] 5, (2023-04-19T21:27:49.636332176) (2023-04-19T21:27:49.636349326) [Msg] 4.54545, (2023-04-19T21:27:49.636390206) (2023-04-19T21:27:49.636407216) [Msg] 
(2023-04-19T21:27:49.636439266) (2023-04-19T21:27:49.636455996) [Msg] phases:      0, 0, 0, 
(2023-04-19T21:27:49.636542346) (2023-04-19T21:27:49.636558856) [Msg] steepnesses: 0, 0, 0, 
(2023-04-19T21:27:49.636642626) (2023-04-19T21:27:49.636659406) [Msg] directions:  (2023-04-19T21:27:49.636699437) (2023-04-19T21:27:49.636727857) [Msg] 0.921061 -0.389418; (2023-04-19T21:27:49.636796747) (2023-04-19T21:27:49.636813757) [Msg] 1 0; (2023-04-19T21:27:49.636867117) (2023-04-19T21:27:49.636883707) [Msg] 0.921061 0.389418; (2023-04-19T21:27:49.636939277) (2023-04-19T21:27:49.636955857) [Msg] 
(2023-04-19T21:27:49.637689859) (2023-04-19T21:27:49.637708929) [Dbg] [SystemManager.cc:58] Loaded system [ignition::gazebo::systems::WaveVisual] for entity [23]
(2023-04-19T21:27:49.642178557) (2023-04-19T21:27:49.642199557) [Msg] Using Pierson-Moskowitz spectrum sampling wavefield model 
(2023-04-19T21:27:49.642555298) (2023-04-19T21:27:49.642574538) [Msg] Using Pierson-Moskowitz spectrum sampling wavefield model 
(2023-04-19T21:27:49.642653838) (2023-04-19T21:27:49.642670948) [Msg] Input Parameters:
(2023-04-19T21:27:49.642711838) (2023-04-19T21:27:49.642728648) [Msg] model:     PMS
(2023-04-19T21:27:49.642776848) (2023-04-19T21:27:49.642794498) [Msg] number:     3
(2023-04-19T21:27:49.642842248) (2023-04-19T21:27:49.642858498) [Msg] scale:      1.1
(2023-04-19T21:27:49.642908908) (2023-04-19T21:27:49.642925338) [Msg] angle:      0.4
(2023-04-19T21:27:49.642974318) (2023-04-19T21:27:49.642991529) [Msg] steepness:  0
(2023-04-19T21:27:49.643040709) (2023-04-19T21:27:49.643057659) [Msg] amplitude:  0
(2023-04-19T21:27:49.643105099) (2023-04-19T21:27:49.643122909) [Msg] period:     5
(2023-04-19T21:27:49.643170609) (2023-04-19T21:27:49.643186899) [Msg] direction:  1 0
(2023-04-19T21:27:49.643250559) (2023-04-19T21:27:49.643267229) [Msg] tau:  2
(2023-04-19T21:27:49.643315779) (2023-04-19T21:27:49.643333089) [Msg] gain:  0.3
(2023-04-19T21:27:49.643381909) (2023-04-19T21:27:49.643399019) [Msg] Derived Parameters:
(2023-04-19T21:27:49.643444259) (2023-04-19T21:27:49.643472789) [Msg] amplitudes:  0.0363502, 0.0392277, 0.0385703, 
(2023-04-19T21:27:49.643562549) (2023-04-19T21:27:49.643580489) [Msg] wavenumbers: 0.133171, 0.161136, 0.194975, 
(2023-04-19T21:27:49.643667250) (2023-04-19T21:27:49.643684140) [Msg] omegas:      1.1424, 1.25664, 1.3823, 
(2023-04-19T21:27:49.643770550) (2023-04-19T21:27:49.643787010) [Msg] periods:     (2023-04-19T21:27:49.643820100) (2023-04-19T21:27:49.643836980) [Msg] 5.5, (2023-04-19T21:27:49.643877430) (2023-04-19T21:27:49.643893260) [Msg] 5, (2023-04-19T21:27:49.643931790) (2023-04-19T21:27:49.643948620) [Msg] 4.54545, (2023-04-19T21:27:49.643989690) (2023-04-19T21:27:49.644007040) [Msg] 
(2023-04-19T21:27:49.644039740) (2023-04-19T21:27:49.644056620) [Msg] phases:      0, 0, 0, 
(2023-04-19T21:27:49.644141390) (2023-04-19T21:27:49.644158720) [Msg] steepnesses: 0, 0, 0, 
(2023-04-19T21:27:49.644243961) (2023-04-19T21:27:49.644260481) [Msg] directions:  (2023-04-19T21:27:49.644290221) (2023-04-19T21:27:49.644307691) [Msg] 0.921061 -0.389418; (2023-04-19T21:27:49.644360511) (2023-04-19T21:27:49.644376971) [Msg] 1 0; (2023-04-19T21:27:49.644430301) (2023-04-19T21:27:49.644446791) [Msg] 0.921061 0.389418; (2023-04-19T21:27:49.644503511) (2023-04-19T21:27:49.644519731) [Msg] 
(2023-04-19T21:27:49.644587511) (2023-04-19T21:27:49.644604921) [Dbg] [Surface.cc:161] Surface plugin successfully configured with the following parameters:
(2023-04-19T21:27:49.644657161) (2023-04-19T21:27:49.644673671) [Dbg] [Surface.cc:163]   <link_name>: link
(2023-04-19T21:27:49.644745881) (2023-04-19T21:27:49.644769081) [Dbg] [Surface.cc:164]   <vehicle_length>: 6
(2023-04-19T21:27:49.644819922) (2023-04-19T21:27:49.644836562) [Dbg] [Surface.cc:165]   <vehicle_width>: 3.3
(2023-04-19T21:27:49.644884602) (2023-04-19T21:27:49.644900422) [Dbg] [Surface.cc:166]   <hull_radius>: 1.9
(2023-04-19T21:27:49.644948782) (2023-04-19T21:27:49.644965242) [Dbg] [Surface.cc:167]   <num_samples>: 2
(2023-04-19T21:27:49.645016422) (2023-04-19T21:27:49.645033412) [Dbg] [Surface.cc:168]   <fluid_level>: 0.45
(2023-04-19T21:27:49.645082522) (2023-04-19T21:27:49.645094522) [Dbg] [Surface.cc:169]   <fluid_density>: 997.774
(2023-04-19T21:27:49.645137002) (2023-04-19T21:27:49.645144832) [Dbg] [SystemManager.cc:58] Loaded system [ignition::gazebo::systems::Surface] for entity [24]
(2023-04-19T21:27:49.646928776) (2023-04-19T21:27:49.646939616) [Dbg] [SimpleHydrodynamics.cc:167] SimpleHydrodynamics plugin successfully configured with the following parameters:
(2023-04-19T21:27:49.646968996) (2023-04-19T21:27:49.646978286) [Dbg] [SimpleHydrodynamics.cc:169]   <link_name>: link
(2023-04-19T21:27:49.647005336) (2023-04-19T21:27:49.647013846) [Dbg] [SimpleHydrodynamics.cc:170]   <xDotU>: 0
(2023-04-19T21:27:49.647042666) (2023-04-19T21:27:49.647051886) [Dbg] [SimpleHydrodynamics.cc:171]   <yDotV>: 0
(2023-04-19T21:27:49.647078506) (2023-04-19T21:27:49.647087406) [Dbg] [SimpleHydrodynamics.cc:172]   <zDotW>: 0.1
(2023-04-19T21:27:49.647114496) (2023-04-19T21:27:49.647123446) [Dbg] [SimpleHydrodynamics.cc:173]   <kDotP>: 0.1
(2023-04-19T21:27:49.647149356) (2023-04-19T21:27:49.647158056) [Dbg] [SimpleHydrodynamics.cc:174]   <mDotQ>: 0.1
(2023-04-19T21:27:49.647184496) (2023-04-19T21:27:49.647193866) [Dbg] [SimpleHydrodynamics.cc:175]   <nDotR>: 0
(2023-04-19T21:27:49.647220137) (2023-04-19T21:27:49.647228967) [Dbg] [SimpleHydrodynamics.cc:176]   <xU>: 510.3
(2023-04-19T21:27:49.647254997) (2023-04-19T21:27:49.647264037) [Dbg] [SimpleHydrodynamics.cc:177]   <xUU>: 720.4
(2023-04-19T21:27:49.647291497) (2023-04-19T21:27:49.647300557) [Dbg] [SimpleHydrodynamics.cc:178]   <yV>: 400
(2023-04-19T21:27:49.647324987) (2023-04-19T21:27:49.647333487) [Dbg] [SimpleHydrodynamics.cc:179]   <yVV>: 0
(2023-04-19T21:27:49.647356777) (2023-04-19T21:27:49.647366587) [Dbg] [SimpleHydrodynamics.cc:180]   <zW>: 5000
(2023-04-19T21:27:49.647395067) (2023-04-19T21:27:49.647403767) [Dbg] [SimpleHydrodynamics.cc:181]   <zWW>: 0
(2023-04-19T21:27:49.647429277) (2023-04-19T21:27:49.647437267) [Dbg] [SimpleHydrodynamics.cc:182]   <kP>: 500
(2023-04-19T21:27:49.647466387) (2023-04-19T21:27:49.647475537) [Dbg] [SimpleHydrodynamics.cc:183]   <kPP>: 0
(2023-04-19T21:27:49.647501647) (2023-04-19T21:27:49.647510297) [Dbg] [SimpleHydrodynamics.cc:184]   <mQ>: 500
(2023-04-19T21:27:49.647536157) (2023-04-19T21:27:49.647544657) [Dbg] [SimpleHydrodynamics.cc:185]   <mQQ>: 0
(2023-04-19T21:27:49.647569047) (2023-04-19T21:27:49.647578207) [Dbg] [SimpleHydrodynamics.cc:186]   <nR>: 15000
(2023-04-19T21:27:49.647602987) (2023-04-19T21:27:49.647610997) [Dbg] [SimpleHydrodynamics.cc:187]   <nRR>: 0
(2023-04-19T21:27:49.647639427) (2023-04-19T21:27:49.647648187) [Dbg] [SystemManager.cc:58] Loaded system [ignition::gazebo::systems::SimpleHydrodynamics] for entity [24]
(2023-04-19T21:27:49.648994790) (2023-04-19T21:27:49.649007080) [Dbg] [SystemManager.cc:58] Loaded system [ignition::gazebo::systems::DetachableJoint] for entity [28]
(2023-04-19T21:27:49.649498041) (2023-04-19T21:27:49.649510041) [Dbg] [SystemManager.cc:58] Loaded system [ignition::gazebo::systems::DetachableJoint] for entity [44]
(2023-04-19T21:27:49.650314682) (2023-04-19T21:27:49.650326222) [Dbg] [SystemManager.cc:58] Loaded system [ignition::gazebo::systems::DetachableJoint] for entity [60]
(2023-04-19T21:27:49.651104203) (2023-04-19T21:27:49.651115103) [Dbg] [SystemManager.cc:58] Loaded system [ignition::gazebo::systems::DetachableJoint] for entity [112]
(2023-04-19T21:27:49.652285805) (2023-04-19T21:27:49.652295875) [Dbg] [SystemManager.cc:58] Loaded system [ignition::gazebo::systems::CommsEndpoint] for entity [164]
(2023-04-19T21:27:49.652470626) (2023-04-19T21:27:49.652481376) [Dbg] [SystemManager.cc:58] Loaded system [ignition::gazebo::systems::CommsEndpoint] for entity [164]
(2023-04-19T21:27:49.653961198) (2023-04-19T21:27:49.653973618) [Dbg] [SystemManager.cc:58] Loaded system [mbzirc::BaseStation] for entity [164]
(2023-04-19T21:27:49.655721771) (2023-04-19T21:27:49.655733621) [Msg] EntityDetector publishing messages on [/mbzirc/target_object_detector/dropped]
(2023-04-19T21:27:49.655882101) (2023-04-19T21:27:49.655893161) [Dbg] [SystemManager.cc:58] Loaded system [mbzirc::EntityDetector] for entity [168]
(2023-04-19T21:27:49.655978791) (2023-04-19T21:27:49.655991751) [Msg] Loaded level [3]
(2023-04-19T21:27:49.656259092) (2023-04-19T21:27:49.656270082) [Msg] Serving world controls on [/world/simple_demo/control], [/world/simple_demo/control/state] and [/world/simple_demo/playback/control]
(2023-04-19T21:27:49.656384182) (2023-04-19T21:27:49.656394262) [Msg] Serving GUI information on [/world/simple_demo/gui/info]
(2023-04-19T21:27:49.656431622) (2023-04-19T21:27:49.656440702) [Msg] World [simple_demo] initialized with [4ms] physics profile.
(2023-04-19T21:27:49.656558892) (2023-04-19T21:27:49.656567782) [Msg] Serving world SDF generation service on [/world/simple_demo/generate_world_sdf]
(2023-04-19T21:27:49.656643552) (2023-04-19T21:27:49.656651922) [Msg] Serving world names on [/gazebo/worlds]
(2023-04-19T21:27:49.656730533) (2023-04-19T21:27:49.656743253) [Msg] Resource path add service on [/gazebo/resource_paths/add].
(2023-04-19T21:27:49.656811433) (2023-04-19T21:27:49.656819963) [Msg] Resource path get service on [/gazebo/resource_paths/get].
(2023-04-19T21:27:49.656885773) (2023-04-19T21:27:49.656895673) [Msg] Resource path resolve service on [/gazebo/resource_paths/resolve].
(2023-04-19T21:27:49.757109475) (2023-04-19T21:27:49.757128505) [Msg] Resource paths published on [/gazebo/resource_paths].
(2023-04-19T21:27:49.757310886) (2023-04-19T21:27:49.757327706) [Msg] Server control service on [/server_control].
(2023-04-19T21:27:49.757509216) (2023-04-19T21:27:49.757529396) [Msg] Found no publishers on /stats, adding root stats topic
(2023-04-19T21:27:49.757681606) (2023-04-19T21:27:49.757698836) [Msg] Found no publishers on /clock, adding root clock topic
(2023-04-19T21:27:49.757944557) (2023-04-19T21:27:49.757963567) [Dbg] [SimulationRunner.cc:491] Creating PostUpdate worker threads: 13
(2023-04-19T21:27:49.758018607) (2023-04-19T21:27:49.758035117) [Dbg] [SimulationRunner.cc:502] Creating postupdate worker thread (0)
(2023-04-19T21:27:49.758165637) (2023-04-19T21:27:49.758185157) [Dbg] [SimulationRunner.cc:502] Creating postupdate worker thread (1)
(2023-04-19T21:27:49.758272967) (2023-04-19T21:27:49.758289867) [Dbg] [SimulationRunner.cc:502] Creating postupdate worker thread (2)
(2023-04-19T21:27:49.758382777) (2023-04-19T21:27:49.758400207) [Dbg] [SimulationRunner.cc:502] Creating postupdate worker thread (3)
(2023-04-19T21:27:49.758481777) (2023-04-19T21:27:49.758499308) [Dbg] [SimulationRunner.cc:502] Creating postupdate worker thread (4)
(2023-04-19T21:27:49.758613078) (2023-04-19T21:27:49.758632148) [Dbg] [SimulationRunner.cc:502] Creating postupdate worker thread (5)
(2023-04-19T21:27:49.758729828) (2023-04-19T21:27:49.758749518) [Dbg] [SimulationRunner.cc:502] Creating postupdate worker thread (6)
(2023-04-19T21:27:49.758860128) (2023-04-19T21:27:49.758877798) [Dbg] [SimulationRunner.cc:502] Creating postupdate worker thread (7)
(2023-04-19T21:27:49.758961688) (2023-04-19T21:27:49.758979568) [Dbg] [SimulationRunner.cc:502] Creating postupdate worker thread (8)
(2023-04-19T21:27:49.759059308) (2023-04-19T21:27:49.759075668) [Dbg] [SimulationRunner.cc:502] Creating postupdate worker thread (9)
(2023-04-19T21:27:49.759165389) (2023-04-19T21:27:49.759184219) [Dbg] [SimulationRunner.cc:502] Creating postupdate worker thread (10)
(2023-04-19T21:27:49.759269319) (2023-04-19T21:27:49.759286219) [Dbg] [SimulationRunner.cc:502] Creating postupdate worker thread (11)
(2023-04-19T21:27:49.858599618) (2023-04-19T21:27:49.858619808) [Msg] Particle emitter[simple_demo::dust_storm::link::dust_storm] subscribed to command messages on topic[/model/dust_storm/link/link/particle_emitter/dust_storm/cmd]
(2023-04-19T21:27:49.858838488) (2023-04-19T21:27:49.858864068) [Msg] Particle emitter[simple_demo::fog::link::fog] subscribed to command messages on topic[/model/fog/link/link/particle_emitter/fog/cmd]
(2023-04-19T21:27:49.860714201) (2023-04-19T21:27:49.860750381) [Msg] DetachableJoint subscribing to messages on [/Vessel_A/detach]
(2023-04-19T21:27:49.860902192) (2023-04-19T21:27:49.860920582) [Msg] DetachableJoint subscribing to messages on [/Vessel_A/detach]
(2023-04-19T21:27:49.861053552) (2023-04-19T21:27:49.861072732) [Msg] DetachableJoint subscribing to messages on [/Vessel_A/detach]
(2023-04-19T21:27:49.861204982) (2023-04-19T21:27:49.861223022) [Msg] DetachableJoint subscribing to messages on [/Vessel_A/detach]
(2023-04-19T21:27:49.861416403) (2023-04-19T21:27:49.861435043) [Msg] Address [base_station/target] bound to model [base_station] on topic [base_station/target]
(2023-04-19T21:27:49.861524323) (2023-04-19T21:27:49.861541583) [Dbg] [CommsEndpoint.cc:89] Succesfuly bound to [base_station/target] on topic [base_station/target]
(2023-04-19T21:27:49.861674333) (2023-04-19T21:27:49.861692593) [Msg] Address [base_station/video] bound to model [base_station] on topic [base_station/video]
(2023-04-19T21:27:49.861772194) (2023-04-19T21:27:49.861794524) [Dbg] [CommsEndpoint.cc:89] Succesfuly bound to [base_station/video] on topic [base_station/video]
(2023-04-19T21:27:49.936677669) (2023-04-19T21:27:49.936691319) [Dbg] [Physics.cc:1593] Creating detachable joint [170]
(2023-04-19T21:27:49.936843949) (2023-04-19T21:27:49.936853039) [Dbg] [Physics.cc:1593] Creating detachable joint [171]
(2023-04-19T21:27:49.936965800) (2023-04-19T21:27:49.936974670) [Dbg] [Physics.cc:1593] Creating detachable joint [172]
(2023-04-19T21:27:49.937269200) (2023-04-19T21:27:49.937280340) [Dbg] [Physics.cc:1593] Creating detachable joint [173]
(2023-04-19T21:27:49.938436093) (2023-04-19T21:27:49.938446323) [Dbg] [SimulationFeatures.cc:63] Simulation timestep set to: 0.004
(2023-04-19T21:27:49.948765060) (2023-04-19T21:27:49.948793680) [Msg] Serving scene information on [/world/simple_demo/scene/info]
(2023-04-19T21:27:49.949010961) (2023-04-19T21:27:49.949033531) [Msg] Serving graph information on [/world/simple_demo/scene/graph]
(2023-04-19T21:27:49.949227491) (2023-04-19T21:27:49.949249311) [Msg] Serving full state on [/world/simple_demo/state]
(2023-04-19T21:27:49.949452422) (2023-04-19T21:27:49.949481922) [Msg] Serving full state (async) on [/world/simple_demo/state_async]
(2023-04-19T21:27:49.949712372) (2023-04-19T21:27:49.949742362) [Msg] Publishing scene information on [/world/simple_demo/scene/info]
(2023-04-19T21:27:49.949975073) (2023-04-19T21:27:49.950003863) [Msg] Publishing entity deletions on [/world/simple_demo/scene/deletion]
(2023-04-19T21:27:49.950201793) (2023-04-19T21:27:49.950232073) [Msg] Publishing state changes on [/world/simple_demo/state]
(2023-04-19T21:27:49.950439104) (2023-04-19T21:27:49.950460954) [Msg] Publishing pose messages on [/world/simple_demo/pose/info]
(2023-04-19T21:27:49.950667804) (2023-04-19T21:27:49.950695244) [Msg] Publishing dynamic pose messages on [/world/simple_demo/dynamic_pose/info]
(2023-04-19T21:27:49.950836525) (2023-04-19T21:27:49.950861925) [Wrn] [Model.hh:69] Skipping serialization / deserialization for models with //pose/@relative_to attribute.
(2023-04-19T21:27:49.951294786) (2023-04-19T21:27:49.951325366) [Dbg] [EntityComponentManager.cc:1587] Updated state thread iterators: 24 threads processing around 8 entities each.
(2023-04-19T21:27:49.952183508) (2023-04-19T21:27:49.952209458) [Wrn] [Component.hh:144] Trying to serialize component with data type [N3sdf3v125WorldE], which doesn't have `operator<<`. Component will not be serialized.
(2023-04-19T21:27:49.976733951) (2023-04-19T21:27:49.976770731) [Dbg] [EntityComponentManager.cc:1587] Updated state thread iterators: 24 threads processing around 8 entities each.
(2023-04-19T21:27:53.585415181) (2023-04-19T21:27:53.585429231) [Msg] Linear velocity initialized to [0 0 0]
(2023-04-19T21:27:53.585486821) (2023-04-19T21:27:53.585495281) [Msg] Angular velocity initialized to [0 0 0]
(2023-04-19T21:27:53.585674651) (2023-04-19T21:27:53.585683501) [Msg] VelocityControl subscribing to twist messages on [/model/usv/cmd_vel]
(2023-04-19T21:27:53.585718811) (2023-04-19T21:27:53.585727771) [Dbg] [SystemManager.cc:58] Loaded system [ignition::gazebo::systems::VelocityControl] for entity [174]
(2023-04-19T21:27:53.586762993) (2023-04-19T21:27:53.586772664) [Dbg] [OdometryPublisher.cc:191] OdometryPublisher system plugin missing <dimensions>, defaults to "2"
(2023-04-19T21:27:53.586934354) (2023-04-19T21:27:53.586943454) [Msg] OdometryPublisher publishing odometry on [/model/usv/odometry]
(2023-04-19T21:27:53.587041624) (2023-04-19T21:27:53.587050444) [Msg] OdometryPublisher publishing odometry with covariance on [/model/usv/odometry_with_covariance]
(2023-04-19T21:27:53.587134774) (2023-04-19T21:27:53.587143994) [Msg] OdometryPublisher publishing Pose_V (TF) on [/model/usv/pose]
(2023-04-19T21:27:53.587172264) (2023-04-19T21:27:53.587179994) [Dbg] [SystemManager.cc:58] Loaded system [ignition::gazebo::systems::OdometryPublisher] for entity [174]
(2023-04-19T21:27:53.588457677) (2023-04-19T21:27:53.588469037) [Msg] Thruster listening to commands in [/model/usv/joint/left_engine_propeller_joint/cmd_thrust]
(2023-04-19T21:27:53.588545287) (2023-04-19T21:27:53.588554877) [Dbg] [Thruster.cc:288] Using velocity control for propeller joint.
(2023-04-19T21:27:53.588580767) (2023-04-19T21:27:53.588590137) [Dbg] [SystemManager.cc:58] Loaded system [ignition::gazebo::systems::Thruster] for entity [174]
(2023-04-19T21:27:53.589811509) (2023-04-19T21:27:53.589822329) [Dbg] [JointPositionController.cc:205] [JointPositionController] system parameters:
(2023-04-19T21:27:53.589847259) (2023-04-19T21:27:53.589855449) [Dbg] [JointPositionController.cc:206] p_gain: [1]
(2023-04-19T21:27:53.589888329) (2023-04-19T21:27:53.589897049) [Dbg] [JointPositionController.cc:207] i_gain: [0.1]
(2023-04-19T21:27:53.589925460) (2023-04-19T21:27:53.589934290) [Dbg] [JointPositionController.cc:208] d_gain: [0.01]
(2023-04-19T21:27:53.589962940) (2023-04-19T21:27:53.589972080) [Dbg] [JointPositionController.cc:209] i_max: [1]
(2023-04-19T21:27:53.589999940) (2023-04-19T21:27:53.590008090) [Dbg] [JointPositionController.cc:210] i_min: [-1]
(2023-04-19T21:27:53.590038610) (2023-04-19T21:27:53.590055840) [Dbg] [JointPositionController.cc:211] cmd_max: [1000]
(2023-04-19T21:27:53.590085960) (2023-04-19T21:27:53.590094270) [Dbg] [JointPositionController.cc:212] cmd_min: [-1000]
(2023-04-19T21:27:53.590124720) (2023-04-19T21:27:53.590133920) [Dbg] [JointPositionController.cc:213] cmd_offset: [0]
(2023-04-19T21:27:53.590163480) (2023-04-19T21:27:53.590172570) [Dbg] [JointPositionController.cc:214] Topic: [usv/left/thruster/joint/cmd_pos]
(2023-04-19T21:27:53.590199640) (2023-04-19T21:27:53.590208600) [Dbg] [JointPositionController.cc:215] initial_position: [0]
(2023-04-19T21:27:53.590242170) (2023-04-19T21:27:53.590251190) [Dbg] [SystemManager.cc:58] Loaded system [ignition::gazebo::systems::JointPositionController] for entity [174]
(2023-04-19T21:27:53.590550391) (2023-04-19T21:27:53.590560701) [Msg] Thruster listening to commands in [/model/usv/joint/right_engine_propeller_joint/cmd_thrust]
(2023-04-19T21:27:53.590610841) (2023-04-19T21:27:53.590619751) [Dbg] [Thruster.cc:288] Using velocity control for propeller joint.
(2023-04-19T21:27:53.590644631) (2023-04-19T21:27:53.590654591) [Dbg] [SystemManager.cc:58] Loaded system [ignition::gazebo::systems::Thruster] for entity [174]
(2023-04-19T21:27:53.590897961) (2023-04-19T21:27:53.590908061) [Dbg] [JointPositionController.cc:205] [JointPositionController] system parameters:
(2023-04-19T21:27:53.590931711) (2023-04-19T21:27:53.590940771) [Dbg] [JointPositionController.cc:206] p_gain: [1]
(2023-04-19T21:27:53.590970681) (2023-04-19T21:27:53.590979761) [Dbg] [JointPositionController.cc:207] i_gain: [0.1]
(2023-04-19T21:27:53.591008421) (2023-04-19T21:27:53.591018031) [Dbg] [JointPositionController.cc:208] d_gain: [0.01]
(2023-04-19T21:27:53.591048691) (2023-04-19T21:27:53.591059651) [Dbg] [JointPositionController.cc:209] i_max: [1]
(2023-04-19T21:27:53.591092161) (2023-04-19T21:27:53.591101571) [Dbg] [JointPositionController.cc:210] i_min: [-1]
(2023-04-19T21:27:53.591131521) (2023-04-19T21:27:53.591140711) [Dbg] [JointPositionController.cc:211] cmd_max: [1000]
(2023-04-19T21:27:53.591171762) (2023-04-19T21:27:53.591181042) [Dbg] [JointPositionController.cc:212] cmd_min: [-1000]
(2023-04-19T21:27:53.591211222) (2023-04-19T21:27:53.591219642) [Dbg] [JointPositionController.cc:213] cmd_offset: [0]
(2023-04-19T21:27:53.591249122) (2023-04-19T21:27:53.591258562) [Dbg] [JointPositionController.cc:214] Topic: [usv/right/thruster/joint/cmd_pos]
(2023-04-19T21:27:53.591287582) (2023-04-19T21:27:53.591296552) [Dbg] [JointPositionController.cc:215] initial_position: [0]
(2023-04-19T21:27:53.591330142) (2023-04-19T21:27:53.591338952) [Dbg] [SystemManager.cc:58] Loaded system [ignition::gazebo::systems::JointPositionController] for entity [174]
(2023-04-19T21:27:53.591580482) (2023-04-19T21:27:53.591591332) [Msg] Using Pierson-Moskowitz spectrum sampling wavefield model 
(2023-04-19T21:27:53.591727842) (2023-04-19T21:27:53.591738542) [Msg] Using Pierson-Moskowitz spectrum sampling wavefield model 
(2023-04-19T21:27:53.591807373) (2023-04-19T21:27:53.591820943) [Msg] Input Parameters:
(2023-04-19T21:27:53.591844053) (2023-04-19T21:27:53.591852533) [Msg] model:     PMS
(2023-04-19T21:27:53.591880743) (2023-04-19T21:27:53.591891893) [Msg] number:     3
(2023-04-19T21:27:53.591921633) (2023-04-19T21:27:53.591930343) [Msg] scale:      1.1
(2023-04-19T21:27:53.591961263) (2023-04-19T21:27:53.591973183) [Msg] angle:      0.4
(2023-04-19T21:27:53.592003783) (2023-04-19T21:27:53.592014123) [Msg] steepness:  0
(2023-04-19T21:27:53.592041573) (2023-04-19T21:27:53.592050713) [Msg] amplitude:  0
(2023-04-19T21:27:53.592078073) (2023-04-19T21:27:53.592087463) [Msg] period:     5
(2023-04-19T21:27:53.592115673) (2023-04-19T21:27:53.592124683) [Msg] direction:  1 0
(2023-04-19T21:27:53.592159923) (2023-04-19T21:27:53.592169353) [Msg] tau:  2
(2023-04-19T21:27:53.592195563) (2023-04-19T21:27:53.592204263) [Msg] gain:  0.3
(2023-04-19T21:27:53.592232593) (2023-04-19T21:27:53.592241933) [Msg] Derived Parameters:
(2023-04-19T21:27:53.592265773) (2023-04-19T21:27:53.592274803) [Msg] amplitudes:  0.0363502, 0.0392277, 0.0385703, 
(2023-04-19T21:27:53.592330673) (2023-04-19T21:27:53.592340263) [Msg] wavenumbers: 0.133171, 0.161136, 0.194975, 
(2023-04-19T21:27:53.592392784) (2023-04-19T21:27:53.592401224) [Msg] omegas:      1.1424, 1.25664, 1.3823, 
(2023-04-19T21:27:53.592450134) (2023-04-19T21:27:53.592462444) [Msg] periods:     (2023-04-19T21:27:53.592483584) (2023-04-19T21:27:53.592493884) [Msg] 5.5, (2023-04-19T21:27:53.592514984) (2023-04-19T21:27:53.592525474) [Msg] 5, (2023-04-19T21:27:53.592546784) (2023-04-19T21:27:53.592556204) [Msg] 4.54545, (2023-04-19T21:27:53.592579954) (2023-04-19T21:27:53.592588604) [Msg] 
(2023-04-19T21:27:53.592607204) (2023-04-19T21:27:53.592615354) [Msg] phases:      0, 0, 0, 
(2023-04-19T21:27:53.592662324) (2023-04-19T21:27:53.592671664) [Msg] steepnesses: 0, 0, 0, 
(2023-04-19T21:27:53.592727274) (2023-04-19T21:27:53.592740144) [Msg] directions:  (2023-04-19T21:27:53.592757914) (2023-04-19T21:27:53.592766574) [Msg] 0.921061 -0.389418; (2023-04-19T21:27:53.592801254) (2023-04-19T21:27:53.592811284) [Msg] 1 0; (2023-04-19T21:27:53.592843424) (2023-04-19T21:27:53.592852484) [Msg] 0.921061 0.389418; (2023-04-19T21:27:53.592884114) (2023-04-19T21:27:53.592892294) [Msg] 
(2023-04-19T21:27:53.592925334) (2023-04-19T21:27:53.592934304) [Dbg] [Surface.cc:161] Surface plugin successfully configured with the following parameters:
(2023-04-19T21:27:53.592963575) (2023-04-19T21:27:53.592972915) [Dbg] [Surface.cc:163]   <link_name>: base_link
(2023-04-19T21:27:53.593000085) (2023-04-19T21:27:53.593009415) [Dbg] [Surface.cc:164]   <vehicle_length>: 6
(2023-04-19T21:27:53.593035365) (2023-04-19T21:27:53.593047165) [Dbg] [Surface.cc:165]   <vehicle_width>: 3.3
(2023-04-19T21:27:53.593073085) (2023-04-19T21:27:53.593081415) [Dbg] [Surface.cc:166]   <hull_radius>: 0.27
(2023-04-19T21:27:53.593106355) (2023-04-19T21:27:53.593114815) [Dbg] [Surface.cc:167]   <num_samples>: 2
(2023-04-19T21:27:53.593139785) (2023-04-19T21:27:53.593148615) [Dbg] [Surface.cc:168]   <fluid_level>: 0.45
(2023-04-19T21:27:53.593174175) (2023-04-19T21:27:53.593183765) [Dbg] [Surface.cc:169]   <fluid_density>: 997.774
(2023-04-19T21:27:53.593215785) (2023-04-19T21:27:53.593224935) [Dbg] [SystemManager.cc:58] Loaded system [ignition::gazebo::systems::Surface] for entity [174]
(2023-04-19T21:27:53.593536016) (2023-04-19T21:27:53.593546886) [Dbg] [SimpleHydrodynamics.cc:167] SimpleHydrodynamics plugin successfully configured with the following parameters:
(2023-04-19T21:27:53.593575396) (2023-04-19T21:27:53.593583846) [Dbg] [SimpleHydrodynamics.cc:169]   <link_name>: base_link
(2023-04-19T21:27:53.593609146) (2023-04-19T21:27:53.593618936) [Dbg] [SimpleHydrodynamics.cc:170]   <xDotU>: 0
(2023-04-19T21:27:53.593645576) (2023-04-19T21:27:53.593654776) [Dbg] [SimpleHydrodynamics.cc:171]   <yDotV>: 0
(2023-04-19T21:27:53.593680176) (2023-04-19T21:27:53.593689526) [Dbg] [SimpleHydrodynamics.cc:172]   <zDotW>: 0.1
(2023-04-19T21:27:53.593714426) (2023-04-19T21:27:53.593723296) [Dbg] [SimpleHydrodynamics.cc:173]   <kDotP>: 0.1
(2023-04-19T21:27:53.593748396) (2023-04-19T21:27:53.593757296) [Dbg] [SimpleHydrodynamics.cc:174]   <mDotQ>: 0.1
(2023-04-19T21:27:53.593783556) (2023-04-19T21:27:53.593793036) [Dbg] [SimpleHydrodynamics.cc:175]   <nDotR>: 0
(2023-04-19T21:27:53.593818346) (2023-04-19T21:27:53.593827916) [Dbg] [SimpleHydrodynamics.cc:176]   <xU>: 51.3
(2023-04-19T21:27:53.593855026) (2023-04-19T21:27:53.593864756) [Dbg] [SimpleHydrodynamics.cc:177]   <xUU>: 72.4
(2023-04-19T21:27:53.593893596) (2023-04-19T21:27:53.593901846) [Dbg] [SimpleHydrodynamics.cc:178]   <yV>: 40
(2023-04-19T21:27:53.593928157) (2023-04-19T21:27:53.593937367) [Dbg] [SimpleHydrodynamics.cc:179]   <yVV>: 0
(2023-04-19T21:27:53.593963417) (2023-04-19T21:27:53.593972767) [Dbg] [SimpleHydrodynamics.cc:180]   <zW>: 500
(2023-04-19T21:27:53.593998457) (2023-04-19T21:27:53.594007717) [Dbg] [SimpleHydrodynamics.cc:181]   <zWW>: 0
(2023-04-19T21:27:53.594034017) (2023-04-19T21:27:53.594043767) [Dbg] [SimpleHydrodynamics.cc:182]   <kP>: 100
(2023-04-19T21:27:53.594078167) (2023-04-19T21:27:53.594088027) [Dbg] [SimpleHydrodynamics.cc:183]   <kPP>: 0
(2023-04-19T21:27:53.594116087) (2023-04-19T21:27:53.594125037) [Dbg] [SimpleHydrodynamics.cc:184]   <mQ>: 100
(2023-04-19T21:27:53.594152987) (2023-04-19T21:27:53.594161777) [Dbg] [SimpleHydrodynamics.cc:185]   <mQQ>: 0
(2023-04-19T21:27:53.594189637) (2023-04-19T21:27:53.594198917) [Dbg] [SimpleHydrodynamics.cc:186]   <nR>: 400
(2023-04-19T21:27:53.594226587) (2023-04-19T21:27:53.594235647) [Dbg] [SimpleHydrodynamics.cc:187]   <nRR>: 0
(2023-04-19T21:27:53.594266237) (2023-04-19T21:27:53.594275367) [Dbg] [SystemManager.cc:58] Loaded system [ignition::gazebo::systems::SimpleHydrodynamics] for entity [174]
(2023-04-19T21:27:53.595666790) (2023-04-19T21:27:53.595677710) [Dbg] [SystemManager.cc:58] Loaded system [ignition::gazebo::systems::PosePublisher] for entity [174]
(2023-04-19T21:27:53.595919761) (2023-04-19T21:27:53.595931031) [Msg] EntityDetector publishing messages on [/mbzirc/target_object_detector/placed]
(2023-04-19T21:27:53.596075701) (2023-04-19T21:27:53.596087511) [Dbg] [SystemManager.cc:58] Loaded system [mbzirc::EntityDetector] for entity [174]
(2023-04-19T21:27:53.596303191) (2023-04-19T21:27:53.596313991) [Msg] EntityDetector publishing messages on [/mbzirc/target_object_detector/placed]
(2023-04-19T21:27:53.596444432) (2023-04-19T21:27:53.596454122) [Dbg] [SystemManager.cc:58] Loaded system [mbzirc::EntityDetector] for entity [174]
(2023-04-19T21:27:53.596666232) (2023-04-19T21:27:53.596676342) [Msg] EntityDetector publishing messages on [/mbzirc/target_object_detector/placed]
(2023-04-19T21:27:53.596837613) (2023-04-19T21:27:53.596849073) [Dbg] [SystemManager.cc:58] Loaded system [mbzirc::EntityDetector] for entity [174]
(2023-04-19T21:27:53.597068143) (2023-04-19T21:27:53.597079463) [Msg] EntityDetector publishing messages on [/mbzirc/target_object_detector/placed]
(2023-04-19T21:27:53.597212323) (2023-04-19T21:27:53.597223033) [Dbg] [SystemManager.cc:58] Loaded system [mbzirc::EntityDetector] for entity [174]
(2023-04-19T21:27:53.597420123) (2023-04-19T21:27:53.597431253) [Dbg] [SystemManager.cc:58] Loaded system [ignition::gazebo::systems::CommsEndpoint] for entity [174]
(2023-04-19T21:27:53.597889834) (2023-04-19T21:27:53.597900684) [Dbg] [UserCommands.cc:1303] Created entity [174] named [usv]
(2023-04-19T21:27:53.606885930) (2023-04-19T21:27:53.606915290) [Dbg] [Sensors.cc:584] Initialization needed
(2023-04-19T21:27:53.606983920) (2023-04-19T21:27:53.607003670) [Dbg] [Sensors.cc:240] Initializing render context
(2023-04-19T21:27:53.607127360) (2023-04-19T21:27:53.607144560) [Msg] Loading plugin [ignition-rendering-ogre2]
(2023-04-19T21:27:53.607771082) (2023-04-19T21:27:53.607797692) [Dbg] [GameLogicPlugin.cc:1991] New Competitor Platform: usv with 0sensors
(2023-04-19T21:27:53.607905862) (2023-04-19T21:27:53.607946412) [Dbg] [ImuSensor.cc:148] IMU data for [usv::base_link::imu_sensor] advertised on [world/simple_demo/model/usv/link/base_link/sensor/imu_sensor/imu]
(((2023-04-19T21:27:53.610770247) (((((2023-04-19T21:27:53.610892487) (2023-04-19T21:27:53.610919607) [Dbg] [SimulationRunner.cc:518] Exiting postupdate worker thread (8)
((2023-04-19T21:27:53.611018007(2023-04-19T21:27:53.6110180072023-04-19T21:27:53.6110383172023-04-19T21:27:53.6110383172023-04-19T21:27:53.610852937) (2023-04-19T21:27:53.6110728972023-04-19T21:27:53.610844357) 2023-04-19T21:27:53.6109406372023-04-19T21:27:53.611107737) (2023-04-19T21:27:53.611135308) [Dbg] [SimulationRunner.cc:518] ) ((2023-04-19T21:27:53.611173568) 2023-04-19T21:27:53.610878337Exiting postupdate worker thread (2023-04-19T21:27:53.610878337Exiting postupdate worker thread () (2023-04-19T21:27:53.611225738) ) (2023-04-19T21:27:53.611268748) ) () (2023-04-19T21:27:53.611150428) ) (2023-04-19T21:27:53.611341838) ) 2023-04-19T21:27:53.611422238) (2023-04-19T21:27:53.611443728) 7(2023-04-19T21:27:53.611487978) )2023-04-19T21:27:53.611397998
) ) Exiting postupdate worker thread ([Dbg] [SimulationRunner.cc:518] [Dbg] [SimulationRunner.cc:518] [Dbg] [SimulationRunner.cc:518] Exiting postupdate worker thread (6)
[Dbg] [SimulationRunner.cc:518] [Dbg] [SimulationRunner.cc:518] Exiting postupdate worker thread (5)
Exiting postupdate worker thread (0)
Exiting postupdate worker thread (Exiting postupdate worker thread ([Dbg] [SimulationRunner.cc:518] Exiting postupdate worker thread ()
3)
Exiting postupdate worker thread (1)
10Exiting postupdate worker thread (4Exiting postupdate worker thread (4Exiting postupdate worker thread (9)
)
)

Exiting postupdate worker thread (2)
(2023-04-19T21:27:53.612644180) (2023-04-19T21:27:53.612675510) [Dbg] [SimulationRunner.cc:491] Creating PostUpdate worker threads: 22
(2023-04-19T21:27:53.612778550) (2023-04-19T21:27:53.612803590) [Dbg] [SimulationRunner.cc:502] Creating postupdate worker thread (0)
(2023-04-19T21:27:53.612930961) (2023-04-19T21:27:53.612956311) [Dbg] [SimulationRunner.cc:502] Creating postupdate worker thread (1)
(2023-04-19T21:27:53.613066441) (2023-04-19T21:27:53.613094031) [Dbg] [SimulationRunner.cc:502] Creating postupdate worker thread (2)
(2023-04-19T21:27:53.613217731) (2023-04-19T21:27:53.613237561) [Dbg] [SimulationRunner.cc:502] Creating postupdate worker thread (3)
(2023-04-19T21:27:53.613318701) (2023-04-19T21:27:53.613334831) [Dbg] [SimulationRunner.cc:502] Creating postupdate worker thread (4)
(2023-04-19T21:27:53.613426422) (2023-04-19T21:27:53.613444622) [Dbg] [SimulationRunner.cc:502] Creating postupdate worker thread (5)
(2023-04-19T21:27:53.613528232) (2023-04-19T21:27:53.613544652) [Dbg] [SimulationRunner.cc:502] Creating postupdate worker thread (6)
(2023-04-19T21:27:53.613623342) (2023-04-19T21:27:53.613638852) [Dbg] [SimulationRunner.cc:502] Creating postupdate worker thread (7)
(2023-04-19T21:27:53.613724512) (2023-04-19T21:27:53.613740672) [Dbg] [SimulationRunner.cc:502] Creating postupdate worker thread (8)
(2023-04-19T21:27:53.613946843) (2023-04-19T21:27:53.613996303) [Dbg] [SimulationRunner.cc:502] Creating postupdate worker thread (9)
(2023-04-19T21:27:53.614136533) (2023-04-19T21:27:53.614154313) [Dbg] [SimulationRunner.cc:502] Creating postupdate worker thread (10)
(2023-04-19T21:27:53.614254543) (2023-04-19T21:27:53.614272273) [Dbg] [SimulationRunner.cc:502] Creating postupdate worker thread (11)
(2023-04-19T21:27:53.614375364) (2023-04-19T21:27:53.614391774) [Dbg] [SimulationRunner.cc:502] Creating postupdate worker thread (12)
(2023-04-19T21:27:53.614483624) (2023-04-19T21:27:53.614500754) [Dbg] [SimulationRunner.cc:502] Creating postupdate worker thread (13)
(2023-04-19T21:27:53.614584264) (2023-04-19T21:27:53.614600754) [Dbg] [SimulationRunner.cc:502] Creating postupdate worker thread (14)
(2023-04-19T21:27:53.614682354) (2023-04-19T21:27:53.614699354) [Dbg] [SimulationRunner.cc:502] Creating postupdate worker thread (15)
(2023-04-19T21:27:53.614778814) (2023-04-19T21:27:53.614794774) [Dbg] [SimulationRunner.cc:502] Creating postupdate worker thread (16)
(2023-04-19T21:27:53.614874625) (2023-04-19T21:27:53.614891615) [Dbg] [SimulationRunner.cc:502] Creating postupdate worker thread (17)
(2023-04-19T21:27:53.614980855) (2023-04-19T21:27:53.615003595) [Dbg] [SimulationRunner.cc:502] Creating postupdate worker thread (18)
(2023-04-19T21:27:53.615092935) (2023-04-19T21:27:53.615109605) [Dbg] [SimulationRunner.cc:502] Creating postupdate worker thread (19)
(2023-04-19T21:27:53.615194915) (2023-04-19T21:27:53.615211305) [Dbg] [SimulationRunner.cc:502] Creating postupdate worker thread (20)
(2023-04-19T21:27:53.615954627) (2023-04-19T21:27:53.615987567) [Msg] Address [usv] bound to model [usv] on topic [model/usv/rx]
(2023-04-19T21:27:53.616090507) (2023-04-19T21:27:53.616103057) [Dbg] [CommsEndpoint.cc:89] Succesfuly bound to [usv] on topic [model/usv/rx]
(2023-04-19T21:27:54.26717508) (2023-04-19T21:27:54.26729168) [Dbg] [RenderUtil.cc:2529] Create scene [scene]
(2023-04-19T21:27:54.64497476) (2023-04-19T21:27:54.64513196) [Dbg] [Sensors.cc:254] Rendering Thread initialized
(2023-04-19T21:27:54.68824325) (2023-04-19T21:27:54.68833795) [Wrn] [Ogre2Heightmap.cc:125] Heightmap final sampling should be 2^n
 which differs from ogre1's 2^n+1
The last row and column will be cropped
size = (width * sampling) - sampling + 1
[257] = ([257] * [1]) - [1] + 1
(2023-04-19T21:27:54.74870425) (2023-04-19T21:27:54.74889905) [Msg] Loading heightmap: scene::Heightmap(65478)
(2023-04-19T21:27:54.74935655) (2023-04-19T21:27:54.74949305) [Msg] Heightmap loaded. Process took 0 ms.
(2023-04-19T21:27:57.689683052) (2023-04-19T21:27:57.689700462) [Dbg] [Ogre2ParticleEmitter.cc:514] Particle emitter initialized
(2023-04-19T21:27:57.689889202) (2023-04-19T21:27:57.689903742) [Dbg] [Ogre2ParticleEmitter.cc:514] Particle emitter initialized
(2023-04-19T21:27:57.690114632) (2023-04-19T21:27:57.690130302) [Dbg] [Ogre2ParticleEmitter.cc:514] Particle emitter initialized
(2023-04-19T21:27:58.248294519) (2023-04-19T21:27:58.248313679) [Dbg] [Ogre2ParticleEmitter.cc:514] Particle emitter initialized
(2023-04-19T21:27:58.248553549) (2023-04-19T21:27:58.248566549) [Dbg] [Ogre2ParticleEmitter.cc:514] Particle emitter initialized
(2023-04-19T21:27:58.248693070) (2023-04-19T21:27:58.248704460) [Dbg] [Ogre2ParticleEmitter.cc:514] Particle emitter initialized
(2023-04-19T21:27:58.265070050) (2023-04-19T21:27:58.265086320) [Dbg] [Lidar.cc:122] Laser scans for [usv::sensor_6::sensor_link::lidar] advertised on [world/simple_demo/model/usv/model/sensor_6/link/sensor_link/sensor/lidar/scan]
(2023-04-19T21:27:58.265403370) (2023-04-19T21:27:58.265419030) [Dbg] [GpuLidarSensor.cc:164] Lidar points for [usv::sensor_6::sensor_link::lidar] advertised on [world/simple_demo/model/usv/model/sensor_6/link/sensor_link/sensor/lidar/scan/points]
(2023-04-19T21:27:58.265701051) (2023-04-19T21:27:58.265711411) [Msg] Loading plugin [ignition-rendering-ogre2]
(2023-04-19T21:27:58.407480297) (2023-04-19T21:27:58.407507007) [Dbg] [EntityComponentManager.cc:1587] Updated state thread iterators: 24 threads processing around 10 entities each.
(2023-04-19T21:28:07.465351562) (2023-04-19T21:28:07.465380152) [Msg] Scoring has Started
(2023-04-19T21:28:07.465738033) (2023-04-19T21:28:07.465753353) [Err] [GameLogicPlugin.cc:2121] Invalid configuration detected: 
[usv] Initial Position (10 40 0.299843) is not in the starting area -15 -15 -5 15 15 5
(2023-04-19T21:32:23.620664522) (2023-04-19T21:32:23.620685582) [Dbg] [SignalHandler.cc:141] Received signal[2].
(2023-04-19T21:32:23.620754003) (2023-04-19T21:32:23.620799413) [Dbg] [ServerPrivate.cc:110] Server received signal[2]
(2023-04-19T21:32:23.620849223) (2023-04-19T21:32:23.620861374) [Dbg] [Sensors.cc:406] SensorsPrivate::Stop
(2023-04-19T21:32:23.624344607) (2023-04-19T21:32:23.624368917) [Dbg] [Sensors.cc:392] SensorsPrivate::RenderThread stopped
(2023-04-19T21:32:23.629326679) (2023-04-19T21:32:23.629342600) [Dbg] [ign.cc:410] Shutting down ign-gazebo-server
(((((2023-04-19T21:32:23.632232279) (2023-04-19T21:32:23.632254049) ((2023-04-19T21:32:23.632284779) (2023-04-19T21:32:23.632316479) ((2023-04-19T21:32:23.632353299) (2023-04-19T21:32:23.6323751502023-04-19T21:32:23.632375150(2023-04-19T21:32:23.632392910) (2023-04-19T21:32:23.632417910) ((((2023-04-19T21:32:23.6325255412023-04-19T21:32:23.6322096882023-04-19T21:32:23.632556751) (2023-04-19T21:32:23.632584031) (2023-04-19T21:32:23.6324579002023-04-19T21:32:23.632624651) (2023-04-19T21:32:23.632648401) (2023-04-19T21:32:23.632684282) (2023-04-19T21:32:23.632704812) 2023-04-19T21:32:23.632753592) (2023-04-19T21:32:23.632784702) ) (2023-04-19T21:32:23.632828033) ) ) ((2023-04-19T21:32:23.632875833) ) (2023-04-19T21:32:23.632920933) ) (2023-04-19T21:32:23.6329640932023-04-19T21:32:23.632964093) (2023-04-19T21:32:23.633012054) (2023-04-19T21:32:23.633043034) ) (2023-04-19T21:32:23.632153648) (2023-04-19T21:32:23.633107384) [Dbg] [SimulationRunner.cc:518] 2023-04-19T21:32:23.633127205[Dbg] [SimulationRunner.cc:518] 2023-04-19T21:32:23.633127205) (2023-04-19T21:32:23.633158635) 2023-04-19T21:32:23.633079404) 2023-04-19T21:32:23.633201115) () ) ((2023-04-19T21:32:23.633291716) ) (2023-04-19T21:32:23.6333269462023-04-19T21:32:23.633326946[Dbg] [SimulationRunner.cc:518] [Dbg] [SimulationRunner.cc:518] 2023-04-19T21:32:23.633278096) 2023-04-19T21:32:23.633018224) ((2023-04-19T21:32:23.6334118762023-04-19T21:32:23.633428027) ) 20)
[Dbg] [SimulationRunner.cc:518] Exiting postupdate worker thread (1[Dbg] [SimulationRunner.cc:518] )
Exiting postupdate worker thread (Exiting postupdate worker thread (5)
Exiting postupdate worker thread (3))[Dbg] [SimulationRunner.cc:518] Exiting postupdate worker thread (15)
[Dbg] [SimulationRunner.cc:518] Exiting postupdate worker thread (4)
[Dbg] [SimulationRunner.cc:518] Exiting postupdate worker thread (10)
Exiting postupdate worker thread (18)
Exiting postupdate worker thread (Exiting postupdate worker thread ([Dbg] [SimulationRunner.cc:518] 8[Dbg] [SimulationRunner.cc:518] )Exiting postupdate worker thread ([Dbg] [SimulationRunner.cc:518] Exiting postupdate worker thread ([Dbg] [SimulationRunner.cc:518] )
Exiting postupdate worker thread ([Dbg] [SimulationRunner.cc:518] 819[Dbg] [SimulationRunner.cc:518] Exiting postupdate worker thread (2)
Exiting postupdate worker thread (16[Dbg] [SimulationRunner.cc:518] )

[Dbg] [SimulationRunner.cc:518] Exiting postupdate worker thread ([Dbg] [SimulationRunner.cc:518] Exiting postupdate worker thread (17)

19[Dbg] [SimulationRunner.cc:518] Exiting postupdate worker thread (Exiting postupdate worker thread (0)
96)
Exiting postupdate worker thread (7)
))

12Exiting postupdate worker thread (12Exiting postupdate worker thread ()
11)
)
(2023-04-19T21:32:23.671446319) (2023-04-19T21:32:23.671464570) [Dbg] [Sensors.cc:406] SensorsPrivate::Stop
(2023-04-19T21:32:23.691691453) (2023-04-19T21:32:23.691719213) [Msg] Stopping recording
(2023-04-19T21:32:23.765913455) (2023-04-19T21:32:23.765930145) [Msg] Scoring has finished. Elapsed real time: 256 seconds. Elapsed sim time: 244 seconds. 
