(2023-02-28T23:25:18.580927004) (2023-02-28T23:25:18.580937544) [Msg] Ignition Gazebo Server v6.11.0
(2023-02-28T23:25:18.584499711) (2023-02-28T23:25:18.584513511) [Msg] Loading SDF world file[/home/developer/mbzirc_ws/install/share/mbzirc_ign/worlds/simple_demo.sdf].
(2023-02-28T23:25:18.907020449) (2023-02-28T23:25:18.907034898) [Msg] Serving entity system service on [/entity/system/add]
(2023-02-28T23:25:18.941901047) (2023-02-28T23:25:18.941915277) [Dbg] [Physics.cc:803] Loaded [ignition::physics::dartsim::Plugin] from library [/usr/lib/x86_64-linux-gnu/ign-physics-5/engine-plugins/libignition-physics-dartsim-plugin.so]
(2023-02-28T23:25:18.941976126) (2023-02-28T23:25:18.941985676) [Dbg] [SystemManager.cc:58] Loaded system [ignition::gazebo::systems::Physics] for entity [1]
(2023-02-28T23:25:18.943559487) (2023-02-28T23:25:18.943570087) [Msg] Create service on [/world/simple_demo/create]
(2023-02-28T23:25:18.943682346) (2023-02-28T23:25:18.943692596) [Msg] Remove service on [/world/simple_demo/remove]
(2023-02-28T23:25:18.943806165) (2023-02-28T23:25:18.943816675) [Msg] Pose service on [/world/simple_demo/set_pose]
(2023-02-28T23:25:18.943913035) (2023-02-28T23:25:18.943927824) [Msg] Pose service on [/world/simple_demo/set_pose_vector]
(2023-02-28T23:25:18.944069074) (2023-02-28T23:25:18.944079464) [Msg] Light configuration service on [/world/simple_demo/light_config]
(2023-02-28T23:25:18.944242293) (2023-02-28T23:25:18.944253982) [Msg] Physics service on [/world/simple_demo/set_physics]
(2023-02-28T23:25:18.944352562) (2023-02-28T23:25:18.944365392) [Msg] SphericalCoordinates service on [/world/simple_demo/set_spherical_coordinates]
(2023-02-28T23:25:18.944457261) (2023-02-28T23:25:18.944467871) [Msg] Enable collision service on [/world/simple_demo/enable_collision]
(2023-02-28T23:25:18.944545981) (2023-02-28T23:25:18.944560931) [Msg] Disable collision service on [/world/simple_demo/disable_collision]
(2023-02-28T23:25:18.944708010) (2023-02-28T23:25:18.944720469) [Msg] Material service on [/world/simple_demo/visual_config]
(2023-02-28T23:25:18.944823479) (2023-02-28T23:25:18.944835539) [Msg] Material service on [/world/simple_demo/wheel_slip]
(2023-02-28T23:25:18.944876548) (2023-02-28T23:25:18.944885738) [Dbg] [SystemManager.cc:58] Loaded system [ignition::gazebo::systems::UserCommands] for entity [1]
(2023-02-28T23:25:18.963836788) (2023-02-28T23:25:18.963846538) [Dbg] [Sensors.cc:479] Configuring Sensors system
(2023-02-28T23:25:18.963911158) (2023-02-28T23:25:18.963921817) [Dbg] [Sensors.cc:398] SensorsPrivate::Run
(2023-02-28T23:25:18.963995537) (2023-02-28T23:25:18.964003817) [Dbg] [SystemManager.cc:58] Loaded system [ignition::gazebo::systems::Sensors] for entity [1](
2023-02-28T23:25:18.964042527) (2023-02-28T23:25:18.964099616) [Dbg] [Sensors.cc:378] SensorsPrivate::RenderThread started
(2023-02-28T23:25:18.964169916) (2023-02-28T23:25:18.964197846) [Dbg] [Sensors.cc:228] Waiting for init
(2023-02-28T23:25:18.965449488) (2023-02-28T23:25:18.965459428) [Dbg] [SystemManager.cc:58] Loaded system [ignition::gazebo::systems::AirPressure] for entity [1]
(2023-02-28T23:25:18.966866208) (2023-02-28T23:25:18.966876628) [Dbg] [SystemManager.cc:58] Loaded system [ignition::gazebo::systems::Altimeter] for entity [1]
(2023-02-28T23:25:18.968297269) (2023-02-28T23:25:18.968309009) [Dbg] [SystemManager.cc:58] Loaded system [ignition::gazebo::systems::Imu] for entity [1]
(2023-02-28T23:25:18.969727810) (2023-02-28T23:25:18.969737780) [Dbg] [SystemManager.cc:58] Loaded system [ignition::gazebo::systems::Magnetometer] for entity [1]
(2023-02-28T23:25:18.971173770) (2023-02-28T23:25:18.971183570) [Dbg] [SystemManager.cc:58] Loaded system [ignition::gazebo::systems::ForceTorque] for entity [1]
(2023-02-28T23:25:18.972217223) (2023-02-28T23:25:18.972228383) [Msg] Serving particle emitter information on [/world/simple_demo/particle_emitters]
(2023-02-28T23:25:18.972276253) (2023-02-28T23:25:18.972285933) [Dbg] [SystemManager.cc:58] Loaded system [ignition::gazebo::systems::ParticleEmitter2] for entity [1]
(2023-02-28T23:25:18.973608155) (2023-02-28T23:25:18.973625695) [Dbg] [SystemManager.cc:58] Loaded system [ignition::gazebo::systems::SceneBroadcaster] for entity [1]
(2023-02-28T23:25:18.974523859) (2023-02-28T23:25:18.974533999) [Dbg] [SystemManager.cc:58] Loaded system [ignition::gazebo::systems::Contact] for entity [1]
(2023-02-28T23:25:18.975540753) (2023-02-28T23:25:18.975550783) [Dbg] [RFComms.cc:385] Range configuration:
RF Configuration (range-based)
-- max_range: 500000
-- fading_exponent: 2.6
-- l0: 40
-- sigma: 10

(2023-02-28T23:25:18.975640963) (2023-02-28T23:25:18.975649653) [Dbg] [RFComms.cc:388] Radio configuration:
Radio Configuration
-- capacity: 1e+06
-- tx_power: 25
-- noise_floor: -90
-- modulation: QPSK

(2023-02-28T23:25:18.975871401) (2023-02-28T23:25:18.975881561) [Dbg] [Broker.cc:113] Broker services:
(2023-02-28T23:25:18.975904791) (2023-02-28T23:25:18.975914221) [Dbg] [Broker.cc:114]   Bind: [/broker/bind]
(2023-02-28T23:25:18.975944161) (2023-02-28T23:25:18.975953031) [Dbg] [Broker.cc:115]   Unbind: [/broker/unbind]
(2023-02-28T23:25:18.975982601) (2023-02-28T23:25:18.975991760) [Dbg] [Broker.cc:116] Broker topics:
(2023-02-28T23:25:18.976012830) (2023-02-28T23:25:18.976022340) [Dbg] [Broker.cc:117]   Incoming messages: [/broker/msgs]
(2023-02-28T23:25:18.976054650) (2023-02-28T23:25:18.976063540) [Dbg] [SystemManager.cc:58] Loaded system [ignition::gazebo::systems::RFComms] for entity [1]
(2023-02-28T23:25:18.978151357) (2023-02-28T23:25:18.978161266) [Dbg] [RFRange.cc:339] RFRange sensor range configuration:
RF Configuration (range-based)
-- max_range: 500000
-- fading_exponent: 2.6
-- l0: 40
-- sigma: 0.005
-- rssi_1: -15

(2023-02-28T23:25:18.978264436) (2023-02-28T23:25:18.978272806) [Dbg] [RFRange.cc:342] RFRange sensor radio configuration:
Radio Configuration
-- tx_power: 25
-- noise_floor: -90

(2023-02-28T23:25:18.978345455) (2023-02-28T23:25:18.978355485) [Dbg] [SystemManager.cc:58] Loaded system [ignition::gazebo::systems::RFRange] for entity [1]
(2023-02-28T23:25:18.981726264) (2023-02-28T23:25:18.981737134) [Msg] Overwriting existing file [/tmp/ign/mbzirc/playback/state.tlog]
(2023-02-28T23:25:19.46348433) (2023-02-28T23:25:19.46367583) [Msg] Recording to log file [/tmp/ign/mbzirc/playback/state.tlog]
(2023-02-28T23:25:19.46419532) (2023-02-28T23:25:19.46428652) [Dbg] [LogRecord.cc:334] Recording default topic[/playback/sdf].
(2023-02-28T23:25:19.46455892) (2023-02-28T23:25:19.46464802) [Dbg] [LogRecord.cc:335] Recording default topic[/world/simple_demo/changed_state].
(2023-02-28T23:25:19.78128260) (2023-02-28T23:25:19.78149460) [Dbg] [SystemManager.cc:58] Loaded system [ignition::gazebo::systems::LogRecord] for entity [1]
(2023-02-28T23:25:19.80906022) (2023-02-28T23:25:19.80933872) [Dbg] [SystemManager.cc:58] Loaded system [ignition::gazebo::systems::WindEffects] for entity [1]
(2023-02-28T23:25:19.85793021) (2023-02-28T23:25:19.85804611) [Msg] MBZIRC log path: /tmp/ign/mbzirc/logs
(2023-02-28T23:25:19.86069240) (2023-02-28T23:25:19.86078380) [Msg] Run duration set to 3600 seconds.
(2023-02-28T23:25:19.86134109) (2023-02-28T23:25:19.86143539) [Msg] Geofence boundary min: -70 -70 -25, max: 70 70 121.92
(2023-02-28T23:25:19.86226799) (2023-02-28T23:25:19.86236319) [Msg] Start area boundary min: -15 -15 -5, max: 15 15 5
(2023-02-28T23:25:19.86305668) (2023-02-28T23:25:19.86314218) [Msg] Setup duration set to 600 seconds.
(2023-02-28T23:25:19.86343068) (2023-02-28T23:25:19.86351248) [Msg] Target vessel: Vessel A
(2023-02-28T23:25:19.86399337) (2023-02-28T23:25:19.86407677) [Msg]   Small object: small_blue_box_a
(2023-02-28T23:25:19.86433147) (2023-02-28T23:25:19.86442137) [Msg]   Small object: small_blue_box_a_duplicate
(2023-02-28T23:25:19.86467617) (2023-02-28T23:25:19.86475387) [Msg]   Large object: large_dry_box_a
(2023-02-28T23:25:19.86501077) (2023-02-28T23:25:19.86510527) [Msg]   Large object: large_dry_box_a_duplicate
(2023-02-28T23:25:19.87645759) (2023-02-28T23:25:19.87661949) [Msg] Starting MBZIRC
(2023-02-28T23:25:19.87792898) (2023-02-28T23:25:19.87803028) [Dbg] [SystemManager.cc:58] Loaded system [mbzirc::GameLogicPlugin] for entity [1]
(2023-02-28T23:25:19.92941577) (2023-02-28T23:25:19.92951706) [Msg] Using Pierson-Moskowitz spectrum sampling wavefield model 
(2023-02-28T23:25:19.93201555) (2023-02-28T23:25:19.93211015) [Msg] Using Pierson-Moskowitz spectrum sampling wavefield model 
(2023-02-28T23:25:19.480283109) (2023-02-28T23:25:19.480303269) [Msg] Input Parameters:
(2023-02-28T23:25:19.480347139) (2023-02-28T23:25:19.480364489) [Msg] model:     PMS
(2023-02-28T23:25:19.480425179) (2023-02-28T23:25:19.480442788) [Msg] number:     3
(2023-02-28T23:25:19.480491508) (2023-02-28T23:25:19.480509528) [Msg] scale:      1.1
(2023-02-28T23:25:19.480562488) (2023-02-28T23:25:19.480580128) [Msg] angle:      0.4
(2023-02-28T23:25:19.480629197) (2023-02-28T23:25:19.480647397) [Msg] steepness:  0
(2023-02-28T23:25:19.480695377) (2023-02-28T23:25:19.480713567) [Msg] amplitude:  0
(2023-02-28T23:25:19.480759796) (2023-02-28T23:25:19.480777186) [Msg] period:     5
(2023-02-28T23:25:19.480827276) (2023-02-28T23:25:19.480843696) [Msg] direction:  1 0
(2023-02-28T23:25:19.480914026) (2023-02-28T23:25:19.480931405) [Msg] tau:  2
(2023-02-28T23:25:19.480979705) (2023-02-28T23:25:19.480996815) [Msg] gain:  0.3
(2023-02-28T23:25:19.481045375) (2023-02-28T23:25:19.481062715) [Msg] Derived Parameters:
(2023-02-28T23:25:19.481103604) (2023-02-28T23:25:19.481121354) [Msg] amplitudes:  0.0363502, 0.0392277, 0.0385703, 
(2023-02-28T23:25:19.481228904) (2023-02-28T23:25:19.481246164) [Msg] wavenumbers: 0.133171, 0.161136, 0.194975, 
(2023-02-28T23:25:19.481332943) (2023-02-28T23:25:19.481350933) [Msg] omegas:      1.1424, 1.25664, 1.3823, 
(2023-02-28T23:25:19.481435442) (2023-02-28T23:25:19.481453252) [Msg] periods:     (2023-02-28T23:25:19.481495042) (2023-02-28T23:25:19.481511952) [Msg] 5.5, (2023-02-28T23:25:19.481556712) (2023-02-28T23:25:19.481573492) [Msg] 5, (2023-02-28T23:25:19.481613711) (2023-02-28T23:25:19.481631631) [Msg] 4.54545, (2023-02-28T23:25:19.481671911) (2023-02-28T23:25:19.481689631) [Msg] 
(2023-02-28T23:25:19.481723511) (2023-02-28T23:25:19.481740901) [Msg] phases:      0, 0, 0, 
(2023-02-28T23:25:19.481826500) (2023-02-28T23:25:19.481843280) [Msg] steepnesses: 0, 0, 0, 
(2023-02-28T23:25:19.481926459) (2023-02-28T23:25:19.481943699) [Msg] directions:  (2023-02-28T23:25:19.481982569) (2023-02-28T23:25:19.482000579) [Msg] 0.921061 -0.389418; (2023-02-28T23:25:19.482058119) (2023-02-28T23:25:19.482074828) [Msg] 1 0; (2023-02-28T23:25:19.482129368) (2023-02-28T23:25:19.482146758) [Msg] 0.921061 0.389418; (2023-02-28T23:25:19.482202218) (2023-02-28T23:25:19.482219398) [Msg] 
(2023-02-28T23:25:19.482808234) (2023-02-28T23:25:19.482827024) [Dbg] [SystemManager.cc:58] Loaded system [ignition::gazebo::systems::WaveVisual] for entity [23]
(2023-02-28T23:25:19.487412475) (2023-02-28T23:25:19.487437475) [Msg] Using Pierson-Moskowitz spectrum sampling wavefield model 
(2023-02-28T23:25:19.487822252) (2023-02-28T23:25:19.487845342) [Msg] Using Pierson-Moskowitz spectrum sampling wavefield model 
(2023-02-28T23:25:19.487935431) (2023-02-28T23:25:19.487955681) [Msg] Input Parameters:
(2023-02-28T23:25:19.488004021) (2023-02-28T23:25:19.488024861) [Msg] model:     PMS
(2023-02-28T23:25:19.488079590) (2023-02-28T23:25:19.488098860) [Msg] number:     3
(2023-02-28T23:25:19.488152980) (2023-02-28T23:25:19.488173020) [Msg] scale:      1.1
(2023-02-28T23:25:19.488230949) (2023-02-28T23:25:19.488250219) [Msg] angle:      0.4
(2023-02-28T23:25:19.488307079) (2023-02-28T23:25:19.488328609) [Msg] steepness:  0
(2023-02-28T23:25:19.488386848) (2023-02-28T23:25:19.488434318) [Msg] amplitude:  0
(2023-02-28T23:25:19.488491838) (2023-02-28T23:25:19.488513887) [Msg] period:     5
(2023-02-28T23:25:19.488570307) (2023-02-28T23:25:19.488590887) [Msg] direction:  1 0
(2023-02-28T23:25:19.488666586) (2023-02-28T23:25:19.488687706) [Msg] tau:  2
(2023-02-28T23:25:19.488744546) (2023-02-28T23:25:19.488765776) [Msg] gain:  0.3
(2023-02-28T23:25:19.488823855) (2023-02-28T23:25:19.488844655) [Msg] Derived Parameters:
(2023-02-28T23:25:19.488897095) (2023-02-28T23:25:19.488928025) [Msg] amplitudes:  0.0363502, 0.0392277, 0.0385703, 
(2023-02-28T23:25:19.489030914) (2023-02-28T23:25:19.489051434) [Msg] wavenumbers: 0.133171, 0.161136, 0.194975, 
(2023-02-28T23:25:19.489151193) (2023-02-28T23:25:19.489179893) [Msg] omegas:      1.1424, 1.25664, 1.3823, 
(2023-02-28T23:25:19.489316292) (2023-02-28T23:25:19.489343502) [Msg] periods:     (2023-02-28T23:25:19.489390362) (2023-02-28T23:25:19.489414572) [Msg] 5.5, (2023-02-28T23:25:19.489464741) (2023-02-28T23:25:19.489476861) [Msg] 5, (2023-02-28T23:25:19.489500651) (2023-02-28T23:25:19.489509441) [Msg] 4.54545, (2023-02-28T23:25:19.489532691) (2023-02-28T23:25:19.489541811) [Msg] 
(2023-02-28T23:25:19.489560411) (2023-02-28T23:25:19.489569331) [Msg] phases:      0, 0, 0, 
(2023-02-28T23:25:19.489619480) (2023-02-28T23:25:19.489630370) [Msg] steepnesses: 0, 0, 0, 
(2023-02-28T23:25:19.489684850) (2023-02-28T23:25:19.489695970) [Msg] directions:  (2023-02-28T23:25:19.489715920) (2023-02-28T23:25:19.489728790) [Msg] 0.921061 -0.389418; (2023-02-28T23:25:19.489767339) (2023-02-28T23:25:19.489777119) [Msg] 1 0; (2023-02-28T23:25:19.489811559) (2023-02-28T23:25:19.489824069) [Msg] 0.921061 0.389418; (2023-02-28T23:25:19.489857839) (2023-02-28T23:25:19.489867339) [Msg] 
(2023-02-28T23:25:19.489909308) (2023-02-28T23:25:19.489920938) [Dbg] [Surface.cc:161] Surface plugin successfully configured with the following parameters:
(2023-02-28T23:25:19.489953968) (2023-02-28T23:25:19.489963378) [Dbg] [Surface.cc:163]   <link_name>: link
(2023-02-28T23:25:19.489993648) (2023-02-28T23:25:19.490003178) [Dbg] [Surface.cc:164]   <vehicle_length>: 6
(2023-02-28T23:25:19.490036238) (2023-02-28T23:25:19.490044887) [Dbg] [Surface.cc:165]   <vehicle_width>: 3.3
(2023-02-28T23:25:19.490074987) (2023-02-28T23:25:19.490084317) [Dbg] [Surface.cc:166]   <hull_radius>: 1.9
(2023-02-28T23:25:19.490115637) (2023-02-28T23:25:19.490126297) [Dbg] [Surface.cc:167]   <num_samples>: 2
(2023-02-28T23:25:19.490155207) (2023-02-28T23:25:19.490164507) [Dbg] [Surface.cc:168]   <fluid_level>: 0.45
(2023-02-28T23:25:19.490192347) (2023-02-28T23:25:19.490204766) [Dbg] [Surface.cc:169]   <fluid_density>: 997.774
(2023-02-28T23:25:19.490249906) (2023-02-28T23:25:19.490258826) [Dbg] [SystemManager.cc:58] Loaded system [ignition::gazebo::systems::Surface] for entity [24]
(2023-02-28T23:25:19.492005905) (2023-02-28T23:25:19.492017045) [Dbg] [SimpleHydrodynamics.cc:167] SimpleHydrodynamics plugin successfully configured with the following parameters:
(2023-02-28T23:25:19.492044554) (2023-02-28T23:25:19.492052864) [Dbg] [SimpleHydrodynamics.cc:169]   <link_name>: link
(2023-02-28T23:25:19.492078224) (2023-02-28T23:25:19.492085984) [Dbg] [SimpleHydrodynamics.cc:170]   <xDotU>: 0
(2023-02-28T23:25:19.492112844) (2023-02-28T23:25:19.492121304) [Dbg] [SimpleHydrodynamics.cc:171]   <yDotV>: 0
(2023-02-28T23:25:19.492147524) (2023-02-28T23:25:19.492155964) [Dbg] [SimpleHydrodynamics.cc:172]   <zDotW>: 0.1
(2023-02-28T23:25:19.492179964) (2023-02-28T23:25:19.492188333) [Dbg] [SimpleHydrodynamics.cc:173]   <kDotP>: 0.1
(2023-02-28T23:25:19.492212293) (2023-02-28T23:25:19.492221203) [Dbg] [SimpleHydrodynamics.cc:174]   <mDotQ>: 0.1
(2023-02-28T23:25:19.492245463) (2023-02-28T23:25:19.492253883) [Dbg] [SimpleHydrodynamics.cc:175]   <nDotR>: 0
(2023-02-28T23:25:19.492279833) (2023-02-28T23:25:19.492288773) [Dbg] [SimpleHydrodynamics.cc:176]   <xU>: 510.3
(2023-02-28T23:25:19.492314763) (2023-02-28T23:25:19.492323393) [Dbg] [SimpleHydrodynamics.cc:177]   <xUU>: 720.4
(2023-02-28T23:25:19.492348642) (2023-02-28T23:25:19.492357442) [Dbg] [SimpleHydrodynamics.cc:178]   <yV>: 400
(2023-02-28T23:25:19.492384162) (2023-02-28T23:25:19.492394482) [Dbg] [SimpleHydrodynamics.cc:179]   <yVV>: 0
(2023-02-28T23:25:19.492434132) (2023-02-28T23:25:19.492445322) [Dbg] [SimpleHydrodynamics.cc:180]   <zW>: 5000
(2023-02-28T23:25:19.492471682) (2023-02-28T23:25:19.492480282) [Dbg] [SimpleHydrodynamics.cc:181]   <zWW>: 0
(2023-02-28T23:25:19.492511501) (2023-02-28T23:25:19.492522991) [Dbg] [SimpleHydrodynamics.cc:182]   <kP>: 500
(2023-02-28T23:25:19.492564941) (2023-02-28T23:25:19.492573871) [Dbg] [SimpleHydrodynamics.cc:183]   <kPP>: 0
(2023-02-28T23:25:19.492599831) (2023-02-28T23:25:19.492608651) [Dbg] [SimpleHydrodynamics.cc:184]   <mQ>: 500
(2023-02-28T23:25:19.492643261) (2023-02-28T23:25:19.492652771) [Dbg] [SimpleHydrodynamics.cc:185]   <mQQ>: 0
(2023-02-28T23:25:19.492677200) (2023-02-28T23:25:19.492685590) [Dbg] [SimpleHydrodynamics.cc:186]   <nR>: 15000
(2023-02-28T23:25:19.492715950) (2023-02-28T23:25:19.492725190) [Dbg] [SimpleHydrodynamics.cc:187]   <nRR>: 0
(2023-02-28T23:25:19.492753860) (2023-02-28T23:25:19.492762470) [Dbg] [SystemManager.cc:58] Loaded system [ignition::gazebo::systems::SimpleHydrodynamics] for entity [24]
(2023-02-28T23:25:19.494177121) (2023-02-28T23:25:19.494185991) [Dbg] [SystemManager.cc:58] Loaded system [ignition::gazebo::systems::DetachableJoint] for entity [28]
(2023-02-28T23:25:19.494659208) (2023-02-28T23:25:19.494670358) [Dbg] [SystemManager.cc:58] Loaded system [ignition::gazebo::systems::DetachableJoint] for entity [44]
(2023-02-28T23:25:19.495434454) (2023-02-28T23:25:19.495444754) [Dbg] [SystemManager.cc:58] Loaded system [ignition::gazebo::systems::DetachableJoint] for entity [60]
(2023-02-28T23:25:19.496185269) (2023-02-28T23:25:19.496195459) [Dbg] [SystemManager.cc:58] Loaded system [ignition::gazebo::systems::DetachableJoint] for entity [112]
(2023-02-28T23:25:19.497326852) (2023-02-28T23:25:19.497336842) [Dbg] [SystemManager.cc:58] Loaded system [ignition::gazebo::systems::CommsEndpoint] for entity [164]
(2023-02-28T23:25:19.497502231) (2023-02-28T23:25:19.497512831) [Dbg] [SystemManager.cc:58] Loaded system [ignition::gazebo::systems::CommsEndpoint] for entity [164]
(2023-02-28T23:25:19.498947461) (2023-02-28T23:25:19.498959211) [Dbg] [SystemManager.cc:58] Loaded system [mbzirc::BaseStation] for entity [164]
(2023-02-28T23:25:19.500693660) (2023-02-28T23:25:19.500704200) [Msg] EntityDetector publishing messages on [/mbzirc/target_object_detector/dropped]
(2023-02-28T23:25:19.500863809) (2023-02-28T23:25:19.500873539) [Dbg] [SystemManager.cc:58] Loaded system [mbzirc::EntityDetector] for entity [168]
(2023-02-28T23:25:19.500958258) (2023-02-28T23:25:19.500966508) [Msg] Loaded level [3]
(2023-02-28T23:25:19.501203056) (2023-02-28T23:25:19.501214736) [Msg] Serving world controls on [/world/simple_demo/control], [/world/simple_demo/control/state] and [/world/simple_demo/playback/control]
(2023-02-28T23:25:19.501336156) (2023-02-28T23:25:19.501348195) [Msg] Serving GUI information on [/world/simple_demo/gui/info]
(2023-02-28T23:25:19.501396255) (2023-02-28T23:25:19.501407995) [Msg] World [simple_demo] initialized with [4ms] physics profile.
(2023-02-28T23:25:19.501545464) (2023-02-28T23:25:19.501557334) [Msg] Serving world SDF generation service on [/world/simple_demo/generate_world_sdf]
(2023-02-28T23:25:19.501651553) (2023-02-28T23:25:19.501662143) [Msg] Serving world names on [/gazebo/worlds]
(2023-02-28T23:25:19.501733303) (2023-02-28T23:25:19.501743863) [Msg] Resource path add service on [/gazebo/resource_paths/add].
(2023-02-28T23:25:19.501818192) (2023-02-28T23:25:19.501829142) [Msg] Resource path get service on [/gazebo/resource_paths/get].
(2023-02-28T23:25:19.602048495) (2023-02-28T23:25:19.602067335) [Msg] Resource path resolve service on [/gazebo/resource_paths/resolve].
(2023-02-28T23:25:19.602218054) (2023-02-28T23:25:19.602242883) [Msg] Resource paths published on [/gazebo/resource_paths].
(2023-02-28T23:25:19.602459612) (2023-02-28T23:25:19.602479122) [Msg] Server control service on [/server_control].
(2023-02-28T23:25:19.602704961) (2023-02-28T23:25:19.602724571) [Msg] Found no publishers on /stats, adding root stats topic
(2023-02-28T23:25:19.602927429) (2023-02-28T23:25:19.602948789) [Msg] Found no publishers on /clock, adding root clock topic
(2023-02-28T23:25:19.603256007) (2023-02-28T23:25:19.603276567) [Dbg] [SimulationRunner.cc:491] Creating PostUpdate worker threads: 13
(2023-02-28T23:25:19.603332237) (2023-02-28T23:25:19.603349627) [Dbg] [SimulationRunner.cc:502] Creating postupdate worker thread (0)
(2023-02-28T23:25:19.603472726) (2023-02-28T23:25:19.603490076) [Dbg] [SimulationRunner.cc:502] Creating postupdate worker thread (1)
(2023-02-28T23:25:19.603604255) (2023-02-28T23:25:19.603622225) [Dbg] [SimulationRunner.cc:502] Creating postupdate worker thread (2)
(2023-02-28T23:25:19.603713495) (2023-02-28T23:25:19.603731674) [Dbg] [SimulationRunner.cc:502] Creating postupdate worker thread (3)
(2023-02-28T23:25:19.603820284) (2023-02-28T23:25:19.603837354) [Dbg] [SimulationRunner.cc:502] Creating postupdate worker thread (4)
(2023-02-28T23:25:19.603929873) (2023-02-28T23:25:19.603947903) [Dbg] [SimulationRunner.cc:502] Creating postupdate worker thread (5)
(2023-02-28T23:25:19.604035203) (2023-02-28T23:25:19.604054322) [Dbg] [SimulationRunner.cc:502] Creating postupdate worker thread (6)
(2023-02-28T23:25:19.604144392) (2023-02-28T23:25:19.604168552) [Dbg] [SimulationRunner.cc:502] Creating postupdate worker thread (7)
(2023-02-28T23:25:19.604279361) (2023-02-28T23:25:19.604302601) [Dbg] [SimulationRunner.cc:502] Creating postupdate worker thread (8)
(2023-02-28T23:25:19.604444830) (2023-02-28T23:25:19.604468150) [Dbg] [SimulationRunner.cc:502] Creating postupdate worker thread (9)
(2023-02-28T23:25:19.604593709) (2023-02-28T23:25:19.604617439) [Dbg] [SimulationRunner.cc:502] Creating postupdate worker thread (10)
(2023-02-28T23:25:19.604733968) (2023-02-28T23:25:19.604759098) [Dbg] [SimulationRunner.cc:502] Creating postupdate worker thread (11)
(2023-02-28T23:25:19.703542819) (2023-02-28T23:25:19.703562389) [Msg] Particle emitter[simple_demo::dust_storm::link::dust_storm] subscribed to command messages on topic[/model/dust_storm/link/link/particle_emitter/dust_storm/cmd]
(2023-02-28T23:25:19.703784067) (2023-02-28T23:25:19.703804207) [Msg] Particle emitter[simple_demo::fog::link::fog] subscribed to command messages on topic[/model/fog/link/link/particle_emitter/fog/cmd]
(2023-02-28T23:25:19.705675375) (2023-02-28T23:25:19.705696495) [Msg] DetachableJoint subscribing to messages on [/Vessel_A/detach]
(2023-02-28T23:25:19.705869944) (2023-02-28T23:25:19.705889554) [Msg] DetachableJoint subscribing to messages on [/Vessel_A/detach]
(2023-02-28T23:25:19.706055573) (2023-02-28T23:25:19.706076132) [Msg] DetachableJoint subscribing to messages on [/Vessel_A/detach]
(2023-02-28T23:25:19.706241521) (2023-02-28T23:25:19.706260541) [Msg] DetachableJoint subscribing to messages on [/Vessel_A/detach]
(2023-02-28T23:25:19.706483570) (2023-02-28T23:25:19.706504890) [Msg] Address [base_station/target] bound to model [base_station] on topic [base_station/target]
(2023-02-28T23:25:19.706594999) (2023-02-28T23:25:19.706612179) [Dbg] [CommsEndpoint.cc:89] Succesfuly bound to [base_station/target] on topic [base_station/target]
(2023-02-28T23:25:19.706770668) (2023-02-28T23:25:19.706791958) [Msg] Address [base_station/video] bound to model [base_station] on topic [base_station/video]
(2023-02-28T23:25:19.706873147) (2023-02-28T23:25:19.706888447) [Dbg] [CommsEndpoint.cc:89] Succesfuly bound to [base_station/video] on topic [base_station/video]
(2023-02-28T23:25:19.782577255) (2023-02-28T23:25:19.782590945) [Dbg] [Physics.cc:1593] Creating detachable joint [170]
(2023-02-28T23:25:19.782737664) (2023-02-28T23:25:19.782747054) [Dbg] [Physics.cc:1593] Creating detachable joint [171]
(2023-02-28T23:25:19.782859894) (2023-02-28T23:25:19.782868153) [Dbg] [Physics.cc:1593] Creating detachable joint [172]
(2023-02-28T23:25:19.783165162) (2023-02-28T23:25:19.783178321) [Dbg] [Physics.cc:1593] Creating detachable joint [173]
(2023-02-28T23:25:19.784446713) (2023-02-28T23:25:19.784461333) [Dbg] [SimulationFeatures.cc:63] Simulation timestep set to: 0.004
(2023-02-28T23:25:19.794322980) (2023-02-28T23:25:19.794343070) [Msg] Serving scene information on [/world/simple_demo/scene/info]
(2023-02-28T23:25:19.794467410) (2023-02-28T23:25:19.794481909) [Msg] Serving graph information on [/world/simple_demo/scene/graph]
(2023-02-28T23:25:19.794595359) (2023-02-28T23:25:19.794610079) [Msg] Serving full state on [/world/simple_demo/state]
(2023-02-28T23:25:19.794725588) (2023-02-28T23:25:19.794740328) [Msg] Serving full state (async) on [/world/simple_demo/state_async]
(2023-02-28T23:25:19.794866287) (2023-02-28T23:25:19.794882337) [Msg] Publishing scene information on [/world/simple_demo/scene/info]
(2023-02-28T23:25:19.795009076) (2023-02-28T23:25:19.795024866) [Msg] Publishing entity deletions on [/world/simple_demo/scene/deletion]
(2023-02-28T23:25:19.795118095) (2023-02-28T23:25:19.795133665) [Msg] Publishing state changes on [/world/simple_demo/state]
(2023-02-28T23:25:19.795238414) (2023-02-28T23:25:19.795253794) [Msg] Publishing pose messages on [/world/simple_demo/pose/info]
(2023-02-28T23:25:19.795360404) (2023-02-28T23:25:19.795374624) [Msg] Publishing dynamic pose messages on [/world/simple_demo/dynamic_pose/info]
(2023-02-28T23:25:19.795658662) (2023-02-28T23:25:19.795673202) [Dbg] [EntityComponentManager.cc:1587] Updated state thread iterators: 24 threads processing around 8 entities each.
(2023-02-28T23:25:19.796101429) (2023-02-28T23:25:19.796143089) (2023-02-28T23:25:19.796196018) (2023-02-28T23:25:19.796217718) [Wrn] [Model.hh:69] Skipping serialization / deserialization for models with //pose/@relative_to attribute.
[Wrn] [Model.hh:69] Skipping serialization / deserialization for models with //pose/@relative_to attribute.
(2023-02-28T23:25:19.796571746) (2023-02-28T23:25:19.796597136) [Wrn] [Component.hh:144] Trying to serialize component with data type [N3sdf3v125WorldE], which doesn't have `operator<<`. Component will not be serialized.
(2023-02-28T23:25:19.820448485) (2023-02-28T23:25:19.820471205) [Dbg] [EntityComponentManager.cc:1587] Updated state thread iterators: 24 threads processing around 8 entities each.
(2023-02-28T23:25:32.733916733) (2023-02-28T23:25:32.733931612) [Msg] Linear velocity initialized to [0 0 0]
(2023-02-28T23:25:32.734006772) (2023-02-28T23:25:32.734018882) [Msg] Angular velocity initialized to [0 0 0]
(2023-02-28T23:25:32.734232761) (2023-02-28T23:25:32.734246280) [Msg] VelocityControl subscribing to twist messages on [/model/usv/cmd_vel]
(2023-02-28T23:25:32.734296150) (2023-02-28T23:25:32.734309340) [Dbg] [SystemManager.cc:58] Loaded system [ignition::gazebo::systems::VelocityControl] for entity [174]
(2023-02-28T23:25:32.735346363) (2023-02-28T23:25:32.735360593) [Dbg] [OdometryPublisher.cc:191] OdometryPublisher system plugin missing <dimensions>, defaults to "2"
(2023-02-28T23:25:32.735528442) (2023-02-28T23:25:32.735541122) [Msg] OdometryPublisher publishing odometry on [/model/usv/odometry]
(2023-02-28T23:25:32.735654991) (2023-02-28T23:25:32.735667711) [Msg] OdometryPublisher publishing odometry with covariance on [/model/usv/odometry_with_covariance]
(2023-02-28T23:25:32.735766960) (2023-02-28T23:25:32.735778710) [Msg] OdometryPublisher publishing Pose_V (TF) on [/model/usv/pose]
(2023-02-28T23:25:32.735817060) (2023-02-28T23:25:32.735827690) [Dbg] [SystemManager.cc:58] Loaded system [ignition::gazebo::systems::OdometryPublisher] for entity [174]
(2023-02-28T23:25:32.737125912) (2023-02-28T23:25:32.737137532) [Msg] Thruster listening to commands in [/model/usv/joint/left_engine_propeller_joint/cmd_thrust]
(2023-02-28T23:25:32.737203141) (2023-02-28T23:25:32.737211151) [Dbg] [Thruster.cc:288] Using velocity control for propeller joint.
(2023-02-28T23:25:32.737235911) (2023-02-28T23:25:32.737244061) [Dbg] [SystemManager.cc:58] Loaded system [ignition::gazebo::systems::Thruster] for entity [174]
(2023-02-28T23:25:32.738330575) (2023-02-28T23:25:32.738342235) [Dbg] [JointPositionController.cc:205] [JointPositionController] system parameters:
(2023-02-28T23:25:32.738367964) (2023-02-28T23:25:32.738376164) [Dbg] [JointPositionController.cc:206] p_gain: [1]
(2023-02-28T23:25:32.738407934) (2023-02-28T23:25:32.738416934) [Dbg] [JointPositionController.cc:207] i_gain: [0.1]
(2023-02-28T23:25:32.738447884) (2023-02-28T23:25:32.738457124) [Dbg] [JointPositionController.cc:208] d_gain: [0.01]
(2023-02-28T23:25:32.738488414) (2023-02-28T23:25:32.738498134) [Dbg] [JointPositionController.cc:209] i_max: [1]
(2023-02-28T23:25:32.738535973) (2023-02-28T23:25:32.738545053) [Dbg] [JointPositionController.cc:210] i_min: [-1]
(2023-02-28T23:25:32.738575583) (2023-02-28T23:25:32.738584693) [Dbg] [JointPositionController.cc:211] cmd_max: [1000]
(2023-02-28T23:25:32.738615763) (2023-02-28T23:25:32.738625263) [Dbg] [JointPositionController.cc:212] cmd_min: [-1000]
(2023-02-28T23:25:32.738656483) (2023-02-28T23:25:32.738665743) [Dbg] [JointPositionController.cc:213] cmd_offset: [0]
(2023-02-28T23:25:32.738694042) (2023-02-28T23:25:32.738702972) [Dbg] [JointPositionController.cc:214] Topic: [usv/left/thruster/joint/cmd_pos]
(2023-02-28T23:25:32.738734022) (2023-02-28T23:25:32.738743312) [Dbg] [JointPositionController.cc:215] initial_position: [0]
(2023-02-28T23:25:32.738777972) (2023-02-28T23:25:32.738787732) [Dbg] [SystemManager.cc:58] Loaded system [ignition::gazebo::systems::JointPositionController] for entity [174]
(2023-02-28T23:25:32.739110300) (2023-02-28T23:25:32.739123390) [Msg] Thruster listening to commands in [/model/usv/joint/right_engine_propeller_joint/cmd_thrust]
(2023-02-28T23:25:32.739180459) (2023-02-28T23:25:32.739191189) [Dbg] [Thruster.cc:288] Using velocity control for propeller joint.
(2023-02-28T23:25:32.739221139) (2023-02-28T23:25:32.739231339) [Dbg] [SystemManager.cc:58] Loaded system [ignition::gazebo::systems::Thruster] for entity [174]
(2023-02-28T23:25:32.739504897) (2023-02-28T23:25:32.739517587) [Dbg] [JointPositionController.cc:205] [JointPositionController] system parameters:
(2023-02-28T23:25:32.739547297) (2023-02-28T23:25:32.739557907) [Dbg] [JointPositionController.cc:206] p_gain: [1]
(2023-02-28T23:25:32.739592777) (2023-02-28T23:25:32.739603837) [Dbg] [JointPositionController.cc:207] i_gain: [0.1]
(2023-02-28T23:25:32.739639737) (2023-02-28T23:25:32.739651107) [Dbg] [JointPositionController.cc:208] d_gain: [0.01]
(2023-02-28T23:25:32.739686056) (2023-02-28T23:25:32.739697386) [Dbg] [JointPositionController.cc:209] i_max: [1]
(2023-02-28T23:25:32.739731426) (2023-02-28T23:25:32.739742536) [Dbg] [JointPositionController.cc:210] i_min: [-1]
(2023-02-28T23:25:32.739777466) (2023-02-28T23:25:32.739788416) [Dbg] [JointPositionController.cc:211] cmd_max: [1000]
(2023-02-28T23:25:32.739822426) (2023-02-28T23:25:32.739835115) [Dbg] [JointPositionController.cc:212] cmd_min: [-1000]
(2023-02-28T23:25:32.739876345) (2023-02-28T23:25:32.739888515) [Dbg] [JointPositionController.cc:213] cmd_offset: [0]
(2023-02-28T23:25:32.739923355) (2023-02-28T23:25:32.739933355) [Dbg] [JointPositionController.cc:214] Topic: [usv/right/thruster/joint/cmd_pos]
(2023-02-28T23:25:32.739965495) (2023-02-28T23:25:32.739973945) [Dbg] [JointPositionController.cc:215] initial_position: [0]
(2023-02-28T23:25:32.740011174) (2023-02-28T23:25:32.740022364) [Dbg] [SystemManager.cc:58] Loaded system [ignition::gazebo::systems::JointPositionController] for entity [174]
(2023-02-28T23:25:32.740284843) (2023-02-28T23:25:32.740298523) [Msg] Using Pierson-Moskowitz spectrum sampling wavefield model 
(2023-02-28T23:25:32.740473452) (2023-02-28T23:25:32.740489201) [Msg] Using Pierson-Moskowitz spectrum sampling wavefield model 
(2023-02-28T23:25:32.740566881) (2023-02-28T23:25:32.740578101) [Msg] Input Parameters:
(2023-02-28T23:25:32.740602171) (2023-02-28T23:25:32.740615481) [Msg] model:     PMS
(2023-02-28T23:25:32.740648480) (2023-02-28T23:25:32.740659440) [Msg] number:     3
(2023-02-28T23:25:32.740687500) (2023-02-28T23:25:32.740699420) [Msg] scale:      1.1
(2023-02-28T23:25:32.740732070) (2023-02-28T23:25:32.740740840) [Msg] angle:      0.4
(2023-02-28T23:25:32.740776670) (2023-02-28T23:25:32.740788249) [Msg] steepness:  0
(2023-02-28T23:25:32.740823249) (2023-02-28T23:25:32.740834409) [Msg] amplitude:  0
(2023-02-28T23:25:32.740865169) (2023-02-28T23:25:32.740878569) [Msg] period:     5
(2023-02-28T23:25:32.740916239) (2023-02-28T23:25:32.740929769) [Msg] direction:  1 0
(2023-02-28T23:25:32.740980878) (2023-02-28T23:25:32.740994288) [Msg] tau:  2
(2023-02-28T23:25:32.741023698) (2023-02-28T23:25:32.741034478) [Msg] gain:  0.3
(2023-02-28T23:25:32.741072188) (2023-02-28T23:25:32.741082378) [Msg] Derived Parameters:
(2023-02-28T23:25:32.741104907) (2023-02-28T23:25:32.741116287) [Msg] amplitudes:  0.0363502, 0.0392277, 0.0385703, 
(2023-02-28T23:25:32.741167447) (2023-02-28T23:25:32.741177707) [Msg] wavenumbers: 0.133171, 0.161136, 0.194975, 
(2023-02-28T23:25:32.741232397) (2023-02-28T23:25:32.741243967) [Msg] omegas:      1.1424, 1.25664, 1.3823, 
(2023-02-28T23:25:32.741298826) (2023-02-28T23:25:32.741313236) [Msg] periods:     (2023-02-28T23:25:32.741334646) (2023-02-28T23:25:32.741344816) [Msg] 5.5, (2023-02-28T23:25:32.741370006) (2023-02-28T23:25:32.741381906) [Msg] 5, (2023-02-28T23:25:32.741412245) (2023-02-28T23:25:32.741425005) [Msg] 4.54545, (2023-02-28T23:25:32.741452335) (2023-02-28T23:25:32.741466365) [Msg] 
(2023-02-28T23:25:32.741491485) (2023-02-28T23:25:32.741504065) [Msg] phases:      0, 0, 0, 
(2023-02-28T23:25:32.741564764) (2023-02-28T23:25:32.741576294) [Msg] steepnesses: 0, 0, 0, 
(2023-02-28T23:25:32.741637894) (2023-02-28T23:25:32.741650144) [Msg] directions:  (2023-02-28T23:25:32.741672254) (2023-02-28T23:25:32.741683944) [Msg] 0.921061 -0.389418; (2023-02-28T23:25:32.741721673) (2023-02-28T23:25:32.741732833) [Msg] 1 0; (2023-02-28T23:25:32.741771883) (2023-02-28T23:25:32.741783053) [Msg] 0.921061 0.389418; (2023-02-28T23:25:32.741819263) (2023-02-28T23:25:32.741833353) [Msg] 
(2023-02-28T23:25:32.741867772) (2023-02-28T23:25:32.741880082) [Dbg] [Surface.cc:161] Surface plugin successfully configured with the following parameters:
(2023-02-28T23:25:32.741916972) (2023-02-28T23:25:32.741929052) [Dbg] [Surface.cc:163]   <link_name>: base_link
(2023-02-28T23:25:32.741963102) (2023-02-28T23:25:32.741974712) [Dbg] [Surface.cc:164]   <vehicle_length>: 6
(2023-02-28T23:25:32.742007932) (2023-02-28T23:25:32.742017371) [Dbg] [Surface.cc:165]   <vehicle_width>: 3.3
(2023-02-28T23:25:32.742046321) (2023-02-28T23:25:32.742057211) [Dbg] [Surface.cc:166]   <hull_radius>: 0.27
(2023-02-28T23:25:32.742085071) (2023-02-28T23:25:32.742094741) [Dbg] [Surface.cc:167]   <num_samples>: 2
(2023-02-28T23:25:32.742127301) (2023-02-28T23:25:32.742139501) [Dbg] [Surface.cc:168]   <fluid_level>: 0.45
(2023-02-28T23:25:32.742168070) (2023-02-28T23:25:32.742178800) [Dbg] [Surface.cc:169]   <fluid_density>: 997.774
(2023-02-28T23:25:32.742216730) (2023-02-28T23:25:32.742229060) [Dbg] [SystemManager.cc:58] Loaded system [ignition::gazebo::systems::Surface] for entity [174]
(2023-02-28T23:25:32.742584478) (2023-02-28T23:25:32.742597508) [Dbg] [SimpleHydrodynamics.cc:167] SimpleHydrodynamics plugin successfully configured with the following parameters:
(2023-02-28T23:25:32.742633947) (2023-02-28T23:25:32.742645747) [Dbg] [SimpleHydrodynamics.cc:169]   <link_name>: base_link
(2023-02-28T23:25:32.742681357) (2023-02-28T23:25:32.742692897) [Dbg] [SimpleHydrodynamics.cc:170]   <xDotU>: 0
(2023-02-28T23:25:32.742728947) (2023-02-28T23:25:32.742740547) [Dbg] [SimpleHydrodynamics.cc:171]   <yDotV>: 0
(2023-02-28T23:25:32.742776537) (2023-02-28T23:25:32.742787986) [Dbg] [SimpleHydrodynamics.cc:172]   <zDotW>: 0.1
(2023-02-28T23:25:32.742822336) (2023-02-28T23:25:32.742833976) [Dbg] [SimpleHydrodynamics.cc:173]   <kDotP>: 0.1
(2023-02-28T23:25:32.742870316) (2023-02-28T23:25:32.742881766) [Dbg] [SimpleHydrodynamics.cc:174]   <mDotQ>: 0.1
(2023-02-28T23:25:32.742917256) (2023-02-28T23:25:32.742930216) [Dbg] [SimpleHydrodynamics.cc:175]   <nDotR>: 0
(2023-02-28T23:25:32.742967025) (2023-02-28T23:25:32.742978285) [Dbg] [SimpleHydrodynamics.cc:176]   <xU>: 51.3
(2023-02-28T23:25:32.743011445) (2023-02-28T23:25:32.743023295) [Dbg] [SimpleHydrodynamics.cc:177]   <xUU>: 72.4
(2023-02-28T23:25:32.743060655) (2023-02-28T23:25:32.743072755) [Dbg] [SimpleHydrodynamics.cc:178]   <yV>: 40
(2023-02-28T23:25:32.743106824) (2023-02-28T23:25:32.743118694) [Dbg] [SimpleHydrodynamics.cc:179]   <yVV>: 0
(2023-02-28T23:25:32.743151694) (2023-02-28T23:25:32.743164454) [Dbg] [SimpleHydrodynamics.cc:180]   <zW>: 500
(2023-02-28T23:25:32.743204704) (2023-02-28T23:25:32.743221094) [Dbg] [SimpleHydrodynamics.cc:181]   <zWW>: 0
(2023-02-28T23:25:32.743253733) (2023-02-28T23:25:32.743263863) [Dbg] [SimpleHydrodynamics.cc:182]   <kP>: 100
(2023-02-28T23:25:32.743294773) (2023-02-28T23:25:32.743305453) [Dbg] [SimpleHydrodynamics.cc:183]   <kPP>: 0
(2023-02-28T23:25:32.743346513) (2023-02-28T23:25:32.743359853) [Dbg] [SimpleHydrodynamics.cc:184]   <mQ>: 100
(2023-02-28T23:25:32.743400752) (2023-02-28T23:25:32.743414352) [Dbg] [SimpleHydrodynamics.cc:185]   <mQQ>: 0
(2023-02-28T23:25:32.743449822) (2023-02-28T23:25:32.743461272) [Dbg] [SimpleHydrodynamics.cc:186]   <nR>: 400
(2023-02-28T23:25:32.743493192) (2023-02-28T23:25:32.743505732) [Dbg] [SimpleHydrodynamics.cc:187]   <nRR>: 0
(2023-02-28T23:25:32.743540872) (2023-02-28T23:25:32.743552631) [Dbg] [SystemManager.cc:58] Loaded system [ignition::gazebo::systems::SimpleHydrodynamics] for entity [174]
(2023-02-28T23:25:32.744868023) (2023-02-28T23:25:32.744880253) [Dbg] [SystemManager.cc:58] Loaded system [ignition::gazebo::systems::PosePublisher] for entity [174]
(2023-02-28T23:25:32.745154321) (2023-02-28T23:25:32.745166921) [Msg] EntityDetector publishing messages on [/mbzirc/target_object_detector/placed]
(2023-02-28T23:25:32.745337710) (2023-02-28T23:25:32.745349470) [Dbg] [SystemManager.cc:58] Loaded system [mbzirc::EntityDetector] for entity [174]
(2023-02-28T23:25:32.745590998) (2023-02-28T23:25:32.745601868) [Msg] EntityDetector publishing messages on [/mbzirc/target_object_detector/placed]
(2023-02-28T23:25:32.745753287) (2023-02-28T23:25:32.745767167) [Dbg] [SystemManager.cc:58] Loaded system [mbzirc::EntityDetector] for entity [174]
(2023-02-28T23:25:32.746014105) (2023-02-28T23:25:32.746026475) [Msg] EntityDetector publishing messages on [/mbzirc/target_object_detector/placed]
(2023-02-28T23:25:32.746185624) (2023-02-28T23:25:32.746199854) [Dbg] [SystemManager.cc:58] Loaded system [mbzirc::EntityDetector] for entity [174]
(2023-02-28T23:25:32.746486632) (2023-02-28T23:25:32.746498372) [Msg] EntityDetector publishing messages on [/mbzirc/target_object_detector/placed]
(2023-02-28T23:25:32.746684541) (2023-02-28T23:25:32.746696431) [Dbg] [SystemManager.cc:58] Loaded system [mbzirc::EntityDetector] for entity [174]
(2023-02-28T23:25:32.746915109) (2023-02-28T23:25:32.746925669) [Dbg] [SystemManager.cc:58] Loaded system [ignition::gazebo::systems::CommsEndpoint] for entity [174]
(2023-02-28T23:25:32.747391866) (2023-02-28T23:25:32.747404176) [Dbg] [UserCommands.cc:1303] Created entity [174] named [usv]
(2023-02-28T23:25:32.756342780) (2023-02-28T23:25:32.756380899) [Dbg] [Sensors.cc:584] Initialization needed
(2023-02-28T23:25:32.756462079) (2023-02-28T23:25:32.756475689) [Dbg] [Sensors.cc:240] Initializing render context
(2023-02-28T23:25:32.756582728) (2023-02-28T23:25:32.756595658) [Msg] Loading plugin [ignition-rendering-ogre2]
(2023-02-28T23:25:32.757014645) (2023-02-28T23:25:32.757038155) [Dbg] [ImuSensor.cc:148] IMU data for [usv::base_link::imu_sensor] advertised on [world/simple_demo/model/usv/link/base_link/sensor/imu_sensor/imu]
(2023-02-28T23:25:32.757146514) (2023-02-28T23:25:32.757169194) [Dbg] [GameLogicPlugin.cc:1991] New Competitor Platform: usv with 0sensors
(((((((((((((((((((((((((((2023-02-28T23:25:32.759883507) (2023-02-28T23:25:32.759910816) [Dbg] [SimulationRunner.cc:518] Exiting postupdate worker thread (9)
(2023-02-28T23:25:32.759991246) (2023-02-28T23:25:32.760016406) [Dbg] [SimulationRunner.cc:518] Exiting postupdate worker thread (11)
2023-02-28T23:25:32.760079085(2023-02-28T23:25:32.760085145) (2023-02-28T23:25:32.760122895) (2023-02-28T23:25:32.760143405(2023-02-28T23:25:32.7601434052023-02-28T23:25:32.760146015) (2023-02-28T23:25:32.760176785) ) (2023-02-28T23:25:32.760226574) (2023-02-28T23:25:32.760277734) (2023-02-28T23:25:32.760304484) ) 2023-02-28T23:25:32.760325504(2023-02-28T23:25:32.760354493) ) (2023-02-28T23:25:32.760404953) 2023-02-28T23:25:32.760148505) (2023-02-28T23:25:32.760454713) 2023-02-28T23:25:32.760259754Exiting postupdate worker thread (8)
2023-02-28T23:25:32.7602303742023-02-28T23:25:32.760230374) ([Dbg] [SimulationRunner.cc:518] [Dbg] [SimulationRunner.cc:518] [Dbg] [SimulationRunner.cc:518] Exiting postupdate worker thread (6)
) ) Exiting postupdate worker thread () Exiting postupdate worker thread () (2023-02-28T23:25:32.760676671) Exiting postupdate worker thread ([Dbg] [SimulationRunner.cc:518] [Dbg] [SimulationRunner.cc:518] 2023-02-28T23:25:32.760719771) (2023-02-28T23:25:32.760751521) Exiting postupdate worker thread ([Dbg] [SimulationRunner.cc:518] [Dbg] [SimulationRunner.cc:518] [Dbg] [SimulationRunner.cc:518] Exiting postupdate worker thread (10)
Exiting postupdate worker thread ([Dbg] [SimulationRunner.cc:518] [Dbg] [SimulationRunner.cc:518] [Dbg] [SimulationRunner.cc:518] Exiting postupdate worker thread (5Exiting postupdate worker thread ([Dbg] [SimulationRunner.cc:518] )
Exiting postupdate worker thread (Exiting postupdate worker thread (2)
4Exiting postupdate worker thread (
0)
Exiting postupdate worker thread (3)

1[Dbg] [SimulationRunner.cc:518] Exiting postupdate worker thread (7)
1)
(2023-02-28T23:25:32.761452376) (2023-02-28T23:25:32.761472576) [Dbg] [SimulationRunner.cc:491] Creating PostUpdate worker threads: 22
(2023-02-28T23:25:32.761530736) (2023-02-28T23:25:32.761549506) [Dbg] [SimulationRunner.cc:502] Creating postupdate worker thread (0)
(2023-02-28T23:25:32.761656815) (2023-02-28T23:25:32.761674135) [Dbg] [SimulationRunner.cc:502] Creating postupdate worker thread (1)
(2023-02-28T23:25:32.761758554) (2023-02-28T23:25:32.761776844) [Dbg] [SimulationRunner.cc:502] Creating postupdate worker thread (2)
(2023-02-28T23:25:32.761855194) (2023-02-28T23:25:32.761872224) [Dbg] [SimulationRunner.cc:502] Creating postupdate worker thread (3)
(2023-02-28T23:25:32.761947763) (2023-02-28T23:25:32.761966753) [Dbg] [SimulationRunner.cc:502] Creating postupdate worker thread (4)
(2023-02-28T23:25:32.762079512) (2023-02-28T23:25:32.762094602) [Dbg] [SimulationRunner.cc:502] Creating postupdate worker thread (5)
(2023-02-28T23:25:32.762185562) (2023-02-28T23:25:32.762203441) [Dbg] [SimulationRunner.cc:502] Creating postupdate worker thread (6)
(2023-02-28T23:25:32.762287061) (2023-02-28T23:25:32.762299841) [Dbg] [SimulationRunner.cc:502] Creating postupdate worker thread (7)
(2023-02-28T23:25:32.762370750) (2023-02-28T23:25:32.762385070) [Dbg] [SimulationRunner.cc:502] Creating postupdate worker thread (8)
(2023-02-28T23:25:32.762454850) (2023-02-28T23:25:32.762466810) [Dbg] [SimulationRunner.cc:502] Creating postupdate worker thread (9)
(2023-02-28T23:25:32.762536529) (2023-02-28T23:25:32.762550949) [Dbg] [SimulationRunner.cc:502] Creating postupdate worker thread (10)
(2023-02-28T23:25:32.762620359) (2023-02-28T23:25:32.762634869) [Dbg] [SimulationRunner.cc:502] Creating postupdate worker thread (11)
(2023-02-28T23:25:32.762705428) (2023-02-28T23:25:32.762718998) [Dbg] [SimulationRunner.cc:502] Creating postupdate worker thread (12)
(2023-02-28T23:25:32.762789918) (2023-02-28T23:25:32.762803607) [Dbg] [SimulationRunner.cc:502] Creating postupdate worker thread (13)
(2023-02-28T23:25:32.762872137) (2023-02-28T23:25:32.762886197) [Dbg] [SimulationRunner.cc:502] Creating postupdate worker thread (14)
(2023-02-28T23:25:32.762955896) (2023-02-28T23:25:32.762969336) [Dbg] [SimulationRunner.cc:502] Creating postupdate worker thread (15)
(2023-02-28T23:25:32.763039406) (2023-02-28T23:25:32.763054556) [Dbg] [SimulationRunner.cc:502] Creating postupdate worker thread (16)
(2023-02-28T23:25:32.763123155) (2023-02-28T23:25:32.763136685) [Dbg] [SimulationRunner.cc:502] Creating postupdate worker thread (17)
(2023-02-28T23:25:32.763224205) (2023-02-28T23:25:32.763240605) [Dbg] [SimulationRunner.cc:502] Creating postupdate worker thread (18)
(2023-02-28T23:25:32.763323434) (2023-02-28T23:25:32.763337814) [Dbg] [SimulationRunner.cc:502] Creating postupdate worker thread (19)
(2023-02-28T23:25:32.763414763) (2023-02-28T23:25:32.763431483) [Dbg] [SimulationRunner.cc:502] Creating postupdate worker thread (20)
(2023-02-28T23:25:32.764019040) (2023-02-28T23:25:32.764035849) [Msg] Address [usv] bound to model [usv] on topic [model/usv/rx]
(2023-02-28T23:25:32.764108699) (2023-02-28T23:25:32.764121339) [Dbg] [CommsEndpoint.cc:89] Succesfuly bound to [usv] on topic [model/usv/rx]
(2023-02-28T23:25:33.114203905) (2023-02-28T23:25:33.114217915) [Dbg] [RenderUtil.cc:2529] Create scene [scene]
(2023-02-28T23:25:33.162210397) (2023-02-28T23:25:33.162223717) [Dbg] [Sensors.cc:254] Rendering Thread initialized
(2023-02-28T23:25:33.166480379) (2023-02-28T23:25:33.166491989) [Wrn] [Ogre2Heightmap.cc:125] Heightmap final sampling should be 2^n
 which differs from ogre1's 2^n+1
The last row and column will be cropped
size = (width * sampling) - sampling + 1
[257] = ([257] * [1]) - [1] + 1
(2023-02-28T23:25:33.170882352) (2023-02-28T23:25:33.170898532) [Msg] Loading heightmap: scene::Heightmap(65478)
(2023-02-28T23:25:33.170940331) (2023-02-28T23:25:33.170952871) [Msg] Heightmap loaded. Process took 0 ms.
(2023-02-28T23:25:36.829446581) (2023-02-28T23:25:36.829460081) [Dbg] [Ogre2ParticleEmitter.cc:514] Particle emitter initialized
(2023-02-28T23:25:36.829596560) (2023-02-28T23:25:36.829606710) [Dbg] [Ogre2ParticleEmitter.cc:514] Particle emitter initialized
(2023-02-28T23:25:36.829776759) (2023-02-28T23:25:36.829786269) [Dbg] [Ogre2ParticleEmitter.cc:514] Particle emitter initialized
(2023-02-28T23:25:37.392466714) (2023-02-28T23:25:37.392480934) [Dbg] [Ogre2ParticleEmitter.cc:514] Particle emitter initialized
(2023-02-28T23:25:37.392652693) (2023-02-28T23:25:37.392661783) [Dbg] [Ogre2ParticleEmitter.cc:514] Particle emitter initialized
(2023-02-28T23:25:37.392786292) (2023-02-28T23:25:37.392795592) [Dbg] [Ogre2ParticleEmitter.cc:514] Particle emitter initialized
(2023-02-28T23:25:37.404050190) (2023-02-28T23:25:37.404069030) [Dbg] [Lidar.cc:122] Laser scans for [usv::sensor_6::sensor_link::lidar] advertised on [world/simple_demo/model/usv/model/sensor_6/link/sensor_link/sensor/lidar/scan]
(2023-02-28T23:25:37.404329258) (2023-02-28T23:25:37.404341808) [Dbg] [GpuLidarSensor.cc:164] Lidar points for [usv::sensor_6::sensor_link::lidar] advertised on [world/simple_demo/model/usv/model/sensor_6/link/sensor_link/sensor/lidar/scan/points]
(2023-02-28T23:25:37.404625147) (2023-02-28T23:25:37.404636966) [Msg] Loading plugin [ignition-rendering-ogre2]
(2023-02-28T23:25:37.539573119) (2023-02-28T23:25:37.539592979) [Dbg] [EntityComponentManager.cc:1587] Updated state thread iterators: 24 threads processing around 10 entities each.
(2023-02-28T23:27:45.244424821) (2023-02-28T23:27:45.244452041) [Msg] Scoring has Started
(2023-02-28T23:27:45.244761138) (2023-02-28T23:27:45.244779288) [Err] [GameLogicPlugin.cc:2121] Invalid configuration detected: 
[usv] Initial Position (10 40 0.299843) is not in the starting area -15 -15 -5 15 15 5
(2023-02-28T23:36:57.930584047) (2023-02-28T23:36:57.930604817) [Dbg] [SignalHandler.cc:141] Received signal[2].
(2023-02-28T23:36:57.930649947) (2023-02-28T23:36:57.930663097) [Dbg] [ServerPrivate.cc:110] Server received signal[2]
(2023-02-28T23:36:57.930702807) (2023-02-28T23:36:57.930716456) [Dbg] [Sensors.cc:406] SensorsPrivate::Stop
(2023-02-28T23:36:57.933425246) (2023-02-28T23:36:57.933446256) [Dbg] [Sensors.cc:392] SensorsPrivate::RenderThread stopped
(2023-02-28T23:36:57.937777422) (2023-02-28T23:36:57.937795482) [Dbg] [ign.cc:410] Shutting down ign-gazebo-server
(((((((((2023-02-28T23:36:57.940644581(2023-02-28T23:36:57.940644581((2023-02-28T23:36:57.940751800((2023-02-28T23:36:57.940794299) ((2023-02-28T23:36:57.940809279) ) 2023-02-28T23:36:57.940836769) ((2023-02-28T23:36:57.940869879) 2023-02-28T23:36:57.940722750) (2023-02-28T23:36:57.940917699) (2023-02-28T23:36:57.940959478) () (2023-02-28T23:36:57.940994138) [Dbg] [SimulationRunner.cc:518] (2023-02-28T23:36:57.941038138) (2023-02-28T23:36:57.941055607) 2023-02-28T23:36:57.941070077) (2023-02-28T23:36:57.9411089472023-02-28T23:36:57.941108947) ) (2023-02-28T23:36:57.941137297) 2023-02-28T23:36:57.941056727) (2023-02-28T23:36:57.941168977) 2023-02-28T23:36:57.941179606) (2023-02-28T23:36:57.941214786) 2023-02-28T23:36:57.941153687) (2023-02-28T23:36:57.941271866) ) (2023-02-28T23:36:57.9407794202023-02-28T23:36:57.941321955) 2023-02-28T23:36:57.941355415) (2023-02-28T23:36:57.941383935) ) (2023-02-28T23:36:57.941437404) 2023-02-28T23:36:57.941360195) (2023-02-28T23:36:57.941510384) 2023-02-28T23:36:57.941442564) (2023-02-28T23:36:57.941562523) (2023-02-28T23:36:57.941582133) (2023-02-28T23:36:57.941613623) 2023-02-28T23:36:57.940947748) (2023-02-28T23:36:57.941667803) [Dbg] [SimulationRunner.cc:518] [Dbg] [SimulationRunner.cc:518] ) (2023-02-28T23:36:57.941736992) Exiting postupdate worker thread (2023-02-28T23:36:57.941276936) (16)
2023-02-28T23:36:57.941813501) 2023-02-28T23:36:57.941742112[Dbg] [SimulationRunner.cc:518] ) (2023-02-28T23:36:57.941911701) 2023-02-28T23:36:57.941856981) [Dbg] [SimulationRunner.cc:518] [Dbg] [SimulationRunner.cc:518] [Dbg] [SimulationRunner.cc:518] [Dbg] [SimulationRunner.cc:518] [Dbg] [SimulationRunner.cc:518] Exiting postupdate worker thread (20)
[Dbg] [SimulationRunner.cc:518] [Dbg] [SimulationRunner.cc:518] Exiting postupdate worker thread (Exiting postupdate worker thread ([Dbg] [SimulationRunner.cc:518] Exiting postupdate worker thread ([Dbg] [SimulationRunner.cc:518] [Dbg] [SimulationRunner.cc:518] Exiting postupdate worker thread (Exiting postupdate worker thread (Exiting postupdate worker thread (18)
Exiting postupdate worker thread (9)
1414[Dbg] [SimulationRunner.cc:518] 12Exiting postupdate worker thread ()
10[Dbg] [SimulationRunner.cc:518] [Dbg] [SimulationRunner.cc:518] )Exiting postupdate worker thread (6)
[Dbg] [SimulationRunner.cc:518] [Dbg] [SimulationRunner.cc:518] [Dbg] [SimulationRunner.cc:518] [Dbg] [SimulationRunner.cc:518] [Dbg] [SimulationRunner.cc:518] [Dbg] [SimulationRunner.cc:518] [Dbg] [SimulationRunner.cc:518] Exiting postupdate worker thread (5Exiting postupdate worker thread (11)
[Dbg] [SimulationRunner.cc:518] Exiting postupdate worker thread (7)
Exiting postupdate worker thread (Exiting postupdate worker thread (2)
[Dbg] [SimulationRunner.cc:518] [Dbg] [SimulationRunner.cc:518] [Dbg] [SimulationRunner.cc:518] Exiting postupdate worker thread (Exiting postupdate worker thread (17)
Exiting postupdate worker thread (3)
Exiting postupdate worker thread ([Dbg] [SimulationRunner.cc:518] )
Exiting postupdate worker thread (0)

Exiting postupdate worker thread (8))Exiting postupdate worker thread (1)
Exiting postupdate worker thread (1315
[Dbg] [SimulationRunner.cc:518] [Dbg] [SimulationRunner.cc:518] 
44[Dbg] [SimulationRunner.cc:518] Exiting postupdate worker thread (19)

)
)
(2023-02-28T23:36:57.979362014) (2023-02-28T23:36:57.979375144) [Dbg] [Sensors.cc:406] SensorsPrivate::Stop
(2023-02-28T23:36:58.217853) (2023-02-28T23:36:58.242483) [Msg] Stopping recording
(2023-02-28T23:36:58.68445851) (2023-02-28T23:36:58.68467941) [Msg] Scoring has finished. Elapsed real time: 552 seconds. Elapsed sim time: 520 seconds. 
