[0.040s] Invoking command in '/home/victor/USV-DOCK/ws/build/ros_ign_interfaces': CMAKE_PREFIX_PATH=/opt/ros/foxy /home/victor/.local/bin/cmake /home/victor/USV-DOCK/ws/src/ros_ign/ros_ign_interfaces -DAMENT_CMAKE_SYMLINK_INSTALL=1 -DCMAKE_INSTALL_PREFIX=/home/victor/USV-DOCK/ws/install
[0.265s] -- The C compiler identification is GNU 9.4.0
[0.282s] -- The CXX compiler identification is GNU 9.4.0
[0.294s] -- Detecting C compiler ABI info
[0.352s] -- Detecting C compiler ABI info - done
[0.366s] -- Check for working C compiler: /usr/bin/cc - skipped
[0.367s] -- Detecting C compile features
[0.367s] -- Detecting C compile features - done
[0.372s] -- Detecting CXX compiler ABI info
[0.439s] -- Detecting CXX compiler ABI info - done
[0.453s] -- Check for working CXX compiler: /usr/bin/c++ - skipped
[0.453s] -- Detecting CXX compile features
[0.454s] -- Detecting CXX compile features - done
[0.459s] -- Found ament_cmake: 0.9.11 (/opt/ros/foxy/share/ament_cmake/cmake)
[0.489s] -- Found PythonInterp: /usr/bin/python3 (found suitable version "3.8.10", minimum required is "3") 
[0.489s] -- Using PYTHON_EXECUTABLE: /usr/bin/python3
[0.824s] -- Override CMake install command with custom implementation using symlinks instead of copying resources
[0.859s] -- Found builtin_interfaces: 1.0.0 (/opt/ros/foxy/share/builtin_interfaces/cmake)
[0.911s] -- Using all available rosidl_typesupport_c: rosidl_typesupport_fastrtps_c;rosidl_typesupport_introspection_c
[0.924s] -- Found rosidl_adapter: 1.3.0 (/opt/ros/foxy/share/rosidl_adapter/cmake)
[1.027s] -- Found OpenSSL: /usr/lib/x86_64-linux-gnu/libcrypto.so (found version "1.1.1f")  
[1.084s] -- Found FastRTPS: /opt/ros/foxy/include  
[1.234s] -- Using all available rosidl_typesupport_cpp: rosidl_typesupport_fastrtps_cpp;rosidl_typesupport_introspection_cpp
[1.289s] -- Found rcl_interfaces: 1.0.0 (/opt/ros/foxy/share/rcl_interfaces/cmake)
[1.319s] -- Found std_msgs: 2.0.5 (/opt/ros/foxy/share/std_msgs/cmake)
[1.357s] -- Found geometry_msgs: 2.0.5 (/opt/ros/foxy/share/geometry_msgs/cmake)
[1.400s] -- Found rosidl_default_generators: 1.0.1 (/opt/ros/foxy/share/rosidl_default_generators/cmake)
[1.448s] -- Found PythonInterp: /usr/bin/python3 (found version "3.8.10") 
[1.858s] -- Found ament_cmake_cppcheck: 0.9.8 (/opt/ros/foxy/share/ament_cmake_cppcheck/cmake)
[1.860s] -- Found ament_cmake_cpplint: 0.9.8 (/opt/ros/foxy/share/ament_cmake_cpplint/cmake)
[1.862s] -- Found ament_cmake_uncrustify: 0.9.8 (/opt/ros/foxy/share/ament_cmake_uncrustify/cmake)
[1.864s] -- Found ament_cmake_ros: 0.9.2 (/opt/ros/foxy/share/ament_cmake_ros/cmake)
[2.227s] -- Using all available rosidl_typesupport_c: rosidl_typesupport_fastrtps_c;rosidl_typesupport_introspection_c
[2.389s] -- Using all available rosidl_typesupport_cpp: rosidl_typesupport_fastrtps_cpp;rosidl_typesupport_introspection_cpp
[2.418s] -- Found PythonInterp: /usr/bin/python3 (found suitable version "3.8.10", minimum required is "3.5") 
[2.419s] -- Found python_cmake_module: 0.8.1 (/opt/ros/foxy/share/python_cmake_module/cmake)
[2.449s] -- Found PythonLibs: /usr/lib/x86_64-linux-gnu/libpython3.8.so (found suitable version "3.8.10", minimum required is "3.5") 
[2.449s] -- Using PYTHON_EXECUTABLE: /usr/bin/python3
[2.449s] -- Using PYTHON_INCLUDE_DIRS: /usr/include/python3.8
[2.449s] -- Using PYTHON_LIBRARIES: /usr/lib/x86_64-linux-gnu/libpython3.8.so
[2.471s] -- Found PythonExtra: .so  
[2.665s] -- Found ament_cmake_flake8: 0.9.8 (/opt/ros/foxy/share/ament_cmake_flake8/cmake)
[2.668s] -- Found ament_cmake_pep257: 0.9.8 (/opt/ros/foxy/share/ament_cmake_pep257/cmake)
[2.688s] -- Configuring done (2.6s)
[2.784s] -- Generating done (0.1s)
[2.787s] -- Build files have been written to: /home/victor/USV-DOCK/ws/build/ros_ign_interfaces
