(2023-02-28T22:55:25.831009801) (2023-02-28T22:55:25.831025571) [Msg] Ignition Gazebo Server v6.11.0
(2023-02-28T22:55:25.834464077) (2023-02-28T22:55:25.834478157) [Msg] Loading SDF world file[/home/developer/mbzirc_ws/install/share/mbzirc_ign/worlds/simple_demo.sdf].
(2023-02-28T22:55:26.148066811) (2023-02-28T22:55:26.148080841) [Msg] Serving entity system service on [/entity/system/add]
(2023-02-28T22:55:26.181728975) (2023-02-28T22:55:26.181744955) [Dbg] [Physics.cc:803] Loaded [ignition::physics::dartsim::Plugin] from library [/usr/lib/x86_64-linux-gnu/ign-physics-5/engine-plugins/libignition-physics-dartsim-plugin.so]
(2023-02-28T22:55:26.181809405) (2023-02-28T22:55:26.181818015) [Dbg] [SystemManager.cc:58] Loaded system [ignition::gazebo::systems::Physics] for entity [1]
(2023-02-28T22:55:26.183341102) (2023-02-28T22:55:26.183351422) [Msg] Create service on [/world/simple_demo/create]
(2023-02-28T22:55:26.183450502) (2023-02-28T22:55:26.183459612) [Msg] Remove service on [/world/simple_demo/remove]
(2023-02-28T22:55:26.183548332) (2023-02-28T22:55:26.183558012) [Msg] Pose service on [/world/simple_demo/set_pose]
(2023-02-28T22:55:26.183638762) (2023-02-28T22:55:26.183648472) [Msg] Pose service on [/world/simple_demo/set_pose_vector]
(2023-02-28T22:55:26.183767222) (2023-02-28T22:55:26.183778662) [Msg] Light configuration service on [/world/simple_demo/light_config]
(2023-02-28T22:55:26.183930301) (2023-02-28T22:55:26.183941121) [Msg] Physics service on [/world/simple_demo/set_physics]
(2023-02-28T22:55:26.184032551) (2023-02-28T22:55:26.184042331) [Msg] SphericalCoordinates service on [/world/simple_demo/set_spherical_coordinates]
(2023-02-28T22:55:26.184107611) (2023-02-28T22:55:26.184116421) [Msg] Enable collision service on [/world/simple_demo/enable_collision]
(2023-02-28T22:55:26.184177721) (2023-02-28T22:55:26.184187101) [Msg] Disable collision service on [/world/simple_demo/disable_collision]
(2023-02-28T22:55:26.184305531) (2023-02-28T22:55:26.184314751) [Msg] Material service on [/world/simple_demo/visual_config]
(2023-02-28T22:55:26.184443391) (2023-02-28T22:55:26.184453481) [Msg] Material service on [/world/simple_demo/wheel_slip]
(2023-02-28T22:55:26.184487360) (2023-02-28T22:55:26.184496950) [Dbg] [SystemManager.cc:58] Loaded system [ignition::gazebo::systems::UserCommands] for entity [1]
(2023-02-28T22:55:26.203168325) (2023-02-28T22:55:26.203177615) [Dbg] [Sensors.cc:479] Configuring Sensors system
(2023-02-28T22:55:26.203235835) (2023-02-28T22:55:26.203244355) [Dbg] [Sensors.cc:398] SensorsPrivate::Run
(2023-02-28T22:55:26.203319815) (2023-02-28T22:55:26.203328395) [Dbg] [SystemManager.cc:58] Loaded system [ignition::gazebo::systems::Sensors] for entity [(1]2023-02-28T22:55:26.203365725) (2023-02-28T22:55:26.2034098552023-02-28T22:55:26.203409855
) [Dbg] [Sensors.cc:378] SensorsPrivate::RenderThread started
(2023-02-28T22:55:26.203469355) (2023-02-28T22:55:26.203487465) [Dbg] [Sensors.cc:228] Waiting for init
(2023-02-28T22:55:26.204777933) (2023-02-28T22:55:26.204790093) [Dbg] [SystemManager.cc:58] Loaded system [ignition::gazebo::systems::AirPressure] for entity [1]
(2023-02-28T22:55:26.206184440) (2023-02-28T22:55:26.206193860) [Dbg] [SystemManager.cc:58] Loaded system [ignition::gazebo::systems::Altimeter] for entity [1]
(2023-02-28T22:55:26.207615258) (2023-02-28T22:55:26.207624558) [Dbg] [SystemManager.cc:58] Loaded system [ignition::gazebo::systems::Imu] for entity [1]
(2023-02-28T22:55:26.209071546) (2023-02-28T22:55:26.209083826) [Dbg] [SystemManager.cc:58] Loaded system [ignition::gazebo::systems::Magnetometer] for entity [1]
(2023-02-28T22:55:26.210533445) (2023-02-28T22:55:26.210544715) [Dbg] [SystemManager.cc:58] Loaded system [ignition::gazebo::systems::ForceTorque] for entity [1]
(2023-02-28T22:55:26.211615084) (2023-02-28T22:55:26.211627284) [Msg] Serving particle emitter information on [/world/simple_demo/particle_emitters]
(2023-02-28T22:55:26.211679153) (2023-02-28T22:55:26.211688933) [Dbg] [SystemManager.cc:58] Loaded system [ignition::gazebo::systems::ParticleEmitter2] for entity [1]
(2023-02-28T22:55:26.212923352) (2023-02-28T22:55:26.212933632) [Dbg] [SystemManager.cc:58] Loaded system [ignition::gazebo::systems::SceneBroadcaster] for entity [1]
(2023-02-28T22:55:26.213853910) (2023-02-28T22:55:26.213863850) [Dbg] [SystemManager.cc:58] Loaded system [ignition::gazebo::systems::Contact] for entity [1]
(2023-02-28T22:55:26.214901719) (2023-02-28T22:55:26.214912869) [Dbg] [RFComms.cc:385] Range configuration:
RF Configuration (range-based)
-- max_range: 500000
-- fading_exponent: 2.6
-- l0: 40
-- sigma: 10

(2023-02-28T22:55:26.215005699) (2023-02-28T22:55:26.215014899) [Dbg] [RFComms.cc:388] Radio configuration:
Radio Configuration
-- capacity: 1e+06
-- tx_power: 25
-- noise_floor: -90
-- modulation: QPSK

(2023-02-28T22:55:26.215238598) (2023-02-28T22:55:26.215248878) [Dbg] [Broker.cc:113] Broker services:
(2023-02-28T22:55:26.215274288) (2023-02-28T22:55:26.215284288) [Dbg] [Broker.cc:114]   Bind: [/broker/bind]
(2023-02-28T22:55:26.215314108) (2023-02-28T22:55:26.215323778) [Dbg] [Broker.cc:115]   Unbind: [/broker/unbind]
(2023-02-28T22:55:26.215351998) (2023-02-28T22:55:26.215360338) [Dbg] [Broker.cc:116] Broker topics:
(2023-02-28T22:55:26.215382068) (2023-02-28T22:55:26.215390968) [Dbg] [Broker.cc:117]   Incoming messages: [/broker/msgs]
(2023-02-28T22:55:26.215424738) (2023-02-28T22:55:26.215433448) [Dbg] [SystemManager.cc:58] Loaded system [ignition::gazebo::systems::RFComms] for entity [1]
(2023-02-28T22:55:26.218294244) (2023-02-28T22:55:26.218316893) [Dbg] [RFRange.cc:339] RFRange sensor range configuration:
RF Configuration (range-based)
-- max_range: 500000
-- fading_exponent: 2.6
-- l0: 40
-- sigma: 0.005
-- rssi_1: -15

(2023-02-28T22:55:26.218512923) (2023-02-28T22:55:26.218529803) [Dbg] [RFRange.cc:342] RFRange sensor radio configuration:
Radio Configuration
-- tx_power: 25
-- noise_floor: -90

(2023-02-28T22:55:26.218671023) (2023-02-28T22:55:26.218689723) [Dbg] [SystemManager.cc:58] Loaded system [ignition::gazebo::systems::RFRange] for entity [1]
(2023-02-28T22:55:26.223026807) (2023-02-28T22:55:26.223037167) [Msg] Overwriting existing file [/tmp/ign/mbzirc/playback/state.tlog]
(2023-02-28T22:55:26.227313451) (2023-02-28T22:55:26.227323261) [Msg] Recording to log file [/tmp/ign/mbzirc/playback/state.tlog]
(2023-02-28T22:55:26.227360251) (2023-02-28T22:55:26.227369851) [Dbg] [LogRecord.cc:334] Recording default topic[/playback/sdf].
(2023-02-28T22:55:26.227395021) (2023-02-28T22:55:26.227404971) [Dbg] [LogRecord.cc:335] Recording default topic[/world/simple_demo/changed_state].
(2023-02-28T22:55:26.271504200) (2023-02-28T22:55:26.271524430) [Dbg] [SystemManager.cc:58] Loaded system [ignition::gazebo::systems::LogRecord] for entity [1]
(2023-02-28T22:55:26.274016277) (2023-02-28T22:55:26.274035377) [Dbg] [SystemManager.cc:58] Loaded system [ignition::gazebo::systems::WindEffects] for entity [1]
(2023-02-28T22:55:26.278848911) (2023-02-28T22:55:26.278870281) [Msg] MBZIRC log path: /tmp/ign/mbzirc/logs
(2023-02-28T22:55:26.279354380) (2023-02-28T22:55:26.279374240) [Msg] Run duration set to 3600 seconds.
(2023-02-28T22:55:26.279480880) (2023-02-28T22:55:26.279499720) [Msg] Geofence boundary min: -70 -70 -25, max: 70 70 121.92
(2023-02-28T22:55:26.279654399) (2023-02-28T22:55:26.279671479) [Msg] Start area boundary min: -15 -15 -5, max: 15 15 5
(2023-02-28T22:55:26.279808579) (2023-02-28T22:55:26.279826509) [Msg] Setup duration set to 600 seconds.
(2023-02-28T22:55:26.279882689) (2023-02-28T22:55:26.279899849) [Msg] Target vessel: Vessel A
(2023-02-28T22:55:26.279988769) (2023-02-28T22:55:26.280006639) [Msg]   Small object: small_blue_box_a
(2023-02-28T22:55:26.280060929) (2023-02-28T22:55:26.280085699) [Msg]   Small object: small_blue_box_a_duplicate
(2023-02-28T22:55:26.280154199) (2023-02-28T22:55:26.280180388) [Msg]   Large object: large_dry_box_a
(2023-02-28T22:55:26.280253758) (2023-02-28T22:55:26.280275308) [Msg]   Large object: large_dry_box_a_duplicate
(2023-02-28T22:55:26.281619956) (2023-02-28T22:55:26.281634416) [Msg] Starting MBZIRC
(2023-02-28T22:55:26.281748386) (2023-02-28T22:55:26.281761616) [Dbg] [SystemManager.cc:58] Loaded system [mbzirc::GameLogicPlugin] for entity [1]
(2023-02-28T22:55:26.286694579) (2023-02-28T22:55:26.286705109) [Msg] Using Pierson-Moskowitz spectrum sampling wavefield model 
(2023-02-28T22:55:26.286970459) (2023-02-28T22:55:26.286981019) [Msg] Using Pierson-Moskowitz spectrum sampling wavefield model 
(2023-02-28T22:55:26.730378207) (2023-02-28T22:55:26.730405967) [Msg] Input Parameters:
(2023-02-28T22:55:26.730474887) (2023-02-28T22:55:26.730502227) [Msg] model:     PMS
(2023-02-28T22:55:26.730581057) (2023-02-28T22:55:26.730608797) [Msg] number:     3
(2023-02-28T22:55:26.730686067) (2023-02-28T22:55:26.730712997) [Msg] scale:      1.1
(2023-02-28T22:55:26.730793057) (2023-02-28T22:55:26.730820597) [Msg] angle:      0.4
(2023-02-28T22:55:26.730899057) (2023-02-28T22:55:26.730917997) [Msg] steepness:  0
(2023-02-28T22:55:26.730968637) (2023-02-28T22:55:26.730986307) [Msg] amplitude:  0
(2023-02-28T22:55:26.731038996) (2023-02-28T22:55:26.731056026) [Msg] period:     5
(2023-02-28T22:55:26.731104586) (2023-02-28T22:55:26.731121676) [Msg] direction:  1 0
(2023-02-28T22:55:26.731193086) (2023-02-28T22:55:26.731210556) [Msg] tau:  2
(2023-02-28T22:55:26.731261126) (2023-02-28T22:55:26.731277676) [Msg] gain:  0.3
(2023-02-28T22:55:26.731327766) (2023-02-28T22:55:26.731345236) [Msg] Derived Parameters:
(2023-02-28T22:55:26.731386026) (2023-02-28T22:55:26.731403436) [Msg] amplitudes:  0.0363502, 0.0392277, 0.0385703, 
(2023-02-28T22:55:26.731512976) (2023-02-28T22:55:26.731530996) [Msg] wavenumbers: 0.133171, 0.161136, 0.194975, 
(2023-02-28T22:55:26.731617316) (2023-02-28T22:55:26.731635176) [Msg] omegas:      1.1424, 1.25664, 1.3823, 
(2023-02-28T22:55:26.731721785) (2023-02-28T22:55:26.731738955) [Msg] periods:     (2023-02-28T22:55:26.731781515) (2023-02-28T22:55:26.731799155) [Msg] 5.5, (2023-02-28T22:55:26.731842075) (2023-02-28T22:55:26.731859365) [Msg] 5, (2023-02-28T22:55:26.731901265) (2023-02-28T22:55:26.731919625) [Msg] 4.54545, (2023-02-28T22:55:26.731960025) (2023-02-28T22:55:26.731977065) [Msg] 
(2023-02-28T22:55:26.732010925) (2023-02-28T22:55:26.732027995) [Msg] phases:      0, 0, 0, 
(2023-02-28T22:55:26.732114715) (2023-02-28T22:55:26.732132175) [Msg] steepnesses: 0, 0, 0, 
(2023-02-28T22:55:26.732217655) (2023-02-28T22:55:26.732234965) [Msg] directions:  (2023-02-28T22:55:26.732274295) (2023-02-28T22:55:26.732291955) [Msg] 0.921061 -0.389418; (2023-02-28T22:55:26.732352734) (2023-02-28T22:55:26.732370844) [Msg] 1 0; (2023-02-28T22:55:26.732440904) (2023-02-28T22:55:26.732459284) [Msg] 0.921061 0.389418; (2023-02-28T22:55:26.732514784) (2023-02-28T22:55:26.732531614) [Msg] 
(2023-02-28T22:55:26.733129044) (2023-02-28T22:55:26.733147574) [Dbg] [SystemManager.cc:58] Loaded system [ignition::gazebo::systems::WaveVisual] for entity [23]
(2023-02-28T22:55:26.737153289) (2023-02-28T22:55:26.737163919) [Msg] Using Pierson-Moskowitz spectrum sampling wavefield model 
(2023-02-28T22:55:26.737332289) (2023-02-28T22:55:26.737341748) [Msg] Using Pierson-Moskowitz spectrum sampling wavefield model 
(2023-02-28T22:55:26.737381098) (2023-02-28T22:55:26.737390848) [Msg] Input Parameters:
(2023-02-28T22:55:26.737412098) (2023-02-28T22:55:26.737420628) [Msg] model:     PMS
(2023-02-28T22:55:26.737444018) (2023-02-28T22:55:26.737452258) [Msg] number:     3
(2023-02-28T22:55:26.737475668) (2023-02-28T22:55:26.737484028) [Msg] scale:      1.1
(2023-02-28T22:55:26.737509278) (2023-02-28T22:55:26.737518528) [Msg] angle:      0.4
(2023-02-28T22:55:26.737543278) (2023-02-28T22:55:26.737552238) [Msg] steepness:  0
(2023-02-28T22:55:26.737575738) (2023-02-28T22:55:26.737584968) [Msg] amplitude:  0
(2023-02-28T22:55:26.737609118) (2023-02-28T22:55:26.737618258) [Msg] period:     5
(2023-02-28T22:55:26.737641078) (2023-02-28T22:55:26.737648758) [Msg] direction:  1 0
(2023-02-28T22:55:26.737679798) (2023-02-28T22:55:26.737687588) [Msg] tau:  2
(2023-02-28T22:55:26.737712138) (2023-02-28T22:55:26.737720618) [Msg] gain:  0.3
(2023-02-28T22:55:26.737749328) (2023-02-28T22:55:26.737756968) [Msg] Derived Parameters:
(2023-02-28T22:55:26.737786508) (2023-02-28T22:55:26.737794838) [Msg] amplitudes:  0.0363502, 0.0392277, 0.0385703, 
(2023-02-28T22:55:26.737838018) (2023-02-28T22:55:26.737845748) [Msg] wavenumbers: 0.133171, 0.161136, 0.194975, 
(2023-02-28T22:55:26.737887828) (2023-02-28T22:55:26.737896428) [Msg] omegas:      1.1424, 1.25664, 1.3823, 
(2023-02-28T22:55:26.737938348) (2023-02-28T22:55:26.737946058) [Msg] periods:     (2023-02-28T22:55:26.737962368) (2023-02-28T22:55:26.737971418) [Msg] 5.5, (2023-02-28T22:55:26.737991127) (2023-02-28T22:55:26.737999647) [Msg] 5, (2023-02-28T22:55:26.738019077) (2023-02-28T22:55:26.738027707) [Msg] 4.54545, (2023-02-28T22:55:26.738047507) (2023-02-28T22:55:26.738055857) [Msg] 
(2023-02-28T22:55:26.738071787) (2023-02-28T22:55:26.738079967) [Msg] phases:      0, 0, 0, 
(2023-02-28T22:55:26.738121977) (2023-02-28T22:55:26.738129787) [Msg] steepnesses: 0, 0, 0, 
(2023-02-28T22:55:26.738171587) (2023-02-28T22:55:26.738179487) [Msg] directions:  (2023-02-28T22:55:26.738199257) (2023-02-28T22:55:26.738209237) [Msg] 0.921061 -0.389418; (2023-02-28T22:55:26.738241197) (2023-02-28T22:55:26.738249207) [Msg] 1 0; (2023-02-28T22:55:26.738276547) (2023-02-28T22:55:26.738284837) [Msg] 0.921061 0.389418; (2023-02-28T22:55:26.738315437) (2023-02-28T22:55:26.738324707) [Msg] 
(2023-02-28T22:55:26.738360197) (2023-02-28T22:55:26.738369527) [Dbg] [Surface.cc:161] Surface plugin successfully configured with the following parameters:
(2023-02-28T22:55:26.738399877) (2023-02-28T22:55:26.738408497) [Dbg] [Surface.cc:163]   <link_name>: link
(2023-02-28T22:55:26.738432727) (2023-02-28T22:55:26.738442537) [Dbg] [Surface.cc:164]   <vehicle_length>: 6
(2023-02-28T22:55:26.738470917) (2023-02-28T22:55:26.738480557) [Dbg] [Surface.cc:165]   <vehicle_width>: 3.3
(2023-02-28T22:55:26.738505467) (2023-02-28T22:55:26.738513777) [Dbg] [Surface.cc:166]   <hull_radius>: 1.9
(2023-02-28T22:55:26.738541447) (2023-02-28T22:55:26.738550117) [Dbg] [Surface.cc:167]   <num_samples>: 2
(2023-02-28T22:55:26.738575707) (2023-02-28T22:55:26.738583987) [Dbg] [Surface.cc:168]   <fluid_level>: 0.45
(2023-02-28T22:55:26.738610107) (2023-02-28T22:55:26.738618687) [Dbg] [Surface.cc:169]   <fluid_density>: 997.774
(2023-02-28T22:55:26.738659146) (2023-02-28T22:55:26.738667936) [Dbg] [SystemManager.cc:58] Loaded system [ignition::gazebo::systems::Surface] for entity [24]
(2023-02-28T22:55:26.740433224) (2023-02-28T22:55:26.740443344) [Dbg] [SimpleHydrodynamics.cc:167] SimpleHydrodynamics plugin successfully configured with the following parameters:
(2023-02-28T22:55:26.740469844) (2023-02-28T22:55:26.740479434) [Dbg] [SimpleHydrodynamics.cc:169]   <link_name>: link
(2023-02-28T22:55:26.740505604) (2023-02-28T22:55:26.740513464) [Dbg] [SimpleHydrodynamics.cc:170]   <xDotU>: 0
(2023-02-28T22:55:26.740540564) (2023-02-28T22:55:26.740549604) [Dbg] [SimpleHydrodynamics.cc:171]   <yDotV>: 0
(2023-02-28T22:55:26.740576123) (2023-02-28T22:55:26.740583973) [Dbg] [SimpleHydrodynamics.cc:172]   <zDotW>: 0.1
(2023-02-28T22:55:26.740610693) (2023-02-28T22:55:26.740619633) [Dbg] [SimpleHydrodynamics.cc:173]   <kDotP>: 0.1
(2023-02-28T22:55:26.740647383) (2023-02-28T22:55:26.740656413) [Dbg] [SimpleHydrodynamics.cc:174]   <mDotQ>: 0.1
(2023-02-28T22:55:26.740681443) (2023-02-28T22:55:26.740689833) [Dbg] [SimpleHydrodynamics.cc:175]   <nDotR>: 0
(2023-02-28T22:55:26.740717313) (2023-02-28T22:55:26.740726773) [Dbg] [SimpleHydrodynamics.cc:176]   <xU>: 510.3
(2023-02-28T22:55:26.740752143) (2023-02-28T22:55:26.740759883) [Dbg] [SimpleHydrodynamics.cc:177]   <xUU>: 720.4
(2023-02-28T22:55:26.740786003) (2023-02-28T22:55:26.740793253) [Dbg] [SimpleHydrodynamics.cc:178]   <yV>: 400
(2023-02-28T22:55:26.740818323) (2023-02-28T22:55:26.740825993) [Dbg] [SimpleHydrodynamics.cc:179]   <yVV>: 0
(2023-02-28T22:55:26.740851733) (2023-02-28T22:55:26.740860193) [Dbg] [SimpleHydrodynamics.cc:180]   <zW>: 5000
(2023-02-28T22:55:26.740884073) (2023-02-28T22:55:26.740892523) [Dbg] [SimpleHydrodynamics.cc:181]   <zWW>: 0
(2023-02-28T22:55:26.740916993) (2023-02-28T22:55:26.740930583) [Dbg] [SimpleHydrodynamics.cc:182]   <kP>: 500
(2023-02-28T22:55:26.740956493) (2023-02-28T22:55:26.740964933) [Dbg] [SimpleHydrodynamics.cc:183]   <kPP>: 0
(2023-02-28T22:55:26.740988443) (2023-02-28T22:55:26.740997923) [Dbg] [SimpleHydrodynamics.cc:184]   <mQ>: 500
(2023-02-28T22:55:26.741023313) (2023-02-28T22:55:26.741030513) [Dbg] [SimpleHydrodynamics.cc:185]   <mQQ>: 0
(2023-02-28T22:55:26.741054463) (2023-02-28T22:55:26.741062733) [Dbg] [SimpleHydrodynamics.cc:186]   <nR>: 15000
(2023-02-28T22:55:26.741087713) (2023-02-28T22:55:26.741096383) [Dbg] [SimpleHydrodynamics.cc:187]   <nRR>: 0
(2023-02-28T22:55:26.741124523) (2023-02-28T22:55:26.741132383) [Dbg] [SystemManager.cc:58] Loaded system [ignition::gazebo::systems::SimpleHydrodynamics] for entity [24]
(2023-02-28T22:55:26.742473101) (2023-02-28T22:55:26.742483751) [Dbg] [SystemManager.cc:58] Loaded system [ignition::gazebo::systems::DetachableJoint] for entity [28]
(2023-02-28T22:55:26.742967220) (2023-02-28T22:55:26.742976980) [Dbg] [SystemManager.cc:58] Loaded system [ignition::gazebo::systems::DetachableJoint] for entity [44]
(2023-02-28T22:55:26.743748259) (2023-02-28T22:55:26.743758879) [Dbg] [SystemManager.cc:58] Loaded system [ignition::gazebo::systems::DetachableJoint] for entity [60]
(2023-02-28T22:55:26.744513417) (2023-02-28T22:55:26.744523327) [Dbg] [SystemManager.cc:58] Loaded system [ignition::gazebo::systems::DetachableJoint] for entity [112]
(2023-02-28T22:55:26.745654896) (2023-02-28T22:55:26.745663716) [Dbg] [SystemManager.cc:58] Loaded system [ignition::gazebo::systems::CommsEndpoint] for entity [164]
(2023-02-28T22:55:26.745836766) (2023-02-28T22:55:26.745846096) [Dbg] [SystemManager.cc:58] Loaded system [ignition::gazebo::systems::CommsEndpoint] for entity [164]
(2023-02-28T22:55:26.747254634) (2023-02-28T22:55:26.747267164) [Dbg] [SystemManager.cc:58] Loaded system [mbzirc::BaseStation] for entity [164]
(2023-02-28T22:55:26.748991252) (2023-02-28T22:55:26.749001742) [Msg] EntityDetector publishing messages on [/mbzirc/target_object_detector/dropped]
(2023-02-28T22:55:26.749144772) (2023-02-28T22:55:26.749155322) [Dbg] [SystemManager.cc:58] Loaded system [mbzirc::EntityDetector] for entity [168]
(2023-02-28T22:55:26.749238362) (2023-02-28T22:55:26.749247952) [Msg] Loaded level [3]
(2023-02-28T22:55:26.749522041) (2023-02-28T22:55:26.749533311) [Msg] Serving world controls on [/world/simple_demo/control], [/world/simple_demo/control/state] and [/world/simple_demo/playback/control]
(2023-02-28T22:55:26.749652101) (2023-02-28T22:55:26.749662911) [Msg] Serving GUI information on [/world/simple_demo/gui/info]
(2023-02-28T22:55:26.749700991) (2023-02-28T22:55:26.749709621) [Msg] World [simple_demo] initialized with [4ms] physics profile.
(2023-02-28T22:55:26.749837061) (2023-02-28T22:55:26.749848981) [Msg] Serving world SDF generation service on [/world/simple_demo/generate_world_sdf]
(2023-02-28T22:55:26.749936871) (2023-02-28T22:55:26.749947111) [Msg] Serving world names on [/gazebo/worlds]
(2023-02-28T22:55:26.750022521) (2023-02-28T22:55:26.750034021) [Msg] Resource path add service on [/gazebo/resource_paths/add].
(2023-02-28T22:55:26.750110191) (2023-02-28T22:55:26.750120440) [Msg] Resource path get service on [/gazebo/resource_paths/get].
(2023-02-28T22:55:26.850399102) (2023-02-28T22:55:26.850418542) [Msg] Resource path resolve service on [/gazebo/resource_paths/resolve].
(2023-02-28T22:55:26.850547912) (2023-02-28T22:55:26.850571782) [Msg] Resource paths published on [/gazebo/resource_paths].
(2023-02-28T22:55:26.850845782) (2023-02-28T22:55:26.850871102) [Msg] Server control service on [/server_control].
(2023-02-28T22:55:26.851085282) (2023-02-28T22:55:26.851103912) [Msg] Found no publishers on /stats, adding root stats topic
(2023-02-28T22:55:26.851254671) (2023-02-28T22:55:26.851274151) [Msg] Found no publishers on /clock, adding root clock topic
(2023-02-28T22:55:26.851543571) (2023-02-28T22:55:26.851565161) [Dbg] [SimulationRunner.cc:491] Creating PostUpdate worker threads: 13
(2023-02-28T22:55:26.851629151) (2023-02-28T22:55:26.851645301) [Dbg] [SimulationRunner.cc:502] Creating postupdate worker thread (0)
(2023-02-28T22:55:26.851769131) (2023-02-28T22:55:26.851785551) [Dbg] [SimulationRunner.cc:502] Creating postupdate worker thread (1)
(2023-02-28T22:55:26.851886431) (2023-02-28T22:55:26.851905651) [Dbg] [SimulationRunner.cc:502] Creating postupdate worker thread (2)
(2023-02-28T22:55:26.851997731) (2023-02-28T22:55:26.852014571) [Dbg] [SimulationRunner.cc:502] Creating postupdate worker thread (3)
(2023-02-28T22:55:26.852105310) (2023-02-28T22:55:26.852124000) [Dbg] [SimulationRunner.cc:502] Creating postupdate worker thread (4)
(2023-02-28T22:55:26.852215200) (2023-02-28T22:55:26.852233980) [Dbg] [SimulationRunner.cc:502] Creating postupdate worker thread (5)
(2023-02-28T22:55:26.852323510) (2023-02-28T22:55:26.852341640) [Dbg] [SimulationRunner.cc:502] Creating postupdate worker thread (6)
(2023-02-28T22:55:26.852470530) (2023-02-28T22:55:26.852490660) [Dbg] [SimulationRunner.cc:502] Creating postupdate worker thread (7)
(2023-02-28T22:55:26.852590630) (2023-02-28T22:55:26.852612670) [Dbg] [SimulationRunner.cc:502] Creating postupdate worker thread (8)
(2023-02-28T22:55:26.852706320) (2023-02-28T22:55:26.852722480) [Dbg] [SimulationRunner.cc:502] Creating postupdate worker thread (9)
(2023-02-28T22:55:26.852815199) (2023-02-28T22:55:26.852839149) [Dbg] [SimulationRunner.cc:502] Creating postupdate worker thread (10)
(2023-02-28T22:55:26.852935159) (2023-02-28T22:55:26.852953699) [Dbg] [SimulationRunner.cc:502] Creating postupdate worker thread (11)
(2023-02-28T22:55:26.951862512) (2023-02-28T22:55:26.951884332) [Msg] Particle emitter[simple_demo::dust_storm::link::dust_storm] subscribed to command messages on topic[/model/dust_storm/link/link/particle_emitter/dust_storm/cmd]
(2023-02-28T22:55:26.952080282) (2023-02-28T22:55:26.952098992) [Msg] Particle emitter[simple_demo::fog::link::fog] subscribed to command messages on topic[/model/fog/link/link/particle_emitter/fog/cmd]
(2023-02-28T22:55:26.953966839) (2023-02-28T22:55:26.953985139) [Msg] DetachableJoint subscribing to messages on [/Vessel_A/detach]
(2023-02-28T22:55:26.954133429) (2023-02-28T22:55:26.954152199) [Msg] DetachableJoint subscribing to messages on [/Vessel_A/detach]
(2023-02-28T22:55:26.954293729) (2023-02-28T22:55:26.954313708) [Msg] DetachableJoint subscribing to messages on [/Vessel_A/detach]
(2023-02-28T22:55:26.954461408) (2023-02-28T22:55:26.954490438) [Msg] DetachableJoint subscribing to messages on [/Vessel_A/detach]
(2023-02-28T22:55:26.954710588) (2023-02-28T22:55:26.954733938) [Msg] Address [base_station/target] bound to model [base_station] on topic [base_station/target]
(2023-02-28T22:55:26.954824968) (2023-02-28T22:55:26.954842798) [Dbg] [CommsEndpoint.cc:89] Succesfuly bound to [base_station/target] on topic [base_station/target]
(2023-02-28T22:55:26.955005407) (2023-02-28T22:55:26.955028307) [Msg] Address [base_station/video] bound to model [base_station] on topic [base_station/video]
(2023-02-28T22:55:26.955114597) (2023-02-28T22:55:26.955132067) [Dbg] [CommsEndpoint.cc:89] Succesfuly bound to [base_station/video] on topic [base_station/video]
(2023-02-28T22:55:27.30471933) (2023-02-28T22:55:27.30487093) [Dbg] [Physics.cc:1593] Creating detachable joint [170]
(2023-02-28T22:55:27.30641663) (2023-02-28T22:55:27.30652623) [Dbg] [Physics.cc:1593] Creating detachable joint [171]
(2023-02-28T22:55:27.30767403) (2023-02-28T22:55:27.30777393) [Dbg] [Physics.cc:1593] Creating detachable joint [172]
(2023-02-28T22:55:27.31078202) (2023-02-28T22:55:27.31087992) [Dbg] [Physics.cc:1593] Creating detachable joint [173]
(2023-02-28T22:55:27.32313330) (2023-02-28T22:55:27.32325640) [Dbg] [SimulationFeatures.cc:63] Simulation timestep set to: 0.004
(2023-02-28T22:55:27.42440076) (2023-02-28T22:55:27.42467325) [Msg] Serving scene information on [/world/simple_demo/scene/info]
(2023-02-28T22:55:27.42649145) (2023-02-28T22:55:27.42669035) [Msg] Serving graph information on [/world/simple_demo/scene/graph]
(2023-02-28T22:55:27.42835765) (2023-02-28T22:55:27.42867785) [Msg] Serving full state on [/world/simple_demo/state]
(2023-02-28T22:55:27.43032845) ) (2023-02-28T22:55:27.43063225) (2023-02-28T22:55:27.43076235) [Wrn] [Model.hh:69] (2023-02-28T22:55:27.43110255) [Msg] with //pose/@relative_to attribute.
Serving full state (async) on [/world/simple_demo/state_async]
(2023-02-28T22:55:27.43365245) (2023-02-28T22:55:27.43391894) [Msg] Publishing scene information on [/world/simple_demo/scene/info]
(2023-02-28T22:55:27.43611984) (2023-02-28T22:55:27.43635844) [Msg] Publishing entity deletions on [/world/simple_demo/scene/deletion]
(2023-02-28T22:55:27.43784054) (2023-02-28T22:55:27.43807134) [Msg] Publishing state changes on [/world/simple_demo/state]
(2023-02-28T22:55:27.43906964) (2023-02-28T22:55:27.43917544) [Wrn] [Component.hh:144] Trying to serialize component with data type [N3sdf3v125WorldE], which doesn't have `operator<<`. Component will not be serialized.
(2023-02-28T22:55:27.44015694) (2023-02-28T22:55:27.44039084) [Msg] Publishing pose messages on [/world/simple_demo/pose/info]
(2023-02-28T22:55:27.44201594) (2023-02-28T22:55:27.44231424) [Msg] Publishing dynamic pose messages on [/world/simple_demo/dynamic_pose/info]
(2023-02-28T22:55:27.44708733) (2023-02-28T22:55:27.44733633) [Dbg] [EntityComponentManager.cc:1587] Updated state thread iterators: 24 threads processing around 8 entities each.
(2023-02-28T22:55:27.68318848) (2023-02-28T22:55:27.68342118) [Dbg] [EntityComponentManager.cc:1587] Updated state thread iterators: 24 threads processing around 8 entities each.
(2023-02-28T22:55:33.663028492) (2023-02-28T22:55:33.663041142) [Msg] Linear velocity initialized to [0 0 0]
(2023-02-28T22:55:33.663105182) (2023-02-28T22:55:33.663115622) [Msg] Angular velocity initialized to [0 0 0]
(2023-02-28T22:55:33.663313691) (2023-02-28T22:55:33.663322941) [Msg] VelocityControl subscribing to twist messages on [/model/usv/cmd_vel]
(2023-02-28T22:55:33.663365421) (2023-02-28T22:55:33.663378901) [Dbg] [SystemManager.cc:58] Loaded system [ignition::gazebo::systems::VelocityControl] for entity [174]
(2023-02-28T22:55:33.664490329) (2023-02-28T22:55:33.664503399) [Dbg] [OdometryPublisher.cc:191] OdometryPublisher system plugin missing <dimensions>, defaults to "2"
(2023-02-28T22:55:33.664667399) (2023-02-28T22:55:33.664676489) [Msg] OdometryPublisher publishing odometry on [/model/usv/odometry]
(2023-02-28T22:55:33.664800899) (2023-02-28T22:55:33.664811169) [Msg] OdometryPublisher publishing odometry with covariance on [/model/usv/odometry_with_covariance]
(2023-02-28T22:55:33.664928548) (2023-02-28T22:55:33.664939448) [Msg] OdometryPublisher publishing Pose_V (TF) on [/model/usv/pose]
(2023-02-28T22:55:33.664982768) (2023-02-28T22:55:33.664995248) [Dbg] [SystemManager.cc:58] Loaded system [ignition::gazebo::systems::OdometryPublisher] for entity [174]
(2023-02-28T22:55:33.666428216) (2023-02-28T22:55:33.666438336) [Msg] Thruster listening to commands in [/model/usv/joint/left_engine_propeller_joint/cmd_thrust]
(2023-02-28T22:55:33.666523456) (2023-02-28T22:55:33.666535346) [Dbg] [Thruster.cc:288] Using velocity control for propeller joint.
(2023-02-28T22:55:33.666564616) (2023-02-28T22:55:33.666575306) [Dbg] [SystemManager.cc:58] Loaded system [ignition::gazebo::systems::Thruster] for entity [174]
(2023-02-28T22:55:33.667788574) (2023-02-28T22:55:33.667802754) [Dbg] [JointPositionController.cc:205] [JointPositionController] system parameters:
(2023-02-28T22:55:33.667837024) (2023-02-28T22:55:33.667849844) [Dbg] [JointPositionController.cc:206] p_gain: [1]
(2023-02-28T22:55:33.667893884) (2023-02-28T22:55:33.667905614) [Dbg] [JointPositionController.cc:207] i_gain: [0.1]
(2023-02-28T22:55:33.667948804) (2023-02-28T22:55:33.667961584) [Dbg] [JointPositionController.cc:208] d_gain: [0.01]
(2023-02-28T22:55:33.668002204) (2023-02-28T22:55:33.668014454) [Dbg] [JointPositionController.cc:209] i_max: [1]
(2023-02-28T22:55:33.668057464) (2023-02-28T22:55:33.668069884) [Dbg] [JointPositionController.cc:210] i_min: [-1]
(2023-02-28T22:55:33.668111354) (2023-02-28T22:55:33.668132694) [Dbg] [JointPositionController.cc:211] cmd_max: [1000]
(2023-02-28T22:55:33.668175523) (2023-02-28T22:55:33.668187423) [Dbg] [JointPositionController.cc:212] cmd_min: [-1000]
(2023-02-28T22:55:33.668230113) (2023-02-28T22:55:33.668241963) [Dbg] [JointPositionController.cc:213] cmd_offset: [0]
(2023-02-28T22:55:33.668283543) (2023-02-28T22:55:33.668296023) [Dbg] [JointPositionController.cc:214] Topic: [usv/left/thruster/joint/cmd_pos]
(2023-02-28T22:55:33.668337833) (2023-02-28T22:55:33.668349483) [Dbg] [JointPositionController.cc:215] initial_position: [0]
(2023-02-28T22:55:33.668408473) (2023-02-28T22:55:33.668423163) [Dbg] [SystemManager.cc:58] Loaded system [ignition::gazebo::systems::JointPositionController] for entity [174]
(2023-02-28T22:55:33.668761063) (2023-02-28T22:55:33.668770783) [Msg] Thruster listening to commands in [/model/usv/joint/right_engine_propeller_joint/cmd_thrust]
(2023-02-28T22:55:33.668824022) (2023-02-28T22:55:33.668834002) [Dbg] [Thruster.cc:288] Using velocity control for propeller joint.
(2023-02-28T22:55:33.668858212) (2023-02-28T22:55:33.668867502) [Dbg] [SystemManager.cc:58] Loaded system [ignition::gazebo::systems::Thruster] for entity [174]
(2023-02-28T22:55:33.669123062) (2023-02-28T22:55:33.669134542) [Dbg] [JointPositionController.cc:205] [JointPositionController] system parameters:
(2023-02-28T22:55:33.669157432) (2023-02-28T22:55:33.669166592) [Dbg] [JointPositionController.cc:206] p_gain: [1]
(2023-02-28T22:55:33.669193972) (2023-02-28T22:55:33.669201672) [Dbg] [JointPositionController.cc:207] i_gain: [0.1]
(2023-02-28T22:55:33.669228872) (2023-02-28T22:55:33.669236762) [Dbg] [JointPositionController.cc:208] d_gain: [0.01]
(2023-02-28T22:55:33.669265392) (2023-02-28T22:55:33.669273172) [Dbg] [JointPositionController.cc:209] i_max: [1]
(2023-02-28T22:55:33.669303872) (2023-02-28T22:55:33.669311862) [Dbg] [JointPositionController.cc:210] i_min: [-1]
(2023-02-28T22:55:33.669341452) (2023-02-28T22:55:33.669350352) [Dbg] [JointPositionController.cc:211] cmd_max: [1000]
(2023-02-28T22:55:33.669380532) (2023-02-28T22:55:33.669388392) [Dbg] [JointPositionController.cc:212] cmd_min: [-1000]
(2023-02-28T22:55:33.669418592) (2023-02-28T22:55:33.669427162) [Dbg] [JointPositionController.cc:213] cmd_offset: [0]
(2023-02-28T22:55:33.669455911) (2023-02-28T22:55:33.669465401) [Dbg] [JointPositionController.cc:214] Topic: [usv/right/thruster/joint/cmd_pos]
(2023-02-28T22:55:33.669494421) (2023-02-28T22:55:33.669502341) [Dbg] [JointPositionController.cc:215] initial_position: [0]
(2023-02-28T22:55:33.669535031) (2023-02-28T22:55:33.669544031) [Dbg] [SystemManager.cc:58] Loaded system [ignition::gazebo::systems::JointPositionController] for entity [174]
(2023-02-28T22:55:33.669781241) (2023-02-28T22:55:33.669790761) [Msg] Using Pierson-Moskowitz spectrum sampling wavefield model 
(2023-02-28T22:55:33.669921701) (2023-02-28T22:55:33.669931851) [Msg] Using Pierson-Moskowitz spectrum sampling wavefield model 
(2023-02-28T22:55:33.669994621) (2023-02-28T22:55:33.670004381) [Msg] Input Parameters:
(2023-02-28T22:55:33.670025701) (2023-02-28T22:55:33.670033581) [Msg] model:     PMS
(2023-02-28T22:55:33.670062541) (2023-02-28T22:55:33.670070211) [Msg] number:     3
(2023-02-28T22:55:33.670095900) (2023-02-28T22:55:33.670103440) [Msg] scale:      1.1
(2023-02-28T22:55:33.670131490) (2023-02-28T22:55:33.670138930) [Msg] angle:      0.4
(2023-02-28T22:55:33.670164020) (2023-02-28T22:55:33.670174040) [Msg] steepness:  0
(2023-02-28T22:55:33.670211390) (2023-02-28T22:55:33.670224580) [Msg] amplitude:  0
(2023-02-28T22:55:33.670261040) (2023-02-28T22:55:33.670273430) [Msg] period:     5
(2023-02-28T22:55:33.670311530) (2023-02-28T22:55:33.670323620) [Msg] direction:  1 0
(2023-02-28T22:55:33.670370200) (2023-02-28T22:55:33.670382400) [Msg] tau:  2
(2023-02-28T22:55:33.670418390) (2023-02-28T22:55:33.670429960) [Msg] gain:  0.3
(2023-02-28T22:55:33.670460170) (2023-02-28T22:55:33.670470110) [Msg] Derived Parameters:
(2023-02-28T22:55:33.670490320) (2023-02-28T22:55:33.670501200) [Msg] amplitudes:  0.0363502, 0.0392277, 0.0385703, 
(2023-02-28T22:55:33.670553710) (2023-02-28T22:55:33.670564920) [Msg] wavenumbers: 0.133171, 0.161136, 0.194975, 
(2023-02-28T22:55:33.670616160) (2023-02-28T22:55:33.670624760) [Msg] omegas:      1.1424, 1.25664, 1.3823, 
(2023-02-28T22:55:33.670683950) (2023-02-28T22:55:33.670692680) [Msg] periods:     (2023-02-28T22:55:33.670709790) (2023-02-28T22:55:33.670718260) [Msg] 5.5, (2023-02-28T22:55:33.670737349) (2023-02-28T22:55:33.670745719) [Msg] 5, (2023-02-28T22:55:33.670766329) (2023-02-28T22:55:33.670773789) [Msg] 4.54545, (2023-02-28T22:55:33.670794849) (2023-02-28T22:55:33.670802839) [Msg] 
(2023-02-28T22:55:33.670819309) (2023-02-28T22:55:33.670827609) [Msg] phases:      0, 0, 0, 
(2023-02-28T22:55:33.670874219) (2023-02-28T22:55:33.670886369) [Msg] steepnesses: 0, 0, 0, 
(2023-02-28T22:55:33.670934899) (2023-02-28T22:55:33.670942789) [Msg] directions:  (2023-02-28T22:55:33.670959129) (2023-02-28T22:55:33.670967349) [Msg] 0.921061 -0.389418; (2023-02-28T22:55:33.670997159) (2023-02-28T22:55:33.671005699) [Msg] 1 0; (2023-02-28T22:55:33.671034029) (2023-02-28T22:55:33.671043059) [Msg] 0.921061 0.389418; (2023-02-28T22:55:33.671071639) (2023-02-28T22:55:33.671080689) [Msg] 
(2023-02-28T22:55:33.671107719) (2023-02-28T22:55:33.671115689) [Dbg] [Surface.cc:161] Surface plugin successfully configured with the following parameters:
(2023-02-28T22:55:33.671141119) (2023-02-28T22:55:33.671149649) [Dbg] [Surface.cc:163]   <link_name>: base_link
(2023-02-28T22:55:33.671175109) (2023-02-28T22:55:33.671183709) [Dbg] [Surface.cc:164]   <vehicle_length>: 6
(2023-02-28T22:55:33.671208559) (2023-02-28T22:55:33.671216959) [Dbg] [Surface.cc:165]   <vehicle_width>: 3.3
(2023-02-28T22:55:33.671243309) (2023-02-28T22:55:33.671250739) [Dbg] [Surface.cc:166]   <hull_radius>: 0.27
(2023-02-28T22:55:33.671276539) (2023-02-28T22:55:33.671285889) [Dbg] [Surface.cc:167]   <num_samples>: 2
(2023-02-28T22:55:33.671307729) (2023-02-28T22:55:33.671315009) [Dbg] [Surface.cc:168]   <fluid_level>: 0.45
(2023-02-28T22:55:33.671340419) (2023-02-28T22:55:33.671349259) [Dbg] [Surface.cc:169]   <fluid_density>: 997.774
(2023-02-28T22:55:33.671379978) (2023-02-28T22:55:33.671388738) [Dbg] [SystemManager.cc:58] Loaded system [ignition::gazebo::systems::Surface] for entity [174]
(2023-02-28T22:55:33.671689798) (2023-02-28T22:55:33.671700578) [Dbg] [SimpleHydrodynamics.cc:167] SimpleHydrodynamics plugin successfully configured with the following parameters:
(2023-02-28T22:55:33.671726808) (2023-02-28T22:55:33.671736138) [Dbg] [SimpleHydrodynamics.cc:169]   <link_name>: base_link
(2023-02-28T22:55:33.671760128) (2023-02-28T22:55:33.671769008) [Dbg] [SimpleHydrodynamics.cc:170]   <xDotU>: 0
(2023-02-28T22:55:33.671794958) (2023-02-28T22:55:33.671804368) [Dbg] [SimpleHydrodynamics.cc:171]   <yDotV>: 0
(2023-02-28T22:55:33.671831018) (2023-02-28T22:55:33.671841528) [Dbg] [SimpleHydrodynamics.cc:172]   <zDotW>: 0.1
(2023-02-28T22:55:33.671871878) (2023-02-28T22:55:33.671882248) [Dbg] [SimpleHydrodynamics.cc:173]   <kDotP>: 0.1
(2023-02-28T22:55:33.671913458) (2023-02-28T22:55:33.671923988) [Dbg] [SimpleHydrodynamics.cc:174]   <mDotQ>: 0.1
(2023-02-28T22:55:33.671951288) (2023-02-28T22:55:33.671959998) [Dbg] [SimpleHydrodynamics.cc:175]   <nDotR>: 0
(2023-02-28T22:55:33.671985588) (2023-02-28T22:55:33.671994258) [Dbg] [SimpleHydrodynamics.cc:176]   <xU>: 51.3
(2023-02-28T22:55:33.672019367) (2023-02-28T22:55:33.672031207) [Dbg] [SimpleHydrodynamics.cc:177]   <xUU>: 72.4
(2023-02-28T22:55:33.672059847) (2023-02-28T22:55:33.672067897) [Dbg] [SimpleHydrodynamics.cc:178]   <yV>: 40
(2023-02-28T22:55:33.672100507) (2023-02-28T22:55:33.672113607) [Dbg] [SimpleHydrodynamics.cc:179]   <yVV>: 0
(2023-02-28T22:55:33.672152217) (2023-02-28T22:55:33.672164967) [Dbg] [SimpleHydrodynamics.cc:180]   <zW>: 500
(2023-02-28T22:55:33.672204087) (2023-02-28T22:55:33.672216957) [Dbg] [SimpleHydrodynamics.cc:181]   <zWW>: 0
(2023-02-28T22:55:33.672255467) (2023-02-28T22:55:33.672268117) [Dbg] [SimpleHydrodynamics.cc:182]   <kP>: 100
(2023-02-28T22:55:33.672312787) (2023-02-28T22:55:33.672325767) [Dbg] [SimpleHydrodynamics.cc:183]   <kPP>: 0
(2023-02-28T22:55:33.672365647) (2023-02-28T22:55:33.672378137) [Dbg] [SimpleHydrodynamics.cc:184]   <mQ>: 100
(2023-02-28T22:55:33.672423887) (2023-02-28T22:55:33.672437717) [Dbg] [SimpleHydrodynamics.cc:185]   <mQQ>: 0
(2023-02-28T22:55:33.672463707) (2023-02-28T22:55:33.672472467) [Dbg] [SimpleHydrodynamics.cc:186]   <nR>: 400
(2023-02-28T22:55:33.672501687) (2023-02-28T22:55:33.672512747) [Dbg] [SimpleHydrodynamics.cc:187]   <nRR>: 0
(2023-02-28T22:55:33.672541547) (2023-02-28T22:55:33.672549837) [Dbg] [SystemManager.cc:58] Loaded system [ignition::gazebo::systems::SimpleHydrodynamics] for entity [174]
(2023-02-28T22:55:33.673890165) (2023-02-28T22:55:33.673900865) [Dbg] [SystemManager.cc:58] Loaded system [ignition::gazebo::systems::PosePublisher] for entity [174]
(2023-02-28T22:55:33.674156334) (2023-02-28T22:55:33.674167984) [Msg] EntityDetector publishing messages on [/mbzirc/target_object_detector/placed]
(2023-02-28T22:55:33.674324444) (2023-02-28T22:55:33.674335684) [Dbg] [SystemManager.cc:58] Loaded system [mbzirc::EntityDetector] for entity [174]
(2023-02-28T22:55:33.674572234) (2023-02-28T22:55:33.674584994) [Msg] EntityDetector publishing messages on [/mbzirc/target_object_detector/placed]
(2023-02-28T22:55:33.674738623) (2023-02-28T22:55:33.674750363) [Dbg] [SystemManager.cc:58] Loaded system [mbzirc::EntityDetector] for entity [174]
(2023-02-28T22:55:33.674977203) (2023-02-28T22:55:33.674987633) [Msg] EntityDetector publishing messages on [/mbzirc/target_object_detector/placed]
(2023-02-28T22:55:33.675123823) (2023-02-28T22:55:33.675135913) [Dbg] [SystemManager.cc:58] Loaded system [mbzirc::EntityDetector] for entity [174]
(2023-02-28T22:55:33.675369552) (2023-02-28T22:55:33.675380902) [Msg] EntityDetector publishing messages on [/mbzirc/target_object_detector/placed]
(2023-02-28T22:55:33.675516442) (2023-02-28T22:55:33.675527262) [Dbg] [SystemManager.cc:58] Loaded system [mbzirc::EntityDetector] for entity [174]
(2023-02-28T22:55:33.675731272) (2023-02-28T22:55:33.675744292) [Dbg] [SystemManager.cc:58] Loaded system [ignition::gazebo::systems::CommsEndpoint] for entity [174]
(2023-02-28T22:55:33.676203661) (2023-02-28T22:55:33.676216061) [Dbg] [UserCommands.cc:1303] Created entity [174] named [usv]
(2023-02-28T22:55:33.685233725) (2023-02-28T22:55:33.685274115) [Dbg] [Sensors.cc:584] Initialization needed
(2023-02-28T22:55:33.685374105) (2023-02-28T22:55:33.685389975) [Dbg] [Sensors.cc:240] Initializing render context
(2023-02-28T22:55:33.685499065) (2023-02-28T22:55:33.685510565) [Msg] Loading plugin [ignition-rendering-ogre2]
(2023-02-28T22:55:33.685896884) (2023-02-28T22:55:33.685918074) [Dbg] [ImuSensor.cc:148] IMU data for [usv::base_link::imu_sensor] advertised on [world/simple_demo/model/usv/link/base_link/sensor/imu_sensor/imu]
(2023-02-28T22:55:33.686219564) (2023-02-28T22:55:33.686245054) [Dbg] [GameLogicPlugin.cc:1991] New Competitor Platform: usv with 0sensors
((((((((((((((((((((((((((((((((((((((((((((((((((((((((((((((((((((((((2023-02-28T22:55:33.6886474102023-02-28T22:55:33.688658290) () (2023-02-28T22:55:33.688720170) (2023-02-28T22:55:33.688750370) 2023-02-28T22:55:33.688768840) (2023-02-28T22:55:33.688802190) 2023-02-28T22:55:33.688835900) (2023-02-28T22:55:33.688868660) 2023-02-28T22:55:33.688724650) ((2023-02-28T22:55:33.688917689) ) (2023-02-28T22:55:33.688956749) 2023-02-28T22:55:33.688976949) ) (2023-02-28T22:55:33.688826300) (2023-02-28T22:55:33.689086459) ) 2023-02-28T22:55:33.688701930) ([Dbg] [SimulationRunner.cc:518] [Dbg] [SimulationRunner.cc:518] 2023-02-28T22:55:33.689158009) (() 2023-02-28T22:55:33.689183739) (2023-02-28T22:55:33.689232809) () 2023-02-28T22:55:33.689264669) 2023-02-28T22:55:33.689303509) [Dbg] [SimulationRunner.cc:518] [Dbg] [SimulationRunner.cc:518] Exiting postupdate worker thread ([Dbg] [SimulationRunner.cc:518] [Dbg] [SimulationRunner.cc:518] Exiting postupdate worker thread (11[Dbg] [SimulationRunner.cc:518] [Dbg] [SimulationRunner.cc:518] [Dbg] [SimulationRunner.cc:518] Exiting postupdate worker thread (Exiting postupdate worker thread (Exiting postupdate worker thread (3)
[Dbg] [SimulationRunner.cc:518] Exiting postupdate worker thread (5)
Exiting postupdate worker thread (1)
0)
)Exiting postupdate worker thread (7)
Exiting postupdate worker thread (6)
Exiting postupdate worker thread (Exiting postupdate worker thread (
410)
8)
)4)
Exiting postupdate worker thread (929)

(2023-02-28T22:55:33.690335617) (2023-02-28T22:55:33.690351627) [Dbg] [SimulationRunner.cc:491] Creating PostUpdate worker threads: 22
(2023-02-28T22:55:33.690392897) (2023-02-28T22:55:33.690405047) [Dbg] [SimulationRunner.cc:502] Creating postupdate worker thread (0)
(2023-02-28T22:55:33.690477027) (2023-02-28T22:55:33.690492067) [Dbg] [SimulationRunner.cc:502] Creating postupdate worker thread (1)
(2023-02-28T22:55:33.690554097) (2023-02-28T22:55:33.690567547) [Dbg] [SimulationRunner.cc:502] Creating postupdate worker thread (2)
(2023-02-28T22:55:33.690639647) (2023-02-28T22:55:33.690653997) [Dbg] [SimulationRunner.cc:502] Creating postupdate worker thread (3)
(2023-02-28T22:55:33.690716807) (2023-02-28T22:55:33.690729867) [Dbg] [SimulationRunner.cc:502] Creating postupdate worker thread (4)
(2023-02-28T22:55:33.690818127) (2023-02-28T22:55:33.690832277) [Dbg] [SimulationRunner.cc:502] Creating postupdate worker thread (5)
(2023-02-28T22:55:33.690901626) (2023-02-28T22:55:33.690915276) [Dbg] [SimulationRunner.cc:502] Creating postupdate worker thread (6)
(2023-02-28T22:55:33.690984416) (2023-02-28T22:55:33.690997836) [Dbg] [SimulationRunner.cc:502] Creating postupdate worker thread (7)
(2023-02-28T22:55:33.691066406) (2023-02-28T22:55:33.691080126) [Dbg] [SimulationRunner.cc:502] Creating postupdate worker thread (8)
(2023-02-28T22:55:33.691147236) (2023-02-28T22:55:33.691160586) [Dbg] [SimulationRunner.cc:502] Creating postupdate worker thread (9)
(2023-02-28T22:55:33.691228496) (2023-02-28T22:55:33.691242096) [Dbg] [SimulationRunner.cc:502] Creating postupdate worker thread (10)
(2023-02-28T22:55:33.691307346) (2023-02-28T22:55:33.691321506) [Dbg] [SimulationRunner.cc:502] Creating postupdate worker thread (11)
(2023-02-28T22:55:33.691388066) (2023-02-28T22:55:33.691402536) [Dbg] [SimulationRunner.cc:502] Creating postupdate worker thread (12)
(2023-02-28T22:55:33.691466966) (2023-02-28T22:55:33.691480866) [Dbg] [SimulationRunner.cc:502] Creating postupdate worker thread (13)
(2023-02-28T22:55:33.691546875) (2023-02-28T22:55:33.691561465) [Dbg] [SimulationRunner.cc:502] Creating postupdate worker thread (14)
(2023-02-28T22:55:33.691623965) (2023-02-28T22:55:33.691635965) [Dbg] [SimulationRunner.cc:502] Creating postupdate worker thread (15)
(2023-02-28T22:55:33.691698935) (2023-02-28T22:55:33.691711545) [Dbg] [SimulationRunner.cc:502] Creating postupdate worker thread (16)
(2023-02-28T22:55:33.691775995) (2023-02-28T22:55:33.691788955) [Dbg] [SimulationRunner.cc:502] Creating postupdate worker thread (17)
(2023-02-28T22:55:33.691850395) (2023-02-28T22:55:33.691862245) [Dbg] [SimulationRunner.cc:502] Creating postupdate worker thread (18)
(2023-02-28T22:55:33.691925525) (2023-02-28T22:55:33.691937945) [Dbg] [SimulationRunner.cc:502] Creating postupdate worker thread (19)
(2023-02-28T22:55:33.692006355) (2023-02-28T22:55:33.692018435) [Dbg] [SimulationRunner.cc:502] Creating postupdate worker thread (20)
(2023-02-28T22:55:33.692599754) (2023-02-28T22:55:33.692613414) [Msg] Address [usv] bound to model [usv] on topic [model/usv/rx]
(2023-02-28T22:55:33.692674064) (2023-02-28T22:55:33.692684914) [Dbg] [CommsEndpoint.cc:89] Succesfuly bound to [usv] on topic [model/usv/rx]
(2023-02-28T22:55:34.54896731) (2023-02-28T22:55:34.54914481) [Dbg] [RenderUtil.cc:2529] Create scene [scene]
(2023-02-28T22:55:34.99839646) (2023-02-28T22:55:34.99859516) [Dbg] [Sensors.cc:254] Rendering Thread initialized
(2023-02-28T22:55:34.104152967) (2023-02-28T22:55:34.104164697) [Wrn] [Ogre2Heightmap.cc:125] Heightmap final sampling should be 2^n
 which differs from ogre1's 2^n+1
The last row and column will be cropped
size = (width * sampling) - sampling + 1
[257] = ([257] * [1]) - [1] + 1
(2023-02-28T22:55:34.108493820) (2023-02-28T22:55:34.108505080) [Msg] Loading heightmap: scene::Heightmap(65478)
(2023-02-28T22:55:34.108541530) (2023-02-28T22:55:34.108551680) [Msg] Heightmap loaded. Process took 0 ms.
(2023-02-28T22:55:37.673110052) (2023-02-28T22:55:37.673124552) [Dbg] [Ogre2ParticleEmitter.cc:514] Particle emitter initialized
(2023-02-28T22:55:37.673291392) (2023-02-28T22:55:37.673303772) [Dbg] [Ogre2ParticleEmitter.cc:514] Particle emitter initialized
(2023-02-28T22:55:37.673498722) (2023-02-28T22:55:37.673510732) [Dbg] [Ogre2ParticleEmitter.cc:514] Particle emitter initialized
(2023-02-28T22:55:38.219555114) (2023-02-28T22:55:38.219574744) [Dbg] [Ogre2ParticleEmitter.cc:514] Particle emitter initialized
(2023-02-28T22:55:38.219771663) (2023-02-28T22:55:38.219784793) [Dbg] [Ogre2ParticleEmitter.cc:514] Particle emitter initialized
(2023-02-28T22:55:38.219919893) (2023-02-28T22:55:38.219931923) [Dbg] [Ogre2ParticleEmitter.cc:514] Particle emitter initialized
(2023-02-28T22:55:38.231832851) (2023-02-28T22:55:38.231849941) [Dbg] [Lidar.cc:122] Laser scans for [usv::sensor_6::sensor_link::lidar] advertised on [world/simple_demo/model/usv/model/sensor_6/link/sensor_link/sensor/lidar/scan]
(2023-02-28T22:55:38.232115010) (2023-02-28T22:55:38.232127620) [Dbg] [GpuLidarSensor.cc:164] Lidar points for [usv::sensor_6::sensor_link::lidar] advertised on [world/simple_demo/model/usv/model/sensor_6/link/sensor_link/sensor/lidar/scan/points]
(2023-02-28T22:55:38.232429900) (2023-02-28T22:55:38.232445000) [Msg] Loading plugin [ignition-rendering-ogre2]
(2023-02-28T22:55:38.385138558) (2023-02-28T22:55:38.385179698) [Dbg] [EntityComponentManager.cc:1587] Updated state thread iterators: 24 threads processing around 10 entities each.
(2023-02-28T22:56:18.848230937) (2023-02-28T22:56:18.848255796) [Dbg] [SignalHandler.cc:141] Received signal[2].
(2023-02-28T22:56:18.848309556) (2023-02-28T22:56:18.848325436) [Dbg] [ServerPrivate.cc:110] Server received signal[2]
(2023-02-28T22:56:18.848374896) (2023-02-28T22:56:18.848391876) [Dbg] [Sensors.cc:406] SensorsPrivate::Stop
(2023-02-28T22:56:18.850032330) (2023-02-28T22:56:18.850047270) [Dbg] [Sensors.cc:392] SensorsPrivate::RenderThread stopped
(2023-02-28T22:56:18.856185550) (2023-02-28T22:56:18.856206260) [Dbg] [ign.cc:410] Shutting down ign-gazebo-server
(((((((((((((((((((((((((((((((((((((((((((((((((((((((((((((((((((((((((((((((((((((((((((((((((((((((((((((((((((((((((((((((((((2023-02-28T22:56:18.8598670972023-02-28T22:56:18.8598670972023-02-28T22:56:18.859905707() (2023-02-28T22:56:18.859955497) ([Dbg] [SimulationRunner.cc:518] Exiting postupdate worker thread (2023-02-28T22:56:18.8599990772023-02-28T22:56:18.859839198) (2023-02-28T22:56:18.8600590472023-02-28T22:56:18.860087447) (2023-02-28T22:56:18.860120687) (2023-02-28T22:56:18.860179926) (2023-02-28T22:56:18.860220666) 2023-02-28T22:56:18.859896947) (2023-02-28T22:56:18.860275136) 2023-02-28T22:56:18.860299666) (2023-02-28T22:56:18.860342996) ) (2023-02-28T22:56:18.860380946) 2023-02-28T22:56:18.860430516) (2023-02-28T22:56:18.860472375) 2023-02-28T22:56:18.860505525) (2023-02-28T22:56:18.8605495952023-02-28T22:56:18.8601840962023-02-28T22:56:18.8605495952023-02-28T22:56:18.860184096) (2023-02-28T22:56:18.860592835) 2023-02-28T22:56:18.860618805) (2023-02-28T22:56:18.860676175) 2023-02-28T22:56:18.859999617) (2023-02-28T22:56:18.860740235) ) 2023-02-28T22:56:18.859910567) () ) (2023-02-28T22:56:18.860859014) 2023-02-28T22:56:18.860625425) (2023-02-28T22:56:18.860900634) 2023-02-28T22:56:18.860823674) (2023-02-28T22:56:18.860952104) ) [Dbg] [SimulationRunner.cc:518] 9(Exiting postupdate worker thread (20) )) )(2023-02-28T22:56:18.8610036142023-02-28T22:56:18.8610840042023-02-28T22:56:18.8610036142023-02-28T22:56:18.861084004) (2023-02-28T22:56:18.861130584) (2023-02-28T22:56:18.861173503) (2023-02-28T22:56:18.861198433) ) (2023-02-28T22:56:18.861242783) 
) 2023-02-28T22:56:18.861155323) (2023-02-28T22:56:18.861347833) [Dbg] [SimulationRunner.cc:518] Exiting postupdate worker thread (11)
[Dbg] [SimulationRunner.cc:518] [Dbg] [SimulationRunner.cc:518] [Dbg] [SimulationRunner.cc:518] [Dbg] [SimulationRunner.cc:518] [Dbg] [SimulationRunner.cc:518] [Dbg] [SimulationRunner.cc:518] [Dbg] [SimulationRunner.cc:518] [Dbg] [SimulationRunner.cc:518] Exiting postupdate worker thread (15)
Exiting postupdate worker thread ([Dbg] [SimulationRunner.cc:518] Exiting postupdate worker thread (4)
Exiting postupdate worker thread (Exiting postupdate worker thread (10)
[Dbg] [SimulationRunner.cc:518] Exiting postupdate worker thread ([Dbg] [SimulationRunner.cc:518] 2)
Exiting postupdate worker thread (Exiting postupdate worker thread ([Dbg] [SimulationRunner.cc:518] Exiting postupdate worker thread (0)
[Dbg] [SimulationRunner.cc:518] [Dbg] [SimulationRunner.cc:518] [Dbg] [SimulationRunner.cc:518] 13)
Exiting postupdate worker thread (Exiting postupdate worker thread ([Dbg] [SimulationRunner.cc:518] Exiting postupdate worker thread (7)
Exiting postupdate worker thread (16)
1[Dbg] [SimulationRunner.cc:518] Exiting postupdate worker thread (Exiting postupdate worker thread (18)
12)[Dbg] [SimulationRunner.cc:518] Exiting postupdate worker thread (5)
Exiting postupdate worker thread (6)
[Dbg] [SimulationRunner.cc:518] Exiting postupdate worker thread (Exiting postupdate worker thread (19)
14)
Exiting postupdate worker thread (8)


)Exiting postupdate worker thread (3)

)))

(2023-02-28T22:56:18.900649296) (2023-02-28T22:56:18.900665776) [Dbg] [Sensors.cc:406] SensorsPrivate::Stop
(2023-02-28T22:56:18.921260758) (2023-02-28T22:56:18.921274528) [Msg] Stopping recording
