(2023-03-12T01:29:05.670797060) (2023-03-12T01:29:05.670804990) [Msg] Ignition Gazebo Server v6.11.0
(2023-03-12T01:29:05.672734556) (2023-03-12T01:29:05.672746666) [Msg] Loading SDF world file[/home/developer/mbzirc_ws/install/share/mbzirc_ign/worlds/simple_demo.sdf].
(2023-03-12T01:29:05.996373741) (2023-03-12T01:29:05.996389301) [Msg] Serving entity system service on [/entity/system/add]
(2023-03-12T01:29:06.29731149) (2023-03-12T01:29:06.29747359) [Dbg] [Physics.cc:803] Loaded [ignition::physics::dartsim::Plugin] from library [/usr/lib/x86_64-linux-gnu/ign-physics-5/engine-plugins/libignition-physics-dartsim-plugin.so]
(2023-03-12T01:29:06.29801009) (2023-03-12T01:29:06.29809979) [Dbg] [SystemManager.cc:58] Loaded system [ignition::gazebo::systems::Physics] for entity [1]
(2023-03-12T01:29:06.31276424) (2023-03-12T01:29:06.31286574) [Msg] Create service on [/world/simple_demo/create]
(2023-03-12T01:29:06.31384924) (2023-03-12T01:29:06.31395334) [Msg] Remove service on [/world/simple_demo/remove]
(2023-03-12T01:29:06.31483164) (2023-03-12T01:29:06.31493244) [Msg] Pose service on [/world/simple_demo/set_pose]
(2023-03-12T01:29:06.31573144) (2023-03-12T01:29:06.31581965) [Msg] Pose service on [/world/simple_demo/set_pose_vector]
(2023-03-12T01:29:06.31752375) (2023-03-12T01:29:06.31763635) [Msg] Light configuration service on [/world/simple_demo/light_config]
(2023-03-12T01:29:06.31941296) (2023-03-12T01:29:06.31951576) [Msg] Physics service on [/world/simple_demo/set_physics]
(2023-03-12T01:29:06.32043876) (2023-03-12T01:29:06.32055016) [Msg] SphericalCoordinates service on [/world/simple_demo/set_spherical_coordinates]
(2023-03-12T01:29:06.32118696) (2023-03-12T01:29:06.32128106) [Msg] Enable collision service on [/world/simple_demo/enable_collision]
(2023-03-12T01:29:06.32190707) (2023-03-12T01:29:06.32200237) [Msg] Disable collision service on [/world/simple_demo/disable_collision]
(2023-03-12T01:29:06.32318377) (2023-03-12T01:29:06.32328187) [Msg] Material service on [/world/simple_demo/visual_config]
(2023-03-12T01:29:06.32414397) (2023-03-12T01:29:06.32423357) [Msg] Material service on [/world/simple_demo/wheel_slip]
(2023-03-12T01:29:06.32459257) (2023-03-12T01:29:06.32468078) [Dbg] [SystemManager.cc:58] Loaded system [ignition::gazebo::systems::UserCommands] for entity [1]
(2023-03-12T01:29:06.54872181) (2023-03-12T01:29:06.54882491) [Dbg] [Sensors.cc:479] Configuring Sensors system
(2023-03-12T01:29:06.54943971) (2023-03-12T01:29:06.54953931) [Dbg] [Sensors.cc:398] SensorsPrivate::Run
(2023-03-12T01:29:06.55009441) (2023-03-12T01:29:06.55019891) [Dbg] [SystemManager.cc:58] (Loaded system [ignition::gazebo::systems::Sensors] for entity [1]
2023-03-12T01:29:06.55061441) (2023-03-12T01:29:06.55095822) [Dbg] [Sensors.cc:378] SensorsPrivate::RenderThread started
(2023-03-12T01:29:06.55148452) (2023-03-12T01:29:06.55166152) [Dbg] [Sensors.cc:228] Waiting for init
(2023-03-12T01:29:06.56412566) (2023-03-12T01:29:06.56425906) [Dbg] [SystemManager.cc:58] Loaded system [ignition::gazebo::systems::AirPressure] for entity [1]
(2023-03-12T01:29:06.57836750) (2023-03-12T01:29:06.57847160) [Dbg] [SystemManager.cc:58] Loaded system [ignition::gazebo::systems::Altimeter] for entity [1]
(2023-03-12T01:29:06.59260184) (2023-03-12T01:29:06.59272764) [Dbg] [SystemManager.cc:58] Loaded system [ignition::gazebo::systems::Imu] for entity [1]
(2023-03-12T01:29:06.60670769) (2023-03-12T01:29:06.60682549) [Dbg] [SystemManager.cc:58] Loaded system [ignition::gazebo::systems::Magnetometer] for entity [1]
(2023-03-12T01:29:06.62078544) (2023-03-12T01:29:06.62089954) [Dbg] [SystemManager.cc:58] Loaded system [ignition::gazebo::systems::ForceTorque] for entity [1]
(2023-03-12T01:29:06.63137867) (2023-03-12T01:29:06.63149157) [Msg] Serving particle emitter information on [/world/simple_demo/particle_emitters]
(2023-03-12T01:29:06.63198398) (2023-03-12T01:29:06.63207328) [Dbg] [SystemManager.cc:58] Loaded system [ignition::gazebo::systems::ParticleEmitter2] for entity [1]
(2023-03-12T01:29:06.64453302) (2023-03-12T01:29:06.64465122) [Dbg] [SystemManager.cc:58] Loaded system [ignition::gazebo::systems::SceneBroadcaster] for entity [1]
(2023-03-12T01:29:06.65387724) (2023-03-12T01:29:06.65398844) [Dbg] [SystemManager.cc:58] Loaded system [ignition::gazebo::systems::Contact] for entity [1]
(2023-03-12T01:29:06.66401647) (2023-03-12T01:29:06.66412037) [Dbg] [RFComms.cc:385] Range configuration:
RF Configuration (range-based)
-- max_range: 500000
-- fading_exponent: 2.6
-- l0: 40
-- sigma: 10

(2023-03-12T01:29:06.66500618) (2023-03-12T01:29:06.66509218) [Dbg] [RFComms.cc:388] Radio configuration:
Radio Configuration
-- capacity: 1e+06
-- tx_power: 25
-- noise_floor: -90
-- modulation: QPSK

(2023-03-12T01:29:06.66742448) (2023-03-12T01:29:06.66754508) [Dbg] [Broker.cc:113] Broker services:
(2023-03-12T01:29:06.66777368) (2023-03-12T01:29:06.66786828) [Dbg] [Broker.cc:114]   Bind: [/broker/bind]
(2023-03-12T01:29:06.66817279) (2023-03-12T01:29:06.66825439) [Dbg] [Broker.cc:115]   Unbind: [/broker/unbind]
(2023-03-12T01:29:06.66853959) (2023-03-12T01:29:06.66862889) [Dbg] [Broker.cc:116] Broker topics:
(2023-03-12T01:29:06.66884589) (2023-03-12T01:29:06.66892619) [Dbg] [Broker.cc:117]   Incoming messages: [/broker/msgs]
(2023-03-12T01:29:06.66925289) (2023-03-12T01:29:06.66934029) [Dbg] [SystemManager.cc:58] Loaded system [ignition::gazebo::systems::RFComms] for entity [1]
(2023-03-12T01:29:06.69081326) (2023-03-12T01:29:06.69093106) [Dbg] [RFRange.cc:339] RFRange sensor range configuration:
RF Configuration (range-based)
-- max_range: 500000
-- fading_exponent: 2.6
-- l0: 40
-- sigma: 0.005
-- rssi_1: -15

(2023-03-12T01:29:06.69196336) (2023-03-12T01:29:06.69206206) [Dbg] [RFRange.cc:342] RFRange sensor radio configuration:
Radio Configuration
-- tx_power: 25
-- noise_floor: -90

(2023-03-12T01:29:06.69278887) (2023-03-12T01:29:06.69288207) [Dbg] [SystemManager.cc:58] Loaded system [ignition::gazebo::systems::RFRange] for entity [1]
(2023-03-12T01:29:06.72722988) (2023-03-12T01:29:06.72735078) [Msg] Overwriting existing file [/tmp/ign/mbzirc/playback/state.tlog]
(2023-03-12T01:29:06.103092456) (2023-03-12T01:29:06.103108156) [Msg] Recording to log file [/tmp/ign/mbzirc/playback/state.tlog]
(2023-03-12T01:29:06.103161086) (2023-03-12T01:29:06.103169396) [Dbg] [LogRecord.cc:334] Recording default topic[/playback/sdf].
(2023-03-12T01:29:06.103196296) (2023-03-12T01:29:06.103204736) [Dbg] [LogRecord.cc:335] Recording default topic[/world/simple_demo/changed_state].
(2023-03-12T01:29:06.141010308) (2023-03-12T01:29:06.141033798) [Dbg] [SystemManager.cc:58] Loaded system [ignition::gazebo::systems::LogRecord] for entity [1]
(2023-03-12T01:29:06.143649317) (2023-03-12T01:29:06.143671718) [Dbg] [SystemManager.cc:58] Loaded system [ignition::gazebo::systems::WindEffects] for entity [1]
(2023-03-12T01:29:06.148454162) (2023-03-12T01:29:06.148475792) [Msg] MBZIRC log path: /tmp/ign/mbzirc/logs
(2023-03-12T01:29:06.148868174) (2023-03-12T01:29:06.148878174) [Msg] Run duration set to 3600 seconds.
(2023-03-12T01:29:06.148934374) (2023-03-12T01:29:06.148943864) [Msg] Geofence boundary min: -70 -70 -25, max: 70 70 121.92
(2023-03-12T01:29:06.149021684) (2023-03-12T01:29:06.149029904) [Msg] Start area boundary min: -15 -15 -5, max: 15 15 5
(2023-03-12T01:29:06.149095884) (2023-03-12T01:29:06.149105464) [Msg] Setup duration set to 600 seconds.
(2023-03-12T01:29:06.149134724) (2023-03-12T01:29:06.149144215) [Msg] Target vessel: Vessel A
(2023-03-12T01:29:06.149192125) (2023-03-12T01:29:06.149201455) [Msg]   Small object: small_blue_box_a
(2023-03-12T01:29:06.149226515) (2023-03-12T01:29:06.149234615) [Msg]   Small object: small_blue_box_a_duplicate
(2023-03-12T01:29:06.149259235) (2023-03-12T01:29:06.149267885) [Msg]   Large object: large_dry_box_a
(2023-03-12T01:29:06.149291575) (2023-03-12T01:29:06.149299605) [Msg]   Large object: large_dry_box_a_duplicate
(2023-03-12T01:29:06.150356759) (2023-03-12T01:29:06.150370529) [Msg] Starting MBZIRC
(2023-03-12T01:29:06.150486819) (2023-03-12T01:29:06.150497309) [Dbg] [SystemManager.cc:58] Loaded system [mbzirc::GameLogicPlugin] for entity [1]
(2023-03-12T01:29:06.155641805) (2023-03-12T01:29:06.155653245) [Msg] Using Pierson-Moskowitz spectrum sampling wavefield model 
(2023-03-12T01:29:06.155919396) (2023-03-12T01:29:06.155929676) [Msg] Using Pierson-Moskowitz spectrum sampling wavefield model 
(2023-03-12T01:29:06.570921008) (2023-03-12T01:29:06.570954678) [Msg] Input Parameters:
(2023-03-12T01:29:06.571027088) (2023-03-12T01:29:06.571052938) [Msg] model:     PMS
(2023-03-12T01:29:06.571132278) (2023-03-12T01:29:06.571159518) [Msg] number:     3
(2023-03-12T01:29:06.571237359) (2023-03-12T01:29:06.571263519) [Msg] scale:      1.1
(2023-03-12T01:29:06.571346449) (2023-03-12T01:29:06.571370549) [Msg] angle:      0.4
(2023-03-12T01:29:06.571423489) (2023-03-12T01:29:06.571439839) [Msg] steepness:  0
(2023-03-12T01:29:06.571488069) (2023-03-12T01:29:06.571506349) [Msg] amplitude:  0
(2023-03-12T01:29:06.571559370) (2023-03-12T01:29:06.571577480) [Msg] period:     5
(2023-03-12T01:29:06.571626930) (2023-03-12T01:29:06.571643850) [Msg] direction:  1 0
(2023-03-12T01:29:06.571739280) (2023-03-12T01:29:06.571757780) [Msg] tau:  2
(2023-03-12T01:29:06.571804650) (2023-03-12T01:29:06.571821440) [Msg] gain:  0.3
(2023-03-12T01:29:06.571870851) (2023-03-12T01:29:06.571888351) [Msg] Derived Parameters:
(2023-03-12T01:29:06.571927091) (2023-03-12T01:29:06.571944571) [Msg] amplitudes:  0.0363502, 0.0392277, 0.0385703, 
(2023-03-12T01:29:06.572058911) (2023-03-12T01:29:06.572077121) [Msg] wavenumbers: 0.133171, 0.161136, 0.194975, 
(2023-03-12T01:29:06.572162292) (2023-03-12T01:29:06.572180852) [Msg] omegas:      1.1424, 1.25664, 1.3823, 
(2023-03-12T01:29:06.572265282) (2023-03-12T01:29:06.572282782) [Msg] periods:     (2023-03-12T01:29:06.572329542) (2023-03-12T01:29:06.572347382) [Msg] 5.5, (2023-03-12T01:29:06.572391412) (2023-03-12T01:29:06.572409452) [Msg] 5, (2023-03-12T01:29:06.572449923) (2023-03-12T01:29:06.572467923) [Msg] 4.54545, (2023-03-12T01:29:06.572509633) (2023-03-12T01:29:06.572527423) [Msg] 
(2023-03-12T01:29:06.572560083) (2023-03-12T01:29:06.572576823) [Msg] phases:      0, 0, 0, 
(2023-03-12T01:29:06.572661953) (2023-03-12T01:29:06.572679363) [Msg] steepnesses: 0, 0, 0, 
(2023-03-12T01:29:06.572763384) (2023-03-12T01:29:06.572780944) [Msg] directions:  (2023-03-12T01:29:06.572819824) (2023-03-12T01:29:06.572836784) [Msg] 0.921061 -0.389418; (2023-03-12T01:29:06.572897684) (2023-03-12T01:29:06.572915334) [Msg] 1 0; (2023-03-12T01:29:06.572970234) (2023-03-12T01:29:06.572987854) [Msg] 0.921061 0.389418; (2023-03-12T01:29:06.573042845) (2023-03-12T01:29:06.573059845) [Msg] 
(2023-03-12T01:29:06.573800927) (2023-03-12T01:29:06.573820297) [Dbg] [SystemManager.cc:58] Loaded system [ignition::gazebo::systems::WaveVisual] for entity [23]
(2023-03-12T01:29:06.578269431) (2023-03-12T01:29:06.578291931) [Msg] Using Pierson-Moskowitz spectrum sampling wavefield model 
(2023-03-12T01:29:06.578638882) (2023-03-12T01:29:06.578658213) [Msg] Using Pierson-Moskowitz spectrum sampling wavefield model 
(2023-03-12T01:29:06.578736233) (2023-03-12T01:29:06.578753923) [Msg] Input Parameters:
(2023-03-12T01:29:06.578795773) (2023-03-12T01:29:06.578811883) [Msg] model:     PMS
(2023-03-12T01:29:06.578859233) (2023-03-12T01:29:06.578876523) [Msg] number:     3
(2023-03-12T01:29:06.578922703) (2023-03-12T01:29:06.578939613) [Msg] scale:      1.1
(2023-03-12T01:29:06.578988773) (2023-03-12T01:29:06.579006954) [Msg] angle:      0.4
(2023-03-12T01:29:06.579054574) (2023-03-12T01:29:06.579071264) [Msg] steepness:  0
(2023-03-12T01:29:06.579121174) (2023-03-12T01:29:06.579136984) [Msg] amplitude:  0
(2023-03-12T01:29:06.579184964) (2023-03-12T01:29:06.579201794) [Msg] period:     5
(2023-03-12T01:29:06.579252024) (2023-03-12T01:29:06.579269904) [Msg] direction:  1 0
(2023-03-12T01:29:06.579332325) (2023-03-12T01:29:06.579349035) [Msg] tau:  2
(2023-03-12T01:29:06.579395205) (2023-03-12T01:29:06.579413115) [Msg] gain:  0.3
(2023-03-12T01:29:06.579462045) (2023-03-12T01:29:06.579478665) [Msg] Derived Parameters:
(2023-03-12T01:29:06.579523905) (2023-03-12T01:29:06.579542115) [Msg] amplitudes:  0.0363502, 0.0392277, 0.0385703, 
(2023-03-12T01:29:06.579639505) (2023-03-12T01:29:06.579658305) [Msg] wavenumbers: 0.133171, 0.161136, 0.194975, 
(2023-03-12T01:29:06.579779246) (2023-03-12T01:29:06.579797906) [Msg] omegas:      1.1424, 1.25664, 1.3823, 
(2023-03-12T01:29:06.579880956) (2023-03-12T01:29:06.579898036) [Msg] periods:     (2023-03-12T01:29:06.579932136) (2023-03-12T01:29:06.579955606) [Msg] 5.5, (2023-03-12T01:29:06.579996867) (2023-03-12T01:29:06.580014157) [Msg] 5, (2023-03-12T01:29:06.580141727) (2023-03-12T01:29:06.580178037) [Msg] 4.54545, (2023-03-12T01:29:06.580237947) (2023-03-12T01:29:06.580263688) [Msg] 
(2023-03-12T01:29:06.580309998) (2023-03-12T01:29:06.580333698) [Msg] phases:      0, 0, 0, 
(2023-03-12T01:29:06.580455698) (2023-03-12T01:29:06.580480668) [Msg] steepnesses: 0, 0, 0, 
(2023-03-12T01:29:06.580608879) (2023-03-12T01:29:06.580634179) [Msg] directions:  (2023-03-12T01:29:06.580686779) (2023-03-12T01:29:06.580704629) [Msg] 0.921061 -0.389418; (2023-03-12T01:29:06.580776699) (2023-03-12T01:29:06.580795409) [Msg] 1 0; (2023-03-12T01:29:06.580881400) (2023-03-12T01:29:06.580912450) [Msg] 0.921061 0.389418; (2023-03-12T01:29:06.581008570) (2023-03-12T01:29:06.581038050) [Msg] 
(2023-03-12T01:29:06.581193861) (2023-03-12T01:29:06.581224881) [Dbg] [Surface.cc:161] Surface plugin successfully configured with the following parameters:
(2023-03-12T01:29:06.581301561) (2023-03-12T01:29:06.581330951) [Dbg] [Surface.cc:163]   <link_name>: link
(2023-03-12T01:29:06.581399331) (2023-03-12T01:29:06.581428592) [Dbg] [Surface.cc:164]   <vehicle_length>: 6
(2023-03-12T01:29:06.581502822) (2023-03-12T01:29:06.581526782) [Dbg] [Surface.cc:165]   <vehicle_width>: 3.3
(2023-03-12T01:29:06.581581192) (2023-03-12T01:29:06.581600852) [Dbg] [Surface.cc:166]   <hull_radius>: 1.9
(2023-03-12T01:29:06.581662632) (2023-03-12T01:29:06.581683582) [Dbg] [Surface.cc:167]   <num_samples>: 2
(2023-03-12T01:29:06.581743453) (2023-03-12T01:29:06.581762403) [Dbg] [Surface.cc:168]   <fluid_level>: 0.45
(2023-03-12T01:29:06.581831173) (2023-03-12T01:29:06.581849453) [Dbg] [Surface.cc:169]   <fluid_density>: 997.774
(2023-03-12T01:29:06.581965603) (2023-03-12T01:29:06.581985533) [Dbg] [SystemManager.cc:58] Loaded system [ignition::gazebo::systems::Surface] for entity [24]
(2023-03-12T01:29:06.586081636) (2023-03-12T01:29:06.586107047) [Dbg] [SimpleHydrodynamics.cc:167] SimpleHydrodynamics plugin successfully configured with the following parameters:
(2023-03-12T01:29:06.586169457) (2023-03-12T01:29:06.586187427) [Dbg] [SimpleHydrodynamics.cc:169]   <link_name>: link
(2023-03-12T01:29:06.586266207) (2023-03-12T01:29:06.586285087) [Dbg] [SimpleHydrodynamics.cc:170]   <xDotU>: 0
(2023-03-12T01:29:06.586358227) (2023-03-12T01:29:06.586377247) [Dbg] [SimpleHydrodynamics.cc:171]   <yDotV>: 0
(2023-03-12T01:29:06.586439978) (2023-03-12T01:29:06.586465368) [Dbg] [SimpleHydrodynamics.cc:172]   <zDotW>: 0.1
(2023-03-12T01:29:06.586532698) (2023-03-12T01:29:06.586563048) [Dbg] [SimpleHydrodynamics.cc:173]   <kDotP>: 0.1
(2023-03-12T01:29:06.586646218) (2023-03-12T01:29:06.586666528) [Dbg] [SimpleHydrodynamics.cc:174]   <mDotQ>: 0.1
(2023-03-12T01:29:06.586733108) (2023-03-12T01:29:06.586754268) [Dbg] [SimpleHydrodynamics.cc:175]   <nDotR>: 0
(2023-03-12T01:29:06.586812219) (2023-03-12T01:29:06.586832329) [Dbg] [SimpleHydrodynamics.cc:176]   <xU>: 510.3
(2023-03-12T01:29:06.586899509) (2023-03-12T01:29:06.586921109) [Dbg] [SimpleHydrodynamics.cc:177]   <xUU>: 720.4
(2023-03-12T01:29:06.586979839) (2023-03-12T01:29:06.586998709) [Dbg] [SimpleHydrodynamics.cc:178]   <yV>: 400
(2023-03-12T01:29:06.587055159) (2023-03-12T01:29:06.587075069) [Dbg] [SimpleHydrodynamics.cc:179]   <yVV>: 0
(2023-03-12T01:29:06.587132870) (2023-03-12T01:29:06.587152330) [Dbg] [SimpleHydrodynamics.cc:180]   <zW>: 5000
(2023-03-12T01:29:06.587208930) (2023-03-12T01:29:06.587229050) [Dbg] [SimpleHydrodynamics.cc:181]   <zWW>: 0
(2023-03-12T01:29:06.587295440) (2023-03-12T01:29:06.587324960) [Dbg] [SimpleHydrodynamics.cc:182]   <kP>: 500
(2023-03-12T01:29:06.587389210) (2023-03-12T01:29:06.587421800) [Dbg] [SimpleHydrodynamics.cc:183]   <kPP>: 0
(2023-03-12T01:29:06.587489161) (2023-03-12T01:29:06.587519241) [Dbg] [SimpleHydrodynamics.cc:184]   <mQ>: 500
(2023-03-12T01:29:06.587606151) (2023-03-12T01:29:06.587636461) [Dbg] [SimpleHydrodynamics.cc:185]   <mQQ>: 0
(2023-03-12T01:29:06.587738271) (2023-03-12T01:29:06.587769692) [Dbg] [SimpleHydrodynamics.cc:186]   <nR>: 15000
(2023-03-12T01:29:06.587836412) (2023-03-12T01:29:06.587865192) [Dbg] [SimpleHydrodynamics.cc:187]   <nRR>: 0
(2023-03-12T01:29:06.587961502) (2023-03-12T01:29:06.587992332) [Dbg] [SystemManager.cc:58] Loaded system [ignition::gazebo::systems::SimpleHydrodynamics] for entity [24]
(2023-03-12T01:29:06.590798762) (2023-03-12T01:29:06.590819392) [Dbg] [SystemManager.cc:58] Loaded system [ignition::gazebo::systems::DetachableJoint] for entity [28]
(2023-03-12T01:29:06.591631405) (2023-03-12T01:29:06.591652225) [Dbg] [SystemManager.cc:58] Loaded system [ignition::gazebo::systems::DetachableJoint] for entity [44]
(2023-03-12T01:29:06.592857758) (2023-03-12T01:29:06.592870608) [Dbg] [SystemManager.cc:58] Loaded system [ignition::gazebo::systems::DetachableJoint] for entity [60]
(2023-03-12T01:29:06.593663181) (2023-03-12T01:29:06.593674741) [Dbg] [SystemManager.cc:58] Loaded system [ignition::gazebo::systems::DetachableJoint] for entity [112]
(2023-03-12T01:29:06.594848514) (2023-03-12T01:29:06.594859084) [Dbg] [SystemManager.cc:58] Loaded system [ignition::gazebo::systems::CommsEndpoint] for entity [164]
(2023-03-12T01:29:06.595057585) (2023-03-12T01:29:06.595069855) [Dbg] [SystemManager.cc:58] Loaded system [ignition::gazebo::systems::CommsEndpoint] for entity [164]
(2023-03-12T01:29:06.596600200) (2023-03-12T01:29:06.596611740) [Dbg] [SystemManager.cc:58] Loaded system [mbzirc::BaseStation] for entity [164]
(2023-03-12T01:29:06.598372486) (2023-03-12T01:29:06.598383456) [Msg] EntityDetector publishing messages on [/mbzirc/target_object_detector/dropped]
(2023-03-12T01:29:06.598539327) (2023-03-12T01:29:06.598550807) [Dbg] [SystemManager.cc:58] Loaded system [mbzirc::EntityDetector] for entity [168]
(2023-03-12T01:29:06.598645947) (2023-03-12T01:29:06.598656237) [Msg] Loaded level [3]
(2023-03-12T01:29:06.598932138) (2023-03-12T01:29:06.598942858) [Msg] Serving world controls on [/world/simple_demo/control], [/world/simple_demo/control/state] and [/world/simple_demo/playback/control]
(2023-03-12T01:29:06.599077289) (2023-03-12T01:29:06.599089749) [Msg] Serving GUI information on [/world/simple_demo/gui/info]
(2023-03-12T01:29:06.599135949) (2023-03-12T01:29:06.599145179) [Msg] World [simple_demo] initialized with [4ms] physics profile.
(2023-03-12T01:29:06.599273779) (2023-03-12T01:29:06.599284039) [Msg] Serving world SDF generation service on [/world/simple_demo/generate_world_sdf]
(2023-03-12T01:29:06.599366090) (2023-03-12T01:29:06.599376160) [Msg] Serving world names on [/gazebo/worlds]
(2023-03-12T01:29:06.599463340) (2023-03-12T01:29:06.599477490) [Msg] Resource path add service on [/gazebo/resource_paths/add].
(2023-03-12T01:29:06.599568230) (2023-03-12T01:29:06.599579350) [Msg] Resource path get service on [/gazebo/resource_paths/get].
(2023-03-12T01:29:06.699794864) (2023-03-12T01:29:06.699818734) [Msg] Resource path resolve service on [/gazebo/resource_paths/resolve].
(2023-03-12T01:29:06.700023085) (2023-03-12T01:29:06.700064905) [Msg] Resource paths published on [/gazebo/resource_paths].
(2023-03-12T01:29:06.700312856) (2023-03-12T01:29:06.700336016) [Msg] Server control service on [/server_control].
(2023-03-12T01:29:06.700600307) (2023-03-12T01:29:06.700630657) [Msg] Found no publishers on /stats, adding root stats topic
(2023-03-12T01:29:06.700891348) (2023-03-12T01:29:06.700914088) [Msg] Found no publishers on /clock, adding root clock topic
(2023-03-12T01:29:06.801388422) (2023-03-12T01:29:06.801412423) [Dbg] [SimulationRunner.cc:491] Creating PostUpdate worker threads: 13
(2023-03-12T01:29:06.801468823) (2023-03-12T01:29:06.801520013) [Dbg] [SimulationRunner.cc:502] Creating postupdate worker thread (0)
(2023-03-12T01:29:06.801644473) (2023-03-12T01:29:06.801662073) [Dbg] [SimulationRunner.cc:502] Creating postupdate worker thread (1)
(2023-03-12T01:29:06.801760214) (2023-03-12T01:29:06.801778194) [Dbg] [SimulationRunner.cc:502] Creating postupdate worker thread (2)
(2023-03-12T01:29:06.801890204) (2023-03-12T01:29:06.801915464) [Dbg] [SimulationRunner.cc:502] Creating postupdate worker thread (3)
(2023-03-12T01:29:06.802030634) (2023-03-12T01:29:06.802056384) [Dbg] [SimulationRunner.cc:502] Creating postupdate worker thread (4)
(2023-03-12T01:29:06.802192515) (2023-03-12T01:29:06.802219005) [Dbg] [SimulationRunner.cc:502] Creating postupdate worker thread (5)
(2023-03-12T01:29:06.802327655) (2023-03-12T01:29:06.802345895) [Dbg] [SimulationRunner.cc:502] Creating postupdate worker thread (6)
(2023-03-12T01:29:06.802466086) (2023-03-12T01:29:06.802490456) [Dbg] [SimulationRunner.cc:502] Creating postupdate worker thread (7)
(2023-03-12T01:29:06.802612136) (2023-03-12T01:29:06.802634726) [Dbg] [SimulationRunner.cc:502] Creating postupdate worker thread (8)
(2023-03-12T01:29:06.802759817) (2023-03-12T01:29:06.802785597) [Dbg] [SimulationRunner.cc:502] Creating postupdate worker thread (9)
(2023-03-12T01:29:06.802916137) (2023-03-12T01:29:06.802942437) [Dbg] [SimulationRunner.cc:502] Creating postupdate worker thread (10)
(2023-03-12T01:29:06.803048217) (2023-03-12T01:29:06.803066577) [Dbg] [SimulationRunner.cc:502] Creating postupdate worker thread (11)
(2023-03-12T01:29:06.803590859) (2023-03-12T01:29:06.803619329) [Msg] Particle emitter[simple_demo::dust_storm::link::dust_storm] subscribed to command messages on topic[/model/dust_storm/link/link/particle_emitter/dust_storm/cmd]
(2023-03-12T01:29:06.803879050) (2023-03-12T01:29:06.803902130) [Msg] Particle emitter[simple_demo::fog::link::fog] subscribed to command messages on topic[/model/fog/link/link/particle_emitter/fog/cmd]
(2023-03-12T01:29:06.805910217) (2023-03-12T01:29:06.805932067) [Msg] DetachableJoint subscribing to messages on [/Vessel_A/detach]
(2023-03-12T01:29:06.806130268) (2023-03-12T01:29:06.806152548) [Msg] DetachableJoint subscribing to messages on [/Vessel_A/detach]
(2023-03-12T01:29:06.806319948) (2023-03-12T01:29:06.806340768) [Msg] DetachableJoint subscribing to messages on [/Vessel_A/detach]
(2023-03-12T01:29:06.806531149) (2023-03-12T01:29:06.806552509) [Msg] DetachableJoint subscribing to messages on [/Vessel_A/detach]
(2023-03-12T01:29:06.806785160) (2023-03-12T01:29:06.806802130) [Msg] Address [base_station/target] bound to model [base_station] on topic [base_station/target]
(2023-03-12T01:29:06.806873070) (2023-03-12T01:29:06.806887310) [Dbg] [CommsEndpoint.cc:89] Succesfuly bound to [base_station/target] on topic [base_station/target]
(2023-03-12T01:29:06.807011731) (2023-03-12T01:29:06.807027901) [Msg] Address [base_station/video] bound to model [base_station] on topic [base_station/video]
(2023-03-12T01:29:06.807122721) (2023-03-12T01:29:06.807136311) [Dbg] [CommsEndpoint.cc:89] Succesfuly bound to [base_station/video] on topic [base_station/video]
(2023-03-12T01:29:06.879541155) (2023-03-12T01:29:06.879556985) [Dbg] [Physics.cc:1593] Creating detachable joint [170]
(2023-03-12T01:29:06.879715336) (2023-03-12T01:29:06.879724986) [Dbg] [Physics.cc:1593] Creating detachable joint [171]
(2023-03-12T01:29:06.879842846) (2023-03-12T01:29:06.879852056) [Dbg] [Physics.cc:1593] Creating detachable joint [172]
(2023-03-12T01:29:06.880132887) (2023-03-12T01:29:06.880143857) [Dbg] [Physics.cc:1593] Creating detachable joint [173]
(2023-03-12T01:29:06.881485751) (2023-03-12T01:29:06.881497921) [Dbg] [SimulationFeatures.cc:63] Simulation timestep set to: 0.004
(2023-03-12T01:29:06.892024634) (2023-03-12T01:29:06.892049315) [Msg] Serving scene information on [/world/simple_demo/scene/info]
(2023-03-12T01:29:06.892202465) (2023-03-12T01:29:06.892221805) [Msg] Serving graph information on [/world/simple_demo/scene/graph]
(2023-03-12T01:29:06.892363106) (2023-03-12T01:29:06.892388636) [Msg] Serving full state on [/world/simple_demo/state]
(2023-03-12T01:29:06.892573846) (2023-03-12T01:29:06.892600256) [Msg] Serving full state (async) on [/world/simple_demo/state_async]
(2023-03-12T01:29:06.892813077) (2023-03-12T01:29:06.892835677) [Msg] Publishing scene information on [/world/simple_demo/scene/info]
(2023-03-12T01:29:06.893023178) (2023-03-12T01:29:06.893044588) [Msg] Publishing entity deletions on [/world/simple_demo/scene/deletion]
(2023-03-12T01:29:06.893187228) (2023-03-12T01:29:06.893214139) [Msg] Publishing state changes on [/world/simple_demo/state]
(2023-03-12T01:29:06.893379989) (2023-03-12T01:29:06.893399489) [Msg] Publishing pose messages on [/world/simple_demo/pose/info]
(2023-03-12T01:29:06.893558910) (2023-03-12T01:29:06.893580450) [Msg] Publishing dynamic pose messages on [/world/simple_demo/dynamic_pose/info]
(2023-03-12T01:29:06.893964751) (2023-03-12T01:29:06.893984931) [Dbg] [EntityComponentManager.cc:1587] Updated state thread iterators: 24 threads processing around 8 entities each.
(2023-03-12T01:29:06.894151062) (2023-03-12T01:29:06.894176862) [Wrn] [Model.hh:69] Skipping serialization / deserialization for models with //pose/@relative_to attribute.(
2023-03-12T01:29:06.894290112) (2023-03-12T01:29:06.894328172) [Wrn] [Model.hh:69] Skipping serialization / deserialization for models with //pose/@relative_to attribute.
(2023-03-12T01:29:06.894793094) (2023-03-12T01:29:06.894811584) [Wrn] [Component.hh:144] Trying to serialize component with data type [N3sdf3v125WorldE], which doesn't have `operator<<`. Component will not be serialized.
(2023-03-12T01:29:06.920158916) (2023-03-12T01:29:06.920182696) [Dbg] [EntityComponentManager.cc:1587] Updated state thread iterators: 24 threads processing around 8 entities each.
(2023-03-12T01:29:13.536370152) (2023-03-12T01:29:13.536382412) [Msg] Linear velocity initialized to [0 0 0]
(2023-03-12T01:29:13.536436223) (2023-03-12T01:29:13.536444623) [Msg] Angular velocity initialized to [0 0 0]
(2023-03-12T01:29:13.536637963) (2023-03-12T01:29:13.536649553) [Msg] VelocityControl subscribing to twist messages on [/model/usv/cmd_vel]
(2023-03-12T01:29:13.536686033) (2023-03-12T01:29:13.536695463) [Dbg] [SystemManager.cc:58] Loaded system [ignition::gazebo::systems::VelocityControl] for entity [174]
(2023-03-12T01:29:13.537691287) (2023-03-12T01:29:13.537701757) [Dbg] [OdometryPublisher.cc:191] OdometryPublisher system plugin missing <dimensions>, defaults to "2"
(2023-03-12T01:29:13.537850737) (2023-03-12T01:29:13.537863617) [Msg] OdometryPublisher publishing odometry on [/model/usv/odometry]
(2023-03-12T01:29:13.537974318) (2023-03-12T01:29:13.537984578) [Msg] OdometryPublisher publishing odometry with covariance on [/model/usv/odometry_with_covariance]
(2023-03-12T01:29:13.538079788) (2023-03-12T01:29:13.538105298) [Msg] OdometryPublisher publishing Pose_V (TF) on [/model/usv/pose]
(2023-03-12T01:29:13.538140508) (2023-03-12T01:29:13.538149458) [Dbg] [SystemManager.cc:58] Loaded system [ignition::gazebo::systems::OdometryPublisher] for entity [174]
(2023-03-12T01:29:13.539402203) (2023-03-12T01:29:13.539414153) [Msg] Thruster listening to commands in [/model/usv/joint/left_engine_propeller_joint/cmd_thrust]
(2023-03-12T01:29:13.539480663) (2023-03-12T01:29:13.539490103) [Dbg] [Thruster.cc:288] Using velocity control for propeller joint.
(2023-03-12T01:29:13.539516163) (2023-03-12T01:29:13.539525053) [Dbg] [SystemManager.cc:58] Loaded system [ignition::gazebo::systems::Thruster] for entity [174]
(2023-03-12T01:29:13.540680857) (2023-03-12T01:29:13.540692077) [Dbg] [JointPositionController.cc:205] [JointPositionController] system parameters:
(2023-03-12T01:29:13.540718727) (2023-03-12T01:29:13.540727747) [Dbg] [JointPositionController.cc:206] p_gain: [1]
(2023-03-12T01:29:13.540757237) (2023-03-12T01:29:13.540767227) [Dbg] [JointPositionController.cc:207] i_gain: [0.1]
(2023-03-12T01:29:13.540806968) (2023-03-12T01:29:13.540816428) [Dbg] [JointPositionController.cc:208] d_gain: [0.01]
(2023-03-12T01:29:13.540843948) (2023-03-12T01:29:13.540854018) [Dbg] [JointPositionController.cc:209] i_max: [1]
(2023-03-12T01:29:13.540895618) (2023-03-12T01:29:13.540920418) [Dbg] [JointPositionController.cc:210] i_min: [-1]
(2023-03-12T01:29:13.540951118) (2023-03-12T01:29:13.540961078) [Dbg] [JointPositionController.cc:211] cmd_max: [1000]
(2023-03-12T01:29:13.540991898) (2023-03-12T01:29:13.541001058) [Dbg] [JointPositionController.cc:212] cmd_min: [-1000]
(2023-03-12T01:29:13.541030128) (2023-03-12T01:29:13.541038928) [Dbg] [JointPositionController.cc:213] cmd_offset: [0]
(2023-03-12T01:29:13.541069579) (2023-03-12T01:29:13.541084109) [Dbg] [JointPositionController.cc:214] Topic: [usv/left/thruster/joint/cmd_pos]
(2023-03-12T01:29:13.541119959) (2023-03-12T01:29:13.541129179) [Dbg] [JointPositionController.cc:215] initial_position: [0]
(2023-03-12T01:29:13.541160309) (2023-03-12T01:29:13.541170429) [Dbg] [SystemManager.cc:58] Loaded system [ignition::gazebo::systems::JointPositionController] for entity [174]
(2023-03-12T01:29:13.541493810) (2023-03-12T01:29:13.541505740) [Msg] Thruster listening to commands in [/model/usv/joint/right_engine_propeller_joint/cmd_thrust]
(2023-03-12T01:29:13.541557140) (2023-03-12T01:29:13.541567640) [Dbg] [Thruster.cc:288] Using velocity control for propeller joint.
(2023-03-12T01:29:13.541593610) (2023-03-12T01:29:13.541602880) [Dbg] [SystemManager.cc:58] Loaded system [ignition::gazebo::systems::Thruster] for entity [174]
(2023-03-12T01:29:13.541887771) (2023-03-12T01:29:13.541899231) [Dbg] [JointPositionController.cc:205] [JointPositionController] system parameters:
(2023-03-12T01:29:13.541929241) (2023-03-12T01:29:13.541938901) [Dbg] [JointPositionController.cc:206] p_gain: [1]
(2023-03-12T01:29:13.541973442) (2023-03-12T01:29:13.541982922) [Dbg] [JointPositionController.cc:207] i_gain: [0.1]
(2023-03-12T01:29:13.542039842) (2023-03-12T01:29:13.542049942) [Dbg] [JointPositionController.cc:208] d_gain: [0.01]
(2023-03-12T01:29:13.542082572) (2023-03-12T01:29:13.542093332) [Dbg] [JointPositionController.cc:209] i_max: [1]
(2023-03-12T01:29:13.542127042) (2023-03-12T01:29:13.542137072) [Dbg] [JointPositionController.cc:210] i_min: [-1]
(2023-03-12T01:29:13.542175572) (2023-03-12T01:29:13.542185522) [Dbg] [JointPositionController.cc:211] cmd_max: [1000]
(2023-03-12T01:29:13.542226852) (2023-03-12T01:29:13.542238453) [Dbg] [JointPositionController.cc:212] cmd_min: [-1000]
(2023-03-12T01:29:13.542276613) (2023-03-12T01:29:13.542286813) [Dbg] [JointPositionController.cc:213] cmd_offset: [0]
(2023-03-12T01:29:13.542327673) (2023-03-12T01:29:13.542339953) [Dbg] [JointPositionController.cc:214] Topic: [usv/right/thruster/joint/cmd_pos]
(2023-03-12T01:29:13.542391773) (2023-03-12T01:29:13.542404473) [Dbg] [JointPositionController.cc:215] initial_position: [0]
(2023-03-12T01:29:13.542450603) (2023-03-12T01:29:13.542462543) [Dbg] [SystemManager.cc:58] Loaded system [ignition::gazebo::systems::JointPositionController] for entity [174]
(2023-03-12T01:29:13.542729294) (2023-03-12T01:29:13.542742174) [Msg] Using Pierson-Moskowitz spectrum sampling wavefield model 
(2023-03-12T01:29:13.542886495) (2023-03-12T01:29:13.542896945) [Msg] Using Pierson-Moskowitz spectrum sampling wavefield model 
(2023-03-12T01:29:13.542960595) (2023-03-12T01:29:13.542970465) [Msg] Input Parameters:
(2023-03-12T01:29:13.542991085) (2023-03-12T01:29:13.543001145) [Msg] model:     PMS
(2023-03-12T01:29:13.543025625) (2023-03-12T01:29:13.543034485) [Msg] number:     3
(2023-03-12T01:29:13.543059295) (2023-03-12T01:29:13.543068125) [Msg] scale:      1.1
(2023-03-12T01:29:13.543098345) (2023-03-12T01:29:13.543106825) [Msg] angle:      0.4
(2023-03-12T01:29:13.543131686) (2023-03-12T01:29:13.543140566) [Msg] steepness:  0
(2023-03-12T01:29:13.543164306) (2023-03-12T01:29:13.543173116) [Msg] amplitude:  0
(2023-03-12T01:29:13.543198356) (2023-03-12T01:29:13.543209146) [Msg] period:     5
(2023-03-12T01:29:13.543233126) (2023-03-12T01:29:13.543242706) [Msg] direction:  1 0
(2023-03-12T01:29:13.543278746) (2023-03-12T01:29:13.543290396) [Msg] tau:  2
(2023-03-12T01:29:13.543315296) (2023-03-12T01:29:13.543322766) [Msg] gain:  0.3
(2023-03-12T01:29:13.543346486) (2023-03-12T01:29:13.543360336) [Msg] Derived Parameters:
(2023-03-12T01:29:13.543382806) (2023-03-12T01:29:13.543391656) [Msg] amplitudes:  0.0363502, 0.0392277, 0.0385703, 
(2023-03-12T01:29:13.543435637) (2023-03-12T01:29:13.543445767) [Msg] wavenumbers: 0.133171, 0.161136, 0.194975, 
(2023-03-12T01:29:13.543497847) (2023-03-12T01:29:13.543509207) [Msg] omegas:      1.1424, 1.25664, 1.3823, 
(2023-03-12T01:29:13.543565117) (2023-03-12T01:29:13.543576187) [Msg] periods:     (2023-03-12T01:29:13.543597437) (2023-03-12T01:29:13.543608797) [Msg] 5.5, (2023-03-12T01:29:13.543636017) (2023-03-12T01:29:13.543644397) [Msg] 5, (2023-03-12T01:29:13.543665777) (2023-03-12T01:29:13.543673857) [Msg] 4.54545, (2023-03-12T01:29:13.543704408) (2023-03-12T01:29:13.543713588) [Msg] 
(2023-03-12T01:29:13.543729408) (2023-03-12T01:29:13.543739948) [Msg] phases:      0, 0, 0, 
(2023-03-12T01:29:13.543783028) (2023-03-12T01:29:13.543791878) [Msg] steepnesses: 0, 0, 0, 
(2023-03-12T01:29:13.543834568) (2023-03-12T01:29:13.543842718) [Msg] directions:  (2023-03-12T01:29:13.543860038) (2023-03-12T01:29:13.543868828) [Msg] 0.921061 -0.389418; (2023-03-12T01:29:13.543895938) (2023-03-12T01:29:13.543905028) [Msg] 1 0; (2023-03-12T01:29:13.543933178) (2023-03-12T01:29:13.543942058) [Msg] 0.921061 0.389418; (2023-03-12T01:29:13.543970608) (2023-03-12T01:29:13.543978948) [Msg] 
(2023-03-12T01:29:13.544007339) (2023-03-12T01:29:13.544015619) [Dbg] [Surface.cc:161] Surface plugin successfully configured with the following parameters:
(2023-03-12T01:29:13.544043239) (2023-03-12T01:29:13.544051529) [Dbg] [Surface.cc:163]   <link_name>: base_link
(2023-03-12T01:29:13.544083879) (2023-03-12T01:29:13.544095269) [Dbg] [Surface.cc:164]   <vehicle_length>: 6
(2023-03-12T01:29:13.544130869) (2023-03-12T01:29:13.544140389) [Dbg] [Surface.cc:165]   <vehicle_width>: 3.3
(2023-03-12T01:29:13.544169429) (2023-03-12T01:29:13.544181889) [Dbg] [Surface.cc:166]   <hull_radius>: 0.27
(2023-03-12T01:29:13.544211369) (2023-03-12T01:29:13.544219729) [Dbg] [Surface.cc:167]   <num_samples>: 2
(2023-03-12T01:29:13.544246059) (2023-03-12T01:29:13.544255219) [Dbg] [Surface.cc:168]   <fluid_level>: 0.45
(2023-03-12T01:29:13.544280210) (2023-03-12T01:29:13.544289720) [Dbg] [Surface.cc:169]   <fluid_density>: 997.774
(2023-03-12T01:29:13.544320300) (2023-03-12T01:29:13.544328610) [Dbg] [SystemManager.cc:58] Loaded system [ignition::gazebo::systems::Surface] for entity [174]
(2023-03-12T01:29:13.544627381) (2023-03-12T01:29:13.544638811) [Dbg] [SimpleHydrodynamics.cc:167] SimpleHydrodynamics plugin successfully configured with the following parameters:
(2023-03-12T01:29:13.544665281) (2023-03-12T01:29:13.544675531) [Dbg] [SimpleHydrodynamics.cc:169]   <link_name>: base_link
(2023-03-12T01:29:13.544699631) (2023-03-12T01:29:13.544708601) [Dbg] [SimpleHydrodynamics.cc:170]   <xDotU>: 0
(2023-03-12T01:29:13.544735651) (2023-03-12T01:29:13.544744671) [Dbg] [SimpleHydrodynamics.cc:171]   <yDotV>: 0
(2023-03-12T01:29:13.544773891) (2023-03-12T01:29:13.544786561) [Dbg] [SimpleHydrodynamics.cc:172]   <zDotW>: 0.1
(2023-03-12T01:29:13.544812591) (2023-03-12T01:29:13.544821851) [Dbg] [SimpleHydrodynamics.cc:173]   <kDotP>: 0.1
(2023-03-12T01:29:13.544848161) (2023-03-12T01:29:13.544858012) [Dbg] [SimpleHydrodynamics.cc:174]   <mDotQ>: 0.1
(2023-03-12T01:29:13.544883542) (2023-03-12T01:29:13.544892662) [Dbg] [SimpleHydrodynamics.cc:175]   <nDotR>: 0
(2023-03-12T01:29:13.544918322) (2023-03-12T01:29:13.544927932) [Dbg] [SimpleHydrodynamics.cc:176]   <xU>: 51.3
(2023-03-12T01:29:13.544954882) (2023-03-12T01:29:13.544964422) [Dbg] [SimpleHydrodynamics.cc:177]   <xUU>: 72.4
(2023-03-12T01:29:13.544993902) (2023-03-12T01:29:13.545002512) [Dbg] [SimpleHydrodynamics.cc:178]   <yV>: 40
(2023-03-12T01:29:13.545027702) (2023-03-12T01:29:13.545036772) [Dbg] [SimpleHydrodynamics.cc:179]   <yVV>: 0
(2023-03-12T01:29:13.545063152) (2023-03-12T01:29:13.545071802) [Dbg] [SimpleHydrodynamics.cc:180]   <zW>: 500
(2023-03-12T01:29:13.545098832) (2023-03-12T01:29:13.545107002) [Dbg] [SimpleHydrodynamics.cc:181]   <zWW>: 0
(2023-03-12T01:29:13.545137212) (2023-03-12T01:29:13.545146092) [Dbg] [SimpleHydrodynamics.cc:182]   <kP>: 100
(2023-03-12T01:29:13.545172543) (2023-03-12T01:29:13.545186023) [Dbg] [SimpleHydrodynamics.cc:183]   <kPP>: 0
(2023-03-12T01:29:13.545219103) (2023-03-12T01:29:13.545227663) [Dbg] [SimpleHydrodynamics.cc:184]   <mQ>: 100
(2023-03-12T01:29:13.545262873) (2023-03-12T01:29:13.545275003) [Dbg] [SimpleHydrodynamics.cc:185]   <mQQ>: 0
(2023-03-12T01:29:13.545304053) (2023-03-12T01:29:13.545313863) [Dbg] [SimpleHydrodynamics.cc:186]   <nR>: 400
(2023-03-12T01:29:13.545344743) (2023-03-12T01:29:13.545353443) [Dbg] [SimpleHydrodynamics.cc:187]   <nRR>: 0
(2023-03-12T01:29:13.545383543) (2023-03-12T01:29:13.545392633) [Dbg] [SystemManager.cc:58] Loaded system [ignition::gazebo::systems::SimpleHydrodynamics] for entity [174]
(2023-03-12T01:29:13.546628028) (2023-03-12T01:29:13.546639298) [Dbg] [SystemManager.cc:58] Loaded system [ignition::gazebo::systems::PosePublisher] for entity [174]
(2023-03-12T01:29:13.546892788) (2023-03-12T01:29:13.546904549) [Msg] EntityDetector publishing messages on [/mbzirc/target_object_detector/placed]
(2023-03-12T01:29:13.547041679) (2023-03-12T01:29:13.547054129) [Dbg] [SystemManager.cc:58] Loaded system [mbzirc::EntityDetector] for entity [174]
(2023-03-12T01:29:13.547284060) (2023-03-12T01:29:13.547294850) [Msg] EntityDetector publishing messages on [/mbzirc/target_object_detector/placed]
(2023-03-12T01:29:13.547432720) (2023-03-12T01:29:13.547458380) [Dbg] [SystemManager.cc:58] Loaded system [mbzirc::EntityDetector] for entity [174]
(2023-03-12T01:29:13.547675511) (2023-03-12T01:29:13.547695541) [Msg] EntityDetector publishing messages on [/mbzirc/target_object_detector/placed]
(2023-03-12T01:29:13.547845232) (2023-03-12T01:29:13.547856732) [Dbg] [SystemManager.cc:58] Loaded system [mbzirc::EntityDetector] for entity [174]
(2023-03-12T01:29:13.548071243) (2023-03-12T01:29:13.548082183) [Msg] EntityDetector publishing messages on [/mbzirc/target_object_detector/placed]
(2023-03-12T01:29:13.548237333) (2023-03-12T01:29:13.548249383) [Dbg] [SystemManager.cc:58] Loaded system [mbzirc::EntityDetector] for entity [174]
(2023-03-12T01:29:13.548442854) (2023-03-12T01:29:13.548454184) [Dbg] [SystemManager.cc:58] Loaded system [ignition::gazebo::systems::CommsEndpoint] for entity [174]
(2023-03-12T01:29:13.548842185) (2023-03-12T01:29:13.548853185) [Dbg] [UserCommands.cc:1303] Created entity [174] named [usv]
(2023-03-12T01:29:13.557595535) (2023-03-12T01:29:13.557635425) [Dbg] [Sensors.cc:584] Initialization needed
(2023-03-12T01:29:13.557716116) (2023-03-12T01:29:13.557740046) [Dbg] [Sensors.cc:240] Initializing render context
(2023-03-12T01:29:13.557902646) (2023-03-12T01:29:13.557924716) [Msg] Loading plugin [ignition-rendering-ogre2]
(2023-03-12T01:29:13.558336108) (2023-03-12T01:29:13.558360748) [Dbg] [ImuSensor.cc:148] IMU data for [usv::base_link::imu_sensor] advertised on [world/simple_demo/model/usv/link/base_link/sensor/imu_sensor/imu]
(2023-03-12T01:29:13.558882980) (2023-03-12T01:29:13.558927600) [Dbg] [GameLogicPlugin.cc:1991] New Competitor Platform: usv with 0sensors
((((((((((((((((((((((2023-03-12T01:29:13.561656359) (2023-03-12T01:29:13.561694489) [Dbg] [SimulationRunner.cc:518] Exiting postupdate worker thread (11)
(2023-03-12T01:29:13.561792320) (2023-03-12T01:29:13.561826920) ) 2023-03-12T01:29:13.5618852702023-03-12T01:29:13.561905590) (2023-03-12T01:29:13.561931390) [Dbg] [SimulationRunner.cc:518] Exiting postupdate worker thread (2023-03-12T01:29:13.5618924202) (2023-03-12T01:29:13.562026710) 2023-03-12T01:29:13.5616523392023-03-12T01:29:13.5616427792023-03-12T01:29:13.5618332102023-03-12T01:29:13.5616523392023-03-12T01:29:13.5616427792023-03-12T01:29:13.5618332102023-03-12T01:29:13.562093691
2023-03-12T01:29:13.562093691
) ((2023-03-12T01:29:13.561968270(2023-03-12T01:29:13.561968270Exiting postupdate worker thread (0[Dbg] [SimulationRunner.cc:518] )
2023-03-12T01:29:13.562063641Exiting postupdate worker thread (6)
) () (2023-03-12T01:29:13.562355082) ) ) (2023-03-12T01:29:13.562433032) ) (2023-03-12T01:29:13.562491592) ) (2023-03-12T01:29:13.5624384822023-03-12T01:29:13.562557142) ) (2023-03-12T01:29:13.5623169812023-03-12T01:29:13.562620202) ) ([Dbg] [SimulationRunner.cc:518] [Dbg] [SimulationRunner.cc:518] [Dbg] [SimulationRunner.cc:518] ) Exiting postupdate worker thread (3) )) )
[Dbg] [SimulationRunner.cc:518] Exiting postupdate worker thread (Exiting postupdate worker thread (4)
)
)Exiting postupdate worker thread (9)
[Dbg] [SimulationRunner.cc:518] [Dbg] [SimulationRunner.cc:518] [Dbg] [SimulationRunner.cc:518] Exiting postupdate worker thread (5)
Exiting postupdate worker thread (1)
[Dbg] [SimulationRunner.cc:518] Exiting postupdate worker thread ([Dbg] [SimulationRunner.cc:518] Exiting postupdate worker thread (8)
)
(2023-03-12T01:29:13.563551186) (2023-03-12T01:29:13.563567606) [Dbg] [SimulationRunner.cc:491] Creating PostUpdate worker threads: 22
(2023-03-12T01:29:13.563609686) (2023-03-12T01:29:13.563620856) [Dbg] [SimulationRunner.cc:502] Creating postupdate worker thread (0)
(2023-03-12T01:29:13.563681536) (2023-03-12T01:29:13.563709126) [Dbg] [SimulationRunner.cc:502] Creating postupdate worker thread (1)
(2023-03-12T01:29:13.563776696) (2023-03-12T01:29:13.563789347) [Dbg] [SimulationRunner.cc:502] Creating postupdate worker thread (2)
(2023-03-12T01:29:13.563839737) (2023-03-12T01:29:13.563848867) [Dbg] [SimulationRunner.cc:502] Creating postupdate worker thread (3)
(2023-03-12T01:29:13.563888727) (2023-03-12T01:29:13.563897907) [Dbg] [SimulationRunner.cc:502] Creating postupdate worker thread (4)
(2023-03-12T01:29:13.563947717) (2023-03-12T01:29:13.563955747) [Dbg] [SimulationRunner.cc:502] Creating postupdate worker thread (5)
(2023-03-12T01:29:13.564001787) (2023-03-12T01:29:13.564009897) [Dbg] [SimulationRunner.cc:502] Creating postupdate worker thread (6)
(2023-03-12T01:29:13.564054207) (2023-03-12T01:29:13.564065227) [Dbg] [SimulationRunner.cc:502] Creating postupdate worker thread (7)
(2023-03-12T01:29:13.564115738) (2023-03-12T01:29:13.564124378) [Dbg] [SimulationRunner.cc:502] Creating postupdate worker thread (8)
(2023-03-12T01:29:13.564170808) (2023-03-12T01:29:13.564178938) [Dbg] [SimulationRunner.cc:502] Creating postupdate worker thread (9)
(2023-03-12T01:29:13.564226168) (2023-03-12T01:29:13.564235648) [Dbg] [SimulationRunner.cc:502] Creating postupdate worker thread (10)
(2023-03-12T01:29:13.564284738) (2023-03-12T01:29:13.564295608) [Dbg] [SimulationRunner.cc:502] Creating postupdate worker thread (11)
(2023-03-12T01:29:13.564344968) (2023-03-12T01:29:13.564353678) [Dbg] [SimulationRunner.cc:502] Creating postupdate worker thread (12)
(2023-03-12T01:29:13.564404739) (2023-03-12T01:29:13.564414029) [Dbg] [SimulationRunner.cc:502] Creating postupdate worker thread (13)
(2023-03-12T01:29:13.564465649) (2023-03-12T01:29:13.564475329) [Dbg] [SimulationRunner.cc:502] Creating postupdate worker thread (14)
(2023-03-12T01:29:13.564525349) (2023-03-12T01:29:13.564535429) [Dbg] [SimulationRunner.cc:502] Creating postupdate worker thread (15)
(2023-03-12T01:29:13.564582699) (2023-03-12T01:29:13.564593119) [Dbg] [SimulationRunner.cc:502] Creating postupdate worker thread (16)
(2023-03-12T01:29:13.564641089) (2023-03-12T01:29:13.564650199) [Dbg] [SimulationRunner.cc:502] Creating postupdate worker thread (17)
(2023-03-12T01:29:13.564700280) (2023-03-12T01:29:13.564708360) [Dbg] [SimulationRunner.cc:502] Creating postupdate worker thread (18)
(2023-03-12T01:29:13.564759450) (2023-03-12T01:29:13.564771100) [Dbg] [SimulationRunner.cc:502] Creating postupdate worker thread (19)
(2023-03-12T01:29:13.564825970) (2023-03-12T01:29:13.564836250) [Dbg] [SimulationRunner.cc:502] Creating postupdate worker thread (20)
(2023-03-12T01:29:13.565249822) (2023-03-12T01:29:13.565265902) [Msg] Address [usv] bound to model [usv] on topic [model/usv/rx]
(2023-03-12T01:29:13.565319482) (2023-03-12T01:29:13.565329502) [Dbg] [CommsEndpoint.cc:89] Succesfuly bound to [usv] on topic [model/usv/rx]
(2023-03-12T01:29:13.987778601) (2023-03-12T01:29:13.987790881) [Dbg] [RenderUtil.cc:2529] Create scene [scene]
(2023-03-12T01:29:14.25251632) (2023-03-12T01:29:14.25268512) [Dbg] [Sensors.cc:254] Rendering Thread initialized
(2023-03-12T01:29:14.29515596) (2023-03-12T01:29:14.29527006) [Wrn] [Ogre2Heightmap.cc:125] Heightmap final sampling should be 2^n
 which differs from ogre1's 2^n+1
The last row and column will be cropped
size = (width * sampling) - sampling + 1
[257] = ([257] * [1]) - [1] + 1
(2023-03-12T01:29:14.34186742) (2023-03-12T01:29:14.34201082) [Msg] Loading heightmap: scene::Heightmap(65478)
(2023-03-12T01:29:14.34229933) (2023-03-12T01:29:14.34238093) [Msg] Heightmap loaded. Process took 0 ms.
(2023-03-12T01:29:17.603992862) (2023-03-12T01:29:17.604012022) [Dbg] [Ogre2ParticleEmitter.cc:514] Particle emitter initialized
(2023-03-12T01:29:17.604204202) (2023-03-12T01:29:17.604219482) [Dbg] [Ogre2ParticleEmitter.cc:514] Particle emitter initialized
(2023-03-12T01:29:17.604434543) (2023-03-12T01:29:17.604450783) [Dbg] [Ogre2ParticleEmitter.cc:514] Particle emitter initialized
(2023-03-12T01:29:18.153263641) (2023-03-12T01:29:18.153281721) [Dbg] [Ogre2ParticleEmitter.cc:514] Particle emitter initialized
(2023-03-12T01:29:18.153504022) (2023-03-12T01:29:18.153516212) [Dbg] [Ogre2ParticleEmitter.cc:514] Particle emitter initialized
(2023-03-12T01:29:18.153658112) (2023-03-12T01:29:18.153672712) [Dbg] [Ogre2ParticleEmitter.cc:514] Particle emitter initialized
(2023-03-12T01:29:18.164238550) (2023-03-12T01:29:18.164256090) [Dbg] [Lidar.cc:122] Laser scans for [usv::sensor_6::sensor_link::lidar] advertised on [world/simple_demo/model/usv/model/sensor_6/link/sensor_link/sensor/lidar/scan]
(2023-03-12T01:29:18.164652432) (2023-03-12T01:29:18.164669742) [Dbg] [GpuLidarSensor.cc:164] Lidar points for [usv::sensor_6::sensor_link::lidar] advertised on [world/simple_demo/model/usv/model/sensor_6/link/sensor_link/sensor/lidar/scan/points]
(2023-03-12T01:29:18.164962003) (2023-03-12T01:29:18.164973013) [Msg] Loading plugin [ignition-rendering-ogre2]
(2023-03-12T01:29:18.306854275) (2023-03-12T01:29:18.306892235) [Dbg] [EntityComponentManager.cc:1587] Updated state thread iterators: 24 threads processing around 10 entities each.
(2023-03-12T01:31:12.600973498) (2023-03-12T01:31:12.600994989) [Msg] Scoring has Started
(2023-03-12T01:31:12.601351611) (2023-03-12T01:31:12.601362271) [Err] [GameLogicPlugin.cc:2121] Invalid configuration detected: 
[usv] Initial Position (10 40 0.299843) is not in the starting area -15 -15 -5 15 15 5
(2023-03-12T01:32:23.585905116) (2023-03-12T01:32:23.585928776) [Dbg] [SignalHandler.cc:141] Received signal[2].
(2023-03-12T01:32:23.585974596) (2023-03-12T01:32:23.585986396) [Dbg] [ServerPrivate.cc:110] Server received signal[2]
(2023-03-12T01:32:23.586030207) (2023-03-12T01:32:23.586042737) [Dbg] [Sensors.cc:406] SensorsPrivate::Stop
(2023-03-12T01:32:23.588596894) (2023-03-12T01:32:23.588626464) [Dbg] [Sensors.cc:392] SensorsPrivate::RenderThread stopped
(2023-03-12T01:32:23.595071056) (2023-03-12T01:32:23.595097597) [Dbg] [ign.cc:410] Shutting down ign-gazebo-server
((2023-03-12T01:32:23.5999798772023-03-12T01:32:23.599979877) (2023-03-12T01:32:23.600013787) (((((2023-03-12T01:32:23.600169948) (2023-03-12T01:32:23.600202518() (((2023-03-12T01:32:23.600286429) (2023-03-12T01:32:23.600310119) (2023-03-12T01:32:23.600362280) ) ) (2023-03-12T01:32:23.6000870082023-03-12T01:32:23.600412040) (2023-03-12T01:32:23.6003311692023-03-12T01:32:23.600446430) 2023-03-12T01:32:23.599985297(2023-03-12T01:32:23.599985297(((2023-03-12T01:32:23.600122858) ) 2023-03-12T01:32:23.600526431) 2023-03-12T01:32:23.6005264312023-03-12T01:32:23.600537481) ) [Dbg] [SimulationRunner.cc:518] ) ((2023-03-12T01:32:23.600581541) ) ((2023-03-12T01:32:23.600661161) (2023-03-12T01:32:23.6005070302023-03-12T01:32:23.600689232) (2023-03-12T01:32:23.600711932(2023-03-12T01:32:23.6007119322023-03-12T01:32:23.600527751(2023-03-12T01:32:23.6007119322023-03-12T01:32:23.600527751) (2023-03-12T01:32:23.600747692) ) (2023-03-12T01:32:23.6007945822023-03-12T01:32:23.600794582) (2023-03-12T01:32:23.600846653) 2023-03-12T01:32:23.600886703) (2023-03-12T01:32:23.600914543) ) ) ) () ) (2023-03-12T01:32:23.601030174) 2023-03-12T01:32:23.600143578) (2023-03-12T01:32:23.601072054) 2023-03-12T01:32:23.601002174) () (2023-03-12T01:32:23.6010753742023-03-12T01:32:23.601129695) ) (2023-03-12T01:32:23.601171355) ) (2023-03-12T01:32:23.601204575) ) (2023-03-12T01:32:23.601232175) Exiting postupdate worker thread ([Dbg] [SimulationRunner.cc:518] Exiting postupdate worker thread (20)
[Dbg] [SimulationRunner.cc:518] [Dbg] [SimulationRunner.cc:518] [Dbg] [SimulationRunner.cc:518] Exiting postupdate worker thread (16)
[Dbg] [SimulationRunner.cc:518] Exiting postupdate worker thread (6)
[Dbg] [SimulationRunner.cc:518] [Dbg] [SimulationRunner.cc:518] Exiting postupdate worker thread ([Dbg] [SimulationRunner.cc:518] 8)
[Dbg] [SimulationRunner.cc:518] Exiting postupdate worker thread (18)
Exiting postupdate worker thread (4)
[Dbg] [SimulationRunner.cc:518] Exiting postupdate worker thread (14)
Exiting postupdate worker thread (2)
[Dbg] [SimulationRunner.cc:518] Exiting postupdate worker thread ([Dbg] [SimulationRunner.cc:518] Exiting postupdate worker thread (Exiting postupdate worker thread (Exiting postupdate worker thread (15)
Exiting postupdate worker thread (Exiting postupdate worker thread ([Dbg] [SimulationRunner.cc:518] [Dbg] [SimulationRunner.cc:518] Exiting postupdate worker thread (19)
)
[Dbg] [SimulationRunner.cc:518] Exiting postupdate worker thread (0)
[Dbg] [SimulationRunner.cc:518] Exiting postupdate worker thread (3Exiting postupdate worker thread (9)
3Exiting postupdate worker thread ()Exiting postupdate worker thread (17)

Exiting postupdate worker thread (12)
5Exiting postupdate worker thread (10)
)
13)
Exiting postupdate worker thread (11)
1)
(2023-03-12T01:32:23.647567878) (2023-03-12T01:32:23.647588168) [Dbg] [Sensors.cc:406] SensorsPrivate::Stop
(2023-03-12T01:32:23.671156172) (2023-03-12T01:32:23.671180942) [Msg] Stopping recording
(2023-03-12T01:32:23.704436109) (2023-03-12T01:32:23.704457329) [Msg] Scoring has finished. Elapsed real time: 71 seconds. Elapsed sim time: 62 seconds. 
