(2023-02-21T19:19:42.417117777) (2023-02-21T19:19:42.417129457) [Msg] Ignition Gazebo Server v6.11.0
(2023-02-21T19:19:42.419902618) (2023-02-21T19:19:42.419914649) [Msg] Loading SDF world file[/home/developer/mbzirc_ws/install/share/mbzirc_ign/worlds/simple_demo.sdf].
(2023-02-21T19:19:42.562100638) (2023-02-21T19:19:42.562110539) [Msg] Downloading model [https://fuel.ignitionrobotics.org/openrobotics/models/fortress heightmap]
(2023-02-21T19:19:50.282589434) (2023-02-21T19:19:50.282602685) [Dbg] [Zip.cc:180] Created file [/home/developer/.ignition/fuel/fuel.ignitionrobotics.org/openrobotics/models/fortress heightmap/1/materials/textures/dirt_diffusespecular.png]
(2023-02-21T19:19:50.282688516) (2023-02-21T19:19:50.282696126) [Dbg] [Zip.cc:180] Created file [/home/developer/.ignition/fuel/fuel.ignitionrobotics.org/openrobotics/models/fortress heightmap/1/materials/textures/flat_normal.png]
(2023-02-21T19:19:50.282779017) (2023-02-21T19:19:50.282786057) [Dbg] [Zip.cc:180] Created file [/home/developer/.ignition/fuel/fuel.ignitionrobotics.org/openrobotics/models/fortress heightmap/1/materials/textures/fortress_heightmap.png]
(2023-02-21T19:19:50.291684829) (2023-02-21T19:19:50.291692799) [Dbg] [Zip.cc:180] Created file [/home/developer/.ignition/fuel/fuel.ignitionrobotics.org/openrobotics/models/fortress heightmap/1/materials/textures/fungus_diffusespecular.png]
(2023-02-21T19:19:50.301955772) (2023-02-21T19:19:50.301962942) [Dbg] [Zip.cc:180] Created file [/home/developer/.ignition/fuel/fuel.ignitionrobotics.org/openrobotics/models/fortress heightmap/1/materials/textures/grass_diffusespecular.png]
(2023-02-21T19:19:50.302011843) (2023-02-21T19:19:50.302018603) [Dbg] [Zip.cc:180] Created file [/home/developer/.ignition/fuel/fuel.ignitionrobotics.org/openrobotics/models/fortress heightmap/1/model.config]
(2023-02-21T19:19:50.302080454) (2023-02-21T19:19:50.302086964) [Dbg] [Zip.cc:180] Created file [/home/developer/.ignition/fuel/fuel.ignitionrobotics.org/openrobotics/models/fortress heightmap/1/model.sdf]
(2023-02-21T19:19:50.305313592) (2023-02-21T19:19:50.305320862) [Dbg] [Zip.cc:180] Created file [/home/developer/.ignition/fuel/fuel.ignitionrobotics.org/openrobotics/models/fortress heightmap/1/thumbnails/0.png]
(2023-02-21T19:19:50.307581805) (2023-02-21T19:19:50.307589755) [Dbg] [Zip.cc:180] Created file [/home/developer/.ignition/fuel/fuel.ignitionrobotics.org/openrobotics/models/fortress heightmap/1/thumbnails/1.png]
(2023-02-21T19:19:50.310582859) (2023-02-21T19:19:50.310589319) [Dbg] [Zip.cc:180] Created file [/home/developer/.ignition/fuel/fuel.ignitionrobotics.org/openrobotics/models/fortress heightmap/1/thumbnails/2.png]
(2023-02-21T19:19:50.349825362) (2023-02-21T19:19:50.349835242) [Msg] Downloading model [https://fuel.ignitionrobotics.org/openrobotics/models/vessel a]
(2023-02-21T19:20:00.331308379) (2023-02-21T19:20:00.331319289) [Dbg] [Zip.cc:180] Created file [/home/developer/.ignition/fuel/fuel.ignitionrobotics.org/openrobotics/models/vessel a/7/materials/textures/Boat01_Albedo.jpg]
(2023-02-21T19:20:00.383497760) (2023-02-21T19:20:00.383511770) [Dbg] [Zip.cc:180] Created file [/home/developer/.ignition/fuel/fuel.ignitionrobotics.org/openrobotics/models/vessel a/7/materials/textures/Boat01_Normal.jpg]
(2023-02-21T19:20:00.392743115) (2023-02-21T19:20:00.392749945) [Dbg] [Zip.cc:180] Created file [/home/developer/.ignition/fuel/fuel.ignitionrobotics.org/openrobotics/models/vessel a/7/materials/textures/Boat01_Roughness.jpg]
(2023-02-21T19:20:00.398418529) (2023-02-21T19:20:00.398426909) [Dbg] [Zip.cc:180] Created file [/home/developer/.ignition/fuel/fuel.ignitionrobotics.org/openrobotics/models/vessel a/7/meshes/Boat01.dae]
(2023-02-21T19:20:00.398474819) (2023-02-21T19:20:00.398481519) [Dbg] [Zip.cc:180] Created file [/home/developer/.ignition/fuel/fuel.ignitionrobotics.org/openrobotics/models/vessel a/7/model.config]
(2023-02-21T19:20:00.398544390) (2023-02-21T19:20:00.398551511) [Dbg] [Zip.cc:180] Created file [/home/developer/.ignition/fuel/fuel.ignitionrobotics.org/openrobotics/models/vessel a/7/model.sdf]
(2023-02-21T19:20:00.399544045) (2023-02-21T19:20:00.399551505) [Dbg] [Zip.cc:180] Created file [/home/developer/.ignition/fuel/fuel.ignitionrobotics.org/openrobotics/models/vessel a/7/thumbnails/1.png]
(2023-02-21T19:20:00.419506106) (2023-02-21T19:20:00.419515506) [Msg] Downloading model [https://fuel.ignitionrobotics.org/openrobotics/models/small blue box]
(2023-02-21T19:20:07.91581108) (2023-02-21T19:20:07.91590608) [Dbg] [Zip.cc:180] Created file [/home/developer/.ignition/fuel/fuel.ignitionrobotics.org/openrobotics/models/small blue box/3/materials/textures/BlueBoxSmall_Albedo.jpg]
(2023-02-21T19:20:07.106441202) (2023-02-21T19:20:07.106448262) [Dbg] [Zip.cc:180] Created file [/home/developer/.ignition/fuel/fuel.ignitionrobotics.org/openrobotics/models/small blue box/3/materials/textures/BlueBoxSmall_Normal.jpg]
(2023-02-21T19:20:07.106540094) (2023-02-21T19:20:07.106546124) [Dbg] [Zip.cc:180] Created file [/home/developer/.ignition/fuel/fuel.ignitionrobotics.org/openrobotics/models/small blue box/3/materials/textures/BlueBoxSmall_Roughness.png]
(2023-02-21T19:20:07.107748901) (2023-02-21T19:20:07.107756101) [Dbg] [Zip.cc:180] Created file [/home/developer/.ignition/fuel/fuel.ignitionrobotics.org/openrobotics/models/small blue box/3/meshes/blueboxsmall.dae]
(2023-02-21T19:20:07.107801412) (2023-02-21T19:20:07.107807432) [Dbg] [Zip.cc:180] Created file [/home/developer/.ignition/fuel/fuel.ignitionrobotics.org/openrobotics/models/small blue box/3/model.config]
(2023-02-21T19:20:07.107873123) (2023-02-21T19:20:07.107879743) [Dbg] [Zip.cc:180] Created file [/home/developer/.ignition/fuel/fuel.ignitionrobotics.org/openrobotics/models/small blue box/3/model.sdf]
(2023-02-21T19:20:07.108342029) (2023-02-21T19:20:07.108348949) [Dbg] [Zip.cc:180] Created file [/home/developer/.ignition/fuel/fuel.ignitionrobotics.org/openrobotics/models/small blue box/3/thumbnails/1.png]
(2023-02-21T19:20:07.146356218) (2023-02-21T19:20:07.146365359) [Msg] Downloading model [https://fuel.ignitionrobotics.org/openrobotics/models/large dry box handles]
(2023-02-21T19:20:14.958662445) (2023-02-21T19:20:14.958672145) [Dbg] [Zip.cc:180] Created file [/home/developer/.ignition/fuel/fuel.ignitionrobotics.org/openrobotics/models/large dry box handles/2/materials/textures/LargeDryBox_Albedo.jpg]
(2023-02-21T19:20:14.983067412) (2023-02-21T19:20:14.983076582) [Dbg] [Zip.cc:180] Created file [/home/developer/.ignition/fuel/fuel.ignitionrobotics.org/openrobotics/models/large dry box handles/2/materials/textures/LargeDryBox_Normal.jpg]
(2023-02-21T19:20:14.989935830) (2023-02-21T19:20:14.989942640) [Dbg] [Zip.cc:180] Created file [/home/developer/.ignition/fuel/fuel.ignitionrobotics.org/openrobotics/models/large dry box handles/2/materials/textures/LargeDryBox_Roughness.jpg]
(2023-02-21T19:20:14.991565404) (2023-02-21T19:20:14.991572204) [Dbg] [Zip.cc:180] Created file [/home/developer/.ignition/fuel/fuel.ignitionrobotics.org/openrobotics/models/large dry box handles/2/meshes/largedrybox.dae]
(2023-02-21T19:20:14.991612964) (2023-02-21T19:20:14.991619584) [Dbg] [Zip.cc:180] Created file [/home/developer/.ignition/fuel/fuel.ignitionrobotics.org/openrobotics/models/large dry box handles/2/model.config]
(2023-02-21T19:20:14.991703846) (2023-02-21T19:20:14.991710046) [Dbg] [Zip.cc:180] Created file [/home/developer/.ignition/fuel/fuel.ignitionrobotics.org/openrobotics/models/large dry box handles/2/model.sdf]
(2023-02-21T19:20:14.992347535) (2023-02-21T19:20:14.992354015) [Dbg] [Zip.cc:180] Created file [/home/developer/.ignition/fuel/fuel.ignitionrobotics.org/openrobotics/models/large dry box handles/2/thumbnails/1.png]
(2023-02-21T19:20:15.80215644) (2023-02-21T19:20:15.80226495) [Msg] Serving entity system service on [/entity/system/add]
(2023-02-21T19:20:15.154045534) (2023-02-21T19:20:15.154061484) [Dbg] [Physics.cc:803] Loaded [ignition::physics::dartsim::Plugin] from library [/usr/lib/x86_64-linux-gnu/ign-physics-5/engine-plugins/libignition-physics-dartsim-plugin.so]
(2023-02-21T19:20:15.154135865) (2023-02-21T19:20:15.154146365) [Dbg] [SystemManager.cc:58] Loaded system [ignition::gazebo::systems::Physics] for entity [1]
(2023-02-21T19:20:15.157273970) (2023-02-21T19:20:15.157282490) [Msg] Create service on [/world/simple_demo/create]
(2023-02-21T19:20:15.157376791) (2023-02-21T19:20:15.157383881) [Msg] Remove service on [/world/simple_demo/remove]
(2023-02-21T19:20:15.157464092) (2023-02-21T19:20:15.157470872) [Msg] Pose service on [/world/simple_demo/set_pose]
(2023-02-21T19:20:15.157542303) (2023-02-21T19:20:15.157549033) [Msg] Pose service on [/world/simple_demo/set_pose_vector]
(2023-02-21T19:20:15.157653185) (2023-02-21T19:20:15.157660145) [Msg] Light configuration service on [/world/simple_demo/light_config]
(2023-02-21T19:20:15.157811017) (2023-02-21T19:20:15.157819457) [Msg] Physics service on [/world/simple_demo/set_physics]
(2023-02-21T19:20:15.157901778) (2023-02-21T19:20:15.157908969) [Msg] SphericalCoordinates service on [/world/simple_demo/set_spherical_coordinates]
(2023-02-21T19:20:15.157964849) (2023-02-21T19:20:15.157971749) [Msg] Enable collision service on [/world/simple_demo/enable_collision]
(2023-02-21T19:20:15.158028190) (2023-02-21T19:20:15.158035110) [Msg] Disable collision service on [/world/simple_demo/disable_collision]
(2023-02-21T19:20:15.158143132) (2023-02-21T19:20:15.158150182) [Msg] Material service on [/world/simple_demo/visual_config]
(2023-02-21T19:20:15.158226303) (2023-02-21T19:20:15.158233233) [Msg] Material service on [/world/simple_demo/wheel_slip]
(2023-02-21T19:20:15.158260994) (2023-02-21T19:20:15.158267314) [Dbg] [SystemManager.cc:58] Loaded system [ignition::gazebo::systems::UserCommands] for entity [1]
(2023-02-21T19:20:15.182052982) (2023-02-21T19:20:15.182060492) [Dbg] [Sensors.cc:479] Configuring Sensors system
(2023-02-21T19:20:15.182113603) (2023-02-21T19:20:15.182120193) [Dbg] [Sensors.cc:398] SensorsPrivate::Run
(2023-02-21T19:20:15.182191904) (2023-02-21T19:20:15.182201514) [Dbg] [SystemManager.cc:58] Loaded system [ignition::gazebo::systems::Sensors2023-02-21T19:20:15.182216594) (] for entity [2023-02-21T19:20:15.18225598511) ]
[Dbg] [Sensors.cc:378] SensorsPrivate::RenderThread started
(2023-02-21T19:20:15.182322656) (2023-02-21T19:20:15.182335946) [Dbg] [Sensors.cc:228] Waiting for init
(2023-02-21T19:20:15.184359045) (2023-02-21T19:20:15.184366285) [Dbg] [SystemManager.cc:58] Loaded system [ignition::gazebo::systems::AirPressure] for entity [1]
(2023-02-21T19:20:15.186693379) (2023-02-21T19:20:15.186700709) [Dbg] [SystemManager.cc:58] Loaded system [ignition::gazebo::systems::Altimeter] for entity [1]
(2023-02-21T19:20:15.189038842) (2023-02-21T19:20:15.189046092) [Dbg] [SystemManager.cc:58] Loaded system [ignition::gazebo::systems::Imu] for entity [1]
(2023-02-21T19:20:15.191415176) (2023-02-21T19:20:15.191422406) [Dbg] [SystemManager.cc:58] Loaded system [ignition::gazebo::systems::Magnetometer] for entity [1]
(2023-02-21T19:20:15.193880890) (2023-02-21T19:20:15.193887990) [Dbg] [SystemManager.cc:58] Loaded system [ignition::gazebo::systems::ForceTorque] for entity [1]
(2023-02-21T19:20:15.195886808) (2023-02-21T19:20:15.195894078) [Msg] Serving particle emitter information on [/world/simple_demo/particle_emitters]
(2023-02-21T19:20:15.195928509) (2023-02-21T19:20:15.195934739) [Dbg] [SystemManager.cc:58] Loaded system [ignition::gazebo::systems::ParticleEmitter2] for entity [1]
(2023-02-21T19:20:15.198976632) (2023-02-21T19:20:15.198983713) [Dbg] [SystemManager.cc:58] Loaded system [ignition::gazebo::systems::SceneBroadcaster] for entity [1]
(2023-02-21T19:20:15.201136543) (2023-02-21T19:20:15.201144703) [Dbg] [SystemManager.cc:58] Loaded system [ignition::gazebo::systems::Contact] for entity [1]
(2023-02-21T19:20:15.203077801) (2023-02-21T19:20:15.203084931) [Dbg] [RFComms.cc:385] Range configuration:
RF Configuration (range-based)
-- max_range: 500000
-- fading_exponent: 2.6
-- l0: 40
-- sigma: 10

(2023-02-21T19:20:15.203158372) (2023-02-21T19:20:15.203166282) [Dbg] [RFComms.cc:388] Radio configuration:
Radio Configuration
-- capacity: 1e+06
-- tx_power: 25
-- noise_floor: -90
-- modulation: QPSK

(2023-02-21T19:20:15.203608179) (2023-02-21T19:20:15.203615469) [Dbg] [Broker.cc:113] Broker services:
(2023-02-21T19:20:15.203634489) (2023-02-21T19:20:15.203640739) [Dbg] [Broker.cc:114]   Bind: [/broker/bind]
(2023-02-21T19:20:15.203660189) (2023-02-21T19:20:15.203667760) [Dbg] [Broker.cc:115]   Unbind: [/broker/unbind]
(2023-02-21T19:20:15.203691210) (2023-02-21T19:20:15.203697770) [Dbg] [Broker.cc:116] Broker topics:
(2023-02-21T19:20:15.203712450) (2023-02-21T19:20:15.203718590) [Dbg] [Broker.cc:117]   Incoming messages: [/broker/msgs]
(2023-02-21T19:20:15.203743641) (2023-02-21T19:20:15.203750751) [Dbg] [SystemManager.cc:58] Loaded system [ignition::gazebo::systems::RFComms] for entity [1]
(2023-02-21T19:20:15.209468123) (2023-02-21T19:20:15.209475473) [Dbg] [RFRange.cc:339] RFRange sensor range configuration:
RF Configuration (range-based)
-- max_range: 500000
-- fading_exponent: 2.6
-- l0: 40
-- sigma: 0.005
-- rssi_1: -15

(2023-02-21T19:20:15.209553974) (2023-02-21T19:20:15.209560684) [Dbg] [RFRange.cc:342] RFRange sensor radio configuration:
Radio Configuration
-- tx_power: 25
-- noise_floor: -90

(2023-02-21T19:20:15.209618155) (2023-02-21T19:20:15.209624225) [Dbg] [SystemManager.cc:58] Loaded system [ignition::gazebo::systems::RFRange] for entity [1]
(2023-02-21T19:20:15.215029350) (2023-02-21T19:20:15.215037640) [Msg] Recording to log file [/tmp/ign/mbzirc/playback/state.tlog]
(2023-02-21T19:20:15.215064851) (2023-02-21T19:20:15.215070621) [Dbg] [LogRecord.cc:334] Recording default topic[/playback/sdf].
(2023-02-21T19:20:15.215091371) (2023-02-21T19:20:15.215096911) [Dbg] [LogRecord.cc:335] Recording default topic[/world/simple_demo/changed_state].
(2023-02-21T19:20:15.254749355) (2023-02-21T19:20:15.254764375) [Dbg] [SystemManager.cc:58] Loaded system [ignition::gazebo::systems::LogRecord] for entity [1]
(2023-02-21T19:20:15.258547279) (2023-02-21T19:20:15.258569049) [Dbg] [SystemManager.cc:58] Loaded system [ignition::gazebo::systems::WindEffects] for entity [1]
(2023-02-21T19:20:15.268741755) (2023-02-21T19:20:15.268749085) [Msg] MBZIRC log path: /tmp/ign/mbzirc/logs
(2023-02-21T19:20:15.268786406) (2023-02-21T19:20:15.268792496) [Wrn] [Filesystem.cc:140] The path [/tmp/ign/mbzirc/logs] does not refer to a directory nor to a file
(2023-02-21T19:20:15.268916287) (2023-02-21T19:20:15.268923178) [Msg] Run duration set to 3600 seconds.
(2023-02-21T19:20:15.268972238) (2023-02-21T19:20:15.268978648) [Msg] Geofence boundary min: -70 -70 -25, max: 70 70 121.92
(2023-02-21T19:20:15.269044179) (2023-02-21T19:20:15.269049899) [Msg] Start area boundary min: -15 -15 -5, max: 15 15 5
(2023-02-21T19:20:15.269096850) (2023-02-21T19:20:15.269103060) [Msg] Setup duration set to 600 seconds.
(2023-02-21T19:20:15.269126240) (2023-02-21T19:20:15.269132231) [Msg] Target vessel: Vessel A
(2023-02-21T19:20:15.269173821) (2023-02-21T19:20:15.269179371) [Msg]   Small object: small_blue_box_a
(2023-02-21T19:20:15.269198062) (2023-02-21T19:20:15.269204392) [Msg]   Small object: small_blue_box_a_duplicate
(2023-02-21T19:20:15.269223762) (2023-02-21T19:20:15.269229572) [Msg]   Large object: large_dry_box_a
(2023-02-21T19:20:15.269248102) (2023-02-21T19:20:15.269253812) [Msg]   Large object: large_dry_box_a_duplicate
(2023-02-21T19:20:15.270233196) (2023-02-21T19:20:15.270244376) [Msg] Starting MBZIRC
(2023-02-21T19:20:15.270361598) (2023-02-21T19:20:15.270368878) [Dbg] [SystemManager.cc:58] Loaded system [mbzirc::GameLogicPlugin] for entity [1]
(2023-02-21T19:20:15.281741229) (2023-02-21T19:20:15.281752559) [Msg] Using Pierson-Moskowitz spectrum sampling wavefield model 
(2023-02-21T19:20:15.282383398) (2023-02-21T19:20:15.282394758) [Msg] Using Pierson-Moskowitz spectrum sampling wavefield model 
(2023-02-21T19:20:15.282563871) (2023-02-21T19:20:15.282574901) [Msg] Input Parameters:
(2023-02-21T19:20:15.282609802) (2023-02-21T19:20:15.282622052) [Msg] model:     PMS
(2023-02-21T19:20:15.282675362) (2023-02-21T19:20:15.282688743) [Msg] number:     3
(2023-02-21T19:20:15.282731883) (2023-02-21T19:20:15.282744773) [Msg] scale:      1.1
(2023-02-21T19:20:15.282797684) (2023-02-21T19:20:15.282812804) [Msg] angle:      0.4
(2023-02-21T19:20:15.282850425) (2023-02-21T19:20:15.282859615) [Msg] steepness:  0
(2023-02-21T19:20:15.282890746) (2023-02-21T19:20:15.282904246) [Msg] amplitude:  0
(2023-02-21T19:20:15.282946836) (2023-02-21T19:20:15.282960087) [Msg] period:     5
(2023-02-21T19:20:15.283003007) (2023-02-21T19:20:15.283017887) [Msg] direction:  1 0
(2023-02-21T19:20:15.283085418) (2023-02-21T19:20:15.283097339) [Msg] tau:  2
(2023-02-21T19:20:15.283122709) (2023-02-21T19:20:15.283130919) [Msg] gain:  0.3
(2023-02-21T19:20:15.283164869) (2023-02-21T19:20:15.283177220) [Msg] Derived Parameters:
(2023-02-21T19:20:15.283208960) (2023-02-21T19:20:15.283219140) [Msg] amplitudes:  0.0363502, 0.0392277, 0.0385703, 
(2023-02-21T19:20:15.283314072) (2023-02-21T19:20:15.283328982) [Msg] wavenumbers: 0.133171, 0.161136, 0.194975, 
(2023-02-21T19:20:15.283407293) (2023-02-21T19:20:15.283421503) [Msg] omegas:      1.1424, 1.25664, 1.3823, 
(2023-02-21T19:20:15.283497354) (2023-02-21T19:20:15.283510484) [Msg] periods:     (2023-02-21T19:20:15.283551215) (2023-02-21T19:20:15.283564855) [Msg] 5.5, (2023-02-21T19:20:15.283603796) (2023-02-21T19:20:15.283617416) [Msg] 5, (2023-02-21T19:20:15.283652456) (2023-02-21T19:20:15.283667617) [Msg] 4.54545, (2023-02-21T19:20:15.283703767) (2023-02-21T19:20:15.283716877) [Msg] 
(2023-02-21T19:20:15.283745348) (2023-02-21T19:20:15.283758178) [Msg] phases:      0, 0, 0, 
(2023-02-21T19:20:15.283833149) (2023-02-21T19:20:15.283847059) [Msg] steepnesses: 0, 0, 0, 
(2023-02-21T19:20:15.283924090) (2023-02-21T19:20:15.283938371) [Msg] directions:  (2023-02-21T19:20:15.283972691) (2023-02-21T19:20:15.283986301) [Msg] 0.921061 -0.389418; (2023-02-21T19:20:15.284039842) (2023-02-21T19:20:15.284053782) [Msg] 1 0; (2023-02-21T19:20:15.284102533) (2023-02-21T19:20:15.284116283) [Msg] 0.921061 0.389418; (2023-02-21T19:20:15.284166594) (2023-02-21T19:20:15.284180324) [Msg] 
(2023-02-21T19:20:15.284995146) (2023-02-21T19:20:15.285006906) [Dbg] [SystemManager.cc:58] Loaded system [ignition::gazebo::systems::WaveVisual] for entity [23]
(2023-02-21T19:20:15.290901340) (2023-02-21T19:20:15.290909700) [Msg] Using Pierson-Moskowitz spectrum sampling wavefield model 
(2023-02-21T19:20:15.291082373) (2023-02-21T19:20:15.291089353) [Msg] Using Pierson-Moskowitz spectrum sampling wavefield model 
(2023-02-21T19:20:15.291124783) (2023-02-21T19:20:15.291130883) [Msg] Input Parameters:
(2023-02-21T19:20:15.291147493) (2023-02-21T19:20:15.291153574) [Msg] model:     PMS
(2023-02-21T19:20:15.291172024) (2023-02-21T19:20:15.291177414) [Msg] number:     3
(2023-02-21T19:20:15.291195624) (2023-02-21T19:20:15.291201404) [Msg] scale:      1.1
(2023-02-21T19:20:15.291221274) (2023-02-21T19:20:15.291226955) [Msg] angle:      0.4
(2023-02-21T19:20:15.291245265) (2023-02-21T19:20:15.291250895) [Msg] steepness:  0
(2023-02-21T19:20:15.291269875) (2023-02-21T19:20:15.291276815) [Msg] amplitude:  0
(2023-02-21T19:20:15.291293065) (2023-02-21T19:20:15.291298366) [Msg] period:     5
(2023-02-21T19:20:15.291314866) (2023-02-21T19:20:15.291320426) [Msg] direction:  1 0
(2023-02-21T19:20:15.291344436) (2023-02-21T19:20:15.291350676) [Msg] tau:  2
(2023-02-21T19:20:15.291367656) (2023-02-21T19:20:15.291374197) [Msg] gain:  0.3
(2023-02-21T19:20:15.291390947) (2023-02-21T19:20:15.291396397) [Msg] Derived Parameters:
(2023-02-21T19:20:15.291409907) (2023-02-21T19:20:15.291415637) [Msg] amplitudes:  0.0363502, 0.0392277, 0.0385703, 
(2023-02-21T19:20:15.291445538) (2023-02-21T19:20:15.291450838) [Msg] wavenumbers: 0.133171, 0.161136, 0.194975, 
(2023-02-21T19:20:15.291482088) (2023-02-21T19:20:15.291487818) [Msg] omegas:      1.1424, 1.25664, 1.3823, 
(2023-02-21T19:20:15.291517919) (2023-02-21T19:20:15.291524549) [Msg] periods:     (2023-02-21T19:20:15.291535589) (2023-02-21T19:20:15.291541989) [Msg] 5.5, (2023-02-21T19:20:15.291556309) (2023-02-21T19:20:15.291563139) [Msg] 5, (2023-02-21T19:20:15.291578069) (2023-02-21T19:20:15.291584530) [Msg] 4.54545, (2023-02-21T19:20:15.291599270) (2023-02-21T19:20:15.291611700) [Msg] 
(2023-02-21T19:20:15.291624360) (2023-02-21T19:20:15.291630720) [Msg] phases:      0, 0, 0, 
(2023-02-21T19:20:15.291662471) (2023-02-21T19:20:15.291669201) [Msg] steepnesses: 0, 0, 0, 
(2023-02-21T19:20:15.291703361) (2023-02-21T19:20:15.291709191) [Msg] directions:  (2023-02-21T19:20:15.291721261) (2023-02-21T19:20:15.291728091) [Msg] 0.921061 -0.389418; (2023-02-21T19:20:15.291750252) (2023-02-21T19:20:15.291756692) [Msg] 1 0; (2023-02-21T19:20:15.291775592) (2023-02-21T19:20:15.291780932) [Msg] 0.921061 0.389418; (2023-02-21T19:20:15.291802353) (2023-02-21T19:20:15.291808033) [Msg] 
(2023-02-21T19:20:15.291836783) (2023-02-21T19:20:15.291842473) [Dbg] [Surface.cc:161] Surface plugin successfully configured with the following parameters:
(2023-02-21T19:20:15.291861353) (2023-02-21T19:20:15.291866723) [Dbg] [Surface.cc:163]   <link_name>: link
(2023-02-21T19:20:15.291884444) (2023-02-21T19:20:15.291889804) [Dbg] [Surface.cc:164]   <vehicle_length>: 6
(2023-02-21T19:20:15.291907274) (2023-02-21T19:20:15.291913044) [Dbg] [Surface.cc:165]   <vehicle_width>: 3.3
(2023-02-21T19:20:15.291931634) (2023-02-21T19:20:15.291937814) [Dbg] [Surface.cc:166]   <hull_radius>: 1.9
(2023-02-21T19:20:15.291956065) (2023-02-21T19:20:15.291962585) [Dbg] [Surface.cc:167]   <num_samples>: 2
(2023-02-21T19:20:15.291981625) (2023-02-21T19:20:15.291987595) [Dbg] [Surface.cc:168]   <fluid_level>: 0.45
(2023-02-21T19:20:15.292006925) (2023-02-21T19:20:15.292013605) [Dbg] [Surface.cc:169]   <fluid_density>: 997.774
(2023-02-21T19:20:15.292048676) (2023-02-21T19:20:15.292054646) [Dbg] [SystemManager.cc:58] Loaded system [ignition::gazebo::systems::Surface] for entity [24]
(2023-02-21T19:20:15.296787623) (2023-02-21T19:20:15.296796053) [Dbg] [SimpleHydrodynamics.cc:167] SimpleHydrodynamics plugin successfully configured with the following parameters:
(2023-02-21T19:20:15.296820263) (2023-02-21T19:20:15.296827083) [Dbg] [SimpleHydrodynamics.cc:169]   <link_name>: link
(2023-02-21T19:20:15.296847613) (2023-02-21T19:20:15.296854084) [Dbg] [SimpleHydrodynamics.cc:170]   <xDotU>: 0
(2023-02-21T19:20:15.296875804) (2023-02-21T19:20:15.296881774) [Dbg] [SimpleHydrodynamics.cc:171]   <yDotV>: 0
(2023-02-21T19:20:15.296900894) (2023-02-21T19:20:15.296907214) [Dbg] [SimpleHydrodynamics.cc:172]   <zDotW>: 0.1
(2023-02-21T19:20:15.296926855) (2023-02-21T19:20:15.296933225) [Dbg] [SimpleHydrodynamics.cc:173]   <kDotP>: 0.1
(2023-02-21T19:20:15.296953705) (2023-02-21T19:20:15.296960285) [Dbg] [SimpleHydrodynamics.cc:174]   <mDotQ>: 0.1
(2023-02-21T19:20:15.296977995) (2023-02-21T19:20:15.296983405) [Dbg] [SimpleHydrodynamics.cc:175]   <nDotR>: 0
(2023-02-21T19:20:15.297002546) (2023-02-21T19:20:15.297007906) [Dbg] [SimpleHydrodynamics.cc:176]   <xU>: 510.3
(2023-02-21T19:20:15.297025686) (2023-02-21T19:20:15.297031326) [Dbg] [SimpleHydrodynamics.cc:177]   <xUU>: 720.4
(2023-02-21T19:20:15.297048796) (2023-02-21T19:20:15.297055026) [Dbg] [SimpleHydrodynamics.cc:178]   <yV>: 400
(2023-02-21T19:20:15.297075837) (2023-02-21T19:20:15.297082797) [Dbg] [SimpleHydrodynamics.cc:179]   <yVV>: 0
(2023-02-21T19:20:15.297100127) (2023-02-21T19:20:15.297106867) [Dbg] [SimpleHydrodynamics.cc:180]   <zW>: 5000
(2023-02-21T19:20:15.297128507) (2023-02-21T19:20:15.297136428) [Dbg] [SimpleHydrodynamics.cc:181]   <zWW>: 0
(2023-02-21T19:20:15.297158988) (2023-02-21T19:20:15.297165548) [Dbg] [SimpleHydrodynamics.cc:182]   <kP>: 500
(2023-02-21T19:20:15.297185118) (2023-02-21T19:20:15.297191988) [Dbg] [SimpleHydrodynamics.cc:183]   <kPP>: 0
(2023-02-21T19:20:15.297211609) (2023-02-21T19:20:15.297217899) [Dbg] [SimpleHydrodynamics.cc:184]   <mQ>: 500
(2023-02-21T19:20:15.297237279) (2023-02-21T19:20:15.297243959) [Dbg] [SimpleHydrodynamics.cc:185]   <mQQ>: 0
(2023-02-21T19:20:15.297263329) (2023-02-21T19:20:15.297269849) [Dbg] [SimpleHydrodynamics.cc:186]   <nR>: 15000
(2023-02-21T19:20:15.297287180) (2023-02-21T19:20:15.297292600) [Dbg] [SimpleHydrodynamics.cc:187]   <nRR>: 0
(2023-02-21T19:20:15.297315030) (2023-02-21T19:20:15.297320540) [Dbg] [SystemManager.cc:58] Loaded system [ignition::gazebo::systems::SimpleHydrodynamics] for entity [24]
(2023-02-21T19:20:15.300036119) (2023-02-21T19:20:15.300047979) [Dbg] [SystemManager.cc:58] Loaded system [ignition::gazebo::systems::DetachableJoint] for entity [28]
(2023-02-21T19:20:15.300783100) (2023-02-21T19:20:15.300795530) [Dbg] [SystemManager.cc:58] Loaded system [ignition::gazebo::systems::DetachableJoint] for entity [44]
(2023-02-21T19:20:15.301987197) (2023-02-21T19:20:15.301999137) [Dbg] [SystemManager.cc:58] Loaded system [ignition::gazebo::systems::DetachableJoint] for entity [60]
(2023-02-21T19:20:15.303187044) (2023-02-21T19:20:15.303198884) [Dbg] [SystemManager.cc:58] Loaded system [ignition::gazebo::systems::DetachableJoint] for entity [112]
(2023-02-21T19:20:15.305363185) (2023-02-21T19:20:15.305370935) [Dbg] [SystemManager.cc:58] Loaded system [ignition::gazebo::systems::CommsEndpoint] for entity [164]
(2023-02-21T19:20:15.305537098) (2023-02-21T19:20:15.305543738) [Dbg] [SystemManager.cc:58] Loaded system [ignition::gazebo::systems::CommsEndpoint] for entity [164]
(2023-02-21T19:20:15.310065592) (2023-02-21T19:20:15.310075493) [Dbg] [SystemManager.cc:58] Loaded system [mbzirc::BaseStation] for entity [164]
(2023-02-21T19:20:15.316871698) (2023-02-21T19:20:15.316887188) [Msg] EntityDetector publishing messages on [/mbzirc/target_object_detector/dropped]
(2023-02-21T19:20:15.317152112) (2023-02-21T19:20:15.317166472) [Dbg] [SystemManager.cc:58] Loaded system [mbzirc::EntityDetector] for entity [168]
(2023-02-21T19:20:15.317324025) (2023-02-21T19:20:15.317337725) [Msg] Loaded level [3]
(2023-02-21T19:20:15.317873982) (2023-02-21T19:20:15.317891663) [Msg] Serving world controls on [/world/simple_demo/control], [/world/simple_demo/control/state] and [/world/simple_demo/playback/control]
(2023-02-21T19:20:15.318106266) (2023-02-21T19:20:15.318122066) [Msg] Serving GUI information on [/world/simple_demo/gui/info]
(2023-02-21T19:20:15.318192697) (2023-02-21T19:20:15.318208007) [Msg] World [simple_demo] initialized with [4ms] physics profile.
(2023-02-21T19:20:15.318430540) (2023-02-21T19:20:15.318446831) [Msg] Serving world SDF generation service on [/world/simple_demo/generate_world_sdf]
(2023-02-21T19:20:15.318599343) (2023-02-21T19:20:15.318613283) [Msg] Serving world names on [/gazebo/worlds]
(2023-02-21T19:20:15.318755855) (2023-02-21T19:20:15.318769925) [Msg] Resource path add service on [/gazebo/resource_paths/add].
(2023-02-21T19:20:15.419055701) (2023-02-21T19:20:15.419070921) [Msg] Resource path get service on [/gazebo/resource_paths/get].
(2023-02-21T19:20:15.419223403) (2023-02-21T19:20:15.419238213) [Msg] Resource path resolve service on [/gazebo/resource_paths/resolve].
(2023-02-21T19:20:15.419350065) (2023-02-21T19:20:15.419364115) [Msg] Resource paths published on [/gazebo/resource_paths].
(2023-02-21T19:20:15.419544948) (2023-02-21T19:20:15.419560098) [Msg] Server control service on [/server_control].
(2023-02-21T19:20:15.419735430) (2023-02-21T19:20:15.419748751) [Msg] Found no publishers on /stats, adding root stats topic
(2023-02-21T19:20:15.419883973) (2023-02-21T19:20:15.419897403) [Msg] Found no publishers on /clock, adding root clock topic
(2023-02-21T19:20:15.420143666) (2023-02-21T19:20:15.420161907) [Dbg] [SimulationRunner.cc:491] Creating PostUpdate worker threads: 13
(2023-02-21T19:20:15.420221137) (2023-02-21T19:20:15.420234398) [Dbg] [SimulationRunner.cc:502] Creating postupdate worker thread (0)
(2023-02-21T19:20:15.420345019) (2023-02-21T19:20:15.420358359) [Dbg] [SimulationRunner.cc:502] Creating postupdate worker thread (1)
(2023-02-21T19:20:15.420439411) (2023-02-21T19:20:15.420451551) [Dbg] [SimulationRunner.cc:502] Creating postupdate worker thread (2)
(2023-02-21T19:20:15.420535622) (2023-02-21T19:20:15.420548292) [Dbg] [SimulationRunner.cc:502] Creating postupdate worker thread (3)
(2023-02-21T19:20:15.420618773) (2023-02-21T19:20:15.420630403) [Dbg] [SimulationRunner.cc:502] Creating postupdate worker thread (4)
(2023-02-21T19:20:15.420704684) (2023-02-21T19:20:15.420718104) [Dbg] [SimulationRunner.cc:502] Creating postupdate worker thread (5)
(2023-02-21T19:20:15.420802496) (2023-02-21T19:20:15.420814926) [Dbg] [SimulationRunner.cc:502] Creating postupdate worker thread (6)
(2023-02-21T19:20:15.420885687) (2023-02-21T19:20:15.420898677) [Dbg] [SimulationRunner.cc:502] Creating postupdate worker thread (7)
(2023-02-21T19:20:15.420968418) (2023-02-21T19:20:15.420981118) [Dbg] [SimulationRunner.cc:502] Creating postupdate worker thread (8)
(2023-02-21T19:20:15.421051859) (2023-02-21T19:20:15.421064509) [Dbg] [SimulationRunner.cc:502] Creating postupdate worker thread (9)
(2023-02-21T19:20:15.421132720) (2023-02-21T19:20:15.421145611) [Dbg] [SimulationRunner.cc:502] Creating postupdate worker thread (10)
(2023-02-21T19:20:15.421216852) (2023-02-21T19:20:15.421229302) [Dbg] [SimulationRunner.cc:502] Creating postupdate worker thread (11)
(2023-02-21T19:20:15.520399751) (2023-02-21T19:20:15.520421772) [Msg] Particle emitter[simple_demo::dust_storm::link::dust_storm] subscribed to command messages on topic[/model/dust_storm/link/link/particle_emitter/dust_storm/cmd]
(2023-02-21T19:20:15.520694946) (2023-02-21T19:20:15.520716886) [Msg] Particle emitter[simple_demo::fog::link::fog] subscribed to command messages on topic[/model/fog/link/link/particle_emitter/fog/cmd]
(2023-02-21T19:20:15.523320883) (2023-02-21T19:20:15.523337003) [Msg] DetachableJoint subscribing to messages on [/Vessel_A/detach]
(2023-02-21T19:20:15.523477835) (2023-02-21T19:20:15.523490616) [Msg] DetachableJoint subscribing to messages on [/Vessel_A/detach]
(2023-02-21T19:20:15.523609657) (2023-02-21T19:20:15.523623017) [Msg] DetachableJoint subscribing to messages on [/Vessel_A/detach]
(2023-02-21T19:20:15.523741329) (2023-02-21T19:20:15.523754879) [Msg] DetachableJoint subscribing to messages on [/Vessel_A/detach]
(2023-02-21T19:20:15.523939002) (2023-02-21T19:20:15.523952192) [Msg] Address [base_station/target] bound to model [base_station] on topic [base_station/target]
(2023-02-21T19:20:15.524020713) (2023-02-21T19:20:15.524033493) [Dbg] [CommsEndpoint.cc:89] Succesfuly bound to [base_station/target] on topic [base_station/target]
(2023-02-21T19:20:15.524157145) (2023-02-21T19:20:15.524170715) [Msg] Address [base_station/video] bound to model [base_station] on topic [base_station/video]
(2023-02-21T19:20:15.524234156) (2023-02-21T19:20:15.524245916) [Dbg] [CommsEndpoint.cc:89] Succesfuly bound to [base_station/video] on topic [base_station/video]
(2023-02-21T19:20:15.601904310) (2023-02-21T19:20:15.601915331) [Dbg] [Physics.cc:1593] Creating detachable joint [170]
(2023-02-21T19:20:15.602056362) (2023-02-21T19:20:15.602062883) [Dbg] [Physics.cc:1593] Creating detachable joint [171]
(2023-02-21T19:20:15.602167494) (2023-02-21T19:20:15.602174304) [Dbg] [Physics.cc:1593] Creating detachable joint [172]
(2023-02-21T19:20:15.602445368) (2023-02-21T19:20:15.602452708) [Dbg] [Physics.cc:1593] Creating detachable joint [173]
(2023-02-21T19:20:15.603608224) (2023-02-21T19:20:15.603615355) [Dbg] [SimulationFeatures.cc:63] Simulation timestep set to: 0.004
(2023-02-21T19:20:15.614783774) (2023-02-21T19:20:15.614811705) [Msg] Serving scene information on [/world/simple_demo/scene/info]
(2023-02-21T19:20:15.615024228) (2023-02-21T19:20:15.615045118) [Msg] Serving graph information on [/world/simple_demo/scene/graph]
(2023-02-21T19:20:15.615233821) (2023-02-21T19:20:15.615251491) [Msg] Serving full state on [/world/simple_demo/state]
(2023-02-21T19:20:15.615407383) (2023-02-21T19:20:15.615425403) [Msg] Serving full state (async) on [/world/simple_demo/state_async]
(2023-02-21T19:20:15.615607306) (2023-02-21T19:20:15.615625926) [Msg] Publishing scene information on [/world/simple_demo/scene/info]
(2023-02-21T19:20:15.615826529) (2023-02-21T19:20:15.615846379) [Msg] Publishing entity deletions on [/world/simple_demo/scene/deletion]
(2023-02-21T19:20:15.615996782) (2023-02-21T19:20:15.616015022) [Msg] Publishing state changes on [/world/simple_demo/state]
(2023-02-21T19:20:15.616182794) (2023-02-21T19:20:15.616202495) [Msg] Publishing pose messages on [/world/simple_demo/pose/info]
(2023-02-21T19:20:15.616380427) (2023-02-21T19:20:15.616397917) [Msg] (2023-02-21T19:20:15.616443118) (2023-02-21T19:20:15.616461758) Publishing dynamic pose messages on [[Wrn] [Model.hh:69] /world/simple_demo/Skipping serialization / deserialization for models dynamic_pose/info]with //pose/@relative_to attribute.

(2023-02-21T19:20:15.616930605) (2023-02-21T19:20:15.616965745) [Dbg] [EntityComponentManager.cc:1587] Updated state thread iterators: 24 threads processing around 8 entities each.
(2023-02-21T19:20:15.617692996) (2023-02-21T19:20:15.617708156) [Wrn] [Component.hh:144] Trying to serialize component with data type [N3sdf3v125WorldE], which doesn't have `operator<<`. Component will not be serialized.
(2023-02-21T19:20:15.642149262) (2023-02-21T19:20:15.642165443) [Dbg] [EntityComponentManager.cc:1587] Updated state thread iterators: 24 threads processing around 8 entities each.
(2023-02-21T19:30:18.337586576) (2023-02-21T19:30:18.337602366) [Msg] Scoring has Started
(2023-02-21T20:04:14.586023201) (2023-02-21T20:04:14.586046871) [Dbg] [SignalHandler.cc:141] Received signal[2].
(2023-02-21T20:04:14.586096961) (2023-02-21T20:04:14.586111511) [Dbg] [ServerPrivate.cc:110] Server received signal[2]
(2023-02-21T20:04:14.586154021) (2023-02-21T20:04:14.586169091) [Dbg] [Sensors.cc:406] SensorsPrivate::Stop
(2023-02-21T20:04:14.586259201) (2023-02-21T20:04:14.586285671) [Dbg] [Sensors.cc:254] Rendering Thread initialized
(2023-02-21T20:04:14.586335611) (2023-02-21T20:04:14.586353471) [Dbg] [Sensors.cc:392] SensorsPrivate::RenderThread stopped
(2023-02-21T20:04:14.586668082) (2023-02-21T20:04:14.586686262) [Dbg] [ign.cc:410] Shutting down ign-gazebo-server
((((2023-02-21T20:04:14.589541935) ((2023-02-21T20:04:14.589570815) (2023-02-21T20:04:14.589599935) (2023-02-21T20:04:14.589619545) 2023-02-21T20:04:14.589547315) (2023-02-21T20:04:14.589676395) (((2023-02-21T20:04:14.589760275(2023-02-21T20:04:14.589799475) ((2023-02-21T20:04:14.589833645) ([Dbg] [SimulationRunner.cc:518] 2023-02-21T20:04:14.589736985) (2023-02-21T20:04:14.589928256) 2023-02-21T20:04:14.589883196) ((((2023-02-21T20:04:14.590003296) (2023-02-21T20:04:14.590027656) Exiting postupdate worker thread (2023-02-21T20:04:14.5899909965)) )) )) 2023-02-21T20:04:14.589979896(2023-02-21T20:04:14.590099816) ) (2023-02-21T20:04:14.590151536) ) (2023-02-21T20:04:14.590203106) ) (2023-02-21T20:04:14.590251746) ) ) (2023-02-21T20:04:14.590321646) 
[Dbg] [SimulationRunner.cc:518] Exiting postupdate worker thread (Exiting postupdate worker thread (8)
[Dbg] [SimulationRunner.cc:518] Exiting postupdate worker thread (4)
[Dbg] [SimulationRunner.cc:518] Exiting postupdate worker thread (11)
[Dbg] [SimulationRunner.cc:518] [Dbg] [SimulationRunner.cc:518] [Dbg] [SimulationRunner.cc:518] [Dbg] [SimulationRunner.cc:518] [Dbg] [SimulationRunner.cc:518] [Dbg] [SimulationRunner.cc:518] 10Exiting postupdate worker thread (9)
[Dbg] [SimulationRunner.cc:518] [Dbg] [SimulationRunner.cc:518] [Dbg] [SimulationRunner.cc:518] Exiting postupdate worker thread (6Exiting postupdate worker thread (Exiting postupdate worker thread (3)
))
Exiting postupdate worker thread (Exiting postupdate worker thread (7)
1)

Exiting postupdate worker thread (2)
[Dbg] [SimulationRunner.cc:518] Exiting postupdate worker thread (0)
(2023-02-21T20:04:14.636367745) (2023-02-21T20:04:14.636382995) [Dbg] [Sensors.cc:406] SensorsPrivate::Stop
(2023-02-21T20:04:14.644511264) (2023-02-21T20:04:14.644524124) [Msg] Stopping recording
(2023-02-21T20:04:14.645072825) (2023-02-21T20:04:14.645083625) [Msg] Scoring has finished. Elapsed real time: 2036 seconds. Elapsed sim time: 2027 seconds. 
